[2024-03-13T06:40:20.107+0000] {processor.py:161} INFO - Started process (PID=449) to work on /home/airflow/.local/lib/python3.8/site-packages/airflow/example_dags/example_branch_operator.py
[2024-03-13T06:40:20.108+0000] {processor.py:830} INFO - Processing file /home/airflow/.local/lib/python3.8/site-packages/airflow/example_dags/example_branch_operator.py for tasks to queue
[2024-03-13T06:40:20.109+0000] {logging_mixin.py:188} INFO - [2024-03-13T06:40:20.109+0000] {dagbag.py:540} INFO - Filling up the DagBag from /home/airflow/.local/lib/python3.8/site-packages/airflow/example_dags/example_branch_operator.py
[2024-03-13T06:40:20.125+0000] {processor.py:840} INFO - DAG(s) 'example_branch_operator' retrieved from /home/airflow/.local/lib/python3.8/site-packages/airflow/example_dags/example_branch_operator.py
[2024-03-13T06:40:20.148+0000] {logging_mixin.py:188} INFO - [2024-03-13T06:40:20.148+0000] {dag.py:3047} INFO - Sync 1 DAGs
[2024-03-13T06:40:20.167+0000] {logging_mixin.py:188} INFO - [2024-03-13T06:40:20.166+0000] {dag.py:3834} INFO - Setting next_dagrun for example_branch_operator to 2024-03-12 00:00:00+00:00, run_after=2024-03-13 00:00:00+00:00
[2024-03-13T06:40:20.182+0000] {processor.py:183} INFO - Processing /home/airflow/.local/lib/python3.8/site-packages/airflow/example_dags/example_branch_operator.py took 0.078 seconds
[2024-03-13T06:40:50.470+0000] {processor.py:161} INFO - Started process (PID=505) to work on /home/airflow/.local/lib/python3.8/site-packages/airflow/example_dags/example_branch_operator.py
[2024-03-13T06:40:50.471+0000] {processor.py:830} INFO - Processing file /home/airflow/.local/lib/python3.8/site-packages/airflow/example_dags/example_branch_operator.py for tasks to queue
[2024-03-13T06:40:50.471+0000] {logging_mixin.py:188} INFO - [2024-03-13T06:40:50.471+0000] {dagbag.py:540} INFO - Filling up the DagBag from /home/airflow/.local/lib/python3.8/site-packages/airflow/example_dags/example_branch_operator.py
[2024-03-13T06:40:50.484+0000] {processor.py:840} INFO - DAG(s) 'example_branch_operator' retrieved from /home/airflow/.local/lib/python3.8/site-packages/airflow/example_dags/example_branch_operator.py
[2024-03-13T06:40:50.504+0000] {logging_mixin.py:188} INFO - [2024-03-13T06:40:50.504+0000] {dag.py:3047} INFO - Sync 1 DAGs
[2024-03-13T06:40:50.522+0000] {logging_mixin.py:188} INFO - [2024-03-13T06:40:50.522+0000] {dag.py:3834} INFO - Setting next_dagrun for example_branch_operator to 2024-03-12 00:00:00+00:00, run_after=2024-03-13 00:00:00+00:00
[2024-03-13T06:40:50.537+0000] {processor.py:183} INFO - Processing /home/airflow/.local/lib/python3.8/site-packages/airflow/example_dags/example_branch_operator.py took 0.069 seconds
[2024-03-13T06:41:21.064+0000] {processor.py:161} INFO - Started process (PID=561) to work on /home/airflow/.local/lib/python3.8/site-packages/airflow/example_dags/example_branch_operator.py
[2024-03-13T06:41:21.065+0000] {processor.py:830} INFO - Processing file /home/airflow/.local/lib/python3.8/site-packages/airflow/example_dags/example_branch_operator.py for tasks to queue
[2024-03-13T06:41:21.067+0000] {logging_mixin.py:188} INFO - [2024-03-13T06:41:21.067+0000] {dagbag.py:540} INFO - Filling up the DagBag from /home/airflow/.local/lib/python3.8/site-packages/airflow/example_dags/example_branch_operator.py
[2024-03-13T06:41:21.080+0000] {processor.py:840} INFO - DAG(s) 'example_branch_operator' retrieved from /home/airflow/.local/lib/python3.8/site-packages/airflow/example_dags/example_branch_operator.py
[2024-03-13T06:41:21.103+0000] {logging_mixin.py:188} INFO - [2024-03-13T06:41:21.103+0000] {dag.py:3047} INFO - Sync 1 DAGs
[2024-03-13T06:41:21.122+0000] {logging_mixin.py:188} INFO - [2024-03-13T06:41:21.121+0000] {dag.py:3834} INFO - Setting next_dagrun for example_branch_operator to 2024-03-12 00:00:00+00:00, run_after=2024-03-13 00:00:00+00:00
[2024-03-13T06:41:21.139+0000] {processor.py:183} INFO - Processing /home/airflow/.local/lib/python3.8/site-packages/airflow/example_dags/example_branch_operator.py took 0.077 seconds
[2024-03-13T06:41:51.702+0000] {processor.py:161} INFO - Started process (PID=617) to work on /home/airflow/.local/lib/python3.8/site-packages/airflow/example_dags/example_branch_operator.py
[2024-03-13T06:41:51.703+0000] {processor.py:830} INFO - Processing file /home/airflow/.local/lib/python3.8/site-packages/airflow/example_dags/example_branch_operator.py for tasks to queue
[2024-03-13T06:41:51.704+0000] {logging_mixin.py:188} INFO - [2024-03-13T06:41:51.704+0000] {dagbag.py:540} INFO - Filling up the DagBag from /home/airflow/.local/lib/python3.8/site-packages/airflow/example_dags/example_branch_operator.py
[2024-03-13T06:41:51.717+0000] {processor.py:840} INFO - DAG(s) 'example_branch_operator' retrieved from /home/airflow/.local/lib/python3.8/site-packages/airflow/example_dags/example_branch_operator.py
[2024-03-13T06:41:51.740+0000] {logging_mixin.py:188} INFO - [2024-03-13T06:41:51.740+0000] {dag.py:3047} INFO - Sync 1 DAGs
[2024-03-13T06:41:51.758+0000] {logging_mixin.py:188} INFO - [2024-03-13T06:41:51.758+0000] {dag.py:3834} INFO - Setting next_dagrun for example_branch_operator to 2024-03-12 00:00:00+00:00, run_after=2024-03-13 00:00:00+00:00
[2024-03-13T06:41:51.775+0000] {processor.py:183} INFO - Processing /home/airflow/.local/lib/python3.8/site-packages/airflow/example_dags/example_branch_operator.py took 0.076 seconds
[2024-03-13T06:42:21.958+0000] {processor.py:161} INFO - Started process (PID=673) to work on /home/airflow/.local/lib/python3.8/site-packages/airflow/example_dags/example_branch_operator.py
[2024-03-13T06:42:21.959+0000] {processor.py:830} INFO - Processing file /home/airflow/.local/lib/python3.8/site-packages/airflow/example_dags/example_branch_operator.py for tasks to queue
[2024-03-13T06:42:21.960+0000] {logging_mixin.py:188} INFO - [2024-03-13T06:42:21.960+0000] {dagbag.py:540} INFO - Filling up the DagBag from /home/airflow/.local/lib/python3.8/site-packages/airflow/example_dags/example_branch_operator.py
[2024-03-13T06:42:21.973+0000] {processor.py:840} INFO - DAG(s) 'example_branch_operator' retrieved from /home/airflow/.local/lib/python3.8/site-packages/airflow/example_dags/example_branch_operator.py
[2024-03-13T06:42:21.994+0000] {logging_mixin.py:188} INFO - [2024-03-13T06:42:21.994+0000] {dag.py:3047} INFO - Sync 1 DAGs
[2024-03-13T06:42:22.012+0000] {logging_mixin.py:188} INFO - [2024-03-13T06:42:22.012+0000] {dag.py:3834} INFO - Setting next_dagrun for example_branch_operator to 2024-03-12 00:00:00+00:00, run_after=2024-03-13 00:00:00+00:00
[2024-03-13T06:42:22.029+0000] {processor.py:183} INFO - Processing /home/airflow/.local/lib/python3.8/site-packages/airflow/example_dags/example_branch_operator.py took 0.074 seconds
[2024-03-13T06:42:52.200+0000] {processor.py:161} INFO - Started process (PID=729) to work on /home/airflow/.local/lib/python3.8/site-packages/airflow/example_dags/example_branch_operator.py
[2024-03-13T06:42:52.200+0000] {processor.py:830} INFO - Processing file /home/airflow/.local/lib/python3.8/site-packages/airflow/example_dags/example_branch_operator.py for tasks to queue
[2024-03-13T06:42:52.201+0000] {logging_mixin.py:188} INFO - [2024-03-13T06:42:52.201+0000] {dagbag.py:540} INFO - Filling up the DagBag from /home/airflow/.local/lib/python3.8/site-packages/airflow/example_dags/example_branch_operator.py
[2024-03-13T06:42:52.221+0000] {processor.py:840} INFO - DAG(s) 'example_branch_operator' retrieved from /home/airflow/.local/lib/python3.8/site-packages/airflow/example_dags/example_branch_operator.py
[2024-03-13T06:42:52.245+0000] {logging_mixin.py:188} INFO - [2024-03-13T06:42:52.244+0000] {dag.py:3047} INFO - Sync 1 DAGs
[2024-03-13T06:42:52.261+0000] {logging_mixin.py:188} INFO - [2024-03-13T06:42:52.261+0000] {dag.py:3834} INFO - Setting next_dagrun for example_branch_operator to 2024-03-12 00:00:00+00:00, run_after=2024-03-13 00:00:00+00:00
[2024-03-13T06:42:52.277+0000] {processor.py:183} INFO - Processing /home/airflow/.local/lib/python3.8/site-packages/airflow/example_dags/example_branch_operator.py took 0.079 seconds
[2024-03-13T06:43:22.605+0000] {processor.py:161} INFO - Started process (PID=785) to work on /home/airflow/.local/lib/python3.8/site-packages/airflow/example_dags/example_branch_operator.py
[2024-03-13T06:43:22.606+0000] {processor.py:830} INFO - Processing file /home/airflow/.local/lib/python3.8/site-packages/airflow/example_dags/example_branch_operator.py for tasks to queue
[2024-03-13T06:43:22.607+0000] {logging_mixin.py:188} INFO - [2024-03-13T06:43:22.607+0000] {dagbag.py:540} INFO - Filling up the DagBag from /home/airflow/.local/lib/python3.8/site-packages/airflow/example_dags/example_branch_operator.py
[2024-03-13T06:43:22.620+0000] {processor.py:840} INFO - DAG(s) 'example_branch_operator' retrieved from /home/airflow/.local/lib/python3.8/site-packages/airflow/example_dags/example_branch_operator.py
[2024-03-13T06:43:22.643+0000] {logging_mixin.py:188} INFO - [2024-03-13T06:43:22.643+0000] {dag.py:3047} INFO - Sync 1 DAGs
[2024-03-13T06:43:22.660+0000] {logging_mixin.py:188} INFO - [2024-03-13T06:43:22.660+0000] {dag.py:3834} INFO - Setting next_dagrun for example_branch_operator to 2024-03-12 00:00:00+00:00, run_after=2024-03-13 00:00:00+00:00
[2024-03-13T06:43:22.676+0000] {processor.py:183} INFO - Processing /home/airflow/.local/lib/python3.8/site-packages/airflow/example_dags/example_branch_operator.py took 0.073 seconds
[2024-03-13T06:43:53.295+0000] {processor.py:161} INFO - Started process (PID=841) to work on /home/airflow/.local/lib/python3.8/site-packages/airflow/example_dags/example_branch_operator.py
[2024-03-13T06:43:53.296+0000] {processor.py:830} INFO - Processing file /home/airflow/.local/lib/python3.8/site-packages/airflow/example_dags/example_branch_operator.py for tasks to queue
[2024-03-13T06:43:53.297+0000] {logging_mixin.py:188} INFO - [2024-03-13T06:43:53.297+0000] {dagbag.py:540} INFO - Filling up the DagBag from /home/airflow/.local/lib/python3.8/site-packages/airflow/example_dags/example_branch_operator.py
[2024-03-13T06:43:53.310+0000] {processor.py:840} INFO - DAG(s) 'example_branch_operator' retrieved from /home/airflow/.local/lib/python3.8/site-packages/airflow/example_dags/example_branch_operator.py
[2024-03-13T06:43:53.330+0000] {logging_mixin.py:188} INFO - [2024-03-13T06:43:53.330+0000] {dag.py:3047} INFO - Sync 1 DAGs
[2024-03-13T06:43:53.349+0000] {logging_mixin.py:188} INFO - [2024-03-13T06:43:53.349+0000] {dag.py:3834} INFO - Setting next_dagrun for example_branch_operator to 2024-03-12 00:00:00+00:00, run_after=2024-03-13 00:00:00+00:00
[2024-03-13T06:43:53.368+0000] {processor.py:183} INFO - Processing /home/airflow/.local/lib/python3.8/site-packages/airflow/example_dags/example_branch_operator.py took 0.075 seconds
[2024-03-13T06:44:23.442+0000] {processor.py:161} INFO - Started process (PID=897) to work on /home/airflow/.local/lib/python3.8/site-packages/airflow/example_dags/example_branch_operator.py
[2024-03-13T06:44:23.442+0000] {processor.py:830} INFO - Processing file /home/airflow/.local/lib/python3.8/site-packages/airflow/example_dags/example_branch_operator.py for tasks to queue
[2024-03-13T06:44:23.443+0000] {logging_mixin.py:188} INFO - [2024-03-13T06:44:23.443+0000] {dagbag.py:540} INFO - Filling up the DagBag from /home/airflow/.local/lib/python3.8/site-packages/airflow/example_dags/example_branch_operator.py
[2024-03-13T06:44:23.456+0000] {processor.py:840} INFO - DAG(s) 'example_branch_operator' retrieved from /home/airflow/.local/lib/python3.8/site-packages/airflow/example_dags/example_branch_operator.py
[2024-03-13T06:44:23.478+0000] {logging_mixin.py:188} INFO - [2024-03-13T06:44:23.478+0000] {dag.py:3047} INFO - Sync 1 DAGs
[2024-03-13T06:44:23.496+0000] {logging_mixin.py:188} INFO - [2024-03-13T06:44:23.496+0000] {dag.py:3834} INFO - Setting next_dagrun for example_branch_operator to 2024-03-12 00:00:00+00:00, run_after=2024-03-13 00:00:00+00:00
[2024-03-13T06:44:23.513+0000] {processor.py:183} INFO - Processing /home/airflow/.local/lib/python3.8/site-packages/airflow/example_dags/example_branch_operator.py took 0.074 seconds
[2024-03-13T06:44:53.864+0000] {processor.py:161} INFO - Started process (PID=953) to work on /home/airflow/.local/lib/python3.8/site-packages/airflow/example_dags/example_branch_operator.py
[2024-03-13T06:44:53.865+0000] {processor.py:830} INFO - Processing file /home/airflow/.local/lib/python3.8/site-packages/airflow/example_dags/example_branch_operator.py for tasks to queue
[2024-03-13T06:44:53.866+0000] {logging_mixin.py:188} INFO - [2024-03-13T06:44:53.866+0000] {dagbag.py:540} INFO - Filling up the DagBag from /home/airflow/.local/lib/python3.8/site-packages/airflow/example_dags/example_branch_operator.py
[2024-03-13T06:44:53.887+0000] {processor.py:840} INFO - DAG(s) 'example_branch_operator' retrieved from /home/airflow/.local/lib/python3.8/site-packages/airflow/example_dags/example_branch_operator.py
[2024-03-13T06:44:53.926+0000] {logging_mixin.py:188} INFO - [2024-03-13T06:44:53.925+0000] {dag.py:3047} INFO - Sync 1 DAGs
[2024-03-13T06:44:53.961+0000] {logging_mixin.py:188} INFO - [2024-03-13T06:44:53.961+0000] {dag.py:3834} INFO - Setting next_dagrun for example_branch_operator to 2024-03-12 00:00:00+00:00, run_after=2024-03-13 00:00:00+00:00
[2024-03-13T06:44:54.005+0000] {processor.py:183} INFO - Processing /home/airflow/.local/lib/python3.8/site-packages/airflow/example_dags/example_branch_operator.py took 0.144 seconds
[2024-03-13T06:45:24.109+0000] {processor.py:161} INFO - Started process (PID=1010) to work on /home/airflow/.local/lib/python3.8/site-packages/airflow/example_dags/example_branch_operator.py
[2024-03-13T06:45:24.110+0000] {processor.py:830} INFO - Processing file /home/airflow/.local/lib/python3.8/site-packages/airflow/example_dags/example_branch_operator.py for tasks to queue
[2024-03-13T06:45:24.111+0000] {logging_mixin.py:188} INFO - [2024-03-13T06:45:24.111+0000] {dagbag.py:540} INFO - Filling up the DagBag from /home/airflow/.local/lib/python3.8/site-packages/airflow/example_dags/example_branch_operator.py
[2024-03-13T06:45:24.127+0000] {processor.py:840} INFO - DAG(s) 'example_branch_operator' retrieved from /home/airflow/.local/lib/python3.8/site-packages/airflow/example_dags/example_branch_operator.py
[2024-03-13T06:45:24.149+0000] {logging_mixin.py:188} INFO - [2024-03-13T06:45:24.149+0000] {dag.py:3047} INFO - Sync 1 DAGs
[2024-03-13T06:45:24.167+0000] {logging_mixin.py:188} INFO - [2024-03-13T06:45:24.167+0000] {dag.py:3834} INFO - Setting next_dagrun for example_branch_operator to 2024-03-12 00:00:00+00:00, run_after=2024-03-13 00:00:00+00:00
[2024-03-13T06:45:24.186+0000] {processor.py:183} INFO - Processing /home/airflow/.local/lib/python3.8/site-packages/airflow/example_dags/example_branch_operator.py took 0.079 seconds
[2024-03-13T06:45:54.410+0000] {processor.py:161} INFO - Started process (PID=1066) to work on /home/airflow/.local/lib/python3.8/site-packages/airflow/example_dags/example_branch_operator.py
[2024-03-13T06:45:54.411+0000] {processor.py:830} INFO - Processing file /home/airflow/.local/lib/python3.8/site-packages/airflow/example_dags/example_branch_operator.py for tasks to queue
[2024-03-13T06:45:54.411+0000] {logging_mixin.py:188} INFO - [2024-03-13T06:45:54.411+0000] {dagbag.py:540} INFO - Filling up the DagBag from /home/airflow/.local/lib/python3.8/site-packages/airflow/example_dags/example_branch_operator.py
[2024-03-13T06:45:54.426+0000] {processor.py:840} INFO - DAG(s) 'example_branch_operator' retrieved from /home/airflow/.local/lib/python3.8/site-packages/airflow/example_dags/example_branch_operator.py
[2024-03-13T06:45:54.448+0000] {logging_mixin.py:188} INFO - [2024-03-13T06:45:54.448+0000] {dag.py:3047} INFO - Sync 1 DAGs
[2024-03-13T06:45:54.466+0000] {logging_mixin.py:188} INFO - [2024-03-13T06:45:54.466+0000] {dag.py:3834} INFO - Setting next_dagrun for example_branch_operator to 2024-03-12 00:00:00+00:00, run_after=2024-03-13 00:00:00+00:00
[2024-03-13T06:45:54.483+0000] {processor.py:183} INFO - Processing /home/airflow/.local/lib/python3.8/site-packages/airflow/example_dags/example_branch_operator.py took 0.076 seconds
[2024-03-13T06:46:25.126+0000] {processor.py:161} INFO - Started process (PID=1122) to work on /home/airflow/.local/lib/python3.8/site-packages/airflow/example_dags/example_branch_operator.py
[2024-03-13T06:46:25.127+0000] {processor.py:830} INFO - Processing file /home/airflow/.local/lib/python3.8/site-packages/airflow/example_dags/example_branch_operator.py for tasks to queue
[2024-03-13T06:46:25.128+0000] {logging_mixin.py:188} INFO - [2024-03-13T06:46:25.128+0000] {dagbag.py:540} INFO - Filling up the DagBag from /home/airflow/.local/lib/python3.8/site-packages/airflow/example_dags/example_branch_operator.py
[2024-03-13T06:46:25.142+0000] {processor.py:840} INFO - DAG(s) 'example_branch_operator' retrieved from /home/airflow/.local/lib/python3.8/site-packages/airflow/example_dags/example_branch_operator.py
[2024-03-13T06:46:25.164+0000] {logging_mixin.py:188} INFO - [2024-03-13T06:46:25.164+0000] {dag.py:3047} INFO - Sync 1 DAGs
[2024-03-13T06:46:25.182+0000] {logging_mixin.py:188} INFO - [2024-03-13T06:46:25.182+0000] {dag.py:3834} INFO - Setting next_dagrun for example_branch_operator to 2024-03-12 00:00:00+00:00, run_after=2024-03-13 00:00:00+00:00
[2024-03-13T06:46:25.200+0000] {processor.py:183} INFO - Processing /home/airflow/.local/lib/python3.8/site-packages/airflow/example_dags/example_branch_operator.py took 0.077 seconds
[2024-03-13T06:46:55.403+0000] {processor.py:161} INFO - Started process (PID=1185) to work on /home/airflow/.local/lib/python3.8/site-packages/airflow/example_dags/example_branch_operator.py
[2024-03-13T06:46:55.404+0000] {processor.py:830} INFO - Processing file /home/airflow/.local/lib/python3.8/site-packages/airflow/example_dags/example_branch_operator.py for tasks to queue
[2024-03-13T06:46:55.404+0000] {logging_mixin.py:188} INFO - [2024-03-13T06:46:55.404+0000] {dagbag.py:540} INFO - Filling up the DagBag from /home/airflow/.local/lib/python3.8/site-packages/airflow/example_dags/example_branch_operator.py
[2024-03-13T06:46:55.419+0000] {processor.py:840} INFO - DAG(s) 'example_branch_operator' retrieved from /home/airflow/.local/lib/python3.8/site-packages/airflow/example_dags/example_branch_operator.py
[2024-03-13T06:46:55.443+0000] {logging_mixin.py:188} INFO - [2024-03-13T06:46:55.442+0000] {dag.py:3047} INFO - Sync 1 DAGs
[2024-03-13T06:46:55.461+0000] {logging_mixin.py:188} INFO - [2024-03-13T06:46:55.461+0000] {dag.py:3834} INFO - Setting next_dagrun for example_branch_operator to 2024-03-12 00:00:00+00:00, run_after=2024-03-13 00:00:00+00:00
[2024-03-13T06:46:55.478+0000] {processor.py:183} INFO - Processing /home/airflow/.local/lib/python3.8/site-packages/airflow/example_dags/example_branch_operator.py took 0.078 seconds
[2024-03-13T06:47:25.982+0000] {processor.py:161} INFO - Started process (PID=1241) to work on /home/airflow/.local/lib/python3.8/site-packages/airflow/example_dags/example_branch_operator.py
[2024-03-13T06:47:25.983+0000] {processor.py:830} INFO - Processing file /home/airflow/.local/lib/python3.8/site-packages/airflow/example_dags/example_branch_operator.py for tasks to queue
[2024-03-13T06:47:25.984+0000] {logging_mixin.py:188} INFO - [2024-03-13T06:47:25.984+0000] {dagbag.py:540} INFO - Filling up the DagBag from /home/airflow/.local/lib/python3.8/site-packages/airflow/example_dags/example_branch_operator.py
[2024-03-13T06:47:26.004+0000] {processor.py:840} INFO - DAG(s) 'example_branch_operator' retrieved from /home/airflow/.local/lib/python3.8/site-packages/airflow/example_dags/example_branch_operator.py
[2024-03-13T06:47:26.034+0000] {logging_mixin.py:188} INFO - [2024-03-13T06:47:26.034+0000] {dag.py:3047} INFO - Sync 1 DAGs
[2024-03-13T06:47:26.059+0000] {logging_mixin.py:188} INFO - [2024-03-13T06:47:26.058+0000] {dag.py:3834} INFO - Setting next_dagrun for example_branch_operator to 2024-03-12 00:00:00+00:00, run_after=2024-03-13 00:00:00+00:00
[2024-03-13T06:47:26.082+0000] {processor.py:183} INFO - Processing /home/airflow/.local/lib/python3.8/site-packages/airflow/example_dags/example_branch_operator.py took 0.102 seconds
[2024-03-13T06:47:56.877+0000] {processor.py:161} INFO - Started process (PID=1297) to work on /home/airflow/.local/lib/python3.8/site-packages/airflow/example_dags/example_branch_operator.py
[2024-03-13T06:47:56.878+0000] {processor.py:830} INFO - Processing file /home/airflow/.local/lib/python3.8/site-packages/airflow/example_dags/example_branch_operator.py for tasks to queue
[2024-03-13T06:47:56.879+0000] {logging_mixin.py:188} INFO - [2024-03-13T06:47:56.879+0000] {dagbag.py:540} INFO - Filling up the DagBag from /home/airflow/.local/lib/python3.8/site-packages/airflow/example_dags/example_branch_operator.py
[2024-03-13T06:47:56.894+0000] {processor.py:840} INFO - DAG(s) 'example_branch_operator' retrieved from /home/airflow/.local/lib/python3.8/site-packages/airflow/example_dags/example_branch_operator.py
[2024-03-13T06:47:56.925+0000] {logging_mixin.py:188} INFO - [2024-03-13T06:47:56.925+0000] {dag.py:3047} INFO - Sync 1 DAGs
[2024-03-13T06:47:56.947+0000] {logging_mixin.py:188} INFO - [2024-03-13T06:47:56.947+0000] {dag.py:3834} INFO - Setting next_dagrun for example_branch_operator to 2024-03-12 00:00:00+00:00, run_after=2024-03-13 00:00:00+00:00
[2024-03-13T06:47:56.973+0000] {processor.py:183} INFO - Processing /home/airflow/.local/lib/python3.8/site-packages/airflow/example_dags/example_branch_operator.py took 0.099 seconds
[2024-03-13T06:48:27.278+0000] {processor.py:161} INFO - Started process (PID=1353) to work on /home/airflow/.local/lib/python3.8/site-packages/airflow/example_dags/example_branch_operator.py
[2024-03-13T06:48:27.279+0000] {processor.py:830} INFO - Processing file /home/airflow/.local/lib/python3.8/site-packages/airflow/example_dags/example_branch_operator.py for tasks to queue
[2024-03-13T06:48:27.280+0000] {logging_mixin.py:188} INFO - [2024-03-13T06:48:27.280+0000] {dagbag.py:540} INFO - Filling up the DagBag from /home/airflow/.local/lib/python3.8/site-packages/airflow/example_dags/example_branch_operator.py
[2024-03-13T06:48:27.295+0000] {processor.py:840} INFO - DAG(s) 'example_branch_operator' retrieved from /home/airflow/.local/lib/python3.8/site-packages/airflow/example_dags/example_branch_operator.py
[2024-03-13T06:48:27.318+0000] {logging_mixin.py:188} INFO - [2024-03-13T06:48:27.317+0000] {dag.py:3047} INFO - Sync 1 DAGs
[2024-03-13T06:48:27.336+0000] {logging_mixin.py:188} INFO - [2024-03-13T06:48:27.336+0000] {dag.py:3834} INFO - Setting next_dagrun for example_branch_operator to 2024-03-12 00:00:00+00:00, run_after=2024-03-13 00:00:00+00:00
[2024-03-13T06:48:27.353+0000] {processor.py:183} INFO - Processing /home/airflow/.local/lib/python3.8/site-packages/airflow/example_dags/example_branch_operator.py took 0.077 seconds
[2024-03-13T06:48:57.605+0000] {processor.py:161} INFO - Started process (PID=1411) to work on /home/airflow/.local/lib/python3.8/site-packages/airflow/example_dags/example_branch_operator.py
[2024-03-13T06:48:57.606+0000] {processor.py:830} INFO - Processing file /home/airflow/.local/lib/python3.8/site-packages/airflow/example_dags/example_branch_operator.py for tasks to queue
[2024-03-13T06:48:57.607+0000] {logging_mixin.py:188} INFO - [2024-03-13T06:48:57.607+0000] {dagbag.py:540} INFO - Filling up the DagBag from /home/airflow/.local/lib/python3.8/site-packages/airflow/example_dags/example_branch_operator.py
[2024-03-13T06:48:57.620+0000] {processor.py:840} INFO - DAG(s) 'example_branch_operator' retrieved from /home/airflow/.local/lib/python3.8/site-packages/airflow/example_dags/example_branch_operator.py
[2024-03-13T06:48:57.640+0000] {logging_mixin.py:188} INFO - [2024-03-13T06:48:57.640+0000] {dag.py:3047} INFO - Sync 1 DAGs
[2024-03-13T06:48:57.658+0000] {logging_mixin.py:188} INFO - [2024-03-13T06:48:57.658+0000] {dag.py:3834} INFO - Setting next_dagrun for example_branch_operator to 2024-03-12 00:00:00+00:00, run_after=2024-03-13 00:00:00+00:00
[2024-03-13T06:48:57.675+0000] {processor.py:183} INFO - Processing /home/airflow/.local/lib/python3.8/site-packages/airflow/example_dags/example_branch_operator.py took 0.072 seconds
[2024-03-13T06:49:27.854+0000] {processor.py:161} INFO - Started process (PID=1467) to work on /home/airflow/.local/lib/python3.8/site-packages/airflow/example_dags/example_branch_operator.py
[2024-03-13T06:49:27.858+0000] {processor.py:830} INFO - Processing file /home/airflow/.local/lib/python3.8/site-packages/airflow/example_dags/example_branch_operator.py for tasks to queue
[2024-03-13T06:49:27.859+0000] {logging_mixin.py:188} INFO - [2024-03-13T06:49:27.858+0000] {dagbag.py:540} INFO - Filling up the DagBag from /home/airflow/.local/lib/python3.8/site-packages/airflow/example_dags/example_branch_operator.py
[2024-03-13T06:49:27.872+0000] {processor.py:840} INFO - DAG(s) 'example_branch_operator' retrieved from /home/airflow/.local/lib/python3.8/site-packages/airflow/example_dags/example_branch_operator.py
[2024-03-13T06:49:27.894+0000] {logging_mixin.py:188} INFO - [2024-03-13T06:49:27.894+0000] {dag.py:3047} INFO - Sync 1 DAGs
[2024-03-13T06:49:27.912+0000] {logging_mixin.py:188} INFO - [2024-03-13T06:49:27.912+0000] {dag.py:3834} INFO - Setting next_dagrun for example_branch_operator to 2024-03-12 00:00:00+00:00, run_after=2024-03-13 00:00:00+00:00
[2024-03-13T06:49:27.927+0000] {processor.py:183} INFO - Processing /home/airflow/.local/lib/python3.8/site-packages/airflow/example_dags/example_branch_operator.py took 0.076 seconds
[2024-03-13T06:49:58.054+0000] {processor.py:161} INFO - Started process (PID=1525) to work on /home/airflow/.local/lib/python3.8/site-packages/airflow/example_dags/example_branch_operator.py
[2024-03-13T06:49:58.055+0000] {processor.py:830} INFO - Processing file /home/airflow/.local/lib/python3.8/site-packages/airflow/example_dags/example_branch_operator.py for tasks to queue
[2024-03-13T06:49:58.056+0000] {logging_mixin.py:188} INFO - [2024-03-13T06:49:58.055+0000] {dagbag.py:540} INFO - Filling up the DagBag from /home/airflow/.local/lib/python3.8/site-packages/airflow/example_dags/example_branch_operator.py
[2024-03-13T06:49:58.069+0000] {processor.py:840} INFO - DAG(s) 'example_branch_operator' retrieved from /home/airflow/.local/lib/python3.8/site-packages/airflow/example_dags/example_branch_operator.py
[2024-03-13T06:49:58.091+0000] {logging_mixin.py:188} INFO - [2024-03-13T06:49:58.091+0000] {dag.py:3047} INFO - Sync 1 DAGs
[2024-03-13T06:49:58.110+0000] {logging_mixin.py:188} INFO - [2024-03-13T06:49:58.110+0000] {dag.py:3834} INFO - Setting next_dagrun for example_branch_operator to 2024-03-12 00:00:00+00:00, run_after=2024-03-13 00:00:00+00:00
[2024-03-13T06:49:58.125+0000] {processor.py:183} INFO - Processing /home/airflow/.local/lib/python3.8/site-packages/airflow/example_dags/example_branch_operator.py took 0.073 seconds
[2024-03-13T06:50:28.220+0000] {processor.py:161} INFO - Started process (PID=1581) to work on /home/airflow/.local/lib/python3.8/site-packages/airflow/example_dags/example_branch_operator.py
[2024-03-13T06:50:28.221+0000] {processor.py:830} INFO - Processing file /home/airflow/.local/lib/python3.8/site-packages/airflow/example_dags/example_branch_operator.py for tasks to queue
[2024-03-13T06:50:28.222+0000] {logging_mixin.py:188} INFO - [2024-03-13T06:50:28.221+0000] {dagbag.py:540} INFO - Filling up the DagBag from /home/airflow/.local/lib/python3.8/site-packages/airflow/example_dags/example_branch_operator.py
[2024-03-13T06:50:28.234+0000] {processor.py:840} INFO - DAG(s) 'example_branch_operator' retrieved from /home/airflow/.local/lib/python3.8/site-packages/airflow/example_dags/example_branch_operator.py
[2024-03-13T06:50:28.255+0000] {logging_mixin.py:188} INFO - [2024-03-13T06:50:28.255+0000] {dag.py:3047} INFO - Sync 1 DAGs
[2024-03-13T06:50:28.271+0000] {logging_mixin.py:188} INFO - [2024-03-13T06:50:28.271+0000] {dag.py:3834} INFO - Setting next_dagrun for example_branch_operator to 2024-03-12 00:00:00+00:00, run_after=2024-03-13 00:00:00+00:00
[2024-03-13T06:50:28.288+0000] {processor.py:183} INFO - Processing /home/airflow/.local/lib/python3.8/site-packages/airflow/example_dags/example_branch_operator.py took 0.070 seconds
[2024-03-13T06:50:58.446+0000] {processor.py:161} INFO - Started process (PID=1641) to work on /home/airflow/.local/lib/python3.8/site-packages/airflow/example_dags/example_branch_operator.py
[2024-03-13T06:50:58.447+0000] {processor.py:830} INFO - Processing file /home/airflow/.local/lib/python3.8/site-packages/airflow/example_dags/example_branch_operator.py for tasks to queue
[2024-03-13T06:50:58.448+0000] {logging_mixin.py:188} INFO - [2024-03-13T06:50:58.448+0000] {dagbag.py:540} INFO - Filling up the DagBag from /home/airflow/.local/lib/python3.8/site-packages/airflow/example_dags/example_branch_operator.py
[2024-03-13T06:50:58.464+0000] {processor.py:840} INFO - DAG(s) 'example_branch_operator' retrieved from /home/airflow/.local/lib/python3.8/site-packages/airflow/example_dags/example_branch_operator.py
[2024-03-13T06:50:58.486+0000] {logging_mixin.py:188} INFO - [2024-03-13T06:50:58.485+0000] {dag.py:3047} INFO - Sync 1 DAGs
[2024-03-13T06:50:58.502+0000] {logging_mixin.py:188} INFO - [2024-03-13T06:50:58.502+0000] {dag.py:3834} INFO - Setting next_dagrun for example_branch_operator to 2024-03-12 00:00:00+00:00, run_after=2024-03-13 00:00:00+00:00
[2024-03-13T06:50:58.519+0000] {processor.py:183} INFO - Processing /home/airflow/.local/lib/python3.8/site-packages/airflow/example_dags/example_branch_operator.py took 0.076 seconds
[2024-03-13T06:51:28.766+0000] {processor.py:161} INFO - Started process (PID=1700) to work on /home/airflow/.local/lib/python3.8/site-packages/airflow/example_dags/example_branch_operator.py
[2024-03-13T06:51:28.766+0000] {processor.py:830} INFO - Processing file /home/airflow/.local/lib/python3.8/site-packages/airflow/example_dags/example_branch_operator.py for tasks to queue
[2024-03-13T06:51:28.767+0000] {logging_mixin.py:188} INFO - [2024-03-13T06:51:28.767+0000] {dagbag.py:540} INFO - Filling up the DagBag from /home/airflow/.local/lib/python3.8/site-packages/airflow/example_dags/example_branch_operator.py
[2024-03-13T06:51:28.781+0000] {processor.py:840} INFO - DAG(s) 'example_branch_operator' retrieved from /home/airflow/.local/lib/python3.8/site-packages/airflow/example_dags/example_branch_operator.py
[2024-03-13T06:51:28.803+0000] {logging_mixin.py:188} INFO - [2024-03-13T06:51:28.803+0000] {dag.py:3047} INFO - Sync 1 DAGs
[2024-03-13T06:51:28.821+0000] {logging_mixin.py:188} INFO - [2024-03-13T06:51:28.821+0000] {dag.py:3834} INFO - Setting next_dagrun for example_branch_operator to 2024-03-12 00:00:00+00:00, run_after=2024-03-13 00:00:00+00:00
[2024-03-13T06:51:28.839+0000] {processor.py:183} INFO - Processing /home/airflow/.local/lib/python3.8/site-packages/airflow/example_dags/example_branch_operator.py took 0.076 seconds
[2024-03-13T06:52:19.077+0000] {processor.py:161} INFO - Started process (PID=57) to work on /home/airflow/.local/lib/python3.8/site-packages/airflow/example_dags/example_branch_operator.py
[2024-03-13T06:52:19.078+0000] {processor.py:830} INFO - Processing file /home/airflow/.local/lib/python3.8/site-packages/airflow/example_dags/example_branch_operator.py for tasks to queue
[2024-03-13T06:52:19.080+0000] {logging_mixin.py:188} INFO - [2024-03-13T06:52:19.079+0000] {dagbag.py:540} INFO - Filling up the DagBag from /home/airflow/.local/lib/python3.8/site-packages/airflow/example_dags/example_branch_operator.py
[2024-03-13T06:52:19.097+0000] {processor.py:840} INFO - DAG(s) 'example_branch_operator' retrieved from /home/airflow/.local/lib/python3.8/site-packages/airflow/example_dags/example_branch_operator.py
[2024-03-13T06:52:19.109+0000] {logging_mixin.py:188} INFO - [2024-03-13T06:52:19.108+0000] {dag.py:3047} INFO - Sync 1 DAGs
[2024-03-13T06:52:19.129+0000] {logging_mixin.py:188} INFO - [2024-03-13T06:52:19.129+0000] {dag.py:3834} INFO - Setting next_dagrun for example_branch_operator to 2024-03-12 00:00:00+00:00, run_after=2024-03-13 00:00:00+00:00
[2024-03-13T06:52:19.148+0000] {processor.py:183} INFO - Processing /home/airflow/.local/lib/python3.8/site-packages/airflow/example_dags/example_branch_operator.py took 0.074 seconds
[2024-03-13T06:52:50.005+0000] {processor.py:161} INFO - Started process (PID=113) to work on /home/airflow/.local/lib/python3.8/site-packages/airflow/example_dags/example_branch_operator.py
[2024-03-13T06:52:50.005+0000] {processor.py:830} INFO - Processing file /home/airflow/.local/lib/python3.8/site-packages/airflow/example_dags/example_branch_operator.py for tasks to queue
[2024-03-13T06:52:50.007+0000] {logging_mixin.py:188} INFO - [2024-03-13T06:52:50.007+0000] {dagbag.py:540} INFO - Filling up the DagBag from /home/airflow/.local/lib/python3.8/site-packages/airflow/example_dags/example_branch_operator.py
[2024-03-13T06:52:50.020+0000] {processor.py:840} INFO - DAG(s) 'example_branch_operator' retrieved from /home/airflow/.local/lib/python3.8/site-packages/airflow/example_dags/example_branch_operator.py
[2024-03-13T06:52:50.097+0000] {logging_mixin.py:188} INFO - [2024-03-13T06:52:50.097+0000] {dag.py:3047} INFO - Sync 1 DAGs
[2024-03-13T06:52:50.112+0000] {logging_mixin.py:188} INFO - [2024-03-13T06:52:50.112+0000] {dag.py:3834} INFO - Setting next_dagrun for example_branch_operator to 2024-03-12 00:00:00+00:00, run_after=2024-03-13 00:00:00+00:00
[2024-03-13T06:52:50.128+0000] {processor.py:183} INFO - Processing /home/airflow/.local/lib/python3.8/site-packages/airflow/example_dags/example_branch_operator.py took 0.126 seconds
[2024-03-13T06:53:20.303+0000] {processor.py:161} INFO - Started process (PID=169) to work on /home/airflow/.local/lib/python3.8/site-packages/airflow/example_dags/example_branch_operator.py
[2024-03-13T06:53:20.304+0000] {processor.py:830} INFO - Processing file /home/airflow/.local/lib/python3.8/site-packages/airflow/example_dags/example_branch_operator.py for tasks to queue
[2024-03-13T06:53:20.306+0000] {logging_mixin.py:188} INFO - [2024-03-13T06:53:20.306+0000] {dagbag.py:540} INFO - Filling up the DagBag from /home/airflow/.local/lib/python3.8/site-packages/airflow/example_dags/example_branch_operator.py
[2024-03-13T06:53:20.320+0000] {processor.py:840} INFO - DAG(s) 'example_branch_operator' retrieved from /home/airflow/.local/lib/python3.8/site-packages/airflow/example_dags/example_branch_operator.py
[2024-03-13T06:53:20.344+0000] {logging_mixin.py:188} INFO - [2024-03-13T06:53:20.343+0000] {dag.py:3047} INFO - Sync 1 DAGs
[2024-03-13T06:53:20.364+0000] {logging_mixin.py:188} INFO - [2024-03-13T06:53:20.364+0000] {dag.py:3834} INFO - Setting next_dagrun for example_branch_operator to 2024-03-12 00:00:00+00:00, run_after=2024-03-13 00:00:00+00:00
[2024-03-13T06:53:20.385+0000] {processor.py:183} INFO - Processing /home/airflow/.local/lib/python3.8/site-packages/airflow/example_dags/example_branch_operator.py took 0.085 seconds
[2024-03-13T06:53:50.707+0000] {processor.py:161} INFO - Started process (PID=225) to work on /home/airflow/.local/lib/python3.8/site-packages/airflow/example_dags/example_branch_operator.py
[2024-03-13T06:53:50.708+0000] {processor.py:830} INFO - Processing file /home/airflow/.local/lib/python3.8/site-packages/airflow/example_dags/example_branch_operator.py for tasks to queue
[2024-03-13T06:53:50.710+0000] {logging_mixin.py:188} INFO - [2024-03-13T06:53:50.710+0000] {dagbag.py:540} INFO - Filling up the DagBag from /home/airflow/.local/lib/python3.8/site-packages/airflow/example_dags/example_branch_operator.py
[2024-03-13T06:53:50.723+0000] {processor.py:840} INFO - DAG(s) 'example_branch_operator' retrieved from /home/airflow/.local/lib/python3.8/site-packages/airflow/example_dags/example_branch_operator.py
[2024-03-13T06:53:50.745+0000] {logging_mixin.py:188} INFO - [2024-03-13T06:53:50.744+0000] {dag.py:3047} INFO - Sync 1 DAGs
[2024-03-13T06:53:50.763+0000] {logging_mixin.py:188} INFO - [2024-03-13T06:53:50.763+0000] {dag.py:3834} INFO - Setting next_dagrun for example_branch_operator to 2024-03-12 00:00:00+00:00, run_after=2024-03-13 00:00:00+00:00
[2024-03-13T06:53:50.781+0000] {processor.py:183} INFO - Processing /home/airflow/.local/lib/python3.8/site-packages/airflow/example_dags/example_branch_operator.py took 0.076 seconds
[2024-03-13T06:54:21.143+0000] {processor.py:161} INFO - Started process (PID=280) to work on /home/airflow/.local/lib/python3.8/site-packages/airflow/example_dags/example_branch_operator.py
[2024-03-13T06:54:21.144+0000] {processor.py:830} INFO - Processing file /home/airflow/.local/lib/python3.8/site-packages/airflow/example_dags/example_branch_operator.py for tasks to queue
[2024-03-13T06:54:21.145+0000] {logging_mixin.py:188} INFO - [2024-03-13T06:54:21.145+0000] {dagbag.py:540} INFO - Filling up the DagBag from /home/airflow/.local/lib/python3.8/site-packages/airflow/example_dags/example_branch_operator.py
[2024-03-13T06:54:21.158+0000] {processor.py:840} INFO - DAG(s) 'example_branch_operator' retrieved from /home/airflow/.local/lib/python3.8/site-packages/airflow/example_dags/example_branch_operator.py
[2024-03-13T06:54:21.178+0000] {logging_mixin.py:188} INFO - [2024-03-13T06:54:21.178+0000] {dag.py:3047} INFO - Sync 1 DAGs
[2024-03-13T06:54:21.197+0000] {logging_mixin.py:188} INFO - [2024-03-13T06:54:21.196+0000] {dag.py:3834} INFO - Setting next_dagrun for example_branch_operator to 2024-03-12 00:00:00+00:00, run_after=2024-03-13 00:00:00+00:00
[2024-03-13T06:54:21.216+0000] {processor.py:183} INFO - Processing /home/airflow/.local/lib/python3.8/site-packages/airflow/example_dags/example_branch_operator.py took 0.075 seconds
[2024-03-13T06:54:51.433+0000] {processor.py:161} INFO - Started process (PID=336) to work on /home/airflow/.local/lib/python3.8/site-packages/airflow/example_dags/example_branch_operator.py
[2024-03-13T06:54:51.434+0000] {processor.py:830} INFO - Processing file /home/airflow/.local/lib/python3.8/site-packages/airflow/example_dags/example_branch_operator.py for tasks to queue
[2024-03-13T06:54:51.436+0000] {logging_mixin.py:188} INFO - [2024-03-13T06:54:51.435+0000] {dagbag.py:540} INFO - Filling up the DagBag from /home/airflow/.local/lib/python3.8/site-packages/airflow/example_dags/example_branch_operator.py
[2024-03-13T06:54:51.457+0000] {processor.py:840} INFO - DAG(s) 'example_branch_operator' retrieved from /home/airflow/.local/lib/python3.8/site-packages/airflow/example_dags/example_branch_operator.py
[2024-03-13T06:54:51.484+0000] {logging_mixin.py:188} INFO - [2024-03-13T06:54:51.484+0000] {dag.py:3047} INFO - Sync 1 DAGs
[2024-03-13T06:54:51.505+0000] {logging_mixin.py:188} INFO - [2024-03-13T06:54:51.505+0000] {dag.py:3834} INFO - Setting next_dagrun for example_branch_operator to 2024-03-12 00:00:00+00:00, run_after=2024-03-13 00:00:00+00:00
[2024-03-13T06:54:51.530+0000] {processor.py:183} INFO - Processing /home/airflow/.local/lib/python3.8/site-packages/airflow/example_dags/example_branch_operator.py took 0.101 seconds
[2024-03-13T06:55:22.410+0000] {processor.py:161} INFO - Started process (PID=392) to work on /home/airflow/.local/lib/python3.8/site-packages/airflow/example_dags/example_branch_operator.py
[2024-03-13T06:55:22.411+0000] {processor.py:830} INFO - Processing file /home/airflow/.local/lib/python3.8/site-packages/airflow/example_dags/example_branch_operator.py for tasks to queue
[2024-03-13T06:55:22.412+0000] {logging_mixin.py:188} INFO - [2024-03-13T06:55:22.412+0000] {dagbag.py:540} INFO - Filling up the DagBag from /home/airflow/.local/lib/python3.8/site-packages/airflow/example_dags/example_branch_operator.py
[2024-03-13T06:55:22.428+0000] {processor.py:840} INFO - DAG(s) 'example_branch_operator' retrieved from /home/airflow/.local/lib/python3.8/site-packages/airflow/example_dags/example_branch_operator.py
[2024-03-13T06:55:22.453+0000] {logging_mixin.py:188} INFO - [2024-03-13T06:55:22.453+0000] {dag.py:3047} INFO - Sync 1 DAGs
[2024-03-13T06:55:22.473+0000] {logging_mixin.py:188} INFO - [2024-03-13T06:55:22.473+0000] {dag.py:3834} INFO - Setting next_dagrun for example_branch_operator to 2024-03-12 00:00:00+00:00, run_after=2024-03-13 00:00:00+00:00
[2024-03-13T06:55:22.494+0000] {processor.py:183} INFO - Processing /home/airflow/.local/lib/python3.8/site-packages/airflow/example_dags/example_branch_operator.py took 0.087 seconds
[2024-03-13T06:55:53.262+0000] {processor.py:161} INFO - Started process (PID=449) to work on /home/airflow/.local/lib/python3.8/site-packages/airflow/example_dags/example_branch_operator.py
[2024-03-13T06:55:53.263+0000] {processor.py:830} INFO - Processing file /home/airflow/.local/lib/python3.8/site-packages/airflow/example_dags/example_branch_operator.py for tasks to queue
[2024-03-13T06:55:53.265+0000] {logging_mixin.py:188} INFO - [2024-03-13T06:55:53.264+0000] {dagbag.py:540} INFO - Filling up the DagBag from /home/airflow/.local/lib/python3.8/site-packages/airflow/example_dags/example_branch_operator.py
[2024-03-13T06:55:53.277+0000] {processor.py:840} INFO - DAG(s) 'example_branch_operator' retrieved from /home/airflow/.local/lib/python3.8/site-packages/airflow/example_dags/example_branch_operator.py
[2024-03-13T06:55:53.297+0000] {logging_mixin.py:188} INFO - [2024-03-13T06:55:53.297+0000] {dag.py:3047} INFO - Sync 1 DAGs
[2024-03-13T06:55:53.316+0000] {logging_mixin.py:188} INFO - [2024-03-13T06:55:53.315+0000] {dag.py:3834} INFO - Setting next_dagrun for example_branch_operator to 2024-03-12 00:00:00+00:00, run_after=2024-03-13 00:00:00+00:00
[2024-03-13T06:55:53.331+0000] {processor.py:183} INFO - Processing /home/airflow/.local/lib/python3.8/site-packages/airflow/example_dags/example_branch_operator.py took 0.071 seconds
[2024-03-13T06:56:24.057+0000] {processor.py:161} INFO - Started process (PID=506) to work on /home/airflow/.local/lib/python3.8/site-packages/airflow/example_dags/example_branch_operator.py
[2024-03-13T06:56:24.058+0000] {processor.py:830} INFO - Processing file /home/airflow/.local/lib/python3.8/site-packages/airflow/example_dags/example_branch_operator.py for tasks to queue
[2024-03-13T06:56:24.059+0000] {logging_mixin.py:188} INFO - [2024-03-13T06:56:24.059+0000] {dagbag.py:540} INFO - Filling up the DagBag from /home/airflow/.local/lib/python3.8/site-packages/airflow/example_dags/example_branch_operator.py
[2024-03-13T06:56:24.073+0000] {processor.py:840} INFO - DAG(s) 'example_branch_operator' retrieved from /home/airflow/.local/lib/python3.8/site-packages/airflow/example_dags/example_branch_operator.py
[2024-03-13T06:56:24.094+0000] {logging_mixin.py:188} INFO - [2024-03-13T06:56:24.094+0000] {dag.py:3047} INFO - Sync 1 DAGs
[2024-03-13T06:56:24.112+0000] {logging_mixin.py:188} INFO - [2024-03-13T06:56:24.111+0000] {dag.py:3834} INFO - Setting next_dagrun for example_branch_operator to 2024-03-12 00:00:00+00:00, run_after=2024-03-13 00:00:00+00:00
[2024-03-13T06:56:24.127+0000] {processor.py:183} INFO - Processing /home/airflow/.local/lib/python3.8/site-packages/airflow/example_dags/example_branch_operator.py took 0.072 seconds
[2024-03-13T07:02:12.463+0000] {processor.py:161} INFO - Started process (PID=57) to work on /home/airflow/.local/lib/python3.8/site-packages/airflow/example_dags/example_branch_operator.py
[2024-03-13T07:02:12.464+0000] {processor.py:830} INFO - Processing file /home/airflow/.local/lib/python3.8/site-packages/airflow/example_dags/example_branch_operator.py for tasks to queue
[2024-03-13T07:02:12.467+0000] {logging_mixin.py:188} INFO - [2024-03-13T07:02:12.467+0000] {dagbag.py:540} INFO - Filling up the DagBag from /home/airflow/.local/lib/python3.8/site-packages/airflow/example_dags/example_branch_operator.py
[2024-03-13T07:02:12.490+0000] {processor.py:840} INFO - DAG(s) 'example_branch_operator' retrieved from /home/airflow/.local/lib/python3.8/site-packages/airflow/example_dags/example_branch_operator.py
[2024-03-13T07:02:12.503+0000] {logging_mixin.py:188} INFO - [2024-03-13T07:02:12.503+0000] {dag.py:3047} INFO - Sync 1 DAGs
[2024-03-13T07:02:12.540+0000] {logging_mixin.py:188} INFO - [2024-03-13T07:02:12.539+0000] {dag.py:3834} INFO - Setting next_dagrun for example_branch_operator to 2024-03-12 00:00:00+00:00, run_after=2024-03-13 00:00:00+00:00
[2024-03-13T07:02:12.567+0000] {processor.py:183} INFO - Processing /home/airflow/.local/lib/python3.8/site-packages/airflow/example_dags/example_branch_operator.py took 0.107 seconds
[2024-03-13T07:02:43.591+0000] {processor.py:161} INFO - Started process (PID=114) to work on /home/airflow/.local/lib/python3.8/site-packages/airflow/example_dags/example_branch_operator.py
[2024-03-13T07:02:43.592+0000] {processor.py:830} INFO - Processing file /home/airflow/.local/lib/python3.8/site-packages/airflow/example_dags/example_branch_operator.py for tasks to queue
[2024-03-13T07:02:43.594+0000] {logging_mixin.py:188} INFO - [2024-03-13T07:02:43.594+0000] {dagbag.py:540} INFO - Filling up the DagBag from /home/airflow/.local/lib/python3.8/site-packages/airflow/example_dags/example_branch_operator.py
[2024-03-13T07:02:43.607+0000] {processor.py:840} INFO - DAG(s) 'example_branch_operator' retrieved from /home/airflow/.local/lib/python3.8/site-packages/airflow/example_dags/example_branch_operator.py
[2024-03-13T07:02:43.689+0000] {logging_mixin.py:188} INFO - [2024-03-13T07:02:43.689+0000] {dag.py:3047} INFO - Sync 1 DAGs
[2024-03-13T07:02:43.705+0000] {logging_mixin.py:188} INFO - [2024-03-13T07:02:43.704+0000] {dag.py:3834} INFO - Setting next_dagrun for example_branch_operator to 2024-03-12 00:00:00+00:00, run_after=2024-03-13 00:00:00+00:00
[2024-03-13T07:02:43.723+0000] {processor.py:183} INFO - Processing /home/airflow/.local/lib/python3.8/site-packages/airflow/example_dags/example_branch_operator.py took 0.134 seconds
[2024-03-13T07:03:13.816+0000] {processor.py:161} INFO - Started process (PID=170) to work on /home/airflow/.local/lib/python3.8/site-packages/airflow/example_dags/example_branch_operator.py
[2024-03-13T07:03:13.817+0000] {processor.py:830} INFO - Processing file /home/airflow/.local/lib/python3.8/site-packages/airflow/example_dags/example_branch_operator.py for tasks to queue
[2024-03-13T07:03:13.819+0000] {logging_mixin.py:188} INFO - [2024-03-13T07:03:13.818+0000] {dagbag.py:540} INFO - Filling up the DagBag from /home/airflow/.local/lib/python3.8/site-packages/airflow/example_dags/example_branch_operator.py
[2024-03-13T07:03:13.832+0000] {processor.py:840} INFO - DAG(s) 'example_branch_operator' retrieved from /home/airflow/.local/lib/python3.8/site-packages/airflow/example_dags/example_branch_operator.py
[2024-03-13T07:03:13.853+0000] {logging_mixin.py:188} INFO - [2024-03-13T07:03:13.853+0000] {dag.py:3047} INFO - Sync 1 DAGs
[2024-03-13T07:03:13.871+0000] {logging_mixin.py:188} INFO - [2024-03-13T07:03:13.870+0000] {dag.py:3834} INFO - Setting next_dagrun for example_branch_operator to 2024-03-12 00:00:00+00:00, run_after=2024-03-13 00:00:00+00:00
[2024-03-13T07:03:13.886+0000] {processor.py:183} INFO - Processing /home/airflow/.local/lib/python3.8/site-packages/airflow/example_dags/example_branch_operator.py took 0.072 seconds
[2024-03-13T07:03:44.176+0000] {processor.py:161} INFO - Started process (PID=226) to work on /home/airflow/.local/lib/python3.8/site-packages/airflow/example_dags/example_branch_operator.py
[2024-03-13T07:03:44.176+0000] {processor.py:830} INFO - Processing file /home/airflow/.local/lib/python3.8/site-packages/airflow/example_dags/example_branch_operator.py for tasks to queue
[2024-03-13T07:03:44.178+0000] {logging_mixin.py:188} INFO - [2024-03-13T07:03:44.177+0000] {dagbag.py:540} INFO - Filling up the DagBag from /home/airflow/.local/lib/python3.8/site-packages/airflow/example_dags/example_branch_operator.py
[2024-03-13T07:03:44.190+0000] {processor.py:840} INFO - DAG(s) 'example_branch_operator' retrieved from /home/airflow/.local/lib/python3.8/site-packages/airflow/example_dags/example_branch_operator.py
[2024-03-13T07:03:44.210+0000] {logging_mixin.py:188} INFO - [2024-03-13T07:03:44.210+0000] {dag.py:3047} INFO - Sync 1 DAGs
[2024-03-13T07:03:44.225+0000] {logging_mixin.py:188} INFO - [2024-03-13T07:03:44.224+0000] {dag.py:3834} INFO - Setting next_dagrun for example_branch_operator to 2024-03-12 00:00:00+00:00, run_after=2024-03-13 00:00:00+00:00
[2024-03-13T07:03:44.239+0000] {processor.py:183} INFO - Processing /home/airflow/.local/lib/python3.8/site-packages/airflow/example_dags/example_branch_operator.py took 0.066 seconds
[2024-03-13T07:04:14.690+0000] {processor.py:161} INFO - Started process (PID=282) to work on /home/airflow/.local/lib/python3.8/site-packages/airflow/example_dags/example_branch_operator.py
[2024-03-13T07:04:14.691+0000] {processor.py:830} INFO - Processing file /home/airflow/.local/lib/python3.8/site-packages/airflow/example_dags/example_branch_operator.py for tasks to queue
[2024-03-13T07:04:14.693+0000] {logging_mixin.py:188} INFO - [2024-03-13T07:04:14.692+0000] {dagbag.py:540} INFO - Filling up the DagBag from /home/airflow/.local/lib/python3.8/site-packages/airflow/example_dags/example_branch_operator.py
[2024-03-13T07:04:14.706+0000] {processor.py:840} INFO - DAG(s) 'example_branch_operator' retrieved from /home/airflow/.local/lib/python3.8/site-packages/airflow/example_dags/example_branch_operator.py
[2024-03-13T07:04:14.727+0000] {logging_mixin.py:188} INFO - [2024-03-13T07:04:14.727+0000] {dag.py:3047} INFO - Sync 1 DAGs
[2024-03-13T07:04:14.744+0000] {logging_mixin.py:188} INFO - [2024-03-13T07:04:14.743+0000] {dag.py:3834} INFO - Setting next_dagrun for example_branch_operator to 2024-03-12 00:00:00+00:00, run_after=2024-03-13 00:00:00+00:00
[2024-03-13T07:04:14.762+0000] {processor.py:183} INFO - Processing /home/airflow/.local/lib/python3.8/site-packages/airflow/example_dags/example_branch_operator.py took 0.074 seconds
[2024-03-13T07:04:45.190+0000] {processor.py:161} INFO - Started process (PID=338) to work on /home/airflow/.local/lib/python3.8/site-packages/airflow/example_dags/example_branch_operator.py
[2024-03-13T07:04:45.191+0000] {processor.py:830} INFO - Processing file /home/airflow/.local/lib/python3.8/site-packages/airflow/example_dags/example_branch_operator.py for tasks to queue
[2024-03-13T07:04:45.192+0000] {logging_mixin.py:188} INFO - [2024-03-13T07:04:45.192+0000] {dagbag.py:540} INFO - Filling up the DagBag from /home/airflow/.local/lib/python3.8/site-packages/airflow/example_dags/example_branch_operator.py
[2024-03-13T07:04:45.205+0000] {processor.py:840} INFO - DAG(s) 'example_branch_operator' retrieved from /home/airflow/.local/lib/python3.8/site-packages/airflow/example_dags/example_branch_operator.py
[2024-03-13T07:04:45.226+0000] {logging_mixin.py:188} INFO - [2024-03-13T07:04:45.226+0000] {dag.py:3047} INFO - Sync 1 DAGs
[2024-03-13T07:04:45.243+0000] {logging_mixin.py:188} INFO - [2024-03-13T07:04:45.243+0000] {dag.py:3834} INFO - Setting next_dagrun for example_branch_operator to 2024-03-12 00:00:00+00:00, run_after=2024-03-13 00:00:00+00:00
[2024-03-13T07:04:45.258+0000] {processor.py:183} INFO - Processing /home/airflow/.local/lib/python3.8/site-packages/airflow/example_dags/example_branch_operator.py took 0.071 seconds
[2024-03-13T07:05:15.593+0000] {processor.py:161} INFO - Started process (PID=394) to work on /home/airflow/.local/lib/python3.8/site-packages/airflow/example_dags/example_branch_operator.py
[2024-03-13T07:05:15.594+0000] {processor.py:830} INFO - Processing file /home/airflow/.local/lib/python3.8/site-packages/airflow/example_dags/example_branch_operator.py for tasks to queue
[2024-03-13T07:05:15.596+0000] {logging_mixin.py:188} INFO - [2024-03-13T07:05:15.595+0000] {dagbag.py:540} INFO - Filling up the DagBag from /home/airflow/.local/lib/python3.8/site-packages/airflow/example_dags/example_branch_operator.py
[2024-03-13T07:05:15.609+0000] {processor.py:840} INFO - DAG(s) 'example_branch_operator' retrieved from /home/airflow/.local/lib/python3.8/site-packages/airflow/example_dags/example_branch_operator.py
[2024-03-13T07:05:15.630+0000] {logging_mixin.py:188} INFO - [2024-03-13T07:05:15.629+0000] {dag.py:3047} INFO - Sync 1 DAGs
[2024-03-13T07:05:15.646+0000] {logging_mixin.py:188} INFO - [2024-03-13T07:05:15.646+0000] {dag.py:3834} INFO - Setting next_dagrun for example_branch_operator to 2024-03-12 00:00:00+00:00, run_after=2024-03-13 00:00:00+00:00
[2024-03-13T07:05:15.663+0000] {processor.py:183} INFO - Processing /home/airflow/.local/lib/python3.8/site-packages/airflow/example_dags/example_branch_operator.py took 0.072 seconds
[2024-03-13T07:05:45.903+0000] {processor.py:161} INFO - Started process (PID=450) to work on /home/airflow/.local/lib/python3.8/site-packages/airflow/example_dags/example_branch_operator.py
[2024-03-13T07:05:45.903+0000] {processor.py:830} INFO - Processing file /home/airflow/.local/lib/python3.8/site-packages/airflow/example_dags/example_branch_operator.py for tasks to queue
[2024-03-13T07:05:45.905+0000] {logging_mixin.py:188} INFO - [2024-03-13T07:05:45.905+0000] {dagbag.py:540} INFO - Filling up the DagBag from /home/airflow/.local/lib/python3.8/site-packages/airflow/example_dags/example_branch_operator.py
[2024-03-13T07:05:45.918+0000] {processor.py:840} INFO - DAG(s) 'example_branch_operator' retrieved from /home/airflow/.local/lib/python3.8/site-packages/airflow/example_dags/example_branch_operator.py
[2024-03-13T07:05:45.939+0000] {logging_mixin.py:188} INFO - [2024-03-13T07:05:45.939+0000] {dag.py:3047} INFO - Sync 1 DAGs
[2024-03-13T07:05:45.955+0000] {logging_mixin.py:188} INFO - [2024-03-13T07:05:45.955+0000] {dag.py:3834} INFO - Setting next_dagrun for example_branch_operator to 2024-03-12 00:00:00+00:00, run_after=2024-03-13 00:00:00+00:00
[2024-03-13T07:05:45.971+0000] {processor.py:183} INFO - Processing /home/airflow/.local/lib/python3.8/site-packages/airflow/example_dags/example_branch_operator.py took 0.071 seconds
[2024-03-13T07:06:16.263+0000] {processor.py:161} INFO - Started process (PID=506) to work on /home/airflow/.local/lib/python3.8/site-packages/airflow/example_dags/example_branch_operator.py
[2024-03-13T07:06:16.264+0000] {processor.py:830} INFO - Processing file /home/airflow/.local/lib/python3.8/site-packages/airflow/example_dags/example_branch_operator.py for tasks to queue
[2024-03-13T07:06:16.266+0000] {logging_mixin.py:188} INFO - [2024-03-13T07:06:16.266+0000] {dagbag.py:540} INFO - Filling up the DagBag from /home/airflow/.local/lib/python3.8/site-packages/airflow/example_dags/example_branch_operator.py
[2024-03-13T07:06:16.278+0000] {processor.py:840} INFO - DAG(s) 'example_branch_operator' retrieved from /home/airflow/.local/lib/python3.8/site-packages/airflow/example_dags/example_branch_operator.py
[2024-03-13T07:06:16.300+0000] {logging_mixin.py:188} INFO - [2024-03-13T07:06:16.300+0000] {dag.py:3047} INFO - Sync 1 DAGs
[2024-03-13T07:06:16.315+0000] {logging_mixin.py:188} INFO - [2024-03-13T07:06:16.315+0000] {dag.py:3834} INFO - Setting next_dagrun for example_branch_operator to 2024-03-12 00:00:00+00:00, run_after=2024-03-13 00:00:00+00:00
[2024-03-13T07:06:16.331+0000] {processor.py:183} INFO - Processing /home/airflow/.local/lib/python3.8/site-packages/airflow/example_dags/example_branch_operator.py took 0.070 seconds
[2024-03-13T07:06:46.703+0000] {processor.py:161} INFO - Started process (PID=562) to work on /home/airflow/.local/lib/python3.8/site-packages/airflow/example_dags/example_branch_operator.py
[2024-03-13T07:06:46.704+0000] {processor.py:830} INFO - Processing file /home/airflow/.local/lib/python3.8/site-packages/airflow/example_dags/example_branch_operator.py for tasks to queue
[2024-03-13T07:06:46.705+0000] {logging_mixin.py:188} INFO - [2024-03-13T07:06:46.705+0000] {dagbag.py:540} INFO - Filling up the DagBag from /home/airflow/.local/lib/python3.8/site-packages/airflow/example_dags/example_branch_operator.py
[2024-03-13T07:06:46.719+0000] {processor.py:840} INFO - DAG(s) 'example_branch_operator' retrieved from /home/airflow/.local/lib/python3.8/site-packages/airflow/example_dags/example_branch_operator.py
[2024-03-13T07:06:46.739+0000] {logging_mixin.py:188} INFO - [2024-03-13T07:06:46.739+0000] {dag.py:3047} INFO - Sync 1 DAGs
[2024-03-13T07:06:46.757+0000] {logging_mixin.py:188} INFO - [2024-03-13T07:06:46.756+0000] {dag.py:3834} INFO - Setting next_dagrun for example_branch_operator to 2024-03-12 00:00:00+00:00, run_after=2024-03-13 00:00:00+00:00
[2024-03-13T07:06:46.772+0000] {processor.py:183} INFO - Processing /home/airflow/.local/lib/python3.8/site-packages/airflow/example_dags/example_branch_operator.py took 0.072 seconds
[2024-03-13T07:07:17.176+0000] {processor.py:161} INFO - Started process (PID=618) to work on /home/airflow/.local/lib/python3.8/site-packages/airflow/example_dags/example_branch_operator.py
[2024-03-13T07:07:17.179+0000] {processor.py:830} INFO - Processing file /home/airflow/.local/lib/python3.8/site-packages/airflow/example_dags/example_branch_operator.py for tasks to queue
[2024-03-13T07:07:17.184+0000] {logging_mixin.py:188} INFO - [2024-03-13T07:07:17.183+0000] {dagbag.py:540} INFO - Filling up the DagBag from /home/airflow/.local/lib/python3.8/site-packages/airflow/example_dags/example_branch_operator.py
[2024-03-13T07:07:17.212+0000] {processor.py:840} INFO - DAG(s) 'example_branch_operator' retrieved from /home/airflow/.local/lib/python3.8/site-packages/airflow/example_dags/example_branch_operator.py
[2024-03-13T07:07:17.248+0000] {logging_mixin.py:188} INFO - [2024-03-13T07:07:17.248+0000] {dag.py:3047} INFO - Sync 1 DAGs
[2024-03-13T07:07:17.277+0000] {logging_mixin.py:188} INFO - [2024-03-13T07:07:17.277+0000] {dag.py:3834} INFO - Setting next_dagrun for example_branch_operator to 2024-03-12 00:00:00+00:00, run_after=2024-03-13 00:00:00+00:00
[2024-03-13T07:07:17.304+0000] {processor.py:183} INFO - Processing /home/airflow/.local/lib/python3.8/site-packages/airflow/example_dags/example_branch_operator.py took 0.134 seconds
[2024-03-13T07:09:29.957+0000] {processor.py:161} INFO - Started process (PID=58) to work on /home/airflow/.local/lib/python3.8/site-packages/airflow/example_dags/example_branch_operator.py
[2024-03-13T07:09:29.958+0000] {processor.py:830} INFO - Processing file /home/airflow/.local/lib/python3.8/site-packages/airflow/example_dags/example_branch_operator.py for tasks to queue
[2024-03-13T07:09:29.959+0000] {logging_mixin.py:188} INFO - [2024-03-13T07:09:29.959+0000] {dagbag.py:540} INFO - Filling up the DagBag from /home/airflow/.local/lib/python3.8/site-packages/airflow/example_dags/example_branch_operator.py
[2024-03-13T07:09:29.975+0000] {processor.py:840} INFO - DAG(s) 'example_branch_operator' retrieved from /home/airflow/.local/lib/python3.8/site-packages/airflow/example_dags/example_branch_operator.py
[2024-03-13T07:09:29.986+0000] {logging_mixin.py:188} INFO - [2024-03-13T07:09:29.985+0000] {dag.py:3047} INFO - Sync 1 DAGs
[2024-03-13T07:09:30.006+0000] {logging_mixin.py:188} INFO - [2024-03-13T07:09:30.006+0000] {dag.py:3834} INFO - Setting next_dagrun for example_branch_operator to 2024-03-12 00:00:00+00:00, run_after=2024-03-13 00:00:00+00:00
[2024-03-13T07:09:30.026+0000] {processor.py:183} INFO - Processing /home/airflow/.local/lib/python3.8/site-packages/airflow/example_dags/example_branch_operator.py took 0.072 seconds
[2024-03-13T07:10:00.630+0000] {processor.py:161} INFO - Started process (PID=114) to work on /home/airflow/.local/lib/python3.8/site-packages/airflow/example_dags/example_branch_operator.py
[2024-03-13T07:10:00.631+0000] {processor.py:830} INFO - Processing file /home/airflow/.local/lib/python3.8/site-packages/airflow/example_dags/example_branch_operator.py for tasks to queue
[2024-03-13T07:10:00.633+0000] {logging_mixin.py:188} INFO - [2024-03-13T07:10:00.632+0000] {dagbag.py:540} INFO - Filling up the DagBag from /home/airflow/.local/lib/python3.8/site-packages/airflow/example_dags/example_branch_operator.py
[2024-03-13T07:10:00.646+0000] {processor.py:840} INFO - DAG(s) 'example_branch_operator' retrieved from /home/airflow/.local/lib/python3.8/site-packages/airflow/example_dags/example_branch_operator.py
[2024-03-13T07:10:00.725+0000] {logging_mixin.py:188} INFO - [2024-03-13T07:10:00.725+0000] {dag.py:3047} INFO - Sync 1 DAGs
[2024-03-13T07:10:00.740+0000] {logging_mixin.py:188} INFO - [2024-03-13T07:10:00.740+0000] {dag.py:3834} INFO - Setting next_dagrun for example_branch_operator to 2024-03-12 00:00:00+00:00, run_after=2024-03-13 00:00:00+00:00
[2024-03-13T07:10:00.757+0000] {processor.py:183} INFO - Processing /home/airflow/.local/lib/python3.8/site-packages/airflow/example_dags/example_branch_operator.py took 0.130 seconds
[2024-03-13T07:10:31.253+0000] {processor.py:161} INFO - Started process (PID=170) to work on /home/airflow/.local/lib/python3.8/site-packages/airflow/example_dags/example_branch_operator.py
[2024-03-13T07:10:31.255+0000] {processor.py:830} INFO - Processing file /home/airflow/.local/lib/python3.8/site-packages/airflow/example_dags/example_branch_operator.py for tasks to queue
[2024-03-13T07:10:31.257+0000] {logging_mixin.py:188} INFO - [2024-03-13T07:10:31.256+0000] {dagbag.py:540} INFO - Filling up the DagBag from /home/airflow/.local/lib/python3.8/site-packages/airflow/example_dags/example_branch_operator.py
[2024-03-13T07:10:31.271+0000] {processor.py:840} INFO - DAG(s) 'example_branch_operator' retrieved from /home/airflow/.local/lib/python3.8/site-packages/airflow/example_dags/example_branch_operator.py
[2024-03-13T07:10:31.296+0000] {logging_mixin.py:188} INFO - [2024-03-13T07:10:31.295+0000] {dag.py:3047} INFO - Sync 1 DAGs
[2024-03-13T07:10:31.317+0000] {logging_mixin.py:188} INFO - [2024-03-13T07:10:31.316+0000] {dag.py:3834} INFO - Setting next_dagrun for example_branch_operator to 2024-03-12 00:00:00+00:00, run_after=2024-03-13 00:00:00+00:00
[2024-03-13T07:10:31.336+0000] {processor.py:183} INFO - Processing /home/airflow/.local/lib/python3.8/site-packages/airflow/example_dags/example_branch_operator.py took 0.086 seconds
[2024-03-13T07:11:01.532+0000] {processor.py:161} INFO - Started process (PID=226) to work on /home/airflow/.local/lib/python3.8/site-packages/airflow/example_dags/example_branch_operator.py
[2024-03-13T07:11:01.533+0000] {processor.py:830} INFO - Processing file /home/airflow/.local/lib/python3.8/site-packages/airflow/example_dags/example_branch_operator.py for tasks to queue
[2024-03-13T07:11:01.535+0000] {logging_mixin.py:188} INFO - [2024-03-13T07:11:01.535+0000] {dagbag.py:540} INFO - Filling up the DagBag from /home/airflow/.local/lib/python3.8/site-packages/airflow/example_dags/example_branch_operator.py
[2024-03-13T07:11:01.550+0000] {processor.py:840} INFO - DAG(s) 'example_branch_operator' retrieved from /home/airflow/.local/lib/python3.8/site-packages/airflow/example_dags/example_branch_operator.py
[2024-03-13T07:11:01.574+0000] {logging_mixin.py:188} INFO - [2024-03-13T07:11:01.574+0000] {dag.py:3047} INFO - Sync 1 DAGs
[2024-03-13T07:11:01.599+0000] {logging_mixin.py:188} INFO - [2024-03-13T07:11:01.598+0000] {dag.py:3834} INFO - Setting next_dagrun for example_branch_operator to 2024-03-12 00:00:00+00:00, run_after=2024-03-13 00:00:00+00:00
[2024-03-13T07:11:01.619+0000] {processor.py:183} INFO - Processing /home/airflow/.local/lib/python3.8/site-packages/airflow/example_dags/example_branch_operator.py took 0.090 seconds
[2024-03-13T07:11:31.983+0000] {processor.py:161} INFO - Started process (PID=283) to work on /home/airflow/.local/lib/python3.8/site-packages/airflow/example_dags/example_branch_operator.py
[2024-03-13T07:11:31.984+0000] {processor.py:830} INFO - Processing file /home/airflow/.local/lib/python3.8/site-packages/airflow/example_dags/example_branch_operator.py for tasks to queue
[2024-03-13T07:11:31.985+0000] {logging_mixin.py:188} INFO - [2024-03-13T07:11:31.985+0000] {dagbag.py:540} INFO - Filling up the DagBag from /home/airflow/.local/lib/python3.8/site-packages/airflow/example_dags/example_branch_operator.py
[2024-03-13T07:11:31.999+0000] {processor.py:840} INFO - DAG(s) 'example_branch_operator' retrieved from /home/airflow/.local/lib/python3.8/site-packages/airflow/example_dags/example_branch_operator.py
[2024-03-13T07:11:32.021+0000] {logging_mixin.py:188} INFO - [2024-03-13T07:11:32.021+0000] {dag.py:3047} INFO - Sync 1 DAGs
[2024-03-13T07:11:32.039+0000] {logging_mixin.py:188} INFO - [2024-03-13T07:11:32.039+0000] {dag.py:3834} INFO - Setting next_dagrun for example_branch_operator to 2024-03-12 00:00:00+00:00, run_after=2024-03-13 00:00:00+00:00
[2024-03-13T07:11:32.055+0000] {processor.py:183} INFO - Processing /home/airflow/.local/lib/python3.8/site-packages/airflow/example_dags/example_branch_operator.py took 0.076 seconds
