[2024-03-13T06:40:19.704+0000] {processor.py:161} INFO - Started process (PID=439) to work on /home/airflow/.local/lib/python3.8/site-packages/airflow/example_dags/example_nested_branch_dag.py
[2024-03-13T06:40:19.705+0000] {processor.py:830} INFO - Processing file /home/airflow/.local/lib/python3.8/site-packages/airflow/example_dags/example_nested_branch_dag.py for tasks to queue
[2024-03-13T06:40:19.706+0000] {logging_mixin.py:188} INFO - [2024-03-13T06:40:19.706+0000] {dagbag.py:540} INFO - Filling up the DagBag from /home/airflow/.local/lib/python3.8/site-packages/airflow/example_dags/example_nested_branch_dag.py
[2024-03-13T06:40:19.714+0000] {processor.py:840} INFO - DAG(s) 'example_nested_branch_dag' retrieved from /home/airflow/.local/lib/python3.8/site-packages/airflow/example_dags/example_nested_branch_dag.py
[2024-03-13T06:40:19.730+0000] {logging_mixin.py:188} INFO - [2024-03-13T06:40:19.730+0000] {dag.py:3047} INFO - Sync 1 DAGs
[2024-03-13T06:40:19.748+0000] {logging_mixin.py:188} INFO - [2024-03-13T06:40:19.747+0000] {dag.py:3834} INFO - Setting next_dagrun for example_nested_branch_dag to 2024-03-12 00:00:00+00:00, run_after=2024-03-13 00:00:00+00:00
[2024-03-13T06:40:19.764+0000] {processor.py:183} INFO - Processing /home/airflow/.local/lib/python3.8/site-packages/airflow/example_dags/example_nested_branch_dag.py took 0.062 seconds
[2024-03-13T06:40:50.091+0000] {processor.py:161} INFO - Started process (PID=495) to work on /home/airflow/.local/lib/python3.8/site-packages/airflow/example_dags/example_nested_branch_dag.py
[2024-03-13T06:40:50.092+0000] {processor.py:830} INFO - Processing file /home/airflow/.local/lib/python3.8/site-packages/airflow/example_dags/example_nested_branch_dag.py for tasks to queue
[2024-03-13T06:40:50.093+0000] {logging_mixin.py:188} INFO - [2024-03-13T06:40:50.092+0000] {dagbag.py:540} INFO - Filling up the DagBag from /home/airflow/.local/lib/python3.8/site-packages/airflow/example_dags/example_nested_branch_dag.py
[2024-03-13T06:40:50.100+0000] {processor.py:840} INFO - DAG(s) 'example_nested_branch_dag' retrieved from /home/airflow/.local/lib/python3.8/site-packages/airflow/example_dags/example_nested_branch_dag.py
[2024-03-13T06:40:50.118+0000] {logging_mixin.py:188} INFO - [2024-03-13T06:40:50.118+0000] {dag.py:3047} INFO - Sync 1 DAGs
[2024-03-13T06:40:50.136+0000] {logging_mixin.py:188} INFO - [2024-03-13T06:40:50.136+0000] {dag.py:3834} INFO - Setting next_dagrun for example_nested_branch_dag to 2024-03-12 00:00:00+00:00, run_after=2024-03-13 00:00:00+00:00
[2024-03-13T06:40:50.153+0000] {processor.py:183} INFO - Processing /home/airflow/.local/lib/python3.8/site-packages/airflow/example_dags/example_nested_branch_dag.py took 0.064 seconds
[2024-03-13T06:41:20.571+0000] {processor.py:161} INFO - Started process (PID=551) to work on /home/airflow/.local/lib/python3.8/site-packages/airflow/example_dags/example_nested_branch_dag.py
[2024-03-13T06:41:20.572+0000] {processor.py:830} INFO - Processing file /home/airflow/.local/lib/python3.8/site-packages/airflow/example_dags/example_nested_branch_dag.py for tasks to queue
[2024-03-13T06:41:20.573+0000] {logging_mixin.py:188} INFO - [2024-03-13T06:41:20.573+0000] {dagbag.py:540} INFO - Filling up the DagBag from /home/airflow/.local/lib/python3.8/site-packages/airflow/example_dags/example_nested_branch_dag.py
[2024-03-13T06:41:20.580+0000] {processor.py:840} INFO - DAG(s) 'example_nested_branch_dag' retrieved from /home/airflow/.local/lib/python3.8/site-packages/airflow/example_dags/example_nested_branch_dag.py
[2024-03-13T06:41:20.596+0000] {logging_mixin.py:188} INFO - [2024-03-13T06:41:20.596+0000] {dag.py:3047} INFO - Sync 1 DAGs
[2024-03-13T06:41:20.613+0000] {logging_mixin.py:188} INFO - [2024-03-13T06:41:20.613+0000] {dag.py:3834} INFO - Setting next_dagrun for example_nested_branch_dag to 2024-03-12 00:00:00+00:00, run_after=2024-03-13 00:00:00+00:00
[2024-03-13T06:41:20.630+0000] {processor.py:183} INFO - Processing /home/airflow/.local/lib/python3.8/site-packages/airflow/example_dags/example_nested_branch_dag.py took 0.061 seconds
[2024-03-13T06:41:51.230+0000] {processor.py:161} INFO - Started process (PID=607) to work on /home/airflow/.local/lib/python3.8/site-packages/airflow/example_dags/example_nested_branch_dag.py
[2024-03-13T06:41:51.231+0000] {processor.py:830} INFO - Processing file /home/airflow/.local/lib/python3.8/site-packages/airflow/example_dags/example_nested_branch_dag.py for tasks to queue
[2024-03-13T06:41:51.232+0000] {logging_mixin.py:188} INFO - [2024-03-13T06:41:51.231+0000] {dagbag.py:540} INFO - Filling up the DagBag from /home/airflow/.local/lib/python3.8/site-packages/airflow/example_dags/example_nested_branch_dag.py
[2024-03-13T06:41:51.239+0000] {processor.py:840} INFO - DAG(s) 'example_nested_branch_dag' retrieved from /home/airflow/.local/lib/python3.8/site-packages/airflow/example_dags/example_nested_branch_dag.py
[2024-03-13T06:41:51.256+0000] {logging_mixin.py:188} INFO - [2024-03-13T06:41:51.256+0000] {dag.py:3047} INFO - Sync 1 DAGs
[2024-03-13T06:41:51.274+0000] {logging_mixin.py:188} INFO - [2024-03-13T06:41:51.274+0000] {dag.py:3834} INFO - Setting next_dagrun for example_nested_branch_dag to 2024-03-12 00:00:00+00:00, run_after=2024-03-13 00:00:00+00:00
[2024-03-13T06:41:51.301+0000] {processor.py:183} INFO - Processing /home/airflow/.local/lib/python3.8/site-packages/airflow/example_dags/example_nested_branch_dag.py took 0.074 seconds
[2024-03-13T06:42:21.551+0000] {processor.py:161} INFO - Started process (PID=663) to work on /home/airflow/.local/lib/python3.8/site-packages/airflow/example_dags/example_nested_branch_dag.py
[2024-03-13T06:42:21.552+0000] {processor.py:830} INFO - Processing file /home/airflow/.local/lib/python3.8/site-packages/airflow/example_dags/example_nested_branch_dag.py for tasks to queue
[2024-03-13T06:42:21.553+0000] {logging_mixin.py:188} INFO - [2024-03-13T06:42:21.553+0000] {dagbag.py:540} INFO - Filling up the DagBag from /home/airflow/.local/lib/python3.8/site-packages/airflow/example_dags/example_nested_branch_dag.py
[2024-03-13T06:42:21.561+0000] {processor.py:840} INFO - DAG(s) 'example_nested_branch_dag' retrieved from /home/airflow/.local/lib/python3.8/site-packages/airflow/example_dags/example_nested_branch_dag.py
[2024-03-13T06:42:21.578+0000] {logging_mixin.py:188} INFO - [2024-03-13T06:42:21.578+0000] {dag.py:3047} INFO - Sync 1 DAGs
[2024-03-13T06:42:21.596+0000] {logging_mixin.py:188} INFO - [2024-03-13T06:42:21.596+0000] {dag.py:3834} INFO - Setting next_dagrun for example_nested_branch_dag to 2024-03-12 00:00:00+00:00, run_after=2024-03-13 00:00:00+00:00
[2024-03-13T06:42:21.612+0000] {processor.py:183} INFO - Processing /home/airflow/.local/lib/python3.8/site-packages/airflow/example_dags/example_nested_branch_dag.py took 0.063 seconds
[2024-03-13T06:42:51.814+0000] {processor.py:161} INFO - Started process (PID=719) to work on /home/airflow/.local/lib/python3.8/site-packages/airflow/example_dags/example_nested_branch_dag.py
[2024-03-13T06:42:51.815+0000] {processor.py:830} INFO - Processing file /home/airflow/.local/lib/python3.8/site-packages/airflow/example_dags/example_nested_branch_dag.py for tasks to queue
[2024-03-13T06:42:51.816+0000] {logging_mixin.py:188} INFO - [2024-03-13T06:42:51.816+0000] {dagbag.py:540} INFO - Filling up the DagBag from /home/airflow/.local/lib/python3.8/site-packages/airflow/example_dags/example_nested_branch_dag.py
[2024-03-13T06:42:51.824+0000] {processor.py:840} INFO - DAG(s) 'example_nested_branch_dag' retrieved from /home/airflow/.local/lib/python3.8/site-packages/airflow/example_dags/example_nested_branch_dag.py
[2024-03-13T06:42:51.841+0000] {logging_mixin.py:188} INFO - [2024-03-13T06:42:51.841+0000] {dag.py:3047} INFO - Sync 1 DAGs
[2024-03-13T06:42:51.859+0000] {logging_mixin.py:188} INFO - [2024-03-13T06:42:51.858+0000] {dag.py:3834} INFO - Setting next_dagrun for example_nested_branch_dag to 2024-03-12 00:00:00+00:00, run_after=2024-03-13 00:00:00+00:00
[2024-03-13T06:42:51.874+0000] {processor.py:183} INFO - Processing /home/airflow/.local/lib/python3.8/site-packages/airflow/example_dags/example_nested_branch_dag.py took 0.062 seconds
[2024-03-13T06:43:22.138+0000] {processor.py:161} INFO - Started process (PID=775) to work on /home/airflow/.local/lib/python3.8/site-packages/airflow/example_dags/example_nested_branch_dag.py
[2024-03-13T06:43:22.139+0000] {processor.py:830} INFO - Processing file /home/airflow/.local/lib/python3.8/site-packages/airflow/example_dags/example_nested_branch_dag.py for tasks to queue
[2024-03-13T06:43:22.140+0000] {logging_mixin.py:188} INFO - [2024-03-13T06:43:22.140+0000] {dagbag.py:540} INFO - Filling up the DagBag from /home/airflow/.local/lib/python3.8/site-packages/airflow/example_dags/example_nested_branch_dag.py
[2024-03-13T06:43:22.147+0000] {processor.py:840} INFO - DAG(s) 'example_nested_branch_dag' retrieved from /home/airflow/.local/lib/python3.8/site-packages/airflow/example_dags/example_nested_branch_dag.py
[2024-03-13T06:43:22.163+0000] {logging_mixin.py:188} INFO - [2024-03-13T06:43:22.163+0000] {dag.py:3047} INFO - Sync 1 DAGs
[2024-03-13T06:43:22.180+0000] {logging_mixin.py:188} INFO - [2024-03-13T06:43:22.180+0000] {dag.py:3834} INFO - Setting next_dagrun for example_nested_branch_dag to 2024-03-12 00:00:00+00:00, run_after=2024-03-13 00:00:00+00:00
[2024-03-13T06:43:22.196+0000] {processor.py:183} INFO - Processing /home/airflow/.local/lib/python3.8/site-packages/airflow/example_dags/example_nested_branch_dag.py took 0.060 seconds
[2024-03-13T06:43:52.647+0000] {processor.py:161} INFO - Started process (PID=831) to work on /home/airflow/.local/lib/python3.8/site-packages/airflow/example_dags/example_nested_branch_dag.py
[2024-03-13T06:43:52.648+0000] {processor.py:830} INFO - Processing file /home/airflow/.local/lib/python3.8/site-packages/airflow/example_dags/example_nested_branch_dag.py for tasks to queue
[2024-03-13T06:43:52.649+0000] {logging_mixin.py:188} INFO - [2024-03-13T06:43:52.649+0000] {dagbag.py:540} INFO - Filling up the DagBag from /home/airflow/.local/lib/python3.8/site-packages/airflow/example_dags/example_nested_branch_dag.py
[2024-03-13T06:43:52.657+0000] {processor.py:840} INFO - DAG(s) 'example_nested_branch_dag' retrieved from /home/airflow/.local/lib/python3.8/site-packages/airflow/example_dags/example_nested_branch_dag.py
[2024-03-13T06:43:52.673+0000] {logging_mixin.py:188} INFO - [2024-03-13T06:43:52.673+0000] {dag.py:3047} INFO - Sync 1 DAGs
[2024-03-13T06:43:52.690+0000] {logging_mixin.py:188} INFO - [2024-03-13T06:43:52.690+0000] {dag.py:3834} INFO - Setting next_dagrun for example_nested_branch_dag to 2024-03-12 00:00:00+00:00, run_after=2024-03-13 00:00:00+00:00
[2024-03-13T06:43:52.707+0000] {processor.py:183} INFO - Processing /home/airflow/.local/lib/python3.8/site-packages/airflow/example_dags/example_nested_branch_dag.py took 0.062 seconds
[2024-03-13T06:44:22.989+0000] {processor.py:161} INFO - Started process (PID=887) to work on /home/airflow/.local/lib/python3.8/site-packages/airflow/example_dags/example_nested_branch_dag.py
[2024-03-13T06:44:22.990+0000] {processor.py:830} INFO - Processing file /home/airflow/.local/lib/python3.8/site-packages/airflow/example_dags/example_nested_branch_dag.py for tasks to queue
[2024-03-13T06:44:22.991+0000] {logging_mixin.py:188} INFO - [2024-03-13T06:44:22.991+0000] {dagbag.py:540} INFO - Filling up the DagBag from /home/airflow/.local/lib/python3.8/site-packages/airflow/example_dags/example_nested_branch_dag.py
[2024-03-13T06:44:22.998+0000] {processor.py:840} INFO - DAG(s) 'example_nested_branch_dag' retrieved from /home/airflow/.local/lib/python3.8/site-packages/airflow/example_dags/example_nested_branch_dag.py
[2024-03-13T06:44:23.015+0000] {logging_mixin.py:188} INFO - [2024-03-13T06:44:23.015+0000] {dag.py:3047} INFO - Sync 1 DAGs
[2024-03-13T06:44:23.032+0000] {logging_mixin.py:188} INFO - [2024-03-13T06:44:23.031+0000] {dag.py:3834} INFO - Setting next_dagrun for example_nested_branch_dag to 2024-03-12 00:00:00+00:00, run_after=2024-03-13 00:00:00+00:00
[2024-03-13T06:44:23.048+0000] {processor.py:183} INFO - Processing /home/airflow/.local/lib/python3.8/site-packages/airflow/example_dags/example_nested_branch_dag.py took 0.061 seconds
[2024-03-13T06:44:53.317+0000] {processor.py:161} INFO - Started process (PID=943) to work on /home/airflow/.local/lib/python3.8/site-packages/airflow/example_dags/example_nested_branch_dag.py
[2024-03-13T06:44:53.319+0000] {processor.py:830} INFO - Processing file /home/airflow/.local/lib/python3.8/site-packages/airflow/example_dags/example_nested_branch_dag.py for tasks to queue
[2024-03-13T06:44:53.320+0000] {logging_mixin.py:188} INFO - [2024-03-13T06:44:53.319+0000] {dagbag.py:540} INFO - Filling up the DagBag from /home/airflow/.local/lib/python3.8/site-packages/airflow/example_dags/example_nested_branch_dag.py
[2024-03-13T06:44:53.329+0000] {processor.py:840} INFO - DAG(s) 'example_nested_branch_dag' retrieved from /home/airflow/.local/lib/python3.8/site-packages/airflow/example_dags/example_nested_branch_dag.py
[2024-03-13T06:44:53.353+0000] {logging_mixin.py:188} INFO - [2024-03-13T06:44:53.353+0000] {dag.py:3047} INFO - Sync 1 DAGs
[2024-03-13T06:44:53.374+0000] {logging_mixin.py:188} INFO - [2024-03-13T06:44:53.374+0000] {dag.py:3834} INFO - Setting next_dagrun for example_nested_branch_dag to 2024-03-12 00:00:00+00:00, run_after=2024-03-13 00:00:00+00:00
[2024-03-13T06:44:53.395+0000] {processor.py:183} INFO - Processing /home/airflow/.local/lib/python3.8/site-packages/airflow/example_dags/example_nested_branch_dag.py took 0.080 seconds
[2024-03-13T06:45:23.497+0000] {processor.py:161} INFO - Started process (PID=1000) to work on /home/airflow/.local/lib/python3.8/site-packages/airflow/example_dags/example_nested_branch_dag.py
[2024-03-13T06:45:23.498+0000] {processor.py:830} INFO - Processing file /home/airflow/.local/lib/python3.8/site-packages/airflow/example_dags/example_nested_branch_dag.py for tasks to queue
[2024-03-13T06:45:23.498+0000] {logging_mixin.py:188} INFO - [2024-03-13T06:45:23.498+0000] {dagbag.py:540} INFO - Filling up the DagBag from /home/airflow/.local/lib/python3.8/site-packages/airflow/example_dags/example_nested_branch_dag.py
[2024-03-13T06:45:23.507+0000] {processor.py:840} INFO - DAG(s) 'example_nested_branch_dag' retrieved from /home/airflow/.local/lib/python3.8/site-packages/airflow/example_dags/example_nested_branch_dag.py
[2024-03-13T06:45:23.524+0000] {logging_mixin.py:188} INFO - [2024-03-13T06:45:23.524+0000] {dag.py:3047} INFO - Sync 1 DAGs
[2024-03-13T06:45:23.542+0000] {logging_mixin.py:188} INFO - [2024-03-13T06:45:23.541+0000] {dag.py:3834} INFO - Setting next_dagrun for example_nested_branch_dag to 2024-03-12 00:00:00+00:00, run_after=2024-03-13 00:00:00+00:00
[2024-03-13T06:45:23.561+0000] {processor.py:183} INFO - Processing /home/airflow/.local/lib/python3.8/site-packages/airflow/example_dags/example_nested_branch_dag.py took 0.067 seconds
[2024-03-13T06:45:53.987+0000] {processor.py:161} INFO - Started process (PID=1056) to work on /home/airflow/.local/lib/python3.8/site-packages/airflow/example_dags/example_nested_branch_dag.py
[2024-03-13T06:45:53.988+0000] {processor.py:830} INFO - Processing file /home/airflow/.local/lib/python3.8/site-packages/airflow/example_dags/example_nested_branch_dag.py for tasks to queue
[2024-03-13T06:45:53.989+0000] {logging_mixin.py:188} INFO - [2024-03-13T06:45:53.989+0000] {dagbag.py:540} INFO - Filling up the DagBag from /home/airflow/.local/lib/python3.8/site-packages/airflow/example_dags/example_nested_branch_dag.py
[2024-03-13T06:45:53.997+0000] {processor.py:840} INFO - DAG(s) 'example_nested_branch_dag' retrieved from /home/airflow/.local/lib/python3.8/site-packages/airflow/example_dags/example_nested_branch_dag.py
[2024-03-13T06:45:54.015+0000] {logging_mixin.py:188} INFO - [2024-03-13T06:45:54.015+0000] {dag.py:3047} INFO - Sync 1 DAGs
[2024-03-13T06:45:54.035+0000] {logging_mixin.py:188} INFO - [2024-03-13T06:45:54.035+0000] {dag.py:3834} INFO - Setting next_dagrun for example_nested_branch_dag to 2024-03-12 00:00:00+00:00, run_after=2024-03-13 00:00:00+00:00
[2024-03-13T06:45:54.053+0000] {processor.py:183} INFO - Processing /home/airflow/.local/lib/python3.8/site-packages/airflow/example_dags/example_nested_branch_dag.py took 0.069 seconds
[2024-03-13T06:46:24.583+0000] {processor.py:161} INFO - Started process (PID=1112) to work on /home/airflow/.local/lib/python3.8/site-packages/airflow/example_dags/example_nested_branch_dag.py
[2024-03-13T06:46:24.584+0000] {processor.py:830} INFO - Processing file /home/airflow/.local/lib/python3.8/site-packages/airflow/example_dags/example_nested_branch_dag.py for tasks to queue
[2024-03-13T06:46:24.585+0000] {logging_mixin.py:188} INFO - [2024-03-13T06:46:24.585+0000] {dagbag.py:540} INFO - Filling up the DagBag from /home/airflow/.local/lib/python3.8/site-packages/airflow/example_dags/example_nested_branch_dag.py
[2024-03-13T06:46:24.593+0000] {processor.py:840} INFO - DAG(s) 'example_nested_branch_dag' retrieved from /home/airflow/.local/lib/python3.8/site-packages/airflow/example_dags/example_nested_branch_dag.py
[2024-03-13T06:46:24.611+0000] {logging_mixin.py:188} INFO - [2024-03-13T06:46:24.610+0000] {dag.py:3047} INFO - Sync 1 DAGs
[2024-03-13T06:46:24.628+0000] {logging_mixin.py:188} INFO - [2024-03-13T06:46:24.628+0000] {dag.py:3834} INFO - Setting next_dagrun for example_nested_branch_dag to 2024-03-12 00:00:00+00:00, run_after=2024-03-13 00:00:00+00:00
[2024-03-13T06:46:24.644+0000] {processor.py:183} INFO - Processing /home/airflow/.local/lib/python3.8/site-packages/airflow/example_dags/example_nested_branch_dag.py took 0.064 seconds
[2024-03-13T06:46:54.974+0000] {processor.py:161} INFO - Started process (PID=1175) to work on /home/airflow/.local/lib/python3.8/site-packages/airflow/example_dags/example_nested_branch_dag.py
[2024-03-13T06:46:54.975+0000] {processor.py:830} INFO - Processing file /home/airflow/.local/lib/python3.8/site-packages/airflow/example_dags/example_nested_branch_dag.py for tasks to queue
[2024-03-13T06:46:54.976+0000] {logging_mixin.py:188} INFO - [2024-03-13T06:46:54.976+0000] {dagbag.py:540} INFO - Filling up the DagBag from /home/airflow/.local/lib/python3.8/site-packages/airflow/example_dags/example_nested_branch_dag.py
[2024-03-13T06:46:54.986+0000] {processor.py:840} INFO - DAG(s) 'example_nested_branch_dag' retrieved from /home/airflow/.local/lib/python3.8/site-packages/airflow/example_dags/example_nested_branch_dag.py
[2024-03-13T06:46:55.004+0000] {logging_mixin.py:188} INFO - [2024-03-13T06:46:55.003+0000] {dag.py:3047} INFO - Sync 1 DAGs
[2024-03-13T06:46:55.022+0000] {logging_mixin.py:188} INFO - [2024-03-13T06:46:55.022+0000] {dag.py:3834} INFO - Setting next_dagrun for example_nested_branch_dag to 2024-03-12 00:00:00+00:00, run_after=2024-03-13 00:00:00+00:00
[2024-03-13T06:46:55.038+0000] {processor.py:183} INFO - Processing /home/airflow/.local/lib/python3.8/site-packages/airflow/example_dags/example_nested_branch_dag.py took 0.067 seconds
[2024-03-13T06:47:25.415+0000] {processor.py:161} INFO - Started process (PID=1231) to work on /home/airflow/.local/lib/python3.8/site-packages/airflow/example_dags/example_nested_branch_dag.py
[2024-03-13T06:47:25.416+0000] {processor.py:830} INFO - Processing file /home/airflow/.local/lib/python3.8/site-packages/airflow/example_dags/example_nested_branch_dag.py for tasks to queue
[2024-03-13T06:47:25.417+0000] {logging_mixin.py:188} INFO - [2024-03-13T06:47:25.417+0000] {dagbag.py:540} INFO - Filling up the DagBag from /home/airflow/.local/lib/python3.8/site-packages/airflow/example_dags/example_nested_branch_dag.py
[2024-03-13T06:47:25.426+0000] {processor.py:840} INFO - DAG(s) 'example_nested_branch_dag' retrieved from /home/airflow/.local/lib/python3.8/site-packages/airflow/example_dags/example_nested_branch_dag.py
[2024-03-13T06:47:25.448+0000] {logging_mixin.py:188} INFO - [2024-03-13T06:47:25.448+0000] {dag.py:3047} INFO - Sync 1 DAGs
[2024-03-13T06:47:25.469+0000] {logging_mixin.py:188} INFO - [2024-03-13T06:47:25.469+0000] {dag.py:3834} INFO - Setting next_dagrun for example_nested_branch_dag to 2024-03-12 00:00:00+00:00, run_after=2024-03-13 00:00:00+00:00
[2024-03-13T06:47:25.493+0000] {processor.py:183} INFO - Processing /home/airflow/.local/lib/python3.8/site-packages/airflow/example_dags/example_nested_branch_dag.py took 0.082 seconds
[2024-03-13T06:47:56.428+0000] {processor.py:161} INFO - Started process (PID=1287) to work on /home/airflow/.local/lib/python3.8/site-packages/airflow/example_dags/example_nested_branch_dag.py
[2024-03-13T06:47:56.429+0000] {processor.py:830} INFO - Processing file /home/airflow/.local/lib/python3.8/site-packages/airflow/example_dags/example_nested_branch_dag.py for tasks to queue
[2024-03-13T06:47:56.430+0000] {logging_mixin.py:188} INFO - [2024-03-13T06:47:56.430+0000] {dagbag.py:540} INFO - Filling up the DagBag from /home/airflow/.local/lib/python3.8/site-packages/airflow/example_dags/example_nested_branch_dag.py
[2024-03-13T06:47:56.439+0000] {processor.py:840} INFO - DAG(s) 'example_nested_branch_dag' retrieved from /home/airflow/.local/lib/python3.8/site-packages/airflow/example_dags/example_nested_branch_dag.py
[2024-03-13T06:47:56.456+0000] {logging_mixin.py:188} INFO - [2024-03-13T06:47:56.456+0000] {dag.py:3047} INFO - Sync 1 DAGs
[2024-03-13T06:47:56.473+0000] {logging_mixin.py:188} INFO - [2024-03-13T06:47:56.473+0000] {dag.py:3834} INFO - Setting next_dagrun for example_nested_branch_dag to 2024-03-12 00:00:00+00:00, run_after=2024-03-13 00:00:00+00:00
[2024-03-13T06:47:56.492+0000] {processor.py:183} INFO - Processing /home/airflow/.local/lib/python3.8/site-packages/airflow/example_dags/example_nested_branch_dag.py took 0.066 seconds
[2024-03-13T06:48:26.805+0000] {processor.py:161} INFO - Started process (PID=1343) to work on /home/airflow/.local/lib/python3.8/site-packages/airflow/example_dags/example_nested_branch_dag.py
[2024-03-13T06:48:26.806+0000] {processor.py:830} INFO - Processing file /home/airflow/.local/lib/python3.8/site-packages/airflow/example_dags/example_nested_branch_dag.py for tasks to queue
[2024-03-13T06:48:26.807+0000] {logging_mixin.py:188} INFO - [2024-03-13T06:48:26.807+0000] {dagbag.py:540} INFO - Filling up the DagBag from /home/airflow/.local/lib/python3.8/site-packages/airflow/example_dags/example_nested_branch_dag.py
[2024-03-13T06:48:26.816+0000] {processor.py:840} INFO - DAG(s) 'example_nested_branch_dag' retrieved from /home/airflow/.local/lib/python3.8/site-packages/airflow/example_dags/example_nested_branch_dag.py
[2024-03-13T06:48:26.833+0000] {logging_mixin.py:188} INFO - [2024-03-13T06:48:26.833+0000] {dag.py:3047} INFO - Sync 1 DAGs
[2024-03-13T06:48:26.851+0000] {logging_mixin.py:188} INFO - [2024-03-13T06:48:26.851+0000] {dag.py:3834} INFO - Setting next_dagrun for example_nested_branch_dag to 2024-03-12 00:00:00+00:00, run_after=2024-03-13 00:00:00+00:00
[2024-03-13T06:48:26.869+0000] {processor.py:183} INFO - Processing /home/airflow/.local/lib/python3.8/site-packages/airflow/example_dags/example_nested_branch_dag.py took 0.067 seconds
[2024-03-13T06:48:57.085+0000] {processor.py:161} INFO - Started process (PID=1401) to work on /home/airflow/.local/lib/python3.8/site-packages/airflow/example_dags/example_nested_branch_dag.py
[2024-03-13T06:48:57.086+0000] {processor.py:830} INFO - Processing file /home/airflow/.local/lib/python3.8/site-packages/airflow/example_dags/example_nested_branch_dag.py for tasks to queue
[2024-03-13T06:48:57.087+0000] {logging_mixin.py:188} INFO - [2024-03-13T06:48:57.087+0000] {dagbag.py:540} INFO - Filling up the DagBag from /home/airflow/.local/lib/python3.8/site-packages/airflow/example_dags/example_nested_branch_dag.py
[2024-03-13T06:48:57.095+0000] {processor.py:840} INFO - DAG(s) 'example_nested_branch_dag' retrieved from /home/airflow/.local/lib/python3.8/site-packages/airflow/example_dags/example_nested_branch_dag.py
[2024-03-13T06:48:57.113+0000] {logging_mixin.py:188} INFO - [2024-03-13T06:48:57.112+0000] {dag.py:3047} INFO - Sync 1 DAGs
[2024-03-13T06:48:57.131+0000] {logging_mixin.py:188} INFO - [2024-03-13T06:48:57.130+0000] {dag.py:3834} INFO - Setting next_dagrun for example_nested_branch_dag to 2024-03-12 00:00:00+00:00, run_after=2024-03-13 00:00:00+00:00
[2024-03-13T06:48:57.146+0000] {processor.py:183} INFO - Processing /home/airflow/.local/lib/python3.8/site-packages/airflow/example_dags/example_nested_branch_dag.py took 0.063 seconds
[2024-03-13T06:49:27.360+0000] {processor.py:161} INFO - Started process (PID=1457) to work on /home/airflow/.local/lib/python3.8/site-packages/airflow/example_dags/example_nested_branch_dag.py
[2024-03-13T06:49:27.361+0000] {processor.py:830} INFO - Processing file /home/airflow/.local/lib/python3.8/site-packages/airflow/example_dags/example_nested_branch_dag.py for tasks to queue
[2024-03-13T06:49:27.362+0000] {logging_mixin.py:188} INFO - [2024-03-13T06:49:27.362+0000] {dagbag.py:540} INFO - Filling up the DagBag from /home/airflow/.local/lib/python3.8/site-packages/airflow/example_dags/example_nested_branch_dag.py
[2024-03-13T06:49:27.371+0000] {processor.py:840} INFO - DAG(s) 'example_nested_branch_dag' retrieved from /home/airflow/.local/lib/python3.8/site-packages/airflow/example_dags/example_nested_branch_dag.py
[2024-03-13T06:49:27.387+0000] {logging_mixin.py:188} INFO - [2024-03-13T06:49:27.387+0000] {dag.py:3047} INFO - Sync 1 DAGs
[2024-03-13T06:49:27.405+0000] {logging_mixin.py:188} INFO - [2024-03-13T06:49:27.405+0000] {dag.py:3834} INFO - Setting next_dagrun for example_nested_branch_dag to 2024-03-12 00:00:00+00:00, run_after=2024-03-13 00:00:00+00:00
[2024-03-13T06:49:27.421+0000] {processor.py:183} INFO - Processing /home/airflow/.local/lib/python3.8/site-packages/airflow/example_dags/example_nested_branch_dag.py took 0.063 seconds
[2024-03-13T06:49:57.579+0000] {processor.py:161} INFO - Started process (PID=1515) to work on /home/airflow/.local/lib/python3.8/site-packages/airflow/example_dags/example_nested_branch_dag.py
[2024-03-13T06:49:57.580+0000] {processor.py:830} INFO - Processing file /home/airflow/.local/lib/python3.8/site-packages/airflow/example_dags/example_nested_branch_dag.py for tasks to queue
[2024-03-13T06:49:57.581+0000] {logging_mixin.py:188} INFO - [2024-03-13T06:49:57.580+0000] {dagbag.py:540} INFO - Filling up the DagBag from /home/airflow/.local/lib/python3.8/site-packages/airflow/example_dags/example_nested_branch_dag.py
[2024-03-13T06:49:57.589+0000] {processor.py:840} INFO - DAG(s) 'example_nested_branch_dag' retrieved from /home/airflow/.local/lib/python3.8/site-packages/airflow/example_dags/example_nested_branch_dag.py
[2024-03-13T06:49:57.604+0000] {logging_mixin.py:188} INFO - [2024-03-13T06:49:57.604+0000] {dag.py:3047} INFO - Sync 1 DAGs
[2024-03-13T06:49:57.620+0000] {logging_mixin.py:188} INFO - [2024-03-13T06:49:57.620+0000] {dag.py:3834} INFO - Setting next_dagrun for example_nested_branch_dag to 2024-03-12 00:00:00+00:00, run_after=2024-03-13 00:00:00+00:00
[2024-03-13T06:49:57.638+0000] {processor.py:183} INFO - Processing /home/airflow/.local/lib/python3.8/site-packages/airflow/example_dags/example_nested_branch_dag.py took 0.061 seconds
[2024-03-13T06:50:27.749+0000] {processor.py:161} INFO - Started process (PID=1571) to work on /home/airflow/.local/lib/python3.8/site-packages/airflow/example_dags/example_nested_branch_dag.py
[2024-03-13T06:50:27.750+0000] {processor.py:830} INFO - Processing file /home/airflow/.local/lib/python3.8/site-packages/airflow/example_dags/example_nested_branch_dag.py for tasks to queue
[2024-03-13T06:50:27.751+0000] {logging_mixin.py:188} INFO - [2024-03-13T06:50:27.751+0000] {dagbag.py:540} INFO - Filling up the DagBag from /home/airflow/.local/lib/python3.8/site-packages/airflow/example_dags/example_nested_branch_dag.py
[2024-03-13T06:50:27.758+0000] {processor.py:840} INFO - DAG(s) 'example_nested_branch_dag' retrieved from /home/airflow/.local/lib/python3.8/site-packages/airflow/example_dags/example_nested_branch_dag.py
[2024-03-13T06:50:27.775+0000] {logging_mixin.py:188} INFO - [2024-03-13T06:50:27.774+0000] {dag.py:3047} INFO - Sync 1 DAGs
[2024-03-13T06:50:27.792+0000] {logging_mixin.py:188} INFO - [2024-03-13T06:50:27.792+0000] {dag.py:3834} INFO - Setting next_dagrun for example_nested_branch_dag to 2024-03-12 00:00:00+00:00, run_after=2024-03-13 00:00:00+00:00
[2024-03-13T06:50:27.806+0000] {processor.py:183} INFO - Processing /home/airflow/.local/lib/python3.8/site-packages/airflow/example_dags/example_nested_branch_dag.py took 0.060 seconds
[2024-03-13T06:50:57.954+0000] {processor.py:161} INFO - Started process (PID=1631) to work on /home/airflow/.local/lib/python3.8/site-packages/airflow/example_dags/example_nested_branch_dag.py
[2024-03-13T06:50:57.955+0000] {processor.py:830} INFO - Processing file /home/airflow/.local/lib/python3.8/site-packages/airflow/example_dags/example_nested_branch_dag.py for tasks to queue
[2024-03-13T06:50:57.956+0000] {logging_mixin.py:188} INFO - [2024-03-13T06:50:57.956+0000] {dagbag.py:540} INFO - Filling up the DagBag from /home/airflow/.local/lib/python3.8/site-packages/airflow/example_dags/example_nested_branch_dag.py
[2024-03-13T06:50:57.963+0000] {processor.py:840} INFO - DAG(s) 'example_nested_branch_dag' retrieved from /home/airflow/.local/lib/python3.8/site-packages/airflow/example_dags/example_nested_branch_dag.py
[2024-03-13T06:50:57.979+0000] {logging_mixin.py:188} INFO - [2024-03-13T06:50:57.978+0000] {dag.py:3047} INFO - Sync 1 DAGs
[2024-03-13T06:50:57.995+0000] {logging_mixin.py:188} INFO - [2024-03-13T06:50:57.995+0000] {dag.py:3834} INFO - Setting next_dagrun for example_nested_branch_dag to 2024-03-12 00:00:00+00:00, run_after=2024-03-13 00:00:00+00:00
[2024-03-13T06:50:58.011+0000] {processor.py:183} INFO - Processing /home/airflow/.local/lib/python3.8/site-packages/airflow/example_dags/example_nested_branch_dag.py took 0.059 seconds
[2024-03-13T06:51:28.348+0000] {processor.py:161} INFO - Started process (PID=1690) to work on /home/airflow/.local/lib/python3.8/site-packages/airflow/example_dags/example_nested_branch_dag.py
[2024-03-13T06:51:28.349+0000] {processor.py:830} INFO - Processing file /home/airflow/.local/lib/python3.8/site-packages/airflow/example_dags/example_nested_branch_dag.py for tasks to queue
[2024-03-13T06:51:28.350+0000] {logging_mixin.py:188} INFO - [2024-03-13T06:51:28.349+0000] {dagbag.py:540} INFO - Filling up the DagBag from /home/airflow/.local/lib/python3.8/site-packages/airflow/example_dags/example_nested_branch_dag.py
[2024-03-13T06:51:28.357+0000] {processor.py:840} INFO - DAG(s) 'example_nested_branch_dag' retrieved from /home/airflow/.local/lib/python3.8/site-packages/airflow/example_dags/example_nested_branch_dag.py
[2024-03-13T06:51:28.375+0000] {logging_mixin.py:188} INFO - [2024-03-13T06:51:28.375+0000] {dag.py:3047} INFO - Sync 1 DAGs
[2024-03-13T06:51:28.393+0000] {logging_mixin.py:188} INFO - [2024-03-13T06:51:28.392+0000] {dag.py:3834} INFO - Setting next_dagrun for example_nested_branch_dag to 2024-03-12 00:00:00+00:00, run_after=2024-03-13 00:00:00+00:00
[2024-03-13T06:51:28.408+0000] {processor.py:183} INFO - Processing /home/airflow/.local/lib/python3.8/site-packages/airflow/example_dags/example_nested_branch_dag.py took 0.063 seconds
[2024-03-13T06:52:18.648+0000] {processor.py:161} INFO - Started process (PID=47) to work on /home/airflow/.local/lib/python3.8/site-packages/airflow/example_dags/example_nested_branch_dag.py
[2024-03-13T06:52:18.649+0000] {processor.py:830} INFO - Processing file /home/airflow/.local/lib/python3.8/site-packages/airflow/example_dags/example_nested_branch_dag.py for tasks to queue
[2024-03-13T06:52:18.651+0000] {logging_mixin.py:188} INFO - [2024-03-13T06:52:18.651+0000] {dagbag.py:540} INFO - Filling up the DagBag from /home/airflow/.local/lib/python3.8/site-packages/airflow/example_dags/example_nested_branch_dag.py
[2024-03-13T06:52:18.664+0000] {processor.py:840} INFO - DAG(s) 'example_nested_branch_dag' retrieved from /home/airflow/.local/lib/python3.8/site-packages/airflow/example_dags/example_nested_branch_dag.py
[2024-03-13T06:52:18.679+0000] {logging_mixin.py:188} INFO - [2024-03-13T06:52:18.678+0000] {dag.py:3047} INFO - Sync 1 DAGs
[2024-03-13T06:52:18.701+0000] {logging_mixin.py:188} INFO - [2024-03-13T06:52:18.701+0000] {dag.py:3834} INFO - Setting next_dagrun for example_nested_branch_dag to 2024-03-12 00:00:00+00:00, run_after=2024-03-13 00:00:00+00:00
[2024-03-13T06:52:18.723+0000] {processor.py:183} INFO - Processing /home/airflow/.local/lib/python3.8/site-packages/airflow/example_dags/example_nested_branch_dag.py took 0.078 seconds
[2024-03-13T06:52:49.184+0000] {processor.py:161} INFO - Started process (PID=103) to work on /home/airflow/.local/lib/python3.8/site-packages/airflow/example_dags/example_nested_branch_dag.py
[2024-03-13T06:52:49.185+0000] {processor.py:830} INFO - Processing file /home/airflow/.local/lib/python3.8/site-packages/airflow/example_dags/example_nested_branch_dag.py for tasks to queue
[2024-03-13T06:52:49.186+0000] {logging_mixin.py:188} INFO - [2024-03-13T06:52:49.186+0000] {dagbag.py:540} INFO - Filling up the DagBag from /home/airflow/.local/lib/python3.8/site-packages/airflow/example_dags/example_nested_branch_dag.py
[2024-03-13T06:52:49.194+0000] {processor.py:840} INFO - DAG(s) 'example_nested_branch_dag' retrieved from /home/airflow/.local/lib/python3.8/site-packages/airflow/example_dags/example_nested_branch_dag.py
[2024-03-13T06:52:49.261+0000] {logging_mixin.py:188} INFO - [2024-03-13T06:52:49.261+0000] {dag.py:3047} INFO - Sync 1 DAGs
[2024-03-13T06:52:49.276+0000] {logging_mixin.py:188} INFO - [2024-03-13T06:52:49.276+0000] {dag.py:3834} INFO - Setting next_dagrun for example_nested_branch_dag to 2024-03-12 00:00:00+00:00, run_after=2024-03-13 00:00:00+00:00
[2024-03-13T06:52:49.293+0000] {processor.py:183} INFO - Processing /home/airflow/.local/lib/python3.8/site-packages/airflow/example_dags/example_nested_branch_dag.py took 0.112 seconds
[2024-03-13T06:53:19.754+0000] {processor.py:161} INFO - Started process (PID=159) to work on /home/airflow/.local/lib/python3.8/site-packages/airflow/example_dags/example_nested_branch_dag.py
[2024-03-13T06:53:19.755+0000] {processor.py:830} INFO - Processing file /home/airflow/.local/lib/python3.8/site-packages/airflow/example_dags/example_nested_branch_dag.py for tasks to queue
[2024-03-13T06:53:19.756+0000] {logging_mixin.py:188} INFO - [2024-03-13T06:53:19.756+0000] {dagbag.py:540} INFO - Filling up the DagBag from /home/airflow/.local/lib/python3.8/site-packages/airflow/example_dags/example_nested_branch_dag.py
[2024-03-13T06:53:19.765+0000] {processor.py:840} INFO - DAG(s) 'example_nested_branch_dag' retrieved from /home/airflow/.local/lib/python3.8/site-packages/airflow/example_dags/example_nested_branch_dag.py
[2024-03-13T06:53:19.784+0000] {logging_mixin.py:188} INFO - [2024-03-13T06:53:19.784+0000] {dag.py:3047} INFO - Sync 1 DAGs
[2024-03-13T06:53:19.803+0000] {logging_mixin.py:188} INFO - [2024-03-13T06:53:19.803+0000] {dag.py:3834} INFO - Setting next_dagrun for example_nested_branch_dag to 2024-03-12 00:00:00+00:00, run_after=2024-03-13 00:00:00+00:00
[2024-03-13T06:53:19.823+0000] {processor.py:183} INFO - Processing /home/airflow/.local/lib/python3.8/site-packages/airflow/example_dags/example_nested_branch_dag.py took 0.072 seconds
[2024-03-13T06:53:50.192+0000] {processor.py:161} INFO - Started process (PID=215) to work on /home/airflow/.local/lib/python3.8/site-packages/airflow/example_dags/example_nested_branch_dag.py
[2024-03-13T06:53:50.193+0000] {processor.py:830} INFO - Processing file /home/airflow/.local/lib/python3.8/site-packages/airflow/example_dags/example_nested_branch_dag.py for tasks to queue
[2024-03-13T06:53:50.195+0000] {logging_mixin.py:188} INFO - [2024-03-13T06:53:50.195+0000] {dagbag.py:540} INFO - Filling up the DagBag from /home/airflow/.local/lib/python3.8/site-packages/airflow/example_dags/example_nested_branch_dag.py
[2024-03-13T06:53:50.204+0000] {processor.py:840} INFO - DAG(s) 'example_nested_branch_dag' retrieved from /home/airflow/.local/lib/python3.8/site-packages/airflow/example_dags/example_nested_branch_dag.py
[2024-03-13T06:53:50.222+0000] {logging_mixin.py:188} INFO - [2024-03-13T06:53:50.222+0000] {dag.py:3047} INFO - Sync 1 DAGs
[2024-03-13T06:53:50.240+0000] {logging_mixin.py:188} INFO - [2024-03-13T06:53:50.240+0000] {dag.py:3834} INFO - Setting next_dagrun for example_nested_branch_dag to 2024-03-12 00:00:00+00:00, run_after=2024-03-13 00:00:00+00:00
[2024-03-13T06:53:50.259+0000] {processor.py:183} INFO - Processing /home/airflow/.local/lib/python3.8/site-packages/airflow/example_dags/example_nested_branch_dag.py took 0.069 seconds
[2024-03-13T06:54:20.676+0000] {processor.py:161} INFO - Started process (PID=270) to work on /home/airflow/.local/lib/python3.8/site-packages/airflow/example_dags/example_nested_branch_dag.py
[2024-03-13T06:54:20.677+0000] {processor.py:830} INFO - Processing file /home/airflow/.local/lib/python3.8/site-packages/airflow/example_dags/example_nested_branch_dag.py for tasks to queue
[2024-03-13T06:54:20.679+0000] {logging_mixin.py:188} INFO - [2024-03-13T06:54:20.678+0000] {dagbag.py:540} INFO - Filling up the DagBag from /home/airflow/.local/lib/python3.8/site-packages/airflow/example_dags/example_nested_branch_dag.py
[2024-03-13T06:54:20.686+0000] {processor.py:840} INFO - DAG(s) 'example_nested_branch_dag' retrieved from /home/airflow/.local/lib/python3.8/site-packages/airflow/example_dags/example_nested_branch_dag.py
[2024-03-13T06:54:20.703+0000] {logging_mixin.py:188} INFO - [2024-03-13T06:54:20.703+0000] {dag.py:3047} INFO - Sync 1 DAGs
[2024-03-13T06:54:20.720+0000] {logging_mixin.py:188} INFO - [2024-03-13T06:54:20.720+0000] {dag.py:3834} INFO - Setting next_dagrun for example_nested_branch_dag to 2024-03-12 00:00:00+00:00, run_after=2024-03-13 00:00:00+00:00
[2024-03-13T06:54:20.736+0000] {processor.py:183} INFO - Processing /home/airflow/.local/lib/python3.8/site-packages/airflow/example_dags/example_nested_branch_dag.py took 0.062 seconds
[2024-03-13T06:54:50.894+0000] {processor.py:161} INFO - Started process (PID=326) to work on /home/airflow/.local/lib/python3.8/site-packages/airflow/example_dags/example_nested_branch_dag.py
[2024-03-13T06:54:50.895+0000] {processor.py:830} INFO - Processing file /home/airflow/.local/lib/python3.8/site-packages/airflow/example_dags/example_nested_branch_dag.py for tasks to queue
[2024-03-13T06:54:50.897+0000] {logging_mixin.py:188} INFO - [2024-03-13T06:54:50.897+0000] {dagbag.py:540} INFO - Filling up the DagBag from /home/airflow/.local/lib/python3.8/site-packages/airflow/example_dags/example_nested_branch_dag.py
[2024-03-13T06:54:50.907+0000] {processor.py:840} INFO - DAG(s) 'example_nested_branch_dag' retrieved from /home/airflow/.local/lib/python3.8/site-packages/airflow/example_dags/example_nested_branch_dag.py
[2024-03-13T06:54:50.928+0000] {logging_mixin.py:188} INFO - [2024-03-13T06:54:50.928+0000] {dag.py:3047} INFO - Sync 1 DAGs
[2024-03-13T06:54:50.952+0000] {logging_mixin.py:188} INFO - [2024-03-13T06:54:50.951+0000] {dag.py:3834} INFO - Setting next_dagrun for example_nested_branch_dag to 2024-03-12 00:00:00+00:00, run_after=2024-03-13 00:00:00+00:00
[2024-03-13T06:54:50.975+0000] {processor.py:183} INFO - Processing /home/airflow/.local/lib/python3.8/site-packages/airflow/example_dags/example_nested_branch_dag.py took 0.084 seconds
[2024-03-13T06:55:21.776+0000] {processor.py:161} INFO - Started process (PID=382) to work on /home/airflow/.local/lib/python3.8/site-packages/airflow/example_dags/example_nested_branch_dag.py
[2024-03-13T06:55:21.777+0000] {processor.py:830} INFO - Processing file /home/airflow/.local/lib/python3.8/site-packages/airflow/example_dags/example_nested_branch_dag.py for tasks to queue
[2024-03-13T06:55:21.779+0000] {logging_mixin.py:188} INFO - [2024-03-13T06:55:21.779+0000] {dagbag.py:540} INFO - Filling up the DagBag from /home/airflow/.local/lib/python3.8/site-packages/airflow/example_dags/example_nested_branch_dag.py
[2024-03-13T06:55:21.788+0000] {processor.py:840} INFO - DAG(s) 'example_nested_branch_dag' retrieved from /home/airflow/.local/lib/python3.8/site-packages/airflow/example_dags/example_nested_branch_dag.py
[2024-03-13T06:55:21.807+0000] {logging_mixin.py:188} INFO - [2024-03-13T06:55:21.807+0000] {dag.py:3047} INFO - Sync 1 DAGs
[2024-03-13T06:55:21.829+0000] {logging_mixin.py:188} INFO - [2024-03-13T06:55:21.829+0000] {dag.py:3834} INFO - Setting next_dagrun for example_nested_branch_dag to 2024-03-12 00:00:00+00:00, run_after=2024-03-13 00:00:00+00:00
[2024-03-13T06:55:21.851+0000] {processor.py:183} INFO - Processing /home/airflow/.local/lib/python3.8/site-packages/airflow/example_dags/example_nested_branch_dag.py took 0.077 seconds
[2024-03-13T06:55:52.764+0000] {processor.py:161} INFO - Started process (PID=439) to work on /home/airflow/.local/lib/python3.8/site-packages/airflow/example_dags/example_nested_branch_dag.py
[2024-03-13T06:55:52.765+0000] {processor.py:830} INFO - Processing file /home/airflow/.local/lib/python3.8/site-packages/airflow/example_dags/example_nested_branch_dag.py for tasks to queue
[2024-03-13T06:55:52.767+0000] {logging_mixin.py:188} INFO - [2024-03-13T06:55:52.766+0000] {dagbag.py:540} INFO - Filling up the DagBag from /home/airflow/.local/lib/python3.8/site-packages/airflow/example_dags/example_nested_branch_dag.py
[2024-03-13T06:55:52.774+0000] {processor.py:840} INFO - DAG(s) 'example_nested_branch_dag' retrieved from /home/airflow/.local/lib/python3.8/site-packages/airflow/example_dags/example_nested_branch_dag.py
[2024-03-13T06:55:52.791+0000] {logging_mixin.py:188} INFO - [2024-03-13T06:55:52.790+0000] {dag.py:3047} INFO - Sync 1 DAGs
[2024-03-13T06:55:52.810+0000] {logging_mixin.py:188} INFO - [2024-03-13T06:55:52.810+0000] {dag.py:3834} INFO - Setting next_dagrun for example_nested_branch_dag to 2024-03-12 00:00:00+00:00, run_after=2024-03-13 00:00:00+00:00
[2024-03-13T06:55:52.825+0000] {processor.py:183} INFO - Processing /home/airflow/.local/lib/python3.8/site-packages/airflow/example_dags/example_nested_branch_dag.py took 0.063 seconds
[2024-03-13T06:56:23.608+0000] {processor.py:161} INFO - Started process (PID=496) to work on /home/airflow/.local/lib/python3.8/site-packages/airflow/example_dags/example_nested_branch_dag.py
[2024-03-13T06:56:23.609+0000] {processor.py:830} INFO - Processing file /home/airflow/.local/lib/python3.8/site-packages/airflow/example_dags/example_nested_branch_dag.py for tasks to queue
[2024-03-13T06:56:23.610+0000] {logging_mixin.py:188} INFO - [2024-03-13T06:56:23.610+0000] {dagbag.py:540} INFO - Filling up the DagBag from /home/airflow/.local/lib/python3.8/site-packages/airflow/example_dags/example_nested_branch_dag.py
[2024-03-13T06:56:23.617+0000] {processor.py:840} INFO - DAG(s) 'example_nested_branch_dag' retrieved from /home/airflow/.local/lib/python3.8/site-packages/airflow/example_dags/example_nested_branch_dag.py
[2024-03-13T06:56:23.633+0000] {logging_mixin.py:188} INFO - [2024-03-13T06:56:23.633+0000] {dag.py:3047} INFO - Sync 1 DAGs
[2024-03-13T06:56:23.651+0000] {logging_mixin.py:188} INFO - [2024-03-13T06:56:23.650+0000] {dag.py:3834} INFO - Setting next_dagrun for example_nested_branch_dag to 2024-03-12 00:00:00+00:00, run_after=2024-03-13 00:00:00+00:00
[2024-03-13T06:56:23.667+0000] {processor.py:183} INFO - Processing /home/airflow/.local/lib/python3.8/site-packages/airflow/example_dags/example_nested_branch_dag.py took 0.062 seconds
[2024-03-13T07:02:11.909+0000] {processor.py:161} INFO - Started process (PID=47) to work on /home/airflow/.local/lib/python3.8/site-packages/airflow/example_dags/example_nested_branch_dag.py
[2024-03-13T07:02:11.910+0000] {processor.py:830} INFO - Processing file /home/airflow/.local/lib/python3.8/site-packages/airflow/example_dags/example_nested_branch_dag.py for tasks to queue
[2024-03-13T07:02:11.912+0000] {logging_mixin.py:188} INFO - [2024-03-13T07:02:11.912+0000] {dagbag.py:540} INFO - Filling up the DagBag from /home/airflow/.local/lib/python3.8/site-packages/airflow/example_dags/example_nested_branch_dag.py
[2024-03-13T07:02:11.924+0000] {processor.py:840} INFO - DAG(s) 'example_nested_branch_dag' retrieved from /home/airflow/.local/lib/python3.8/site-packages/airflow/example_dags/example_nested_branch_dag.py
[2024-03-13T07:02:11.938+0000] {logging_mixin.py:188} INFO - [2024-03-13T07:02:11.938+0000] {dag.py:3047} INFO - Sync 1 DAGs
[2024-03-13T07:02:11.960+0000] {logging_mixin.py:188} INFO - [2024-03-13T07:02:11.960+0000] {dag.py:3834} INFO - Setting next_dagrun for example_nested_branch_dag to 2024-03-12 00:00:00+00:00, run_after=2024-03-13 00:00:00+00:00
[2024-03-13T07:02:11.984+0000] {processor.py:183} INFO - Processing /home/airflow/.local/lib/python3.8/site-packages/airflow/example_dags/example_nested_branch_dag.py took 0.078 seconds
[2024-03-13T07:02:42.808+0000] {processor.py:161} INFO - Started process (PID=104) to work on /home/airflow/.local/lib/python3.8/site-packages/airflow/example_dags/example_nested_branch_dag.py
[2024-03-13T07:02:42.809+0000] {processor.py:830} INFO - Processing file /home/airflow/.local/lib/python3.8/site-packages/airflow/example_dags/example_nested_branch_dag.py for tasks to queue
[2024-03-13T07:02:42.811+0000] {logging_mixin.py:188} INFO - [2024-03-13T07:02:42.810+0000] {dagbag.py:540} INFO - Filling up the DagBag from /home/airflow/.local/lib/python3.8/site-packages/airflow/example_dags/example_nested_branch_dag.py
[2024-03-13T07:02:42.818+0000] {processor.py:840} INFO - DAG(s) 'example_nested_branch_dag' retrieved from /home/airflow/.local/lib/python3.8/site-packages/airflow/example_dags/example_nested_branch_dag.py
[2024-03-13T07:02:42.891+0000] {logging_mixin.py:188} INFO - [2024-03-13T07:02:42.890+0000] {dag.py:3047} INFO - Sync 1 DAGs
[2024-03-13T07:02:42.908+0000] {logging_mixin.py:188} INFO - [2024-03-13T07:02:42.907+0000] {dag.py:3834} INFO - Setting next_dagrun for example_nested_branch_dag to 2024-03-12 00:00:00+00:00, run_after=2024-03-13 00:00:00+00:00
[2024-03-13T07:02:42.924+0000] {processor.py:183} INFO - Processing /home/airflow/.local/lib/python3.8/site-packages/airflow/example_dags/example_nested_branch_dag.py took 0.119 seconds
[2024-03-13T07:03:13.315+0000] {processor.py:161} INFO - Started process (PID=160) to work on /home/airflow/.local/lib/python3.8/site-packages/airflow/example_dags/example_nested_branch_dag.py
[2024-03-13T07:03:13.316+0000] {processor.py:830} INFO - Processing file /home/airflow/.local/lib/python3.8/site-packages/airflow/example_dags/example_nested_branch_dag.py for tasks to queue
[2024-03-13T07:03:13.317+0000] {logging_mixin.py:188} INFO - [2024-03-13T07:03:13.317+0000] {dagbag.py:540} INFO - Filling up the DagBag from /home/airflow/.local/lib/python3.8/site-packages/airflow/example_dags/example_nested_branch_dag.py
[2024-03-13T07:03:13.325+0000] {processor.py:840} INFO - DAG(s) 'example_nested_branch_dag' retrieved from /home/airflow/.local/lib/python3.8/site-packages/airflow/example_dags/example_nested_branch_dag.py
[2024-03-13T07:03:13.340+0000] {logging_mixin.py:188} INFO - [2024-03-13T07:03:13.340+0000] {dag.py:3047} INFO - Sync 1 DAGs
[2024-03-13T07:03:13.356+0000] {logging_mixin.py:188} INFO - [2024-03-13T07:03:13.356+0000] {dag.py:3834} INFO - Setting next_dagrun for example_nested_branch_dag to 2024-03-12 00:00:00+00:00, run_after=2024-03-13 00:00:00+00:00
[2024-03-13T07:03:13.375+0000] {processor.py:183} INFO - Processing /home/airflow/.local/lib/python3.8/site-packages/airflow/example_dags/example_nested_branch_dag.py took 0.063 seconds
[2024-03-13T07:03:43.728+0000] {processor.py:161} INFO - Started process (PID=216) to work on /home/airflow/.local/lib/python3.8/site-packages/airflow/example_dags/example_nested_branch_dag.py
[2024-03-13T07:03:43.729+0000] {processor.py:830} INFO - Processing file /home/airflow/.local/lib/python3.8/site-packages/airflow/example_dags/example_nested_branch_dag.py for tasks to queue
[2024-03-13T07:03:43.730+0000] {logging_mixin.py:188} INFO - [2024-03-13T07:03:43.730+0000] {dagbag.py:540} INFO - Filling up the DagBag from /home/airflow/.local/lib/python3.8/site-packages/airflow/example_dags/example_nested_branch_dag.py
[2024-03-13T07:03:43.738+0000] {processor.py:840} INFO - DAG(s) 'example_nested_branch_dag' retrieved from /home/airflow/.local/lib/python3.8/site-packages/airflow/example_dags/example_nested_branch_dag.py
[2024-03-13T07:03:43.755+0000] {logging_mixin.py:188} INFO - [2024-03-13T07:03:43.755+0000] {dag.py:3047} INFO - Sync 1 DAGs
[2024-03-13T07:03:43.772+0000] {logging_mixin.py:188} INFO - [2024-03-13T07:03:43.771+0000] {dag.py:3834} INFO - Setting next_dagrun for example_nested_branch_dag to 2024-03-12 00:00:00+00:00, run_after=2024-03-13 00:00:00+00:00
[2024-03-13T07:03:43.787+0000] {processor.py:183} INFO - Processing /home/airflow/.local/lib/python3.8/site-packages/airflow/example_dags/example_nested_branch_dag.py took 0.061 seconds
[2024-03-13T07:04:14.223+0000] {processor.py:161} INFO - Started process (PID=272) to work on /home/airflow/.local/lib/python3.8/site-packages/airflow/example_dags/example_nested_branch_dag.py
[2024-03-13T07:04:14.224+0000] {processor.py:830} INFO - Processing file /home/airflow/.local/lib/python3.8/site-packages/airflow/example_dags/example_nested_branch_dag.py for tasks to queue
[2024-03-13T07:04:14.226+0000] {logging_mixin.py:188} INFO - [2024-03-13T07:04:14.225+0000] {dagbag.py:540} INFO - Filling up the DagBag from /home/airflow/.local/lib/python3.8/site-packages/airflow/example_dags/example_nested_branch_dag.py
[2024-03-13T07:04:14.235+0000] {processor.py:840} INFO - DAG(s) 'example_nested_branch_dag' retrieved from /home/airflow/.local/lib/python3.8/site-packages/airflow/example_dags/example_nested_branch_dag.py
[2024-03-13T07:04:14.251+0000] {logging_mixin.py:188} INFO - [2024-03-13T07:04:14.251+0000] {dag.py:3047} INFO - Sync 1 DAGs
[2024-03-13T07:04:14.267+0000] {logging_mixin.py:188} INFO - [2024-03-13T07:04:14.267+0000] {dag.py:3834} INFO - Setting next_dagrun for example_nested_branch_dag to 2024-03-12 00:00:00+00:00, run_after=2024-03-13 00:00:00+00:00
[2024-03-13T07:04:14.284+0000] {processor.py:183} INFO - Processing /home/airflow/.local/lib/python3.8/site-packages/airflow/example_dags/example_nested_branch_dag.py took 0.063 seconds
[2024-03-13T07:04:44.813+0000] {processor.py:161} INFO - Started process (PID=328) to work on /home/airflow/.local/lib/python3.8/site-packages/airflow/example_dags/example_nested_branch_dag.py
[2024-03-13T07:04:44.814+0000] {processor.py:830} INFO - Processing file /home/airflow/.local/lib/python3.8/site-packages/airflow/example_dags/example_nested_branch_dag.py for tasks to queue
[2024-03-13T07:04:44.815+0000] {logging_mixin.py:188} INFO - [2024-03-13T07:04:44.815+0000] {dagbag.py:540} INFO - Filling up the DagBag from /home/airflow/.local/lib/python3.8/site-packages/airflow/example_dags/example_nested_branch_dag.py
[2024-03-13T07:04:44.823+0000] {processor.py:840} INFO - DAG(s) 'example_nested_branch_dag' retrieved from /home/airflow/.local/lib/python3.8/site-packages/airflow/example_dags/example_nested_branch_dag.py
[2024-03-13T07:04:44.838+0000] {logging_mixin.py:188} INFO - [2024-03-13T07:04:44.838+0000] {dag.py:3047} INFO - Sync 1 DAGs
[2024-03-13T07:04:44.855+0000] {logging_mixin.py:188} INFO - [2024-03-13T07:04:44.855+0000] {dag.py:3834} INFO - Setting next_dagrun for example_nested_branch_dag to 2024-03-12 00:00:00+00:00, run_after=2024-03-13 00:00:00+00:00
[2024-03-13T07:04:44.871+0000] {processor.py:183} INFO - Processing /home/airflow/.local/lib/python3.8/site-packages/airflow/example_dags/example_nested_branch_dag.py took 0.061 seconds
[2024-03-13T07:05:15.110+0000] {processor.py:161} INFO - Started process (PID=384) to work on /home/airflow/.local/lib/python3.8/site-packages/airflow/example_dags/example_nested_branch_dag.py
[2024-03-13T07:05:15.111+0000] {processor.py:830} INFO - Processing file /home/airflow/.local/lib/python3.8/site-packages/airflow/example_dags/example_nested_branch_dag.py for tasks to queue
[2024-03-13T07:05:15.112+0000] {logging_mixin.py:188} INFO - [2024-03-13T07:05:15.112+0000] {dagbag.py:540} INFO - Filling up the DagBag from /home/airflow/.local/lib/python3.8/site-packages/airflow/example_dags/example_nested_branch_dag.py
[2024-03-13T07:05:15.121+0000] {processor.py:840} INFO - DAG(s) 'example_nested_branch_dag' retrieved from /home/airflow/.local/lib/python3.8/site-packages/airflow/example_dags/example_nested_branch_dag.py
[2024-03-13T07:05:15.138+0000] {logging_mixin.py:188} INFO - [2024-03-13T07:05:15.138+0000] {dag.py:3047} INFO - Sync 1 DAGs
[2024-03-13T07:05:15.154+0000] {logging_mixin.py:188} INFO - [2024-03-13T07:05:15.154+0000] {dag.py:3834} INFO - Setting next_dagrun for example_nested_branch_dag to 2024-03-12 00:00:00+00:00, run_after=2024-03-13 00:00:00+00:00
[2024-03-13T07:05:15.170+0000] {processor.py:183} INFO - Processing /home/airflow/.local/lib/python3.8/site-packages/airflow/example_dags/example_nested_branch_dag.py took 0.063 seconds
[2024-03-13T07:05:45.451+0000] {processor.py:161} INFO - Started process (PID=440) to work on /home/airflow/.local/lib/python3.8/site-packages/airflow/example_dags/example_nested_branch_dag.py
[2024-03-13T07:05:45.452+0000] {processor.py:830} INFO - Processing file /home/airflow/.local/lib/python3.8/site-packages/airflow/example_dags/example_nested_branch_dag.py for tasks to queue
[2024-03-13T07:05:45.454+0000] {logging_mixin.py:188} INFO - [2024-03-13T07:05:45.453+0000] {dagbag.py:540} INFO - Filling up the DagBag from /home/airflow/.local/lib/python3.8/site-packages/airflow/example_dags/example_nested_branch_dag.py
[2024-03-13T07:05:45.461+0000] {processor.py:840} INFO - DAG(s) 'example_nested_branch_dag' retrieved from /home/airflow/.local/lib/python3.8/site-packages/airflow/example_dags/example_nested_branch_dag.py
[2024-03-13T07:05:45.477+0000] {logging_mixin.py:188} INFO - [2024-03-13T07:05:45.476+0000] {dag.py:3047} INFO - Sync 1 DAGs
[2024-03-13T07:05:45.494+0000] {logging_mixin.py:188} INFO - [2024-03-13T07:05:45.494+0000] {dag.py:3834} INFO - Setting next_dagrun for example_nested_branch_dag to 2024-03-12 00:00:00+00:00, run_after=2024-03-13 00:00:00+00:00
[2024-03-13T07:05:45.510+0000] {processor.py:183} INFO - Processing /home/airflow/.local/lib/python3.8/site-packages/airflow/example_dags/example_nested_branch_dag.py took 0.061 seconds
[2024-03-13T07:06:15.791+0000] {processor.py:161} INFO - Started process (PID=496) to work on /home/airflow/.local/lib/python3.8/site-packages/airflow/example_dags/example_nested_branch_dag.py
[2024-03-13T07:06:15.792+0000] {processor.py:830} INFO - Processing file /home/airflow/.local/lib/python3.8/site-packages/airflow/example_dags/example_nested_branch_dag.py for tasks to queue
[2024-03-13T07:06:15.793+0000] {logging_mixin.py:188} INFO - [2024-03-13T07:06:15.793+0000] {dagbag.py:540} INFO - Filling up the DagBag from /home/airflow/.local/lib/python3.8/site-packages/airflow/example_dags/example_nested_branch_dag.py
[2024-03-13T07:06:15.801+0000] {processor.py:840} INFO - DAG(s) 'example_nested_branch_dag' retrieved from /home/airflow/.local/lib/python3.8/site-packages/airflow/example_dags/example_nested_branch_dag.py
[2024-03-13T07:06:15.817+0000] {logging_mixin.py:188} INFO - [2024-03-13T07:06:15.816+0000] {dag.py:3047} INFO - Sync 1 DAGs
[2024-03-13T07:06:15.833+0000] {logging_mixin.py:188} INFO - [2024-03-13T07:06:15.833+0000] {dag.py:3834} INFO - Setting next_dagrun for example_nested_branch_dag to 2024-03-12 00:00:00+00:00, run_after=2024-03-13 00:00:00+00:00
[2024-03-13T07:06:15.850+0000] {processor.py:183} INFO - Processing /home/airflow/.local/lib/python3.8/site-packages/airflow/example_dags/example_nested_branch_dag.py took 0.061 seconds
[2024-03-13T07:06:46.237+0000] {processor.py:161} INFO - Started process (PID=552) to work on /home/airflow/.local/lib/python3.8/site-packages/airflow/example_dags/example_nested_branch_dag.py
[2024-03-13T07:06:46.238+0000] {processor.py:830} INFO - Processing file /home/airflow/.local/lib/python3.8/site-packages/airflow/example_dags/example_nested_branch_dag.py for tasks to queue
[2024-03-13T07:06:46.240+0000] {logging_mixin.py:188} INFO - [2024-03-13T07:06:46.239+0000] {dagbag.py:540} INFO - Filling up the DagBag from /home/airflow/.local/lib/python3.8/site-packages/airflow/example_dags/example_nested_branch_dag.py
[2024-03-13T07:06:46.248+0000] {processor.py:840} INFO - DAG(s) 'example_nested_branch_dag' retrieved from /home/airflow/.local/lib/python3.8/site-packages/airflow/example_dags/example_nested_branch_dag.py
[2024-03-13T07:06:46.265+0000] {logging_mixin.py:188} INFO - [2024-03-13T07:06:46.264+0000] {dag.py:3047} INFO - Sync 1 DAGs
[2024-03-13T07:06:46.283+0000] {logging_mixin.py:188} INFO - [2024-03-13T07:06:46.283+0000] {dag.py:3834} INFO - Setting next_dagrun for example_nested_branch_dag to 2024-03-12 00:00:00+00:00, run_after=2024-03-13 00:00:00+00:00
[2024-03-13T07:06:46.301+0000] {processor.py:183} INFO - Processing /home/airflow/.local/lib/python3.8/site-packages/airflow/example_dags/example_nested_branch_dag.py took 0.066 seconds
[2024-03-13T07:07:16.638+0000] {processor.py:161} INFO - Started process (PID=608) to work on /home/airflow/.local/lib/python3.8/site-packages/airflow/example_dags/example_nested_branch_dag.py
[2024-03-13T07:07:16.639+0000] {processor.py:830} INFO - Processing file /home/airflow/.local/lib/python3.8/site-packages/airflow/example_dags/example_nested_branch_dag.py for tasks to queue
[2024-03-13T07:07:16.640+0000] {logging_mixin.py:188} INFO - [2024-03-13T07:07:16.640+0000] {dagbag.py:540} INFO - Filling up the DagBag from /home/airflow/.local/lib/python3.8/site-packages/airflow/example_dags/example_nested_branch_dag.py
[2024-03-13T07:07:16.648+0000] {processor.py:840} INFO - DAG(s) 'example_nested_branch_dag' retrieved from /home/airflow/.local/lib/python3.8/site-packages/airflow/example_dags/example_nested_branch_dag.py
[2024-03-13T07:07:16.666+0000] {logging_mixin.py:188} INFO - [2024-03-13T07:07:16.665+0000] {dag.py:3047} INFO - Sync 1 DAGs
[2024-03-13T07:07:16.684+0000] {logging_mixin.py:188} INFO - [2024-03-13T07:07:16.684+0000] {dag.py:3834} INFO - Setting next_dagrun for example_nested_branch_dag to 2024-03-12 00:00:00+00:00, run_after=2024-03-13 00:00:00+00:00
[2024-03-13T07:07:16.703+0000] {processor.py:183} INFO - Processing /home/airflow/.local/lib/python3.8/site-packages/airflow/example_dags/example_nested_branch_dag.py took 0.068 seconds
[2024-03-13T07:09:29.522+0000] {processor.py:161} INFO - Started process (PID=48) to work on /home/airflow/.local/lib/python3.8/site-packages/airflow/example_dags/example_nested_branch_dag.py
[2024-03-13T07:09:29.523+0000] {processor.py:830} INFO - Processing file /home/airflow/.local/lib/python3.8/site-packages/airflow/example_dags/example_nested_branch_dag.py for tasks to queue
[2024-03-13T07:09:29.525+0000] {logging_mixin.py:188} INFO - [2024-03-13T07:09:29.525+0000] {dagbag.py:540} INFO - Filling up the DagBag from /home/airflow/.local/lib/python3.8/site-packages/airflow/example_dags/example_nested_branch_dag.py
[2024-03-13T07:09:29.535+0000] {processor.py:840} INFO - DAG(s) 'example_nested_branch_dag' retrieved from /home/airflow/.local/lib/python3.8/site-packages/airflow/example_dags/example_nested_branch_dag.py
[2024-03-13T07:09:29.547+0000] {logging_mixin.py:188} INFO - [2024-03-13T07:09:29.547+0000] {dag.py:3047} INFO - Sync 1 DAGs
[2024-03-13T07:09:29.565+0000] {logging_mixin.py:188} INFO - [2024-03-13T07:09:29.565+0000] {dag.py:3834} INFO - Setting next_dagrun for example_nested_branch_dag to 2024-03-12 00:00:00+00:00, run_after=2024-03-13 00:00:00+00:00
[2024-03-13T07:09:29.584+0000] {processor.py:183} INFO - Processing /home/airflow/.local/lib/python3.8/site-packages/airflow/example_dags/example_nested_branch_dag.py took 0.065 seconds
[2024-03-13T07:09:59.806+0000] {processor.py:161} INFO - Started process (PID=104) to work on /home/airflow/.local/lib/python3.8/site-packages/airflow/example_dags/example_nested_branch_dag.py
[2024-03-13T07:09:59.806+0000] {processor.py:830} INFO - Processing file /home/airflow/.local/lib/python3.8/site-packages/airflow/example_dags/example_nested_branch_dag.py for tasks to queue
[2024-03-13T07:09:59.808+0000] {logging_mixin.py:188} INFO - [2024-03-13T07:09:59.808+0000] {dagbag.py:540} INFO - Filling up the DagBag from /home/airflow/.local/lib/python3.8/site-packages/airflow/example_dags/example_nested_branch_dag.py
[2024-03-13T07:09:59.815+0000] {processor.py:840} INFO - DAG(s) 'example_nested_branch_dag' retrieved from /home/airflow/.local/lib/python3.8/site-packages/airflow/example_dags/example_nested_branch_dag.py
[2024-03-13T07:09:59.887+0000] {logging_mixin.py:188} INFO - [2024-03-13T07:09:59.887+0000] {dag.py:3047} INFO - Sync 1 DAGs
[2024-03-13T07:09:59.903+0000] {logging_mixin.py:188} INFO - [2024-03-13T07:09:59.903+0000] {dag.py:3834} INFO - Setting next_dagrun for example_nested_branch_dag to 2024-03-12 00:00:00+00:00, run_after=2024-03-13 00:00:00+00:00
[2024-03-13T07:09:59.919+0000] {processor.py:183} INFO - Processing /home/airflow/.local/lib/python3.8/site-packages/airflow/example_dags/example_nested_branch_dag.py took 0.116 seconds
[2024-03-13T07:10:30.790+0000] {processor.py:161} INFO - Started process (PID=160) to work on /home/airflow/.local/lib/python3.8/site-packages/airflow/example_dags/example_nested_branch_dag.py
[2024-03-13T07:10:30.792+0000] {processor.py:830} INFO - Processing file /home/airflow/.local/lib/python3.8/site-packages/airflow/example_dags/example_nested_branch_dag.py for tasks to queue
[2024-03-13T07:10:30.794+0000] {logging_mixin.py:188} INFO - [2024-03-13T07:10:30.794+0000] {dagbag.py:540} INFO - Filling up the DagBag from /home/airflow/.local/lib/python3.8/site-packages/airflow/example_dags/example_nested_branch_dag.py
[2024-03-13T07:10:30.801+0000] {processor.py:840} INFO - DAG(s) 'example_nested_branch_dag' retrieved from /home/airflow/.local/lib/python3.8/site-packages/airflow/example_dags/example_nested_branch_dag.py
[2024-03-13T07:10:30.820+0000] {logging_mixin.py:188} INFO - [2024-03-13T07:10:30.819+0000] {dag.py:3047} INFO - Sync 1 DAGs
[2024-03-13T07:10:30.838+0000] {logging_mixin.py:188} INFO - [2024-03-13T07:10:30.837+0000] {dag.py:3834} INFO - Setting next_dagrun for example_nested_branch_dag to 2024-03-12 00:00:00+00:00, run_after=2024-03-13 00:00:00+00:00
[2024-03-13T07:10:30.858+0000] {processor.py:183} INFO - Processing /home/airflow/.local/lib/python3.8/site-packages/airflow/example_dags/example_nested_branch_dag.py took 0.072 seconds
[2024-03-13T07:11:01.087+0000] {processor.py:161} INFO - Started process (PID=216) to work on /home/airflow/.local/lib/python3.8/site-packages/airflow/example_dags/example_nested_branch_dag.py
[2024-03-13T07:11:01.088+0000] {processor.py:830} INFO - Processing file /home/airflow/.local/lib/python3.8/site-packages/airflow/example_dags/example_nested_branch_dag.py for tasks to queue
[2024-03-13T07:11:01.089+0000] {logging_mixin.py:188} INFO - [2024-03-13T07:11:01.089+0000] {dagbag.py:540} INFO - Filling up the DagBag from /home/airflow/.local/lib/python3.8/site-packages/airflow/example_dags/example_nested_branch_dag.py
[2024-03-13T07:11:01.097+0000] {processor.py:840} INFO - DAG(s) 'example_nested_branch_dag' retrieved from /home/airflow/.local/lib/python3.8/site-packages/airflow/example_dags/example_nested_branch_dag.py
[2024-03-13T07:11:01.114+0000] {logging_mixin.py:188} INFO - [2024-03-13T07:11:01.114+0000] {dag.py:3047} INFO - Sync 1 DAGs
[2024-03-13T07:11:01.132+0000] {logging_mixin.py:188} INFO - [2024-03-13T07:11:01.132+0000] {dag.py:3834} INFO - Setting next_dagrun for example_nested_branch_dag to 2024-03-12 00:00:00+00:00, run_after=2024-03-13 00:00:00+00:00
[2024-03-13T07:11:01.160+0000] {processor.py:183} INFO - Processing /home/airflow/.local/lib/python3.8/site-packages/airflow/example_dags/example_nested_branch_dag.py took 0.075 seconds
[2024-03-13T07:11:31.369+0000] {processor.py:161} INFO - Started process (PID=273) to work on /home/airflow/.local/lib/python3.8/site-packages/airflow/example_dags/example_nested_branch_dag.py
[2024-03-13T07:11:31.370+0000] {processor.py:830} INFO - Processing file /home/airflow/.local/lib/python3.8/site-packages/airflow/example_dags/example_nested_branch_dag.py for tasks to queue
[2024-03-13T07:11:31.372+0000] {logging_mixin.py:188} INFO - [2024-03-13T07:11:31.372+0000] {dagbag.py:540} INFO - Filling up the DagBag from /home/airflow/.local/lib/python3.8/site-packages/airflow/example_dags/example_nested_branch_dag.py
[2024-03-13T07:11:31.379+0000] {processor.py:840} INFO - DAG(s) 'example_nested_branch_dag' retrieved from /home/airflow/.local/lib/python3.8/site-packages/airflow/example_dags/example_nested_branch_dag.py
[2024-03-13T07:11:31.395+0000] {logging_mixin.py:188} INFO - [2024-03-13T07:11:31.395+0000] {dag.py:3047} INFO - Sync 1 DAGs
[2024-03-13T07:11:31.411+0000] {logging_mixin.py:188} INFO - [2024-03-13T07:11:31.411+0000] {dag.py:3834} INFO - Setting next_dagrun for example_nested_branch_dag to 2024-03-12 00:00:00+00:00, run_after=2024-03-13 00:00:00+00:00
[2024-03-13T07:11:31.427+0000] {processor.py:183} INFO - Processing /home/airflow/.local/lib/python3.8/site-packages/airflow/example_dags/example_nested_branch_dag.py took 0.060 seconds
