[2024-03-13T06:40:21.317+0000] {processor.py:161} INFO - Started process (PID=454) to work on /home/airflow/.local/lib/python3.8/site-packages/airflow/example_dags/example_branch_labels.py
[2024-03-13T06:40:21.318+0000] {processor.py:830} INFO - Processing file /home/airflow/.local/lib/python3.8/site-packages/airflow/example_dags/example_branch_labels.py for tasks to queue
[2024-03-13T06:40:21.319+0000] {logging_mixin.py:188} INFO - [2024-03-13T06:40:21.319+0000] {dagbag.py:540} INFO - Filling up the DagBag from /home/airflow/.local/lib/python3.8/site-packages/airflow/example_dags/example_branch_labels.py
[2024-03-13T06:40:21.326+0000] {processor.py:840} INFO - DAG(s) 'example_branch_labels' retrieved from /home/airflow/.local/lib/python3.8/site-packages/airflow/example_dags/example_branch_labels.py
[2024-03-13T06:40:21.344+0000] {logging_mixin.py:188} INFO - [2024-03-13T06:40:21.344+0000] {dag.py:3047} INFO - Sync 1 DAGs
[2024-03-13T06:40:21.362+0000] {logging_mixin.py:188} INFO - [2024-03-13T06:40:21.361+0000] {dag.py:3834} INFO - Setting next_dagrun for example_branch_labels to 2024-03-12 00:00:00+00:00, run_after=2024-03-13 00:00:00+00:00
[2024-03-13T06:40:21.378+0000] {processor.py:183} INFO - Processing /home/airflow/.local/lib/python3.8/site-packages/airflow/example_dags/example_branch_labels.py took 0.063 seconds
[2024-03-13T06:40:51.666+0000] {processor.py:161} INFO - Started process (PID=510) to work on /home/airflow/.local/lib/python3.8/site-packages/airflow/example_dags/example_branch_labels.py
[2024-03-13T06:40:51.666+0000] {processor.py:830} INFO - Processing file /home/airflow/.local/lib/python3.8/site-packages/airflow/example_dags/example_branch_labels.py for tasks to queue
[2024-03-13T06:40:51.667+0000] {logging_mixin.py:188} INFO - [2024-03-13T06:40:51.667+0000] {dagbag.py:540} INFO - Filling up the DagBag from /home/airflow/.local/lib/python3.8/site-packages/airflow/example_dags/example_branch_labels.py
[2024-03-13T06:40:51.673+0000] {processor.py:840} INFO - DAG(s) 'example_branch_labels' retrieved from /home/airflow/.local/lib/python3.8/site-packages/airflow/example_dags/example_branch_labels.py
[2024-03-13T06:40:51.689+0000] {logging_mixin.py:188} INFO - [2024-03-13T06:40:51.689+0000] {dag.py:3047} INFO - Sync 1 DAGs
[2024-03-13T06:40:51.706+0000] {logging_mixin.py:188} INFO - [2024-03-13T06:40:51.705+0000] {dag.py:3834} INFO - Setting next_dagrun for example_branch_labels to 2024-03-12 00:00:00+00:00, run_after=2024-03-13 00:00:00+00:00
[2024-03-13T06:40:51.725+0000] {processor.py:183} INFO - Processing /home/airflow/.local/lib/python3.8/site-packages/airflow/example_dags/example_branch_labels.py took 0.062 seconds
[2024-03-13T06:41:22.273+0000] {processor.py:161} INFO - Started process (PID=566) to work on /home/airflow/.local/lib/python3.8/site-packages/airflow/example_dags/example_branch_labels.py
[2024-03-13T06:41:22.274+0000] {processor.py:830} INFO - Processing file /home/airflow/.local/lib/python3.8/site-packages/airflow/example_dags/example_branch_labels.py for tasks to queue
[2024-03-13T06:41:22.275+0000] {logging_mixin.py:188} INFO - [2024-03-13T06:41:22.275+0000] {dagbag.py:540} INFO - Filling up the DagBag from /home/airflow/.local/lib/python3.8/site-packages/airflow/example_dags/example_branch_labels.py
[2024-03-13T06:41:22.281+0000] {processor.py:840} INFO - DAG(s) 'example_branch_labels' retrieved from /home/airflow/.local/lib/python3.8/site-packages/airflow/example_dags/example_branch_labels.py
[2024-03-13T06:41:22.298+0000] {logging_mixin.py:188} INFO - [2024-03-13T06:41:22.298+0000] {dag.py:3047} INFO - Sync 1 DAGs
[2024-03-13T06:41:22.315+0000] {logging_mixin.py:188} INFO - [2024-03-13T06:41:22.315+0000] {dag.py:3834} INFO - Setting next_dagrun for example_branch_labels to 2024-03-12 00:00:00+00:00, run_after=2024-03-13 00:00:00+00:00
[2024-03-13T06:41:22.331+0000] {processor.py:183} INFO - Processing /home/airflow/.local/lib/python3.8/site-packages/airflow/example_dags/example_branch_labels.py took 0.060 seconds
[2024-03-13T06:41:52.910+0000] {processor.py:161} INFO - Started process (PID=622) to work on /home/airflow/.local/lib/python3.8/site-packages/airflow/example_dags/example_branch_labels.py
[2024-03-13T06:41:52.911+0000] {processor.py:830} INFO - Processing file /home/airflow/.local/lib/python3.8/site-packages/airflow/example_dags/example_branch_labels.py for tasks to queue
[2024-03-13T06:41:52.913+0000] {logging_mixin.py:188} INFO - [2024-03-13T06:41:52.913+0000] {dagbag.py:540} INFO - Filling up the DagBag from /home/airflow/.local/lib/python3.8/site-packages/airflow/example_dags/example_branch_labels.py
[2024-03-13T06:41:52.920+0000] {processor.py:840} INFO - DAG(s) 'example_branch_labels' retrieved from /home/airflow/.local/lib/python3.8/site-packages/airflow/example_dags/example_branch_labels.py
[2024-03-13T06:41:52.939+0000] {logging_mixin.py:188} INFO - [2024-03-13T06:41:52.938+0000] {dag.py:3047} INFO - Sync 1 DAGs
[2024-03-13T06:41:52.959+0000] {logging_mixin.py:188} INFO - [2024-03-13T06:41:52.959+0000] {dag.py:3834} INFO - Setting next_dagrun for example_branch_labels to 2024-03-12 00:00:00+00:00, run_after=2024-03-13 00:00:00+00:00
[2024-03-13T06:41:52.977+0000] {processor.py:183} INFO - Processing /home/airflow/.local/lib/python3.8/site-packages/airflow/example_dags/example_branch_labels.py took 0.069 seconds
[2024-03-13T06:42:23.163+0000] {processor.py:161} INFO - Started process (PID=678) to work on /home/airflow/.local/lib/python3.8/site-packages/airflow/example_dags/example_branch_labels.py
[2024-03-13T06:42:23.164+0000] {processor.py:830} INFO - Processing file /home/airflow/.local/lib/python3.8/site-packages/airflow/example_dags/example_branch_labels.py for tasks to queue
[2024-03-13T06:42:23.165+0000] {logging_mixin.py:188} INFO - [2024-03-13T06:42:23.165+0000] {dagbag.py:540} INFO - Filling up the DagBag from /home/airflow/.local/lib/python3.8/site-packages/airflow/example_dags/example_branch_labels.py
[2024-03-13T06:42:23.170+0000] {processor.py:840} INFO - DAG(s) 'example_branch_labels' retrieved from /home/airflow/.local/lib/python3.8/site-packages/airflow/example_dags/example_branch_labels.py
[2024-03-13T06:42:23.186+0000] {logging_mixin.py:188} INFO - [2024-03-13T06:42:23.186+0000] {dag.py:3047} INFO - Sync 1 DAGs
[2024-03-13T06:42:23.204+0000] {logging_mixin.py:188} INFO - [2024-03-13T06:42:23.204+0000] {dag.py:3834} INFO - Setting next_dagrun for example_branch_labels to 2024-03-12 00:00:00+00:00, run_after=2024-03-13 00:00:00+00:00
[2024-03-13T06:42:23.221+0000] {processor.py:183} INFO - Processing /home/airflow/.local/lib/python3.8/site-packages/airflow/example_dags/example_branch_labels.py took 0.060 seconds
[2024-03-13T06:42:53.405+0000] {processor.py:161} INFO - Started process (PID=734) to work on /home/airflow/.local/lib/python3.8/site-packages/airflow/example_dags/example_branch_labels.py
[2024-03-13T06:42:53.406+0000] {processor.py:830} INFO - Processing file /home/airflow/.local/lib/python3.8/site-packages/airflow/example_dags/example_branch_labels.py for tasks to queue
[2024-03-13T06:42:53.407+0000] {logging_mixin.py:188} INFO - [2024-03-13T06:42:53.407+0000] {dagbag.py:540} INFO - Filling up the DagBag from /home/airflow/.local/lib/python3.8/site-packages/airflow/example_dags/example_branch_labels.py
[2024-03-13T06:42:53.413+0000] {processor.py:840} INFO - DAG(s) 'example_branch_labels' retrieved from /home/airflow/.local/lib/python3.8/site-packages/airflow/example_dags/example_branch_labels.py
[2024-03-13T06:42:53.431+0000] {logging_mixin.py:188} INFO - [2024-03-13T06:42:53.431+0000] {dag.py:3047} INFO - Sync 1 DAGs
[2024-03-13T06:42:53.450+0000] {logging_mixin.py:188} INFO - [2024-03-13T06:42:53.450+0000] {dag.py:3834} INFO - Setting next_dagrun for example_branch_labels to 2024-03-12 00:00:00+00:00, run_after=2024-03-13 00:00:00+00:00
[2024-03-13T06:42:53.470+0000] {processor.py:183} INFO - Processing /home/airflow/.local/lib/python3.8/site-packages/airflow/example_dags/example_branch_labels.py took 0.067 seconds
[2024-03-13T06:43:23.811+0000] {processor.py:161} INFO - Started process (PID=790) to work on /home/airflow/.local/lib/python3.8/site-packages/airflow/example_dags/example_branch_labels.py
[2024-03-13T06:43:23.812+0000] {processor.py:830} INFO - Processing file /home/airflow/.local/lib/python3.8/site-packages/airflow/example_dags/example_branch_labels.py for tasks to queue
[2024-03-13T06:43:23.813+0000] {logging_mixin.py:188} INFO - [2024-03-13T06:43:23.812+0000] {dagbag.py:540} INFO - Filling up the DagBag from /home/airflow/.local/lib/python3.8/site-packages/airflow/example_dags/example_branch_labels.py
[2024-03-13T06:43:23.818+0000] {processor.py:840} INFO - DAG(s) 'example_branch_labels' retrieved from /home/airflow/.local/lib/python3.8/site-packages/airflow/example_dags/example_branch_labels.py
[2024-03-13T06:43:23.835+0000] {logging_mixin.py:188} INFO - [2024-03-13T06:43:23.834+0000] {dag.py:3047} INFO - Sync 1 DAGs
[2024-03-13T06:43:23.851+0000] {logging_mixin.py:188} INFO - [2024-03-13T06:43:23.850+0000] {dag.py:3834} INFO - Setting next_dagrun for example_branch_labels to 2024-03-12 00:00:00+00:00, run_after=2024-03-13 00:00:00+00:00
[2024-03-13T06:43:23.867+0000] {processor.py:183} INFO - Processing /home/airflow/.local/lib/python3.8/site-packages/airflow/example_dags/example_branch_labels.py took 0.058 seconds
[2024-03-13T06:43:54.408+0000] {processor.py:161} INFO - Started process (PID=846) to work on /home/airflow/.local/lib/python3.8/site-packages/airflow/example_dags/example_branch_labels.py
[2024-03-13T06:43:54.409+0000] {processor.py:830} INFO - Processing file /home/airflow/.local/lib/python3.8/site-packages/airflow/example_dags/example_branch_labels.py for tasks to queue
[2024-03-13T06:43:54.409+0000] {logging_mixin.py:188} INFO - [2024-03-13T06:43:54.409+0000] {dagbag.py:540} INFO - Filling up the DagBag from /home/airflow/.local/lib/python3.8/site-packages/airflow/example_dags/example_branch_labels.py
[2024-03-13T06:43:54.415+0000] {processor.py:840} INFO - DAG(s) 'example_branch_labels' retrieved from /home/airflow/.local/lib/python3.8/site-packages/airflow/example_dags/example_branch_labels.py
[2024-03-13T06:43:54.431+0000] {logging_mixin.py:188} INFO - [2024-03-13T06:43:54.431+0000] {dag.py:3047} INFO - Sync 1 DAGs
[2024-03-13T06:43:54.447+0000] {logging_mixin.py:188} INFO - [2024-03-13T06:43:54.447+0000] {dag.py:3834} INFO - Setting next_dagrun for example_branch_labels to 2024-03-12 00:00:00+00:00, run_after=2024-03-13 00:00:00+00:00
[2024-03-13T06:43:54.464+0000] {processor.py:183} INFO - Processing /home/airflow/.local/lib/python3.8/site-packages/airflow/example_dags/example_branch_labels.py took 0.058 seconds
[2024-03-13T06:44:24.621+0000] {processor.py:161} INFO - Started process (PID=902) to work on /home/airflow/.local/lib/python3.8/site-packages/airflow/example_dags/example_branch_labels.py
[2024-03-13T06:44:24.622+0000] {processor.py:830} INFO - Processing file /home/airflow/.local/lib/python3.8/site-packages/airflow/example_dags/example_branch_labels.py for tasks to queue
[2024-03-13T06:44:24.623+0000] {logging_mixin.py:188} INFO - [2024-03-13T06:44:24.623+0000] {dagbag.py:540} INFO - Filling up the DagBag from /home/airflow/.local/lib/python3.8/site-packages/airflow/example_dags/example_branch_labels.py
[2024-03-13T06:44:24.629+0000] {processor.py:840} INFO - DAG(s) 'example_branch_labels' retrieved from /home/airflow/.local/lib/python3.8/site-packages/airflow/example_dags/example_branch_labels.py
[2024-03-13T06:44:24.646+0000] {logging_mixin.py:188} INFO - [2024-03-13T06:44:24.646+0000] {dag.py:3047} INFO - Sync 1 DAGs
[2024-03-13T06:44:24.664+0000] {logging_mixin.py:188} INFO - [2024-03-13T06:44:24.664+0000] {dag.py:3834} INFO - Setting next_dagrun for example_branch_labels to 2024-03-12 00:00:00+00:00, run_after=2024-03-13 00:00:00+00:00
[2024-03-13T06:44:24.681+0000] {processor.py:183} INFO - Processing /home/airflow/.local/lib/python3.8/site-packages/airflow/example_dags/example_branch_labels.py took 0.062 seconds
[2024-03-13T06:44:55.254+0000] {processor.py:161} INFO - Started process (PID=958) to work on /home/airflow/.local/lib/python3.8/site-packages/airflow/example_dags/example_branch_labels.py
[2024-03-13T06:44:55.255+0000] {processor.py:830} INFO - Processing file /home/airflow/.local/lib/python3.8/site-packages/airflow/example_dags/example_branch_labels.py for tasks to queue
[2024-03-13T06:44:55.256+0000] {logging_mixin.py:188} INFO - [2024-03-13T06:44:55.256+0000] {dagbag.py:540} INFO - Filling up the DagBag from /home/airflow/.local/lib/python3.8/site-packages/airflow/example_dags/example_branch_labels.py
[2024-03-13T06:44:55.267+0000] {processor.py:840} INFO - DAG(s) 'example_branch_labels' retrieved from /home/airflow/.local/lib/python3.8/site-packages/airflow/example_dags/example_branch_labels.py
[2024-03-13T06:44:55.300+0000] {logging_mixin.py:188} INFO - [2024-03-13T06:44:55.300+0000] {dag.py:3047} INFO - Sync 1 DAGs
[2024-03-13T06:44:55.345+0000] {logging_mixin.py:188} INFO - [2024-03-13T06:44:55.344+0000] {dag.py:3834} INFO - Setting next_dagrun for example_branch_labels to 2024-03-12 00:00:00+00:00, run_after=2024-03-13 00:00:00+00:00
[2024-03-13T06:44:55.371+0000] {processor.py:183} INFO - Processing /home/airflow/.local/lib/python3.8/site-packages/airflow/example_dags/example_branch_labels.py took 0.120 seconds
[2024-03-13T06:45:25.404+0000] {processor.py:161} INFO - Started process (PID=1015) to work on /home/airflow/.local/lib/python3.8/site-packages/airflow/example_dags/example_branch_labels.py
[2024-03-13T06:45:25.405+0000] {processor.py:830} INFO - Processing file /home/airflow/.local/lib/python3.8/site-packages/airflow/example_dags/example_branch_labels.py for tasks to queue
[2024-03-13T06:45:25.406+0000] {logging_mixin.py:188} INFO - [2024-03-13T06:45:25.406+0000] {dagbag.py:540} INFO - Filling up the DagBag from /home/airflow/.local/lib/python3.8/site-packages/airflow/example_dags/example_branch_labels.py
[2024-03-13T06:45:25.413+0000] {processor.py:840} INFO - DAG(s) 'example_branch_labels' retrieved from /home/airflow/.local/lib/python3.8/site-packages/airflow/example_dags/example_branch_labels.py
[2024-03-13T06:45:25.429+0000] {logging_mixin.py:188} INFO - [2024-03-13T06:45:25.429+0000] {dag.py:3047} INFO - Sync 1 DAGs
[2024-03-13T06:45:25.447+0000] {logging_mixin.py:188} INFO - [2024-03-13T06:45:25.447+0000] {dag.py:3834} INFO - Setting next_dagrun for example_branch_labels to 2024-03-12 00:00:00+00:00, run_after=2024-03-13 00:00:00+00:00
[2024-03-13T06:45:25.466+0000] {processor.py:183} INFO - Processing /home/airflow/.local/lib/python3.8/site-packages/airflow/example_dags/example_branch_labels.py took 0.064 seconds
[2024-03-13T06:45:55.614+0000] {processor.py:161} INFO - Started process (PID=1071) to work on /home/airflow/.local/lib/python3.8/site-packages/airflow/example_dags/example_branch_labels.py
[2024-03-13T06:45:55.616+0000] {processor.py:830} INFO - Processing file /home/airflow/.local/lib/python3.8/site-packages/airflow/example_dags/example_branch_labels.py for tasks to queue
[2024-03-13T06:45:55.617+0000] {logging_mixin.py:188} INFO - [2024-03-13T06:45:55.617+0000] {dagbag.py:540} INFO - Filling up the DagBag from /home/airflow/.local/lib/python3.8/site-packages/airflow/example_dags/example_branch_labels.py
[2024-03-13T06:45:55.623+0000] {processor.py:840} INFO - DAG(s) 'example_branch_labels' retrieved from /home/airflow/.local/lib/python3.8/site-packages/airflow/example_dags/example_branch_labels.py
[2024-03-13T06:45:55.640+0000] {logging_mixin.py:188} INFO - [2024-03-13T06:45:55.640+0000] {dag.py:3047} INFO - Sync 1 DAGs
[2024-03-13T06:45:55.660+0000] {logging_mixin.py:188} INFO - [2024-03-13T06:45:55.659+0000] {dag.py:3834} INFO - Setting next_dagrun for example_branch_labels to 2024-03-12 00:00:00+00:00, run_after=2024-03-13 00:00:00+00:00
[2024-03-13T06:45:55.677+0000] {processor.py:183} INFO - Processing /home/airflow/.local/lib/python3.8/site-packages/airflow/example_dags/example_branch_labels.py took 0.065 seconds
[2024-03-13T06:46:26.317+0000] {processor.py:161} INFO - Started process (PID=1127) to work on /home/airflow/.local/lib/python3.8/site-packages/airflow/example_dags/example_branch_labels.py
[2024-03-13T06:46:26.318+0000] {processor.py:830} INFO - Processing file /home/airflow/.local/lib/python3.8/site-packages/airflow/example_dags/example_branch_labels.py for tasks to queue
[2024-03-13T06:46:26.321+0000] {logging_mixin.py:188} INFO - [2024-03-13T06:46:26.321+0000] {dagbag.py:540} INFO - Filling up the DagBag from /home/airflow/.local/lib/python3.8/site-packages/airflow/example_dags/example_branch_labels.py
[2024-03-13T06:46:26.329+0000] {processor.py:840} INFO - DAG(s) 'example_branch_labels' retrieved from /home/airflow/.local/lib/python3.8/site-packages/airflow/example_dags/example_branch_labels.py
[2024-03-13T06:46:26.348+0000] {logging_mixin.py:188} INFO - [2024-03-13T06:46:26.347+0000] {dag.py:3047} INFO - Sync 1 DAGs
[2024-03-13T06:46:26.366+0000] {logging_mixin.py:188} INFO - [2024-03-13T06:46:26.365+0000] {dag.py:3834} INFO - Setting next_dagrun for example_branch_labels to 2024-03-12 00:00:00+00:00, run_after=2024-03-13 00:00:00+00:00
[2024-03-13T06:46:26.388+0000] {processor.py:183} INFO - Processing /home/airflow/.local/lib/python3.8/site-packages/airflow/example_dags/example_branch_labels.py took 0.074 seconds
[2024-03-13T06:46:56.621+0000] {processor.py:161} INFO - Started process (PID=1190) to work on /home/airflow/.local/lib/python3.8/site-packages/airflow/example_dags/example_branch_labels.py
[2024-03-13T06:46:56.622+0000] {processor.py:830} INFO - Processing file /home/airflow/.local/lib/python3.8/site-packages/airflow/example_dags/example_branch_labels.py for tasks to queue
[2024-03-13T06:46:56.623+0000] {logging_mixin.py:188} INFO - [2024-03-13T06:46:56.623+0000] {dagbag.py:540} INFO - Filling up the DagBag from /home/airflow/.local/lib/python3.8/site-packages/airflow/example_dags/example_branch_labels.py
[2024-03-13T06:46:56.629+0000] {processor.py:840} INFO - DAG(s) 'example_branch_labels' retrieved from /home/airflow/.local/lib/python3.8/site-packages/airflow/example_dags/example_branch_labels.py
[2024-03-13T06:46:56.650+0000] {logging_mixin.py:188} INFO - [2024-03-13T06:46:56.650+0000] {dag.py:3047} INFO - Sync 1 DAGs
[2024-03-13T06:46:56.669+0000] {logging_mixin.py:188} INFO - [2024-03-13T06:46:56.669+0000] {dag.py:3834} INFO - Setting next_dagrun for example_branch_labels to 2024-03-12 00:00:00+00:00, run_after=2024-03-13 00:00:00+00:00
[2024-03-13T06:46:56.687+0000] {processor.py:183} INFO - Processing /home/airflow/.local/lib/python3.8/site-packages/airflow/example_dags/example_branch_labels.py took 0.068 seconds
[2024-03-13T06:47:27.273+0000] {processor.py:161} INFO - Started process (PID=1246) to work on /home/airflow/.local/lib/python3.8/site-packages/airflow/example_dags/example_branch_labels.py
[2024-03-13T06:47:27.274+0000] {processor.py:830} INFO - Processing file /home/airflow/.local/lib/python3.8/site-packages/airflow/example_dags/example_branch_labels.py for tasks to queue
[2024-03-13T06:47:27.276+0000] {logging_mixin.py:188} INFO - [2024-03-13T06:47:27.276+0000] {dagbag.py:540} INFO - Filling up the DagBag from /home/airflow/.local/lib/python3.8/site-packages/airflow/example_dags/example_branch_labels.py
[2024-03-13T06:47:27.285+0000] {processor.py:840} INFO - DAG(s) 'example_branch_labels' retrieved from /home/airflow/.local/lib/python3.8/site-packages/airflow/example_dags/example_branch_labels.py
[2024-03-13T06:47:27.315+0000] {logging_mixin.py:188} INFO - [2024-03-13T06:47:27.314+0000] {dag.py:3047} INFO - Sync 1 DAGs
[2024-03-13T06:47:27.345+0000] {logging_mixin.py:188} INFO - [2024-03-13T06:47:27.344+0000] {dag.py:3834} INFO - Setting next_dagrun for example_branch_labels to 2024-03-12 00:00:00+00:00, run_after=2024-03-13 00:00:00+00:00
[2024-03-13T06:47:27.367+0000] {processor.py:183} INFO - Processing /home/airflow/.local/lib/python3.8/site-packages/airflow/example_dags/example_branch_labels.py took 0.098 seconds
[2024-03-13T06:47:58.114+0000] {processor.py:161} INFO - Started process (PID=1302) to work on /home/airflow/.local/lib/python3.8/site-packages/airflow/example_dags/example_branch_labels.py
[2024-03-13T06:47:58.115+0000] {processor.py:830} INFO - Processing file /home/airflow/.local/lib/python3.8/site-packages/airflow/example_dags/example_branch_labels.py for tasks to queue
[2024-03-13T06:47:58.116+0000] {logging_mixin.py:188} INFO - [2024-03-13T06:47:58.116+0000] {dagbag.py:540} INFO - Filling up the DagBag from /home/airflow/.local/lib/python3.8/site-packages/airflow/example_dags/example_branch_labels.py
[2024-03-13T06:47:58.123+0000] {processor.py:840} INFO - DAG(s) 'example_branch_labels' retrieved from /home/airflow/.local/lib/python3.8/site-packages/airflow/example_dags/example_branch_labels.py
[2024-03-13T06:47:58.140+0000] {logging_mixin.py:188} INFO - [2024-03-13T06:47:58.140+0000] {dag.py:3047} INFO - Sync 1 DAGs
[2024-03-13T06:47:58.158+0000] {logging_mixin.py:188} INFO - [2024-03-13T06:47:58.158+0000] {dag.py:3834} INFO - Setting next_dagrun for example_branch_labels to 2024-03-12 00:00:00+00:00, run_after=2024-03-13 00:00:00+00:00
[2024-03-13T06:47:58.177+0000] {processor.py:183} INFO - Processing /home/airflow/.local/lib/python3.8/site-packages/airflow/example_dags/example_branch_labels.py took 0.065 seconds
[2024-03-13T06:48:28.487+0000] {processor.py:161} INFO - Started process (PID=1359) to work on /home/airflow/.local/lib/python3.8/site-packages/airflow/example_dags/example_branch_labels.py
[2024-03-13T06:48:28.488+0000] {processor.py:830} INFO - Processing file /home/airflow/.local/lib/python3.8/site-packages/airflow/example_dags/example_branch_labels.py for tasks to queue
[2024-03-13T06:48:28.489+0000] {logging_mixin.py:188} INFO - [2024-03-13T06:48:28.489+0000] {dagbag.py:540} INFO - Filling up the DagBag from /home/airflow/.local/lib/python3.8/site-packages/airflow/example_dags/example_branch_labels.py
[2024-03-13T06:48:28.495+0000] {processor.py:840} INFO - DAG(s) 'example_branch_labels' retrieved from /home/airflow/.local/lib/python3.8/site-packages/airflow/example_dags/example_branch_labels.py
[2024-03-13T06:48:28.513+0000] {logging_mixin.py:188} INFO - [2024-03-13T06:48:28.512+0000] {dag.py:3047} INFO - Sync 1 DAGs
[2024-03-13T06:48:28.531+0000] {logging_mixin.py:188} INFO - [2024-03-13T06:48:28.530+0000] {dag.py:3834} INFO - Setting next_dagrun for example_branch_labels to 2024-03-12 00:00:00+00:00, run_after=2024-03-13 00:00:00+00:00
[2024-03-13T06:48:28.550+0000] {processor.py:183} INFO - Processing /home/airflow/.local/lib/python3.8/site-packages/airflow/example_dags/example_branch_labels.py took 0.065 seconds
[2024-03-13T06:48:58.784+0000] {processor.py:161} INFO - Started process (PID=1416) to work on /home/airflow/.local/lib/python3.8/site-packages/airflow/example_dags/example_branch_labels.py
[2024-03-13T06:48:58.785+0000] {processor.py:830} INFO - Processing file /home/airflow/.local/lib/python3.8/site-packages/airflow/example_dags/example_branch_labels.py for tasks to queue
[2024-03-13T06:48:58.786+0000] {logging_mixin.py:188} INFO - [2024-03-13T06:48:58.786+0000] {dagbag.py:540} INFO - Filling up the DagBag from /home/airflow/.local/lib/python3.8/site-packages/airflow/example_dags/example_branch_labels.py
[2024-03-13T06:48:58.792+0000] {processor.py:840} INFO - DAG(s) 'example_branch_labels' retrieved from /home/airflow/.local/lib/python3.8/site-packages/airflow/example_dags/example_branch_labels.py
[2024-03-13T06:48:58.808+0000] {logging_mixin.py:188} INFO - [2024-03-13T06:48:58.808+0000] {dag.py:3047} INFO - Sync 1 DAGs
[2024-03-13T06:48:58.825+0000] {logging_mixin.py:188} INFO - [2024-03-13T06:48:58.825+0000] {dag.py:3834} INFO - Setting next_dagrun for example_branch_labels to 2024-03-12 00:00:00+00:00, run_after=2024-03-13 00:00:00+00:00
[2024-03-13T06:48:58.841+0000] {processor.py:183} INFO - Processing /home/airflow/.local/lib/python3.8/site-packages/airflow/example_dags/example_branch_labels.py took 0.059 seconds
[2024-03-13T06:49:29.055+0000] {processor.py:161} INFO - Started process (PID=1472) to work on /home/airflow/.local/lib/python3.8/site-packages/airflow/example_dags/example_branch_labels.py
[2024-03-13T06:49:29.056+0000] {processor.py:830} INFO - Processing file /home/airflow/.local/lib/python3.8/site-packages/airflow/example_dags/example_branch_labels.py for tasks to queue
[2024-03-13T06:49:29.057+0000] {logging_mixin.py:188} INFO - [2024-03-13T06:49:29.057+0000] {dagbag.py:540} INFO - Filling up the DagBag from /home/airflow/.local/lib/python3.8/site-packages/airflow/example_dags/example_branch_labels.py
[2024-03-13T06:49:29.063+0000] {processor.py:840} INFO - DAG(s) 'example_branch_labels' retrieved from /home/airflow/.local/lib/python3.8/site-packages/airflow/example_dags/example_branch_labels.py
[2024-03-13T06:49:29.078+0000] {logging_mixin.py:188} INFO - [2024-03-13T06:49:29.078+0000] {dag.py:3047} INFO - Sync 1 DAGs
[2024-03-13T06:49:29.095+0000] {logging_mixin.py:188} INFO - [2024-03-13T06:49:29.095+0000] {dag.py:3834} INFO - Setting next_dagrun for example_branch_labels to 2024-03-12 00:00:00+00:00, run_after=2024-03-13 00:00:00+00:00
[2024-03-13T06:49:29.112+0000] {processor.py:183} INFO - Processing /home/airflow/.local/lib/python3.8/site-packages/airflow/example_dags/example_branch_labels.py took 0.059 seconds
[2024-03-13T06:49:59.259+0000] {processor.py:161} INFO - Started process (PID=1530) to work on /home/airflow/.local/lib/python3.8/site-packages/airflow/example_dags/example_branch_labels.py
[2024-03-13T06:49:59.260+0000] {processor.py:830} INFO - Processing file /home/airflow/.local/lib/python3.8/site-packages/airflow/example_dags/example_branch_labels.py for tasks to queue
[2024-03-13T06:49:59.261+0000] {logging_mixin.py:188} INFO - [2024-03-13T06:49:59.261+0000] {dagbag.py:540} INFO - Filling up the DagBag from /home/airflow/.local/lib/python3.8/site-packages/airflow/example_dags/example_branch_labels.py
[2024-03-13T06:49:59.267+0000] {processor.py:840} INFO - DAG(s) 'example_branch_labels' retrieved from /home/airflow/.local/lib/python3.8/site-packages/airflow/example_dags/example_branch_labels.py
[2024-03-13T06:49:59.284+0000] {logging_mixin.py:188} INFO - [2024-03-13T06:49:59.284+0000] {dag.py:3047} INFO - Sync 1 DAGs
[2024-03-13T06:49:59.302+0000] {logging_mixin.py:188} INFO - [2024-03-13T06:49:59.302+0000] {dag.py:3834} INFO - Setting next_dagrun for example_branch_labels to 2024-03-12 00:00:00+00:00, run_after=2024-03-13 00:00:00+00:00
[2024-03-13T06:49:59.318+0000] {processor.py:183} INFO - Processing /home/airflow/.local/lib/python3.8/site-packages/airflow/example_dags/example_branch_labels.py took 0.061 seconds
[2024-03-13T06:50:29.403+0000] {processor.py:161} INFO - Started process (PID=1587) to work on /home/airflow/.local/lib/python3.8/site-packages/airflow/example_dags/example_branch_labels.py
[2024-03-13T06:50:29.404+0000] {processor.py:830} INFO - Processing file /home/airflow/.local/lib/python3.8/site-packages/airflow/example_dags/example_branch_labels.py for tasks to queue
[2024-03-13T06:50:29.406+0000] {logging_mixin.py:188} INFO - [2024-03-13T06:50:29.405+0000] {dagbag.py:540} INFO - Filling up the DagBag from /home/airflow/.local/lib/python3.8/site-packages/airflow/example_dags/example_branch_labels.py
[2024-03-13T06:50:29.412+0000] {processor.py:840} INFO - DAG(s) 'example_branch_labels' retrieved from /home/airflow/.local/lib/python3.8/site-packages/airflow/example_dags/example_branch_labels.py
[2024-03-13T06:50:29.433+0000] {logging_mixin.py:188} INFO - [2024-03-13T06:50:29.432+0000] {dag.py:3047} INFO - Sync 1 DAGs
[2024-03-13T06:50:29.456+0000] {logging_mixin.py:188} INFO - [2024-03-13T06:50:29.456+0000] {dag.py:3834} INFO - Setting next_dagrun for example_branch_labels to 2024-03-12 00:00:00+00:00, run_after=2024-03-13 00:00:00+00:00
[2024-03-13T06:50:29.479+0000] {processor.py:183} INFO - Processing /home/airflow/.local/lib/python3.8/site-packages/airflow/example_dags/example_branch_labels.py took 0.078 seconds
[2024-03-13T06:50:59.627+0000] {processor.py:161} INFO - Started process (PID=1646) to work on /home/airflow/.local/lib/python3.8/site-packages/airflow/example_dags/example_branch_labels.py
[2024-03-13T06:50:59.628+0000] {processor.py:830} INFO - Processing file /home/airflow/.local/lib/python3.8/site-packages/airflow/example_dags/example_branch_labels.py for tasks to queue
[2024-03-13T06:50:59.629+0000] {logging_mixin.py:188} INFO - [2024-03-13T06:50:59.629+0000] {dagbag.py:540} INFO - Filling up the DagBag from /home/airflow/.local/lib/python3.8/site-packages/airflow/example_dags/example_branch_labels.py
[2024-03-13T06:50:59.635+0000] {processor.py:840} INFO - DAG(s) 'example_branch_labels' retrieved from /home/airflow/.local/lib/python3.8/site-packages/airflow/example_dags/example_branch_labels.py
[2024-03-13T06:50:59.650+0000] {logging_mixin.py:188} INFO - [2024-03-13T06:50:59.650+0000] {dag.py:3047} INFO - Sync 1 DAGs
[2024-03-13T06:50:59.668+0000] {logging_mixin.py:188} INFO - [2024-03-13T06:50:59.668+0000] {dag.py:3834} INFO - Setting next_dagrun for example_branch_labels to 2024-03-12 00:00:00+00:00, run_after=2024-03-13 00:00:00+00:00
[2024-03-13T06:50:59.684+0000] {processor.py:183} INFO - Processing /home/airflow/.local/lib/python3.8/site-packages/airflow/example_dags/example_branch_labels.py took 0.060 seconds
[2024-03-13T06:51:29.983+0000] {processor.py:161} INFO - Started process (PID=1705) to work on /home/airflow/.local/lib/python3.8/site-packages/airflow/example_dags/example_branch_labels.py
[2024-03-13T06:51:29.985+0000] {processor.py:830} INFO - Processing file /home/airflow/.local/lib/python3.8/site-packages/airflow/example_dags/example_branch_labels.py for tasks to queue
[2024-03-13T06:51:29.986+0000] {logging_mixin.py:188} INFO - [2024-03-13T06:51:29.986+0000] {dagbag.py:540} INFO - Filling up the DagBag from /home/airflow/.local/lib/python3.8/site-packages/airflow/example_dags/example_branch_labels.py
[2024-03-13T06:51:29.997+0000] {processor.py:840} INFO - DAG(s) 'example_branch_labels' retrieved from /home/airflow/.local/lib/python3.8/site-packages/airflow/example_dags/example_branch_labels.py
[2024-03-13T06:51:30.027+0000] {logging_mixin.py:188} INFO - [2024-03-13T06:51:30.027+0000] {dag.py:3047} INFO - Sync 1 DAGs
[2024-03-13T06:51:30.056+0000] {logging_mixin.py:188} INFO - [2024-03-13T06:51:30.056+0000] {dag.py:3834} INFO - Setting next_dagrun for example_branch_labels to 2024-03-12 00:00:00+00:00, run_after=2024-03-13 00:00:00+00:00
[2024-03-13T06:51:30.086+0000] {processor.py:183} INFO - Processing /home/airflow/.local/lib/python3.8/site-packages/airflow/example_dags/example_branch_labels.py took 0.108 seconds
[2024-03-13T06:52:19.294+0000] {processor.py:161} INFO - Started process (PID=62) to work on /home/airflow/.local/lib/python3.8/site-packages/airflow/example_dags/example_branch_labels.py
[2024-03-13T06:52:19.295+0000] {processor.py:830} INFO - Processing file /home/airflow/.local/lib/python3.8/site-packages/airflow/example_dags/example_branch_labels.py for tasks to queue
[2024-03-13T06:52:19.297+0000] {logging_mixin.py:188} INFO - [2024-03-13T06:52:19.296+0000] {dagbag.py:540} INFO - Filling up the DagBag from /home/airflow/.local/lib/python3.8/site-packages/airflow/example_dags/example_branch_labels.py
[2024-03-13T06:52:19.304+0000] {processor.py:840} INFO - DAG(s) 'example_branch_labels' retrieved from /home/airflow/.local/lib/python3.8/site-packages/airflow/example_dags/example_branch_labels.py
[2024-03-13T06:52:19.314+0000] {logging_mixin.py:188} INFO - [2024-03-13T06:52:19.314+0000] {dag.py:3047} INFO - Sync 1 DAGs
[2024-03-13T06:52:19.333+0000] {logging_mixin.py:188} INFO - [2024-03-13T06:52:19.333+0000] {dag.py:3834} INFO - Setting next_dagrun for example_branch_labels to 2024-03-12 00:00:00+00:00, run_after=2024-03-13 00:00:00+00:00
[2024-03-13T06:52:19.351+0000] {processor.py:183} INFO - Processing /home/airflow/.local/lib/python3.8/site-packages/airflow/example_dags/example_branch_labels.py took 0.060 seconds
[2024-03-13T06:52:50.404+0000] {processor.py:161} INFO - Started process (PID=118) to work on /home/airflow/.local/lib/python3.8/site-packages/airflow/example_dags/example_branch_labels.py
[2024-03-13T06:52:50.404+0000] {processor.py:830} INFO - Processing file /home/airflow/.local/lib/python3.8/site-packages/airflow/example_dags/example_branch_labels.py for tasks to queue
[2024-03-13T06:52:50.406+0000] {logging_mixin.py:188} INFO - [2024-03-13T06:52:50.406+0000] {dagbag.py:540} INFO - Filling up the DagBag from /home/airflow/.local/lib/python3.8/site-packages/airflow/example_dags/example_branch_labels.py
[2024-03-13T06:52:50.412+0000] {processor.py:840} INFO - DAG(s) 'example_branch_labels' retrieved from /home/airflow/.local/lib/python3.8/site-packages/airflow/example_dags/example_branch_labels.py
[2024-03-13T06:52:50.487+0000] {logging_mixin.py:188} INFO - [2024-03-13T06:52:50.487+0000] {dag.py:3047} INFO - Sync 1 DAGs
[2024-03-13T06:52:50.502+0000] {logging_mixin.py:188} INFO - [2024-03-13T06:52:50.502+0000] {dag.py:3834} INFO - Setting next_dagrun for example_branch_labels to 2024-03-12 00:00:00+00:00, run_after=2024-03-13 00:00:00+00:00
[2024-03-13T06:52:50.519+0000] {processor.py:183} INFO - Processing /home/airflow/.local/lib/python3.8/site-packages/airflow/example_dags/example_branch_labels.py took 0.118 seconds
[2024-03-13T06:53:20.587+0000] {processor.py:161} INFO - Started process (PID=174) to work on /home/airflow/.local/lib/python3.8/site-packages/airflow/example_dags/example_branch_labels.py
[2024-03-13T06:53:20.588+0000] {processor.py:830} INFO - Processing file /home/airflow/.local/lib/python3.8/site-packages/airflow/example_dags/example_branch_labels.py for tasks to queue
[2024-03-13T06:53:20.590+0000] {logging_mixin.py:188} INFO - [2024-03-13T06:53:20.589+0000] {dagbag.py:540} INFO - Filling up the DagBag from /home/airflow/.local/lib/python3.8/site-packages/airflow/example_dags/example_branch_labels.py
[2024-03-13T06:53:20.597+0000] {processor.py:840} INFO - DAG(s) 'example_branch_labels' retrieved from /home/airflow/.local/lib/python3.8/site-packages/airflow/example_dags/example_branch_labels.py
[2024-03-13T06:53:20.616+0000] {logging_mixin.py:188} INFO - [2024-03-13T06:53:20.616+0000] {dag.py:3047} INFO - Sync 1 DAGs
[2024-03-13T06:53:20.638+0000] {logging_mixin.py:188} INFO - [2024-03-13T06:53:20.638+0000] {dag.py:3834} INFO - Setting next_dagrun for example_branch_labels to 2024-03-12 00:00:00+00:00, run_after=2024-03-13 00:00:00+00:00
[2024-03-13T06:53:20.656+0000] {processor.py:183} INFO - Processing /home/airflow/.local/lib/python3.8/site-packages/airflow/example_dags/example_branch_labels.py took 0.072 seconds
[2024-03-13T06:53:50.985+0000] {processor.py:161} INFO - Started process (PID=230) to work on /home/airflow/.local/lib/python3.8/site-packages/airflow/example_dags/example_branch_labels.py
[2024-03-13T06:53:50.986+0000] {processor.py:830} INFO - Processing file /home/airflow/.local/lib/python3.8/site-packages/airflow/example_dags/example_branch_labels.py for tasks to queue
[2024-03-13T06:53:50.988+0000] {logging_mixin.py:188} INFO - [2024-03-13T06:53:50.988+0000] {dagbag.py:540} INFO - Filling up the DagBag from /home/airflow/.local/lib/python3.8/site-packages/airflow/example_dags/example_branch_labels.py
[2024-03-13T06:53:50.995+0000] {processor.py:840} INFO - DAG(s) 'example_branch_labels' retrieved from /home/airflow/.local/lib/python3.8/site-packages/airflow/example_dags/example_branch_labels.py
[2024-03-13T06:53:51.012+0000] {logging_mixin.py:188} INFO - [2024-03-13T06:53:51.012+0000] {dag.py:3047} INFO - Sync 1 DAGs
[2024-03-13T06:53:51.030+0000] {logging_mixin.py:188} INFO - [2024-03-13T06:53:51.030+0000] {dag.py:3834} INFO - Setting next_dagrun for example_branch_labels to 2024-03-12 00:00:00+00:00, run_after=2024-03-13 00:00:00+00:00
[2024-03-13T06:53:51.047+0000] {processor.py:183} INFO - Processing /home/airflow/.local/lib/python3.8/site-packages/airflow/example_dags/example_branch_labels.py took 0.064 seconds
[2024-03-13T06:54:21.325+0000] {processor.py:161} INFO - Started process (PID=285) to work on /home/airflow/.local/lib/python3.8/site-packages/airflow/example_dags/example_branch_labels.py
[2024-03-13T06:54:21.326+0000] {processor.py:830} INFO - Processing file /home/airflow/.local/lib/python3.8/site-packages/airflow/example_dags/example_branch_labels.py for tasks to queue
[2024-03-13T06:54:21.328+0000] {logging_mixin.py:188} INFO - [2024-03-13T06:54:21.327+0000] {dagbag.py:540} INFO - Filling up the DagBag from /home/airflow/.local/lib/python3.8/site-packages/airflow/example_dags/example_branch_labels.py
[2024-03-13T06:54:21.334+0000] {processor.py:840} INFO - DAG(s) 'example_branch_labels' retrieved from /home/airflow/.local/lib/python3.8/site-packages/airflow/example_dags/example_branch_labels.py
[2024-03-13T06:54:21.350+0000] {logging_mixin.py:188} INFO - [2024-03-13T06:54:21.349+0000] {dag.py:3047} INFO - Sync 1 DAGs
[2024-03-13T06:54:21.367+0000] {logging_mixin.py:188} INFO - [2024-03-13T06:54:21.366+0000] {dag.py:3834} INFO - Setting next_dagrun for example_branch_labels to 2024-03-12 00:00:00+00:00, run_after=2024-03-13 00:00:00+00:00
[2024-03-13T06:54:21.381+0000] {processor.py:183} INFO - Processing /home/airflow/.local/lib/python3.8/site-packages/airflow/example_dags/example_branch_labels.py took 0.059 seconds
[2024-03-13T06:54:51.707+0000] {processor.py:161} INFO - Started process (PID=341) to work on /home/airflow/.local/lib/python3.8/site-packages/airflow/example_dags/example_branch_labels.py
[2024-03-13T06:54:51.708+0000] {processor.py:830} INFO - Processing file /home/airflow/.local/lib/python3.8/site-packages/airflow/example_dags/example_branch_labels.py for tasks to queue
[2024-03-13T06:54:51.710+0000] {logging_mixin.py:188} INFO - [2024-03-13T06:54:51.710+0000] {dagbag.py:540} INFO - Filling up the DagBag from /home/airflow/.local/lib/python3.8/site-packages/airflow/example_dags/example_branch_labels.py
[2024-03-13T06:54:51.717+0000] {processor.py:840} INFO - DAG(s) 'example_branch_labels' retrieved from /home/airflow/.local/lib/python3.8/site-packages/airflow/example_dags/example_branch_labels.py
[2024-03-13T06:54:51.738+0000] {logging_mixin.py:188} INFO - [2024-03-13T06:54:51.737+0000] {dag.py:3047} INFO - Sync 1 DAGs
[2024-03-13T06:54:51.764+0000] {logging_mixin.py:188} INFO - [2024-03-13T06:54:51.763+0000] {dag.py:3834} INFO - Setting next_dagrun for example_branch_labels to 2024-03-12 00:00:00+00:00, run_after=2024-03-13 00:00:00+00:00
[2024-03-13T06:54:51.786+0000] {processor.py:183} INFO - Processing /home/airflow/.local/lib/python3.8/site-packages/airflow/example_dags/example_branch_labels.py took 0.082 seconds
[2024-03-13T06:55:22.719+0000] {processor.py:161} INFO - Started process (PID=397) to work on /home/airflow/.local/lib/python3.8/site-packages/airflow/example_dags/example_branch_labels.py
[2024-03-13T06:55:22.720+0000] {processor.py:830} INFO - Processing file /home/airflow/.local/lib/python3.8/site-packages/airflow/example_dags/example_branch_labels.py for tasks to queue
[2024-03-13T06:55:22.722+0000] {logging_mixin.py:188} INFO - [2024-03-13T06:55:22.722+0000] {dagbag.py:540} INFO - Filling up the DagBag from /home/airflow/.local/lib/python3.8/site-packages/airflow/example_dags/example_branch_labels.py
[2024-03-13T06:55:22.730+0000] {processor.py:840} INFO - DAG(s) 'example_branch_labels' retrieved from /home/airflow/.local/lib/python3.8/site-packages/airflow/example_dags/example_branch_labels.py
[2024-03-13T06:55:22.751+0000] {logging_mixin.py:188} INFO - [2024-03-13T06:55:22.751+0000] {dag.py:3047} INFO - Sync 1 DAGs
[2024-03-13T06:55:22.774+0000] {logging_mixin.py:188} INFO - [2024-03-13T06:55:22.774+0000] {dag.py:3834} INFO - Setting next_dagrun for example_branch_labels to 2024-03-12 00:00:00+00:00, run_after=2024-03-13 00:00:00+00:00
[2024-03-13T06:55:22.801+0000] {processor.py:183} INFO - Processing /home/airflow/.local/lib/python3.8/site-packages/airflow/example_dags/example_branch_labels.py took 0.084 seconds
[2024-03-13T06:55:53.538+0000] {processor.py:161} INFO - Started process (PID=454) to work on /home/airflow/.local/lib/python3.8/site-packages/airflow/example_dags/example_branch_labels.py
[2024-03-13T06:55:53.539+0000] {processor.py:830} INFO - Processing file /home/airflow/.local/lib/python3.8/site-packages/airflow/example_dags/example_branch_labels.py for tasks to queue
[2024-03-13T06:55:53.541+0000] {logging_mixin.py:188} INFO - [2024-03-13T06:55:53.540+0000] {dagbag.py:540} INFO - Filling up the DagBag from /home/airflow/.local/lib/python3.8/site-packages/airflow/example_dags/example_branch_labels.py
[2024-03-13T06:55:53.546+0000] {processor.py:840} INFO - DAG(s) 'example_branch_labels' retrieved from /home/airflow/.local/lib/python3.8/site-packages/airflow/example_dags/example_branch_labels.py
[2024-03-13T06:55:53.563+0000] {logging_mixin.py:188} INFO - [2024-03-13T06:55:53.562+0000] {dag.py:3047} INFO - Sync 1 DAGs
[2024-03-13T06:55:53.580+0000] {logging_mixin.py:188} INFO - [2024-03-13T06:55:53.579+0000] {dag.py:3834} INFO - Setting next_dagrun for example_branch_labels to 2024-03-12 00:00:00+00:00, run_after=2024-03-13 00:00:00+00:00
[2024-03-13T06:55:53.596+0000] {processor.py:183} INFO - Processing /home/airflow/.local/lib/python3.8/site-packages/airflow/example_dags/example_branch_labels.py took 0.060 seconds
[2024-03-13T06:56:24.267+0000] {processor.py:161} INFO - Started process (PID=511) to work on /home/airflow/.local/lib/python3.8/site-packages/airflow/example_dags/example_branch_labels.py
[2024-03-13T06:56:24.268+0000] {processor.py:830} INFO - Processing file /home/airflow/.local/lib/python3.8/site-packages/airflow/example_dags/example_branch_labels.py for tasks to queue
[2024-03-13T06:56:24.269+0000] {logging_mixin.py:188} INFO - [2024-03-13T06:56:24.269+0000] {dagbag.py:540} INFO - Filling up the DagBag from /home/airflow/.local/lib/python3.8/site-packages/airflow/example_dags/example_branch_labels.py
[2024-03-13T06:56:24.275+0000] {processor.py:840} INFO - DAG(s) 'example_branch_labels' retrieved from /home/airflow/.local/lib/python3.8/site-packages/airflow/example_dags/example_branch_labels.py
[2024-03-13T06:56:24.291+0000] {logging_mixin.py:188} INFO - [2024-03-13T06:56:24.291+0000] {dag.py:3047} INFO - Sync 1 DAGs
[2024-03-13T06:56:24.308+0000] {logging_mixin.py:188} INFO - [2024-03-13T06:56:24.308+0000] {dag.py:3834} INFO - Setting next_dagrun for example_branch_labels to 2024-03-12 00:00:00+00:00, run_after=2024-03-13 00:00:00+00:00
[2024-03-13T06:56:24.322+0000] {processor.py:183} INFO - Processing /home/airflow/.local/lib/python3.8/site-packages/airflow/example_dags/example_branch_labels.py took 0.057 seconds
[2024-03-13T07:02:12.726+0000] {processor.py:161} INFO - Started process (PID=62) to work on /home/airflow/.local/lib/python3.8/site-packages/airflow/example_dags/example_branch_labels.py
[2024-03-13T07:02:12.727+0000] {processor.py:830} INFO - Processing file /home/airflow/.local/lib/python3.8/site-packages/airflow/example_dags/example_branch_labels.py for tasks to queue
[2024-03-13T07:02:12.729+0000] {logging_mixin.py:188} INFO - [2024-03-13T07:02:12.729+0000] {dagbag.py:540} INFO - Filling up the DagBag from /home/airflow/.local/lib/python3.8/site-packages/airflow/example_dags/example_branch_labels.py
[2024-03-13T07:02:12.738+0000] {processor.py:840} INFO - DAG(s) 'example_branch_labels' retrieved from /home/airflow/.local/lib/python3.8/site-packages/airflow/example_dags/example_branch_labels.py
[2024-03-13T07:02:12.751+0000] {logging_mixin.py:188} INFO - [2024-03-13T07:02:12.751+0000] {dag.py:3047} INFO - Sync 1 DAGs
[2024-03-13T07:02:12.776+0000] {logging_mixin.py:188} INFO - [2024-03-13T07:02:12.776+0000] {dag.py:3834} INFO - Setting next_dagrun for example_branch_labels to 2024-03-12 00:00:00+00:00, run_after=2024-03-13 00:00:00+00:00
[2024-03-13T07:02:12.801+0000] {processor.py:183} INFO - Processing /home/airflow/.local/lib/python3.8/site-packages/airflow/example_dags/example_branch_labels.py took 0.078 seconds
[2024-03-13T07:02:43.910+0000] {processor.py:161} INFO - Started process (PID=119) to work on /home/airflow/.local/lib/python3.8/site-packages/airflow/example_dags/example_branch_labels.py
[2024-03-13T07:02:43.911+0000] {processor.py:830} INFO - Processing file /home/airflow/.local/lib/python3.8/site-packages/airflow/example_dags/example_branch_labels.py for tasks to queue
[2024-03-13T07:02:43.912+0000] {logging_mixin.py:188} INFO - [2024-03-13T07:02:43.912+0000] {dagbag.py:540} INFO - Filling up the DagBag from /home/airflow/.local/lib/python3.8/site-packages/airflow/example_dags/example_branch_labels.py
[2024-03-13T07:02:43.919+0000] {processor.py:840} INFO - DAG(s) 'example_branch_labels' retrieved from /home/airflow/.local/lib/python3.8/site-packages/airflow/example_dags/example_branch_labels.py
[2024-03-13T07:02:43.993+0000] {logging_mixin.py:188} INFO - [2024-03-13T07:02:43.993+0000] {dag.py:3047} INFO - Sync 1 DAGs
[2024-03-13T07:02:44.008+0000] {logging_mixin.py:188} INFO - [2024-03-13T07:02:44.008+0000] {dag.py:3834} INFO - Setting next_dagrun for example_branch_labels to 2024-03-12 00:00:00+00:00, run_after=2024-03-13 00:00:00+00:00
[2024-03-13T07:02:44.024+0000] {processor.py:183} INFO - Processing /home/airflow/.local/lib/python3.8/site-packages/airflow/example_dags/example_branch_labels.py took 0.117 seconds
[2024-03-13T07:03:15.015+0000] {processor.py:161} INFO - Started process (PID=175) to work on /home/airflow/.local/lib/python3.8/site-packages/airflow/example_dags/example_branch_labels.py
[2024-03-13T07:03:15.016+0000] {processor.py:830} INFO - Processing file /home/airflow/.local/lib/python3.8/site-packages/airflow/example_dags/example_branch_labels.py for tasks to queue
[2024-03-13T07:03:15.017+0000] {logging_mixin.py:188} INFO - [2024-03-13T07:03:15.017+0000] {dagbag.py:540} INFO - Filling up the DagBag from /home/airflow/.local/lib/python3.8/site-packages/airflow/example_dags/example_branch_labels.py
[2024-03-13T07:03:15.023+0000] {processor.py:840} INFO - DAG(s) 'example_branch_labels' retrieved from /home/airflow/.local/lib/python3.8/site-packages/airflow/example_dags/example_branch_labels.py
[2024-03-13T07:03:15.039+0000] {logging_mixin.py:188} INFO - [2024-03-13T07:03:15.039+0000] {dag.py:3047} INFO - Sync 1 DAGs
[2024-03-13T07:03:15.058+0000] {logging_mixin.py:188} INFO - [2024-03-13T07:03:15.057+0000] {dag.py:3834} INFO - Setting next_dagrun for example_branch_labels to 2024-03-12 00:00:00+00:00, run_after=2024-03-13 00:00:00+00:00
[2024-03-13T07:03:15.076+0000] {processor.py:183} INFO - Processing /home/airflow/.local/lib/python3.8/site-packages/airflow/example_dags/example_branch_labels.py took 0.063 seconds
[2024-03-13T07:03:45.368+0000] {processor.py:161} INFO - Started process (PID=231) to work on /home/airflow/.local/lib/python3.8/site-packages/airflow/example_dags/example_branch_labels.py
[2024-03-13T07:03:45.369+0000] {processor.py:830} INFO - Processing file /home/airflow/.local/lib/python3.8/site-packages/airflow/example_dags/example_branch_labels.py for tasks to queue
[2024-03-13T07:03:45.371+0000] {logging_mixin.py:188} INFO - [2024-03-13T07:03:45.370+0000] {dagbag.py:540} INFO - Filling up the DagBag from /home/airflow/.local/lib/python3.8/site-packages/airflow/example_dags/example_branch_labels.py
[2024-03-13T07:03:45.377+0000] {processor.py:840} INFO - DAG(s) 'example_branch_labels' retrieved from /home/airflow/.local/lib/python3.8/site-packages/airflow/example_dags/example_branch_labels.py
[2024-03-13T07:03:45.393+0000] {logging_mixin.py:188} INFO - [2024-03-13T07:03:45.392+0000] {dag.py:3047} INFO - Sync 1 DAGs
[2024-03-13T07:03:45.410+0000] {logging_mixin.py:188} INFO - [2024-03-13T07:03:45.410+0000] {dag.py:3834} INFO - Setting next_dagrun for example_branch_labels to 2024-03-12 00:00:00+00:00, run_after=2024-03-13 00:00:00+00:00
[2024-03-13T07:03:45.427+0000] {processor.py:183} INFO - Processing /home/airflow/.local/lib/python3.8/site-packages/airflow/example_dags/example_branch_labels.py took 0.061 seconds
[2024-03-13T07:04:15.894+0000] {processor.py:161} INFO - Started process (PID=287) to work on /home/airflow/.local/lib/python3.8/site-packages/airflow/example_dags/example_branch_labels.py
[2024-03-13T07:04:15.895+0000] {processor.py:830} INFO - Processing file /home/airflow/.local/lib/python3.8/site-packages/airflow/example_dags/example_branch_labels.py for tasks to queue
[2024-03-13T07:04:15.896+0000] {logging_mixin.py:188} INFO - [2024-03-13T07:04:15.896+0000] {dagbag.py:540} INFO - Filling up the DagBag from /home/airflow/.local/lib/python3.8/site-packages/airflow/example_dags/example_branch_labels.py
[2024-03-13T07:04:15.902+0000] {processor.py:840} INFO - DAG(s) 'example_branch_labels' retrieved from /home/airflow/.local/lib/python3.8/site-packages/airflow/example_dags/example_branch_labels.py
[2024-03-13T07:04:15.918+0000] {logging_mixin.py:188} INFO - [2024-03-13T07:04:15.918+0000] {dag.py:3047} INFO - Sync 1 DAGs
[2024-03-13T07:04:15.936+0000] {logging_mixin.py:188} INFO - [2024-03-13T07:04:15.936+0000] {dag.py:3834} INFO - Setting next_dagrun for example_branch_labels to 2024-03-12 00:00:00+00:00, run_after=2024-03-13 00:00:00+00:00
[2024-03-13T07:04:15.955+0000] {processor.py:183} INFO - Processing /home/airflow/.local/lib/python3.8/site-packages/airflow/example_dags/example_branch_labels.py took 0.063 seconds
[2024-03-13T07:04:46.380+0000] {processor.py:161} INFO - Started process (PID=343) to work on /home/airflow/.local/lib/python3.8/site-packages/airflow/example_dags/example_branch_labels.py
[2024-03-13T07:04:46.380+0000] {processor.py:830} INFO - Processing file /home/airflow/.local/lib/python3.8/site-packages/airflow/example_dags/example_branch_labels.py for tasks to queue
[2024-03-13T07:04:46.382+0000] {logging_mixin.py:188} INFO - [2024-03-13T07:04:46.382+0000] {dagbag.py:540} INFO - Filling up the DagBag from /home/airflow/.local/lib/python3.8/site-packages/airflow/example_dags/example_branch_labels.py
[2024-03-13T07:04:46.388+0000] {processor.py:840} INFO - DAG(s) 'example_branch_labels' retrieved from /home/airflow/.local/lib/python3.8/site-packages/airflow/example_dags/example_branch_labels.py
[2024-03-13T07:04:46.402+0000] {logging_mixin.py:188} INFO - [2024-03-13T07:04:46.402+0000] {dag.py:3047} INFO - Sync 1 DAGs
[2024-03-13T07:04:46.419+0000] {logging_mixin.py:188} INFO - [2024-03-13T07:04:46.419+0000] {dag.py:3834} INFO - Setting next_dagrun for example_branch_labels to 2024-03-12 00:00:00+00:00, run_after=2024-03-13 00:00:00+00:00
[2024-03-13T07:04:46.437+0000] {processor.py:183} INFO - Processing /home/airflow/.local/lib/python3.8/site-packages/airflow/example_dags/example_branch_labels.py took 0.060 seconds
[2024-03-13T07:05:16.767+0000] {processor.py:161} INFO - Started process (PID=399) to work on /home/airflow/.local/lib/python3.8/site-packages/airflow/example_dags/example_branch_labels.py
[2024-03-13T07:05:16.768+0000] {processor.py:830} INFO - Processing file /home/airflow/.local/lib/python3.8/site-packages/airflow/example_dags/example_branch_labels.py for tasks to queue
[2024-03-13T07:05:16.770+0000] {logging_mixin.py:188} INFO - [2024-03-13T07:05:16.770+0000] {dagbag.py:540} INFO - Filling up the DagBag from /home/airflow/.local/lib/python3.8/site-packages/airflow/example_dags/example_branch_labels.py
[2024-03-13T07:05:16.776+0000] {processor.py:840} INFO - DAG(s) 'example_branch_labels' retrieved from /home/airflow/.local/lib/python3.8/site-packages/airflow/example_dags/example_branch_labels.py
[2024-03-13T07:05:16.793+0000] {logging_mixin.py:188} INFO - [2024-03-13T07:05:16.793+0000] {dag.py:3047} INFO - Sync 1 DAGs
[2024-03-13T07:05:16.811+0000] {logging_mixin.py:188} INFO - [2024-03-13T07:05:16.811+0000] {dag.py:3834} INFO - Setting next_dagrun for example_branch_labels to 2024-03-12 00:00:00+00:00, run_after=2024-03-13 00:00:00+00:00
[2024-03-13T07:05:16.830+0000] {processor.py:183} INFO - Processing /home/airflow/.local/lib/python3.8/site-packages/airflow/example_dags/example_branch_labels.py took 0.066 seconds
[2024-03-13T07:05:47.083+0000] {processor.py:161} INFO - Started process (PID=455) to work on /home/airflow/.local/lib/python3.8/site-packages/airflow/example_dags/example_branch_labels.py
[2024-03-13T07:05:47.084+0000] {processor.py:830} INFO - Processing file /home/airflow/.local/lib/python3.8/site-packages/airflow/example_dags/example_branch_labels.py for tasks to queue
[2024-03-13T07:05:47.086+0000] {logging_mixin.py:188} INFO - [2024-03-13T07:05:47.085+0000] {dagbag.py:540} INFO - Filling up the DagBag from /home/airflow/.local/lib/python3.8/site-packages/airflow/example_dags/example_branch_labels.py
[2024-03-13T07:05:47.091+0000] {processor.py:840} INFO - DAG(s) 'example_branch_labels' retrieved from /home/airflow/.local/lib/python3.8/site-packages/airflow/example_dags/example_branch_labels.py
[2024-03-13T07:05:47.106+0000] {logging_mixin.py:188} INFO - [2024-03-13T07:05:47.106+0000] {dag.py:3047} INFO - Sync 1 DAGs
[2024-03-13T07:05:47.122+0000] {logging_mixin.py:188} INFO - [2024-03-13T07:05:47.122+0000] {dag.py:3834} INFO - Setting next_dagrun for example_branch_labels to 2024-03-12 00:00:00+00:00, run_after=2024-03-13 00:00:00+00:00
[2024-03-13T07:05:47.139+0000] {processor.py:183} INFO - Processing /home/airflow/.local/lib/python3.8/site-packages/airflow/example_dags/example_branch_labels.py took 0.058 seconds
[2024-03-13T07:06:17.461+0000] {processor.py:161} INFO - Started process (PID=511) to work on /home/airflow/.local/lib/python3.8/site-packages/airflow/example_dags/example_branch_labels.py
[2024-03-13T07:06:17.462+0000] {processor.py:830} INFO - Processing file /home/airflow/.local/lib/python3.8/site-packages/airflow/example_dags/example_branch_labels.py for tasks to queue
[2024-03-13T07:06:17.463+0000] {logging_mixin.py:188} INFO - [2024-03-13T07:06:17.463+0000] {dagbag.py:540} INFO - Filling up the DagBag from /home/airflow/.local/lib/python3.8/site-packages/airflow/example_dags/example_branch_labels.py
[2024-03-13T07:06:17.469+0000] {processor.py:840} INFO - DAG(s) 'example_branch_labels' retrieved from /home/airflow/.local/lib/python3.8/site-packages/airflow/example_dags/example_branch_labels.py
[2024-03-13T07:06:17.484+0000] {logging_mixin.py:188} INFO - [2024-03-13T07:06:17.484+0000] {dag.py:3047} INFO - Sync 1 DAGs
[2024-03-13T07:06:17.501+0000] {logging_mixin.py:188} INFO - [2024-03-13T07:06:17.501+0000] {dag.py:3834} INFO - Setting next_dagrun for example_branch_labels to 2024-03-12 00:00:00+00:00, run_after=2024-03-13 00:00:00+00:00
[2024-03-13T07:06:17.518+0000] {processor.py:183} INFO - Processing /home/airflow/.local/lib/python3.8/site-packages/airflow/example_dags/example_branch_labels.py took 0.059 seconds
[2024-03-13T07:06:47.884+0000] {processor.py:161} INFO - Started process (PID=567) to work on /home/airflow/.local/lib/python3.8/site-packages/airflow/example_dags/example_branch_labels.py
[2024-03-13T07:06:47.885+0000] {processor.py:830} INFO - Processing file /home/airflow/.local/lib/python3.8/site-packages/airflow/example_dags/example_branch_labels.py for tasks to queue
[2024-03-13T07:06:47.887+0000] {logging_mixin.py:188} INFO - [2024-03-13T07:06:47.887+0000] {dagbag.py:540} INFO - Filling up the DagBag from /home/airflow/.local/lib/python3.8/site-packages/airflow/example_dags/example_branch_labels.py
[2024-03-13T07:06:47.893+0000] {processor.py:840} INFO - DAG(s) 'example_branch_labels' retrieved from /home/airflow/.local/lib/python3.8/site-packages/airflow/example_dags/example_branch_labels.py
[2024-03-13T07:06:47.908+0000] {logging_mixin.py:188} INFO - [2024-03-13T07:06:47.907+0000] {dag.py:3047} INFO - Sync 1 DAGs
[2024-03-13T07:06:47.924+0000] {logging_mixin.py:188} INFO - [2024-03-13T07:06:47.924+0000] {dag.py:3834} INFO - Setting next_dagrun for example_branch_labels to 2024-03-12 00:00:00+00:00, run_after=2024-03-13 00:00:00+00:00
[2024-03-13T07:06:47.942+0000] {processor.py:183} INFO - Processing /home/airflow/.local/lib/python3.8/site-packages/airflow/example_dags/example_branch_labels.py took 0.060 seconds
[2024-03-13T07:09:30.159+0000] {processor.py:161} INFO - Started process (PID=63) to work on /home/airflow/.local/lib/python3.8/site-packages/airflow/example_dags/example_branch_labels.py
[2024-03-13T07:09:30.160+0000] {processor.py:830} INFO - Processing file /home/airflow/.local/lib/python3.8/site-packages/airflow/example_dags/example_branch_labels.py for tasks to queue
[2024-03-13T07:09:30.161+0000] {logging_mixin.py:188} INFO - [2024-03-13T07:09:30.161+0000] {dagbag.py:540} INFO - Filling up the DagBag from /home/airflow/.local/lib/python3.8/site-packages/airflow/example_dags/example_branch_labels.py
[2024-03-13T07:09:30.168+0000] {processor.py:840} INFO - DAG(s) 'example_branch_labels' retrieved from /home/airflow/.local/lib/python3.8/site-packages/airflow/example_dags/example_branch_labels.py
[2024-03-13T07:09:30.178+0000] {logging_mixin.py:188} INFO - [2024-03-13T07:09:30.178+0000] {dag.py:3047} INFO - Sync 1 DAGs
[2024-03-13T07:09:30.199+0000] {logging_mixin.py:188} INFO - [2024-03-13T07:09:30.199+0000] {dag.py:3834} INFO - Setting next_dagrun for example_branch_labels to 2024-03-12 00:00:00+00:00, run_after=2024-03-13 00:00:00+00:00
[2024-03-13T07:09:30.218+0000] {processor.py:183} INFO - Processing /home/airflow/.local/lib/python3.8/site-packages/airflow/example_dags/example_branch_labels.py took 0.062 seconds
[2024-03-13T07:10:01.085+0000] {processor.py:161} INFO - Started process (PID=119) to work on /home/airflow/.local/lib/python3.8/site-packages/airflow/example_dags/example_branch_labels.py
[2024-03-13T07:10:01.086+0000] {processor.py:830} INFO - Processing file /home/airflow/.local/lib/python3.8/site-packages/airflow/example_dags/example_branch_labels.py for tasks to queue
[2024-03-13T07:10:01.088+0000] {logging_mixin.py:188} INFO - [2024-03-13T07:10:01.088+0000] {dagbag.py:540} INFO - Filling up the DagBag from /home/airflow/.local/lib/python3.8/site-packages/airflow/example_dags/example_branch_labels.py
[2024-03-13T07:10:01.094+0000] {processor.py:840} INFO - DAG(s) 'example_branch_labels' retrieved from /home/airflow/.local/lib/python3.8/site-packages/airflow/example_dags/example_branch_labels.py
[2024-03-13T07:10:01.164+0000] {logging_mixin.py:188} INFO - [2024-03-13T07:10:01.164+0000] {dag.py:3047} INFO - Sync 1 DAGs
[2024-03-13T07:10:01.180+0000] {logging_mixin.py:188} INFO - [2024-03-13T07:10:01.179+0000] {dag.py:3834} INFO - Setting next_dagrun for example_branch_labels to 2024-03-12 00:00:00+00:00, run_after=2024-03-13 00:00:00+00:00
[2024-03-13T07:10:01.197+0000] {processor.py:183} INFO - Processing /home/airflow/.local/lib/python3.8/site-packages/airflow/example_dags/example_branch_labels.py took 0.114 seconds
[2024-03-13T07:10:31.584+0000] {processor.py:161} INFO - Started process (PID=175) to work on /home/airflow/.local/lib/python3.8/site-packages/airflow/example_dags/example_branch_labels.py
[2024-03-13T07:10:31.586+0000] {processor.py:830} INFO - Processing file /home/airflow/.local/lib/python3.8/site-packages/airflow/example_dags/example_branch_labels.py for tasks to queue
[2024-03-13T07:10:31.588+0000] {logging_mixin.py:188} INFO - [2024-03-13T07:10:31.588+0000] {dagbag.py:540} INFO - Filling up the DagBag from /home/airflow/.local/lib/python3.8/site-packages/airflow/example_dags/example_branch_labels.py
[2024-03-13T07:10:31.595+0000] {processor.py:840} INFO - DAG(s) 'example_branch_labels' retrieved from /home/airflow/.local/lib/python3.8/site-packages/airflow/example_dags/example_branch_labels.py
[2024-03-13T07:10:31.611+0000] {logging_mixin.py:188} INFO - [2024-03-13T07:10:31.611+0000] {dag.py:3047} INFO - Sync 1 DAGs
[2024-03-13T07:10:31.629+0000] {logging_mixin.py:188} INFO - [2024-03-13T07:10:31.629+0000] {dag.py:3834} INFO - Setting next_dagrun for example_branch_labels to 2024-03-12 00:00:00+00:00, run_after=2024-03-13 00:00:00+00:00
[2024-03-13T07:10:31.645+0000] {processor.py:183} INFO - Processing /home/airflow/.local/lib/python3.8/site-packages/airflow/example_dags/example_branch_labels.py took 0.063 seconds
[2024-03-13T07:11:01.856+0000] {processor.py:161} INFO - Started process (PID=231) to work on /home/airflow/.local/lib/python3.8/site-packages/airflow/example_dags/example_branch_labels.py
[2024-03-13T07:11:01.857+0000] {processor.py:830} INFO - Processing file /home/airflow/.local/lib/python3.8/site-packages/airflow/example_dags/example_branch_labels.py for tasks to queue
[2024-03-13T07:11:01.858+0000] {logging_mixin.py:188} INFO - [2024-03-13T07:11:01.858+0000] {dagbag.py:540} INFO - Filling up the DagBag from /home/airflow/.local/lib/python3.8/site-packages/airflow/example_dags/example_branch_labels.py
[2024-03-13T07:11:01.865+0000] {processor.py:840} INFO - DAG(s) 'example_branch_labels' retrieved from /home/airflow/.local/lib/python3.8/site-packages/airflow/example_dags/example_branch_labels.py
[2024-03-13T07:11:01.881+0000] {logging_mixin.py:188} INFO - [2024-03-13T07:11:01.881+0000] {dag.py:3047} INFO - Sync 1 DAGs
[2024-03-13T07:11:01.898+0000] {logging_mixin.py:188} INFO - [2024-03-13T07:11:01.898+0000] {dag.py:3834} INFO - Setting next_dagrun for example_branch_labels to 2024-03-12 00:00:00+00:00, run_after=2024-03-13 00:00:00+00:00
[2024-03-13T07:11:01.913+0000] {processor.py:183} INFO - Processing /home/airflow/.local/lib/python3.8/site-packages/airflow/example_dags/example_branch_labels.py took 0.060 seconds
[2024-03-13T07:11:32.163+0000] {processor.py:161} INFO - Started process (PID=288) to work on /home/airflow/.local/lib/python3.8/site-packages/airflow/example_dags/example_branch_labels.py
[2024-03-13T07:11:32.164+0000] {processor.py:830} INFO - Processing file /home/airflow/.local/lib/python3.8/site-packages/airflow/example_dags/example_branch_labels.py for tasks to queue
[2024-03-13T07:11:32.165+0000] {logging_mixin.py:188} INFO - [2024-03-13T07:11:32.165+0000] {dagbag.py:540} INFO - Filling up the DagBag from /home/airflow/.local/lib/python3.8/site-packages/airflow/example_dags/example_branch_labels.py
[2024-03-13T07:11:32.171+0000] {processor.py:840} INFO - DAG(s) 'example_branch_labels' retrieved from /home/airflow/.local/lib/python3.8/site-packages/airflow/example_dags/example_branch_labels.py
[2024-03-13T07:11:32.186+0000] {logging_mixin.py:188} INFO - [2024-03-13T07:11:32.186+0000] {dag.py:3047} INFO - Sync 1 DAGs
[2024-03-13T07:11:32.204+0000] {logging_mixin.py:188} INFO - [2024-03-13T07:11:32.204+0000] {dag.py:3834} INFO - Setting next_dagrun for example_branch_labels to 2024-03-12 00:00:00+00:00, run_after=2024-03-13 00:00:00+00:00
[2024-03-13T07:11:32.222+0000] {processor.py:183} INFO - Processing /home/airflow/.local/lib/python3.8/site-packages/airflow/example_dags/example_branch_labels.py took 0.061 seconds
