[2024-03-13T06:40:19.763+0000] {processor.py:161} INFO - Started process (PID=440) to work on /home/airflow/.local/lib/python3.8/site-packages/airflow/example_dags/example_external_task_marker_dag.py
[2024-03-13T06:40:19.767+0000] {processor.py:830} INFO - Processing file /home/airflow/.local/lib/python3.8/site-packages/airflow/example_dags/example_external_task_marker_dag.py for tasks to queue
[2024-03-13T06:40:19.768+0000] {logging_mixin.py:188} INFO - [2024-03-13T06:40:19.768+0000] {dagbag.py:540} INFO - Filling up the DagBag from /home/airflow/.local/lib/python3.8/site-packages/airflow/example_dags/example_external_task_marker_dag.py
[2024-03-13T06:40:19.774+0000] {processor.py:840} INFO - DAG(s) 'example_external_task_marker_parent', 'example_external_task_marker_child' retrieved from /home/airflow/.local/lib/python3.8/site-packages/airflow/example_dags/example_external_task_marker_dag.py
[2024-03-13T06:40:19.794+0000] {logging_mixin.py:188} INFO - [2024-03-13T06:40:19.794+0000] {dag.py:3047} INFO - Sync 2 DAGs
[2024-03-13T06:40:19.805+0000] {logging_mixin.py:188} INFO - [2024-03-13T06:40:19.805+0000] {dag.py:3834} INFO - Setting next_dagrun for example_external_task_marker_child to None, run_after=None
[2024-03-13T06:40:19.809+0000] {logging_mixin.py:188} INFO - [2024-03-13T06:40:19.809+0000] {dag.py:3834} INFO - Setting next_dagrun for example_external_task_marker_parent to None, run_after=None
[2024-03-13T06:40:19.822+0000] {processor.py:183} INFO - Processing /home/airflow/.local/lib/python3.8/site-packages/airflow/example_dags/example_external_task_marker_dag.py took 0.062 seconds
[2024-03-13T06:40:50.154+0000] {processor.py:161} INFO - Started process (PID=496) to work on /home/airflow/.local/lib/python3.8/site-packages/airflow/example_dags/example_external_task_marker_dag.py
[2024-03-13T06:40:50.155+0000] {processor.py:830} INFO - Processing file /home/airflow/.local/lib/python3.8/site-packages/airflow/example_dags/example_external_task_marker_dag.py for tasks to queue
[2024-03-13T06:40:50.156+0000] {logging_mixin.py:188} INFO - [2024-03-13T06:40:50.156+0000] {dagbag.py:540} INFO - Filling up the DagBag from /home/airflow/.local/lib/python3.8/site-packages/airflow/example_dags/example_external_task_marker_dag.py
[2024-03-13T06:40:50.161+0000] {processor.py:840} INFO - DAG(s) 'example_external_task_marker_child', 'example_external_task_marker_parent' retrieved from /home/airflow/.local/lib/python3.8/site-packages/airflow/example_dags/example_external_task_marker_dag.py
[2024-03-13T06:40:50.179+0000] {logging_mixin.py:188} INFO - [2024-03-13T06:40:50.178+0000] {dag.py:3047} INFO - Sync 2 DAGs
[2024-03-13T06:40:50.188+0000] {logging_mixin.py:188} INFO - [2024-03-13T06:40:50.188+0000] {dag.py:3834} INFO - Setting next_dagrun for example_external_task_marker_child to None, run_after=None
[2024-03-13T06:40:50.191+0000] {logging_mixin.py:188} INFO - [2024-03-13T06:40:50.191+0000] {dag.py:3834} INFO - Setting next_dagrun for example_external_task_marker_parent to None, run_after=None
[2024-03-13T06:40:50.205+0000] {processor.py:183} INFO - Processing /home/airflow/.local/lib/python3.8/site-packages/airflow/example_dags/example_external_task_marker_dag.py took 0.054 seconds
[2024-03-13T06:41:20.643+0000] {processor.py:161} INFO - Started process (PID=552) to work on /home/airflow/.local/lib/python3.8/site-packages/airflow/example_dags/example_external_task_marker_dag.py
[2024-03-13T06:41:20.644+0000] {processor.py:830} INFO - Processing file /home/airflow/.local/lib/python3.8/site-packages/airflow/example_dags/example_external_task_marker_dag.py for tasks to queue
[2024-03-13T06:41:20.644+0000] {logging_mixin.py:188} INFO - [2024-03-13T06:41:20.644+0000] {dagbag.py:540} INFO - Filling up the DagBag from /home/airflow/.local/lib/python3.8/site-packages/airflow/example_dags/example_external_task_marker_dag.py
[2024-03-13T06:41:20.649+0000] {processor.py:840} INFO - DAG(s) 'example_external_task_marker_child', 'example_external_task_marker_parent' retrieved from /home/airflow/.local/lib/python3.8/site-packages/airflow/example_dags/example_external_task_marker_dag.py
[2024-03-13T06:41:20.666+0000] {logging_mixin.py:188} INFO - [2024-03-13T06:41:20.666+0000] {dag.py:3047} INFO - Sync 2 DAGs
[2024-03-13T06:41:20.676+0000] {logging_mixin.py:188} INFO - [2024-03-13T06:41:20.675+0000] {dag.py:3834} INFO - Setting next_dagrun for example_external_task_marker_child to None, run_after=None
[2024-03-13T06:41:20.679+0000] {logging_mixin.py:188} INFO - [2024-03-13T06:41:20.679+0000] {dag.py:3834} INFO - Setting next_dagrun for example_external_task_marker_parent to None, run_after=None
[2024-03-13T06:41:20.694+0000] {processor.py:183} INFO - Processing /home/airflow/.local/lib/python3.8/site-packages/airflow/example_dags/example_external_task_marker_dag.py took 0.053 seconds
[2024-03-13T06:41:51.230+0000] {processor.py:161} INFO - Started process (PID=608) to work on /home/airflow/.local/lib/python3.8/site-packages/airflow/example_dags/example_external_task_marker_dag.py
[2024-03-13T06:41:51.231+0000] {processor.py:830} INFO - Processing file /home/airflow/.local/lib/python3.8/site-packages/airflow/example_dags/example_external_task_marker_dag.py for tasks to queue
[2024-03-13T06:41:51.232+0000] {logging_mixin.py:188} INFO - [2024-03-13T06:41:51.231+0000] {dagbag.py:540} INFO - Filling up the DagBag from /home/airflow/.local/lib/python3.8/site-packages/airflow/example_dags/example_external_task_marker_dag.py
[2024-03-13T06:41:51.237+0000] {processor.py:840} INFO - DAG(s) 'example_external_task_marker_child', 'example_external_task_marker_parent' retrieved from /home/airflow/.local/lib/python3.8/site-packages/airflow/example_dags/example_external_task_marker_dag.py
[2024-03-13T06:41:51.257+0000] {logging_mixin.py:188} INFO - [2024-03-13T06:41:51.257+0000] {dag.py:3047} INFO - Sync 2 DAGs
[2024-03-13T06:41:51.267+0000] {logging_mixin.py:188} INFO - [2024-03-13T06:41:51.266+0000] {dag.py:3834} INFO - Setting next_dagrun for example_external_task_marker_child to None, run_after=None
[2024-03-13T06:41:51.270+0000] {logging_mixin.py:188} INFO - [2024-03-13T06:41:51.270+0000] {dag.py:3834} INFO - Setting next_dagrun for example_external_task_marker_parent to None, run_after=None
[2024-03-13T06:41:51.296+0000] {processor.py:183} INFO - Processing /home/airflow/.local/lib/python3.8/site-packages/airflow/example_dags/example_external_task_marker_dag.py took 0.069 seconds
[2024-03-13T06:42:21.607+0000] {processor.py:161} INFO - Started process (PID=664) to work on /home/airflow/.local/lib/python3.8/site-packages/airflow/example_dags/example_external_task_marker_dag.py
[2024-03-13T06:42:21.608+0000] {processor.py:830} INFO - Processing file /home/airflow/.local/lib/python3.8/site-packages/airflow/example_dags/example_external_task_marker_dag.py for tasks to queue
[2024-03-13T06:42:21.609+0000] {logging_mixin.py:188} INFO - [2024-03-13T06:42:21.609+0000] {dagbag.py:540} INFO - Filling up the DagBag from /home/airflow/.local/lib/python3.8/site-packages/airflow/example_dags/example_external_task_marker_dag.py
[2024-03-13T06:42:21.614+0000] {processor.py:840} INFO - DAG(s) 'example_external_task_marker_parent', 'example_external_task_marker_child' retrieved from /home/airflow/.local/lib/python3.8/site-packages/airflow/example_dags/example_external_task_marker_dag.py
[2024-03-13T06:42:21.634+0000] {logging_mixin.py:188} INFO - [2024-03-13T06:42:21.634+0000] {dag.py:3047} INFO - Sync 2 DAGs
[2024-03-13T06:42:21.644+0000] {logging_mixin.py:188} INFO - [2024-03-13T06:42:21.644+0000] {dag.py:3834} INFO - Setting next_dagrun for example_external_task_marker_child to None, run_after=None
[2024-03-13T06:42:21.647+0000] {logging_mixin.py:188} INFO - [2024-03-13T06:42:21.647+0000] {dag.py:3834} INFO - Setting next_dagrun for example_external_task_marker_parent to None, run_after=None
[2024-03-13T06:42:21.662+0000] {processor.py:183} INFO - Processing /home/airflow/.local/lib/python3.8/site-packages/airflow/example_dags/example_external_task_marker_dag.py took 0.057 seconds
[2024-03-13T06:42:51.872+0000] {processor.py:161} INFO - Started process (PID=720) to work on /home/airflow/.local/lib/python3.8/site-packages/airflow/example_dags/example_external_task_marker_dag.py
[2024-03-13T06:42:51.873+0000] {processor.py:830} INFO - Processing file /home/airflow/.local/lib/python3.8/site-packages/airflow/example_dags/example_external_task_marker_dag.py for tasks to queue
[2024-03-13T06:42:51.874+0000] {logging_mixin.py:188} INFO - [2024-03-13T06:42:51.874+0000] {dagbag.py:540} INFO - Filling up the DagBag from /home/airflow/.local/lib/python3.8/site-packages/airflow/example_dags/example_external_task_marker_dag.py
[2024-03-13T06:42:51.879+0000] {processor.py:840} INFO - DAG(s) 'example_external_task_marker_parent', 'example_external_task_marker_child' retrieved from /home/airflow/.local/lib/python3.8/site-packages/airflow/example_dags/example_external_task_marker_dag.py
[2024-03-13T06:42:51.897+0000] {logging_mixin.py:188} INFO - [2024-03-13T06:42:51.897+0000] {dag.py:3047} INFO - Sync 2 DAGs
[2024-03-13T06:42:51.907+0000] {logging_mixin.py:188} INFO - [2024-03-13T06:42:51.906+0000] {dag.py:3834} INFO - Setting next_dagrun for example_external_task_marker_child to None, run_after=None
[2024-03-13T06:42:51.910+0000] {logging_mixin.py:188} INFO - [2024-03-13T06:42:51.910+0000] {dag.py:3834} INFO - Setting next_dagrun for example_external_task_marker_parent to None, run_after=None
[2024-03-13T06:42:51.924+0000] {processor.py:183} INFO - Processing /home/airflow/.local/lib/python3.8/site-packages/airflow/example_dags/example_external_task_marker_dag.py took 0.054 seconds
[2024-03-13T06:43:22.207+0000] {processor.py:161} INFO - Started process (PID=776) to work on /home/airflow/.local/lib/python3.8/site-packages/airflow/example_dags/example_external_task_marker_dag.py
[2024-03-13T06:43:22.208+0000] {processor.py:830} INFO - Processing file /home/airflow/.local/lib/python3.8/site-packages/airflow/example_dags/example_external_task_marker_dag.py for tasks to queue
[2024-03-13T06:43:22.209+0000] {logging_mixin.py:188} INFO - [2024-03-13T06:43:22.209+0000] {dagbag.py:540} INFO - Filling up the DagBag from /home/airflow/.local/lib/python3.8/site-packages/airflow/example_dags/example_external_task_marker_dag.py
[2024-03-13T06:43:22.213+0000] {processor.py:840} INFO - DAG(s) 'example_external_task_marker_parent', 'example_external_task_marker_child' retrieved from /home/airflow/.local/lib/python3.8/site-packages/airflow/example_dags/example_external_task_marker_dag.py
[2024-03-13T06:43:22.232+0000] {logging_mixin.py:188} INFO - [2024-03-13T06:43:22.232+0000] {dag.py:3047} INFO - Sync 2 DAGs
[2024-03-13T06:43:22.243+0000] {logging_mixin.py:188} INFO - [2024-03-13T06:43:22.243+0000] {dag.py:3834} INFO - Setting next_dagrun for example_external_task_marker_child to None, run_after=None
[2024-03-13T06:43:22.246+0000] {logging_mixin.py:188} INFO - [2024-03-13T06:43:22.246+0000] {dag.py:3834} INFO - Setting next_dagrun for example_external_task_marker_parent to None, run_after=None
[2024-03-13T06:43:22.261+0000] {processor.py:183} INFO - Processing /home/airflow/.local/lib/python3.8/site-packages/airflow/example_dags/example_external_task_marker_dag.py took 0.055 seconds
[2024-03-13T06:43:52.647+0000] {processor.py:161} INFO - Started process (PID=832) to work on /home/airflow/.local/lib/python3.8/site-packages/airflow/example_dags/example_external_task_marker_dag.py
[2024-03-13T06:43:52.648+0000] {processor.py:830} INFO - Processing file /home/airflow/.local/lib/python3.8/site-packages/airflow/example_dags/example_external_task_marker_dag.py for tasks to queue
[2024-03-13T06:43:52.649+0000] {logging_mixin.py:188} INFO - [2024-03-13T06:43:52.649+0000] {dagbag.py:540} INFO - Filling up the DagBag from /home/airflow/.local/lib/python3.8/site-packages/airflow/example_dags/example_external_task_marker_dag.py
[2024-03-13T06:43:52.654+0000] {processor.py:840} INFO - DAG(s) 'example_external_task_marker_child', 'example_external_task_marker_parent' retrieved from /home/airflow/.local/lib/python3.8/site-packages/airflow/example_dags/example_external_task_marker_dag.py
[2024-03-13T06:43:52.672+0000] {logging_mixin.py:188} INFO - [2024-03-13T06:43:52.672+0000] {dag.py:3047} INFO - Sync 2 DAGs
[2024-03-13T06:43:52.682+0000] {logging_mixin.py:188} INFO - [2024-03-13T06:43:52.682+0000] {dag.py:3834} INFO - Setting next_dagrun for example_external_task_marker_child to None, run_after=None
[2024-03-13T06:43:52.685+0000] {logging_mixin.py:188} INFO - [2024-03-13T06:43:52.685+0000] {dag.py:3834} INFO - Setting next_dagrun for example_external_task_marker_parent to None, run_after=None
[2024-03-13T06:43:52.703+0000] {processor.py:183} INFO - Processing /home/airflow/.local/lib/python3.8/site-packages/airflow/example_dags/example_external_task_marker_dag.py took 0.058 seconds
[2024-03-13T06:44:23.044+0000] {processor.py:161} INFO - Started process (PID=888) to work on /home/airflow/.local/lib/python3.8/site-packages/airflow/example_dags/example_external_task_marker_dag.py
[2024-03-13T06:44:23.045+0000] {processor.py:830} INFO - Processing file /home/airflow/.local/lib/python3.8/site-packages/airflow/example_dags/example_external_task_marker_dag.py for tasks to queue
[2024-03-13T06:44:23.046+0000] {logging_mixin.py:188} INFO - [2024-03-13T06:44:23.046+0000] {dagbag.py:540} INFO - Filling up the DagBag from /home/airflow/.local/lib/python3.8/site-packages/airflow/example_dags/example_external_task_marker_dag.py
[2024-03-13T06:44:23.051+0000] {processor.py:840} INFO - DAG(s) 'example_external_task_marker_child', 'example_external_task_marker_parent' retrieved from /home/airflow/.local/lib/python3.8/site-packages/airflow/example_dags/example_external_task_marker_dag.py
[2024-03-13T06:44:23.069+0000] {logging_mixin.py:188} INFO - [2024-03-13T06:44:23.069+0000] {dag.py:3047} INFO - Sync 2 DAGs
[2024-03-13T06:44:23.079+0000] {logging_mixin.py:188} INFO - [2024-03-13T06:44:23.079+0000] {dag.py:3834} INFO - Setting next_dagrun for example_external_task_marker_child to None, run_after=None
[2024-03-13T06:44:23.082+0000] {logging_mixin.py:188} INFO - [2024-03-13T06:44:23.082+0000] {dag.py:3834} INFO - Setting next_dagrun for example_external_task_marker_parent to None, run_after=None
[2024-03-13T06:44:23.096+0000] {processor.py:183} INFO - Processing /home/airflow/.local/lib/python3.8/site-packages/airflow/example_dags/example_external_task_marker_dag.py took 0.054 seconds
[2024-03-13T06:44:53.400+0000] {processor.py:161} INFO - Started process (PID=944) to work on /home/airflow/.local/lib/python3.8/site-packages/airflow/example_dags/example_external_task_marker_dag.py
[2024-03-13T06:44:53.401+0000] {processor.py:830} INFO - Processing file /home/airflow/.local/lib/python3.8/site-packages/airflow/example_dags/example_external_task_marker_dag.py for tasks to queue
[2024-03-13T06:44:53.402+0000] {logging_mixin.py:188} INFO - [2024-03-13T06:44:53.401+0000] {dagbag.py:540} INFO - Filling up the DagBag from /home/airflow/.local/lib/python3.8/site-packages/airflow/example_dags/example_external_task_marker_dag.py
[2024-03-13T06:44:53.407+0000] {processor.py:840} INFO - DAG(s) 'example_external_task_marker_child', 'example_external_task_marker_parent' retrieved from /home/airflow/.local/lib/python3.8/site-packages/airflow/example_dags/example_external_task_marker_dag.py
[2024-03-13T06:44:53.432+0000] {logging_mixin.py:188} INFO - [2024-03-13T06:44:53.432+0000] {dag.py:3047} INFO - Sync 2 DAGs
[2024-03-13T06:44:53.444+0000] {logging_mixin.py:188} INFO - [2024-03-13T06:44:53.444+0000] {dag.py:3834} INFO - Setting next_dagrun for example_external_task_marker_child to None, run_after=None
[2024-03-13T06:44:53.448+0000] {logging_mixin.py:188} INFO - [2024-03-13T06:44:53.448+0000] {dag.py:3834} INFO - Setting next_dagrun for example_external_task_marker_parent to None, run_after=None
[2024-03-13T06:44:53.468+0000] {processor.py:183} INFO - Processing /home/airflow/.local/lib/python3.8/site-packages/airflow/example_dags/example_external_task_marker_dag.py took 0.071 seconds
[2024-03-13T06:45:23.584+0000] {processor.py:161} INFO - Started process (PID=1001) to work on /home/airflow/.local/lib/python3.8/site-packages/airflow/example_dags/example_external_task_marker_dag.py
[2024-03-13T06:45:23.585+0000] {processor.py:830} INFO - Processing file /home/airflow/.local/lib/python3.8/site-packages/airflow/example_dags/example_external_task_marker_dag.py for tasks to queue
[2024-03-13T06:45:23.586+0000] {logging_mixin.py:188} INFO - [2024-03-13T06:45:23.585+0000] {dagbag.py:540} INFO - Filling up the DagBag from /home/airflow/.local/lib/python3.8/site-packages/airflow/example_dags/example_external_task_marker_dag.py
[2024-03-13T06:45:23.591+0000] {processor.py:840} INFO - DAG(s) 'example_external_task_marker_parent', 'example_external_task_marker_child' retrieved from /home/airflow/.local/lib/python3.8/site-packages/airflow/example_dags/example_external_task_marker_dag.py
[2024-03-13T06:45:23.610+0000] {logging_mixin.py:188} INFO - [2024-03-13T06:45:23.610+0000] {dag.py:3047} INFO - Sync 2 DAGs
[2024-03-13T06:45:23.620+0000] {logging_mixin.py:188} INFO - [2024-03-13T06:45:23.620+0000] {dag.py:3834} INFO - Setting next_dagrun for example_external_task_marker_child to None, run_after=None
[2024-03-13T06:45:23.624+0000] {logging_mixin.py:188} INFO - [2024-03-13T06:45:23.623+0000] {dag.py:3834} INFO - Setting next_dagrun for example_external_task_marker_parent to None, run_after=None
[2024-03-13T06:45:23.639+0000] {processor.py:183} INFO - Processing /home/airflow/.local/lib/python3.8/site-packages/airflow/example_dags/example_external_task_marker_dag.py took 0.058 seconds
[2024-03-13T06:45:54.051+0000] {processor.py:161} INFO - Started process (PID=1057) to work on /home/airflow/.local/lib/python3.8/site-packages/airflow/example_dags/example_external_task_marker_dag.py
[2024-03-13T06:45:54.052+0000] {processor.py:830} INFO - Processing file /home/airflow/.local/lib/python3.8/site-packages/airflow/example_dags/example_external_task_marker_dag.py for tasks to queue
[2024-03-13T06:45:54.053+0000] {logging_mixin.py:188} INFO - [2024-03-13T06:45:54.053+0000] {dagbag.py:540} INFO - Filling up the DagBag from /home/airflow/.local/lib/python3.8/site-packages/airflow/example_dags/example_external_task_marker_dag.py
[2024-03-13T06:45:54.059+0000] {processor.py:840} INFO - DAG(s) 'example_external_task_marker_parent', 'example_external_task_marker_child' retrieved from /home/airflow/.local/lib/python3.8/site-packages/airflow/example_dags/example_external_task_marker_dag.py
[2024-03-13T06:45:54.079+0000] {logging_mixin.py:188} INFO - [2024-03-13T06:45:54.079+0000] {dag.py:3047} INFO - Sync 2 DAGs
[2024-03-13T06:45:54.089+0000] {logging_mixin.py:188} INFO - [2024-03-13T06:45:54.088+0000] {dag.py:3834} INFO - Setting next_dagrun for example_external_task_marker_child to None, run_after=None
[2024-03-13T06:45:54.092+0000] {logging_mixin.py:188} INFO - [2024-03-13T06:45:54.092+0000] {dag.py:3834} INFO - Setting next_dagrun for example_external_task_marker_parent to None, run_after=None
[2024-03-13T06:45:54.107+0000] {processor.py:183} INFO - Processing /home/airflow/.local/lib/python3.8/site-packages/airflow/example_dags/example_external_task_marker_dag.py took 0.059 seconds
[2024-03-13T06:46:24.658+0000] {processor.py:161} INFO - Started process (PID=1113) to work on /home/airflow/.local/lib/python3.8/site-packages/airflow/example_dags/example_external_task_marker_dag.py
[2024-03-13T06:46:24.659+0000] {processor.py:830} INFO - Processing file /home/airflow/.local/lib/python3.8/site-packages/airflow/example_dags/example_external_task_marker_dag.py for tasks to queue
[2024-03-13T06:46:24.660+0000] {logging_mixin.py:188} INFO - [2024-03-13T06:46:24.660+0000] {dagbag.py:540} INFO - Filling up the DagBag from /home/airflow/.local/lib/python3.8/site-packages/airflow/example_dags/example_external_task_marker_dag.py
[2024-03-13T06:46:24.666+0000] {processor.py:840} INFO - DAG(s) 'example_external_task_marker_child', 'example_external_task_marker_parent' retrieved from /home/airflow/.local/lib/python3.8/site-packages/airflow/example_dags/example_external_task_marker_dag.py
[2024-03-13T06:46:24.685+0000] {logging_mixin.py:188} INFO - [2024-03-13T06:46:24.685+0000] {dag.py:3047} INFO - Sync 2 DAGs
[2024-03-13T06:46:24.695+0000] {logging_mixin.py:188} INFO - [2024-03-13T06:46:24.695+0000] {dag.py:3834} INFO - Setting next_dagrun for example_external_task_marker_child to None, run_after=None
[2024-03-13T06:46:24.699+0000] {logging_mixin.py:188} INFO - [2024-03-13T06:46:24.699+0000] {dag.py:3834} INFO - Setting next_dagrun for example_external_task_marker_parent to None, run_after=None
[2024-03-13T06:46:24.718+0000] {processor.py:183} INFO - Processing /home/airflow/.local/lib/python3.8/site-packages/airflow/example_dags/example_external_task_marker_dag.py took 0.062 seconds
[2024-03-13T06:46:55.037+0000] {processor.py:161} INFO - Started process (PID=1176) to work on /home/airflow/.local/lib/python3.8/site-packages/airflow/example_dags/example_external_task_marker_dag.py
[2024-03-13T06:46:55.038+0000] {processor.py:830} INFO - Processing file /home/airflow/.local/lib/python3.8/site-packages/airflow/example_dags/example_external_task_marker_dag.py for tasks to queue
[2024-03-13T06:46:55.039+0000] {logging_mixin.py:188} INFO - [2024-03-13T06:46:55.039+0000] {dagbag.py:540} INFO - Filling up the DagBag from /home/airflow/.local/lib/python3.8/site-packages/airflow/example_dags/example_external_task_marker_dag.py
[2024-03-13T06:46:55.044+0000] {processor.py:840} INFO - DAG(s) 'example_external_task_marker_child', 'example_external_task_marker_parent' retrieved from /home/airflow/.local/lib/python3.8/site-packages/airflow/example_dags/example_external_task_marker_dag.py
[2024-03-13T06:46:55.063+0000] {logging_mixin.py:188} INFO - [2024-03-13T06:46:55.063+0000] {dag.py:3047} INFO - Sync 2 DAGs
[2024-03-13T06:46:55.073+0000] {logging_mixin.py:188} INFO - [2024-03-13T06:46:55.073+0000] {dag.py:3834} INFO - Setting next_dagrun for example_external_task_marker_child to None, run_after=None
[2024-03-13T06:46:55.076+0000] {logging_mixin.py:188} INFO - [2024-03-13T06:46:55.076+0000] {dag.py:3834} INFO - Setting next_dagrun for example_external_task_marker_parent to None, run_after=None
[2024-03-13T06:46:55.091+0000] {processor.py:183} INFO - Processing /home/airflow/.local/lib/python3.8/site-packages/airflow/example_dags/example_external_task_marker_dag.py took 0.056 seconds
[2024-03-13T06:47:25.527+0000] {processor.py:161} INFO - Started process (PID=1232) to work on /home/airflow/.local/lib/python3.8/site-packages/airflow/example_dags/example_external_task_marker_dag.py
[2024-03-13T06:47:25.528+0000] {processor.py:830} INFO - Processing file /home/airflow/.local/lib/python3.8/site-packages/airflow/example_dags/example_external_task_marker_dag.py for tasks to queue
[2024-03-13T06:47:25.529+0000] {logging_mixin.py:188} INFO - [2024-03-13T06:47:25.529+0000] {dagbag.py:540} INFO - Filling up the DagBag from /home/airflow/.local/lib/python3.8/site-packages/airflow/example_dags/example_external_task_marker_dag.py
[2024-03-13T06:47:25.535+0000] {processor.py:840} INFO - DAG(s) 'example_external_task_marker_child', 'example_external_task_marker_parent' retrieved from /home/airflow/.local/lib/python3.8/site-packages/airflow/example_dags/example_external_task_marker_dag.py
[2024-03-13T06:47:25.561+0000] {logging_mixin.py:188} INFO - [2024-03-13T06:47:25.561+0000] {dag.py:3047} INFO - Sync 2 DAGs
[2024-03-13T06:47:25.573+0000] {logging_mixin.py:188} INFO - [2024-03-13T06:47:25.572+0000] {dag.py:3834} INFO - Setting next_dagrun for example_external_task_marker_child to None, run_after=None
[2024-03-13T06:47:25.578+0000] {logging_mixin.py:188} INFO - [2024-03-13T06:47:25.578+0000] {dag.py:3834} INFO - Setting next_dagrun for example_external_task_marker_parent to None, run_after=None
[2024-03-13T06:47:25.602+0000] {processor.py:183} INFO - Processing /home/airflow/.local/lib/python3.8/site-packages/airflow/example_dags/example_external_task_marker_dag.py took 0.078 seconds
[2024-03-13T06:47:56.428+0000] {processor.py:161} INFO - Started process (PID=1288) to work on /home/airflow/.local/lib/python3.8/site-packages/airflow/example_dags/example_external_task_marker_dag.py
[2024-03-13T06:47:56.429+0000] {processor.py:830} INFO - Processing file /home/airflow/.local/lib/python3.8/site-packages/airflow/example_dags/example_external_task_marker_dag.py for tasks to queue
[2024-03-13T06:47:56.430+0000] {logging_mixin.py:188} INFO - [2024-03-13T06:47:56.430+0000] {dagbag.py:540} INFO - Filling up the DagBag from /home/airflow/.local/lib/python3.8/site-packages/airflow/example_dags/example_external_task_marker_dag.py
[2024-03-13T06:47:56.435+0000] {processor.py:840} INFO - DAG(s) 'example_external_task_marker_child', 'example_external_task_marker_parent' retrieved from /home/airflow/.local/lib/python3.8/site-packages/airflow/example_dags/example_external_task_marker_dag.py
[2024-03-13T06:47:56.456+0000] {logging_mixin.py:188} INFO - [2024-03-13T06:47:56.456+0000] {dag.py:3047} INFO - Sync 2 DAGs
[2024-03-13T06:47:56.465+0000] {logging_mixin.py:188} INFO - [2024-03-13T06:47:56.465+0000] {dag.py:3834} INFO - Setting next_dagrun for example_external_task_marker_child to None, run_after=None
[2024-03-13T06:47:56.469+0000] {logging_mixin.py:188} INFO - [2024-03-13T06:47:56.469+0000] {dag.py:3834} INFO - Setting next_dagrun for example_external_task_marker_parent to None, run_after=None
[2024-03-13T06:47:56.486+0000] {processor.py:183} INFO - Processing /home/airflow/.local/lib/python3.8/site-packages/airflow/example_dags/example_external_task_marker_dag.py took 0.061 seconds
[2024-03-13T06:48:26.805+0000] {processor.py:161} INFO - Started process (PID=1344) to work on /home/airflow/.local/lib/python3.8/site-packages/airflow/example_dags/example_external_task_marker_dag.py
[2024-03-13T06:48:26.806+0000] {processor.py:830} INFO - Processing file /home/airflow/.local/lib/python3.8/site-packages/airflow/example_dags/example_external_task_marker_dag.py for tasks to queue
[2024-03-13T06:48:26.807+0000] {logging_mixin.py:188} INFO - [2024-03-13T06:48:26.807+0000] {dagbag.py:540} INFO - Filling up the DagBag from /home/airflow/.local/lib/python3.8/site-packages/airflow/example_dags/example_external_task_marker_dag.py
[2024-03-13T06:48:26.812+0000] {processor.py:840} INFO - DAG(s) 'example_external_task_marker_parent', 'example_external_task_marker_child' retrieved from /home/airflow/.local/lib/python3.8/site-packages/airflow/example_dags/example_external_task_marker_dag.py
[2024-03-13T06:48:26.832+0000] {logging_mixin.py:188} INFO - [2024-03-13T06:48:26.831+0000] {dag.py:3047} INFO - Sync 2 DAGs
[2024-03-13T06:48:26.843+0000] {logging_mixin.py:188} INFO - [2024-03-13T06:48:26.842+0000] {dag.py:3834} INFO - Setting next_dagrun for example_external_task_marker_child to None, run_after=None
[2024-03-13T06:48:26.846+0000] {logging_mixin.py:188} INFO - [2024-03-13T06:48:26.845+0000] {dag.py:3834} INFO - Setting next_dagrun for example_external_task_marker_parent to None, run_after=None
[2024-03-13T06:48:26.864+0000] {processor.py:183} INFO - Processing /home/airflow/.local/lib/python3.8/site-packages/airflow/example_dags/example_external_task_marker_dag.py took 0.062 seconds
[2024-03-13T06:48:57.085+0000] {processor.py:161} INFO - Started process (PID=1402) to work on /home/airflow/.local/lib/python3.8/site-packages/airflow/example_dags/example_external_task_marker_dag.py
[2024-03-13T06:48:57.086+0000] {processor.py:830} INFO - Processing file /home/airflow/.local/lib/python3.8/site-packages/airflow/example_dags/example_external_task_marker_dag.py for tasks to queue
[2024-03-13T06:48:57.087+0000] {logging_mixin.py:188} INFO - [2024-03-13T06:48:57.087+0000] {dagbag.py:540} INFO - Filling up the DagBag from /home/airflow/.local/lib/python3.8/site-packages/airflow/example_dags/example_external_task_marker_dag.py
[2024-03-13T06:48:57.092+0000] {processor.py:840} INFO - DAG(s) 'example_external_task_marker_child', 'example_external_task_marker_parent' retrieved from /home/airflow/.local/lib/python3.8/site-packages/airflow/example_dags/example_external_task_marker_dag.py
[2024-03-13T06:48:57.113+0000] {logging_mixin.py:188} INFO - [2024-03-13T06:48:57.112+0000] {dag.py:3047} INFO - Sync 2 DAGs
[2024-03-13T06:48:57.123+0000] {logging_mixin.py:188} INFO - [2024-03-13T06:48:57.123+0000] {dag.py:3834} INFO - Setting next_dagrun for example_external_task_marker_child to None, run_after=None
[2024-03-13T06:48:57.127+0000] {logging_mixin.py:188} INFO - [2024-03-13T06:48:57.127+0000] {dag.py:3834} INFO - Setting next_dagrun for example_external_task_marker_parent to None, run_after=None
[2024-03-13T06:48:57.144+0000] {processor.py:183} INFO - Processing /home/airflow/.local/lib/python3.8/site-packages/airflow/example_dags/example_external_task_marker_dag.py took 0.062 seconds
[2024-03-13T06:49:27.360+0000] {processor.py:161} INFO - Started process (PID=1458) to work on /home/airflow/.local/lib/python3.8/site-packages/airflow/example_dags/example_external_task_marker_dag.py
[2024-03-13T06:49:27.361+0000] {processor.py:830} INFO - Processing file /home/airflow/.local/lib/python3.8/site-packages/airflow/example_dags/example_external_task_marker_dag.py for tasks to queue
[2024-03-13T06:49:27.363+0000] {logging_mixin.py:188} INFO - [2024-03-13T06:49:27.362+0000] {dagbag.py:540} INFO - Filling up the DagBag from /home/airflow/.local/lib/python3.8/site-packages/airflow/example_dags/example_external_task_marker_dag.py
[2024-03-13T06:49:27.368+0000] {processor.py:840} INFO - DAG(s) 'example_external_task_marker_parent', 'example_external_task_marker_child' retrieved from /home/airflow/.local/lib/python3.8/site-packages/airflow/example_dags/example_external_task_marker_dag.py
[2024-03-13T06:49:27.387+0000] {logging_mixin.py:188} INFO - [2024-03-13T06:49:27.387+0000] {dag.py:3047} INFO - Sync 2 DAGs
[2024-03-13T06:49:27.396+0000] {logging_mixin.py:188} INFO - [2024-03-13T06:49:27.396+0000] {dag.py:3834} INFO - Setting next_dagrun for example_external_task_marker_child to None, run_after=None
[2024-03-13T06:49:27.400+0000] {logging_mixin.py:188} INFO - [2024-03-13T06:49:27.400+0000] {dag.py:3834} INFO - Setting next_dagrun for example_external_task_marker_parent to None, run_after=None
[2024-03-13T06:49:27.418+0000] {processor.py:183} INFO - Processing /home/airflow/.local/lib/python3.8/site-packages/airflow/example_dags/example_external_task_marker_dag.py took 0.060 seconds
[2024-03-13T06:49:57.579+0000] {processor.py:161} INFO - Started process (PID=1516) to work on /home/airflow/.local/lib/python3.8/site-packages/airflow/example_dags/example_external_task_marker_dag.py
[2024-03-13T06:49:57.580+0000] {processor.py:830} INFO - Processing file /home/airflow/.local/lib/python3.8/site-packages/airflow/example_dags/example_external_task_marker_dag.py for tasks to queue
[2024-03-13T06:49:57.581+0000] {logging_mixin.py:188} INFO - [2024-03-13T06:49:57.580+0000] {dagbag.py:540} INFO - Filling up the DagBag from /home/airflow/.local/lib/python3.8/site-packages/airflow/example_dags/example_external_task_marker_dag.py
[2024-03-13T06:49:57.585+0000] {processor.py:840} INFO - DAG(s) 'example_external_task_marker_child', 'example_external_task_marker_parent' retrieved from /home/airflow/.local/lib/python3.8/site-packages/airflow/example_dags/example_external_task_marker_dag.py
[2024-03-13T06:49:57.604+0000] {logging_mixin.py:188} INFO - [2024-03-13T06:49:57.603+0000] {dag.py:3047} INFO - Sync 2 DAGs
[2024-03-13T06:49:57.613+0000] {logging_mixin.py:188} INFO - [2024-03-13T06:49:57.613+0000] {dag.py:3834} INFO - Setting next_dagrun for example_external_task_marker_child to None, run_after=None
[2024-03-13T06:49:57.616+0000] {logging_mixin.py:188} INFO - [2024-03-13T06:49:57.616+0000] {dag.py:3834} INFO - Setting next_dagrun for example_external_task_marker_parent to None, run_after=None
[2024-03-13T06:49:57.632+0000] {processor.py:183} INFO - Processing /home/airflow/.local/lib/python3.8/site-packages/airflow/example_dags/example_external_task_marker_dag.py took 0.056 seconds
[2024-03-13T06:50:27.749+0000] {processor.py:161} INFO - Started process (PID=1572) to work on /home/airflow/.local/lib/python3.8/site-packages/airflow/example_dags/example_external_task_marker_dag.py
[2024-03-13T06:50:27.750+0000] {processor.py:830} INFO - Processing file /home/airflow/.local/lib/python3.8/site-packages/airflow/example_dags/example_external_task_marker_dag.py for tasks to queue
[2024-03-13T06:50:27.751+0000] {logging_mixin.py:188} INFO - [2024-03-13T06:50:27.751+0000] {dagbag.py:540} INFO - Filling up the DagBag from /home/airflow/.local/lib/python3.8/site-packages/airflow/example_dags/example_external_task_marker_dag.py
[2024-03-13T06:50:27.756+0000] {processor.py:840} INFO - DAG(s) 'example_external_task_marker_child', 'example_external_task_marker_parent' retrieved from /home/airflow/.local/lib/python3.8/site-packages/airflow/example_dags/example_external_task_marker_dag.py
[2024-03-13T06:50:27.773+0000] {logging_mixin.py:188} INFO - [2024-03-13T06:50:27.773+0000] {dag.py:3047} INFO - Sync 2 DAGs
[2024-03-13T06:50:27.783+0000] {logging_mixin.py:188} INFO - [2024-03-13T06:50:27.782+0000] {dag.py:3834} INFO - Setting next_dagrun for example_external_task_marker_child to None, run_after=None
[2024-03-13T06:50:27.785+0000] {logging_mixin.py:188} INFO - [2024-03-13T06:50:27.785+0000] {dag.py:3834} INFO - Setting next_dagrun for example_external_task_marker_parent to None, run_after=None
[2024-03-13T06:50:27.802+0000] {processor.py:183} INFO - Processing /home/airflow/.local/lib/python3.8/site-packages/airflow/example_dags/example_external_task_marker_dag.py took 0.056 seconds
[2024-03-13T06:50:57.955+0000] {processor.py:161} INFO - Started process (PID=1632) to work on /home/airflow/.local/lib/python3.8/site-packages/airflow/example_dags/example_external_task_marker_dag.py
[2024-03-13T06:50:57.956+0000] {processor.py:830} INFO - Processing file /home/airflow/.local/lib/python3.8/site-packages/airflow/example_dags/example_external_task_marker_dag.py for tasks to queue
[2024-03-13T06:50:57.957+0000] {logging_mixin.py:188} INFO - [2024-03-13T06:50:57.956+0000] {dagbag.py:540} INFO - Filling up the DagBag from /home/airflow/.local/lib/python3.8/site-packages/airflow/example_dags/example_external_task_marker_dag.py
[2024-03-13T06:50:57.961+0000] {processor.py:840} INFO - DAG(s) 'example_external_task_marker_child', 'example_external_task_marker_parent' retrieved from /home/airflow/.local/lib/python3.8/site-packages/airflow/example_dags/example_external_task_marker_dag.py
[2024-03-13T06:50:57.979+0000] {logging_mixin.py:188} INFO - [2024-03-13T06:50:57.979+0000] {dag.py:3047} INFO - Sync 2 DAGs
[2024-03-13T06:50:57.988+0000] {logging_mixin.py:188} INFO - [2024-03-13T06:50:57.988+0000] {dag.py:3834} INFO - Setting next_dagrun for example_external_task_marker_child to None, run_after=None
[2024-03-13T06:50:57.991+0000] {logging_mixin.py:188} INFO - [2024-03-13T06:50:57.991+0000] {dag.py:3834} INFO - Setting next_dagrun for example_external_task_marker_parent to None, run_after=None
[2024-03-13T06:50:58.007+0000] {processor.py:183} INFO - Processing /home/airflow/.local/lib/python3.8/site-packages/airflow/example_dags/example_external_task_marker_dag.py took 0.054 seconds
[2024-03-13T06:51:28.348+0000] {processor.py:161} INFO - Started process (PID=1691) to work on /home/airflow/.local/lib/python3.8/site-packages/airflow/example_dags/example_external_task_marker_dag.py
[2024-03-13T06:51:28.349+0000] {processor.py:830} INFO - Processing file /home/airflow/.local/lib/python3.8/site-packages/airflow/example_dags/example_external_task_marker_dag.py for tasks to queue
[2024-03-13T06:51:28.350+0000] {logging_mixin.py:188} INFO - [2024-03-13T06:51:28.349+0000] {dagbag.py:540} INFO - Filling up the DagBag from /home/airflow/.local/lib/python3.8/site-packages/airflow/example_dags/example_external_task_marker_dag.py
[2024-03-13T06:51:28.354+0000] {processor.py:840} INFO - DAG(s) 'example_external_task_marker_parent', 'example_external_task_marker_child' retrieved from /home/airflow/.local/lib/python3.8/site-packages/airflow/example_dags/example_external_task_marker_dag.py
[2024-03-13T06:51:28.375+0000] {logging_mixin.py:188} INFO - [2024-03-13T06:51:28.375+0000] {dag.py:3047} INFO - Sync 2 DAGs
[2024-03-13T06:51:28.386+0000] {logging_mixin.py:188} INFO - [2024-03-13T06:51:28.385+0000] {dag.py:3834} INFO - Setting next_dagrun for example_external_task_marker_child to None, run_after=None
[2024-03-13T06:51:28.389+0000] {logging_mixin.py:188} INFO - [2024-03-13T06:51:28.388+0000] {dag.py:3834} INFO - Setting next_dagrun for example_external_task_marker_parent to None, run_after=None
[2024-03-13T06:51:28.405+0000] {processor.py:183} INFO - Processing /home/airflow/.local/lib/python3.8/site-packages/airflow/example_dags/example_external_task_marker_dag.py took 0.060 seconds
[2024-03-13T06:52:18.719+0000] {processor.py:161} INFO - Started process (PID=48) to work on /home/airflow/.local/lib/python3.8/site-packages/airflow/example_dags/example_external_task_marker_dag.py
[2024-03-13T06:52:18.720+0000] {processor.py:830} INFO - Processing file /home/airflow/.local/lib/python3.8/site-packages/airflow/example_dags/example_external_task_marker_dag.py for tasks to queue
[2024-03-13T06:52:18.722+0000] {logging_mixin.py:188} INFO - [2024-03-13T06:52:18.722+0000] {dagbag.py:540} INFO - Filling up the DagBag from /home/airflow/.local/lib/python3.8/site-packages/airflow/example_dags/example_external_task_marker_dag.py
[2024-03-13T06:52:18.731+0000] {processor.py:840} INFO - DAG(s) 'example_external_task_marker_child', 'example_external_task_marker_parent' retrieved from /home/airflow/.local/lib/python3.8/site-packages/airflow/example_dags/example_external_task_marker_dag.py
[2024-03-13T06:52:18.743+0000] {logging_mixin.py:188} INFO - [2024-03-13T06:52:18.743+0000] {dag.py:3047} INFO - Sync 2 DAGs
[2024-03-13T06:52:18.755+0000] {logging_mixin.py:188} INFO - [2024-03-13T06:52:18.755+0000] {dag.py:3834} INFO - Setting next_dagrun for example_external_task_marker_child to None, run_after=None
[2024-03-13T06:52:18.759+0000] {logging_mixin.py:188} INFO - [2024-03-13T06:52:18.759+0000] {dag.py:3834} INFO - Setting next_dagrun for example_external_task_marker_parent to None, run_after=None
[2024-03-13T06:52:18.776+0000] {processor.py:183} INFO - Processing /home/airflow/.local/lib/python3.8/site-packages/airflow/example_dags/example_external_task_marker_dag.py took 0.060 seconds
[2024-03-13T06:52:49.315+0000] {processor.py:161} INFO - Started process (PID=104) to work on /home/airflow/.local/lib/python3.8/site-packages/airflow/example_dags/example_external_task_marker_dag.py
[2024-03-13T06:52:49.316+0000] {processor.py:830} INFO - Processing file /home/airflow/.local/lib/python3.8/site-packages/airflow/example_dags/example_external_task_marker_dag.py for tasks to queue
[2024-03-13T06:52:49.317+0000] {logging_mixin.py:188} INFO - [2024-03-13T06:52:49.317+0000] {dagbag.py:540} INFO - Filling up the DagBag from /home/airflow/.local/lib/python3.8/site-packages/airflow/example_dags/example_external_task_marker_dag.py
[2024-03-13T06:52:49.322+0000] {processor.py:840} INFO - DAG(s) 'example_external_task_marker_parent', 'example_external_task_marker_child' retrieved from /home/airflow/.local/lib/python3.8/site-packages/airflow/example_dags/example_external_task_marker_dag.py
[2024-03-13T06:52:49.400+0000] {logging_mixin.py:188} INFO - [2024-03-13T06:52:49.399+0000] {dag.py:3047} INFO - Sync 2 DAGs
[2024-03-13T06:52:49.409+0000] {logging_mixin.py:188} INFO - [2024-03-13T06:52:49.409+0000] {dag.py:3834} INFO - Setting next_dagrun for example_external_task_marker_child to None, run_after=None
[2024-03-13T06:52:49.412+0000] {logging_mixin.py:188} INFO - [2024-03-13T06:52:49.412+0000] {dag.py:3834} INFO - Setting next_dagrun for example_external_task_marker_parent to None, run_after=None
[2024-03-13T06:52:49.428+0000] {processor.py:183} INFO - Processing /home/airflow/.local/lib/python3.8/site-packages/airflow/example_dags/example_external_task_marker_dag.py took 0.115 seconds
[2024-03-13T06:53:19.825+0000] {processor.py:161} INFO - Started process (PID=160) to work on /home/airflow/.local/lib/python3.8/site-packages/airflow/example_dags/example_external_task_marker_dag.py
[2024-03-13T06:53:19.826+0000] {processor.py:830} INFO - Processing file /home/airflow/.local/lib/python3.8/site-packages/airflow/example_dags/example_external_task_marker_dag.py for tasks to queue
[2024-03-13T06:53:19.829+0000] {logging_mixin.py:188} INFO - [2024-03-13T06:53:19.828+0000] {dagbag.py:540} INFO - Filling up the DagBag from /home/airflow/.local/lib/python3.8/site-packages/airflow/example_dags/example_external_task_marker_dag.py
[2024-03-13T06:53:19.835+0000] {processor.py:840} INFO - DAG(s) 'example_external_task_marker_parent', 'example_external_task_marker_child' retrieved from /home/airflow/.local/lib/python3.8/site-packages/airflow/example_dags/example_external_task_marker_dag.py
[2024-03-13T06:53:19.855+0000] {logging_mixin.py:188} INFO - [2024-03-13T06:53:19.855+0000] {dag.py:3047} INFO - Sync 2 DAGs
[2024-03-13T06:53:19.867+0000] {logging_mixin.py:188} INFO - [2024-03-13T06:53:19.866+0000] {dag.py:3834} INFO - Setting next_dagrun for example_external_task_marker_child to None, run_after=None
[2024-03-13T06:53:19.871+0000] {logging_mixin.py:188} INFO - [2024-03-13T06:53:19.871+0000] {dag.py:3834} INFO - Setting next_dagrun for example_external_task_marker_parent to None, run_after=None
[2024-03-13T06:53:19.890+0000] {processor.py:183} INFO - Processing /home/airflow/.local/lib/python3.8/site-packages/airflow/example_dags/example_external_task_marker_dag.py took 0.067 seconds
[2024-03-13T06:53:50.265+0000] {processor.py:161} INFO - Started process (PID=216) to work on /home/airflow/.local/lib/python3.8/site-packages/airflow/example_dags/example_external_task_marker_dag.py
[2024-03-13T06:53:50.266+0000] {processor.py:830} INFO - Processing file /home/airflow/.local/lib/python3.8/site-packages/airflow/example_dags/example_external_task_marker_dag.py for tasks to queue
[2024-03-13T06:53:50.268+0000] {logging_mixin.py:188} INFO - [2024-03-13T06:53:50.267+0000] {dagbag.py:540} INFO - Filling up the DagBag from /home/airflow/.local/lib/python3.8/site-packages/airflow/example_dags/example_external_task_marker_dag.py
[2024-03-13T06:53:50.272+0000] {processor.py:840} INFO - DAG(s) 'example_external_task_marker_child', 'example_external_task_marker_parent' retrieved from /home/airflow/.local/lib/python3.8/site-packages/airflow/example_dags/example_external_task_marker_dag.py
[2024-03-13T06:53:50.291+0000] {logging_mixin.py:188} INFO - [2024-03-13T06:53:50.291+0000] {dag.py:3047} INFO - Sync 2 DAGs
[2024-03-13T06:53:50.302+0000] {logging_mixin.py:188} INFO - [2024-03-13T06:53:50.302+0000] {dag.py:3834} INFO - Setting next_dagrun for example_external_task_marker_child to None, run_after=None
[2024-03-13T06:53:50.306+0000] {logging_mixin.py:188} INFO - [2024-03-13T06:53:50.305+0000] {dag.py:3834} INFO - Setting next_dagrun for example_external_task_marker_parent to None, run_after=None
[2024-03-13T06:53:50.325+0000] {processor.py:183} INFO - Processing /home/airflow/.local/lib/python3.8/site-packages/airflow/example_dags/example_external_task_marker_dag.py took 0.063 seconds
[2024-03-13T06:54:20.741+0000] {processor.py:161} INFO - Started process (PID=271) to work on /home/airflow/.local/lib/python3.8/site-packages/airflow/example_dags/example_external_task_marker_dag.py
[2024-03-13T06:54:20.742+0000] {processor.py:830} INFO - Processing file /home/airflow/.local/lib/python3.8/site-packages/airflow/example_dags/example_external_task_marker_dag.py for tasks to queue
[2024-03-13T06:54:20.744+0000] {logging_mixin.py:188} INFO - [2024-03-13T06:54:20.743+0000] {dagbag.py:540} INFO - Filling up the DagBag from /home/airflow/.local/lib/python3.8/site-packages/airflow/example_dags/example_external_task_marker_dag.py
[2024-03-13T06:54:20.748+0000] {processor.py:840} INFO - DAG(s) 'example_external_task_marker_child', 'example_external_task_marker_parent' retrieved from /home/airflow/.local/lib/python3.8/site-packages/airflow/example_dags/example_external_task_marker_dag.py
[2024-03-13T06:54:20.766+0000] {logging_mixin.py:188} INFO - [2024-03-13T06:54:20.766+0000] {dag.py:3047} INFO - Sync 2 DAGs
[2024-03-13T06:54:20.777+0000] {logging_mixin.py:188} INFO - [2024-03-13T06:54:20.777+0000] {dag.py:3834} INFO - Setting next_dagrun for example_external_task_marker_child to None, run_after=None
[2024-03-13T06:54:20.780+0000] {logging_mixin.py:188} INFO - [2024-03-13T06:54:20.780+0000] {dag.py:3834} INFO - Setting next_dagrun for example_external_task_marker_parent to None, run_after=None
[2024-03-13T06:54:20.794+0000] {processor.py:183} INFO - Processing /home/airflow/.local/lib/python3.8/site-packages/airflow/example_dags/example_external_task_marker_dag.py took 0.055 seconds
[2024-03-13T06:54:50.976+0000] {processor.py:161} INFO - Started process (PID=327) to work on /home/airflow/.local/lib/python3.8/site-packages/airflow/example_dags/example_external_task_marker_dag.py
[2024-03-13T06:54:50.977+0000] {processor.py:830} INFO - Processing file /home/airflow/.local/lib/python3.8/site-packages/airflow/example_dags/example_external_task_marker_dag.py for tasks to queue
[2024-03-13T06:54:50.979+0000] {logging_mixin.py:188} INFO - [2024-03-13T06:54:50.979+0000] {dagbag.py:540} INFO - Filling up the DagBag from /home/airflow/.local/lib/python3.8/site-packages/airflow/example_dags/example_external_task_marker_dag.py
[2024-03-13T06:54:50.986+0000] {processor.py:840} INFO - DAG(s) 'example_external_task_marker_parent', 'example_external_task_marker_child' retrieved from /home/airflow/.local/lib/python3.8/site-packages/airflow/example_dags/example_external_task_marker_dag.py
[2024-03-13T06:54:51.011+0000] {logging_mixin.py:188} INFO - [2024-03-13T06:54:51.010+0000] {dag.py:3047} INFO - Sync 2 DAGs
[2024-03-13T06:54:51.026+0000] {logging_mixin.py:188} INFO - [2024-03-13T06:54:51.026+0000] {dag.py:3834} INFO - Setting next_dagrun for example_external_task_marker_child to None, run_after=None
[2024-03-13T06:54:51.031+0000] {logging_mixin.py:188} INFO - [2024-03-13T06:54:51.031+0000] {dag.py:3834} INFO - Setting next_dagrun for example_external_task_marker_parent to None, run_after=None
[2024-03-13T06:54:51.051+0000] {processor.py:183} INFO - Processing /home/airflow/.local/lib/python3.8/site-packages/airflow/example_dags/example_external_task_marker_dag.py took 0.079 seconds
[2024-03-13T06:55:21.844+0000] {processor.py:161} INFO - Started process (PID=383) to work on /home/airflow/.local/lib/python3.8/site-packages/airflow/example_dags/example_external_task_marker_dag.py
[2024-03-13T06:55:21.845+0000] {processor.py:830} INFO - Processing file /home/airflow/.local/lib/python3.8/site-packages/airflow/example_dags/example_external_task_marker_dag.py for tasks to queue
[2024-03-13T06:55:21.847+0000] {logging_mixin.py:188} INFO - [2024-03-13T06:55:21.847+0000] {dagbag.py:540} INFO - Filling up the DagBag from /home/airflow/.local/lib/python3.8/site-packages/airflow/example_dags/example_external_task_marker_dag.py
[2024-03-13T06:55:21.853+0000] {processor.py:840} INFO - DAG(s) 'example_external_task_marker_child', 'example_external_task_marker_parent' retrieved from /home/airflow/.local/lib/python3.8/site-packages/airflow/example_dags/example_external_task_marker_dag.py
[2024-03-13T06:55:21.879+0000] {logging_mixin.py:188} INFO - [2024-03-13T06:55:21.879+0000] {dag.py:3047} INFO - Sync 2 DAGs
[2024-03-13T06:55:21.891+0000] {logging_mixin.py:188} INFO - [2024-03-13T06:55:21.891+0000] {dag.py:3834} INFO - Setting next_dagrun for example_external_task_marker_child to None, run_after=None
[2024-03-13T06:55:21.895+0000] {logging_mixin.py:188} INFO - [2024-03-13T06:55:21.895+0000] {dag.py:3834} INFO - Setting next_dagrun for example_external_task_marker_parent to None, run_after=None
[2024-03-13T06:55:21.916+0000] {processor.py:183} INFO - Processing /home/airflow/.local/lib/python3.8/site-packages/airflow/example_dags/example_external_task_marker_dag.py took 0.075 seconds
[2024-03-13T06:55:52.764+0000] {processor.py:161} INFO - Started process (PID=440) to work on /home/airflow/.local/lib/python3.8/site-packages/airflow/example_dags/example_external_task_marker_dag.py
[2024-03-13T06:55:52.765+0000] {processor.py:830} INFO - Processing file /home/airflow/.local/lib/python3.8/site-packages/airflow/example_dags/example_external_task_marker_dag.py for tasks to queue
[2024-03-13T06:55:52.767+0000] {logging_mixin.py:188} INFO - [2024-03-13T06:55:52.766+0000] {dagbag.py:540} INFO - Filling up the DagBag from /home/airflow/.local/lib/python3.8/site-packages/airflow/example_dags/example_external_task_marker_dag.py
[2024-03-13T06:55:52.772+0000] {processor.py:840} INFO - DAG(s) 'example_external_task_marker_child', 'example_external_task_marker_parent' retrieved from /home/airflow/.local/lib/python3.8/site-packages/airflow/example_dags/example_external_task_marker_dag.py
[2024-03-13T06:55:52.790+0000] {logging_mixin.py:188} INFO - [2024-03-13T06:55:52.790+0000] {dag.py:3047} INFO - Sync 2 DAGs
[2024-03-13T06:55:52.803+0000] {logging_mixin.py:188} INFO - [2024-03-13T06:55:52.802+0000] {dag.py:3834} INFO - Setting next_dagrun for example_external_task_marker_child to None, run_after=None
[2024-03-13T06:55:52.806+0000] {logging_mixin.py:188} INFO - [2024-03-13T06:55:52.806+0000] {dag.py:3834} INFO - Setting next_dagrun for example_external_task_marker_parent to None, run_after=None
[2024-03-13T06:55:52.823+0000] {processor.py:183} INFO - Processing /home/airflow/.local/lib/python3.8/site-packages/airflow/example_dags/example_external_task_marker_dag.py took 0.061 seconds
[2024-03-13T06:56:23.608+0000] {processor.py:161} INFO - Started process (PID=497) to work on /home/airflow/.local/lib/python3.8/site-packages/airflow/example_dags/example_external_task_marker_dag.py
[2024-03-13T06:56:23.609+0000] {processor.py:830} INFO - Processing file /home/airflow/.local/lib/python3.8/site-packages/airflow/example_dags/example_external_task_marker_dag.py for tasks to queue
[2024-03-13T06:56:23.610+0000] {logging_mixin.py:188} INFO - [2024-03-13T06:56:23.610+0000] {dagbag.py:540} INFO - Filling up the DagBag from /home/airflow/.local/lib/python3.8/site-packages/airflow/example_dags/example_external_task_marker_dag.py
[2024-03-13T06:56:23.615+0000] {processor.py:840} INFO - DAG(s) 'example_external_task_marker_parent', 'example_external_task_marker_child' retrieved from /home/airflow/.local/lib/python3.8/site-packages/airflow/example_dags/example_external_task_marker_dag.py
[2024-03-13T06:56:23.634+0000] {logging_mixin.py:188} INFO - [2024-03-13T06:56:23.634+0000] {dag.py:3047} INFO - Sync 2 DAGs
[2024-03-13T06:56:23.645+0000] {logging_mixin.py:188} INFO - [2024-03-13T06:56:23.644+0000] {dag.py:3834} INFO - Setting next_dagrun for example_external_task_marker_child to None, run_after=None
[2024-03-13T06:56:23.648+0000] {logging_mixin.py:188} INFO - [2024-03-13T06:56:23.648+0000] {dag.py:3834} INFO - Setting next_dagrun for example_external_task_marker_parent to None, run_after=None
[2024-03-13T06:56:23.664+0000] {processor.py:183} INFO - Processing /home/airflow/.local/lib/python3.8/site-packages/airflow/example_dags/example_external_task_marker_dag.py took 0.059 seconds
[2024-03-13T07:02:11.955+0000] {processor.py:161} INFO - Started process (PID=48) to work on /home/airflow/.local/lib/python3.8/site-packages/airflow/example_dags/example_external_task_marker_dag.py
[2024-03-13T07:02:11.957+0000] {processor.py:830} INFO - Processing file /home/airflow/.local/lib/python3.8/site-packages/airflow/example_dags/example_external_task_marker_dag.py for tasks to queue
[2024-03-13T07:02:11.959+0000] {logging_mixin.py:188} INFO - [2024-03-13T07:02:11.959+0000] {dagbag.py:540} INFO - Filling up the DagBag from /home/airflow/.local/lib/python3.8/site-packages/airflow/example_dags/example_external_task_marker_dag.py
[2024-03-13T07:02:11.969+0000] {processor.py:840} INFO - DAG(s) 'example_external_task_marker_child', 'example_external_task_marker_parent' retrieved from /home/airflow/.local/lib/python3.8/site-packages/airflow/example_dags/example_external_task_marker_dag.py
[2024-03-13T07:02:11.983+0000] {logging_mixin.py:188} INFO - [2024-03-13T07:02:11.982+0000] {dag.py:3047} INFO - Sync 2 DAGs
[2024-03-13T07:02:11.997+0000] {logging_mixin.py:188} INFO - [2024-03-13T07:02:11.996+0000] {dag.py:3834} INFO - Setting next_dagrun for example_external_task_marker_child to None, run_after=None
[2024-03-13T07:02:12.002+0000] {logging_mixin.py:188} INFO - [2024-03-13T07:02:12.001+0000] {dag.py:3834} INFO - Setting next_dagrun for example_external_task_marker_parent to None, run_after=None
[2024-03-13T07:02:12.025+0000] {processor.py:183} INFO - Processing /home/airflow/.local/lib/python3.8/site-packages/airflow/example_dags/example_external_task_marker_dag.py took 0.073 seconds
[2024-03-13T07:02:42.939+0000] {processor.py:161} INFO - Started process (PID=105) to work on /home/airflow/.local/lib/python3.8/site-packages/airflow/example_dags/example_external_task_marker_dag.py
[2024-03-13T07:02:42.940+0000] {processor.py:830} INFO - Processing file /home/airflow/.local/lib/python3.8/site-packages/airflow/example_dags/example_external_task_marker_dag.py for tasks to queue
[2024-03-13T07:02:42.941+0000] {logging_mixin.py:188} INFO - [2024-03-13T07:02:42.941+0000] {dagbag.py:540} INFO - Filling up the DagBag from /home/airflow/.local/lib/python3.8/site-packages/airflow/example_dags/example_external_task_marker_dag.py
[2024-03-13T07:02:42.946+0000] {processor.py:840} INFO - DAG(s) 'example_external_task_marker_child', 'example_external_task_marker_parent' retrieved from /home/airflow/.local/lib/python3.8/site-packages/airflow/example_dags/example_external_task_marker_dag.py
[2024-03-13T07:02:43.024+0000] {logging_mixin.py:188} INFO - [2024-03-13T07:02:43.024+0000] {dag.py:3047} INFO - Sync 2 DAGs
[2024-03-13T07:02:43.032+0000] {logging_mixin.py:188} INFO - [2024-03-13T07:02:43.032+0000] {dag.py:3834} INFO - Setting next_dagrun for example_external_task_marker_child to None, run_after=None
[2024-03-13T07:02:43.034+0000] {logging_mixin.py:188} INFO - [2024-03-13T07:02:43.034+0000] {dag.py:3834} INFO - Setting next_dagrun for example_external_task_marker_parent to None, run_after=None
[2024-03-13T07:02:43.048+0000] {processor.py:183} INFO - Processing /home/airflow/.local/lib/python3.8/site-packages/airflow/example_dags/example_external_task_marker_dag.py took 0.111 seconds
[2024-03-13T07:03:13.389+0000] {processor.py:161} INFO - Started process (PID=161) to work on /home/airflow/.local/lib/python3.8/site-packages/airflow/example_dags/example_external_task_marker_dag.py
[2024-03-13T07:03:13.390+0000] {processor.py:830} INFO - Processing file /home/airflow/.local/lib/python3.8/site-packages/airflow/example_dags/example_external_task_marker_dag.py for tasks to queue
[2024-03-13T07:03:13.391+0000] {logging_mixin.py:188} INFO - [2024-03-13T07:03:13.391+0000] {dagbag.py:540} INFO - Filling up the DagBag from /home/airflow/.local/lib/python3.8/site-packages/airflow/example_dags/example_external_task_marker_dag.py
[2024-03-13T07:03:13.396+0000] {processor.py:840} INFO - DAG(s) 'example_external_task_marker_child', 'example_external_task_marker_parent' retrieved from /home/airflow/.local/lib/python3.8/site-packages/airflow/example_dags/example_external_task_marker_dag.py
[2024-03-13T07:03:13.413+0000] {logging_mixin.py:188} INFO - [2024-03-13T07:03:13.413+0000] {dag.py:3047} INFO - Sync 2 DAGs
[2024-03-13T07:03:13.422+0000] {logging_mixin.py:188} INFO - [2024-03-13T07:03:13.422+0000] {dag.py:3834} INFO - Setting next_dagrun for example_external_task_marker_child to None, run_after=None
[2024-03-13T07:03:13.425+0000] {logging_mixin.py:188} INFO - [2024-03-13T07:03:13.425+0000] {dag.py:3834} INFO - Setting next_dagrun for example_external_task_marker_parent to None, run_after=None
[2024-03-13T07:03:13.441+0000] {processor.py:183} INFO - Processing /home/airflow/.local/lib/python3.8/site-packages/airflow/example_dags/example_external_task_marker_dag.py took 0.055 seconds
[2024-03-13T07:03:43.786+0000] {processor.py:161} INFO - Started process (PID=217) to work on /home/airflow/.local/lib/python3.8/site-packages/airflow/example_dags/example_external_task_marker_dag.py
[2024-03-13T07:03:43.787+0000] {processor.py:830} INFO - Processing file /home/airflow/.local/lib/python3.8/site-packages/airflow/example_dags/example_external_task_marker_dag.py for tasks to queue
[2024-03-13T07:03:43.788+0000] {logging_mixin.py:188} INFO - [2024-03-13T07:03:43.788+0000] {dagbag.py:540} INFO - Filling up the DagBag from /home/airflow/.local/lib/python3.8/site-packages/airflow/example_dags/example_external_task_marker_dag.py
[2024-03-13T07:03:43.793+0000] {processor.py:840} INFO - DAG(s) 'example_external_task_marker_child', 'example_external_task_marker_parent' retrieved from /home/airflow/.local/lib/python3.8/site-packages/airflow/example_dags/example_external_task_marker_dag.py
[2024-03-13T07:03:43.811+0000] {logging_mixin.py:188} INFO - [2024-03-13T07:03:43.811+0000] {dag.py:3047} INFO - Sync 2 DAGs
[2024-03-13T07:03:43.822+0000] {logging_mixin.py:188} INFO - [2024-03-13T07:03:43.821+0000] {dag.py:3834} INFO - Setting next_dagrun for example_external_task_marker_child to None, run_after=None
[2024-03-13T07:03:43.825+0000] {logging_mixin.py:188} INFO - [2024-03-13T07:03:43.825+0000] {dag.py:3834} INFO - Setting next_dagrun for example_external_task_marker_parent to None, run_after=None
[2024-03-13T07:03:43.839+0000] {processor.py:183} INFO - Processing /home/airflow/.local/lib/python3.8/site-packages/airflow/example_dags/example_external_task_marker_dag.py took 0.056 seconds
[2024-03-13T07:04:14.223+0000] {processor.py:161} INFO - Started process (PID=273) to work on /home/airflow/.local/lib/python3.8/site-packages/airflow/example_dags/example_external_task_marker_dag.py
[2024-03-13T07:04:14.224+0000] {processor.py:830} INFO - Processing file /home/airflow/.local/lib/python3.8/site-packages/airflow/example_dags/example_external_task_marker_dag.py for tasks to queue
[2024-03-13T07:04:14.226+0000] {logging_mixin.py:188} INFO - [2024-03-13T07:04:14.225+0000] {dagbag.py:540} INFO - Filling up the DagBag from /home/airflow/.local/lib/python3.8/site-packages/airflow/example_dags/example_external_task_marker_dag.py
[2024-03-13T07:04:14.231+0000] {processor.py:840} INFO - DAG(s) 'example_external_task_marker_parent', 'example_external_task_marker_child' retrieved from /home/airflow/.local/lib/python3.8/site-packages/airflow/example_dags/example_external_task_marker_dag.py
[2024-03-13T07:04:14.249+0000] {logging_mixin.py:188} INFO - [2024-03-13T07:04:14.249+0000] {dag.py:3047} INFO - Sync 2 DAGs
[2024-03-13T07:04:14.259+0000] {logging_mixin.py:188} INFO - [2024-03-13T07:04:14.259+0000] {dag.py:3834} INFO - Setting next_dagrun for example_external_task_marker_child to None, run_after=None
[2024-03-13T07:04:14.262+0000] {logging_mixin.py:188} INFO - [2024-03-13T07:04:14.262+0000] {dag.py:3834} INFO - Setting next_dagrun for example_external_task_marker_parent to None, run_after=None
[2024-03-13T07:04:14.277+0000] {processor.py:183} INFO - Processing /home/airflow/.local/lib/python3.8/site-packages/airflow/example_dags/example_external_task_marker_dag.py took 0.056 seconds
[2024-03-13T07:04:44.867+0000] {processor.py:161} INFO - Started process (PID=329) to work on /home/airflow/.local/lib/python3.8/site-packages/airflow/example_dags/example_external_task_marker_dag.py
[2024-03-13T07:04:44.868+0000] {processor.py:830} INFO - Processing file /home/airflow/.local/lib/python3.8/site-packages/airflow/example_dags/example_external_task_marker_dag.py for tasks to queue
[2024-03-13T07:04:44.870+0000] {logging_mixin.py:188} INFO - [2024-03-13T07:04:44.869+0000] {dagbag.py:540} INFO - Filling up the DagBag from /home/airflow/.local/lib/python3.8/site-packages/airflow/example_dags/example_external_task_marker_dag.py
[2024-03-13T07:04:44.874+0000] {processor.py:840} INFO - DAG(s) 'example_external_task_marker_parent', 'example_external_task_marker_child' retrieved from /home/airflow/.local/lib/python3.8/site-packages/airflow/example_dags/example_external_task_marker_dag.py
[2024-03-13T07:04:44.892+0000] {logging_mixin.py:188} INFO - [2024-03-13T07:04:44.892+0000] {dag.py:3047} INFO - Sync 2 DAGs
[2024-03-13T07:04:44.901+0000] {logging_mixin.py:188} INFO - [2024-03-13T07:04:44.901+0000] {dag.py:3834} INFO - Setting next_dagrun for example_external_task_marker_child to None, run_after=None
[2024-03-13T07:04:44.904+0000] {logging_mixin.py:188} INFO - [2024-03-13T07:04:44.904+0000] {dag.py:3834} INFO - Setting next_dagrun for example_external_task_marker_parent to None, run_after=None
[2024-03-13T07:04:44.919+0000] {processor.py:183} INFO - Processing /home/airflow/.local/lib/python3.8/site-packages/airflow/example_dags/example_external_task_marker_dag.py took 0.054 seconds
[2024-03-13T07:05:15.170+0000] {processor.py:161} INFO - Started process (PID=385) to work on /home/airflow/.local/lib/python3.8/site-packages/airflow/example_dags/example_external_task_marker_dag.py
[2024-03-13T07:05:15.170+0000] {processor.py:830} INFO - Processing file /home/airflow/.local/lib/python3.8/site-packages/airflow/example_dags/example_external_task_marker_dag.py for tasks to queue
[2024-03-13T07:05:15.172+0000] {logging_mixin.py:188} INFO - [2024-03-13T07:05:15.172+0000] {dagbag.py:540} INFO - Filling up the DagBag from /home/airflow/.local/lib/python3.8/site-packages/airflow/example_dags/example_external_task_marker_dag.py
[2024-03-13T07:05:15.176+0000] {processor.py:840} INFO - DAG(s) 'example_external_task_marker_child', 'example_external_task_marker_parent' retrieved from /home/airflow/.local/lib/python3.8/site-packages/airflow/example_dags/example_external_task_marker_dag.py
[2024-03-13T07:05:15.194+0000] {logging_mixin.py:188} INFO - [2024-03-13T07:05:15.194+0000] {dag.py:3047} INFO - Sync 2 DAGs
[2024-03-13T07:05:15.204+0000] {logging_mixin.py:188} INFO - [2024-03-13T07:05:15.203+0000] {dag.py:3834} INFO - Setting next_dagrun for example_external_task_marker_child to None, run_after=None
[2024-03-13T07:05:15.207+0000] {logging_mixin.py:188} INFO - [2024-03-13T07:05:15.206+0000] {dag.py:3834} INFO - Setting next_dagrun for example_external_task_marker_parent to None, run_after=None
[2024-03-13T07:05:15.223+0000] {processor.py:183} INFO - Processing /home/airflow/.local/lib/python3.8/site-packages/airflow/example_dags/example_external_task_marker_dag.py took 0.055 seconds
[2024-03-13T07:05:45.516+0000] {processor.py:161} INFO - Started process (PID=441) to work on /home/airflow/.local/lib/python3.8/site-packages/airflow/example_dags/example_external_task_marker_dag.py
[2024-03-13T07:05:45.517+0000] {processor.py:830} INFO - Processing file /home/airflow/.local/lib/python3.8/site-packages/airflow/example_dags/example_external_task_marker_dag.py for tasks to queue
[2024-03-13T07:05:45.518+0000] {logging_mixin.py:188} INFO - [2024-03-13T07:05:45.518+0000] {dagbag.py:540} INFO - Filling up the DagBag from /home/airflow/.local/lib/python3.8/site-packages/airflow/example_dags/example_external_task_marker_dag.py
[2024-03-13T07:05:45.523+0000] {processor.py:840} INFO - DAG(s) 'example_external_task_marker_parent', 'example_external_task_marker_child' retrieved from /home/airflow/.local/lib/python3.8/site-packages/airflow/example_dags/example_external_task_marker_dag.py
[2024-03-13T07:05:45.540+0000] {logging_mixin.py:188} INFO - [2024-03-13T07:05:45.540+0000] {dag.py:3047} INFO - Sync 2 DAGs
[2024-03-13T07:05:45.550+0000] {logging_mixin.py:188} INFO - [2024-03-13T07:05:45.550+0000] {dag.py:3834} INFO - Setting next_dagrun for example_external_task_marker_child to None, run_after=None
[2024-03-13T07:05:45.553+0000] {logging_mixin.py:188} INFO - [2024-03-13T07:05:45.552+0000] {dag.py:3834} INFO - Setting next_dagrun for example_external_task_marker_parent to None, run_after=None
[2024-03-13T07:05:45.566+0000] {processor.py:183} INFO - Processing /home/airflow/.local/lib/python3.8/site-packages/airflow/example_dags/example_external_task_marker_dag.py took 0.052 seconds
[2024-03-13T07:06:15.859+0000] {processor.py:161} INFO - Started process (PID=497) to work on /home/airflow/.local/lib/python3.8/site-packages/airflow/example_dags/example_external_task_marker_dag.py
[2024-03-13T07:06:15.860+0000] {processor.py:830} INFO - Processing file /home/airflow/.local/lib/python3.8/site-packages/airflow/example_dags/example_external_task_marker_dag.py for tasks to queue
[2024-03-13T07:06:15.862+0000] {logging_mixin.py:188} INFO - [2024-03-13T07:06:15.861+0000] {dagbag.py:540} INFO - Filling up the DagBag from /home/airflow/.local/lib/python3.8/site-packages/airflow/example_dags/example_external_task_marker_dag.py
[2024-03-13T07:06:15.866+0000] {processor.py:840} INFO - DAG(s) 'example_external_task_marker_parent', 'example_external_task_marker_child' retrieved from /home/airflow/.local/lib/python3.8/site-packages/airflow/example_dags/example_external_task_marker_dag.py
[2024-03-13T07:06:15.883+0000] {logging_mixin.py:188} INFO - [2024-03-13T07:06:15.883+0000] {dag.py:3047} INFO - Sync 2 DAGs
[2024-03-13T07:06:15.893+0000] {logging_mixin.py:188} INFO - [2024-03-13T07:06:15.892+0000] {dag.py:3834} INFO - Setting next_dagrun for example_external_task_marker_child to None, run_after=None
[2024-03-13T07:06:15.896+0000] {logging_mixin.py:188} INFO - [2024-03-13T07:06:15.895+0000] {dag.py:3834} INFO - Setting next_dagrun for example_external_task_marker_parent to None, run_after=None
[2024-03-13T07:06:15.910+0000] {processor.py:183} INFO - Processing /home/airflow/.local/lib/python3.8/site-packages/airflow/example_dags/example_external_task_marker_dag.py took 0.053 seconds
[2024-03-13T07:06:46.300+0000] {processor.py:161} INFO - Started process (PID=553) to work on /home/airflow/.local/lib/python3.8/site-packages/airflow/example_dags/example_external_task_marker_dag.py
[2024-03-13T07:06:46.301+0000] {processor.py:830} INFO - Processing file /home/airflow/.local/lib/python3.8/site-packages/airflow/example_dags/example_external_task_marker_dag.py for tasks to queue
[2024-03-13T07:06:46.302+0000] {logging_mixin.py:188} INFO - [2024-03-13T07:06:46.302+0000] {dagbag.py:540} INFO - Filling up the DagBag from /home/airflow/.local/lib/python3.8/site-packages/airflow/example_dags/example_external_task_marker_dag.py
[2024-03-13T07:06:46.307+0000] {processor.py:840} INFO - DAG(s) 'example_external_task_marker_child', 'example_external_task_marker_parent' retrieved from /home/airflow/.local/lib/python3.8/site-packages/airflow/example_dags/example_external_task_marker_dag.py
[2024-03-13T07:06:46.325+0000] {logging_mixin.py:188} INFO - [2024-03-13T07:06:46.324+0000] {dag.py:3047} INFO - Sync 2 DAGs
[2024-03-13T07:06:46.335+0000] {logging_mixin.py:188} INFO - [2024-03-13T07:06:46.335+0000] {dag.py:3834} INFO - Setting next_dagrun for example_external_task_marker_child to None, run_after=None
[2024-03-13T07:06:46.339+0000] {logging_mixin.py:188} INFO - [2024-03-13T07:06:46.338+0000] {dag.py:3834} INFO - Setting next_dagrun for example_external_task_marker_parent to None, run_after=None
[2024-03-13T07:06:46.353+0000] {processor.py:183} INFO - Processing /home/airflow/.local/lib/python3.8/site-packages/airflow/example_dags/example_external_task_marker_dag.py took 0.056 seconds
[2024-03-13T07:07:16.710+0000] {processor.py:161} INFO - Started process (PID=609) to work on /home/airflow/.local/lib/python3.8/site-packages/airflow/example_dags/example_external_task_marker_dag.py
[2024-03-13T07:07:16.711+0000] {processor.py:830} INFO - Processing file /home/airflow/.local/lib/python3.8/site-packages/airflow/example_dags/example_external_task_marker_dag.py for tasks to queue
[2024-03-13T07:07:16.713+0000] {logging_mixin.py:188} INFO - [2024-03-13T07:07:16.712+0000] {dagbag.py:540} INFO - Filling up the DagBag from /home/airflow/.local/lib/python3.8/site-packages/airflow/example_dags/example_external_task_marker_dag.py
[2024-03-13T07:07:16.718+0000] {processor.py:840} INFO - DAG(s) 'example_external_task_marker_child', 'example_external_task_marker_parent' retrieved from /home/airflow/.local/lib/python3.8/site-packages/airflow/example_dags/example_external_task_marker_dag.py
[2024-03-13T07:07:16.740+0000] {logging_mixin.py:188} INFO - [2024-03-13T07:07:16.740+0000] {dag.py:3047} INFO - Sync 2 DAGs
[2024-03-13T07:07:16.754+0000] {logging_mixin.py:188} INFO - [2024-03-13T07:07:16.754+0000] {dag.py:3834} INFO - Setting next_dagrun for example_external_task_marker_child to None, run_after=None
[2024-03-13T07:07:16.758+0000] {logging_mixin.py:188} INFO - [2024-03-13T07:07:16.758+0000] {dag.py:3834} INFO - Setting next_dagrun for example_external_task_marker_parent to None, run_after=None
[2024-03-13T07:07:16.775+0000] {processor.py:183} INFO - Processing /home/airflow/.local/lib/python3.8/site-packages/airflow/example_dags/example_external_task_marker_dag.py took 0.069 seconds
[2024-03-13T07:09:29.567+0000] {processor.py:161} INFO - Started process (PID=49) to work on /home/airflow/.local/lib/python3.8/site-packages/airflow/example_dags/example_external_task_marker_dag.py
[2024-03-13T07:09:29.568+0000] {processor.py:830} INFO - Processing file /home/airflow/.local/lib/python3.8/site-packages/airflow/example_dags/example_external_task_marker_dag.py for tasks to queue
[2024-03-13T07:09:29.571+0000] {logging_mixin.py:188} INFO - [2024-03-13T07:09:29.570+0000] {dagbag.py:540} INFO - Filling up the DagBag from /home/airflow/.local/lib/python3.8/site-packages/airflow/example_dags/example_external_task_marker_dag.py
[2024-03-13T07:09:29.579+0000] {processor.py:840} INFO - DAG(s) 'example_external_task_marker_parent', 'example_external_task_marker_child' retrieved from /home/airflow/.local/lib/python3.8/site-packages/airflow/example_dags/example_external_task_marker_dag.py
[2024-03-13T07:09:29.591+0000] {logging_mixin.py:188} INFO - [2024-03-13T07:09:29.591+0000] {dag.py:3047} INFO - Sync 2 DAGs
[2024-03-13T07:09:29.603+0000] {logging_mixin.py:188} INFO - [2024-03-13T07:09:29.602+0000] {dag.py:3834} INFO - Setting next_dagrun for example_external_task_marker_child to None, run_after=None
[2024-03-13T07:09:29.606+0000] {logging_mixin.py:188} INFO - [2024-03-13T07:09:29.606+0000] {dag.py:3834} INFO - Setting next_dagrun for example_external_task_marker_parent to None, run_after=None
[2024-03-13T07:09:29.622+0000] {processor.py:183} INFO - Processing /home/airflow/.local/lib/python3.8/site-packages/airflow/example_dags/example_external_task_marker_dag.py took 0.058 seconds
[2024-03-13T07:09:59.936+0000] {processor.py:161} INFO - Started process (PID=105) to work on /home/airflow/.local/lib/python3.8/site-packages/airflow/example_dags/example_external_task_marker_dag.py
[2024-03-13T07:09:59.936+0000] {processor.py:830} INFO - Processing file /home/airflow/.local/lib/python3.8/site-packages/airflow/example_dags/example_external_task_marker_dag.py for tasks to queue
[2024-03-13T07:09:59.938+0000] {logging_mixin.py:188} INFO - [2024-03-13T07:09:59.938+0000] {dagbag.py:540} INFO - Filling up the DagBag from /home/airflow/.local/lib/python3.8/site-packages/airflow/example_dags/example_external_task_marker_dag.py
[2024-03-13T07:09:59.943+0000] {processor.py:840} INFO - DAG(s) 'example_external_task_marker_parent', 'example_external_task_marker_child' retrieved from /home/airflow/.local/lib/python3.8/site-packages/airflow/example_dags/example_external_task_marker_dag.py
[2024-03-13T07:10:00.028+0000] {logging_mixin.py:188} INFO - [2024-03-13T07:10:00.027+0000] {dag.py:3047} INFO - Sync 2 DAGs
[2024-03-13T07:10:00.037+0000] {logging_mixin.py:188} INFO - [2024-03-13T07:10:00.037+0000] {dag.py:3834} INFO - Setting next_dagrun for example_external_task_marker_child to None, run_after=None
[2024-03-13T07:10:00.040+0000] {logging_mixin.py:188} INFO - [2024-03-13T07:10:00.040+0000] {dag.py:3834} INFO - Setting next_dagrun for example_external_task_marker_parent to None, run_after=None
[2024-03-13T07:10:00.057+0000] {processor.py:183} INFO - Processing /home/airflow/.local/lib/python3.8/site-packages/airflow/example_dags/example_external_task_marker_dag.py took 0.124 seconds
[2024-03-13T07:10:30.815+0000] {processor.py:161} INFO - Started process (PID=161) to work on /home/airflow/.local/lib/python3.8/site-packages/airflow/example_dags/example_external_task_marker_dag.py
[2024-03-13T07:10:30.816+0000] {processor.py:830} INFO - Processing file /home/airflow/.local/lib/python3.8/site-packages/airflow/example_dags/example_external_task_marker_dag.py for tasks to queue
[2024-03-13T07:10:30.818+0000] {logging_mixin.py:188} INFO - [2024-03-13T07:10:30.817+0000] {dagbag.py:540} INFO - Filling up the DagBag from /home/airflow/.local/lib/python3.8/site-packages/airflow/example_dags/example_external_task_marker_dag.py
[2024-03-13T07:10:30.823+0000] {processor.py:840} INFO - DAG(s) 'example_external_task_marker_child', 'example_external_task_marker_parent' retrieved from /home/airflow/.local/lib/python3.8/site-packages/airflow/example_dags/example_external_task_marker_dag.py
[2024-03-13T07:10:30.843+0000] {logging_mixin.py:188} INFO - [2024-03-13T07:10:30.843+0000] {dag.py:3047} INFO - Sync 2 DAGs
[2024-03-13T07:10:30.853+0000] {logging_mixin.py:188} INFO - [2024-03-13T07:10:30.853+0000] {dag.py:3834} INFO - Setting next_dagrun for example_external_task_marker_child to None, run_after=None
[2024-03-13T07:10:30.858+0000] {logging_mixin.py:188} INFO - [2024-03-13T07:10:30.858+0000] {dag.py:3834} INFO - Setting next_dagrun for example_external_task_marker_parent to None, run_after=None
[2024-03-13T07:10:30.877+0000] {processor.py:183} INFO - Processing /home/airflow/.local/lib/python3.8/site-packages/airflow/example_dags/example_external_task_marker_dag.py took 0.064 seconds
[2024-03-13T07:11:01.109+0000] {processor.py:161} INFO - Started process (PID=217) to work on /home/airflow/.local/lib/python3.8/site-packages/airflow/example_dags/example_external_task_marker_dag.py
[2024-03-13T07:11:01.110+0000] {processor.py:830} INFO - Processing file /home/airflow/.local/lib/python3.8/site-packages/airflow/example_dags/example_external_task_marker_dag.py for tasks to queue
[2024-03-13T07:11:01.112+0000] {logging_mixin.py:188} INFO - [2024-03-13T07:11:01.111+0000] {dagbag.py:540} INFO - Filling up the DagBag from /home/airflow/.local/lib/python3.8/site-packages/airflow/example_dags/example_external_task_marker_dag.py
[2024-03-13T07:11:01.117+0000] {processor.py:840} INFO - DAG(s) 'example_external_task_marker_parent', 'example_external_task_marker_child' retrieved from /home/airflow/.local/lib/python3.8/site-packages/airflow/example_dags/example_external_task_marker_dag.py
[2024-03-13T07:11:01.136+0000] {logging_mixin.py:188} INFO - [2024-03-13T07:11:01.136+0000] {dag.py:3047} INFO - Sync 2 DAGs
[2024-03-13T07:11:01.152+0000] {logging_mixin.py:188} INFO - [2024-03-13T07:11:01.151+0000] {dag.py:3834} INFO - Setting next_dagrun for example_external_task_marker_child to None, run_after=None
[2024-03-13T07:11:01.155+0000] {logging_mixin.py:188} INFO - [2024-03-13T07:11:01.155+0000] {dag.py:3834} INFO - Setting next_dagrun for example_external_task_marker_parent to None, run_after=None
[2024-03-13T07:11:01.172+0000] {processor.py:183} INFO - Processing /home/airflow/.local/lib/python3.8/site-packages/airflow/example_dags/example_external_task_marker_dag.py took 0.065 seconds
[2024-03-13T07:11:31.448+0000] {processor.py:161} INFO - Started process (PID=274) to work on /home/airflow/.local/lib/python3.8/site-packages/airflow/example_dags/example_external_task_marker_dag.py
[2024-03-13T07:11:31.449+0000] {processor.py:830} INFO - Processing file /home/airflow/.local/lib/python3.8/site-packages/airflow/example_dags/example_external_task_marker_dag.py for tasks to queue
[2024-03-13T07:11:31.451+0000] {logging_mixin.py:188} INFO - [2024-03-13T07:11:31.450+0000] {dagbag.py:540} INFO - Filling up the DagBag from /home/airflow/.local/lib/python3.8/site-packages/airflow/example_dags/example_external_task_marker_dag.py
[2024-03-13T07:11:31.455+0000] {processor.py:840} INFO - DAG(s) 'example_external_task_marker_child', 'example_external_task_marker_parent' retrieved from /home/airflow/.local/lib/python3.8/site-packages/airflow/example_dags/example_external_task_marker_dag.py
[2024-03-13T07:11:31.472+0000] {logging_mixin.py:188} INFO - [2024-03-13T07:11:31.472+0000] {dag.py:3047} INFO - Sync 2 DAGs
[2024-03-13T07:11:31.481+0000] {logging_mixin.py:188} INFO - [2024-03-13T07:11:31.481+0000] {dag.py:3834} INFO - Setting next_dagrun for example_external_task_marker_child to None, run_after=None
[2024-03-13T07:11:31.484+0000] {logging_mixin.py:188} INFO - [2024-03-13T07:11:31.484+0000] {dag.py:3834} INFO - Setting next_dagrun for example_external_task_marker_parent to None, run_after=None
[2024-03-13T07:11:31.500+0000] {processor.py:183} INFO - Processing /home/airflow/.local/lib/python3.8/site-packages/airflow/example_dags/example_external_task_marker_dag.py took 0.054 seconds
