[2024-03-13T06:40:21.721+0000] {processor.py:161} INFO - Started process (PID=462) to work on /home/airflow/.local/lib/python3.8/site-packages/airflow/example_dags/example_latest_only_with_trigger.py
[2024-03-13T06:40:21.722+0000] {processor.py:830} INFO - Processing file /home/airflow/.local/lib/python3.8/site-packages/airflow/example_dags/example_latest_only_with_trigger.py for tasks to queue
[2024-03-13T06:40:21.723+0000] {logging_mixin.py:188} INFO - [2024-03-13T06:40:21.722+0000] {dagbag.py:540} INFO - Filling up the DagBag from /home/airflow/.local/lib/python3.8/site-packages/airflow/example_dags/example_latest_only_with_trigger.py
[2024-03-13T06:40:21.729+0000] {processor.py:840} INFO - DAG(s) 'latest_only_with_trigger' retrieved from /home/airflow/.local/lib/python3.8/site-packages/airflow/example_dags/example_latest_only_with_trigger.py
[2024-03-13T06:40:21.744+0000] {logging_mixin.py:188} INFO - [2024-03-13T06:40:21.743+0000] {dag.py:3047} INFO - Sync 1 DAGs
[2024-03-13T06:40:21.760+0000] {logging_mixin.py:188} INFO - [2024-03-13T06:40:21.760+0000] {dag.py:3834} INFO - Setting next_dagrun for latest_only_with_trigger to 2024-03-13 00:00:00+00:00, run_after=2024-03-13 04:00:00+00:00
[2024-03-13T06:40:21.777+0000] {processor.py:183} INFO - Processing /home/airflow/.local/lib/python3.8/site-packages/airflow/example_dags/example_latest_only_with_trigger.py took 0.059 seconds
[2024-03-13T06:40:52.091+0000] {processor.py:161} INFO - Started process (PID=518) to work on /home/airflow/.local/lib/python3.8/site-packages/airflow/example_dags/example_latest_only_with_trigger.py
[2024-03-13T06:40:52.092+0000] {processor.py:830} INFO - Processing file /home/airflow/.local/lib/python3.8/site-packages/airflow/example_dags/example_latest_only_with_trigger.py for tasks to queue
[2024-03-13T06:40:52.092+0000] {logging_mixin.py:188} INFO - [2024-03-13T06:40:52.092+0000] {dagbag.py:540} INFO - Filling up the DagBag from /home/airflow/.local/lib/python3.8/site-packages/airflow/example_dags/example_latest_only_with_trigger.py
[2024-03-13T06:40:52.097+0000] {processor.py:840} INFO - DAG(s) 'latest_only_with_trigger' retrieved from /home/airflow/.local/lib/python3.8/site-packages/airflow/example_dags/example_latest_only_with_trigger.py
[2024-03-13T06:40:52.113+0000] {logging_mixin.py:188} INFO - [2024-03-13T06:40:52.113+0000] {dag.py:3047} INFO - Sync 1 DAGs
[2024-03-13T06:40:52.128+0000] {logging_mixin.py:188} INFO - [2024-03-13T06:40:52.128+0000] {dag.py:3834} INFO - Setting next_dagrun for latest_only_with_trigger to 2024-03-13 00:00:00+00:00, run_after=2024-03-13 04:00:00+00:00
[2024-03-13T06:40:52.145+0000] {processor.py:183} INFO - Processing /home/airflow/.local/lib/python3.8/site-packages/airflow/example_dags/example_latest_only_with_trigger.py took 0.057 seconds
[2024-03-13T06:41:22.702+0000] {processor.py:161} INFO - Started process (PID=574) to work on /home/airflow/.local/lib/python3.8/site-packages/airflow/example_dags/example_latest_only_with_trigger.py
[2024-03-13T06:41:22.704+0000] {processor.py:830} INFO - Processing file /home/airflow/.local/lib/python3.8/site-packages/airflow/example_dags/example_latest_only_with_trigger.py for tasks to queue
[2024-03-13T06:41:22.704+0000] {logging_mixin.py:188} INFO - [2024-03-13T06:41:22.704+0000] {dagbag.py:540} INFO - Filling up the DagBag from /home/airflow/.local/lib/python3.8/site-packages/airflow/example_dags/example_latest_only_with_trigger.py
[2024-03-13T06:41:22.709+0000] {processor.py:840} INFO - DAG(s) 'latest_only_with_trigger' retrieved from /home/airflow/.local/lib/python3.8/site-packages/airflow/example_dags/example_latest_only_with_trigger.py
[2024-03-13T06:41:22.726+0000] {logging_mixin.py:188} INFO - [2024-03-13T06:41:22.726+0000] {dag.py:3047} INFO - Sync 1 DAGs
[2024-03-13T06:41:22.742+0000] {logging_mixin.py:188} INFO - [2024-03-13T06:41:22.742+0000] {dag.py:3834} INFO - Setting next_dagrun for latest_only_with_trigger to 2024-03-13 00:00:00+00:00, run_after=2024-03-13 04:00:00+00:00
[2024-03-13T06:41:22.761+0000] {processor.py:183} INFO - Processing /home/airflow/.local/lib/python3.8/site-packages/airflow/example_dags/example_latest_only_with_trigger.py took 0.061 seconds
[2024-03-13T06:41:53.341+0000] {processor.py:161} INFO - Started process (PID=630) to work on /home/airflow/.local/lib/python3.8/site-packages/airflow/example_dags/example_latest_only_with_trigger.py
[2024-03-13T06:41:53.342+0000] {processor.py:830} INFO - Processing file /home/airflow/.local/lib/python3.8/site-packages/airflow/example_dags/example_latest_only_with_trigger.py for tasks to queue
[2024-03-13T06:41:53.344+0000] {logging_mixin.py:188} INFO - [2024-03-13T06:41:53.343+0000] {dagbag.py:540} INFO - Filling up the DagBag from /home/airflow/.local/lib/python3.8/site-packages/airflow/example_dags/example_latest_only_with_trigger.py
[2024-03-13T06:41:53.348+0000] {processor.py:840} INFO - DAG(s) 'latest_only_with_trigger' retrieved from /home/airflow/.local/lib/python3.8/site-packages/airflow/example_dags/example_latest_only_with_trigger.py
[2024-03-13T06:41:53.363+0000] {logging_mixin.py:188} INFO - [2024-03-13T06:41:53.363+0000] {dag.py:3047} INFO - Sync 1 DAGs
[2024-03-13T06:41:53.379+0000] {logging_mixin.py:188} INFO - [2024-03-13T06:41:53.379+0000] {dag.py:3834} INFO - Setting next_dagrun for latest_only_with_trigger to 2024-03-13 00:00:00+00:00, run_after=2024-03-13 04:00:00+00:00
[2024-03-13T06:41:53.398+0000] {processor.py:183} INFO - Processing /home/airflow/.local/lib/python3.8/site-packages/airflow/example_dags/example_latest_only_with_trigger.py took 0.059 seconds
[2024-03-13T06:42:23.582+0000] {processor.py:161} INFO - Started process (PID=686) to work on /home/airflow/.local/lib/python3.8/site-packages/airflow/example_dags/example_latest_only_with_trigger.py
[2024-03-13T06:42:23.583+0000] {processor.py:830} INFO - Processing file /home/airflow/.local/lib/python3.8/site-packages/airflow/example_dags/example_latest_only_with_trigger.py for tasks to queue
[2024-03-13T06:42:23.584+0000] {logging_mixin.py:188} INFO - [2024-03-13T06:42:23.583+0000] {dagbag.py:540} INFO - Filling up the DagBag from /home/airflow/.local/lib/python3.8/site-packages/airflow/example_dags/example_latest_only_with_trigger.py
[2024-03-13T06:42:23.588+0000] {processor.py:840} INFO - DAG(s) 'latest_only_with_trigger' retrieved from /home/airflow/.local/lib/python3.8/site-packages/airflow/example_dags/example_latest_only_with_trigger.py
[2024-03-13T06:42:23.603+0000] {logging_mixin.py:188} INFO - [2024-03-13T06:42:23.603+0000] {dag.py:3047} INFO - Sync 1 DAGs
[2024-03-13T06:42:23.620+0000] {logging_mixin.py:188} INFO - [2024-03-13T06:42:23.620+0000] {dag.py:3834} INFO - Setting next_dagrun for latest_only_with_trigger to 2024-03-13 00:00:00+00:00, run_after=2024-03-13 04:00:00+00:00
[2024-03-13T06:42:23.637+0000] {processor.py:183} INFO - Processing /home/airflow/.local/lib/python3.8/site-packages/airflow/example_dags/example_latest_only_with_trigger.py took 0.057 seconds
[2024-03-13T06:42:53.852+0000] {processor.py:161} INFO - Started process (PID=742) to work on /home/airflow/.local/lib/python3.8/site-packages/airflow/example_dags/example_latest_only_with_trigger.py
[2024-03-13T06:42:53.853+0000] {processor.py:830} INFO - Processing file /home/airflow/.local/lib/python3.8/site-packages/airflow/example_dags/example_latest_only_with_trigger.py for tasks to queue
[2024-03-13T06:42:53.854+0000] {logging_mixin.py:188} INFO - [2024-03-13T06:42:53.854+0000] {dagbag.py:540} INFO - Filling up the DagBag from /home/airflow/.local/lib/python3.8/site-packages/airflow/example_dags/example_latest_only_with_trigger.py
[2024-03-13T06:42:53.859+0000] {processor.py:840} INFO - DAG(s) 'latest_only_with_trigger' retrieved from /home/airflow/.local/lib/python3.8/site-packages/airflow/example_dags/example_latest_only_with_trigger.py
[2024-03-13T06:42:53.879+0000] {logging_mixin.py:188} INFO - [2024-03-13T06:42:53.878+0000] {dag.py:3047} INFO - Sync 1 DAGs
[2024-03-13T06:42:53.899+0000] {logging_mixin.py:188} INFO - [2024-03-13T06:42:53.899+0000] {dag.py:3834} INFO - Setting next_dagrun for latest_only_with_trigger to 2024-03-13 00:00:00+00:00, run_after=2024-03-13 04:00:00+00:00
[2024-03-13T06:42:53.917+0000] {processor.py:183} INFO - Processing /home/airflow/.local/lib/python3.8/site-packages/airflow/example_dags/example_latest_only_with_trigger.py took 0.068 seconds
[2024-03-13T06:43:24.249+0000] {processor.py:161} INFO - Started process (PID=798) to work on /home/airflow/.local/lib/python3.8/site-packages/airflow/example_dags/example_latest_only_with_trigger.py
[2024-03-13T06:43:24.250+0000] {processor.py:830} INFO - Processing file /home/airflow/.local/lib/python3.8/site-packages/airflow/example_dags/example_latest_only_with_trigger.py for tasks to queue
[2024-03-13T06:43:24.251+0000] {logging_mixin.py:188} INFO - [2024-03-13T06:43:24.250+0000] {dagbag.py:540} INFO - Filling up the DagBag from /home/airflow/.local/lib/python3.8/site-packages/airflow/example_dags/example_latest_only_with_trigger.py
[2024-03-13T06:43:24.255+0000] {processor.py:840} INFO - DAG(s) 'latest_only_with_trigger' retrieved from /home/airflow/.local/lib/python3.8/site-packages/airflow/example_dags/example_latest_only_with_trigger.py
[2024-03-13T06:43:24.272+0000] {logging_mixin.py:188} INFO - [2024-03-13T06:43:24.271+0000] {dag.py:3047} INFO - Sync 1 DAGs
[2024-03-13T06:43:24.287+0000] {logging_mixin.py:188} INFO - [2024-03-13T06:43:24.287+0000] {dag.py:3834} INFO - Setting next_dagrun for latest_only_with_trigger to 2024-03-13 00:00:00+00:00, run_after=2024-03-13 04:00:00+00:00
[2024-03-13T06:43:24.302+0000] {processor.py:183} INFO - Processing /home/airflow/.local/lib/python3.8/site-packages/airflow/example_dags/example_latest_only_with_trigger.py took 0.056 seconds
[2024-03-13T06:43:54.833+0000] {processor.py:161} INFO - Started process (PID=854) to work on /home/airflow/.local/lib/python3.8/site-packages/airflow/example_dags/example_latest_only_with_trigger.py
[2024-03-13T06:43:54.834+0000] {processor.py:830} INFO - Processing file /home/airflow/.local/lib/python3.8/site-packages/airflow/example_dags/example_latest_only_with_trigger.py for tasks to queue
[2024-03-13T06:43:54.835+0000] {logging_mixin.py:188} INFO - [2024-03-13T06:43:54.835+0000] {dagbag.py:540} INFO - Filling up the DagBag from /home/airflow/.local/lib/python3.8/site-packages/airflow/example_dags/example_latest_only_with_trigger.py
[2024-03-13T06:43:54.840+0000] {processor.py:840} INFO - DAG(s) 'latest_only_with_trigger' retrieved from /home/airflow/.local/lib/python3.8/site-packages/airflow/example_dags/example_latest_only_with_trigger.py
[2024-03-13T06:43:54.855+0000] {logging_mixin.py:188} INFO - [2024-03-13T06:43:54.855+0000] {dag.py:3047} INFO - Sync 1 DAGs
[2024-03-13T06:43:54.871+0000] {logging_mixin.py:188} INFO - [2024-03-13T06:43:54.871+0000] {dag.py:3834} INFO - Setting next_dagrun for latest_only_with_trigger to 2024-03-13 00:00:00+00:00, run_after=2024-03-13 04:00:00+00:00
[2024-03-13T06:43:54.889+0000] {processor.py:183} INFO - Processing /home/airflow/.local/lib/python3.8/site-packages/airflow/example_dags/example_latest_only_with_trigger.py took 0.059 seconds
[2024-03-13T06:44:25.059+0000] {processor.py:161} INFO - Started process (PID=910) to work on /home/airflow/.local/lib/python3.8/site-packages/airflow/example_dags/example_latest_only_with_trigger.py
[2024-03-13T06:44:25.060+0000] {processor.py:830} INFO - Processing file /home/airflow/.local/lib/python3.8/site-packages/airflow/example_dags/example_latest_only_with_trigger.py for tasks to queue
[2024-03-13T06:44:25.061+0000] {logging_mixin.py:188} INFO - [2024-03-13T06:44:25.061+0000] {dagbag.py:540} INFO - Filling up the DagBag from /home/airflow/.local/lib/python3.8/site-packages/airflow/example_dags/example_latest_only_with_trigger.py
[2024-03-13T06:44:25.066+0000] {processor.py:840} INFO - DAG(s) 'latest_only_with_trigger' retrieved from /home/airflow/.local/lib/python3.8/site-packages/airflow/example_dags/example_latest_only_with_trigger.py
[2024-03-13T06:44:25.082+0000] {logging_mixin.py:188} INFO - [2024-03-13T06:44:25.081+0000] {dag.py:3047} INFO - Sync 1 DAGs
[2024-03-13T06:44:25.097+0000] {logging_mixin.py:188} INFO - [2024-03-13T06:44:25.097+0000] {dag.py:3834} INFO - Setting next_dagrun for latest_only_with_trigger to 2024-03-13 00:00:00+00:00, run_after=2024-03-13 04:00:00+00:00
[2024-03-13T06:44:25.116+0000] {processor.py:183} INFO - Processing /home/airflow/.local/lib/python3.8/site-packages/airflow/example_dags/example_latest_only_with_trigger.py took 0.059 seconds
[2024-03-13T06:44:55.891+0000] {processor.py:161} INFO - Started process (PID=966) to work on /home/airflow/.local/lib/python3.8/site-packages/airflow/example_dags/example_latest_only_with_trigger.py
[2024-03-13T06:44:55.893+0000] {processor.py:830} INFO - Processing file /home/airflow/.local/lib/python3.8/site-packages/airflow/example_dags/example_latest_only_with_trigger.py for tasks to queue
[2024-03-13T06:44:55.895+0000] {logging_mixin.py:188} INFO - [2024-03-13T06:44:55.894+0000] {dagbag.py:540} INFO - Filling up the DagBag from /home/airflow/.local/lib/python3.8/site-packages/airflow/example_dags/example_latest_only_with_trigger.py
[2024-03-13T06:44:55.901+0000] {processor.py:840} INFO - DAG(s) 'latest_only_with_trigger' retrieved from /home/airflow/.local/lib/python3.8/site-packages/airflow/example_dags/example_latest_only_with_trigger.py
[2024-03-13T06:44:55.928+0000] {logging_mixin.py:188} INFO - [2024-03-13T06:44:55.927+0000] {dag.py:3047} INFO - Sync 1 DAGs
[2024-03-13T06:44:55.953+0000] {logging_mixin.py:188} INFO - [2024-03-13T06:44:55.953+0000] {dag.py:3834} INFO - Setting next_dagrun for latest_only_with_trigger to 2024-03-13 00:00:00+00:00, run_after=2024-03-13 04:00:00+00:00
[2024-03-13T06:44:55.982+0000] {processor.py:183} INFO - Processing /home/airflow/.local/lib/python3.8/site-packages/airflow/example_dags/example_latest_only_with_trigger.py took 0.094 seconds
[2024-03-13T06:45:26.807+0000] {processor.py:161} INFO - Started process (PID=1023) to work on /home/airflow/.local/lib/python3.8/site-packages/airflow/example_dags/example_latest_only_with_trigger.py
[2024-03-13T06:45:26.808+0000] {processor.py:830} INFO - Processing file /home/airflow/.local/lib/python3.8/site-packages/airflow/example_dags/example_latest_only_with_trigger.py for tasks to queue
[2024-03-13T06:45:26.809+0000] {logging_mixin.py:188} INFO - [2024-03-13T06:45:26.809+0000] {dagbag.py:540} INFO - Filling up the DagBag from /home/airflow/.local/lib/python3.8/site-packages/airflow/example_dags/example_latest_only_with_trigger.py
[2024-03-13T06:45:26.814+0000] {processor.py:840} INFO - DAG(s) 'latest_only_with_trigger' retrieved from /home/airflow/.local/lib/python3.8/site-packages/airflow/example_dags/example_latest_only_with_trigger.py
[2024-03-13T06:45:26.831+0000] {logging_mixin.py:188} INFO - [2024-03-13T06:45:26.831+0000] {dag.py:3047} INFO - Sync 1 DAGs
[2024-03-13T06:45:26.848+0000] {logging_mixin.py:188} INFO - [2024-03-13T06:45:26.848+0000] {dag.py:3834} INFO - Setting next_dagrun for latest_only_with_trigger to 2024-03-13 00:00:00+00:00, run_after=2024-03-13 04:00:00+00:00
[2024-03-13T06:45:26.867+0000] {processor.py:183} INFO - Processing /home/airflow/.local/lib/python3.8/site-packages/airflow/example_dags/example_latest_only_with_trigger.py took 0.063 seconds
[2024-03-13T06:45:57.197+0000] {processor.py:161} INFO - Started process (PID=1079) to work on /home/airflow/.local/lib/python3.8/site-packages/airflow/example_dags/example_latest_only_with_trigger.py
[2024-03-13T06:45:57.198+0000] {processor.py:830} INFO - Processing file /home/airflow/.local/lib/python3.8/site-packages/airflow/example_dags/example_latest_only_with_trigger.py for tasks to queue
[2024-03-13T06:45:57.200+0000] {logging_mixin.py:188} INFO - [2024-03-13T06:45:57.199+0000] {dagbag.py:540} INFO - Filling up the DagBag from /home/airflow/.local/lib/python3.8/site-packages/airflow/example_dags/example_latest_only_with_trigger.py
[2024-03-13T06:45:57.207+0000] {processor.py:840} INFO - DAG(s) 'latest_only_with_trigger' retrieved from /home/airflow/.local/lib/python3.8/site-packages/airflow/example_dags/example_latest_only_with_trigger.py
[2024-03-13T06:45:57.228+0000] {logging_mixin.py:188} INFO - [2024-03-13T06:45:57.228+0000] {dag.py:3047} INFO - Sync 1 DAGs
[2024-03-13T06:45:57.256+0000] {logging_mixin.py:188} INFO - [2024-03-13T06:45:57.256+0000] {dag.py:3834} INFO - Setting next_dagrun for latest_only_with_trigger to 2024-03-13 00:00:00+00:00, run_after=2024-03-13 04:00:00+00:00
[2024-03-13T06:45:57.279+0000] {processor.py:183} INFO - Processing /home/airflow/.local/lib/python3.8/site-packages/airflow/example_dags/example_latest_only_with_trigger.py took 0.085 seconds
[2024-03-13T06:46:27.727+0000] {processor.py:161} INFO - Started process (PID=1135) to work on /home/airflow/.local/lib/python3.8/site-packages/airflow/example_dags/example_latest_only_with_trigger.py
[2024-03-13T06:46:27.728+0000] {processor.py:830} INFO - Processing file /home/airflow/.local/lib/python3.8/site-packages/airflow/example_dags/example_latest_only_with_trigger.py for tasks to queue
[2024-03-13T06:46:27.730+0000] {logging_mixin.py:188} INFO - [2024-03-13T06:46:27.729+0000] {dagbag.py:540} INFO - Filling up the DagBag from /home/airflow/.local/lib/python3.8/site-packages/airflow/example_dags/example_latest_only_with_trigger.py
[2024-03-13T06:46:27.735+0000] {processor.py:840} INFO - DAG(s) 'latest_only_with_trigger' retrieved from /home/airflow/.local/lib/python3.8/site-packages/airflow/example_dags/example_latest_only_with_trigger.py
[2024-03-13T06:46:27.752+0000] {logging_mixin.py:188} INFO - [2024-03-13T06:46:27.752+0000] {dag.py:3047} INFO - Sync 1 DAGs
[2024-03-13T06:46:27.769+0000] {logging_mixin.py:188} INFO - [2024-03-13T06:46:27.769+0000] {dag.py:3834} INFO - Setting next_dagrun for latest_only_with_trigger to 2024-03-13 00:00:00+00:00, run_after=2024-03-13 04:00:00+00:00
[2024-03-13T06:46:27.785+0000] {processor.py:183} INFO - Processing /home/airflow/.local/lib/python3.8/site-packages/airflow/example_dags/example_latest_only_with_trigger.py took 0.061 seconds
[2024-03-13T06:46:58.023+0000] {processor.py:161} INFO - Started process (PID=1198) to work on /home/airflow/.local/lib/python3.8/site-packages/airflow/example_dags/example_latest_only_with_trigger.py
[2024-03-13T06:46:58.024+0000] {processor.py:830} INFO - Processing file /home/airflow/.local/lib/python3.8/site-packages/airflow/example_dags/example_latest_only_with_trigger.py for tasks to queue
[2024-03-13T06:46:58.025+0000] {logging_mixin.py:188} INFO - [2024-03-13T06:46:58.025+0000] {dagbag.py:540} INFO - Filling up the DagBag from /home/airflow/.local/lib/python3.8/site-packages/airflow/example_dags/example_latest_only_with_trigger.py
[2024-03-13T06:46:58.031+0000] {processor.py:840} INFO - DAG(s) 'latest_only_with_trigger' retrieved from /home/airflow/.local/lib/python3.8/site-packages/airflow/example_dags/example_latest_only_with_trigger.py
[2024-03-13T06:46:58.047+0000] {logging_mixin.py:188} INFO - [2024-03-13T06:46:58.047+0000] {dag.py:3047} INFO - Sync 1 DAGs
[2024-03-13T06:46:58.067+0000] {logging_mixin.py:188} INFO - [2024-03-13T06:46:58.066+0000] {dag.py:3834} INFO - Setting next_dagrun for latest_only_with_trigger to 2024-03-13 00:00:00+00:00, run_after=2024-03-13 04:00:00+00:00
[2024-03-13T06:46:58.084+0000] {processor.py:183} INFO - Processing /home/airflow/.local/lib/python3.8/site-packages/airflow/example_dags/example_latest_only_with_trigger.py took 0.063 seconds
[2024-03-13T06:47:28.805+0000] {processor.py:161} INFO - Started process (PID=1254) to work on /home/airflow/.local/lib/python3.8/site-packages/airflow/example_dags/example_latest_only_with_trigger.py
[2024-03-13T06:47:28.807+0000] {processor.py:830} INFO - Processing file /home/airflow/.local/lib/python3.8/site-packages/airflow/example_dags/example_latest_only_with_trigger.py for tasks to queue
[2024-03-13T06:47:28.808+0000] {logging_mixin.py:188} INFO - [2024-03-13T06:47:28.808+0000] {dagbag.py:540} INFO - Filling up the DagBag from /home/airflow/.local/lib/python3.8/site-packages/airflow/example_dags/example_latest_only_with_trigger.py
[2024-03-13T06:47:28.818+0000] {processor.py:840} INFO - DAG(s) 'latest_only_with_trigger' retrieved from /home/airflow/.local/lib/python3.8/site-packages/airflow/example_dags/example_latest_only_with_trigger.py
[2024-03-13T06:47:28.846+0000] {logging_mixin.py:188} INFO - [2024-03-13T06:47:28.846+0000] {dag.py:3047} INFO - Sync 1 DAGs
[2024-03-13T06:47:28.873+0000] {logging_mixin.py:188} INFO - [2024-03-13T06:47:28.873+0000] {dag.py:3834} INFO - Setting next_dagrun for latest_only_with_trigger to 2024-03-13 00:00:00+00:00, run_after=2024-03-13 04:00:00+00:00
[2024-03-13T06:47:28.898+0000] {processor.py:183} INFO - Processing /home/airflow/.local/lib/python3.8/site-packages/airflow/example_dags/example_latest_only_with_trigger.py took 0.096 seconds
[2024-03-13T06:47:59.490+0000] {processor.py:161} INFO - Started process (PID=1310) to work on /home/airflow/.local/lib/python3.8/site-packages/airflow/example_dags/example_latest_only_with_trigger.py
[2024-03-13T06:47:59.491+0000] {processor.py:830} INFO - Processing file /home/airflow/.local/lib/python3.8/site-packages/airflow/example_dags/example_latest_only_with_trigger.py for tasks to queue
[2024-03-13T06:47:59.491+0000] {logging_mixin.py:188} INFO - [2024-03-13T06:47:59.491+0000] {dagbag.py:540} INFO - Filling up the DagBag from /home/airflow/.local/lib/python3.8/site-packages/airflow/example_dags/example_latest_only_with_trigger.py
[2024-03-13T06:47:59.496+0000] {processor.py:840} INFO - DAG(s) 'latest_only_with_trigger' retrieved from /home/airflow/.local/lib/python3.8/site-packages/airflow/example_dags/example_latest_only_with_trigger.py
[2024-03-13T06:47:59.513+0000] {logging_mixin.py:188} INFO - [2024-03-13T06:47:59.513+0000] {dag.py:3047} INFO - Sync 1 DAGs
[2024-03-13T06:47:59.529+0000] {logging_mixin.py:188} INFO - [2024-03-13T06:47:59.529+0000] {dag.py:3834} INFO - Setting next_dagrun for latest_only_with_trigger to 2024-03-13 00:00:00+00:00, run_after=2024-03-13 04:00:00+00:00
[2024-03-13T06:47:59.548+0000] {processor.py:183} INFO - Processing /home/airflow/.local/lib/python3.8/site-packages/airflow/example_dags/example_latest_only_with_trigger.py took 0.061 seconds
[2024-03-13T06:48:29.891+0000] {processor.py:161} INFO - Started process (PID=1367) to work on /home/airflow/.local/lib/python3.8/site-packages/airflow/example_dags/example_latest_only_with_trigger.py
[2024-03-13T06:48:29.892+0000] {processor.py:830} INFO - Processing file /home/airflow/.local/lib/python3.8/site-packages/airflow/example_dags/example_latest_only_with_trigger.py for tasks to queue
[2024-03-13T06:48:29.893+0000] {logging_mixin.py:188} INFO - [2024-03-13T06:48:29.893+0000] {dagbag.py:540} INFO - Filling up the DagBag from /home/airflow/.local/lib/python3.8/site-packages/airflow/example_dags/example_latest_only_with_trigger.py
[2024-03-13T06:48:29.899+0000] {processor.py:840} INFO - DAG(s) 'latest_only_with_trigger' retrieved from /home/airflow/.local/lib/python3.8/site-packages/airflow/example_dags/example_latest_only_with_trigger.py
[2024-03-13T06:48:29.916+0000] {logging_mixin.py:188} INFO - [2024-03-13T06:48:29.916+0000] {dag.py:3047} INFO - Sync 1 DAGs
[2024-03-13T06:48:29.934+0000] {logging_mixin.py:188} INFO - [2024-03-13T06:48:29.933+0000] {dag.py:3834} INFO - Setting next_dagrun for latest_only_with_trigger to 2024-03-13 00:00:00+00:00, run_after=2024-03-13 04:00:00+00:00
[2024-03-13T06:48:29.952+0000] {processor.py:183} INFO - Processing /home/airflow/.local/lib/python3.8/site-packages/airflow/example_dags/example_latest_only_with_trigger.py took 0.063 seconds
[2024-03-13T06:49:00.123+0000] {processor.py:161} INFO - Started process (PID=1424) to work on /home/airflow/.local/lib/python3.8/site-packages/airflow/example_dags/example_latest_only_with_trigger.py
[2024-03-13T06:49:00.124+0000] {processor.py:830} INFO - Processing file /home/airflow/.local/lib/python3.8/site-packages/airflow/example_dags/example_latest_only_with_trigger.py for tasks to queue
[2024-03-13T06:49:00.125+0000] {logging_mixin.py:188} INFO - [2024-03-13T06:49:00.124+0000] {dagbag.py:540} INFO - Filling up the DagBag from /home/airflow/.local/lib/python3.8/site-packages/airflow/example_dags/example_latest_only_with_trigger.py
[2024-03-13T06:49:00.130+0000] {processor.py:840} INFO - DAG(s) 'latest_only_with_trigger' retrieved from /home/airflow/.local/lib/python3.8/site-packages/airflow/example_dags/example_latest_only_with_trigger.py
[2024-03-13T06:49:00.145+0000] {logging_mixin.py:188} INFO - [2024-03-13T06:49:00.145+0000] {dag.py:3047} INFO - Sync 1 DAGs
[2024-03-13T06:49:00.161+0000] {logging_mixin.py:188} INFO - [2024-03-13T06:49:00.161+0000] {dag.py:3834} INFO - Setting next_dagrun for latest_only_with_trigger to 2024-03-13 00:00:00+00:00, run_after=2024-03-13 04:00:00+00:00
[2024-03-13T06:49:00.177+0000] {processor.py:183} INFO - Processing /home/airflow/.local/lib/python3.8/site-packages/airflow/example_dags/example_latest_only_with_trigger.py took 0.056 seconds
[2024-03-13T06:49:30.404+0000] {processor.py:161} INFO - Started process (PID=1480) to work on /home/airflow/.local/lib/python3.8/site-packages/airflow/example_dags/example_latest_only_with_trigger.py
[2024-03-13T06:49:30.405+0000] {processor.py:830} INFO - Processing file /home/airflow/.local/lib/python3.8/site-packages/airflow/example_dags/example_latest_only_with_trigger.py for tasks to queue
[2024-03-13T06:49:30.406+0000] {logging_mixin.py:188} INFO - [2024-03-13T06:49:30.406+0000] {dagbag.py:540} INFO - Filling up the DagBag from /home/airflow/.local/lib/python3.8/site-packages/airflow/example_dags/example_latest_only_with_trigger.py
[2024-03-13T06:49:30.412+0000] {processor.py:840} INFO - DAG(s) 'latest_only_with_trigger' retrieved from /home/airflow/.local/lib/python3.8/site-packages/airflow/example_dags/example_latest_only_with_trigger.py
[2024-03-13T06:49:30.429+0000] {logging_mixin.py:188} INFO - [2024-03-13T06:49:30.428+0000] {dag.py:3047} INFO - Sync 1 DAGs
[2024-03-13T06:49:30.445+0000] {logging_mixin.py:188} INFO - [2024-03-13T06:49:30.445+0000] {dag.py:3834} INFO - Setting next_dagrun for latest_only_with_trigger to 2024-03-13 00:00:00+00:00, run_after=2024-03-13 04:00:00+00:00
[2024-03-13T06:49:30.461+0000] {processor.py:183} INFO - Processing /home/airflow/.local/lib/python3.8/site-packages/airflow/example_dags/example_latest_only_with_trigger.py took 0.059 seconds
[2024-03-13T06:50:00.603+0000] {processor.py:161} INFO - Started process (PID=1538) to work on /home/airflow/.local/lib/python3.8/site-packages/airflow/example_dags/example_latest_only_with_trigger.py
[2024-03-13T06:50:00.604+0000] {processor.py:830} INFO - Processing file /home/airflow/.local/lib/python3.8/site-packages/airflow/example_dags/example_latest_only_with_trigger.py for tasks to queue
[2024-03-13T06:50:00.605+0000] {logging_mixin.py:188} INFO - [2024-03-13T06:50:00.604+0000] {dagbag.py:540} INFO - Filling up the DagBag from /home/airflow/.local/lib/python3.8/site-packages/airflow/example_dags/example_latest_only_with_trigger.py
[2024-03-13T06:50:00.609+0000] {processor.py:840} INFO - DAG(s) 'latest_only_with_trigger' retrieved from /home/airflow/.local/lib/python3.8/site-packages/airflow/example_dags/example_latest_only_with_trigger.py
[2024-03-13T06:50:00.625+0000] {logging_mixin.py:188} INFO - [2024-03-13T06:50:00.625+0000] {dag.py:3047} INFO - Sync 1 DAGs
[2024-03-13T06:50:00.641+0000] {logging_mixin.py:188} INFO - [2024-03-13T06:50:00.641+0000] {dag.py:3834} INFO - Setting next_dagrun for latest_only_with_trigger to 2024-03-13 00:00:00+00:00, run_after=2024-03-13 04:00:00+00:00
[2024-03-13T06:50:00.656+0000] {processor.py:183} INFO - Processing /home/airflow/.local/lib/python3.8/site-packages/airflow/example_dags/example_latest_only_with_trigger.py took 0.056 seconds
[2024-03-13T06:50:30.806+0000] {processor.py:161} INFO - Started process (PID=1595) to work on /home/airflow/.local/lib/python3.8/site-packages/airflow/example_dags/example_latest_only_with_trigger.py
[2024-03-13T06:50:30.807+0000] {processor.py:830} INFO - Processing file /home/airflow/.local/lib/python3.8/site-packages/airflow/example_dags/example_latest_only_with_trigger.py for tasks to queue
[2024-03-13T06:50:30.808+0000] {logging_mixin.py:188} INFO - [2024-03-13T06:50:30.807+0000] {dagbag.py:540} INFO - Filling up the DagBag from /home/airflow/.local/lib/python3.8/site-packages/airflow/example_dags/example_latest_only_with_trigger.py
[2024-03-13T06:50:30.813+0000] {processor.py:840} INFO - DAG(s) 'latest_only_with_trigger' retrieved from /home/airflow/.local/lib/python3.8/site-packages/airflow/example_dags/example_latest_only_with_trigger.py
[2024-03-13T06:50:30.828+0000] {logging_mixin.py:188} INFO - [2024-03-13T06:50:30.827+0000] {dag.py:3047} INFO - Sync 1 DAGs
[2024-03-13T06:50:30.844+0000] {logging_mixin.py:188} INFO - [2024-03-13T06:50:30.844+0000] {dag.py:3834} INFO - Setting next_dagrun for latest_only_with_trigger to 2024-03-13 00:00:00+00:00, run_after=2024-03-13 04:00:00+00:00
[2024-03-13T06:50:30.861+0000] {processor.py:183} INFO - Processing /home/airflow/.local/lib/python3.8/site-packages/airflow/example_dags/example_latest_only_with_trigger.py took 0.057 seconds
[2024-03-13T06:51:01.104+0000] {processor.py:161} INFO - Started process (PID=1655) to work on /home/airflow/.local/lib/python3.8/site-packages/airflow/example_dags/example_latest_only_with_trigger.py
[2024-03-13T06:51:01.105+0000] {processor.py:830} INFO - Processing file /home/airflow/.local/lib/python3.8/site-packages/airflow/example_dags/example_latest_only_with_trigger.py for tasks to queue
[2024-03-13T06:51:01.106+0000] {logging_mixin.py:188} INFO - [2024-03-13T06:51:01.105+0000] {dagbag.py:540} INFO - Filling up the DagBag from /home/airflow/.local/lib/python3.8/site-packages/airflow/example_dags/example_latest_only_with_trigger.py
[2024-03-13T06:51:01.111+0000] {processor.py:840} INFO - DAG(s) 'latest_only_with_trigger' retrieved from /home/airflow/.local/lib/python3.8/site-packages/airflow/example_dags/example_latest_only_with_trigger.py
[2024-03-13T06:51:01.127+0000] {logging_mixin.py:188} INFO - [2024-03-13T06:51:01.126+0000] {dag.py:3047} INFO - Sync 1 DAGs
[2024-03-13T06:51:01.143+0000] {logging_mixin.py:188} INFO - [2024-03-13T06:51:01.143+0000] {dag.py:3834} INFO - Setting next_dagrun for latest_only_with_trigger to 2024-03-13 00:00:00+00:00, run_after=2024-03-13 04:00:00+00:00
[2024-03-13T06:51:01.158+0000] {processor.py:183} INFO - Processing /home/airflow/.local/lib/python3.8/site-packages/airflow/example_dags/example_latest_only_with_trigger.py took 0.056 seconds
[2024-03-13T06:52:19.702+0000] {processor.py:161} INFO - Started process (PID=70) to work on /home/airflow/.local/lib/python3.8/site-packages/airflow/example_dags/example_latest_only_with_trigger.py
[2024-03-13T06:52:19.703+0000] {processor.py:830} INFO - Processing file /home/airflow/.local/lib/python3.8/site-packages/airflow/example_dags/example_latest_only_with_trigger.py for tasks to queue
[2024-03-13T06:52:19.705+0000] {logging_mixin.py:188} INFO - [2024-03-13T06:52:19.704+0000] {dagbag.py:540} INFO - Filling up the DagBag from /home/airflow/.local/lib/python3.8/site-packages/airflow/example_dags/example_latest_only_with_trigger.py
[2024-03-13T06:52:19.710+0000] {processor.py:840} INFO - DAG(s) 'latest_only_with_trigger' retrieved from /home/airflow/.local/lib/python3.8/site-packages/airflow/example_dags/example_latest_only_with_trigger.py
[2024-03-13T06:52:19.721+0000] {logging_mixin.py:188} INFO - [2024-03-13T06:52:19.721+0000] {dag.py:3047} INFO - Sync 1 DAGs
[2024-03-13T06:52:19.739+0000] {logging_mixin.py:188} INFO - [2024-03-13T06:52:19.739+0000] {dag.py:3834} INFO - Setting next_dagrun for latest_only_with_trigger to 2024-03-13 00:00:00+00:00, run_after=2024-03-13 04:00:00+00:00
[2024-03-13T06:52:19.756+0000] {processor.py:183} INFO - Processing /home/airflow/.local/lib/python3.8/site-packages/airflow/example_dags/example_latest_only_with_trigger.py took 0.057 seconds
[2024-03-13T06:52:50.953+0000] {processor.py:161} INFO - Started process (PID=126) to work on /home/airflow/.local/lib/python3.8/site-packages/airflow/example_dags/example_latest_only_with_trigger.py
[2024-03-13T06:52:50.954+0000] {processor.py:830} INFO - Processing file /home/airflow/.local/lib/python3.8/site-packages/airflow/example_dags/example_latest_only_with_trigger.py for tasks to queue
[2024-03-13T06:52:50.955+0000] {logging_mixin.py:188} INFO - [2024-03-13T06:52:50.955+0000] {dagbag.py:540} INFO - Filling up the DagBag from /home/airflow/.local/lib/python3.8/site-packages/airflow/example_dags/example_latest_only_with_trigger.py
[2024-03-13T06:52:50.959+0000] {processor.py:840} INFO - DAG(s) 'latest_only_with_trigger' retrieved from /home/airflow/.local/lib/python3.8/site-packages/airflow/example_dags/example_latest_only_with_trigger.py
[2024-03-13T06:52:51.035+0000] {logging_mixin.py:188} INFO - [2024-03-13T06:52:51.034+0000] {dag.py:3047} INFO - Sync 1 DAGs
[2024-03-13T06:52:51.049+0000] {logging_mixin.py:188} INFO - [2024-03-13T06:52:51.049+0000] {dag.py:3834} INFO - Setting next_dagrun for latest_only_with_trigger to 2024-03-13 00:00:00+00:00, run_after=2024-03-13 04:00:00+00:00
[2024-03-13T06:52:51.066+0000] {processor.py:183} INFO - Processing /home/airflow/.local/lib/python3.8/site-packages/airflow/example_dags/example_latest_only_with_trigger.py took 0.116 seconds
[2024-03-13T06:53:22.015+0000] {processor.py:161} INFO - Started process (PID=182) to work on /home/airflow/.local/lib/python3.8/site-packages/airflow/example_dags/example_latest_only_with_trigger.py
[2024-03-13T06:53:22.016+0000] {processor.py:830} INFO - Processing file /home/airflow/.local/lib/python3.8/site-packages/airflow/example_dags/example_latest_only_with_trigger.py for tasks to queue
[2024-03-13T06:53:22.018+0000] {logging_mixin.py:188} INFO - [2024-03-13T06:53:22.018+0000] {dagbag.py:540} INFO - Filling up the DagBag from /home/airflow/.local/lib/python3.8/site-packages/airflow/example_dags/example_latest_only_with_trigger.py
[2024-03-13T06:53:22.023+0000] {processor.py:840} INFO - DAG(s) 'latest_only_with_trigger' retrieved from /home/airflow/.local/lib/python3.8/site-packages/airflow/example_dags/example_latest_only_with_trigger.py
[2024-03-13T06:53:22.039+0000] {logging_mixin.py:188} INFO - [2024-03-13T06:53:22.039+0000] {dag.py:3047} INFO - Sync 1 DAGs
[2024-03-13T06:53:22.057+0000] {logging_mixin.py:188} INFO - [2024-03-13T06:53:22.057+0000] {dag.py:3834} INFO - Setting next_dagrun for latest_only_with_trigger to 2024-03-13 00:00:00+00:00, run_after=2024-03-13 04:00:00+00:00
[2024-03-13T06:53:22.074+0000] {processor.py:183} INFO - Processing /home/airflow/.local/lib/python3.8/site-packages/airflow/example_dags/example_latest_only_with_trigger.py took 0.061 seconds
[2024-03-13T06:53:52.418+0000] {processor.py:161} INFO - Started process (PID=238) to work on /home/airflow/.local/lib/python3.8/site-packages/airflow/example_dags/example_latest_only_with_trigger.py
[2024-03-13T06:53:52.419+0000] {processor.py:830} INFO - Processing file /home/airflow/.local/lib/python3.8/site-packages/airflow/example_dags/example_latest_only_with_trigger.py for tasks to queue
[2024-03-13T06:53:52.421+0000] {logging_mixin.py:188} INFO - [2024-03-13T06:53:52.420+0000] {dagbag.py:540} INFO - Filling up the DagBag from /home/airflow/.local/lib/python3.8/site-packages/airflow/example_dags/example_latest_only_with_trigger.py
[2024-03-13T06:53:52.425+0000] {processor.py:840} INFO - DAG(s) 'latest_only_with_trigger' retrieved from /home/airflow/.local/lib/python3.8/site-packages/airflow/example_dags/example_latest_only_with_trigger.py
[2024-03-13T06:53:52.440+0000] {logging_mixin.py:188} INFO - [2024-03-13T06:53:52.440+0000] {dag.py:3047} INFO - Sync 1 DAGs
[2024-03-13T06:53:52.457+0000] {logging_mixin.py:188} INFO - [2024-03-13T06:53:52.457+0000] {dag.py:3834} INFO - Setting next_dagrun for latest_only_with_trigger to 2024-03-13 00:00:00+00:00, run_after=2024-03-13 04:00:00+00:00
[2024-03-13T06:53:52.475+0000] {processor.py:183} INFO - Processing /home/airflow/.local/lib/python3.8/site-packages/airflow/example_dags/example_latest_only_with_trigger.py took 0.059 seconds
[2024-03-13T06:54:22.743+0000] {processor.py:161} INFO - Started process (PID=293) to work on /home/airflow/.local/lib/python3.8/site-packages/airflow/example_dags/example_latest_only_with_trigger.py
[2024-03-13T06:54:22.743+0000] {processor.py:830} INFO - Processing file /home/airflow/.local/lib/python3.8/site-packages/airflow/example_dags/example_latest_only_with_trigger.py for tasks to queue
[2024-03-13T06:54:22.745+0000] {logging_mixin.py:188} INFO - [2024-03-13T06:54:22.745+0000] {dagbag.py:540} INFO - Filling up the DagBag from /home/airflow/.local/lib/python3.8/site-packages/airflow/example_dags/example_latest_only_with_trigger.py
[2024-03-13T06:54:22.750+0000] {processor.py:840} INFO - DAG(s) 'latest_only_with_trigger' retrieved from /home/airflow/.local/lib/python3.8/site-packages/airflow/example_dags/example_latest_only_with_trigger.py
[2024-03-13T06:54:22.766+0000] {logging_mixin.py:188} INFO - [2024-03-13T06:54:22.766+0000] {dag.py:3047} INFO - Sync 1 DAGs
[2024-03-13T06:54:22.783+0000] {logging_mixin.py:188} INFO - [2024-03-13T06:54:22.783+0000] {dag.py:3834} INFO - Setting next_dagrun for latest_only_with_trigger to 2024-03-13 00:00:00+00:00, run_after=2024-03-13 04:00:00+00:00
[2024-03-13T06:54:22.798+0000] {processor.py:183} INFO - Processing /home/airflow/.local/lib/python3.8/site-packages/airflow/example_dags/example_latest_only_with_trigger.py took 0.058 seconds
[2024-03-13T06:54:53.314+0000] {processor.py:161} INFO - Started process (PID=349) to work on /home/airflow/.local/lib/python3.8/site-packages/airflow/example_dags/example_latest_only_with_trigger.py
[2024-03-13T06:54:53.315+0000] {processor.py:830} INFO - Processing file /home/airflow/.local/lib/python3.8/site-packages/airflow/example_dags/example_latest_only_with_trigger.py for tasks to queue
[2024-03-13T06:54:53.317+0000] {logging_mixin.py:188} INFO - [2024-03-13T06:54:53.317+0000] {dagbag.py:540} INFO - Filling up the DagBag from /home/airflow/.local/lib/python3.8/site-packages/airflow/example_dags/example_latest_only_with_trigger.py
[2024-03-13T06:54:53.323+0000] {processor.py:840} INFO - DAG(s) 'latest_only_with_trigger' retrieved from /home/airflow/.local/lib/python3.8/site-packages/airflow/example_dags/example_latest_only_with_trigger.py
[2024-03-13T06:54:53.343+0000] {logging_mixin.py:188} INFO - [2024-03-13T06:54:53.343+0000] {dag.py:3047} INFO - Sync 1 DAGs
[2024-03-13T06:54:53.364+0000] {logging_mixin.py:188} INFO - [2024-03-13T06:54:53.363+0000] {dag.py:3834} INFO - Setting next_dagrun for latest_only_with_trigger to 2024-03-13 00:00:00+00:00, run_after=2024-03-13 04:00:00+00:00
[2024-03-13T06:54:53.391+0000] {processor.py:183} INFO - Processing /home/airflow/.local/lib/python3.8/site-packages/airflow/example_dags/example_latest_only_with_trigger.py took 0.079 seconds
[2024-03-13T06:55:24.188+0000] {processor.py:161} INFO - Started process (PID=405) to work on /home/airflow/.local/lib/python3.8/site-packages/airflow/example_dags/example_latest_only_with_trigger.py
[2024-03-13T06:55:24.189+0000] {processor.py:830} INFO - Processing file /home/airflow/.local/lib/python3.8/site-packages/airflow/example_dags/example_latest_only_with_trigger.py for tasks to queue
[2024-03-13T06:55:24.191+0000] {logging_mixin.py:188} INFO - [2024-03-13T06:55:24.191+0000] {dagbag.py:540} INFO - Filling up the DagBag from /home/airflow/.local/lib/python3.8/site-packages/airflow/example_dags/example_latest_only_with_trigger.py
[2024-03-13T06:55:24.196+0000] {processor.py:840} INFO - DAG(s) 'latest_only_with_trigger' retrieved from /home/airflow/.local/lib/python3.8/site-packages/airflow/example_dags/example_latest_only_with_trigger.py
[2024-03-13T06:55:24.215+0000] {logging_mixin.py:188} INFO - [2024-03-13T06:55:24.215+0000] {dag.py:3047} INFO - Sync 1 DAGs
[2024-03-13T06:55:24.235+0000] {logging_mixin.py:188} INFO - [2024-03-13T06:55:24.235+0000] {dag.py:3834} INFO - Setting next_dagrun for latest_only_with_trigger to 2024-03-13 00:00:00+00:00, run_after=2024-03-13 04:00:00+00:00
[2024-03-13T06:55:24.260+0000] {processor.py:183} INFO - Processing /home/airflow/.local/lib/python3.8/site-packages/airflow/example_dags/example_latest_only_with_trigger.py took 0.075 seconds
[2024-03-13T06:55:54.859+0000] {processor.py:161} INFO - Started process (PID=462) to work on /home/airflow/.local/lib/python3.8/site-packages/airflow/example_dags/example_latest_only_with_trigger.py
[2024-03-13T06:55:54.860+0000] {processor.py:830} INFO - Processing file /home/airflow/.local/lib/python3.8/site-packages/airflow/example_dags/example_latest_only_with_trigger.py for tasks to queue
[2024-03-13T06:55:54.861+0000] {logging_mixin.py:188} INFO - [2024-03-13T06:55:54.861+0000] {dagbag.py:540} INFO - Filling up the DagBag from /home/airflow/.local/lib/python3.8/site-packages/airflow/example_dags/example_latest_only_with_trigger.py
[2024-03-13T06:55:54.866+0000] {processor.py:840} INFO - DAG(s) 'latest_only_with_trigger' retrieved from /home/airflow/.local/lib/python3.8/site-packages/airflow/example_dags/example_latest_only_with_trigger.py
[2024-03-13T06:55:54.881+0000] {logging_mixin.py:188} INFO - [2024-03-13T06:55:54.881+0000] {dag.py:3047} INFO - Sync 1 DAGs
[2024-03-13T06:55:54.898+0000] {logging_mixin.py:188} INFO - [2024-03-13T06:55:54.898+0000] {dag.py:3834} INFO - Setting next_dagrun for latest_only_with_trigger to 2024-03-13 00:00:00+00:00, run_after=2024-03-13 04:00:00+00:00
[2024-03-13T06:55:54.913+0000] {processor.py:183} INFO - Processing /home/airflow/.local/lib/python3.8/site-packages/airflow/example_dags/example_latest_only_with_trigger.py took 0.056 seconds
[2024-03-13T06:56:25.690+0000] {processor.py:161} INFO - Started process (PID=519) to work on /home/airflow/.local/lib/python3.8/site-packages/airflow/example_dags/example_latest_only_with_trigger.py
[2024-03-13T06:56:25.690+0000] {processor.py:830} INFO - Processing file /home/airflow/.local/lib/python3.8/site-packages/airflow/example_dags/example_latest_only_with_trigger.py for tasks to queue
[2024-03-13T06:56:25.692+0000] {logging_mixin.py:188} INFO - [2024-03-13T06:56:25.692+0000] {dagbag.py:540} INFO - Filling up the DagBag from /home/airflow/.local/lib/python3.8/site-packages/airflow/example_dags/example_latest_only_with_trigger.py
[2024-03-13T06:56:25.697+0000] {processor.py:840} INFO - DAG(s) 'latest_only_with_trigger' retrieved from /home/airflow/.local/lib/python3.8/site-packages/airflow/example_dags/example_latest_only_with_trigger.py
[2024-03-13T06:56:25.716+0000] {logging_mixin.py:188} INFO - [2024-03-13T06:56:25.715+0000] {dag.py:3047} INFO - Sync 1 DAGs
[2024-03-13T06:56:25.735+0000] {logging_mixin.py:188} INFO - [2024-03-13T06:56:25.735+0000] {dag.py:3834} INFO - Setting next_dagrun for latest_only_with_trigger to 2024-03-13 00:00:00+00:00, run_after=2024-03-13 04:00:00+00:00
[2024-03-13T06:56:25.756+0000] {processor.py:183} INFO - Processing /home/airflow/.local/lib/python3.8/site-packages/airflow/example_dags/example_latest_only_with_trigger.py took 0.069 seconds
[2024-03-13T07:02:13.336+0000] {processor.py:161} INFO - Started process (PID=70) to work on /home/airflow/.local/lib/python3.8/site-packages/airflow/example_dags/example_latest_only_with_trigger.py
[2024-03-13T07:02:13.337+0000] {processor.py:830} INFO - Processing file /home/airflow/.local/lib/python3.8/site-packages/airflow/example_dags/example_latest_only_with_trigger.py for tasks to queue
[2024-03-13T07:02:13.339+0000] {logging_mixin.py:188} INFO - [2024-03-13T07:02:13.339+0000] {dagbag.py:540} INFO - Filling up the DagBag from /home/airflow/.local/lib/python3.8/site-packages/airflow/example_dags/example_latest_only_with_trigger.py
[2024-03-13T07:02:13.345+0000] {processor.py:840} INFO - DAG(s) 'latest_only_with_trigger' retrieved from /home/airflow/.local/lib/python3.8/site-packages/airflow/example_dags/example_latest_only_with_trigger.py
[2024-03-13T07:02:13.359+0000] {logging_mixin.py:188} INFO - [2024-03-13T07:02:13.358+0000] {dag.py:3047} INFO - Sync 1 DAGs
[2024-03-13T07:02:13.384+0000] {logging_mixin.py:188} INFO - [2024-03-13T07:02:13.384+0000] {dag.py:3834} INFO - Setting next_dagrun for latest_only_with_trigger to 2024-03-13 00:00:00+00:00, run_after=2024-03-13 04:00:00+00:00
[2024-03-13T07:02:13.409+0000] {processor.py:183} INFO - Processing /home/airflow/.local/lib/python3.8/site-packages/airflow/example_dags/example_latest_only_with_trigger.py took 0.077 seconds
[2024-03-13T07:02:44.574+0000] {processor.py:161} INFO - Started process (PID=127) to work on /home/airflow/.local/lib/python3.8/site-packages/airflow/example_dags/example_latest_only_with_trigger.py
[2024-03-13T07:02:44.575+0000] {processor.py:830} INFO - Processing file /home/airflow/.local/lib/python3.8/site-packages/airflow/example_dags/example_latest_only_with_trigger.py for tasks to queue
[2024-03-13T07:02:44.577+0000] {logging_mixin.py:188} INFO - [2024-03-13T07:02:44.577+0000] {dagbag.py:540} INFO - Filling up the DagBag from /home/airflow/.local/lib/python3.8/site-packages/airflow/example_dags/example_latest_only_with_trigger.py
[2024-03-13T07:02:44.581+0000] {processor.py:840} INFO - DAG(s) 'latest_only_with_trigger' retrieved from /home/airflow/.local/lib/python3.8/site-packages/airflow/example_dags/example_latest_only_with_trigger.py
[2024-03-13T07:02:44.657+0000] {logging_mixin.py:188} INFO - [2024-03-13T07:02:44.656+0000] {dag.py:3047} INFO - Sync 1 DAGs
[2024-03-13T07:02:44.673+0000] {logging_mixin.py:188} INFO - [2024-03-13T07:02:44.673+0000] {dag.py:3834} INFO - Setting next_dagrun for latest_only_with_trigger to 2024-03-13 00:00:00+00:00, run_after=2024-03-13 04:00:00+00:00
[2024-03-13T07:02:44.689+0000] {processor.py:183} INFO - Processing /home/airflow/.local/lib/python3.8/site-packages/airflow/example_dags/example_latest_only_with_trigger.py took 0.118 seconds
[2024-03-13T07:03:15.445+0000] {processor.py:161} INFO - Started process (PID=183) to work on /home/airflow/.local/lib/python3.8/site-packages/airflow/example_dags/example_latest_only_with_trigger.py
[2024-03-13T07:03:15.446+0000] {processor.py:830} INFO - Processing file /home/airflow/.local/lib/python3.8/site-packages/airflow/example_dags/example_latest_only_with_trigger.py for tasks to queue
[2024-03-13T07:03:15.448+0000] {logging_mixin.py:188} INFO - [2024-03-13T07:03:15.448+0000] {dagbag.py:540} INFO - Filling up the DagBag from /home/airflow/.local/lib/python3.8/site-packages/airflow/example_dags/example_latest_only_with_trigger.py
[2024-03-13T07:03:15.452+0000] {processor.py:840} INFO - DAG(s) 'latest_only_with_trigger' retrieved from /home/airflow/.local/lib/python3.8/site-packages/airflow/example_dags/example_latest_only_with_trigger.py
[2024-03-13T07:03:15.469+0000] {logging_mixin.py:188} INFO - [2024-03-13T07:03:15.469+0000] {dag.py:3047} INFO - Sync 1 DAGs
[2024-03-13T07:03:15.487+0000] {logging_mixin.py:188} INFO - [2024-03-13T07:03:15.486+0000] {dag.py:3834} INFO - Setting next_dagrun for latest_only_with_trigger to 2024-03-13 00:00:00+00:00, run_after=2024-03-13 04:00:00+00:00
[2024-03-13T07:03:15.503+0000] {processor.py:183} INFO - Processing /home/airflow/.local/lib/python3.8/site-packages/airflow/example_dags/example_latest_only_with_trigger.py took 0.060 seconds
[2024-03-13T07:03:45.783+0000] {processor.py:161} INFO - Started process (PID=239) to work on /home/airflow/.local/lib/python3.8/site-packages/airflow/example_dags/example_latest_only_with_trigger.py
[2024-03-13T07:03:45.784+0000] {processor.py:830} INFO - Processing file /home/airflow/.local/lib/python3.8/site-packages/airflow/example_dags/example_latest_only_with_trigger.py for tasks to queue
[2024-03-13T07:03:45.785+0000] {logging_mixin.py:188} INFO - [2024-03-13T07:03:45.785+0000] {dagbag.py:540} INFO - Filling up the DagBag from /home/airflow/.local/lib/python3.8/site-packages/airflow/example_dags/example_latest_only_with_trigger.py
[2024-03-13T07:03:45.789+0000] {processor.py:840} INFO - DAG(s) 'latest_only_with_trigger' retrieved from /home/airflow/.local/lib/python3.8/site-packages/airflow/example_dags/example_latest_only_with_trigger.py
[2024-03-13T07:03:45.805+0000] {logging_mixin.py:188} INFO - [2024-03-13T07:03:45.805+0000] {dag.py:3047} INFO - Sync 1 DAGs
[2024-03-13T07:03:45.823+0000] {logging_mixin.py:188} INFO - [2024-03-13T07:03:45.822+0000] {dag.py:3834} INFO - Setting next_dagrun for latest_only_with_trigger to 2024-03-13 00:00:00+00:00, run_after=2024-03-13 04:00:00+00:00
[2024-03-13T07:03:45.840+0000] {processor.py:183} INFO - Processing /home/airflow/.local/lib/python3.8/site-packages/airflow/example_dags/example_latest_only_with_trigger.py took 0.059 seconds
[2024-03-13T07:04:16.336+0000] {processor.py:161} INFO - Started process (PID=295) to work on /home/airflow/.local/lib/python3.8/site-packages/airflow/example_dags/example_latest_only_with_trigger.py
[2024-03-13T07:04:16.337+0000] {processor.py:830} INFO - Processing file /home/airflow/.local/lib/python3.8/site-packages/airflow/example_dags/example_latest_only_with_trigger.py for tasks to queue
[2024-03-13T07:04:16.338+0000] {logging_mixin.py:188} INFO - [2024-03-13T07:04:16.338+0000] {dagbag.py:540} INFO - Filling up the DagBag from /home/airflow/.local/lib/python3.8/site-packages/airflow/example_dags/example_latest_only_with_trigger.py
[2024-03-13T07:04:16.342+0000] {processor.py:840} INFO - DAG(s) 'latest_only_with_trigger' retrieved from /home/airflow/.local/lib/python3.8/site-packages/airflow/example_dags/example_latest_only_with_trigger.py
[2024-03-13T07:04:16.357+0000] {logging_mixin.py:188} INFO - [2024-03-13T07:04:16.357+0000] {dag.py:3047} INFO - Sync 1 DAGs
[2024-03-13T07:04:16.373+0000] {logging_mixin.py:188} INFO - [2024-03-13T07:04:16.373+0000] {dag.py:3834} INFO - Setting next_dagrun for latest_only_with_trigger to 2024-03-13 00:00:00+00:00, run_after=2024-03-13 04:00:00+00:00
[2024-03-13T07:04:16.391+0000] {processor.py:183} INFO - Processing /home/airflow/.local/lib/python3.8/site-packages/airflow/example_dags/example_latest_only_with_trigger.py took 0.057 seconds
[2024-03-13T07:04:46.792+0000] {processor.py:161} INFO - Started process (PID=351) to work on /home/airflow/.local/lib/python3.8/site-packages/airflow/example_dags/example_latest_only_with_trigger.py
[2024-03-13T07:04:46.793+0000] {processor.py:830} INFO - Processing file /home/airflow/.local/lib/python3.8/site-packages/airflow/example_dags/example_latest_only_with_trigger.py for tasks to queue
[2024-03-13T07:04:46.795+0000] {logging_mixin.py:188} INFO - [2024-03-13T07:04:46.794+0000] {dagbag.py:540} INFO - Filling up the DagBag from /home/airflow/.local/lib/python3.8/site-packages/airflow/example_dags/example_latest_only_with_trigger.py
[2024-03-13T07:04:46.799+0000] {processor.py:840} INFO - DAG(s) 'latest_only_with_trigger' retrieved from /home/airflow/.local/lib/python3.8/site-packages/airflow/example_dags/example_latest_only_with_trigger.py
[2024-03-13T07:04:46.815+0000] {logging_mixin.py:188} INFO - [2024-03-13T07:04:46.814+0000] {dag.py:3047} INFO - Sync 1 DAGs
[2024-03-13T07:04:46.831+0000] {logging_mixin.py:188} INFO - [2024-03-13T07:04:46.831+0000] {dag.py:3834} INFO - Setting next_dagrun for latest_only_with_trigger to 2024-03-13 00:00:00+00:00, run_after=2024-03-13 04:00:00+00:00
[2024-03-13T07:04:46.848+0000] {processor.py:183} INFO - Processing /home/airflow/.local/lib/python3.8/site-packages/airflow/example_dags/example_latest_only_with_trigger.py took 0.058 seconds
[2024-03-13T07:05:17.213+0000] {processor.py:161} INFO - Started process (PID=407) to work on /home/airflow/.local/lib/python3.8/site-packages/airflow/example_dags/example_latest_only_with_trigger.py
[2024-03-13T07:05:17.214+0000] {processor.py:830} INFO - Processing file /home/airflow/.local/lib/python3.8/site-packages/airflow/example_dags/example_latest_only_with_trigger.py for tasks to queue
[2024-03-13T07:05:17.216+0000] {logging_mixin.py:188} INFO - [2024-03-13T07:05:17.216+0000] {dagbag.py:540} INFO - Filling up the DagBag from /home/airflow/.local/lib/python3.8/site-packages/airflow/example_dags/example_latest_only_with_trigger.py
[2024-03-13T07:05:17.220+0000] {processor.py:840} INFO - DAG(s) 'latest_only_with_trigger' retrieved from /home/airflow/.local/lib/python3.8/site-packages/airflow/example_dags/example_latest_only_with_trigger.py
[2024-03-13T07:05:17.236+0000] {logging_mixin.py:188} INFO - [2024-03-13T07:05:17.236+0000] {dag.py:3047} INFO - Sync 1 DAGs
[2024-03-13T07:05:17.251+0000] {logging_mixin.py:188} INFO - [2024-03-13T07:05:17.251+0000] {dag.py:3834} INFO - Setting next_dagrun for latest_only_with_trigger to 2024-03-13 00:00:00+00:00, run_after=2024-03-13 04:00:00+00:00
[2024-03-13T07:05:17.271+0000] {processor.py:183} INFO - Processing /home/airflow/.local/lib/python3.8/site-packages/airflow/example_dags/example_latest_only_with_trigger.py took 0.060 seconds
[2024-03-13T07:05:47.461+0000] {processor.py:161} INFO - Started process (PID=463) to work on /home/airflow/.local/lib/python3.8/site-packages/airflow/example_dags/example_latest_only_with_trigger.py
[2024-03-13T07:05:47.463+0000] {processor.py:830} INFO - Processing file /home/airflow/.local/lib/python3.8/site-packages/airflow/example_dags/example_latest_only_with_trigger.py for tasks to queue
[2024-03-13T07:05:47.465+0000] {logging_mixin.py:188} INFO - [2024-03-13T07:05:47.464+0000] {dagbag.py:540} INFO - Filling up the DagBag from /home/airflow/.local/lib/python3.8/site-packages/airflow/example_dags/example_latest_only_with_trigger.py
[2024-03-13T07:05:47.469+0000] {processor.py:840} INFO - DAG(s) 'latest_only_with_trigger' retrieved from /home/airflow/.local/lib/python3.8/site-packages/airflow/example_dags/example_latest_only_with_trigger.py
[2024-03-13T07:05:47.484+0000] {logging_mixin.py:188} INFO - [2024-03-13T07:05:47.484+0000] {dag.py:3047} INFO - Sync 1 DAGs
[2024-03-13T07:05:47.501+0000] {logging_mixin.py:188} INFO - [2024-03-13T07:05:47.501+0000] {dag.py:3834} INFO - Setting next_dagrun for latest_only_with_trigger to 2024-03-13 00:00:00+00:00, run_after=2024-03-13 04:00:00+00:00
[2024-03-13T07:05:47.519+0000] {processor.py:183} INFO - Processing /home/airflow/.local/lib/python3.8/site-packages/airflow/example_dags/example_latest_only_with_trigger.py took 0.060 seconds
[2024-03-13T07:06:17.887+0000] {processor.py:161} INFO - Started process (PID=519) to work on /home/airflow/.local/lib/python3.8/site-packages/airflow/example_dags/example_latest_only_with_trigger.py
[2024-03-13T07:06:17.888+0000] {processor.py:830} INFO - Processing file /home/airflow/.local/lib/python3.8/site-packages/airflow/example_dags/example_latest_only_with_trigger.py for tasks to queue
[2024-03-13T07:06:17.890+0000] {logging_mixin.py:188} INFO - [2024-03-13T07:06:17.889+0000] {dagbag.py:540} INFO - Filling up the DagBag from /home/airflow/.local/lib/python3.8/site-packages/airflow/example_dags/example_latest_only_with_trigger.py
[2024-03-13T07:06:17.893+0000] {processor.py:840} INFO - DAG(s) 'latest_only_with_trigger' retrieved from /home/airflow/.local/lib/python3.8/site-packages/airflow/example_dags/example_latest_only_with_trigger.py
[2024-03-13T07:06:17.908+0000] {logging_mixin.py:188} INFO - [2024-03-13T07:06:17.908+0000] {dag.py:3047} INFO - Sync 1 DAGs
[2024-03-13T07:06:17.925+0000] {logging_mixin.py:188} INFO - [2024-03-13T07:06:17.925+0000] {dag.py:3834} INFO - Setting next_dagrun for latest_only_with_trigger to 2024-03-13 00:00:00+00:00, run_after=2024-03-13 04:00:00+00:00
[2024-03-13T07:06:17.943+0000] {processor.py:183} INFO - Processing /home/airflow/.local/lib/python3.8/site-packages/airflow/example_dags/example_latest_only_with_trigger.py took 0.058 seconds
[2024-03-13T07:06:48.303+0000] {processor.py:161} INFO - Started process (PID=575) to work on /home/airflow/.local/lib/python3.8/site-packages/airflow/example_dags/example_latest_only_with_trigger.py
[2024-03-13T07:06:48.304+0000] {processor.py:830} INFO - Processing file /home/airflow/.local/lib/python3.8/site-packages/airflow/example_dags/example_latest_only_with_trigger.py for tasks to queue
[2024-03-13T07:06:48.305+0000] {logging_mixin.py:188} INFO - [2024-03-13T07:06:48.305+0000] {dagbag.py:540} INFO - Filling up the DagBag from /home/airflow/.local/lib/python3.8/site-packages/airflow/example_dags/example_latest_only_with_trigger.py
[2024-03-13T07:06:48.309+0000] {processor.py:840} INFO - DAG(s) 'latest_only_with_trigger' retrieved from /home/airflow/.local/lib/python3.8/site-packages/airflow/example_dags/example_latest_only_with_trigger.py
[2024-03-13T07:06:48.325+0000] {logging_mixin.py:188} INFO - [2024-03-13T07:06:48.325+0000] {dag.py:3047} INFO - Sync 1 DAGs
[2024-03-13T07:06:48.341+0000] {logging_mixin.py:188} INFO - [2024-03-13T07:06:48.341+0000] {dag.py:3834} INFO - Setting next_dagrun for latest_only_with_trigger to 2024-03-13 00:00:00+00:00, run_after=2024-03-13 04:00:00+00:00
[2024-03-13T07:06:48.360+0000] {processor.py:183} INFO - Processing /home/airflow/.local/lib/python3.8/site-packages/airflow/example_dags/example_latest_only_with_trigger.py took 0.059 seconds
[2024-03-13T07:09:30.575+0000] {processor.py:161} INFO - Started process (PID=71) to work on /home/airflow/.local/lib/python3.8/site-packages/airflow/example_dags/example_latest_only_with_trigger.py
[2024-03-13T07:09:30.576+0000] {processor.py:830} INFO - Processing file /home/airflow/.local/lib/python3.8/site-packages/airflow/example_dags/example_latest_only_with_trigger.py for tasks to queue
[2024-03-13T07:09:30.577+0000] {logging_mixin.py:188} INFO - [2024-03-13T07:09:30.577+0000] {dagbag.py:540} INFO - Filling up the DagBag from /home/airflow/.local/lib/python3.8/site-packages/airflow/example_dags/example_latest_only_with_trigger.py
[2024-03-13T07:09:30.584+0000] {processor.py:840} INFO - DAG(s) 'latest_only_with_trigger' retrieved from /home/airflow/.local/lib/python3.8/site-packages/airflow/example_dags/example_latest_only_with_trigger.py
[2024-03-13T07:09:30.594+0000] {logging_mixin.py:188} INFO - [2024-03-13T07:09:30.594+0000] {dag.py:3047} INFO - Sync 1 DAGs
[2024-03-13T07:09:30.616+0000] {logging_mixin.py:188} INFO - [2024-03-13T07:09:30.615+0000] {dag.py:3834} INFO - Setting next_dagrun for latest_only_with_trigger to 2024-03-13 00:00:00+00:00, run_after=2024-03-13 04:00:00+00:00
[2024-03-13T07:09:30.635+0000] {processor.py:183} INFO - Processing /home/airflow/.local/lib/python3.8/site-packages/airflow/example_dags/example_latest_only_with_trigger.py took 0.064 seconds
[2024-03-13T07:10:01.669+0000] {processor.py:161} INFO - Started process (PID=127) to work on /home/airflow/.local/lib/python3.8/site-packages/airflow/example_dags/example_latest_only_with_trigger.py
[2024-03-13T07:10:01.670+0000] {processor.py:830} INFO - Processing file /home/airflow/.local/lib/python3.8/site-packages/airflow/example_dags/example_latest_only_with_trigger.py for tasks to queue
[2024-03-13T07:10:01.672+0000] {logging_mixin.py:188} INFO - [2024-03-13T07:10:01.671+0000] {dagbag.py:540} INFO - Filling up the DagBag from /home/airflow/.local/lib/python3.8/site-packages/airflow/example_dags/example_latest_only_with_trigger.py
[2024-03-13T07:10:01.676+0000] {processor.py:840} INFO - DAG(s) 'latest_only_with_trigger' retrieved from /home/airflow/.local/lib/python3.8/site-packages/airflow/example_dags/example_latest_only_with_trigger.py
[2024-03-13T07:10:01.746+0000] {logging_mixin.py:188} INFO - [2024-03-13T07:10:01.746+0000] {dag.py:3047} INFO - Sync 1 DAGs
[2024-03-13T07:10:01.760+0000] {logging_mixin.py:188} INFO - [2024-03-13T07:10:01.759+0000] {dag.py:3834} INFO - Setting next_dagrun for latest_only_with_trigger to 2024-03-13 00:00:00+00:00, run_after=2024-03-13 04:00:00+00:00
[2024-03-13T07:10:01.776+0000] {processor.py:183} INFO - Processing /home/airflow/.local/lib/python3.8/site-packages/airflow/example_dags/example_latest_only_with_trigger.py took 0.109 seconds
[2024-03-13T07:10:31.933+0000] {processor.py:161} INFO - Started process (PID=183) to work on /home/airflow/.local/lib/python3.8/site-packages/airflow/example_dags/example_latest_only_with_trigger.py
[2024-03-13T07:10:31.933+0000] {processor.py:830} INFO - Processing file /home/airflow/.local/lib/python3.8/site-packages/airflow/example_dags/example_latest_only_with_trigger.py for tasks to queue
[2024-03-13T07:10:31.935+0000] {logging_mixin.py:188} INFO - [2024-03-13T07:10:31.935+0000] {dagbag.py:540} INFO - Filling up the DagBag from /home/airflow/.local/lib/python3.8/site-packages/airflow/example_dags/example_latest_only_with_trigger.py
[2024-03-13T07:10:31.939+0000] {processor.py:840} INFO - DAG(s) 'latest_only_with_trigger' retrieved from /home/airflow/.local/lib/python3.8/site-packages/airflow/example_dags/example_latest_only_with_trigger.py
[2024-03-13T07:10:31.955+0000] {logging_mixin.py:188} INFO - [2024-03-13T07:10:31.955+0000] {dag.py:3047} INFO - Sync 1 DAGs
[2024-03-13T07:10:31.972+0000] {logging_mixin.py:188} INFO - [2024-03-13T07:10:31.971+0000] {dag.py:3834} INFO - Setting next_dagrun for latest_only_with_trigger to 2024-03-13 00:00:00+00:00, run_after=2024-03-13 04:00:00+00:00
[2024-03-13T07:10:31.987+0000] {processor.py:183} INFO - Processing /home/airflow/.local/lib/python3.8/site-packages/airflow/example_dags/example_latest_only_with_trigger.py took 0.057 seconds
[2024-03-13T07:11:02.293+0000] {processor.py:161} INFO - Started process (PID=239) to work on /home/airflow/.local/lib/python3.8/site-packages/airflow/example_dags/example_latest_only_with_trigger.py
[2024-03-13T07:11:02.294+0000] {processor.py:830} INFO - Processing file /home/airflow/.local/lib/python3.8/site-packages/airflow/example_dags/example_latest_only_with_trigger.py for tasks to queue
[2024-03-13T07:11:02.296+0000] {logging_mixin.py:188} INFO - [2024-03-13T07:11:02.295+0000] {dagbag.py:540} INFO - Filling up the DagBag from /home/airflow/.local/lib/python3.8/site-packages/airflow/example_dags/example_latest_only_with_trigger.py
[2024-03-13T07:11:02.300+0000] {processor.py:840} INFO - DAG(s) 'latest_only_with_trigger' retrieved from /home/airflow/.local/lib/python3.8/site-packages/airflow/example_dags/example_latest_only_with_trigger.py
[2024-03-13T07:11:02.316+0000] {logging_mixin.py:188} INFO - [2024-03-13T07:11:02.316+0000] {dag.py:3047} INFO - Sync 1 DAGs
[2024-03-13T07:11:02.331+0000] {logging_mixin.py:188} INFO - [2024-03-13T07:11:02.331+0000] {dag.py:3834} INFO - Setting next_dagrun for latest_only_with_trigger to 2024-03-13 00:00:00+00:00, run_after=2024-03-13 04:00:00+00:00
[2024-03-13T07:11:02.347+0000] {processor.py:183} INFO - Processing /home/airflow/.local/lib/python3.8/site-packages/airflow/example_dags/example_latest_only_with_trigger.py took 0.056 seconds
[2024-03-13T07:11:32.599+0000] {processor.py:161} INFO - Started process (PID=296) to work on /home/airflow/.local/lib/python3.8/site-packages/airflow/example_dags/example_latest_only_with_trigger.py
[2024-03-13T07:11:32.600+0000] {processor.py:830} INFO - Processing file /home/airflow/.local/lib/python3.8/site-packages/airflow/example_dags/example_latest_only_with_trigger.py for tasks to queue
[2024-03-13T07:11:32.601+0000] {logging_mixin.py:188} INFO - [2024-03-13T07:11:32.601+0000] {dagbag.py:540} INFO - Filling up the DagBag from /home/airflow/.local/lib/python3.8/site-packages/airflow/example_dags/example_latest_only_with_trigger.py
[2024-03-13T07:11:32.606+0000] {processor.py:840} INFO - DAG(s) 'latest_only_with_trigger' retrieved from /home/airflow/.local/lib/python3.8/site-packages/airflow/example_dags/example_latest_only_with_trigger.py
[2024-03-13T07:11:32.620+0000] {logging_mixin.py:188} INFO - [2024-03-13T07:11:32.620+0000] {dag.py:3047} INFO - Sync 1 DAGs
[2024-03-13T07:11:32.636+0000] {logging_mixin.py:188} INFO - [2024-03-13T07:11:32.636+0000] {dag.py:3834} INFO - Setting next_dagrun for latest_only_with_trigger to 2024-03-13 00:00:00+00:00, run_after=2024-03-13 04:00:00+00:00
[2024-03-13T07:11:32.654+0000] {processor.py:183} INFO - Processing /home/airflow/.local/lib/python3.8/site-packages/airflow/example_dags/example_latest_only_with_trigger.py took 0.057 seconds
