[2024-03-13T06:40:20.010+0000] {processor.py:161} INFO - Started process (PID=446) to work on /home/airflow/.local/lib/python3.8/site-packages/airflow/example_dags/example_task_group_decorator.py
[2024-03-13T06:40:20.011+0000] {processor.py:830} INFO - Processing file /home/airflow/.local/lib/python3.8/site-packages/airflow/example_dags/example_task_group_decorator.py for tasks to queue
[2024-03-13T06:40:20.012+0000] {logging_mixin.py:188} INFO - [2024-03-13T06:40:20.012+0000] {dagbag.py:540} INFO - Filling up the DagBag from /home/airflow/.local/lib/python3.8/site-packages/airflow/example_dags/example_task_group_decorator.py
[2024-03-13T06:40:20.024+0000] {processor.py:840} INFO - DAG(s) 'example_task_group_decorator' retrieved from /home/airflow/.local/lib/python3.8/site-packages/airflow/example_dags/example_task_group_decorator.py
[2024-03-13T06:40:20.044+0000] {logging_mixin.py:188} INFO - [2024-03-13T06:40:20.044+0000] {dag.py:3047} INFO - Sync 1 DAGs
[2024-03-13T06:40:20.060+0000] {logging_mixin.py:188} INFO - [2024-03-13T06:40:20.060+0000] {dag.py:3834} INFO - Setting next_dagrun for example_task_group_decorator to 2024-03-12 00:00:00+00:00, run_after=2024-03-13 00:00:00+00:00
[2024-03-13T06:40:20.076+0000] {processor.py:183} INFO - Processing /home/airflow/.local/lib/python3.8/site-packages/airflow/example_dags/example_task_group_decorator.py took 0.068 seconds
[2024-03-13T06:40:50.380+0000] {processor.py:161} INFO - Started process (PID=502) to work on /home/airflow/.local/lib/python3.8/site-packages/airflow/example_dags/example_task_group_decorator.py
[2024-03-13T06:40:50.381+0000] {processor.py:830} INFO - Processing file /home/airflow/.local/lib/python3.8/site-packages/airflow/example_dags/example_task_group_decorator.py for tasks to queue
[2024-03-13T06:40:50.382+0000] {logging_mixin.py:188} INFO - [2024-03-13T06:40:50.382+0000] {dagbag.py:540} INFO - Filling up the DagBag from /home/airflow/.local/lib/python3.8/site-packages/airflow/example_dags/example_task_group_decorator.py
[2024-03-13T06:40:50.393+0000] {processor.py:840} INFO - DAG(s) 'example_task_group_decorator' retrieved from /home/airflow/.local/lib/python3.8/site-packages/airflow/example_dags/example_task_group_decorator.py
[2024-03-13T06:40:50.411+0000] {logging_mixin.py:188} INFO - [2024-03-13T06:40:50.411+0000] {dag.py:3047} INFO - Sync 1 DAGs
[2024-03-13T06:40:50.428+0000] {logging_mixin.py:188} INFO - [2024-03-13T06:40:50.427+0000] {dag.py:3834} INFO - Setting next_dagrun for example_task_group_decorator to 2024-03-12 00:00:00+00:00, run_after=2024-03-13 00:00:00+00:00
[2024-03-13T06:40:50.442+0000] {processor.py:183} INFO - Processing /home/airflow/.local/lib/python3.8/site-packages/airflow/example_dags/example_task_group_decorator.py took 0.064 seconds
[2024-03-13T06:41:20.969+0000] {processor.py:161} INFO - Started process (PID=558) to work on /home/airflow/.local/lib/python3.8/site-packages/airflow/example_dags/example_task_group_decorator.py
[2024-03-13T06:41:20.970+0000] {processor.py:830} INFO - Processing file /home/airflow/.local/lib/python3.8/site-packages/airflow/example_dags/example_task_group_decorator.py for tasks to queue
[2024-03-13T06:41:20.971+0000] {logging_mixin.py:188} INFO - [2024-03-13T06:41:20.971+0000] {dagbag.py:540} INFO - Filling up the DagBag from /home/airflow/.local/lib/python3.8/site-packages/airflow/example_dags/example_task_group_decorator.py
[2024-03-13T06:41:20.983+0000] {processor.py:840} INFO - DAG(s) 'example_task_group_decorator' retrieved from /home/airflow/.local/lib/python3.8/site-packages/airflow/example_dags/example_task_group_decorator.py
[2024-03-13T06:41:21.004+0000] {logging_mixin.py:188} INFO - [2024-03-13T06:41:21.004+0000] {dag.py:3047} INFO - Sync 1 DAGs
[2024-03-13T06:41:21.022+0000] {logging_mixin.py:188} INFO - [2024-03-13T06:41:21.022+0000] {dag.py:3834} INFO - Setting next_dagrun for example_task_group_decorator to 2024-03-12 00:00:00+00:00, run_after=2024-03-13 00:00:00+00:00
[2024-03-13T06:41:21.041+0000] {processor.py:183} INFO - Processing /home/airflow/.local/lib/python3.8/site-packages/airflow/example_dags/example_task_group_decorator.py took 0.074 seconds
[2024-03-13T06:41:51.594+0000] {processor.py:161} INFO - Started process (PID=614) to work on /home/airflow/.local/lib/python3.8/site-packages/airflow/example_dags/example_task_group_decorator.py
[2024-03-13T06:41:51.595+0000] {processor.py:830} INFO - Processing file /home/airflow/.local/lib/python3.8/site-packages/airflow/example_dags/example_task_group_decorator.py for tasks to queue
[2024-03-13T06:41:51.596+0000] {logging_mixin.py:188} INFO - [2024-03-13T06:41:51.596+0000] {dagbag.py:540} INFO - Filling up the DagBag from /home/airflow/.local/lib/python3.8/site-packages/airflow/example_dags/example_task_group_decorator.py
[2024-03-13T06:41:51.609+0000] {processor.py:840} INFO - DAG(s) 'example_task_group_decorator' retrieved from /home/airflow/.local/lib/python3.8/site-packages/airflow/example_dags/example_task_group_decorator.py
[2024-03-13T06:41:51.629+0000] {logging_mixin.py:188} INFO - [2024-03-13T06:41:51.629+0000] {dag.py:3047} INFO - Sync 1 DAGs
[2024-03-13T06:41:51.646+0000] {logging_mixin.py:188} INFO - [2024-03-13T06:41:51.646+0000] {dag.py:3834} INFO - Setting next_dagrun for example_task_group_decorator to 2024-03-12 00:00:00+00:00, run_after=2024-03-13 00:00:00+00:00
[2024-03-13T06:41:51.664+0000] {processor.py:183} INFO - Processing /home/airflow/.local/lib/python3.8/site-packages/airflow/example_dags/example_task_group_decorator.py took 0.073 seconds
[2024-03-13T06:42:21.857+0000] {processor.py:161} INFO - Started process (PID=670) to work on /home/airflow/.local/lib/python3.8/site-packages/airflow/example_dags/example_task_group_decorator.py
[2024-03-13T06:42:21.858+0000] {processor.py:830} INFO - Processing file /home/airflow/.local/lib/python3.8/site-packages/airflow/example_dags/example_task_group_decorator.py for tasks to queue
[2024-03-13T06:42:21.859+0000] {logging_mixin.py:188} INFO - [2024-03-13T06:42:21.859+0000] {dagbag.py:540} INFO - Filling up the DagBag from /home/airflow/.local/lib/python3.8/site-packages/airflow/example_dags/example_task_group_decorator.py
[2024-03-13T06:42:21.871+0000] {processor.py:840} INFO - DAG(s) 'example_task_group_decorator' retrieved from /home/airflow/.local/lib/python3.8/site-packages/airflow/example_dags/example_task_group_decorator.py
[2024-03-13T06:42:21.890+0000] {logging_mixin.py:188} INFO - [2024-03-13T06:42:21.890+0000] {dag.py:3047} INFO - Sync 1 DAGs
[2024-03-13T06:42:21.907+0000] {logging_mixin.py:188} INFO - [2024-03-13T06:42:21.906+0000] {dag.py:3834} INFO - Setting next_dagrun for example_task_group_decorator to 2024-03-12 00:00:00+00:00, run_after=2024-03-13 00:00:00+00:00
[2024-03-13T06:42:21.922+0000] {processor.py:183} INFO - Processing /home/airflow/.local/lib/python3.8/site-packages/airflow/example_dags/example_task_group_decorator.py took 0.067 seconds
[2024-03-13T06:42:52.106+0000] {processor.py:161} INFO - Started process (PID=726) to work on /home/airflow/.local/lib/python3.8/site-packages/airflow/example_dags/example_task_group_decorator.py
[2024-03-13T06:42:52.107+0000] {processor.py:830} INFO - Processing file /home/airflow/.local/lib/python3.8/site-packages/airflow/example_dags/example_task_group_decorator.py for tasks to queue
[2024-03-13T06:42:52.108+0000] {logging_mixin.py:188} INFO - [2024-03-13T06:42:52.108+0000] {dagbag.py:540} INFO - Filling up the DagBag from /home/airflow/.local/lib/python3.8/site-packages/airflow/example_dags/example_task_group_decorator.py
[2024-03-13T06:42:52.121+0000] {processor.py:840} INFO - DAG(s) 'example_task_group_decorator' retrieved from /home/airflow/.local/lib/python3.8/site-packages/airflow/example_dags/example_task_group_decorator.py
[2024-03-13T06:42:52.139+0000] {logging_mixin.py:188} INFO - [2024-03-13T06:42:52.139+0000] {dag.py:3047} INFO - Sync 1 DAGs
[2024-03-13T06:42:52.156+0000] {logging_mixin.py:188} INFO - [2024-03-13T06:42:52.156+0000] {dag.py:3834} INFO - Setting next_dagrun for example_task_group_decorator to 2024-03-12 00:00:00+00:00, run_after=2024-03-13 00:00:00+00:00
[2024-03-13T06:42:52.172+0000] {processor.py:183} INFO - Processing /home/airflow/.local/lib/python3.8/site-packages/airflow/example_dags/example_task_group_decorator.py took 0.069 seconds
[2024-03-13T06:43:22.448+0000] {processor.py:161} INFO - Started process (PID=782) to work on /home/airflow/.local/lib/python3.8/site-packages/airflow/example_dags/example_task_group_decorator.py
[2024-03-13T06:43:22.450+0000] {processor.py:830} INFO - Processing file /home/airflow/.local/lib/python3.8/site-packages/airflow/example_dags/example_task_group_decorator.py for tasks to queue
[2024-03-13T06:43:22.451+0000] {logging_mixin.py:188} INFO - [2024-03-13T06:43:22.450+0000] {dagbag.py:540} INFO - Filling up the DagBag from /home/airflow/.local/lib/python3.8/site-packages/airflow/example_dags/example_task_group_decorator.py
[2024-03-13T06:43:22.462+0000] {processor.py:840} INFO - DAG(s) 'example_task_group_decorator' retrieved from /home/airflow/.local/lib/python3.8/site-packages/airflow/example_dags/example_task_group_decorator.py
[2024-03-13T06:43:22.479+0000] {logging_mixin.py:188} INFO - [2024-03-13T06:43:22.479+0000] {dag.py:3047} INFO - Sync 1 DAGs
[2024-03-13T06:43:22.496+0000] {logging_mixin.py:188} INFO - [2024-03-13T06:43:22.495+0000] {dag.py:3834} INFO - Setting next_dagrun for example_task_group_decorator to 2024-03-12 00:00:00+00:00, run_after=2024-03-13 00:00:00+00:00
[2024-03-13T06:43:22.511+0000] {processor.py:183} INFO - Processing /home/airflow/.local/lib/python3.8/site-packages/airflow/example_dags/example_task_group_decorator.py took 0.065 seconds
[2024-03-13T06:43:53.127+0000] {processor.py:161} INFO - Started process (PID=838) to work on /home/airflow/.local/lib/python3.8/site-packages/airflow/example_dags/example_task_group_decorator.py
[2024-03-13T06:43:53.128+0000] {processor.py:830} INFO - Processing file /home/airflow/.local/lib/python3.8/site-packages/airflow/example_dags/example_task_group_decorator.py for tasks to queue
[2024-03-13T06:43:53.129+0000] {logging_mixin.py:188} INFO - [2024-03-13T06:43:53.129+0000] {dagbag.py:540} INFO - Filling up the DagBag from /home/airflow/.local/lib/python3.8/site-packages/airflow/example_dags/example_task_group_decorator.py
[2024-03-13T06:43:53.141+0000] {processor.py:840} INFO - DAG(s) 'example_task_group_decorator' retrieved from /home/airflow/.local/lib/python3.8/site-packages/airflow/example_dags/example_task_group_decorator.py
[2024-03-13T06:43:53.160+0000] {logging_mixin.py:188} INFO - [2024-03-13T06:43:53.160+0000] {dag.py:3047} INFO - Sync 1 DAGs
[2024-03-13T06:43:53.177+0000] {logging_mixin.py:188} INFO - [2024-03-13T06:43:53.177+0000] {dag.py:3834} INFO - Setting next_dagrun for example_task_group_decorator to 2024-03-12 00:00:00+00:00, run_after=2024-03-13 00:00:00+00:00
[2024-03-13T06:43:53.193+0000] {processor.py:183} INFO - Processing /home/airflow/.local/lib/python3.8/site-packages/airflow/example_dags/example_task_group_decorator.py took 0.068 seconds
[2024-03-13T06:44:23.283+0000] {processor.py:161} INFO - Started process (PID=894) to work on /home/airflow/.local/lib/python3.8/site-packages/airflow/example_dags/example_task_group_decorator.py
[2024-03-13T06:44:23.284+0000] {processor.py:830} INFO - Processing file /home/airflow/.local/lib/python3.8/site-packages/airflow/example_dags/example_task_group_decorator.py for tasks to queue
[2024-03-13T06:44:23.285+0000] {logging_mixin.py:188} INFO - [2024-03-13T06:44:23.285+0000] {dagbag.py:540} INFO - Filling up the DagBag from /home/airflow/.local/lib/python3.8/site-packages/airflow/example_dags/example_task_group_decorator.py
[2024-03-13T06:44:23.296+0000] {processor.py:840} INFO - DAG(s) 'example_task_group_decorator' retrieved from /home/airflow/.local/lib/python3.8/site-packages/airflow/example_dags/example_task_group_decorator.py
[2024-03-13T06:44:23.314+0000] {logging_mixin.py:188} INFO - [2024-03-13T06:44:23.314+0000] {dag.py:3047} INFO - Sync 1 DAGs
[2024-03-13T06:44:23.330+0000] {logging_mixin.py:188} INFO - [2024-03-13T06:44:23.330+0000] {dag.py:3834} INFO - Setting next_dagrun for example_task_group_decorator to 2024-03-12 00:00:00+00:00, run_after=2024-03-13 00:00:00+00:00
[2024-03-13T06:44:23.346+0000] {processor.py:183} INFO - Processing /home/airflow/.local/lib/python3.8/site-packages/airflow/example_dags/example_task_group_decorator.py took 0.066 seconds
[2024-03-13T06:44:53.715+0000] {processor.py:161} INFO - Started process (PID=950) to work on /home/airflow/.local/lib/python3.8/site-packages/airflow/example_dags/example_task_group_decorator.py
[2024-03-13T06:44:53.716+0000] {processor.py:830} INFO - Processing file /home/airflow/.local/lib/python3.8/site-packages/airflow/example_dags/example_task_group_decorator.py for tasks to queue
[2024-03-13T06:44:53.717+0000] {logging_mixin.py:188} INFO - [2024-03-13T06:44:53.717+0000] {dagbag.py:540} INFO - Filling up the DagBag from /home/airflow/.local/lib/python3.8/site-packages/airflow/example_dags/example_task_group_decorator.py
[2024-03-13T06:44:53.730+0000] {processor.py:840} INFO - DAG(s) 'example_task_group_decorator' retrieved from /home/airflow/.local/lib/python3.8/site-packages/airflow/example_dags/example_task_group_decorator.py
[2024-03-13T06:44:53.753+0000] {logging_mixin.py:188} INFO - [2024-03-13T06:44:53.753+0000] {dag.py:3047} INFO - Sync 1 DAGs
[2024-03-13T06:44:53.773+0000] {logging_mixin.py:188} INFO - [2024-03-13T06:44:53.772+0000] {dag.py:3834} INFO - Setting next_dagrun for example_task_group_decorator to 2024-03-12 00:00:00+00:00, run_after=2024-03-13 00:00:00+00:00
[2024-03-13T06:44:53.795+0000] {processor.py:183} INFO - Processing /home/airflow/.local/lib/python3.8/site-packages/airflow/example_dags/example_task_group_decorator.py took 0.083 seconds
[2024-03-13T06:45:23.916+0000] {processor.py:161} INFO - Started process (PID=1007) to work on /home/airflow/.local/lib/python3.8/site-packages/airflow/example_dags/example_task_group_decorator.py
[2024-03-13T06:45:23.917+0000] {processor.py:830} INFO - Processing file /home/airflow/.local/lib/python3.8/site-packages/airflow/example_dags/example_task_group_decorator.py for tasks to queue
[2024-03-13T06:45:23.917+0000] {logging_mixin.py:188} INFO - [2024-03-13T06:45:23.917+0000] {dagbag.py:540} INFO - Filling up the DagBag from /home/airflow/.local/lib/python3.8/site-packages/airflow/example_dags/example_task_group_decorator.py
[2024-03-13T06:45:23.930+0000] {processor.py:840} INFO - DAG(s) 'example_task_group_decorator' retrieved from /home/airflow/.local/lib/python3.8/site-packages/airflow/example_dags/example_task_group_decorator.py
[2024-03-13T06:45:23.950+0000] {logging_mixin.py:188} INFO - [2024-03-13T06:45:23.949+0000] {dag.py:3047} INFO - Sync 1 DAGs
[2024-03-13T06:45:23.967+0000] {logging_mixin.py:188} INFO - [2024-03-13T06:45:23.967+0000] {dag.py:3834} INFO - Setting next_dagrun for example_task_group_decorator to 2024-03-12 00:00:00+00:00, run_after=2024-03-13 00:00:00+00:00
[2024-03-13T06:45:23.985+0000] {processor.py:183} INFO - Processing /home/airflow/.local/lib/python3.8/site-packages/airflow/example_dags/example_task_group_decorator.py took 0.071 seconds
[2024-03-13T06:45:54.309+0000] {processor.py:161} INFO - Started process (PID=1063) to work on /home/airflow/.local/lib/python3.8/site-packages/airflow/example_dags/example_task_group_decorator.py
[2024-03-13T06:45:54.310+0000] {processor.py:830} INFO - Processing file /home/airflow/.local/lib/python3.8/site-packages/airflow/example_dags/example_task_group_decorator.py for tasks to queue
[2024-03-13T06:45:54.311+0000] {logging_mixin.py:188} INFO - [2024-03-13T06:45:54.311+0000] {dagbag.py:540} INFO - Filling up the DagBag from /home/airflow/.local/lib/python3.8/site-packages/airflow/example_dags/example_task_group_decorator.py
[2024-03-13T06:45:54.324+0000] {processor.py:840} INFO - DAG(s) 'example_task_group_decorator' retrieved from /home/airflow/.local/lib/python3.8/site-packages/airflow/example_dags/example_task_group_decorator.py
[2024-03-13T06:45:54.343+0000] {logging_mixin.py:188} INFO - [2024-03-13T06:45:54.343+0000] {dag.py:3047} INFO - Sync 1 DAGs
[2024-03-13T06:45:54.360+0000] {logging_mixin.py:188} INFO - [2024-03-13T06:45:54.360+0000] {dag.py:3834} INFO - Setting next_dagrun for example_task_group_decorator to 2024-03-12 00:00:00+00:00, run_after=2024-03-13 00:00:00+00:00
[2024-03-13T06:45:54.377+0000] {processor.py:183} INFO - Processing /home/airflow/.local/lib/python3.8/site-packages/airflow/example_dags/example_task_group_decorator.py took 0.071 seconds
[2024-03-13T06:46:24.937+0000] {processor.py:161} INFO - Started process (PID=1119) to work on /home/airflow/.local/lib/python3.8/site-packages/airflow/example_dags/example_task_group_decorator.py
[2024-03-13T06:46:24.938+0000] {processor.py:830} INFO - Processing file /home/airflow/.local/lib/python3.8/site-packages/airflow/example_dags/example_task_group_decorator.py for tasks to queue
[2024-03-13T06:46:24.939+0000] {logging_mixin.py:188} INFO - [2024-03-13T06:46:24.939+0000] {dagbag.py:540} INFO - Filling up the DagBag from /home/airflow/.local/lib/python3.8/site-packages/airflow/example_dags/example_task_group_decorator.py
[2024-03-13T06:46:24.950+0000] {processor.py:840} INFO - DAG(s) 'example_task_group_decorator' retrieved from /home/airflow/.local/lib/python3.8/site-packages/airflow/example_dags/example_task_group_decorator.py
[2024-03-13T06:46:24.969+0000] {logging_mixin.py:188} INFO - [2024-03-13T06:46:24.969+0000] {dag.py:3047} INFO - Sync 1 DAGs
[2024-03-13T06:46:24.986+0000] {logging_mixin.py:188} INFO - [2024-03-13T06:46:24.986+0000] {dag.py:3834} INFO - Setting next_dagrun for example_task_group_decorator to 2024-03-12 00:00:00+00:00, run_after=2024-03-13 00:00:00+00:00
[2024-03-13T06:46:25.005+0000] {processor.py:183} INFO - Processing /home/airflow/.local/lib/python3.8/site-packages/airflow/example_dags/example_task_group_decorator.py took 0.070 seconds
[2024-03-13T06:46:55.296+0000] {processor.py:161} INFO - Started process (PID=1182) to work on /home/airflow/.local/lib/python3.8/site-packages/airflow/example_dags/example_task_group_decorator.py
[2024-03-13T06:46:55.298+0000] {processor.py:830} INFO - Processing file /home/airflow/.local/lib/python3.8/site-packages/airflow/example_dags/example_task_group_decorator.py for tasks to queue
[2024-03-13T06:46:55.299+0000] {logging_mixin.py:188} INFO - [2024-03-13T06:46:55.298+0000] {dagbag.py:540} INFO - Filling up the DagBag from /home/airflow/.local/lib/python3.8/site-packages/airflow/example_dags/example_task_group_decorator.py
[2024-03-13T06:46:55.311+0000] {processor.py:840} INFO - DAG(s) 'example_task_group_decorator' retrieved from /home/airflow/.local/lib/python3.8/site-packages/airflow/example_dags/example_task_group_decorator.py
[2024-03-13T06:46:55.332+0000] {logging_mixin.py:188} INFO - [2024-03-13T06:46:55.332+0000] {dag.py:3047} INFO - Sync 1 DAGs
[2024-03-13T06:46:55.350+0000] {logging_mixin.py:188} INFO - [2024-03-13T06:46:55.349+0000] {dag.py:3834} INFO - Setting next_dagrun for example_task_group_decorator to 2024-03-12 00:00:00+00:00, run_after=2024-03-13 00:00:00+00:00
[2024-03-13T06:46:55.368+0000] {processor.py:183} INFO - Processing /home/airflow/.local/lib/python3.8/site-packages/airflow/example_dags/example_task_group_decorator.py took 0.075 seconds
[2024-03-13T06:47:25.862+0000] {processor.py:161} INFO - Started process (PID=1238) to work on /home/airflow/.local/lib/python3.8/site-packages/airflow/example_dags/example_task_group_decorator.py
[2024-03-13T06:47:25.863+0000] {processor.py:830} INFO - Processing file /home/airflow/.local/lib/python3.8/site-packages/airflow/example_dags/example_task_group_decorator.py for tasks to queue
[2024-03-13T06:47:25.864+0000] {logging_mixin.py:188} INFO - [2024-03-13T06:47:25.864+0000] {dagbag.py:540} INFO - Filling up the DagBag from /home/airflow/.local/lib/python3.8/site-packages/airflow/example_dags/example_task_group_decorator.py
[2024-03-13T06:47:25.881+0000] {processor.py:840} INFO - DAG(s) 'example_task_group_decorator' retrieved from /home/airflow/.local/lib/python3.8/site-packages/airflow/example_dags/example_task_group_decorator.py
[2024-03-13T06:47:25.905+0000] {logging_mixin.py:188} INFO - [2024-03-13T06:47:25.905+0000] {dag.py:3047} INFO - Sync 1 DAGs
[2024-03-13T06:47:25.930+0000] {logging_mixin.py:188} INFO - [2024-03-13T06:47:25.929+0000] {dag.py:3834} INFO - Setting next_dagrun for example_task_group_decorator to 2024-03-12 00:00:00+00:00, run_after=2024-03-13 00:00:00+00:00
[2024-03-13T06:47:25.952+0000] {processor.py:183} INFO - Processing /home/airflow/.local/lib/python3.8/site-packages/airflow/example_dags/example_task_group_decorator.py took 0.093 seconds
[2024-03-13T06:47:56.774+0000] {processor.py:161} INFO - Started process (PID=1294) to work on /home/airflow/.local/lib/python3.8/site-packages/airflow/example_dags/example_task_group_decorator.py
[2024-03-13T06:47:56.775+0000] {processor.py:830} INFO - Processing file /home/airflow/.local/lib/python3.8/site-packages/airflow/example_dags/example_task_group_decorator.py for tasks to queue
[2024-03-13T06:47:56.776+0000] {logging_mixin.py:188} INFO - [2024-03-13T06:47:56.776+0000] {dagbag.py:540} INFO - Filling up the DagBag from /home/airflow/.local/lib/python3.8/site-packages/airflow/example_dags/example_task_group_decorator.py
[2024-03-13T06:47:56.789+0000] {processor.py:840} INFO - DAG(s) 'example_task_group_decorator' retrieved from /home/airflow/.local/lib/python3.8/site-packages/airflow/example_dags/example_task_group_decorator.py
[2024-03-13T06:47:56.808+0000] {logging_mixin.py:188} INFO - [2024-03-13T06:47:56.808+0000] {dag.py:3047} INFO - Sync 1 DAGs
[2024-03-13T06:47:56.827+0000] {logging_mixin.py:188} INFO - [2024-03-13T06:47:56.827+0000] {dag.py:3834} INFO - Setting next_dagrun for example_task_group_decorator to 2024-03-12 00:00:00+00:00, run_after=2024-03-13 00:00:00+00:00
[2024-03-13T06:47:56.844+0000] {processor.py:183} INFO - Processing /home/airflow/.local/lib/python3.8/site-packages/airflow/example_dags/example_task_group_decorator.py took 0.073 seconds
[2024-03-13T06:48:27.179+0000] {processor.py:161} INFO - Started process (PID=1350) to work on /home/airflow/.local/lib/python3.8/site-packages/airflow/example_dags/example_task_group_decorator.py
[2024-03-13T06:48:27.180+0000] {processor.py:830} INFO - Processing file /home/airflow/.local/lib/python3.8/site-packages/airflow/example_dags/example_task_group_decorator.py for tasks to queue
[2024-03-13T06:48:27.180+0000] {logging_mixin.py:188} INFO - [2024-03-13T06:48:27.180+0000] {dagbag.py:540} INFO - Filling up the DagBag from /home/airflow/.local/lib/python3.8/site-packages/airflow/example_dags/example_task_group_decorator.py
[2024-03-13T06:48:27.192+0000] {processor.py:840} INFO - DAG(s) 'example_task_group_decorator' retrieved from /home/airflow/.local/lib/python3.8/site-packages/airflow/example_dags/example_task_group_decorator.py
[2024-03-13T06:48:27.212+0000] {logging_mixin.py:188} INFO - [2024-03-13T06:48:27.212+0000] {dag.py:3047} INFO - Sync 1 DAGs
[2024-03-13T06:48:27.230+0000] {logging_mixin.py:188} INFO - [2024-03-13T06:48:27.230+0000] {dag.py:3834} INFO - Setting next_dagrun for example_task_group_decorator to 2024-03-12 00:00:00+00:00, run_after=2024-03-13 00:00:00+00:00
[2024-03-13T06:48:27.248+0000] {processor.py:183} INFO - Processing /home/airflow/.local/lib/python3.8/site-packages/airflow/example_dags/example_task_group_decorator.py took 0.072 seconds
[2024-03-13T06:48:57.440+0000] {processor.py:161} INFO - Started process (PID=1408) to work on /home/airflow/.local/lib/python3.8/site-packages/airflow/example_dags/example_task_group_decorator.py
[2024-03-13T06:48:57.441+0000] {processor.py:830} INFO - Processing file /home/airflow/.local/lib/python3.8/site-packages/airflow/example_dags/example_task_group_decorator.py for tasks to queue
[2024-03-13T06:48:57.442+0000] {logging_mixin.py:188} INFO - [2024-03-13T06:48:57.442+0000] {dagbag.py:540} INFO - Filling up the DagBag from /home/airflow/.local/lib/python3.8/site-packages/airflow/example_dags/example_task_group_decorator.py
[2024-03-13T06:48:57.454+0000] {processor.py:840} INFO - DAG(s) 'example_task_group_decorator' retrieved from /home/airflow/.local/lib/python3.8/site-packages/airflow/example_dags/example_task_group_decorator.py
[2024-03-13T06:48:57.472+0000] {logging_mixin.py:188} INFO - [2024-03-13T06:48:57.472+0000] {dag.py:3047} INFO - Sync 1 DAGs
[2024-03-13T06:48:57.488+0000] {logging_mixin.py:188} INFO - [2024-03-13T06:48:57.488+0000] {dag.py:3834} INFO - Setting next_dagrun for example_task_group_decorator to 2024-03-12 00:00:00+00:00, run_after=2024-03-13 00:00:00+00:00
[2024-03-13T06:48:57.505+0000] {processor.py:183} INFO - Processing /home/airflow/.local/lib/python3.8/site-packages/airflow/example_dags/example_task_group_decorator.py took 0.067 seconds
[2024-03-13T06:49:27.764+0000] {processor.py:161} INFO - Started process (PID=1464) to work on /home/airflow/.local/lib/python3.8/site-packages/airflow/example_dags/example_task_group_decorator.py
[2024-03-13T06:49:27.764+0000] {processor.py:830} INFO - Processing file /home/airflow/.local/lib/python3.8/site-packages/airflow/example_dags/example_task_group_decorator.py for tasks to queue
[2024-03-13T06:49:27.765+0000] {logging_mixin.py:188} INFO - [2024-03-13T06:49:27.765+0000] {dagbag.py:540} INFO - Filling up the DagBag from /home/airflow/.local/lib/python3.8/site-packages/airflow/example_dags/example_task_group_decorator.py
[2024-03-13T06:49:27.777+0000] {processor.py:840} INFO - DAG(s) 'example_task_group_decorator' retrieved from /home/airflow/.local/lib/python3.8/site-packages/airflow/example_dags/example_task_group_decorator.py
[2024-03-13T06:49:27.795+0000] {logging_mixin.py:188} INFO - [2024-03-13T06:49:27.795+0000] {dag.py:3047} INFO - Sync 1 DAGs
[2024-03-13T06:49:27.811+0000] {logging_mixin.py:188} INFO - [2024-03-13T06:49:27.811+0000] {dag.py:3834} INFO - Setting next_dagrun for example_task_group_decorator to 2024-03-12 00:00:00+00:00, run_after=2024-03-13 00:00:00+00:00
[2024-03-13T06:49:27.828+0000] {processor.py:183} INFO - Processing /home/airflow/.local/lib/python3.8/site-packages/airflow/example_dags/example_task_group_decorator.py took 0.067 seconds
[2024-03-13T06:49:57.886+0000] {processor.py:161} INFO - Started process (PID=1522) to work on /home/airflow/.local/lib/python3.8/site-packages/airflow/example_dags/example_task_group_decorator.py
[2024-03-13T06:49:57.887+0000] {processor.py:830} INFO - Processing file /home/airflow/.local/lib/python3.8/site-packages/airflow/example_dags/example_task_group_decorator.py for tasks to queue
[2024-03-13T06:49:57.888+0000] {logging_mixin.py:188} INFO - [2024-03-13T06:49:57.888+0000] {dagbag.py:540} INFO - Filling up the DagBag from /home/airflow/.local/lib/python3.8/site-packages/airflow/example_dags/example_task_group_decorator.py
[2024-03-13T06:49:57.900+0000] {processor.py:840} INFO - DAG(s) 'example_task_group_decorator' retrieved from /home/airflow/.local/lib/python3.8/site-packages/airflow/example_dags/example_task_group_decorator.py
[2024-03-13T06:49:57.918+0000] {logging_mixin.py:188} INFO - [2024-03-13T06:49:57.918+0000] {dag.py:3047} INFO - Sync 1 DAGs
[2024-03-13T06:49:57.934+0000] {logging_mixin.py:188} INFO - [2024-03-13T06:49:57.934+0000] {dag.py:3834} INFO - Setting next_dagrun for example_task_group_decorator to 2024-03-12 00:00:00+00:00, run_after=2024-03-13 00:00:00+00:00
[2024-03-13T06:49:57.959+0000] {processor.py:183} INFO - Processing /home/airflow/.local/lib/python3.8/site-packages/airflow/example_dags/example_task_group_decorator.py took 0.075 seconds
[2024-03-13T06:50:28.058+0000] {processor.py:161} INFO - Started process (PID=1578) to work on /home/airflow/.local/lib/python3.8/site-packages/airflow/example_dags/example_task_group_decorator.py
[2024-03-13T06:50:28.059+0000] {processor.py:830} INFO - Processing file /home/airflow/.local/lib/python3.8/site-packages/airflow/example_dags/example_task_group_decorator.py for tasks to queue
[2024-03-13T06:50:28.060+0000] {logging_mixin.py:188} INFO - [2024-03-13T06:50:28.060+0000] {dagbag.py:540} INFO - Filling up the DagBag from /home/airflow/.local/lib/python3.8/site-packages/airflow/example_dags/example_task_group_decorator.py
[2024-03-13T06:50:28.072+0000] {processor.py:840} INFO - DAG(s) 'example_task_group_decorator' retrieved from /home/airflow/.local/lib/python3.8/site-packages/airflow/example_dags/example_task_group_decorator.py
[2024-03-13T06:50:28.090+0000] {logging_mixin.py:188} INFO - [2024-03-13T06:50:28.090+0000] {dag.py:3047} INFO - Sync 1 DAGs
[2024-03-13T06:50:28.106+0000] {logging_mixin.py:188} INFO - [2024-03-13T06:50:28.106+0000] {dag.py:3834} INFO - Setting next_dagrun for example_task_group_decorator to 2024-03-12 00:00:00+00:00, run_after=2024-03-13 00:00:00+00:00
[2024-03-13T06:50:28.124+0000] {processor.py:183} INFO - Processing /home/airflow/.local/lib/python3.8/site-packages/airflow/example_dags/example_task_group_decorator.py took 0.067 seconds
[2024-03-13T06:50:58.259+0000] {processor.py:161} INFO - Started process (PID=1638) to work on /home/airflow/.local/lib/python3.8/site-packages/airflow/example_dags/example_task_group_decorator.py
[2024-03-13T06:50:58.260+0000] {processor.py:830} INFO - Processing file /home/airflow/.local/lib/python3.8/site-packages/airflow/example_dags/example_task_group_decorator.py for tasks to queue
[2024-03-13T06:50:58.260+0000] {logging_mixin.py:188} INFO - [2024-03-13T06:50:58.260+0000] {dagbag.py:540} INFO - Filling up the DagBag from /home/airflow/.local/lib/python3.8/site-packages/airflow/example_dags/example_task_group_decorator.py
[2024-03-13T06:50:58.273+0000] {processor.py:840} INFO - DAG(s) 'example_task_group_decorator' retrieved from /home/airflow/.local/lib/python3.8/site-packages/airflow/example_dags/example_task_group_decorator.py
[2024-03-13T06:50:58.293+0000] {logging_mixin.py:188} INFO - [2024-03-13T06:50:58.293+0000] {dag.py:3047} INFO - Sync 1 DAGs
[2024-03-13T06:50:58.309+0000] {logging_mixin.py:188} INFO - [2024-03-13T06:50:58.309+0000] {dag.py:3834} INFO - Setting next_dagrun for example_task_group_decorator to 2024-03-12 00:00:00+00:00, run_after=2024-03-13 00:00:00+00:00
[2024-03-13T06:50:58.326+0000] {processor.py:183} INFO - Processing /home/airflow/.local/lib/python3.8/site-packages/airflow/example_dags/example_task_group_decorator.py took 0.070 seconds
[2024-03-13T06:51:28.668+0000] {processor.py:161} INFO - Started process (PID=1697) to work on /home/airflow/.local/lib/python3.8/site-packages/airflow/example_dags/example_task_group_decorator.py
[2024-03-13T06:51:28.669+0000] {processor.py:830} INFO - Processing file /home/airflow/.local/lib/python3.8/site-packages/airflow/example_dags/example_task_group_decorator.py for tasks to queue
[2024-03-13T06:51:28.670+0000] {logging_mixin.py:188} INFO - [2024-03-13T06:51:28.670+0000] {dagbag.py:540} INFO - Filling up the DagBag from /home/airflow/.local/lib/python3.8/site-packages/airflow/example_dags/example_task_group_decorator.py
[2024-03-13T06:51:28.684+0000] {processor.py:840} INFO - DAG(s) 'example_task_group_decorator' retrieved from /home/airflow/.local/lib/python3.8/site-packages/airflow/example_dags/example_task_group_decorator.py
[2024-03-13T06:51:28.702+0000] {logging_mixin.py:188} INFO - [2024-03-13T06:51:28.702+0000] {dag.py:3047} INFO - Sync 1 DAGs
[2024-03-13T06:51:28.720+0000] {logging_mixin.py:188} INFO - [2024-03-13T06:51:28.720+0000] {dag.py:3834} INFO - Setting next_dagrun for example_task_group_decorator to 2024-03-12 00:00:00+00:00, run_after=2024-03-13 00:00:00+00:00
[2024-03-13T06:51:28.737+0000] {processor.py:183} INFO - Processing /home/airflow/.local/lib/python3.8/site-packages/airflow/example_dags/example_task_group_decorator.py took 0.071 seconds
[2024-03-13T06:52:18.969+0000] {processor.py:161} INFO - Started process (PID=54) to work on /home/airflow/.local/lib/python3.8/site-packages/airflow/example_dags/example_task_group_decorator.py
[2024-03-13T06:52:18.971+0000] {processor.py:830} INFO - Processing file /home/airflow/.local/lib/python3.8/site-packages/airflow/example_dags/example_task_group_decorator.py for tasks to queue
[2024-03-13T06:52:18.972+0000] {logging_mixin.py:188} INFO - [2024-03-13T06:52:18.972+0000] {dagbag.py:540} INFO - Filling up the DagBag from /home/airflow/.local/lib/python3.8/site-packages/airflow/example_dags/example_task_group_decorator.py
[2024-03-13T06:52:18.984+0000] {processor.py:840} INFO - DAG(s) 'example_task_group_decorator' retrieved from /home/airflow/.local/lib/python3.8/site-packages/airflow/example_dags/example_task_group_decorator.py
[2024-03-13T06:52:18.994+0000] {logging_mixin.py:188} INFO - [2024-03-13T06:52:18.994+0000] {dag.py:3047} INFO - Sync 1 DAGs
[2024-03-13T06:52:19.013+0000] {logging_mixin.py:188} INFO - [2024-03-13T06:52:19.013+0000] {dag.py:3834} INFO - Setting next_dagrun for example_task_group_decorator to 2024-03-12 00:00:00+00:00, run_after=2024-03-13 00:00:00+00:00
[2024-03-13T06:52:19.033+0000] {processor.py:183} INFO - Processing /home/airflow/.local/lib/python3.8/site-packages/airflow/example_dags/example_task_group_decorator.py took 0.067 seconds
[2024-03-13T06:52:49.728+0000] {processor.py:161} INFO - Started process (PID=110) to work on /home/airflow/.local/lib/python3.8/site-packages/airflow/example_dags/example_task_group_decorator.py
[2024-03-13T06:52:49.729+0000] {processor.py:830} INFO - Processing file /home/airflow/.local/lib/python3.8/site-packages/airflow/example_dags/example_task_group_decorator.py for tasks to queue
[2024-03-13T06:52:49.730+0000] {logging_mixin.py:188} INFO - [2024-03-13T06:52:49.730+0000] {dagbag.py:540} INFO - Filling up the DagBag from /home/airflow/.local/lib/python3.8/site-packages/airflow/example_dags/example_task_group_decorator.py
[2024-03-13T06:52:49.741+0000] {processor.py:840} INFO - DAG(s) 'example_task_group_decorator' retrieved from /home/airflow/.local/lib/python3.8/site-packages/airflow/example_dags/example_task_group_decorator.py
[2024-03-13T06:52:49.812+0000] {logging_mixin.py:188} INFO - [2024-03-13T06:52:49.812+0000] {dag.py:3047} INFO - Sync 1 DAGs
[2024-03-13T06:52:49.826+0000] {logging_mixin.py:188} INFO - [2024-03-13T06:52:49.826+0000] {dag.py:3834} INFO - Setting next_dagrun for example_task_group_decorator to 2024-03-12 00:00:00+00:00, run_after=2024-03-13 00:00:00+00:00
[2024-03-13T06:52:49.845+0000] {processor.py:183} INFO - Processing /home/airflow/.local/lib/python3.8/site-packages/airflow/example_dags/example_task_group_decorator.py took 0.119 seconds
[2024-03-13T06:53:20.106+0000] {processor.py:161} INFO - Started process (PID=166) to work on /home/airflow/.local/lib/python3.8/site-packages/airflow/example_dags/example_task_group_decorator.py
[2024-03-13T06:53:20.107+0000] {processor.py:830} INFO - Processing file /home/airflow/.local/lib/python3.8/site-packages/airflow/example_dags/example_task_group_decorator.py for tasks to queue
[2024-03-13T06:53:20.108+0000] {logging_mixin.py:188} INFO - [2024-03-13T06:53:20.108+0000] {dagbag.py:540} INFO - Filling up the DagBag from /home/airflow/.local/lib/python3.8/site-packages/airflow/example_dags/example_task_group_decorator.py
[2024-03-13T06:53:20.121+0000] {processor.py:840} INFO - DAG(s) 'example_task_group_decorator' retrieved from /home/airflow/.local/lib/python3.8/site-packages/airflow/example_dags/example_task_group_decorator.py
[2024-03-13T06:53:20.142+0000] {logging_mixin.py:188} INFO - [2024-03-13T06:53:20.142+0000] {dag.py:3047} INFO - Sync 1 DAGs
[2024-03-13T06:53:20.162+0000] {logging_mixin.py:188} INFO - [2024-03-13T06:53:20.161+0000] {dag.py:3834} INFO - Setting next_dagrun for example_task_group_decorator to 2024-03-12 00:00:00+00:00, run_after=2024-03-13 00:00:00+00:00
[2024-03-13T06:53:20.180+0000] {processor.py:183} INFO - Processing /home/airflow/.local/lib/python3.8/site-packages/airflow/example_dags/example_task_group_decorator.py took 0.077 seconds
[2024-03-13T06:53:50.530+0000] {processor.py:161} INFO - Started process (PID=222) to work on /home/airflow/.local/lib/python3.8/site-packages/airflow/example_dags/example_task_group_decorator.py
[2024-03-13T06:53:50.531+0000] {processor.py:830} INFO - Processing file /home/airflow/.local/lib/python3.8/site-packages/airflow/example_dags/example_task_group_decorator.py for tasks to queue
[2024-03-13T06:53:50.532+0000] {logging_mixin.py:188} INFO - [2024-03-13T06:53:50.532+0000] {dagbag.py:540} INFO - Filling up the DagBag from /home/airflow/.local/lib/python3.8/site-packages/airflow/example_dags/example_task_group_decorator.py
[2024-03-13T06:53:50.544+0000] {processor.py:840} INFO - DAG(s) 'example_task_group_decorator' retrieved from /home/airflow/.local/lib/python3.8/site-packages/airflow/example_dags/example_task_group_decorator.py
[2024-03-13T06:53:50.563+0000] {logging_mixin.py:188} INFO - [2024-03-13T06:53:50.563+0000] {dag.py:3047} INFO - Sync 1 DAGs
[2024-03-13T06:53:50.581+0000] {logging_mixin.py:188} INFO - [2024-03-13T06:53:50.581+0000] {dag.py:3834} INFO - Setting next_dagrun for example_task_group_decorator to 2024-03-12 00:00:00+00:00, run_after=2024-03-13 00:00:00+00:00
[2024-03-13T06:53:50.600+0000] {processor.py:183} INFO - Processing /home/airflow/.local/lib/python3.8/site-packages/airflow/example_dags/example_task_group_decorator.py took 0.073 seconds
[2024-03-13T06:54:20.977+0000] {processor.py:161} INFO - Started process (PID=277) to work on /home/airflow/.local/lib/python3.8/site-packages/airflow/example_dags/example_task_group_decorator.py
[2024-03-13T06:54:20.978+0000] {processor.py:830} INFO - Processing file /home/airflow/.local/lib/python3.8/site-packages/airflow/example_dags/example_task_group_decorator.py for tasks to queue
[2024-03-13T06:54:20.979+0000] {logging_mixin.py:188} INFO - [2024-03-13T06:54:20.979+0000] {dagbag.py:540} INFO - Filling up the DagBag from /home/airflow/.local/lib/python3.8/site-packages/airflow/example_dags/example_task_group_decorator.py
[2024-03-13T06:54:20.991+0000] {processor.py:840} INFO - DAG(s) 'example_task_group_decorator' retrieved from /home/airflow/.local/lib/python3.8/site-packages/airflow/example_dags/example_task_group_decorator.py
[2024-03-13T06:54:21.011+0000] {logging_mixin.py:188} INFO - [2024-03-13T06:54:21.011+0000] {dag.py:3047} INFO - Sync 1 DAGs
[2024-03-13T06:54:21.028+0000] {logging_mixin.py:188} INFO - [2024-03-13T06:54:21.028+0000] {dag.py:3834} INFO - Setting next_dagrun for example_task_group_decorator to 2024-03-12 00:00:00+00:00, run_after=2024-03-13 00:00:00+00:00
[2024-03-13T06:54:21.044+0000] {processor.py:183} INFO - Processing /home/airflow/.local/lib/python3.8/site-packages/airflow/example_dags/example_task_group_decorator.py took 0.070 seconds
[2024-03-13T06:54:51.298+0000] {processor.py:161} INFO - Started process (PID=333) to work on /home/airflow/.local/lib/python3.8/site-packages/airflow/example_dags/example_task_group_decorator.py
[2024-03-13T06:54:51.299+0000] {processor.py:830} INFO - Processing file /home/airflow/.local/lib/python3.8/site-packages/airflow/example_dags/example_task_group_decorator.py for tasks to queue
[2024-03-13T06:54:51.301+0000] {logging_mixin.py:188} INFO - [2024-03-13T06:54:51.300+0000] {dagbag.py:540} INFO - Filling up the DagBag from /home/airflow/.local/lib/python3.8/site-packages/airflow/example_dags/example_task_group_decorator.py
[2024-03-13T06:54:51.313+0000] {processor.py:840} INFO - DAG(s) 'example_task_group_decorator' retrieved from /home/airflow/.local/lib/python3.8/site-packages/airflow/example_dags/example_task_group_decorator.py
[2024-03-13T06:54:51.336+0000] {logging_mixin.py:188} INFO - [2024-03-13T06:54:51.336+0000] {dag.py:3047} INFO - Sync 1 DAGs
[2024-03-13T06:54:51.356+0000] {logging_mixin.py:188} INFO - [2024-03-13T06:54:51.356+0000] {dag.py:3834} INFO - Setting next_dagrun for example_task_group_decorator to 2024-03-12 00:00:00+00:00, run_after=2024-03-13 00:00:00+00:00
[2024-03-13T06:54:51.376+0000] {processor.py:183} INFO - Processing /home/airflow/.local/lib/python3.8/site-packages/airflow/example_dags/example_task_group_decorator.py took 0.081 seconds
[2024-03-13T06:55:22.144+0000] {processor.py:161} INFO - Started process (PID=389) to work on /home/airflow/.local/lib/python3.8/site-packages/airflow/example_dags/example_task_group_decorator.py
[2024-03-13T06:55:22.145+0000] {processor.py:830} INFO - Processing file /home/airflow/.local/lib/python3.8/site-packages/airflow/example_dags/example_task_group_decorator.py for tasks to queue
[2024-03-13T06:55:22.147+0000] {logging_mixin.py:188} INFO - [2024-03-13T06:55:22.147+0000] {dagbag.py:540} INFO - Filling up the DagBag from /home/airflow/.local/lib/python3.8/site-packages/airflow/example_dags/example_task_group_decorator.py
[2024-03-13T06:55:22.161+0000] {processor.py:840} INFO - DAG(s) 'example_task_group_decorator' retrieved from /home/airflow/.local/lib/python3.8/site-packages/airflow/example_dags/example_task_group_decorator.py
[2024-03-13T06:55:22.184+0000] {logging_mixin.py:188} INFO - [2024-03-13T06:55:22.184+0000] {dag.py:3047} INFO - Sync 1 DAGs
[2024-03-13T06:55:22.214+0000] {logging_mixin.py:188} INFO - [2024-03-13T06:55:22.213+0000] {dag.py:3834} INFO - Setting next_dagrun for example_task_group_decorator to 2024-03-12 00:00:00+00:00, run_after=2024-03-13 00:00:00+00:00
[2024-03-13T06:55:22.267+0000] {processor.py:183} INFO - Processing /home/airflow/.local/lib/python3.8/site-packages/airflow/example_dags/example_task_group_decorator.py took 0.125 seconds
[2024-03-13T06:55:53.098+0000] {processor.py:161} INFO - Started process (PID=446) to work on /home/airflow/.local/lib/python3.8/site-packages/airflow/example_dags/example_task_group_decorator.py
[2024-03-13T06:55:53.099+0000] {processor.py:830} INFO - Processing file /home/airflow/.local/lib/python3.8/site-packages/airflow/example_dags/example_task_group_decorator.py for tasks to queue
[2024-03-13T06:55:53.101+0000] {logging_mixin.py:188} INFO - [2024-03-13T06:55:53.100+0000] {dagbag.py:540} INFO - Filling up the DagBag from /home/airflow/.local/lib/python3.8/site-packages/airflow/example_dags/example_task_group_decorator.py
[2024-03-13T06:55:53.113+0000] {processor.py:840} INFO - DAG(s) 'example_task_group_decorator' retrieved from /home/airflow/.local/lib/python3.8/site-packages/airflow/example_dags/example_task_group_decorator.py
[2024-03-13T06:55:53.132+0000] {logging_mixin.py:188} INFO - [2024-03-13T06:55:53.132+0000] {dag.py:3047} INFO - Sync 1 DAGs
[2024-03-13T06:55:53.150+0000] {logging_mixin.py:188} INFO - [2024-03-13T06:55:53.149+0000] {dag.py:3834} INFO - Setting next_dagrun for example_task_group_decorator to 2024-03-12 00:00:00+00:00, run_after=2024-03-13 00:00:00+00:00
[2024-03-13T06:55:53.167+0000] {processor.py:183} INFO - Processing /home/airflow/.local/lib/python3.8/site-packages/airflow/example_dags/example_task_group_decorator.py took 0.071 seconds
[2024-03-13T06:56:23.955+0000] {processor.py:161} INFO - Started process (PID=503) to work on /home/airflow/.local/lib/python3.8/site-packages/airflow/example_dags/example_task_group_decorator.py
[2024-03-13T06:56:23.956+0000] {processor.py:830} INFO - Processing file /home/airflow/.local/lib/python3.8/site-packages/airflow/example_dags/example_task_group_decorator.py for tasks to queue
[2024-03-13T06:56:23.958+0000] {logging_mixin.py:188} INFO - [2024-03-13T06:56:23.958+0000] {dagbag.py:540} INFO - Filling up the DagBag from /home/airflow/.local/lib/python3.8/site-packages/airflow/example_dags/example_task_group_decorator.py
[2024-03-13T06:56:23.969+0000] {processor.py:840} INFO - DAG(s) 'example_task_group_decorator' retrieved from /home/airflow/.local/lib/python3.8/site-packages/airflow/example_dags/example_task_group_decorator.py
[2024-03-13T06:56:23.989+0000] {logging_mixin.py:188} INFO - [2024-03-13T06:56:23.989+0000] {dag.py:3047} INFO - Sync 1 DAGs
[2024-03-13T06:56:24.006+0000] {logging_mixin.py:188} INFO - [2024-03-13T06:56:24.006+0000] {dag.py:3834} INFO - Setting next_dagrun for example_task_group_decorator to 2024-03-12 00:00:00+00:00, run_after=2024-03-13 00:00:00+00:00
[2024-03-13T06:56:24.025+0000] {processor.py:183} INFO - Processing /home/airflow/.local/lib/python3.8/site-packages/airflow/example_dags/example_task_group_decorator.py took 0.072 seconds
[2024-03-13T07:02:12.287+0000] {processor.py:161} INFO - Started process (PID=54) to work on /home/airflow/.local/lib/python3.8/site-packages/airflow/example_dags/example_task_group_decorator.py
[2024-03-13T07:02:12.289+0000] {processor.py:830} INFO - Processing file /home/airflow/.local/lib/python3.8/site-packages/airflow/example_dags/example_task_group_decorator.py for tasks to queue
[2024-03-13T07:02:12.291+0000] {logging_mixin.py:188} INFO - [2024-03-13T07:02:12.291+0000] {dagbag.py:540} INFO - Filling up the DagBag from /home/airflow/.local/lib/python3.8/site-packages/airflow/example_dags/example_task_group_decorator.py
[2024-03-13T07:02:12.308+0000] {processor.py:840} INFO - DAG(s) 'example_task_group_decorator' retrieved from /home/airflow/.local/lib/python3.8/site-packages/airflow/example_dags/example_task_group_decorator.py
[2024-03-13T07:02:12.321+0000] {logging_mixin.py:188} INFO - [2024-03-13T07:02:12.321+0000] {dag.py:3047} INFO - Sync 1 DAGs
[2024-03-13T07:02:12.345+0000] {logging_mixin.py:188} INFO - [2024-03-13T07:02:12.345+0000] {dag.py:3834} INFO - Setting next_dagrun for example_task_group_decorator to 2024-03-12 00:00:00+00:00, run_after=2024-03-13 00:00:00+00:00
[2024-03-13T07:02:12.374+0000] {processor.py:183} INFO - Processing /home/airflow/.local/lib/python3.8/site-packages/airflow/example_dags/example_task_group_decorator.py took 0.090 seconds
[2024-03-13T07:02:43.351+0000] {processor.py:161} INFO - Started process (PID=111) to work on /home/airflow/.local/lib/python3.8/site-packages/airflow/example_dags/example_task_group_decorator.py
[2024-03-13T07:02:43.351+0000] {processor.py:830} INFO - Processing file /home/airflow/.local/lib/python3.8/site-packages/airflow/example_dags/example_task_group_decorator.py for tasks to queue
[2024-03-13T07:02:43.353+0000] {logging_mixin.py:188} INFO - [2024-03-13T07:02:43.353+0000] {dagbag.py:540} INFO - Filling up the DagBag from /home/airflow/.local/lib/python3.8/site-packages/airflow/example_dags/example_task_group_decorator.py
[2024-03-13T07:02:43.363+0000] {processor.py:840} INFO - DAG(s) 'example_task_group_decorator' retrieved from /home/airflow/.local/lib/python3.8/site-packages/airflow/example_dags/example_task_group_decorator.py
[2024-03-13T07:02:43.437+0000] {logging_mixin.py:188} INFO - [2024-03-13T07:02:43.437+0000] {dag.py:3047} INFO - Sync 1 DAGs
[2024-03-13T07:02:43.452+0000] {logging_mixin.py:188} INFO - [2024-03-13T07:02:43.452+0000] {dag.py:3834} INFO - Setting next_dagrun for example_task_group_decorator to 2024-03-12 00:00:00+00:00, run_after=2024-03-13 00:00:00+00:00
[2024-03-13T07:02:43.468+0000] {processor.py:183} INFO - Processing /home/airflow/.local/lib/python3.8/site-packages/airflow/example_dags/example_task_group_decorator.py took 0.120 seconds
[2024-03-13T07:03:13.628+0000] {processor.py:161} INFO - Started process (PID=167) to work on /home/airflow/.local/lib/python3.8/site-packages/airflow/example_dags/example_task_group_decorator.py
[2024-03-13T07:03:13.629+0000] {processor.py:830} INFO - Processing file /home/airflow/.local/lib/python3.8/site-packages/airflow/example_dags/example_task_group_decorator.py for tasks to queue
[2024-03-13T07:03:13.630+0000] {logging_mixin.py:188} INFO - [2024-03-13T07:03:13.630+0000] {dagbag.py:540} INFO - Filling up the DagBag from /home/airflow/.local/lib/python3.8/site-packages/airflow/example_dags/example_task_group_decorator.py
[2024-03-13T07:03:13.641+0000] {processor.py:840} INFO - DAG(s) 'example_task_group_decorator' retrieved from /home/airflow/.local/lib/python3.8/site-packages/airflow/example_dags/example_task_group_decorator.py
[2024-03-13T07:03:13.659+0000] {logging_mixin.py:188} INFO - [2024-03-13T07:03:13.659+0000] {dag.py:3047} INFO - Sync 1 DAGs
[2024-03-13T07:03:13.675+0000] {logging_mixin.py:188} INFO - [2024-03-13T07:03:13.675+0000] {dag.py:3834} INFO - Setting next_dagrun for example_task_group_decorator to 2024-03-12 00:00:00+00:00, run_after=2024-03-13 00:00:00+00:00
[2024-03-13T07:03:13.691+0000] {processor.py:183} INFO - Processing /home/airflow/.local/lib/python3.8/site-packages/airflow/example_dags/example_task_group_decorator.py took 0.066 seconds
[2024-03-13T07:03:44.017+0000] {processor.py:161} INFO - Started process (PID=223) to work on /home/airflow/.local/lib/python3.8/site-packages/airflow/example_dags/example_task_group_decorator.py
[2024-03-13T07:03:44.018+0000] {processor.py:830} INFO - Processing file /home/airflow/.local/lib/python3.8/site-packages/airflow/example_dags/example_task_group_decorator.py for tasks to queue
[2024-03-13T07:03:44.020+0000] {logging_mixin.py:188} INFO - [2024-03-13T07:03:44.019+0000] {dagbag.py:540} INFO - Filling up the DagBag from /home/airflow/.local/lib/python3.8/site-packages/airflow/example_dags/example_task_group_decorator.py
[2024-03-13T07:03:44.031+0000] {processor.py:840} INFO - DAG(s) 'example_task_group_decorator' retrieved from /home/airflow/.local/lib/python3.8/site-packages/airflow/example_dags/example_task_group_decorator.py
[2024-03-13T07:03:44.048+0000] {logging_mixin.py:188} INFO - [2024-03-13T07:03:44.048+0000] {dag.py:3047} INFO - Sync 1 DAGs
[2024-03-13T07:03:44.065+0000] {logging_mixin.py:188} INFO - [2024-03-13T07:03:44.065+0000] {dag.py:3834} INFO - Setting next_dagrun for example_task_group_decorator to 2024-03-12 00:00:00+00:00, run_after=2024-03-13 00:00:00+00:00
[2024-03-13T07:03:44.082+0000] {processor.py:183} INFO - Processing /home/airflow/.local/lib/python3.8/site-packages/airflow/example_dags/example_task_group_decorator.py took 0.067 seconds
[2024-03-13T07:04:14.537+0000] {processor.py:161} INFO - Started process (PID=279) to work on /home/airflow/.local/lib/python3.8/site-packages/airflow/example_dags/example_task_group_decorator.py
[2024-03-13T07:04:14.538+0000] {processor.py:830} INFO - Processing file /home/airflow/.local/lib/python3.8/site-packages/airflow/example_dags/example_task_group_decorator.py for tasks to queue
[2024-03-13T07:04:14.540+0000] {logging_mixin.py:188} INFO - [2024-03-13T07:04:14.539+0000] {dagbag.py:540} INFO - Filling up the DagBag from /home/airflow/.local/lib/python3.8/site-packages/airflow/example_dags/example_task_group_decorator.py
[2024-03-13T07:04:14.550+0000] {processor.py:840} INFO - DAG(s) 'example_task_group_decorator' retrieved from /home/airflow/.local/lib/python3.8/site-packages/airflow/example_dags/example_task_group_decorator.py
[2024-03-13T07:04:14.569+0000] {logging_mixin.py:188} INFO - [2024-03-13T07:04:14.568+0000] {dag.py:3047} INFO - Sync 1 DAGs
[2024-03-13T07:04:14.585+0000] {logging_mixin.py:188} INFO - [2024-03-13T07:04:14.585+0000] {dag.py:3834} INFO - Setting next_dagrun for example_task_group_decorator to 2024-03-12 00:00:00+00:00, run_after=2024-03-13 00:00:00+00:00
[2024-03-13T07:04:14.598+0000] {processor.py:183} INFO - Processing /home/airflow/.local/lib/python3.8/site-packages/airflow/example_dags/example_task_group_decorator.py took 0.064 seconds
[2024-03-13T07:04:45.092+0000] {processor.py:161} INFO - Started process (PID=335) to work on /home/airflow/.local/lib/python3.8/site-packages/airflow/example_dags/example_task_group_decorator.py
[2024-03-13T07:04:45.093+0000] {processor.py:830} INFO - Processing file /home/airflow/.local/lib/python3.8/site-packages/airflow/example_dags/example_task_group_decorator.py for tasks to queue
[2024-03-13T07:04:45.095+0000] {logging_mixin.py:188} INFO - [2024-03-13T07:04:45.094+0000] {dagbag.py:540} INFO - Filling up the DagBag from /home/airflow/.local/lib/python3.8/site-packages/airflow/example_dags/example_task_group_decorator.py
[2024-03-13T07:04:45.107+0000] {processor.py:840} INFO - DAG(s) 'example_task_group_decorator' retrieved from /home/airflow/.local/lib/python3.8/site-packages/airflow/example_dags/example_task_group_decorator.py
[2024-03-13T07:04:45.126+0000] {logging_mixin.py:188} INFO - [2024-03-13T07:04:45.126+0000] {dag.py:3047} INFO - Sync 1 DAGs
[2024-03-13T07:04:45.142+0000] {logging_mixin.py:188} INFO - [2024-03-13T07:04:45.142+0000] {dag.py:3834} INFO - Setting next_dagrun for example_task_group_decorator to 2024-03-12 00:00:00+00:00, run_after=2024-03-13 00:00:00+00:00
[2024-03-13T07:04:45.158+0000] {processor.py:183} INFO - Processing /home/airflow/.local/lib/python3.8/site-packages/airflow/example_dags/example_task_group_decorator.py took 0.068 seconds
[2024-03-13T07:05:15.434+0000] {processor.py:161} INFO - Started process (PID=391) to work on /home/airflow/.local/lib/python3.8/site-packages/airflow/example_dags/example_task_group_decorator.py
[2024-03-13T07:05:15.435+0000] {processor.py:830} INFO - Processing file /home/airflow/.local/lib/python3.8/site-packages/airflow/example_dags/example_task_group_decorator.py for tasks to queue
[2024-03-13T07:05:15.437+0000] {logging_mixin.py:188} INFO - [2024-03-13T07:05:15.436+0000] {dagbag.py:540} INFO - Filling up the DagBag from /home/airflow/.local/lib/python3.8/site-packages/airflow/example_dags/example_task_group_decorator.py
[2024-03-13T07:05:15.447+0000] {processor.py:840} INFO - DAG(s) 'example_task_group_decorator' retrieved from /home/airflow/.local/lib/python3.8/site-packages/airflow/example_dags/example_task_group_decorator.py
[2024-03-13T07:05:15.466+0000] {logging_mixin.py:188} INFO - [2024-03-13T07:05:15.466+0000] {dag.py:3047} INFO - Sync 1 DAGs
[2024-03-13T07:05:15.482+0000] {logging_mixin.py:188} INFO - [2024-03-13T07:05:15.481+0000] {dag.py:3834} INFO - Setting next_dagrun for example_task_group_decorator to 2024-03-12 00:00:00+00:00, run_after=2024-03-13 00:00:00+00:00
[2024-03-13T07:05:15.497+0000] {processor.py:183} INFO - Processing /home/airflow/.local/lib/python3.8/site-packages/airflow/example_dags/example_task_group_decorator.py took 0.065 seconds
[2024-03-13T07:05:45.747+0000] {processor.py:161} INFO - Started process (PID=447) to work on /home/airflow/.local/lib/python3.8/site-packages/airflow/example_dags/example_task_group_decorator.py
[2024-03-13T07:05:45.748+0000] {processor.py:830} INFO - Processing file /home/airflow/.local/lib/python3.8/site-packages/airflow/example_dags/example_task_group_decorator.py for tasks to queue
[2024-03-13T07:05:45.750+0000] {logging_mixin.py:188} INFO - [2024-03-13T07:05:45.750+0000] {dagbag.py:540} INFO - Filling up the DagBag from /home/airflow/.local/lib/python3.8/site-packages/airflow/example_dags/example_task_group_decorator.py
[2024-03-13T07:05:45.761+0000] {processor.py:840} INFO - DAG(s) 'example_task_group_decorator' retrieved from /home/airflow/.local/lib/python3.8/site-packages/airflow/example_dags/example_task_group_decorator.py
[2024-03-13T07:05:45.779+0000] {logging_mixin.py:188} INFO - [2024-03-13T07:05:45.778+0000] {dag.py:3047} INFO - Sync 1 DAGs
[2024-03-13T07:05:45.794+0000] {logging_mixin.py:188} INFO - [2024-03-13T07:05:45.794+0000] {dag.py:3834} INFO - Setting next_dagrun for example_task_group_decorator to 2024-03-12 00:00:00+00:00, run_after=2024-03-13 00:00:00+00:00
[2024-03-13T07:05:45.810+0000] {processor.py:183} INFO - Processing /home/airflow/.local/lib/python3.8/site-packages/airflow/example_dags/example_task_group_decorator.py took 0.065 seconds
[2024-03-13T07:06:16.096+0000] {processor.py:161} INFO - Started process (PID=503) to work on /home/airflow/.local/lib/python3.8/site-packages/airflow/example_dags/example_task_group_decorator.py
[2024-03-13T07:06:16.097+0000] {processor.py:830} INFO - Processing file /home/airflow/.local/lib/python3.8/site-packages/airflow/example_dags/example_task_group_decorator.py for tasks to queue
[2024-03-13T07:06:16.099+0000] {logging_mixin.py:188} INFO - [2024-03-13T07:06:16.099+0000] {dagbag.py:540} INFO - Filling up the DagBag from /home/airflow/.local/lib/python3.8/site-packages/airflow/example_dags/example_task_group_decorator.py
[2024-03-13T07:06:16.109+0000] {processor.py:840} INFO - DAG(s) 'example_task_group_decorator' retrieved from /home/airflow/.local/lib/python3.8/site-packages/airflow/example_dags/example_task_group_decorator.py
[2024-03-13T07:06:16.130+0000] {logging_mixin.py:188} INFO - [2024-03-13T07:06:16.130+0000] {dag.py:3047} INFO - Sync 1 DAGs
[2024-03-13T07:06:16.147+0000] {logging_mixin.py:188} INFO - [2024-03-13T07:06:16.147+0000] {dag.py:3834} INFO - Setting next_dagrun for example_task_group_decorator to 2024-03-12 00:00:00+00:00, run_after=2024-03-13 00:00:00+00:00
[2024-03-13T07:06:16.163+0000] {processor.py:183} INFO - Processing /home/airflow/.local/lib/python3.8/site-packages/airflow/example_dags/example_task_group_decorator.py took 0.069 seconds
[2024-03-13T07:06:46.538+0000] {processor.py:161} INFO - Started process (PID=559) to work on /home/airflow/.local/lib/python3.8/site-packages/airflow/example_dags/example_task_group_decorator.py
[2024-03-13T07:06:46.538+0000] {processor.py:830} INFO - Processing file /home/airflow/.local/lib/python3.8/site-packages/airflow/example_dags/example_task_group_decorator.py for tasks to queue
[2024-03-13T07:06:46.540+0000] {logging_mixin.py:188} INFO - [2024-03-13T07:06:46.540+0000] {dagbag.py:540} INFO - Filling up the DagBag from /home/airflow/.local/lib/python3.8/site-packages/airflow/example_dags/example_task_group_decorator.py
[2024-03-13T07:06:46.551+0000] {processor.py:840} INFO - DAG(s) 'example_task_group_decorator' retrieved from /home/airflow/.local/lib/python3.8/site-packages/airflow/example_dags/example_task_group_decorator.py
[2024-03-13T07:06:46.571+0000] {logging_mixin.py:188} INFO - [2024-03-13T07:06:46.571+0000] {dag.py:3047} INFO - Sync 1 DAGs
[2024-03-13T07:06:46.590+0000] {logging_mixin.py:188} INFO - [2024-03-13T07:06:46.589+0000] {dag.py:3834} INFO - Setting next_dagrun for example_task_group_decorator to 2024-03-12 00:00:00+00:00, run_after=2024-03-13 00:00:00+00:00
[2024-03-13T07:06:46.608+0000] {processor.py:183} INFO - Processing /home/airflow/.local/lib/python3.8/site-packages/airflow/example_dags/example_task_group_decorator.py took 0.073 seconds
[2024-03-13T07:07:16.999+0000] {processor.py:161} INFO - Started process (PID=615) to work on /home/airflow/.local/lib/python3.8/site-packages/airflow/example_dags/example_task_group_decorator.py
[2024-03-13T07:07:17.000+0000] {processor.py:830} INFO - Processing file /home/airflow/.local/lib/python3.8/site-packages/airflow/example_dags/example_task_group_decorator.py for tasks to queue
[2024-03-13T07:07:17.002+0000] {logging_mixin.py:188} INFO - [2024-03-13T07:07:17.002+0000] {dagbag.py:540} INFO - Filling up the DagBag from /home/airflow/.local/lib/python3.8/site-packages/airflow/example_dags/example_task_group_decorator.py
[2024-03-13T07:07:17.025+0000] {processor.py:840} INFO - DAG(s) 'example_task_group_decorator' retrieved from /home/airflow/.local/lib/python3.8/site-packages/airflow/example_dags/example_task_group_decorator.py
[2024-03-13T07:07:17.050+0000] {logging_mixin.py:188} INFO - [2024-03-13T07:07:17.050+0000] {dag.py:3047} INFO - Sync 1 DAGs
[2024-03-13T07:07:17.083+0000] {logging_mixin.py:188} INFO - [2024-03-13T07:07:17.082+0000] {dag.py:3834} INFO - Setting next_dagrun for example_task_group_decorator to 2024-03-12 00:00:00+00:00, run_after=2024-03-13 00:00:00+00:00
[2024-03-13T07:07:17.112+0000] {processor.py:183} INFO - Processing /home/airflow/.local/lib/python3.8/site-packages/airflow/example_dags/example_task_group_decorator.py took 0.116 seconds
[2024-03-13T07:09:29.827+0000] {processor.py:161} INFO - Started process (PID=55) to work on /home/airflow/.local/lib/python3.8/site-packages/airflow/example_dags/example_task_group_decorator.py
[2024-03-13T07:09:29.829+0000] {processor.py:830} INFO - Processing file /home/airflow/.local/lib/python3.8/site-packages/airflow/example_dags/example_task_group_decorator.py for tasks to queue
[2024-03-13T07:09:29.830+0000] {logging_mixin.py:188} INFO - [2024-03-13T07:09:29.830+0000] {dagbag.py:540} INFO - Filling up the DagBag from /home/airflow/.local/lib/python3.8/site-packages/airflow/example_dags/example_task_group_decorator.py
[2024-03-13T07:09:29.845+0000] {processor.py:840} INFO - DAG(s) 'example_task_group_decorator' retrieved from /home/airflow/.local/lib/python3.8/site-packages/airflow/example_dags/example_task_group_decorator.py
[2024-03-13T07:09:29.857+0000] {logging_mixin.py:188} INFO - [2024-03-13T07:09:29.856+0000] {dag.py:3047} INFO - Sync 1 DAGs
[2024-03-13T07:09:29.879+0000] {logging_mixin.py:188} INFO - [2024-03-13T07:09:29.878+0000] {dag.py:3834} INFO - Setting next_dagrun for example_task_group_decorator to 2024-03-12 00:00:00+00:00, run_after=2024-03-13 00:00:00+00:00
[2024-03-13T07:09:29.899+0000] {processor.py:183} INFO - Processing /home/airflow/.local/lib/python3.8/site-packages/airflow/example_dags/example_task_group_decorator.py took 0.074 seconds
[2024-03-13T07:10:00.375+0000] {processor.py:161} INFO - Started process (PID=111) to work on /home/airflow/.local/lib/python3.8/site-packages/airflow/example_dags/example_task_group_decorator.py
[2024-03-13T07:10:00.375+0000] {processor.py:830} INFO - Processing file /home/airflow/.local/lib/python3.8/site-packages/airflow/example_dags/example_task_group_decorator.py for tasks to queue
[2024-03-13T07:10:00.377+0000] {logging_mixin.py:188} INFO - [2024-03-13T07:10:00.377+0000] {dagbag.py:540} INFO - Filling up the DagBag from /home/airflow/.local/lib/python3.8/site-packages/airflow/example_dags/example_task_group_decorator.py
[2024-03-13T07:10:00.388+0000] {processor.py:840} INFO - DAG(s) 'example_task_group_decorator' retrieved from /home/airflow/.local/lib/python3.8/site-packages/airflow/example_dags/example_task_group_decorator.py
[2024-03-13T07:10:00.464+0000] {logging_mixin.py:188} INFO - [2024-03-13T07:10:00.464+0000] {dag.py:3047} INFO - Sync 1 DAGs
[2024-03-13T07:10:00.482+0000] {logging_mixin.py:188} INFO - [2024-03-13T07:10:00.482+0000] {dag.py:3834} INFO - Setting next_dagrun for example_task_group_decorator to 2024-03-12 00:00:00+00:00, run_after=2024-03-13 00:00:00+00:00
[2024-03-13T07:10:00.500+0000] {processor.py:183} INFO - Processing /home/airflow/.local/lib/python3.8/site-packages/airflow/example_dags/example_task_group_decorator.py took 0.127 seconds
[2024-03-13T07:10:31.100+0000] {processor.py:161} INFO - Started process (PID=167) to work on /home/airflow/.local/lib/python3.8/site-packages/airflow/example_dags/example_task_group_decorator.py
[2024-03-13T07:10:31.101+0000] {processor.py:830} INFO - Processing file /home/airflow/.local/lib/python3.8/site-packages/airflow/example_dags/example_task_group_decorator.py for tasks to queue
[2024-03-13T07:10:31.103+0000] {logging_mixin.py:188} INFO - [2024-03-13T07:10:31.103+0000] {dagbag.py:540} INFO - Filling up the DagBag from /home/airflow/.local/lib/python3.8/site-packages/airflow/example_dags/example_task_group_decorator.py
[2024-03-13T07:10:31.116+0000] {processor.py:840} INFO - DAG(s) 'example_task_group_decorator' retrieved from /home/airflow/.local/lib/python3.8/site-packages/airflow/example_dags/example_task_group_decorator.py
[2024-03-13T07:10:31.142+0000] {logging_mixin.py:188} INFO - [2024-03-13T07:10:31.142+0000] {dag.py:3047} INFO - Sync 1 DAGs
[2024-03-13T07:10:31.164+0000] {logging_mixin.py:188} INFO - [2024-03-13T07:10:31.164+0000] {dag.py:3834} INFO - Setting next_dagrun for example_task_group_decorator to 2024-03-12 00:00:00+00:00, run_after=2024-03-13 00:00:00+00:00
[2024-03-13T07:10:31.182+0000] {processor.py:183} INFO - Processing /home/airflow/.local/lib/python3.8/site-packages/airflow/example_dags/example_task_group_decorator.py took 0.085 seconds
[2024-03-13T07:11:01.378+0000] {processor.py:161} INFO - Started process (PID=223) to work on /home/airflow/.local/lib/python3.8/site-packages/airflow/example_dags/example_task_group_decorator.py
[2024-03-13T07:11:01.379+0000] {processor.py:830} INFO - Processing file /home/airflow/.local/lib/python3.8/site-packages/airflow/example_dags/example_task_group_decorator.py for tasks to queue
[2024-03-13T07:11:01.381+0000] {logging_mixin.py:188} INFO - [2024-03-13T07:11:01.380+0000] {dagbag.py:540} INFO - Filling up the DagBag from /home/airflow/.local/lib/python3.8/site-packages/airflow/example_dags/example_task_group_decorator.py
[2024-03-13T07:11:01.393+0000] {processor.py:840} INFO - DAG(s) 'example_task_group_decorator' retrieved from /home/airflow/.local/lib/python3.8/site-packages/airflow/example_dags/example_task_group_decorator.py
[2024-03-13T07:11:01.414+0000] {logging_mixin.py:188} INFO - [2024-03-13T07:11:01.414+0000] {dag.py:3047} INFO - Sync 1 DAGs
[2024-03-13T07:11:01.435+0000] {logging_mixin.py:188} INFO - [2024-03-13T07:11:01.435+0000] {dag.py:3834} INFO - Setting next_dagrun for example_task_group_decorator to 2024-03-12 00:00:00+00:00, run_after=2024-03-13 00:00:00+00:00
[2024-03-13T07:11:01.453+0000] {processor.py:183} INFO - Processing /home/airflow/.local/lib/python3.8/site-packages/airflow/example_dags/example_task_group_decorator.py took 0.078 seconds
[2024-03-13T07:11:31.801+0000] {processor.py:161} INFO - Started process (PID=280) to work on /home/airflow/.local/lib/python3.8/site-packages/airflow/example_dags/example_task_group_decorator.py
[2024-03-13T07:11:31.802+0000] {processor.py:830} INFO - Processing file /home/airflow/.local/lib/python3.8/site-packages/airflow/example_dags/example_task_group_decorator.py for tasks to queue
[2024-03-13T07:11:31.803+0000] {logging_mixin.py:188} INFO - [2024-03-13T07:11:31.803+0000] {dagbag.py:540} INFO - Filling up the DagBag from /home/airflow/.local/lib/python3.8/site-packages/airflow/example_dags/example_task_group_decorator.py
[2024-03-13T07:11:31.814+0000] {processor.py:840} INFO - DAG(s) 'example_task_group_decorator' retrieved from /home/airflow/.local/lib/python3.8/site-packages/airflow/example_dags/example_task_group_decorator.py
[2024-03-13T07:11:31.835+0000] {logging_mixin.py:188} INFO - [2024-03-13T07:11:31.834+0000] {dag.py:3047} INFO - Sync 1 DAGs
[2024-03-13T07:11:31.851+0000] {logging_mixin.py:188} INFO - [2024-03-13T07:11:31.851+0000] {dag.py:3834} INFO - Setting next_dagrun for example_task_group_decorator to 2024-03-12 00:00:00+00:00, run_after=2024-03-13 00:00:00+00:00
[2024-03-13T07:11:31.870+0000] {processor.py:183} INFO - Processing /home/airflow/.local/lib/python3.8/site-packages/airflow/example_dags/example_task_group_decorator.py took 0.072 seconds
