[2024-03-13T06:40:22.473+0000] {processor.py:161} INFO - Started process (PID=475) to work on /home/airflow/.local/lib/python3.8/site-packages/airflow/example_dags/example_sla_dag.py
[2024-03-13T06:40:22.474+0000] {processor.py:830} INFO - Processing file /home/airflow/.local/lib/python3.8/site-packages/airflow/example_dags/example_sla_dag.py for tasks to queue
[2024-03-13T06:40:22.475+0000] {logging_mixin.py:188} INFO - [2024-03-13T06:40:22.475+0000] {dagbag.py:540} INFO - Filling up the DagBag from /home/airflow/.local/lib/python3.8/site-packages/airflow/example_dags/example_sla_dag.py
[2024-03-13T06:40:22.482+0000] {processor.py:840} INFO - DAG(s) 'example_sla_dag' retrieved from /home/airflow/.local/lib/python3.8/site-packages/airflow/example_dags/example_sla_dag.py
[2024-03-13T06:40:22.498+0000] {logging_mixin.py:188} INFO - [2024-03-13T06:40:22.497+0000] {dag.py:3047} INFO - Sync 1 DAGs
[2024-03-13T06:40:22.518+0000] {logging_mixin.py:188} INFO - [2024-03-13T06:40:22.518+0000] {dag.py:3834} INFO - Setting next_dagrun for example_sla_dag to 2024-03-13 06:38:00+00:00, run_after=2024-03-13 06:40:00+00:00
[2024-03-13T06:40:22.537+0000] {processor.py:183} INFO - Processing /home/airflow/.local/lib/python3.8/site-packages/airflow/example_dags/example_sla_dag.py took 0.066 seconds
[2024-03-13T06:40:52.816+0000] {processor.py:161} INFO - Started process (PID=531) to work on /home/airflow/.local/lib/python3.8/site-packages/airflow/example_dags/example_sla_dag.py
[2024-03-13T06:40:52.817+0000] {processor.py:830} INFO - Processing file /home/airflow/.local/lib/python3.8/site-packages/airflow/example_dags/example_sla_dag.py for tasks to queue
[2024-03-13T06:40:52.818+0000] {logging_mixin.py:188} INFO - [2024-03-13T06:40:52.818+0000] {dagbag.py:540} INFO - Filling up the DagBag from /home/airflow/.local/lib/python3.8/site-packages/airflow/example_dags/example_sla_dag.py
[2024-03-13T06:40:52.825+0000] {processor.py:840} INFO - DAG(s) 'example_sla_dag' retrieved from /home/airflow/.local/lib/python3.8/site-packages/airflow/example_dags/example_sla_dag.py
[2024-03-13T06:40:52.843+0000] {logging_mixin.py:188} INFO - [2024-03-13T06:40:52.843+0000] {dag.py:3047} INFO - Sync 1 DAGs
[2024-03-13T06:40:52.863+0000] {logging_mixin.py:188} INFO - [2024-03-13T06:40:52.863+0000] {dag.py:3834} INFO - Setting next_dagrun for example_sla_dag to 2024-03-13 06:38:00+00:00, run_after=2024-03-13 06:40:00+00:00
[2024-03-13T06:40:52.880+0000] {processor.py:183} INFO - Processing /home/airflow/.local/lib/python3.8/site-packages/airflow/example_dags/example_sla_dag.py took 0.066 seconds
[2024-03-13T06:41:23.404+0000] {processor.py:161} INFO - Started process (PID=587) to work on /home/airflow/.local/lib/python3.8/site-packages/airflow/example_dags/example_sla_dag.py
[2024-03-13T06:41:23.405+0000] {processor.py:830} INFO - Processing file /home/airflow/.local/lib/python3.8/site-packages/airflow/example_dags/example_sla_dag.py for tasks to queue
[2024-03-13T06:41:23.406+0000] {logging_mixin.py:188} INFO - [2024-03-13T06:41:23.406+0000] {dagbag.py:540} INFO - Filling up the DagBag from /home/airflow/.local/lib/python3.8/site-packages/airflow/example_dags/example_sla_dag.py
[2024-03-13T06:41:23.412+0000] {processor.py:840} INFO - DAG(s) 'example_sla_dag' retrieved from /home/airflow/.local/lib/python3.8/site-packages/airflow/example_dags/example_sla_dag.py
[2024-03-13T06:41:23.427+0000] {logging_mixin.py:188} INFO - [2024-03-13T06:41:23.427+0000] {dag.py:3047} INFO - Sync 1 DAGs
[2024-03-13T06:41:23.447+0000] {logging_mixin.py:188} INFO - [2024-03-13T06:41:23.447+0000] {dag.py:3834} INFO - Setting next_dagrun for example_sla_dag to 2024-03-13 06:38:00+00:00, run_after=2024-03-13 06:40:00+00:00
[2024-03-13T06:41:23.464+0000] {processor.py:183} INFO - Processing /home/airflow/.local/lib/python3.8/site-packages/airflow/example_dags/example_sla_dag.py took 0.062 seconds
[2024-03-13T06:41:53.881+0000] {processor.py:161} INFO - Started process (PID=643) to work on /home/airflow/.local/lib/python3.8/site-packages/airflow/example_dags/example_sla_dag.py
[2024-03-13T06:41:53.882+0000] {processor.py:830} INFO - Processing file /home/airflow/.local/lib/python3.8/site-packages/airflow/example_dags/example_sla_dag.py for tasks to queue
[2024-03-13T06:41:53.883+0000] {logging_mixin.py:188} INFO - [2024-03-13T06:41:53.882+0000] {dagbag.py:540} INFO - Filling up the DagBag from /home/airflow/.local/lib/python3.8/site-packages/airflow/example_dags/example_sla_dag.py
[2024-03-13T06:41:53.889+0000] {processor.py:840} INFO - DAG(s) 'example_sla_dag' retrieved from /home/airflow/.local/lib/python3.8/site-packages/airflow/example_dags/example_sla_dag.py
[2024-03-13T06:41:53.910+0000] {logging_mixin.py:188} INFO - [2024-03-13T06:41:53.909+0000] {dag.py:3047} INFO - Sync 1 DAGs
[2024-03-13T06:41:53.934+0000] {logging_mixin.py:188} INFO - [2024-03-13T06:41:53.933+0000] {dag.py:3834} INFO - Setting next_dagrun for example_sla_dag to 2024-03-13 06:38:00+00:00, run_after=2024-03-13 06:40:00+00:00
[2024-03-13T06:41:53.953+0000] {processor.py:183} INFO - Processing /home/airflow/.local/lib/python3.8/site-packages/airflow/example_dags/example_sla_dag.py took 0.074 seconds
[2024-03-13T06:42:24.227+0000] {processor.py:161} INFO - Started process (PID=699) to work on /home/airflow/.local/lib/python3.8/site-packages/airflow/example_dags/example_sla_dag.py
[2024-03-13T06:42:24.229+0000] {processor.py:830} INFO - Processing file /home/airflow/.local/lib/python3.8/site-packages/airflow/example_dags/example_sla_dag.py for tasks to queue
[2024-03-13T06:42:24.229+0000] {logging_mixin.py:188} INFO - [2024-03-13T06:42:24.229+0000] {dagbag.py:540} INFO - Filling up the DagBag from /home/airflow/.local/lib/python3.8/site-packages/airflow/example_dags/example_sla_dag.py
[2024-03-13T06:42:24.236+0000] {processor.py:840} INFO - DAG(s) 'example_sla_dag' retrieved from /home/airflow/.local/lib/python3.8/site-packages/airflow/example_dags/example_sla_dag.py
[2024-03-13T06:42:24.254+0000] {logging_mixin.py:188} INFO - [2024-03-13T06:42:24.254+0000] {dag.py:3047} INFO - Sync 1 DAGs
[2024-03-13T06:42:24.274+0000] {logging_mixin.py:188} INFO - [2024-03-13T06:42:24.274+0000] {dag.py:3834} INFO - Setting next_dagrun for example_sla_dag to 2024-03-13 06:40:00+00:00, run_after=2024-03-13 06:42:00+00:00
[2024-03-13T06:42:24.291+0000] {processor.py:183} INFO - Processing /home/airflow/.local/lib/python3.8/site-packages/airflow/example_dags/example_sla_dag.py took 0.066 seconds
[2024-03-13T06:42:54.433+0000] {processor.py:161} INFO - Started process (PID=755) to work on /home/airflow/.local/lib/python3.8/site-packages/airflow/example_dags/example_sla_dag.py
[2024-03-13T06:42:54.434+0000] {processor.py:830} INFO - Processing file /home/airflow/.local/lib/python3.8/site-packages/airflow/example_dags/example_sla_dag.py for tasks to queue
[2024-03-13T06:42:54.435+0000] {logging_mixin.py:188} INFO - [2024-03-13T06:42:54.435+0000] {dagbag.py:540} INFO - Filling up the DagBag from /home/airflow/.local/lib/python3.8/site-packages/airflow/example_dags/example_sla_dag.py
[2024-03-13T06:42:54.442+0000] {processor.py:840} INFO - DAG(s) 'example_sla_dag' retrieved from /home/airflow/.local/lib/python3.8/site-packages/airflow/example_dags/example_sla_dag.py
[2024-03-13T06:42:54.459+0000] {logging_mixin.py:188} INFO - [2024-03-13T06:42:54.459+0000] {dag.py:3047} INFO - Sync 1 DAGs
[2024-03-13T06:42:54.480+0000] {logging_mixin.py:188} INFO - [2024-03-13T06:42:54.479+0000] {dag.py:3834} INFO - Setting next_dagrun for example_sla_dag to 2024-03-13 06:40:00+00:00, run_after=2024-03-13 06:42:00+00:00
[2024-03-13T06:42:54.505+0000] {processor.py:183} INFO - Processing /home/airflow/.local/lib/python3.8/site-packages/airflow/example_dags/example_sla_dag.py took 0.075 seconds
[2024-03-13T06:43:24.885+0000] {processor.py:161} INFO - Started process (PID=811) to work on /home/airflow/.local/lib/python3.8/site-packages/airflow/example_dags/example_sla_dag.py
[2024-03-13T06:43:24.885+0000] {processor.py:830} INFO - Processing file /home/airflow/.local/lib/python3.8/site-packages/airflow/example_dags/example_sla_dag.py for tasks to queue
[2024-03-13T06:43:24.886+0000] {logging_mixin.py:188} INFO - [2024-03-13T06:43:24.886+0000] {dagbag.py:540} INFO - Filling up the DagBag from /home/airflow/.local/lib/python3.8/site-packages/airflow/example_dags/example_sla_dag.py
[2024-03-13T06:43:24.893+0000] {processor.py:840} INFO - DAG(s) 'example_sla_dag' retrieved from /home/airflow/.local/lib/python3.8/site-packages/airflow/example_dags/example_sla_dag.py
[2024-03-13T06:43:24.912+0000] {logging_mixin.py:188} INFO - [2024-03-13T06:43:24.912+0000] {dag.py:3047} INFO - Sync 1 DAGs
[2024-03-13T06:43:24.930+0000] {logging_mixin.py:188} INFO - [2024-03-13T06:43:24.930+0000] {dag.py:3834} INFO - Setting next_dagrun for example_sla_dag to 2024-03-13 06:40:00+00:00, run_after=2024-03-13 06:42:00+00:00
[2024-03-13T06:43:24.947+0000] {processor.py:183} INFO - Processing /home/airflow/.local/lib/python3.8/site-packages/airflow/example_dags/example_sla_dag.py took 0.064 seconds
[2024-03-13T06:43:55.376+0000] {processor.py:161} INFO - Started process (PID=867) to work on /home/airflow/.local/lib/python3.8/site-packages/airflow/example_dags/example_sla_dag.py
[2024-03-13T06:43:55.377+0000] {processor.py:830} INFO - Processing file /home/airflow/.local/lib/python3.8/site-packages/airflow/example_dags/example_sla_dag.py for tasks to queue
[2024-03-13T06:43:55.379+0000] {logging_mixin.py:188} INFO - [2024-03-13T06:43:55.378+0000] {dagbag.py:540} INFO - Filling up the DagBag from /home/airflow/.local/lib/python3.8/site-packages/airflow/example_dags/example_sla_dag.py
[2024-03-13T06:43:55.385+0000] {processor.py:840} INFO - DAG(s) 'example_sla_dag' retrieved from /home/airflow/.local/lib/python3.8/site-packages/airflow/example_dags/example_sla_dag.py
[2024-03-13T06:43:55.400+0000] {logging_mixin.py:188} INFO - [2024-03-13T06:43:55.400+0000] {dag.py:3047} INFO - Sync 1 DAGs
[2024-03-13T06:43:55.419+0000] {logging_mixin.py:188} INFO - [2024-03-13T06:43:55.419+0000] {dag.py:3834} INFO - Setting next_dagrun for example_sla_dag to 2024-03-13 06:40:00+00:00, run_after=2024-03-13 06:42:00+00:00
[2024-03-13T06:43:55.433+0000] {processor.py:183} INFO - Processing /home/airflow/.local/lib/python3.8/site-packages/airflow/example_dags/example_sla_dag.py took 0.059 seconds
[2024-03-13T06:44:25.673+0000] {processor.py:161} INFO - Started process (PID=923) to work on /home/airflow/.local/lib/python3.8/site-packages/airflow/example_dags/example_sla_dag.py
[2024-03-13T06:44:25.674+0000] {processor.py:830} INFO - Processing file /home/airflow/.local/lib/python3.8/site-packages/airflow/example_dags/example_sla_dag.py for tasks to queue
[2024-03-13T06:44:25.675+0000] {logging_mixin.py:188} INFO - [2024-03-13T06:44:25.675+0000] {dagbag.py:540} INFO - Filling up the DagBag from /home/airflow/.local/lib/python3.8/site-packages/airflow/example_dags/example_sla_dag.py
[2024-03-13T06:44:25.682+0000] {processor.py:840} INFO - DAG(s) 'example_sla_dag' retrieved from /home/airflow/.local/lib/python3.8/site-packages/airflow/example_dags/example_sla_dag.py
[2024-03-13T06:44:25.697+0000] {logging_mixin.py:188} INFO - [2024-03-13T06:44:25.697+0000] {dag.py:3047} INFO - Sync 1 DAGs
[2024-03-13T06:44:25.716+0000] {logging_mixin.py:188} INFO - [2024-03-13T06:44:25.716+0000] {dag.py:3834} INFO - Setting next_dagrun for example_sla_dag to 2024-03-13 06:42:00+00:00, run_after=2024-03-13 06:44:00+00:00
[2024-03-13T06:44:25.730+0000] {processor.py:183} INFO - Processing /home/airflow/.local/lib/python3.8/site-packages/airflow/example_dags/example_sla_dag.py took 0.059 seconds
[2024-03-13T06:44:56.672+0000] {processor.py:161} INFO - Started process (PID=979) to work on /home/airflow/.local/lib/python3.8/site-packages/airflow/example_dags/example_sla_dag.py
[2024-03-13T06:44:56.673+0000] {processor.py:830} INFO - Processing file /home/airflow/.local/lib/python3.8/site-packages/airflow/example_dags/example_sla_dag.py for tasks to queue
[2024-03-13T06:44:56.675+0000] {logging_mixin.py:188} INFO - [2024-03-13T06:44:56.674+0000] {dagbag.py:540} INFO - Filling up the DagBag from /home/airflow/.local/lib/python3.8/site-packages/airflow/example_dags/example_sla_dag.py
[2024-03-13T06:44:56.686+0000] {processor.py:840} INFO - DAG(s) 'example_sla_dag' retrieved from /home/airflow/.local/lib/python3.8/site-packages/airflow/example_dags/example_sla_dag.py
[2024-03-13T06:44:56.708+0000] {logging_mixin.py:188} INFO - [2024-03-13T06:44:56.708+0000] {dag.py:3047} INFO - Sync 1 DAGs
[2024-03-13T06:44:56.734+0000] {logging_mixin.py:188} INFO - [2024-03-13T06:44:56.734+0000] {dag.py:3834} INFO - Setting next_dagrun for example_sla_dag to 2024-03-13 06:42:00+00:00, run_after=2024-03-13 06:44:00+00:00
[2024-03-13T06:44:56.757+0000] {processor.py:183} INFO - Processing /home/airflow/.local/lib/python3.8/site-packages/airflow/example_dags/example_sla_dag.py took 0.088 seconds
[2024-03-13T06:45:27.368+0000] {processor.py:161} INFO - Started process (PID=1036) to work on /home/airflow/.local/lib/python3.8/site-packages/airflow/example_dags/example_sla_dag.py
[2024-03-13T06:45:27.368+0000] {processor.py:830} INFO - Processing file /home/airflow/.local/lib/python3.8/site-packages/airflow/example_dags/example_sla_dag.py for tasks to queue
[2024-03-13T06:45:27.369+0000] {logging_mixin.py:188} INFO - [2024-03-13T06:45:27.369+0000] {dagbag.py:540} INFO - Filling up the DagBag from /home/airflow/.local/lib/python3.8/site-packages/airflow/example_dags/example_sla_dag.py
[2024-03-13T06:45:27.377+0000] {processor.py:840} INFO - DAG(s) 'example_sla_dag' retrieved from /home/airflow/.local/lib/python3.8/site-packages/airflow/example_dags/example_sla_dag.py
[2024-03-13T06:45:27.392+0000] {logging_mixin.py:188} INFO - [2024-03-13T06:45:27.391+0000] {dag.py:3047} INFO - Sync 1 DAGs
[2024-03-13T06:45:27.412+0000] {logging_mixin.py:188} INFO - [2024-03-13T06:45:27.412+0000] {dag.py:3834} INFO - Setting next_dagrun for example_sla_dag to 2024-03-13 06:42:00+00:00, run_after=2024-03-13 06:44:00+00:00
[2024-03-13T06:45:27.429+0000] {processor.py:183} INFO - Processing /home/airflow/.local/lib/python3.8/site-packages/airflow/example_dags/example_sla_dag.py took 0.063 seconds
[2024-03-13T06:45:57.908+0000] {processor.py:161} INFO - Started process (PID=1092) to work on /home/airflow/.local/lib/python3.8/site-packages/airflow/example_dags/example_sla_dag.py
[2024-03-13T06:45:57.909+0000] {processor.py:830} INFO - Processing file /home/airflow/.local/lib/python3.8/site-packages/airflow/example_dags/example_sla_dag.py for tasks to queue
[2024-03-13T06:45:57.910+0000] {logging_mixin.py:188} INFO - [2024-03-13T06:45:57.910+0000] {dagbag.py:540} INFO - Filling up the DagBag from /home/airflow/.local/lib/python3.8/site-packages/airflow/example_dags/example_sla_dag.py
[2024-03-13T06:45:57.917+0000] {processor.py:840} INFO - DAG(s) 'example_sla_dag' retrieved from /home/airflow/.local/lib/python3.8/site-packages/airflow/example_dags/example_sla_dag.py
[2024-03-13T06:45:57.933+0000] {logging_mixin.py:188} INFO - [2024-03-13T06:45:57.933+0000] {dag.py:3047} INFO - Sync 1 DAGs
[2024-03-13T06:45:57.955+0000] {logging_mixin.py:188} INFO - [2024-03-13T06:45:57.955+0000] {dag.py:3834} INFO - Setting next_dagrun for example_sla_dag to 2024-03-13 06:42:00+00:00, run_after=2024-03-13 06:44:00+00:00
[2024-03-13T06:45:57.973+0000] {processor.py:183} INFO - Processing /home/airflow/.local/lib/python3.8/site-packages/airflow/example_dags/example_sla_dag.py took 0.068 seconds
[2024-03-13T06:46:28.327+0000] {processor.py:161} INFO - Started process (PID=1148) to work on /home/airflow/.local/lib/python3.8/site-packages/airflow/example_dags/example_sla_dag.py
[2024-03-13T06:46:28.328+0000] {processor.py:830} INFO - Processing file /home/airflow/.local/lib/python3.8/site-packages/airflow/example_dags/example_sla_dag.py for tasks to queue
[2024-03-13T06:46:28.328+0000] {logging_mixin.py:188} INFO - [2024-03-13T06:46:28.328+0000] {dagbag.py:540} INFO - Filling up the DagBag from /home/airflow/.local/lib/python3.8/site-packages/airflow/example_dags/example_sla_dag.py
[2024-03-13T06:46:28.336+0000] {processor.py:840} INFO - DAG(s) 'example_sla_dag' retrieved from /home/airflow/.local/lib/python3.8/site-packages/airflow/example_dags/example_sla_dag.py
[2024-03-13T06:46:28.351+0000] {logging_mixin.py:188} INFO - [2024-03-13T06:46:28.351+0000] {dag.py:3047} INFO - Sync 1 DAGs
[2024-03-13T06:46:28.372+0000] {logging_mixin.py:188} INFO - [2024-03-13T06:46:28.372+0000] {dag.py:3834} INFO - Setting next_dagrun for example_sla_dag to 2024-03-13 06:44:00+00:00, run_after=2024-03-13 06:46:00+00:00
[2024-03-13T06:46:28.393+0000] {processor.py:183} INFO - Processing /home/airflow/.local/lib/python3.8/site-packages/airflow/example_dags/example_sla_dag.py took 0.069 seconds
[2024-03-13T06:46:58.679+0000] {processor.py:161} INFO - Started process (PID=1211) to work on /home/airflow/.local/lib/python3.8/site-packages/airflow/example_dags/example_sla_dag.py
[2024-03-13T06:46:58.681+0000] {processor.py:830} INFO - Processing file /home/airflow/.local/lib/python3.8/site-packages/airflow/example_dags/example_sla_dag.py for tasks to queue
[2024-03-13T06:46:58.682+0000] {logging_mixin.py:188} INFO - [2024-03-13T06:46:58.682+0000] {dagbag.py:540} INFO - Filling up the DagBag from /home/airflow/.local/lib/python3.8/site-packages/airflow/example_dags/example_sla_dag.py
[2024-03-13T06:46:58.688+0000] {processor.py:840} INFO - DAG(s) 'example_sla_dag' retrieved from /home/airflow/.local/lib/python3.8/site-packages/airflow/example_dags/example_sla_dag.py
[2024-03-13T06:46:58.704+0000] {logging_mixin.py:188} INFO - [2024-03-13T06:46:58.704+0000] {dag.py:3047} INFO - Sync 1 DAGs
[2024-03-13T06:46:58.725+0000] {logging_mixin.py:188} INFO - [2024-03-13T06:46:58.725+0000] {dag.py:3834} INFO - Setting next_dagrun for example_sla_dag to 2024-03-13 06:44:00+00:00, run_after=2024-03-13 06:46:00+00:00
[2024-03-13T06:46:58.743+0000] {processor.py:183} INFO - Processing /home/airflow/.local/lib/python3.8/site-packages/airflow/example_dags/example_sla_dag.py took 0.066 seconds
[2024-03-13T06:47:29.645+0000] {processor.py:161} INFO - Started process (PID=1267) to work on /home/airflow/.local/lib/python3.8/site-packages/airflow/example_dags/example_sla_dag.py
[2024-03-13T06:47:29.646+0000] {processor.py:830} INFO - Processing file /home/airflow/.local/lib/python3.8/site-packages/airflow/example_dags/example_sla_dag.py for tasks to queue
[2024-03-13T06:47:29.647+0000] {logging_mixin.py:188} INFO - [2024-03-13T06:47:29.646+0000] {dagbag.py:540} INFO - Filling up the DagBag from /home/airflow/.local/lib/python3.8/site-packages/airflow/example_dags/example_sla_dag.py
[2024-03-13T06:47:29.655+0000] {processor.py:840} INFO - DAG(s) 'example_sla_dag' retrieved from /home/airflow/.local/lib/python3.8/site-packages/airflow/example_dags/example_sla_dag.py
[2024-03-13T06:47:29.677+0000] {logging_mixin.py:188} INFO - [2024-03-13T06:47:29.677+0000] {dag.py:3047} INFO - Sync 1 DAGs
[2024-03-13T06:47:29.701+0000] {logging_mixin.py:188} INFO - [2024-03-13T06:47:29.701+0000] {dag.py:3834} INFO - Setting next_dagrun for example_sla_dag to 2024-03-13 06:44:00+00:00, run_after=2024-03-13 06:46:00+00:00
[2024-03-13T06:47:29.726+0000] {processor.py:183} INFO - Processing /home/airflow/.local/lib/python3.8/site-packages/airflow/example_dags/example_sla_dag.py took 0.085 seconds
[2024-03-13T06:48:00.178+0000] {processor.py:161} INFO - Started process (PID=1323) to work on /home/airflow/.local/lib/python3.8/site-packages/airflow/example_dags/example_sla_dag.py
[2024-03-13T06:48:00.179+0000] {processor.py:830} INFO - Processing file /home/airflow/.local/lib/python3.8/site-packages/airflow/example_dags/example_sla_dag.py for tasks to queue
[2024-03-13T06:48:00.180+0000] {logging_mixin.py:188} INFO - [2024-03-13T06:48:00.180+0000] {dagbag.py:540} INFO - Filling up the DagBag from /home/airflow/.local/lib/python3.8/site-packages/airflow/example_dags/example_sla_dag.py
[2024-03-13T06:48:00.188+0000] {processor.py:840} INFO - DAG(s) 'example_sla_dag' retrieved from /home/airflow/.local/lib/python3.8/site-packages/airflow/example_dags/example_sla_dag.py
[2024-03-13T06:48:00.204+0000] {logging_mixin.py:188} INFO - [2024-03-13T06:48:00.203+0000] {dag.py:3047} INFO - Sync 1 DAGs
[2024-03-13T06:48:00.223+0000] {logging_mixin.py:188} INFO - [2024-03-13T06:48:00.223+0000] {dag.py:3834} INFO - Setting next_dagrun for example_sla_dag to 2024-03-13 06:46:00+00:00, run_after=2024-03-13 06:48:00+00:00
[2024-03-13T06:48:00.240+0000] {processor.py:183} INFO - Processing /home/airflow/.local/lib/python3.8/site-packages/airflow/example_dags/example_sla_dag.py took 0.065 seconds
[2024-03-13T06:48:30.494+0000] {processor.py:161} INFO - Started process (PID=1380) to work on /home/airflow/.local/lib/python3.8/site-packages/airflow/example_dags/example_sla_dag.py
[2024-03-13T06:48:30.495+0000] {processor.py:830} INFO - Processing file /home/airflow/.local/lib/python3.8/site-packages/airflow/example_dags/example_sla_dag.py for tasks to queue
[2024-03-13T06:48:30.496+0000] {logging_mixin.py:188} INFO - [2024-03-13T06:48:30.496+0000] {dagbag.py:540} INFO - Filling up the DagBag from /home/airflow/.local/lib/python3.8/site-packages/airflow/example_dags/example_sla_dag.py
[2024-03-13T06:48:30.505+0000] {processor.py:840} INFO - DAG(s) 'example_sla_dag' retrieved from /home/airflow/.local/lib/python3.8/site-packages/airflow/example_dags/example_sla_dag.py
[2024-03-13T06:48:30.523+0000] {logging_mixin.py:188} INFO - [2024-03-13T06:48:30.522+0000] {dag.py:3047} INFO - Sync 1 DAGs
[2024-03-13T06:48:30.546+0000] {logging_mixin.py:188} INFO - [2024-03-13T06:48:30.546+0000] {dag.py:3834} INFO - Setting next_dagrun for example_sla_dag to 2024-03-13 06:46:00+00:00, run_after=2024-03-13 06:48:00+00:00
[2024-03-13T06:48:30.568+0000] {processor.py:183} INFO - Processing /home/airflow/.local/lib/python3.8/site-packages/airflow/example_dags/example_sla_dag.py took 0.077 seconds
[2024-03-13T06:49:00.642+0000] {processor.py:161} INFO - Started process (PID=1437) to work on /home/airflow/.local/lib/python3.8/site-packages/airflow/example_dags/example_sla_dag.py
[2024-03-13T06:49:00.643+0000] {processor.py:830} INFO - Processing file /home/airflow/.local/lib/python3.8/site-packages/airflow/example_dags/example_sla_dag.py for tasks to queue
[2024-03-13T06:49:00.644+0000] {logging_mixin.py:188} INFO - [2024-03-13T06:49:00.644+0000] {dagbag.py:540} INFO - Filling up the DagBag from /home/airflow/.local/lib/python3.8/site-packages/airflow/example_dags/example_sla_dag.py
[2024-03-13T06:49:00.651+0000] {processor.py:840} INFO - DAG(s) 'example_sla_dag' retrieved from /home/airflow/.local/lib/python3.8/site-packages/airflow/example_dags/example_sla_dag.py
[2024-03-13T06:49:00.665+0000] {logging_mixin.py:188} INFO - [2024-03-13T06:49:00.665+0000] {dag.py:3047} INFO - Sync 1 DAGs
[2024-03-13T06:49:00.683+0000] {logging_mixin.py:188} INFO - [2024-03-13T06:49:00.683+0000] {dag.py:3834} INFO - Setting next_dagrun for example_sla_dag to 2024-03-13 06:46:00+00:00, run_after=2024-03-13 06:48:00+00:00
[2024-03-13T06:49:00.699+0000] {processor.py:183} INFO - Processing /home/airflow/.local/lib/python3.8/site-packages/airflow/example_dags/example_sla_dag.py took 0.059 seconds
[2024-03-13T06:49:30.953+0000] {processor.py:161} INFO - Started process (PID=1493) to work on /home/airflow/.local/lib/python3.8/site-packages/airflow/example_dags/example_sla_dag.py
[2024-03-13T06:49:30.954+0000] {processor.py:830} INFO - Processing file /home/airflow/.local/lib/python3.8/site-packages/airflow/example_dags/example_sla_dag.py for tasks to queue
[2024-03-13T06:49:30.955+0000] {logging_mixin.py:188} INFO - [2024-03-13T06:49:30.955+0000] {dagbag.py:540} INFO - Filling up the DagBag from /home/airflow/.local/lib/python3.8/site-packages/airflow/example_dags/example_sla_dag.py
[2024-03-13T06:49:30.962+0000] {processor.py:840} INFO - DAG(s) 'example_sla_dag' retrieved from /home/airflow/.local/lib/python3.8/site-packages/airflow/example_dags/example_sla_dag.py
[2024-03-13T06:49:30.977+0000] {logging_mixin.py:188} INFO - [2024-03-13T06:49:30.977+0000] {dag.py:3047} INFO - Sync 1 DAGs
[2024-03-13T06:49:30.997+0000] {logging_mixin.py:188} INFO - [2024-03-13T06:49:30.997+0000] {dag.py:3834} INFO - Setting next_dagrun for example_sla_dag to 2024-03-13 06:46:00+00:00, run_after=2024-03-13 06:48:00+00:00
[2024-03-13T06:49:31.013+0000] {processor.py:183} INFO - Processing /home/airflow/.local/lib/python3.8/site-packages/airflow/example_dags/example_sla_dag.py took 0.062 seconds
[2024-03-13T06:50:01.181+0000] {processor.py:161} INFO - Started process (PID=1551) to work on /home/airflow/.local/lib/python3.8/site-packages/airflow/example_dags/example_sla_dag.py
[2024-03-13T06:50:01.182+0000] {processor.py:830} INFO - Processing file /home/airflow/.local/lib/python3.8/site-packages/airflow/example_dags/example_sla_dag.py for tasks to queue
[2024-03-13T06:50:01.184+0000] {logging_mixin.py:188} INFO - [2024-03-13T06:50:01.183+0000] {dagbag.py:540} INFO - Filling up the DagBag from /home/airflow/.local/lib/python3.8/site-packages/airflow/example_dags/example_sla_dag.py
[2024-03-13T06:50:01.190+0000] {processor.py:840} INFO - DAG(s) 'example_sla_dag' retrieved from /home/airflow/.local/lib/python3.8/site-packages/airflow/example_dags/example_sla_dag.py
[2024-03-13T06:50:01.206+0000] {logging_mixin.py:188} INFO - [2024-03-13T06:50:01.206+0000] {dag.py:3047} INFO - Sync 1 DAGs
[2024-03-13T06:50:01.225+0000] {logging_mixin.py:188} INFO - [2024-03-13T06:50:01.225+0000] {dag.py:3834} INFO - Setting next_dagrun for example_sla_dag to 2024-03-13 06:48:00+00:00, run_after=2024-03-13 06:50:00+00:00
[2024-03-13T06:50:01.243+0000] {processor.py:183} INFO - Processing /home/airflow/.local/lib/python3.8/site-packages/airflow/example_dags/example_sla_dag.py took 0.065 seconds
[2024-03-13T06:50:31.322+0000] {processor.py:161} INFO - Started process (PID=1608) to work on /home/airflow/.local/lib/python3.8/site-packages/airflow/example_dags/example_sla_dag.py
[2024-03-13T06:50:31.323+0000] {processor.py:830} INFO - Processing file /home/airflow/.local/lib/python3.8/site-packages/airflow/example_dags/example_sla_dag.py for tasks to queue
[2024-03-13T06:50:31.324+0000] {logging_mixin.py:188} INFO - [2024-03-13T06:50:31.324+0000] {dagbag.py:540} INFO - Filling up the DagBag from /home/airflow/.local/lib/python3.8/site-packages/airflow/example_dags/example_sla_dag.py
[2024-03-13T06:50:31.331+0000] {processor.py:840} INFO - DAG(s) 'example_sla_dag' retrieved from /home/airflow/.local/lib/python3.8/site-packages/airflow/example_dags/example_sla_dag.py
[2024-03-13T06:50:31.344+0000] {logging_mixin.py:188} INFO - [2024-03-13T06:50:31.344+0000] {dag.py:3047} INFO - Sync 1 DAGs
[2024-03-13T06:50:31.363+0000] {logging_mixin.py:188} INFO - [2024-03-13T06:50:31.363+0000] {dag.py:3834} INFO - Setting next_dagrun for example_sla_dag to 2024-03-13 06:48:00+00:00, run_after=2024-03-13 06:50:00+00:00
[2024-03-13T06:50:31.379+0000] {processor.py:183} INFO - Processing /home/airflow/.local/lib/python3.8/site-packages/airflow/example_dags/example_sla_dag.py took 0.059 seconds
[2024-03-13T06:51:01.627+0000] {processor.py:161} INFO - Started process (PID=1668) to work on /home/airflow/.local/lib/python3.8/site-packages/airflow/example_dags/example_sla_dag.py
[2024-03-13T06:51:01.628+0000] {processor.py:830} INFO - Processing file /home/airflow/.local/lib/python3.8/site-packages/airflow/example_dags/example_sla_dag.py for tasks to queue
[2024-03-13T06:51:01.629+0000] {logging_mixin.py:188} INFO - [2024-03-13T06:51:01.629+0000] {dagbag.py:540} INFO - Filling up the DagBag from /home/airflow/.local/lib/python3.8/site-packages/airflow/example_dags/example_sla_dag.py
[2024-03-13T06:51:01.637+0000] {processor.py:840} INFO - DAG(s) 'example_sla_dag' retrieved from /home/airflow/.local/lib/python3.8/site-packages/airflow/example_dags/example_sla_dag.py
[2024-03-13T06:51:01.651+0000] {logging_mixin.py:188} INFO - [2024-03-13T06:51:01.651+0000] {dag.py:3047} INFO - Sync 1 DAGs
[2024-03-13T06:51:01.670+0000] {logging_mixin.py:188} INFO - [2024-03-13T06:51:01.670+0000] {dag.py:3834} INFO - Setting next_dagrun for example_sla_dag to 2024-03-13 06:48:00+00:00, run_after=2024-03-13 06:50:00+00:00
[2024-03-13T06:51:01.686+0000] {processor.py:183} INFO - Processing /home/airflow/.local/lib/python3.8/site-packages/airflow/example_dags/example_sla_dag.py took 0.061 seconds
[2024-03-13T06:52:20.406+0000] {processor.py:161} INFO - Started process (PID=83) to work on /home/airflow/.local/lib/python3.8/site-packages/airflow/example_dags/example_sla_dag.py
[2024-03-13T06:52:20.407+0000] {processor.py:830} INFO - Processing file /home/airflow/.local/lib/python3.8/site-packages/airflow/example_dags/example_sla_dag.py for tasks to queue
[2024-03-13T06:52:20.409+0000] {logging_mixin.py:188} INFO - [2024-03-13T06:52:20.409+0000] {dagbag.py:540} INFO - Filling up the DagBag from /home/airflow/.local/lib/python3.8/site-packages/airflow/example_dags/example_sla_dag.py
[2024-03-13T06:52:20.424+0000] {processor.py:840} INFO - DAG(s) 'example_sla_dag' retrieved from /home/airflow/.local/lib/python3.8/site-packages/airflow/example_dags/example_sla_dag.py
[2024-03-13T06:52:20.443+0000] {logging_mixin.py:188} INFO - [2024-03-13T06:52:20.442+0000] {dag.py:3047} INFO - Sync 1 DAGs
[2024-03-13T06:52:20.474+0000] {logging_mixin.py:188} INFO - [2024-03-13T06:52:20.473+0000] {dag.py:3834} INFO - Setting next_dagrun for example_sla_dag to 2024-03-13 06:50:00+00:00, run_after=2024-03-13 06:52:00+00:00
[2024-03-13T06:52:20.498+0000] {processor.py:183} INFO - Processing /home/airflow/.local/lib/python3.8/site-packages/airflow/example_dags/example_sla_dag.py took 0.096 seconds
[2024-03-13T06:52:51.907+0000] {processor.py:161} INFO - Started process (PID=139) to work on /home/airflow/.local/lib/python3.8/site-packages/airflow/example_dags/example_sla_dag.py
[2024-03-13T06:52:51.908+0000] {processor.py:830} INFO - Processing file /home/airflow/.local/lib/python3.8/site-packages/airflow/example_dags/example_sla_dag.py for tasks to queue
[2024-03-13T06:52:51.910+0000] {logging_mixin.py:188} INFO - [2024-03-13T06:52:51.909+0000] {dagbag.py:540} INFO - Filling up the DagBag from /home/airflow/.local/lib/python3.8/site-packages/airflow/example_dags/example_sla_dag.py
[2024-03-13T06:52:51.916+0000] {processor.py:840} INFO - DAG(s) 'example_sla_dag' retrieved from /home/airflow/.local/lib/python3.8/site-packages/airflow/example_dags/example_sla_dag.py
[2024-03-13T06:52:51.988+0000] {logging_mixin.py:188} INFO - [2024-03-13T06:52:51.988+0000] {dag.py:3047} INFO - Sync 1 DAGs
[2024-03-13T06:52:52.005+0000] {logging_mixin.py:188} INFO - [2024-03-13T06:52:52.004+0000] {dag.py:3834} INFO - Setting next_dagrun for example_sla_dag to 2024-03-13 06:50:00+00:00, run_after=2024-03-13 06:52:00+00:00
[2024-03-13T06:52:52.021+0000] {processor.py:183} INFO - Processing /home/airflow/.local/lib/python3.8/site-packages/airflow/example_dags/example_sla_dag.py took 0.116 seconds
[2024-03-13T06:53:22.585+0000] {processor.py:161} INFO - Started process (PID=195) to work on /home/airflow/.local/lib/python3.8/site-packages/airflow/example_dags/example_sla_dag.py
[2024-03-13T06:53:22.586+0000] {processor.py:830} INFO - Processing file /home/airflow/.local/lib/python3.8/site-packages/airflow/example_dags/example_sla_dag.py for tasks to queue
[2024-03-13T06:53:22.587+0000] {logging_mixin.py:188} INFO - [2024-03-13T06:53:22.587+0000] {dagbag.py:540} INFO - Filling up the DagBag from /home/airflow/.local/lib/python3.8/site-packages/airflow/example_dags/example_sla_dag.py
[2024-03-13T06:53:22.594+0000] {processor.py:840} INFO - DAG(s) 'example_sla_dag' retrieved from /home/airflow/.local/lib/python3.8/site-packages/airflow/example_dags/example_sla_dag.py
[2024-03-13T06:53:22.609+0000] {logging_mixin.py:188} INFO - [2024-03-13T06:53:22.608+0000] {dag.py:3047} INFO - Sync 1 DAGs
[2024-03-13T06:53:22.627+0000] {logging_mixin.py:188} INFO - [2024-03-13T06:53:22.627+0000] {dag.py:3834} INFO - Setting next_dagrun for example_sla_dag to 2024-03-13 06:50:00+00:00, run_after=2024-03-13 06:52:00+00:00
[2024-03-13T06:53:22.642+0000] {processor.py:183} INFO - Processing /home/airflow/.local/lib/python3.8/site-packages/airflow/example_dags/example_sla_dag.py took 0.060 seconds
[2024-03-13T06:53:52.993+0000] {processor.py:161} INFO - Started process (PID=251) to work on /home/airflow/.local/lib/python3.8/site-packages/airflow/example_dags/example_sla_dag.py
[2024-03-13T06:53:52.994+0000] {processor.py:830} INFO - Processing file /home/airflow/.local/lib/python3.8/site-packages/airflow/example_dags/example_sla_dag.py for tasks to queue
[2024-03-13T06:53:52.996+0000] {logging_mixin.py:188} INFO - [2024-03-13T06:53:52.996+0000] {dagbag.py:540} INFO - Filling up the DagBag from /home/airflow/.local/lib/python3.8/site-packages/airflow/example_dags/example_sla_dag.py
[2024-03-13T06:53:53.003+0000] {processor.py:840} INFO - DAG(s) 'example_sla_dag' retrieved from /home/airflow/.local/lib/python3.8/site-packages/airflow/example_dags/example_sla_dag.py
[2024-03-13T06:53:53.017+0000] {logging_mixin.py:188} INFO - [2024-03-13T06:53:53.017+0000] {dag.py:3047} INFO - Sync 1 DAGs
[2024-03-13T06:53:53.035+0000] {logging_mixin.py:188} INFO - [2024-03-13T06:53:53.035+0000] {dag.py:3834} INFO - Setting next_dagrun for example_sla_dag to 2024-03-13 06:50:00+00:00, run_after=2024-03-13 06:52:00+00:00
[2024-03-13T06:53:53.053+0000] {processor.py:183} INFO - Processing /home/airflow/.local/lib/python3.8/site-packages/airflow/example_dags/example_sla_dag.py took 0.062 seconds
[2024-03-13T06:54:23.209+0000] {processor.py:161} INFO - Started process (PID=306) to work on /home/airflow/.local/lib/python3.8/site-packages/airflow/example_dags/example_sla_dag.py
[2024-03-13T06:54:23.210+0000] {processor.py:830} INFO - Processing file /home/airflow/.local/lib/python3.8/site-packages/airflow/example_dags/example_sla_dag.py for tasks to queue
[2024-03-13T06:54:23.211+0000] {logging_mixin.py:188} INFO - [2024-03-13T06:54:23.211+0000] {dagbag.py:540} INFO - Filling up the DagBag from /home/airflow/.local/lib/python3.8/site-packages/airflow/example_dags/example_sla_dag.py
[2024-03-13T06:54:23.218+0000] {processor.py:840} INFO - DAG(s) 'example_sla_dag' retrieved from /home/airflow/.local/lib/python3.8/site-packages/airflow/example_dags/example_sla_dag.py
[2024-03-13T06:54:23.233+0000] {logging_mixin.py:188} INFO - [2024-03-13T06:54:23.232+0000] {dag.py:3047} INFO - Sync 1 DAGs
[2024-03-13T06:54:23.252+0000] {logging_mixin.py:188} INFO - [2024-03-13T06:54:23.251+0000] {dag.py:3834} INFO - Setting next_dagrun for example_sla_dag to 2024-03-13 06:52:00+00:00, run_after=2024-03-13 06:54:00+00:00
[2024-03-13T06:54:23.266+0000] {processor.py:183} INFO - Processing /home/airflow/.local/lib/python3.8/site-packages/airflow/example_dags/example_sla_dag.py took 0.059 seconds
[2024-03-13T06:54:53.985+0000] {processor.py:161} INFO - Started process (PID=362) to work on /home/airflow/.local/lib/python3.8/site-packages/airflow/example_dags/example_sla_dag.py
[2024-03-13T06:54:53.986+0000] {processor.py:830} INFO - Processing file /home/airflow/.local/lib/python3.8/site-packages/airflow/example_dags/example_sla_dag.py for tasks to queue
[2024-03-13T06:54:53.988+0000] {logging_mixin.py:188} INFO - [2024-03-13T06:54:53.988+0000] {dagbag.py:540} INFO - Filling up the DagBag from /home/airflow/.local/lib/python3.8/site-packages/airflow/example_dags/example_sla_dag.py
[2024-03-13T06:54:53.996+0000] {processor.py:840} INFO - DAG(s) 'example_sla_dag' retrieved from /home/airflow/.local/lib/python3.8/site-packages/airflow/example_dags/example_sla_dag.py
[2024-03-13T06:54:54.015+0000] {logging_mixin.py:188} INFO - [2024-03-13T06:54:54.014+0000] {dag.py:3047} INFO - Sync 1 DAGs
[2024-03-13T06:54:54.039+0000] {logging_mixin.py:188} INFO - [2024-03-13T06:54:54.039+0000] {dag.py:3834} INFO - Setting next_dagrun for example_sla_dag to 2024-03-13 06:52:00+00:00, run_after=2024-03-13 06:54:00+00:00
[2024-03-13T06:54:54.065+0000] {processor.py:183} INFO - Processing /home/airflow/.local/lib/python3.8/site-packages/airflow/example_dags/example_sla_dag.py took 0.083 seconds
[2024-03-13T06:55:24.870+0000] {processor.py:161} INFO - Started process (PID=418) to work on /home/airflow/.local/lib/python3.8/site-packages/airflow/example_dags/example_sla_dag.py
[2024-03-13T06:55:24.871+0000] {processor.py:830} INFO - Processing file /home/airflow/.local/lib/python3.8/site-packages/airflow/example_dags/example_sla_dag.py for tasks to queue
[2024-03-13T06:55:24.872+0000] {logging_mixin.py:188} INFO - [2024-03-13T06:55:24.872+0000] {dagbag.py:540} INFO - Filling up the DagBag from /home/airflow/.local/lib/python3.8/site-packages/airflow/example_dags/example_sla_dag.py
[2024-03-13T06:55:24.880+0000] {processor.py:840} INFO - DAG(s) 'example_sla_dag' retrieved from /home/airflow/.local/lib/python3.8/site-packages/airflow/example_dags/example_sla_dag.py
[2024-03-13T06:55:24.900+0000] {logging_mixin.py:188} INFO - [2024-03-13T06:55:24.900+0000] {dag.py:3047} INFO - Sync 1 DAGs
[2024-03-13T06:55:24.926+0000] {logging_mixin.py:188} INFO - [2024-03-13T06:55:24.925+0000] {dag.py:3834} INFO - Setting next_dagrun for example_sla_dag to 2024-03-13 06:52:00+00:00, run_after=2024-03-13 06:54:00+00:00
[2024-03-13T06:55:24.944+0000] {processor.py:183} INFO - Processing /home/airflow/.local/lib/python3.8/site-packages/airflow/example_dags/example_sla_dag.py took 0.077 seconds
[2024-03-13T06:55:55.416+0000] {processor.py:161} INFO - Started process (PID=475) to work on /home/airflow/.local/lib/python3.8/site-packages/airflow/example_dags/example_sla_dag.py
[2024-03-13T06:55:55.417+0000] {processor.py:830} INFO - Processing file /home/airflow/.local/lib/python3.8/site-packages/airflow/example_dags/example_sla_dag.py for tasks to queue
[2024-03-13T06:55:55.418+0000] {logging_mixin.py:188} INFO - [2024-03-13T06:55:55.418+0000] {dagbag.py:540} INFO - Filling up the DagBag from /home/airflow/.local/lib/python3.8/site-packages/airflow/example_dags/example_sla_dag.py
[2024-03-13T06:55:55.424+0000] {processor.py:840} INFO - DAG(s) 'example_sla_dag' retrieved from /home/airflow/.local/lib/python3.8/site-packages/airflow/example_dags/example_sla_dag.py
[2024-03-13T06:55:55.438+0000] {logging_mixin.py:188} INFO - [2024-03-13T06:55:55.438+0000] {dag.py:3047} INFO - Sync 1 DAGs
[2024-03-13T06:55:55.456+0000] {logging_mixin.py:188} INFO - [2024-03-13T06:55:55.456+0000] {dag.py:3834} INFO - Setting next_dagrun for example_sla_dag to 2024-03-13 06:52:00+00:00, run_after=2024-03-13 06:54:00+00:00
[2024-03-13T06:55:55.472+0000] {processor.py:183} INFO - Processing /home/airflow/.local/lib/python3.8/site-packages/airflow/example_dags/example_sla_dag.py took 0.058 seconds
[2024-03-13T06:56:26.229+0000] {processor.py:161} INFO - Started process (PID=532) to work on /home/airflow/.local/lib/python3.8/site-packages/airflow/example_dags/example_sla_dag.py
[2024-03-13T06:56:26.230+0000] {processor.py:830} INFO - Processing file /home/airflow/.local/lib/python3.8/site-packages/airflow/example_dags/example_sla_dag.py for tasks to queue
[2024-03-13T06:56:26.231+0000] {logging_mixin.py:188} INFO - [2024-03-13T06:56:26.231+0000] {dagbag.py:540} INFO - Filling up the DagBag from /home/airflow/.local/lib/python3.8/site-packages/airflow/example_dags/example_sla_dag.py
[2024-03-13T06:56:26.238+0000] {processor.py:840} INFO - DAG(s) 'example_sla_dag' retrieved from /home/airflow/.local/lib/python3.8/site-packages/airflow/example_dags/example_sla_dag.py
[2024-03-13T06:56:26.253+0000] {logging_mixin.py:188} INFO - [2024-03-13T06:56:26.253+0000] {dag.py:3047} INFO - Sync 1 DAGs
[2024-03-13T06:56:26.274+0000] {logging_mixin.py:188} INFO - [2024-03-13T06:56:26.273+0000] {dag.py:3834} INFO - Setting next_dagrun for example_sla_dag to 2024-03-13 06:54:00+00:00, run_after=2024-03-13 06:56:00+00:00
[2024-03-13T06:56:26.289+0000] {processor.py:183} INFO - Processing /home/airflow/.local/lib/python3.8/site-packages/airflow/example_dags/example_sla_dag.py took 0.062 seconds
[2024-03-13T07:02:14.122+0000] {processor.py:161} INFO - Started process (PID=83) to work on /home/airflow/.local/lib/python3.8/site-packages/airflow/example_dags/example_sla_dag.py
[2024-03-13T07:02:14.123+0000] {processor.py:830} INFO - Processing file /home/airflow/.local/lib/python3.8/site-packages/airflow/example_dags/example_sla_dag.py for tasks to queue
[2024-03-13T07:02:14.125+0000] {logging_mixin.py:188} INFO - [2024-03-13T07:02:14.125+0000] {dagbag.py:540} INFO - Filling up the DagBag from /home/airflow/.local/lib/python3.8/site-packages/airflow/example_dags/example_sla_dag.py
[2024-03-13T07:02:14.132+0000] {processor.py:840} INFO - DAG(s) 'example_sla_dag' retrieved from /home/airflow/.local/lib/python3.8/site-packages/airflow/example_dags/example_sla_dag.py
[2024-03-13T07:02:14.144+0000] {logging_mixin.py:188} INFO - [2024-03-13T07:02:14.144+0000] {dag.py:3047} INFO - Sync 1 DAGs
[2024-03-13T07:02:14.168+0000] {logging_mixin.py:188} INFO - [2024-03-13T07:02:14.168+0000] {dag.py:3834} INFO - Setting next_dagrun for example_sla_dag to 2024-03-13 07:00:00+00:00, run_after=2024-03-13 07:02:00+00:00
[2024-03-13T07:02:14.188+0000] {processor.py:183} INFO - Processing /home/airflow/.local/lib/python3.8/site-packages/airflow/example_dags/example_sla_dag.py took 0.068 seconds
[2024-03-13T07:02:45.522+0000] {processor.py:161} INFO - Started process (PID=140) to work on /home/airflow/.local/lib/python3.8/site-packages/airflow/example_dags/example_sla_dag.py
[2024-03-13T07:02:45.523+0000] {processor.py:830} INFO - Processing file /home/airflow/.local/lib/python3.8/site-packages/airflow/example_dags/example_sla_dag.py for tasks to queue
[2024-03-13T07:02:45.525+0000] {logging_mixin.py:188} INFO - [2024-03-13T07:02:45.524+0000] {dagbag.py:540} INFO - Filling up the DagBag from /home/airflow/.local/lib/python3.8/site-packages/airflow/example_dags/example_sla_dag.py
[2024-03-13T07:02:45.532+0000] {processor.py:840} INFO - DAG(s) 'example_sla_dag' retrieved from /home/airflow/.local/lib/python3.8/site-packages/airflow/example_dags/example_sla_dag.py
[2024-03-13T07:02:45.604+0000] {logging_mixin.py:188} INFO - [2024-03-13T07:02:45.604+0000] {dag.py:3047} INFO - Sync 1 DAGs
[2024-03-13T07:02:45.621+0000] {logging_mixin.py:188} INFO - [2024-03-13T07:02:45.621+0000] {dag.py:3834} INFO - Setting next_dagrun for example_sla_dag to 2024-03-13 07:00:00+00:00, run_after=2024-03-13 07:02:00+00:00
[2024-03-13T07:02:45.637+0000] {processor.py:183} INFO - Processing /home/airflow/.local/lib/python3.8/site-packages/airflow/example_dags/example_sla_dag.py took 0.117 seconds
[2024-03-13T07:03:16.075+0000] {processor.py:161} INFO - Started process (PID=196) to work on /home/airflow/.local/lib/python3.8/site-packages/airflow/example_dags/example_sla_dag.py
[2024-03-13T07:03:16.076+0000] {processor.py:830} INFO - Processing file /home/airflow/.local/lib/python3.8/site-packages/airflow/example_dags/example_sla_dag.py for tasks to queue
[2024-03-13T07:03:16.078+0000] {logging_mixin.py:188} INFO - [2024-03-13T07:03:16.077+0000] {dagbag.py:540} INFO - Filling up the DagBag from /home/airflow/.local/lib/python3.8/site-packages/airflow/example_dags/example_sla_dag.py
[2024-03-13T07:03:16.084+0000] {processor.py:840} INFO - DAG(s) 'example_sla_dag' retrieved from /home/airflow/.local/lib/python3.8/site-packages/airflow/example_dags/example_sla_dag.py
[2024-03-13T07:03:16.100+0000] {logging_mixin.py:188} INFO - [2024-03-13T07:03:16.100+0000] {dag.py:3047} INFO - Sync 1 DAGs
[2024-03-13T07:03:16.120+0000] {logging_mixin.py:188} INFO - [2024-03-13T07:03:16.120+0000] {dag.py:3834} INFO - Setting next_dagrun for example_sla_dag to 2024-03-13 07:00:00+00:00, run_after=2024-03-13 07:02:00+00:00
[2024-03-13T07:03:16.137+0000] {processor.py:183} INFO - Processing /home/airflow/.local/lib/python3.8/site-packages/airflow/example_dags/example_sla_dag.py took 0.065 seconds
[2024-03-13T07:03:46.428+0000] {processor.py:161} INFO - Started process (PID=252) to work on /home/airflow/.local/lib/python3.8/site-packages/airflow/example_dags/example_sla_dag.py
[2024-03-13T07:03:46.429+0000] {processor.py:830} INFO - Processing file /home/airflow/.local/lib/python3.8/site-packages/airflow/example_dags/example_sla_dag.py for tasks to queue
[2024-03-13T07:03:46.431+0000] {logging_mixin.py:188} INFO - [2024-03-13T07:03:46.430+0000] {dagbag.py:540} INFO - Filling up the DagBag from /home/airflow/.local/lib/python3.8/site-packages/airflow/example_dags/example_sla_dag.py
[2024-03-13T07:03:46.437+0000] {processor.py:840} INFO - DAG(s) 'example_sla_dag' retrieved from /home/airflow/.local/lib/python3.8/site-packages/airflow/example_dags/example_sla_dag.py
[2024-03-13T07:03:46.453+0000] {logging_mixin.py:188} INFO - [2024-03-13T07:03:46.452+0000] {dag.py:3047} INFO - Sync 1 DAGs
[2024-03-13T07:03:46.472+0000] {logging_mixin.py:188} INFO - [2024-03-13T07:03:46.472+0000] {dag.py:3834} INFO - Setting next_dagrun for example_sla_dag to 2024-03-13 07:00:00+00:00, run_after=2024-03-13 07:02:00+00:00
[2024-03-13T07:03:46.489+0000] {processor.py:183} INFO - Processing /home/airflow/.local/lib/python3.8/site-packages/airflow/example_dags/example_sla_dag.py took 0.065 seconds
[2024-03-13T07:04:17.112+0000] {processor.py:161} INFO - Started process (PID=308) to work on /home/airflow/.local/lib/python3.8/site-packages/airflow/example_dags/example_sla_dag.py
[2024-03-13T07:04:17.113+0000] {processor.py:830} INFO - Processing file /home/airflow/.local/lib/python3.8/site-packages/airflow/example_dags/example_sla_dag.py for tasks to queue
[2024-03-13T07:04:17.115+0000] {logging_mixin.py:188} INFO - [2024-03-13T07:04:17.114+0000] {dagbag.py:540} INFO - Filling up the DagBag from /home/airflow/.local/lib/python3.8/site-packages/airflow/example_dags/example_sla_dag.py
[2024-03-13T07:04:17.121+0000] {processor.py:840} INFO - DAG(s) 'example_sla_dag' retrieved from /home/airflow/.local/lib/python3.8/site-packages/airflow/example_dags/example_sla_dag.py
[2024-03-13T07:04:17.136+0000] {logging_mixin.py:188} INFO - [2024-03-13T07:04:17.136+0000] {dag.py:3047} INFO - Sync 1 DAGs
[2024-03-13T07:04:17.157+0000] {logging_mixin.py:188} INFO - [2024-03-13T07:04:17.156+0000] {dag.py:3834} INFO - Setting next_dagrun for example_sla_dag to 2024-03-13 07:02:00+00:00, run_after=2024-03-13 07:04:00+00:00
[2024-03-13T07:04:17.174+0000] {processor.py:183} INFO - Processing /home/airflow/.local/lib/python3.8/site-packages/airflow/example_dags/example_sla_dag.py took 0.064 seconds
[2024-03-13T07:04:47.445+0000] {processor.py:161} INFO - Started process (PID=364) to work on /home/airflow/.local/lib/python3.8/site-packages/airflow/example_dags/example_sla_dag.py
[2024-03-13T07:04:47.446+0000] {processor.py:830} INFO - Processing file /home/airflow/.local/lib/python3.8/site-packages/airflow/example_dags/example_sla_dag.py for tasks to queue
[2024-03-13T07:04:47.448+0000] {logging_mixin.py:188} INFO - [2024-03-13T07:04:47.448+0000] {dagbag.py:540} INFO - Filling up the DagBag from /home/airflow/.local/lib/python3.8/site-packages/airflow/example_dags/example_sla_dag.py
[2024-03-13T07:04:47.454+0000] {processor.py:840} INFO - DAG(s) 'example_sla_dag' retrieved from /home/airflow/.local/lib/python3.8/site-packages/airflow/example_dags/example_sla_dag.py
[2024-03-13T07:04:47.469+0000] {logging_mixin.py:188} INFO - [2024-03-13T07:04:47.469+0000] {dag.py:3047} INFO - Sync 1 DAGs
[2024-03-13T07:04:47.487+0000] {logging_mixin.py:188} INFO - [2024-03-13T07:04:47.487+0000] {dag.py:3834} INFO - Setting next_dagrun for example_sla_dag to 2024-03-13 07:02:00+00:00, run_after=2024-03-13 07:04:00+00:00
[2024-03-13T07:04:47.506+0000] {processor.py:183} INFO - Processing /home/airflow/.local/lib/python3.8/site-packages/airflow/example_dags/example_sla_dag.py took 0.063 seconds
[2024-03-13T07:05:17.826+0000] {processor.py:161} INFO - Started process (PID=420) to work on /home/airflow/.local/lib/python3.8/site-packages/airflow/example_dags/example_sla_dag.py
[2024-03-13T07:05:17.827+0000] {processor.py:830} INFO - Processing file /home/airflow/.local/lib/python3.8/site-packages/airflow/example_dags/example_sla_dag.py for tasks to queue
[2024-03-13T07:05:17.829+0000] {logging_mixin.py:188} INFO - [2024-03-13T07:05:17.828+0000] {dagbag.py:540} INFO - Filling up the DagBag from /home/airflow/.local/lib/python3.8/site-packages/airflow/example_dags/example_sla_dag.py
[2024-03-13T07:05:17.835+0000] {processor.py:840} INFO - DAG(s) 'example_sla_dag' retrieved from /home/airflow/.local/lib/python3.8/site-packages/airflow/example_dags/example_sla_dag.py
[2024-03-13T07:05:17.849+0000] {logging_mixin.py:188} INFO - [2024-03-13T07:05:17.849+0000] {dag.py:3047} INFO - Sync 1 DAGs
[2024-03-13T07:05:17.868+0000] {logging_mixin.py:188} INFO - [2024-03-13T07:05:17.868+0000] {dag.py:3834} INFO - Setting next_dagrun for example_sla_dag to 2024-03-13 07:02:00+00:00, run_after=2024-03-13 07:04:00+00:00
[2024-03-13T07:05:17.884+0000] {processor.py:183} INFO - Processing /home/airflow/.local/lib/python3.8/site-packages/airflow/example_dags/example_sla_dag.py took 0.060 seconds
[2024-03-13T07:05:48.115+0000] {processor.py:161} INFO - Started process (PID=476) to work on /home/airflow/.local/lib/python3.8/site-packages/airflow/example_dags/example_sla_dag.py
[2024-03-13T07:05:48.116+0000] {processor.py:830} INFO - Processing file /home/airflow/.local/lib/python3.8/site-packages/airflow/example_dags/example_sla_dag.py for tasks to queue
[2024-03-13T07:05:48.118+0000] {logging_mixin.py:188} INFO - [2024-03-13T07:05:48.117+0000] {dagbag.py:540} INFO - Filling up the DagBag from /home/airflow/.local/lib/python3.8/site-packages/airflow/example_dags/example_sla_dag.py
[2024-03-13T07:05:48.124+0000] {processor.py:840} INFO - DAG(s) 'example_sla_dag' retrieved from /home/airflow/.local/lib/python3.8/site-packages/airflow/example_dags/example_sla_dag.py
[2024-03-13T07:05:48.141+0000] {logging_mixin.py:188} INFO - [2024-03-13T07:05:48.140+0000] {dag.py:3047} INFO - Sync 1 DAGs
[2024-03-13T07:05:48.159+0000] {logging_mixin.py:188} INFO - [2024-03-13T07:05:48.159+0000] {dag.py:3834} INFO - Setting next_dagrun for example_sla_dag to 2024-03-13 07:02:00+00:00, run_after=2024-03-13 07:04:00+00:00
[2024-03-13T07:05:48.176+0000] {processor.py:183} INFO - Processing /home/airflow/.local/lib/python3.8/site-packages/airflow/example_dags/example_sla_dag.py took 0.063 seconds
[2024-03-13T07:06:18.614+0000] {processor.py:161} INFO - Started process (PID=532) to work on /home/airflow/.local/lib/python3.8/site-packages/airflow/example_dags/example_sla_dag.py
[2024-03-13T07:06:18.614+0000] {processor.py:830} INFO - Processing file /home/airflow/.local/lib/python3.8/site-packages/airflow/example_dags/example_sla_dag.py for tasks to queue
[2024-03-13T07:06:18.616+0000] {logging_mixin.py:188} INFO - [2024-03-13T07:06:18.616+0000] {dagbag.py:540} INFO - Filling up the DagBag from /home/airflow/.local/lib/python3.8/site-packages/airflow/example_dags/example_sla_dag.py
[2024-03-13T07:06:18.622+0000] {processor.py:840} INFO - DAG(s) 'example_sla_dag' retrieved from /home/airflow/.local/lib/python3.8/site-packages/airflow/example_dags/example_sla_dag.py
[2024-03-13T07:06:18.636+0000] {logging_mixin.py:188} INFO - [2024-03-13T07:06:18.636+0000] {dag.py:3047} INFO - Sync 1 DAGs
[2024-03-13T07:06:18.655+0000] {logging_mixin.py:188} INFO - [2024-03-13T07:06:18.655+0000] {dag.py:3834} INFO - Setting next_dagrun for example_sla_dag to 2024-03-13 07:04:00+00:00, run_after=2024-03-13 07:06:00+00:00
[2024-03-13T07:06:18.673+0000] {processor.py:183} INFO - Processing /home/airflow/.local/lib/python3.8/site-packages/airflow/example_dags/example_sla_dag.py took 0.061 seconds
[2024-03-13T07:06:49.006+0000] {processor.py:161} INFO - Started process (PID=588) to work on /home/airflow/.local/lib/python3.8/site-packages/airflow/example_dags/example_sla_dag.py
[2024-03-13T07:06:49.007+0000] {processor.py:830} INFO - Processing file /home/airflow/.local/lib/python3.8/site-packages/airflow/example_dags/example_sla_dag.py for tasks to queue
[2024-03-13T07:06:49.008+0000] {logging_mixin.py:188} INFO - [2024-03-13T07:06:49.008+0000] {dagbag.py:540} INFO - Filling up the DagBag from /home/airflow/.local/lib/python3.8/site-packages/airflow/example_dags/example_sla_dag.py
[2024-03-13T07:06:49.015+0000] {processor.py:840} INFO - DAG(s) 'example_sla_dag' retrieved from /home/airflow/.local/lib/python3.8/site-packages/airflow/example_dags/example_sla_dag.py
[2024-03-13T07:06:49.032+0000] {logging_mixin.py:188} INFO - [2024-03-13T07:06:49.031+0000] {dag.py:3047} INFO - Sync 1 DAGs
[2024-03-13T07:06:49.052+0000] {logging_mixin.py:188} INFO - [2024-03-13T07:06:49.052+0000] {dag.py:3834} INFO - Setting next_dagrun for example_sla_dag to 2024-03-13 07:04:00+00:00, run_after=2024-03-13 07:06:00+00:00
[2024-03-13T07:06:49.072+0000] {processor.py:183} INFO - Processing /home/airflow/.local/lib/python3.8/site-packages/airflow/example_dags/example_sla_dag.py took 0.069 seconds
[2024-03-13T07:09:31.215+0000] {processor.py:161} INFO - Started process (PID=84) to work on /home/airflow/.local/lib/python3.8/site-packages/airflow/example_dags/example_sla_dag.py
[2024-03-13T07:09:31.216+0000] {processor.py:830} INFO - Processing file /home/airflow/.local/lib/python3.8/site-packages/airflow/example_dags/example_sla_dag.py for tasks to queue
[2024-03-13T07:09:31.217+0000] {logging_mixin.py:188} INFO - [2024-03-13T07:09:31.217+0000] {dagbag.py:540} INFO - Filling up the DagBag from /home/airflow/.local/lib/python3.8/site-packages/airflow/example_dags/example_sla_dag.py
[2024-03-13T07:09:31.225+0000] {processor.py:840} INFO - DAG(s) 'example_sla_dag' retrieved from /home/airflow/.local/lib/python3.8/site-packages/airflow/example_dags/example_sla_dag.py
[2024-03-13T07:09:31.235+0000] {logging_mixin.py:188} INFO - [2024-03-13T07:09:31.235+0000] {dag.py:3047} INFO - Sync 1 DAGs
[2024-03-13T07:09:31.256+0000] {logging_mixin.py:188} INFO - [2024-03-13T07:09:31.255+0000] {dag.py:3834} INFO - Setting next_dagrun for example_sla_dag to 2024-03-13 07:06:00+00:00, run_after=2024-03-13 07:08:00+00:00
[2024-03-13T07:09:31.273+0000] {processor.py:183} INFO - Processing /home/airflow/.local/lib/python3.8/site-packages/airflow/example_dags/example_sla_dag.py took 0.061 seconds
[2024-03-13T07:10:02.718+0000] {processor.py:161} INFO - Started process (PID=140) to work on /home/airflow/.local/lib/python3.8/site-packages/airflow/example_dags/example_sla_dag.py
[2024-03-13T07:10:02.719+0000] {processor.py:830} INFO - Processing file /home/airflow/.local/lib/python3.8/site-packages/airflow/example_dags/example_sla_dag.py for tasks to queue
[2024-03-13T07:10:02.722+0000] {logging_mixin.py:188} INFO - [2024-03-13T07:10:02.721+0000] {dagbag.py:540} INFO - Filling up the DagBag from /home/airflow/.local/lib/python3.8/site-packages/airflow/example_dags/example_sla_dag.py
[2024-03-13T07:10:02.728+0000] {processor.py:840} INFO - DAG(s) 'example_sla_dag' retrieved from /home/airflow/.local/lib/python3.8/site-packages/airflow/example_dags/example_sla_dag.py
[2024-03-13T07:10:02.797+0000] {logging_mixin.py:188} INFO - [2024-03-13T07:10:02.796+0000] {dag.py:3047} INFO - Sync 1 DAGs
[2024-03-13T07:10:02.812+0000] {logging_mixin.py:188} INFO - [2024-03-13T07:10:02.812+0000] {dag.py:3834} INFO - Setting next_dagrun for example_sla_dag to 2024-03-13 07:08:00+00:00, run_after=2024-03-13 07:10:00+00:00
[2024-03-13T07:10:02.829+0000] {processor.py:183} INFO - Processing /home/airflow/.local/lib/python3.8/site-packages/airflow/example_dags/example_sla_dag.py took 0.113 seconds
[2024-03-13T07:10:33.427+0000] {processor.py:161} INFO - Started process (PID=196) to work on /home/airflow/.local/lib/python3.8/site-packages/airflow/example_dags/example_sla_dag.py
[2024-03-13T07:10:33.427+0000] {processor.py:830} INFO - Processing file /home/airflow/.local/lib/python3.8/site-packages/airflow/example_dags/example_sla_dag.py for tasks to queue
[2024-03-13T07:10:33.429+0000] {logging_mixin.py:188} INFO - [2024-03-13T07:10:33.429+0000] {dagbag.py:540} INFO - Filling up the DagBag from /home/airflow/.local/lib/python3.8/site-packages/airflow/example_dags/example_sla_dag.py
[2024-03-13T07:10:33.435+0000] {processor.py:840} INFO - DAG(s) 'example_sla_dag' retrieved from /home/airflow/.local/lib/python3.8/site-packages/airflow/example_dags/example_sla_dag.py
[2024-03-13T07:10:33.451+0000] {logging_mixin.py:188} INFO - [2024-03-13T07:10:33.451+0000] {dag.py:3047} INFO - Sync 1 DAGs
[2024-03-13T07:10:33.470+0000] {logging_mixin.py:188} INFO - [2024-03-13T07:10:33.470+0000] {dag.py:3834} INFO - Setting next_dagrun for example_sla_dag to 2024-03-13 07:08:00+00:00, run_after=2024-03-13 07:10:00+00:00
[2024-03-13T07:10:33.485+0000] {processor.py:183} INFO - Processing /home/airflow/.local/lib/python3.8/site-packages/airflow/example_dags/example_sla_dag.py took 0.061 seconds
[2024-03-13T07:11:03.773+0000] {processor.py:161} INFO - Started process (PID=252) to work on /home/airflow/.local/lib/python3.8/site-packages/airflow/example_dags/example_sla_dag.py
[2024-03-13T07:11:03.774+0000] {processor.py:830} INFO - Processing file /home/airflow/.local/lib/python3.8/site-packages/airflow/example_dags/example_sla_dag.py for tasks to queue
[2024-03-13T07:11:03.775+0000] {logging_mixin.py:188} INFO - [2024-03-13T07:11:03.775+0000] {dagbag.py:540} INFO - Filling up the DagBag from /home/airflow/.local/lib/python3.8/site-packages/airflow/example_dags/example_sla_dag.py
[2024-03-13T07:11:03.782+0000] {processor.py:840} INFO - DAG(s) 'example_sla_dag' retrieved from /home/airflow/.local/lib/python3.8/site-packages/airflow/example_dags/example_sla_dag.py
[2024-03-13T07:11:03.797+0000] {logging_mixin.py:188} INFO - [2024-03-13T07:11:03.797+0000] {dag.py:3047} INFO - Sync 1 DAGs
[2024-03-13T07:11:03.816+0000] {logging_mixin.py:188} INFO - [2024-03-13T07:11:03.816+0000] {dag.py:3834} INFO - Setting next_dagrun for example_sla_dag to 2024-03-13 07:08:00+00:00, run_after=2024-03-13 07:10:00+00:00
[2024-03-13T07:11:03.831+0000] {processor.py:183} INFO - Processing /home/airflow/.local/lib/python3.8/site-packages/airflow/example_dags/example_sla_dag.py took 0.061 seconds
[2024-03-13T07:11:34.190+0000] {processor.py:161} INFO - Started process (PID=309) to work on /home/airflow/.local/lib/python3.8/site-packages/airflow/example_dags/example_sla_dag.py
[2024-03-13T07:11:34.192+0000] {processor.py:830} INFO - Processing file /home/airflow/.local/lib/python3.8/site-packages/airflow/example_dags/example_sla_dag.py for tasks to queue
[2024-03-13T07:11:34.194+0000] {logging_mixin.py:188} INFO - [2024-03-13T07:11:34.193+0000] {dagbag.py:540} INFO - Filling up the DagBag from /home/airflow/.local/lib/python3.8/site-packages/airflow/example_dags/example_sla_dag.py
[2024-03-13T07:11:34.203+0000] {processor.py:840} INFO - DAG(s) 'example_sla_dag' retrieved from /home/airflow/.local/lib/python3.8/site-packages/airflow/example_dags/example_sla_dag.py
[2024-03-13T07:11:34.218+0000] {logging_mixin.py:188} INFO - [2024-03-13T07:11:34.218+0000] {dag.py:3047} INFO - Sync 1 DAGs
[2024-03-13T07:11:34.236+0000] {logging_mixin.py:188} INFO - [2024-03-13T07:11:34.236+0000] {dag.py:3834} INFO - Setting next_dagrun for example_sla_dag to 2024-03-13 07:08:00+00:00, run_after=2024-03-13 07:10:00+00:00
[2024-03-13T07:11:34.251+0000] {processor.py:183} INFO - Processing /home/airflow/.local/lib/python3.8/site-packages/airflow/example_dags/example_sla_dag.py took 0.063 seconds
