[2024-03-13T06:40:20.179+0000] {processor.py:161} INFO - Started process (PID=450) to work on /home/airflow/.local/lib/python3.8/site-packages/airflow/example_dags/example_xcomargs.py
[2024-03-13T06:40:20.180+0000] {processor.py:830} INFO - Processing file /home/airflow/.local/lib/python3.8/site-packages/airflow/example_dags/example_xcomargs.py for tasks to queue
[2024-03-13T06:40:20.181+0000] {logging_mixin.py:188} INFO - [2024-03-13T06:40:20.181+0000] {dagbag.py:540} INFO - Filling up the DagBag from /home/airflow/.local/lib/python3.8/site-packages/airflow/example_dags/example_xcomargs.py
[2024-03-13T06:40:20.188+0000] {processor.py:840} INFO - DAG(s) 'example_xcom_args', 'example_xcom_args_with_operators' retrieved from /home/airflow/.local/lib/python3.8/site-packages/airflow/example_dags/example_xcomargs.py
[2024-03-13T06:40:20.207+0000] {logging_mixin.py:188} INFO - [2024-03-13T06:40:20.206+0000] {dag.py:3047} INFO - Sync 2 DAGs
[2024-03-13T06:40:20.217+0000] {logging_mixin.py:188} INFO - [2024-03-13T06:40:20.216+0000] {dag.py:3834} INFO - Setting next_dagrun for example_xcom_args to None, run_after=None
[2024-03-13T06:40:20.220+0000] {logging_mixin.py:188} INFO - [2024-03-13T06:40:20.220+0000] {dag.py:3834} INFO - Setting next_dagrun for example_xcom_args_with_operators to None, run_after=None
[2024-03-13T06:40:20.234+0000] {processor.py:183} INFO - Processing /home/airflow/.local/lib/python3.8/site-packages/airflow/example_dags/example_xcomargs.py took 0.057 seconds
[2024-03-13T06:40:50.530+0000] {processor.py:161} INFO - Started process (PID=506) to work on /home/airflow/.local/lib/python3.8/site-packages/airflow/example_dags/example_xcomargs.py
[2024-03-13T06:40:50.531+0000] {processor.py:830} INFO - Processing file /home/airflow/.local/lib/python3.8/site-packages/airflow/example_dags/example_xcomargs.py for tasks to queue
[2024-03-13T06:40:50.532+0000] {logging_mixin.py:188} INFO - [2024-03-13T06:40:50.531+0000] {dagbag.py:540} INFO - Filling up the DagBag from /home/airflow/.local/lib/python3.8/site-packages/airflow/example_dags/example_xcomargs.py
[2024-03-13T06:40:50.538+0000] {processor.py:840} INFO - DAG(s) 'example_xcom_args_with_operators', 'example_xcom_args' retrieved from /home/airflow/.local/lib/python3.8/site-packages/airflow/example_dags/example_xcomargs.py
[2024-03-13T06:40:50.557+0000] {logging_mixin.py:188} INFO - [2024-03-13T06:40:50.557+0000] {dag.py:3047} INFO - Sync 2 DAGs
[2024-03-13T06:40:50.567+0000] {logging_mixin.py:188} INFO - [2024-03-13T06:40:50.566+0000] {dag.py:3834} INFO - Setting next_dagrun for example_xcom_args to None, run_after=None
[2024-03-13T06:40:50.569+0000] {logging_mixin.py:188} INFO - [2024-03-13T06:40:50.569+0000] {dag.py:3834} INFO - Setting next_dagrun for example_xcom_args_with_operators to None, run_after=None
[2024-03-13T06:40:50.584+0000] {processor.py:183} INFO - Processing /home/airflow/.local/lib/python3.8/site-packages/airflow/example_dags/example_xcomargs.py took 0.056 seconds
[2024-03-13T06:41:21.135+0000] {processor.py:161} INFO - Started process (PID=562) to work on /home/airflow/.local/lib/python3.8/site-packages/airflow/example_dags/example_xcomargs.py
[2024-03-13T06:41:21.136+0000] {processor.py:830} INFO - Processing file /home/airflow/.local/lib/python3.8/site-packages/airflow/example_dags/example_xcomargs.py for tasks to queue
[2024-03-13T06:41:21.137+0000] {logging_mixin.py:188} INFO - [2024-03-13T06:41:21.137+0000] {dagbag.py:540} INFO - Filling up the DagBag from /home/airflow/.local/lib/python3.8/site-packages/airflow/example_dags/example_xcomargs.py
[2024-03-13T06:41:21.144+0000] {processor.py:840} INFO - DAG(s) 'example_xcom_args_with_operators', 'example_xcom_args' retrieved from /home/airflow/.local/lib/python3.8/site-packages/airflow/example_dags/example_xcomargs.py
[2024-03-13T06:41:21.163+0000] {logging_mixin.py:188} INFO - [2024-03-13T06:41:21.163+0000] {dag.py:3047} INFO - Sync 2 DAGs
[2024-03-13T06:41:21.173+0000] {logging_mixin.py:188} INFO - [2024-03-13T06:41:21.173+0000] {dag.py:3834} INFO - Setting next_dagrun for example_xcom_args to None, run_after=None
[2024-03-13T06:41:21.176+0000] {logging_mixin.py:188} INFO - [2024-03-13T06:41:21.176+0000] {dag.py:3834} INFO - Setting next_dagrun for example_xcom_args_with_operators to None, run_after=None
[2024-03-13T06:41:21.192+0000] {processor.py:183} INFO - Processing /home/airflow/.local/lib/python3.8/site-packages/airflow/example_dags/example_xcomargs.py took 0.060 seconds
[2024-03-13T06:41:51.764+0000] {processor.py:161} INFO - Started process (PID=618) to work on /home/airflow/.local/lib/python3.8/site-packages/airflow/example_dags/example_xcomargs.py
[2024-03-13T06:41:51.765+0000] {processor.py:830} INFO - Processing file /home/airflow/.local/lib/python3.8/site-packages/airflow/example_dags/example_xcomargs.py for tasks to queue
[2024-03-13T06:41:51.767+0000] {logging_mixin.py:188} INFO - [2024-03-13T06:41:51.766+0000] {dagbag.py:540} INFO - Filling up the DagBag from /home/airflow/.local/lib/python3.8/site-packages/airflow/example_dags/example_xcomargs.py
[2024-03-13T06:41:51.773+0000] {processor.py:840} INFO - DAG(s) 'example_xcom_args_with_operators', 'example_xcom_args' retrieved from /home/airflow/.local/lib/python3.8/site-packages/airflow/example_dags/example_xcomargs.py
[2024-03-13T06:41:51.794+0000] {logging_mixin.py:188} INFO - [2024-03-13T06:41:51.794+0000] {dag.py:3047} INFO - Sync 2 DAGs
[2024-03-13T06:41:51.805+0000] {logging_mixin.py:188} INFO - [2024-03-13T06:41:51.805+0000] {dag.py:3834} INFO - Setting next_dagrun for example_xcom_args to None, run_after=None
[2024-03-13T06:41:51.808+0000] {logging_mixin.py:188} INFO - [2024-03-13T06:41:51.808+0000] {dag.py:3834} INFO - Setting next_dagrun for example_xcom_args_with_operators to None, run_after=None
[2024-03-13T06:41:51.824+0000] {processor.py:183} INFO - Processing /home/airflow/.local/lib/python3.8/site-packages/airflow/example_dags/example_xcomargs.py took 0.062 seconds
[2024-03-13T06:42:22.022+0000] {processor.py:161} INFO - Started process (PID=674) to work on /home/airflow/.local/lib/python3.8/site-packages/airflow/example_dags/example_xcomargs.py
[2024-03-13T06:42:22.023+0000] {processor.py:830} INFO - Processing file /home/airflow/.local/lib/python3.8/site-packages/airflow/example_dags/example_xcomargs.py for tasks to queue
[2024-03-13T06:42:22.024+0000] {logging_mixin.py:188} INFO - [2024-03-13T06:42:22.024+0000] {dagbag.py:540} INFO - Filling up the DagBag from /home/airflow/.local/lib/python3.8/site-packages/airflow/example_dags/example_xcomargs.py
[2024-03-13T06:42:22.031+0000] {processor.py:840} INFO - DAG(s) 'example_xcom_args', 'example_xcom_args_with_operators' retrieved from /home/airflow/.local/lib/python3.8/site-packages/airflow/example_dags/example_xcomargs.py
[2024-03-13T06:42:22.051+0000] {logging_mixin.py:188} INFO - [2024-03-13T06:42:22.051+0000] {dag.py:3047} INFO - Sync 2 DAGs
[2024-03-13T06:42:22.061+0000] {logging_mixin.py:188} INFO - [2024-03-13T06:42:22.061+0000] {dag.py:3834} INFO - Setting next_dagrun for example_xcom_args to None, run_after=None
[2024-03-13T06:42:22.065+0000] {logging_mixin.py:188} INFO - [2024-03-13T06:42:22.065+0000] {dag.py:3834} INFO - Setting next_dagrun for example_xcom_args_with_operators to None, run_after=None
[2024-03-13T06:42:22.080+0000] {processor.py:183} INFO - Processing /home/airflow/.local/lib/python3.8/site-packages/airflow/example_dags/example_xcomargs.py took 0.060 seconds
[2024-03-13T06:42:52.279+0000] {processor.py:161} INFO - Started process (PID=730) to work on /home/airflow/.local/lib/python3.8/site-packages/airflow/example_dags/example_xcomargs.py
[2024-03-13T06:42:52.280+0000] {processor.py:830} INFO - Processing file /home/airflow/.local/lib/python3.8/site-packages/airflow/example_dags/example_xcomargs.py for tasks to queue
[2024-03-13T06:42:52.282+0000] {logging_mixin.py:188} INFO - [2024-03-13T06:42:52.281+0000] {dagbag.py:540} INFO - Filling up the DagBag from /home/airflow/.local/lib/python3.8/site-packages/airflow/example_dags/example_xcomargs.py
[2024-03-13T06:42:52.288+0000] {processor.py:840} INFO - DAG(s) 'example_xcom_args_with_operators', 'example_xcom_args' retrieved from /home/airflow/.local/lib/python3.8/site-packages/airflow/example_dags/example_xcomargs.py
[2024-03-13T06:42:52.306+0000] {logging_mixin.py:188} INFO - [2024-03-13T06:42:52.306+0000] {dag.py:3047} INFO - Sync 2 DAGs
[2024-03-13T06:42:52.316+0000] {logging_mixin.py:188} INFO - [2024-03-13T06:42:52.315+0000] {dag.py:3834} INFO - Setting next_dagrun for example_xcom_args to None, run_after=None
[2024-03-13T06:42:52.320+0000] {logging_mixin.py:188} INFO - [2024-03-13T06:42:52.319+0000] {dag.py:3834} INFO - Setting next_dagrun for example_xcom_args_with_operators to None, run_after=None
[2024-03-13T06:42:52.335+0000] {processor.py:183} INFO - Processing /home/airflow/.local/lib/python3.8/site-packages/airflow/example_dags/example_xcomargs.py took 0.058 seconds
[2024-03-13T06:43:22.679+0000] {processor.py:161} INFO - Started process (PID=786) to work on /home/airflow/.local/lib/python3.8/site-packages/airflow/example_dags/example_xcomargs.py
[2024-03-13T06:43:22.680+0000] {processor.py:830} INFO - Processing file /home/airflow/.local/lib/python3.8/site-packages/airflow/example_dags/example_xcomargs.py for tasks to queue
[2024-03-13T06:43:22.681+0000] {logging_mixin.py:188} INFO - [2024-03-13T06:43:22.681+0000] {dagbag.py:540} INFO - Filling up the DagBag from /home/airflow/.local/lib/python3.8/site-packages/airflow/example_dags/example_xcomargs.py
[2024-03-13T06:43:22.687+0000] {processor.py:840} INFO - DAG(s) 'example_xcom_args', 'example_xcom_args_with_operators' retrieved from /home/airflow/.local/lib/python3.8/site-packages/airflow/example_dags/example_xcomargs.py
[2024-03-13T06:43:22.706+0000] {logging_mixin.py:188} INFO - [2024-03-13T06:43:22.705+0000] {dag.py:3047} INFO - Sync 2 DAGs
[2024-03-13T06:43:22.715+0000] {logging_mixin.py:188} INFO - [2024-03-13T06:43:22.715+0000] {dag.py:3834} INFO - Setting next_dagrun for example_xcom_args to None, run_after=None
[2024-03-13T06:43:22.718+0000] {logging_mixin.py:188} INFO - [2024-03-13T06:43:22.718+0000] {dag.py:3834} INFO - Setting next_dagrun for example_xcom_args_with_operators to None, run_after=None
[2024-03-13T06:43:22.732+0000] {processor.py:183} INFO - Processing /home/airflow/.local/lib/python3.8/site-packages/airflow/example_dags/example_xcomargs.py took 0.056 seconds
[2024-03-13T06:43:53.295+0000] {processor.py:161} INFO - Started process (PID=842) to work on /home/airflow/.local/lib/python3.8/site-packages/airflow/example_dags/example_xcomargs.py
[2024-03-13T06:43:53.296+0000] {processor.py:830} INFO - Processing file /home/airflow/.local/lib/python3.8/site-packages/airflow/example_dags/example_xcomargs.py for tasks to queue
[2024-03-13T06:43:53.297+0000] {logging_mixin.py:188} INFO - [2024-03-13T06:43:53.297+0000] {dagbag.py:540} INFO - Filling up the DagBag from /home/airflow/.local/lib/python3.8/site-packages/airflow/example_dags/example_xcomargs.py
[2024-03-13T06:43:53.303+0000] {processor.py:840} INFO - DAG(s) 'example_xcom_args_with_operators', 'example_xcom_args' retrieved from /home/airflow/.local/lib/python3.8/site-packages/airflow/example_dags/example_xcomargs.py
[2024-03-13T06:43:53.322+0000] {logging_mixin.py:188} INFO - [2024-03-13T06:43:53.322+0000] {dag.py:3047} INFO - Sync 2 DAGs
[2024-03-13T06:43:53.331+0000] {logging_mixin.py:188} INFO - [2024-03-13T06:43:53.331+0000] {dag.py:3834} INFO - Setting next_dagrun for example_xcom_args to None, run_after=None
[2024-03-13T06:43:53.334+0000] {logging_mixin.py:188} INFO - [2024-03-13T06:43:53.334+0000] {dag.py:3834} INFO - Setting next_dagrun for example_xcom_args_with_operators to None, run_after=None
[2024-03-13T06:43:53.353+0000] {processor.py:183} INFO - Processing /home/airflow/.local/lib/python3.8/site-packages/airflow/example_dags/example_xcomargs.py took 0.061 seconds
[2024-03-13T06:44:23.442+0000] {processor.py:161} INFO - Started process (PID=898) to work on /home/airflow/.local/lib/python3.8/site-packages/airflow/example_dags/example_xcomargs.py
[2024-03-13T06:44:23.443+0000] {processor.py:830} INFO - Processing file /home/airflow/.local/lib/python3.8/site-packages/airflow/example_dags/example_xcomargs.py for tasks to queue
[2024-03-13T06:44:23.443+0000] {logging_mixin.py:188} INFO - [2024-03-13T06:44:23.443+0000] {dagbag.py:540} INFO - Filling up the DagBag from /home/airflow/.local/lib/python3.8/site-packages/airflow/example_dags/example_xcomargs.py
[2024-03-13T06:44:23.449+0000] {processor.py:840} INFO - DAG(s) 'example_xcom_args_with_operators', 'example_xcom_args' retrieved from /home/airflow/.local/lib/python3.8/site-packages/airflow/example_dags/example_xcomargs.py
[2024-03-13T06:44:23.469+0000] {logging_mixin.py:188} INFO - [2024-03-13T06:44:23.468+0000] {dag.py:3047} INFO - Sync 2 DAGs
[2024-03-13T06:44:23.478+0000] {logging_mixin.py:188} INFO - [2024-03-13T06:44:23.477+0000] {dag.py:3834} INFO - Setting next_dagrun for example_xcom_args to None, run_after=None
[2024-03-13T06:44:23.481+0000] {logging_mixin.py:188} INFO - [2024-03-13T06:44:23.481+0000] {dag.py:3834} INFO - Setting next_dagrun for example_xcom_args_with_operators to None, run_after=None
[2024-03-13T06:44:23.497+0000] {processor.py:183} INFO - Processing /home/airflow/.local/lib/python3.8/site-packages/airflow/example_dags/example_xcomargs.py took 0.058 seconds
[2024-03-13T06:44:53.952+0000] {processor.py:161} INFO - Started process (PID=954) to work on /home/airflow/.local/lib/python3.8/site-packages/airflow/example_dags/example_xcomargs.py
[2024-03-13T06:44:53.953+0000] {processor.py:830} INFO - Processing file /home/airflow/.local/lib/python3.8/site-packages/airflow/example_dags/example_xcomargs.py for tasks to queue
[2024-03-13T06:44:53.958+0000] {logging_mixin.py:188} INFO - [2024-03-13T06:44:53.957+0000] {dagbag.py:540} INFO - Filling up the DagBag from /home/airflow/.local/lib/python3.8/site-packages/airflow/example_dags/example_xcomargs.py
[2024-03-13T06:44:53.974+0000] {processor.py:840} INFO - DAG(s) 'example_xcom_args_with_operators', 'example_xcom_args' retrieved from /home/airflow/.local/lib/python3.8/site-packages/airflow/example_dags/example_xcomargs.py
[2024-03-13T06:44:54.015+0000] {logging_mixin.py:188} INFO - [2024-03-13T06:44:54.015+0000] {dag.py:3047} INFO - Sync 2 DAGs
[2024-03-13T06:44:54.035+0000] {logging_mixin.py:188} INFO - [2024-03-13T06:44:54.035+0000] {dag.py:3834} INFO - Setting next_dagrun for example_xcom_args to None, run_after=None
[2024-03-13T06:44:54.043+0000] {logging_mixin.py:188} INFO - [2024-03-13T06:44:54.042+0000] {dag.py:3834} INFO - Setting next_dagrun for example_xcom_args_with_operators to None, run_after=None
[2024-03-13T06:44:54.072+0000] {processor.py:183} INFO - Processing /home/airflow/.local/lib/python3.8/site-packages/airflow/example_dags/example_xcomargs.py took 0.123 seconds
[2024-03-13T06:45:24.211+0000] {processor.py:161} INFO - Started process (PID=1011) to work on /home/airflow/.local/lib/python3.8/site-packages/airflow/example_dags/example_xcomargs.py
[2024-03-13T06:45:24.213+0000] {processor.py:830} INFO - Processing file /home/airflow/.local/lib/python3.8/site-packages/airflow/example_dags/example_xcomargs.py for tasks to queue
[2024-03-13T06:45:24.214+0000] {logging_mixin.py:188} INFO - [2024-03-13T06:45:24.214+0000] {dagbag.py:540} INFO - Filling up the DagBag from /home/airflow/.local/lib/python3.8/site-packages/airflow/example_dags/example_xcomargs.py
[2024-03-13T06:45:24.220+0000] {processor.py:840} INFO - DAG(s) 'example_xcom_args_with_operators', 'example_xcom_args' retrieved from /home/airflow/.local/lib/python3.8/site-packages/airflow/example_dags/example_xcomargs.py
[2024-03-13T06:45:24.239+0000] {logging_mixin.py:188} INFO - [2024-03-13T06:45:24.239+0000] {dag.py:3047} INFO - Sync 2 DAGs
[2024-03-13T06:45:24.250+0000] {logging_mixin.py:188} INFO - [2024-03-13T06:45:24.250+0000] {dag.py:3834} INFO - Setting next_dagrun for example_xcom_args to None, run_after=None
[2024-03-13T06:45:24.253+0000] {logging_mixin.py:188} INFO - [2024-03-13T06:45:24.253+0000] {dag.py:3834} INFO - Setting next_dagrun for example_xcom_args_with_operators to None, run_after=None
[2024-03-13T06:45:24.268+0000] {processor.py:183} INFO - Processing /home/airflow/.local/lib/python3.8/site-packages/airflow/example_dags/example_xcomargs.py took 0.059 seconds
[2024-03-13T06:45:54.477+0000] {processor.py:161} INFO - Started process (PID=1067) to work on /home/airflow/.local/lib/python3.8/site-packages/airflow/example_dags/example_xcomargs.py
[2024-03-13T06:45:54.478+0000] {processor.py:830} INFO - Processing file /home/airflow/.local/lib/python3.8/site-packages/airflow/example_dags/example_xcomargs.py for tasks to queue
[2024-03-13T06:45:54.479+0000] {logging_mixin.py:188} INFO - [2024-03-13T06:45:54.479+0000] {dagbag.py:540} INFO - Filling up the DagBag from /home/airflow/.local/lib/python3.8/site-packages/airflow/example_dags/example_xcomargs.py
[2024-03-13T06:45:54.487+0000] {processor.py:840} INFO - DAG(s) 'example_xcom_args', 'example_xcom_args_with_operators' retrieved from /home/airflow/.local/lib/python3.8/site-packages/airflow/example_dags/example_xcomargs.py
[2024-03-13T06:45:54.507+0000] {logging_mixin.py:188} INFO - [2024-03-13T06:45:54.506+0000] {dag.py:3047} INFO - Sync 2 DAGs
[2024-03-13T06:45:54.517+0000] {logging_mixin.py:188} INFO - [2024-03-13T06:45:54.516+0000] {dag.py:3834} INFO - Setting next_dagrun for example_xcom_args to None, run_after=None
[2024-03-13T06:45:54.521+0000] {logging_mixin.py:188} INFO - [2024-03-13T06:45:54.521+0000] {dag.py:3834} INFO - Setting next_dagrun for example_xcom_args_with_operators to None, run_after=None
[2024-03-13T06:45:54.536+0000] {processor.py:183} INFO - Processing /home/airflow/.local/lib/python3.8/site-packages/airflow/example_dags/example_xcomargs.py took 0.061 seconds
[2024-03-13T06:46:25.126+0000] {processor.py:161} INFO - Started process (PID=1123) to work on /home/airflow/.local/lib/python3.8/site-packages/airflow/example_dags/example_xcomargs.py
[2024-03-13T06:46:25.127+0000] {processor.py:830} INFO - Processing file /home/airflow/.local/lib/python3.8/site-packages/airflow/example_dags/example_xcomargs.py for tasks to queue
[2024-03-13T06:46:25.128+0000] {logging_mixin.py:188} INFO - [2024-03-13T06:46:25.128+0000] {dagbag.py:540} INFO - Filling up the DagBag from /home/airflow/.local/lib/python3.8/site-packages/airflow/example_dags/example_xcomargs.py
[2024-03-13T06:46:25.135+0000] {processor.py:840} INFO - DAG(s) 'example_xcom_args_with_operators', 'example_xcom_args' retrieved from /home/airflow/.local/lib/python3.8/site-packages/airflow/example_dags/example_xcomargs.py
[2024-03-13T06:46:25.156+0000] {logging_mixin.py:188} INFO - [2024-03-13T06:46:25.156+0000] {dag.py:3047} INFO - Sync 2 DAGs
[2024-03-13T06:46:25.167+0000] {logging_mixin.py:188} INFO - [2024-03-13T06:46:25.167+0000] {dag.py:3834} INFO - Setting next_dagrun for example_xcom_args to None, run_after=None
[2024-03-13T06:46:25.171+0000] {logging_mixin.py:188} INFO - [2024-03-13T06:46:25.171+0000] {dag.py:3834} INFO - Setting next_dagrun for example_xcom_args_with_operators to None, run_after=None
[2024-03-13T06:46:25.189+0000] {processor.py:183} INFO - Processing /home/airflow/.local/lib/python3.8/site-packages/airflow/example_dags/example_xcomargs.py took 0.065 seconds
[2024-03-13T06:46:55.469+0000] {processor.py:161} INFO - Started process (PID=1186) to work on /home/airflow/.local/lib/python3.8/site-packages/airflow/example_dags/example_xcomargs.py
[2024-03-13T06:46:55.470+0000] {processor.py:830} INFO - Processing file /home/airflow/.local/lib/python3.8/site-packages/airflow/example_dags/example_xcomargs.py for tasks to queue
[2024-03-13T06:46:55.470+0000] {logging_mixin.py:188} INFO - [2024-03-13T06:46:55.470+0000] {dagbag.py:540} INFO - Filling up the DagBag from /home/airflow/.local/lib/python3.8/site-packages/airflow/example_dags/example_xcomargs.py
[2024-03-13T06:46:55.477+0000] {processor.py:840} INFO - DAG(s) 'example_xcom_args', 'example_xcom_args_with_operators' retrieved from /home/airflow/.local/lib/python3.8/site-packages/airflow/example_dags/example_xcomargs.py
[2024-03-13T06:46:55.498+0000] {logging_mixin.py:188} INFO - [2024-03-13T06:46:55.498+0000] {dag.py:3047} INFO - Sync 2 DAGs
[2024-03-13T06:46:55.508+0000] {logging_mixin.py:188} INFO - [2024-03-13T06:46:55.508+0000] {dag.py:3834} INFO - Setting next_dagrun for example_xcom_args to None, run_after=None
[2024-03-13T06:46:55.513+0000] {logging_mixin.py:188} INFO - [2024-03-13T06:46:55.512+0000] {dag.py:3834} INFO - Setting next_dagrun for example_xcom_args_with_operators to None, run_after=None
[2024-03-13T06:46:55.527+0000] {processor.py:183} INFO - Processing /home/airflow/.local/lib/python3.8/site-packages/airflow/example_dags/example_xcomargs.py took 0.060 seconds
[2024-03-13T06:47:26.075+0000] {processor.py:161} INFO - Started process (PID=1242) to work on /home/airflow/.local/lib/python3.8/site-packages/airflow/example_dags/example_xcomargs.py
[2024-03-13T06:47:26.076+0000] {processor.py:830} INFO - Processing file /home/airflow/.local/lib/python3.8/site-packages/airflow/example_dags/example_xcomargs.py for tasks to queue
[2024-03-13T06:47:26.078+0000] {logging_mixin.py:188} INFO - [2024-03-13T06:47:26.078+0000] {dagbag.py:540} INFO - Filling up the DagBag from /home/airflow/.local/lib/python3.8/site-packages/airflow/example_dags/example_xcomargs.py
[2024-03-13T06:47:26.092+0000] {processor.py:840} INFO - DAG(s) 'example_xcom_args', 'example_xcom_args_with_operators' retrieved from /home/airflow/.local/lib/python3.8/site-packages/airflow/example_dags/example_xcomargs.py
[2024-03-13T06:47:26.119+0000] {logging_mixin.py:188} INFO - [2024-03-13T06:47:26.118+0000] {dag.py:3047} INFO - Sync 2 DAGs
[2024-03-13T06:47:26.132+0000] {logging_mixin.py:188} INFO - [2024-03-13T06:47:26.132+0000] {dag.py:3834} INFO - Setting next_dagrun for example_xcom_args to None, run_after=None
[2024-03-13T06:47:26.137+0000] {logging_mixin.py:188} INFO - [2024-03-13T06:47:26.136+0000] {dag.py:3834} INFO - Setting next_dagrun for example_xcom_args_with_operators to None, run_after=None
[2024-03-13T06:47:26.160+0000] {processor.py:183} INFO - Processing /home/airflow/.local/lib/python3.8/site-packages/airflow/example_dags/example_xcomargs.py took 0.092 seconds
[2024-03-13T06:47:56.965+0000] {processor.py:161} INFO - Started process (PID=1298) to work on /home/airflow/.local/lib/python3.8/site-packages/airflow/example_dags/example_xcomargs.py
[2024-03-13T06:47:56.966+0000] {processor.py:830} INFO - Processing file /home/airflow/.local/lib/python3.8/site-packages/airflow/example_dags/example_xcomargs.py for tasks to queue
[2024-03-13T06:47:56.969+0000] {logging_mixin.py:188} INFO - [2024-03-13T06:47:56.968+0000] {dagbag.py:540} INFO - Filling up the DagBag from /home/airflow/.local/lib/python3.8/site-packages/airflow/example_dags/example_xcomargs.py
[2024-03-13T06:47:56.978+0000] {processor.py:840} INFO - DAG(s) 'example_xcom_args', 'example_xcom_args_with_operators' retrieved from /home/airflow/.local/lib/python3.8/site-packages/airflow/example_dags/example_xcomargs.py
[2024-03-13T06:47:57.003+0000] {logging_mixin.py:188} INFO - [2024-03-13T06:47:57.002+0000] {dag.py:3047} INFO - Sync 2 DAGs
[2024-03-13T06:47:57.014+0000] {logging_mixin.py:188} INFO - [2024-03-13T06:47:57.014+0000] {dag.py:3834} INFO - Setting next_dagrun for example_xcom_args to None, run_after=None
[2024-03-13T06:47:57.017+0000] {logging_mixin.py:188} INFO - [2024-03-13T06:47:57.017+0000] {dag.py:3834} INFO - Setting next_dagrun for example_xcom_args_with_operators to None, run_after=None
[2024-03-13T06:47:57.036+0000] {processor.py:183} INFO - Processing /home/airflow/.local/lib/python3.8/site-packages/airflow/example_dags/example_xcomargs.py took 0.073 seconds
[2024-03-13T06:48:27.359+0000] {processor.py:161} INFO - Started process (PID=1354) to work on /home/airflow/.local/lib/python3.8/site-packages/airflow/example_dags/example_xcomargs.py
[2024-03-13T06:48:27.360+0000] {processor.py:830} INFO - Processing file /home/airflow/.local/lib/python3.8/site-packages/airflow/example_dags/example_xcomargs.py for tasks to queue
[2024-03-13T06:48:27.361+0000] {logging_mixin.py:188} INFO - [2024-03-13T06:48:27.361+0000] {dagbag.py:540} INFO - Filling up the DagBag from /home/airflow/.local/lib/python3.8/site-packages/airflow/example_dags/example_xcomargs.py
[2024-03-13T06:48:27.368+0000] {processor.py:840} INFO - DAG(s) 'example_xcom_args_with_operators', 'example_xcom_args' retrieved from /home/airflow/.local/lib/python3.8/site-packages/airflow/example_dags/example_xcomargs.py
[2024-03-13T06:48:27.388+0000] {logging_mixin.py:188} INFO - [2024-03-13T06:48:27.388+0000] {dag.py:3047} INFO - Sync 2 DAGs
[2024-03-13T06:48:27.398+0000] {logging_mixin.py:188} INFO - [2024-03-13T06:48:27.398+0000] {dag.py:3834} INFO - Setting next_dagrun for example_xcom_args to None, run_after=None
[2024-03-13T06:48:27.402+0000] {logging_mixin.py:188} INFO - [2024-03-13T06:48:27.402+0000] {dag.py:3834} INFO - Setting next_dagrun for example_xcom_args_with_operators to None, run_after=None
[2024-03-13T06:48:27.418+0000] {processor.py:183} INFO - Processing /home/airflow/.local/lib/python3.8/site-packages/airflow/example_dags/example_xcomargs.py took 0.062 seconds
[2024-03-13T06:48:57.605+0000] {processor.py:161} INFO - Started process (PID=1412) to work on /home/airflow/.local/lib/python3.8/site-packages/airflow/example_dags/example_xcomargs.py
[2024-03-13T06:48:57.606+0000] {processor.py:830} INFO - Processing file /home/airflow/.local/lib/python3.8/site-packages/airflow/example_dags/example_xcomargs.py for tasks to queue
[2024-03-13T06:48:57.607+0000] {logging_mixin.py:188} INFO - [2024-03-13T06:48:57.607+0000] {dagbag.py:540} INFO - Filling up the DagBag from /home/airflow/.local/lib/python3.8/site-packages/airflow/example_dags/example_xcomargs.py
[2024-03-13T06:48:57.614+0000] {processor.py:840} INFO - DAG(s) 'example_xcom_args_with_operators', 'example_xcom_args' retrieved from /home/airflow/.local/lib/python3.8/site-packages/airflow/example_dags/example_xcomargs.py
[2024-03-13T06:48:57.632+0000] {logging_mixin.py:188} INFO - [2024-03-13T06:48:57.632+0000] {dag.py:3047} INFO - Sync 2 DAGs
[2024-03-13T06:48:57.642+0000] {logging_mixin.py:188} INFO - [2024-03-13T06:48:57.642+0000] {dag.py:3834} INFO - Setting next_dagrun for example_xcom_args to None, run_after=None
[2024-03-13T06:48:57.645+0000] {logging_mixin.py:188} INFO - [2024-03-13T06:48:57.645+0000] {dag.py:3834} INFO - Setting next_dagrun for example_xcom_args_with_operators to None, run_after=None
[2024-03-13T06:48:57.661+0000] {processor.py:183} INFO - Processing /home/airflow/.local/lib/python3.8/site-packages/airflow/example_dags/example_xcomargs.py took 0.058 seconds
[2024-03-13T06:49:27.922+0000] {processor.py:161} INFO - Started process (PID=1468) to work on /home/airflow/.local/lib/python3.8/site-packages/airflow/example_dags/example_xcomargs.py
[2024-03-13T06:49:27.923+0000] {processor.py:830} INFO - Processing file /home/airflow/.local/lib/python3.8/site-packages/airflow/example_dags/example_xcomargs.py for tasks to queue
[2024-03-13T06:49:27.924+0000] {logging_mixin.py:188} INFO - [2024-03-13T06:49:27.924+0000] {dagbag.py:540} INFO - Filling up the DagBag from /home/airflow/.local/lib/python3.8/site-packages/airflow/example_dags/example_xcomargs.py
[2024-03-13T06:49:27.931+0000] {processor.py:840} INFO - DAG(s) 'example_xcom_args', 'example_xcom_args_with_operators' retrieved from /home/airflow/.local/lib/python3.8/site-packages/airflow/example_dags/example_xcomargs.py
[2024-03-13T06:49:27.950+0000] {logging_mixin.py:188} INFO - [2024-03-13T06:49:27.950+0000] {dag.py:3047} INFO - Sync 2 DAGs
[2024-03-13T06:49:27.960+0000] {logging_mixin.py:188} INFO - [2024-03-13T06:49:27.960+0000] {dag.py:3834} INFO - Setting next_dagrun for example_xcom_args to None, run_after=None
[2024-03-13T06:49:27.963+0000] {logging_mixin.py:188} INFO - [2024-03-13T06:49:27.963+0000] {dag.py:3834} INFO - Setting next_dagrun for example_xcom_args_with_operators to None, run_after=None
[2024-03-13T06:49:27.976+0000] {processor.py:183} INFO - Processing /home/airflow/.local/lib/python3.8/site-packages/airflow/example_dags/example_xcomargs.py took 0.057 seconds
[2024-03-13T06:49:58.147+0000] {processor.py:161} INFO - Started process (PID=1526) to work on /home/airflow/.local/lib/python3.8/site-packages/airflow/example_dags/example_xcomargs.py
[2024-03-13T06:49:58.149+0000] {processor.py:830} INFO - Processing file /home/airflow/.local/lib/python3.8/site-packages/airflow/example_dags/example_xcomargs.py for tasks to queue
[2024-03-13T06:49:58.150+0000] {logging_mixin.py:188} INFO - [2024-03-13T06:49:58.149+0000] {dagbag.py:540} INFO - Filling up the DagBag from /home/airflow/.local/lib/python3.8/site-packages/airflow/example_dags/example_xcomargs.py
[2024-03-13T06:49:58.156+0000] {processor.py:840} INFO - DAG(s) 'example_xcom_args_with_operators', 'example_xcom_args' retrieved from /home/airflow/.local/lib/python3.8/site-packages/airflow/example_dags/example_xcomargs.py
[2024-03-13T06:49:58.174+0000] {logging_mixin.py:188} INFO - [2024-03-13T06:49:58.174+0000] {dag.py:3047} INFO - Sync 2 DAGs
[2024-03-13T06:49:58.183+0000] {logging_mixin.py:188} INFO - [2024-03-13T06:49:58.183+0000] {dag.py:3834} INFO - Setting next_dagrun for example_xcom_args to None, run_after=None
[2024-03-13T06:49:58.186+0000] {logging_mixin.py:188} INFO - [2024-03-13T06:49:58.186+0000] {dag.py:3834} INFO - Setting next_dagrun for example_xcom_args_with_operators to None, run_after=None
[2024-03-13T06:49:58.200+0000] {processor.py:183} INFO - Processing /home/airflow/.local/lib/python3.8/site-packages/airflow/example_dags/example_xcomargs.py took 0.055 seconds
[2024-03-13T06:50:28.220+0000] {processor.py:161} INFO - Started process (PID=1582) to work on /home/airflow/.local/lib/python3.8/site-packages/airflow/example_dags/example_xcomargs.py
[2024-03-13T06:50:28.221+0000] {processor.py:830} INFO - Processing file /home/airflow/.local/lib/python3.8/site-packages/airflow/example_dags/example_xcomargs.py for tasks to queue
[2024-03-13T06:50:28.222+0000] {logging_mixin.py:188} INFO - [2024-03-13T06:50:28.222+0000] {dagbag.py:540} INFO - Filling up the DagBag from /home/airflow/.local/lib/python3.8/site-packages/airflow/example_dags/example_xcomargs.py
[2024-03-13T06:50:28.228+0000] {processor.py:840} INFO - DAG(s) 'example_xcom_args_with_operators', 'example_xcom_args' retrieved from /home/airflow/.local/lib/python3.8/site-packages/airflow/example_dags/example_xcomargs.py
[2024-03-13T06:50:28.246+0000] {logging_mixin.py:188} INFO - [2024-03-13T06:50:28.246+0000] {dag.py:3047} INFO - Sync 2 DAGs
[2024-03-13T06:50:28.256+0000] {logging_mixin.py:188} INFO - [2024-03-13T06:50:28.255+0000] {dag.py:3834} INFO - Setting next_dagrun for example_xcom_args to None, run_after=None
[2024-03-13T06:50:28.258+0000] {logging_mixin.py:188} INFO - [2024-03-13T06:50:28.258+0000] {dag.py:3834} INFO - Setting next_dagrun for example_xcom_args_with_operators to None, run_after=None
[2024-03-13T06:50:28.272+0000] {processor.py:183} INFO - Processing /home/airflow/.local/lib/python3.8/site-packages/airflow/example_dags/example_xcomargs.py took 0.054 seconds
[2024-03-13T06:50:58.445+0000] {processor.py:161} INFO - Started process (PID=1642) to work on /home/airflow/.local/lib/python3.8/site-packages/airflow/example_dags/example_xcomargs.py
[2024-03-13T06:50:58.447+0000] {processor.py:830} INFO - Processing file /home/airflow/.local/lib/python3.8/site-packages/airflow/example_dags/example_xcomargs.py for tasks to queue
[2024-03-13T06:50:58.448+0000] {logging_mixin.py:188} INFO - [2024-03-13T06:50:58.448+0000] {dagbag.py:540} INFO - Filling up the DagBag from /home/airflow/.local/lib/python3.8/site-packages/airflow/example_dags/example_xcomargs.py
[2024-03-13T06:50:58.456+0000] {processor.py:840} INFO - DAG(s) 'example_xcom_args', 'example_xcom_args_with_operators' retrieved from /home/airflow/.local/lib/python3.8/site-packages/airflow/example_dags/example_xcomargs.py
[2024-03-13T06:50:58.476+0000] {logging_mixin.py:188} INFO - [2024-03-13T06:50:58.476+0000] {dag.py:3047} INFO - Sync 2 DAGs
[2024-03-13T06:50:58.486+0000] {logging_mixin.py:188} INFO - [2024-03-13T06:50:58.486+0000] {dag.py:3834} INFO - Setting next_dagrun for example_xcom_args to None, run_after=None
[2024-03-13T06:50:58.489+0000] {logging_mixin.py:188} INFO - [2024-03-13T06:50:58.489+0000] {dag.py:3834} INFO - Setting next_dagrun for example_xcom_args_with_operators to None, run_after=None
[2024-03-13T06:50:58.504+0000] {processor.py:183} INFO - Processing /home/airflow/.local/lib/python3.8/site-packages/airflow/example_dags/example_xcomargs.py took 0.062 seconds
[2024-03-13T06:51:28.844+0000] {processor.py:161} INFO - Started process (PID=1701) to work on /home/airflow/.local/lib/python3.8/site-packages/airflow/example_dags/example_xcomargs.py
[2024-03-13T06:51:28.845+0000] {processor.py:830} INFO - Processing file /home/airflow/.local/lib/python3.8/site-packages/airflow/example_dags/example_xcomargs.py for tasks to queue
[2024-03-13T06:51:28.846+0000] {logging_mixin.py:188} INFO - [2024-03-13T06:51:28.846+0000] {dagbag.py:540} INFO - Filling up the DagBag from /home/airflow/.local/lib/python3.8/site-packages/airflow/example_dags/example_xcomargs.py
[2024-03-13T06:51:28.853+0000] {processor.py:840} INFO - DAG(s) 'example_xcom_args_with_operators', 'example_xcom_args' retrieved from /home/airflow/.local/lib/python3.8/site-packages/airflow/example_dags/example_xcomargs.py
[2024-03-13T06:51:28.873+0000] {logging_mixin.py:188} INFO - [2024-03-13T06:51:28.873+0000] {dag.py:3047} INFO - Sync 2 DAGs
[2024-03-13T06:51:28.884+0000] {logging_mixin.py:188} INFO - [2024-03-13T06:51:28.884+0000] {dag.py:3834} INFO - Setting next_dagrun for example_xcom_args to None, run_after=None
[2024-03-13T06:51:28.887+0000] {logging_mixin.py:188} INFO - [2024-03-13T06:51:28.887+0000] {dag.py:3834} INFO - Setting next_dagrun for example_xcom_args_with_operators to None, run_after=None
[2024-03-13T06:51:28.905+0000] {processor.py:183} INFO - Processing /home/airflow/.local/lib/python3.8/site-packages/airflow/example_dags/example_xcomargs.py took 0.064 seconds
[2024-03-13T06:52:19.141+0000] {processor.py:161} INFO - Started process (PID=58) to work on /home/airflow/.local/lib/python3.8/site-packages/airflow/example_dags/example_xcomargs.py
[2024-03-13T06:52:19.142+0000] {processor.py:830} INFO - Processing file /home/airflow/.local/lib/python3.8/site-packages/airflow/example_dags/example_xcomargs.py for tasks to queue
[2024-03-13T06:52:19.144+0000] {logging_mixin.py:188} INFO - [2024-03-13T06:52:19.144+0000] {dagbag.py:540} INFO - Filling up the DagBag from /home/airflow/.local/lib/python3.8/site-packages/airflow/example_dags/example_xcomargs.py
[2024-03-13T06:52:19.154+0000] {processor.py:840} INFO - DAG(s) 'example_xcom_args_with_operators', 'example_xcom_args' retrieved from /home/airflow/.local/lib/python3.8/site-packages/airflow/example_dags/example_xcomargs.py
[2024-03-13T06:52:19.165+0000] {logging_mixin.py:188} INFO - [2024-03-13T06:52:19.164+0000] {dag.py:3047} INFO - Sync 2 DAGs
[2024-03-13T06:52:19.176+0000] {logging_mixin.py:188} INFO - [2024-03-13T06:52:19.175+0000] {dag.py:3834} INFO - Setting next_dagrun for example_xcom_args to None, run_after=None
[2024-03-13T06:52:19.179+0000] {logging_mixin.py:188} INFO - [2024-03-13T06:52:19.179+0000] {dag.py:3834} INFO - Setting next_dagrun for example_xcom_args_with_operators to None, run_after=None
[2024-03-13T06:52:19.197+0000] {processor.py:183} INFO - Processing /home/airflow/.local/lib/python3.8/site-packages/airflow/example_dags/example_xcomargs.py took 0.058 seconds
[2024-03-13T06:52:50.136+0000] {processor.py:161} INFO - Started process (PID=114) to work on /home/airflow/.local/lib/python3.8/site-packages/airflow/example_dags/example_xcomargs.py
[2024-03-13T06:52:50.137+0000] {processor.py:830} INFO - Processing file /home/airflow/.local/lib/python3.8/site-packages/airflow/example_dags/example_xcomargs.py for tasks to queue
[2024-03-13T06:52:50.138+0000] {logging_mixin.py:188} INFO - [2024-03-13T06:52:50.138+0000] {dagbag.py:540} INFO - Filling up the DagBag from /home/airflow/.local/lib/python3.8/site-packages/airflow/example_dags/example_xcomargs.py
[2024-03-13T06:52:50.144+0000] {processor.py:840} INFO - DAG(s) 'example_xcom_args_with_operators', 'example_xcom_args' retrieved from /home/airflow/.local/lib/python3.8/site-packages/airflow/example_dags/example_xcomargs.py
[2024-03-13T06:52:50.227+0000] {logging_mixin.py:188} INFO - [2024-03-13T06:52:50.227+0000] {dag.py:3047} INFO - Sync 2 DAGs
[2024-03-13T06:52:50.235+0000] {logging_mixin.py:188} INFO - [2024-03-13T06:52:50.235+0000] {dag.py:3834} INFO - Setting next_dagrun for example_xcom_args to None, run_after=None
[2024-03-13T06:52:50.238+0000] {logging_mixin.py:188} INFO - [2024-03-13T06:52:50.238+0000] {dag.py:3834} INFO - Setting next_dagrun for example_xcom_args_with_operators to None, run_after=None
[2024-03-13T06:52:50.256+0000] {processor.py:183} INFO - Processing /home/airflow/.local/lib/python3.8/site-packages/airflow/example_dags/example_xcomargs.py took 0.122 seconds
[2024-03-13T06:53:20.413+0000] {processor.py:161} INFO - Started process (PID=170) to work on /home/airflow/.local/lib/python3.8/site-packages/airflow/example_dags/example_xcomargs.py
[2024-03-13T06:53:20.414+0000] {processor.py:830} INFO - Processing file /home/airflow/.local/lib/python3.8/site-packages/airflow/example_dags/example_xcomargs.py for tasks to queue
[2024-03-13T06:53:20.416+0000] {logging_mixin.py:188} INFO - [2024-03-13T06:53:20.416+0000] {dagbag.py:540} INFO - Filling up the DagBag from /home/airflow/.local/lib/python3.8/site-packages/airflow/example_dags/example_xcomargs.py
[2024-03-13T06:53:20.423+0000] {processor.py:840} INFO - DAG(s) 'example_xcom_args_with_operators', 'example_xcom_args' retrieved from /home/airflow/.local/lib/python3.8/site-packages/airflow/example_dags/example_xcomargs.py
[2024-03-13T06:53:20.444+0000] {logging_mixin.py:188} INFO - [2024-03-13T06:53:20.444+0000] {dag.py:3047} INFO - Sync 2 DAGs
[2024-03-13T06:53:20.455+0000] {logging_mixin.py:188} INFO - [2024-03-13T06:53:20.455+0000] {dag.py:3834} INFO - Setting next_dagrun for example_xcom_args to None, run_after=None
[2024-03-13T06:53:20.459+0000] {logging_mixin.py:188} INFO - [2024-03-13T06:53:20.459+0000] {dag.py:3834} INFO - Setting next_dagrun for example_xcom_args_with_operators to None, run_after=None
[2024-03-13T06:53:20.477+0000] {processor.py:183} INFO - Processing /home/airflow/.local/lib/python3.8/site-packages/airflow/example_dags/example_xcomargs.py took 0.067 seconds
[2024-03-13T06:53:50.707+0000] {processor.py:161} INFO - Started process (PID=226) to work on /home/airflow/.local/lib/python3.8/site-packages/airflow/example_dags/example_xcomargs.py
[2024-03-13T06:53:50.708+0000] {processor.py:830} INFO - Processing file /home/airflow/.local/lib/python3.8/site-packages/airflow/example_dags/example_xcomargs.py for tasks to queue
[2024-03-13T06:53:50.710+0000] {logging_mixin.py:188} INFO - [2024-03-13T06:53:50.710+0000] {dagbag.py:540} INFO - Filling up the DagBag from /home/airflow/.local/lib/python3.8/site-packages/airflow/example_dags/example_xcomargs.py
[2024-03-13T06:53:50.717+0000] {processor.py:840} INFO - DAG(s) 'example_xcom_args', 'example_xcom_args_with_operators' retrieved from /home/airflow/.local/lib/python3.8/site-packages/airflow/example_dags/example_xcomargs.py
[2024-03-13T06:53:50.736+0000] {logging_mixin.py:188} INFO - [2024-03-13T06:53:50.736+0000] {dag.py:3047} INFO - Sync 2 DAGs
[2024-03-13T06:53:50.746+0000] {logging_mixin.py:188} INFO - [2024-03-13T06:53:50.746+0000] {dag.py:3834} INFO - Setting next_dagrun for example_xcom_args to None, run_after=None
[2024-03-13T06:53:50.749+0000] {logging_mixin.py:188} INFO - [2024-03-13T06:53:50.749+0000] {dag.py:3834} INFO - Setting next_dagrun for example_xcom_args_with_operators to None, run_after=None
[2024-03-13T06:53:50.766+0000] {processor.py:183} INFO - Processing /home/airflow/.local/lib/python3.8/site-packages/airflow/example_dags/example_xcomargs.py took 0.061 seconds
[2024-03-13T06:54:21.143+0000] {processor.py:161} INFO - Started process (PID=281) to work on /home/airflow/.local/lib/python3.8/site-packages/airflow/example_dags/example_xcomargs.py
[2024-03-13T06:54:21.144+0000] {processor.py:830} INFO - Processing file /home/airflow/.local/lib/python3.8/site-packages/airflow/example_dags/example_xcomargs.py for tasks to queue
[2024-03-13T06:54:21.145+0000] {logging_mixin.py:188} INFO - [2024-03-13T06:54:21.145+0000] {dagbag.py:540} INFO - Filling up the DagBag from /home/airflow/.local/lib/python3.8/site-packages/airflow/example_dags/example_xcomargs.py
[2024-03-13T06:54:21.152+0000] {processor.py:840} INFO - DAG(s) 'example_xcom_args_with_operators', 'example_xcom_args' retrieved from /home/airflow/.local/lib/python3.8/site-packages/airflow/example_dags/example_xcomargs.py
[2024-03-13T06:54:21.170+0000] {logging_mixin.py:188} INFO - [2024-03-13T06:54:21.169+0000] {dag.py:3047} INFO - Sync 2 DAGs
[2024-03-13T06:54:21.180+0000] {logging_mixin.py:188} INFO - [2024-03-13T06:54:21.180+0000] {dag.py:3834} INFO - Setting next_dagrun for example_xcom_args to None, run_after=None
[2024-03-13T06:54:21.184+0000] {logging_mixin.py:188} INFO - [2024-03-13T06:54:21.184+0000] {dag.py:3834} INFO - Setting next_dagrun for example_xcom_args_with_operators to None, run_after=None
[2024-03-13T06:54:21.202+0000] {processor.py:183} INFO - Processing /home/airflow/.local/lib/python3.8/site-packages/airflow/example_dags/example_xcomargs.py took 0.061 seconds
[2024-03-13T06:54:51.508+0000] {processor.py:161} INFO - Started process (PID=337) to work on /home/airflow/.local/lib/python3.8/site-packages/airflow/example_dags/example_xcomargs.py
[2024-03-13T06:54:51.509+0000] {processor.py:830} INFO - Processing file /home/airflow/.local/lib/python3.8/site-packages/airflow/example_dags/example_xcomargs.py for tasks to queue
[2024-03-13T06:54:51.511+0000] {logging_mixin.py:188} INFO - [2024-03-13T06:54:51.510+0000] {dagbag.py:540} INFO - Filling up the DagBag from /home/airflow/.local/lib/python3.8/site-packages/airflow/example_dags/example_xcomargs.py
[2024-03-13T06:54:51.519+0000] {processor.py:840} INFO - DAG(s) 'example_xcom_args', 'example_xcom_args_with_operators' retrieved from /home/airflow/.local/lib/python3.8/site-packages/airflow/example_dags/example_xcomargs.py
[2024-03-13T06:54:51.543+0000] {logging_mixin.py:188} INFO - [2024-03-13T06:54:51.542+0000] {dag.py:3047} INFO - Sync 2 DAGs
[2024-03-13T06:54:51.559+0000] {logging_mixin.py:188} INFO - [2024-03-13T06:54:51.559+0000] {dag.py:3834} INFO - Setting next_dagrun for example_xcom_args to None, run_after=None
[2024-03-13T06:54:51.563+0000] {logging_mixin.py:188} INFO - [2024-03-13T06:54:51.563+0000] {dag.py:3834} INFO - Setting next_dagrun for example_xcom_args_with_operators to None, run_after=None
[2024-03-13T06:54:51.581+0000] {processor.py:183} INFO - Processing /home/airflow/.local/lib/python3.8/site-packages/airflow/example_dags/example_xcomargs.py took 0.076 seconds
[2024-03-13T06:55:22.522+0000] {processor.py:161} INFO - Started process (PID=393) to work on /home/airflow/.local/lib/python3.8/site-packages/airflow/example_dags/example_xcomargs.py
[2024-03-13T06:55:22.524+0000] {processor.py:830} INFO - Processing file /home/airflow/.local/lib/python3.8/site-packages/airflow/example_dags/example_xcomargs.py for tasks to queue
[2024-03-13T06:55:22.525+0000] {logging_mixin.py:188} INFO - [2024-03-13T06:55:22.525+0000] {dagbag.py:540} INFO - Filling up the DagBag from /home/airflow/.local/lib/python3.8/site-packages/airflow/example_dags/example_xcomargs.py
[2024-03-13T06:55:22.533+0000] {processor.py:840} INFO - DAG(s) 'example_xcom_args', 'example_xcom_args_with_operators' retrieved from /home/airflow/.local/lib/python3.8/site-packages/airflow/example_dags/example_xcomargs.py
[2024-03-13T06:55:22.558+0000] {logging_mixin.py:188} INFO - [2024-03-13T06:55:22.558+0000] {dag.py:3047} INFO - Sync 2 DAGs
[2024-03-13T06:55:22.569+0000] {logging_mixin.py:188} INFO - [2024-03-13T06:55:22.569+0000] {dag.py:3834} INFO - Setting next_dagrun for example_xcom_args to None, run_after=None
[2024-03-13T06:55:22.573+0000] {logging_mixin.py:188} INFO - [2024-03-13T06:55:22.573+0000] {dag.py:3834} INFO - Setting next_dagrun for example_xcom_args_with_operators to None, run_after=None
[2024-03-13T06:55:22.595+0000] {processor.py:183} INFO - Processing /home/airflow/.local/lib/python3.8/site-packages/airflow/example_dags/example_xcomargs.py took 0.074 seconds
[2024-03-13T06:55:53.262+0000] {processor.py:161} INFO - Started process (PID=450) to work on /home/airflow/.local/lib/python3.8/site-packages/airflow/example_dags/example_xcomargs.py
[2024-03-13T06:55:53.263+0000] {processor.py:830} INFO - Processing file /home/airflow/.local/lib/python3.8/site-packages/airflow/example_dags/example_xcomargs.py for tasks to queue
[2024-03-13T06:55:53.265+0000] {logging_mixin.py:188} INFO - [2024-03-13T06:55:53.265+0000] {dagbag.py:540} INFO - Filling up the DagBag from /home/airflow/.local/lib/python3.8/site-packages/airflow/example_dags/example_xcomargs.py
[2024-03-13T06:55:53.271+0000] {processor.py:840} INFO - DAG(s) 'example_xcom_args', 'example_xcom_args_with_operators' retrieved from /home/airflow/.local/lib/python3.8/site-packages/airflow/example_dags/example_xcomargs.py
[2024-03-13T06:55:53.289+0000] {logging_mixin.py:188} INFO - [2024-03-13T06:55:53.289+0000] {dag.py:3047} INFO - Sync 2 DAGs
[2024-03-13T06:55:53.299+0000] {logging_mixin.py:188} INFO - [2024-03-13T06:55:53.298+0000] {dag.py:3834} INFO - Setting next_dagrun for example_xcom_args to None, run_after=None
[2024-03-13T06:55:53.302+0000] {logging_mixin.py:188} INFO - [2024-03-13T06:55:53.302+0000] {dag.py:3834} INFO - Setting next_dagrun for example_xcom_args_with_operators to None, run_after=None
[2024-03-13T06:55:53.316+0000] {processor.py:183} INFO - Processing /home/airflow/.local/lib/python3.8/site-packages/airflow/example_dags/example_xcomargs.py took 0.057 seconds
[2024-03-13T06:56:24.117+0000] {processor.py:161} INFO - Started process (PID=507) to work on /home/airflow/.local/lib/python3.8/site-packages/airflow/example_dags/example_xcomargs.py
[2024-03-13T06:56:24.118+0000] {processor.py:830} INFO - Processing file /home/airflow/.local/lib/python3.8/site-packages/airflow/example_dags/example_xcomargs.py for tasks to queue
[2024-03-13T06:56:24.120+0000] {logging_mixin.py:188} INFO - [2024-03-13T06:56:24.119+0000] {dagbag.py:540} INFO - Filling up the DagBag from /home/airflow/.local/lib/python3.8/site-packages/airflow/example_dags/example_xcomargs.py
[2024-03-13T06:56:24.127+0000] {processor.py:840} INFO - DAG(s) 'example_xcom_args_with_operators', 'example_xcom_args' retrieved from /home/airflow/.local/lib/python3.8/site-packages/airflow/example_dags/example_xcomargs.py
[2024-03-13T06:56:24.147+0000] {logging_mixin.py:188} INFO - [2024-03-13T06:56:24.147+0000] {dag.py:3047} INFO - Sync 2 DAGs
[2024-03-13T06:56:24.157+0000] {logging_mixin.py:188} INFO - [2024-03-13T06:56:24.156+0000] {dag.py:3834} INFO - Setting next_dagrun for example_xcom_args to None, run_after=None
[2024-03-13T06:56:24.160+0000] {logging_mixin.py:188} INFO - [2024-03-13T06:56:24.160+0000] {dag.py:3834} INFO - Setting next_dagrun for example_xcom_args_with_operators to None, run_after=None
[2024-03-13T06:56:24.175+0000] {processor.py:183} INFO - Processing /home/airflow/.local/lib/python3.8/site-packages/airflow/example_dags/example_xcomargs.py took 0.060 seconds
[2024-03-13T07:02:12.519+0000] {processor.py:161} INFO - Started process (PID=58) to work on /home/airflow/.local/lib/python3.8/site-packages/airflow/example_dags/example_xcomargs.py
[2024-03-13T07:02:12.520+0000] {processor.py:830} INFO - Processing file /home/airflow/.local/lib/python3.8/site-packages/airflow/example_dags/example_xcomargs.py for tasks to queue
[2024-03-13T07:02:12.523+0000] {logging_mixin.py:188} INFO - [2024-03-13T07:02:12.523+0000] {dagbag.py:540} INFO - Filling up the DagBag from /home/airflow/.local/lib/python3.8/site-packages/airflow/example_dags/example_xcomargs.py
[2024-03-13T07:02:12.537+0000] {processor.py:840} INFO - DAG(s) 'example_xcom_args', 'example_xcom_args_with_operators' retrieved from /home/airflow/.local/lib/python3.8/site-packages/airflow/example_dags/example_xcomargs.py
[2024-03-13T07:02:12.555+0000] {logging_mixin.py:188} INFO - [2024-03-13T07:02:12.555+0000] {dag.py:3047} INFO - Sync 2 DAGs
[2024-03-13T07:02:12.568+0000] {logging_mixin.py:188} INFO - [2024-03-13T07:02:12.568+0000] {dag.py:3834} INFO - Setting next_dagrun for example_xcom_args to None, run_after=None
[2024-03-13T07:02:12.574+0000] {logging_mixin.py:188} INFO - [2024-03-13T07:02:12.573+0000] {dag.py:3834} INFO - Setting next_dagrun for example_xcom_args_with_operators to None, run_after=None
[2024-03-13T07:02:12.595+0000] {processor.py:183} INFO - Processing /home/airflow/.local/lib/python3.8/site-packages/airflow/example_dags/example_xcomargs.py took 0.080 seconds
[2024-03-13T07:02:43.645+0000] {processor.py:161} INFO - Started process (PID=115) to work on /home/airflow/.local/lib/python3.8/site-packages/airflow/example_dags/example_xcomargs.py
[2024-03-13T07:02:43.646+0000] {processor.py:830} INFO - Processing file /home/airflow/.local/lib/python3.8/site-packages/airflow/example_dags/example_xcomargs.py for tasks to queue
[2024-03-13T07:02:43.647+0000] {logging_mixin.py:188} INFO - [2024-03-13T07:02:43.647+0000] {dagbag.py:540} INFO - Filling up the DagBag from /home/airflow/.local/lib/python3.8/site-packages/airflow/example_dags/example_xcomargs.py
[2024-03-13T07:02:43.653+0000] {processor.py:840} INFO - DAG(s) 'example_xcom_args_with_operators', 'example_xcom_args' retrieved from /home/airflow/.local/lib/python3.8/site-packages/airflow/example_dags/example_xcomargs.py
[2024-03-13T07:02:43.738+0000] {logging_mixin.py:188} INFO - [2024-03-13T07:02:43.738+0000] {dag.py:3047} INFO - Sync 2 DAGs
[2024-03-13T07:02:43.746+0000] {logging_mixin.py:188} INFO - [2024-03-13T07:02:43.746+0000] {dag.py:3834} INFO - Setting next_dagrun for example_xcom_args to None, run_after=None
[2024-03-13T07:02:43.749+0000] {logging_mixin.py:188} INFO - [2024-03-13T07:02:43.749+0000] {dag.py:3834} INFO - Setting next_dagrun for example_xcom_args_with_operators to None, run_after=None
[2024-03-13T07:02:43.763+0000] {processor.py:183} INFO - Processing /home/airflow/.local/lib/python3.8/site-packages/airflow/example_dags/example_xcomargs.py took 0.121 seconds
[2024-03-13T07:03:13.888+0000] {processor.py:161} INFO - Started process (PID=171) to work on /home/airflow/.local/lib/python3.8/site-packages/airflow/example_dags/example_xcomargs.py
[2024-03-13T07:03:13.889+0000] {processor.py:830} INFO - Processing file /home/airflow/.local/lib/python3.8/site-packages/airflow/example_dags/example_xcomargs.py for tasks to queue
[2024-03-13T07:03:13.891+0000] {logging_mixin.py:188} INFO - [2024-03-13T07:03:13.890+0000] {dagbag.py:540} INFO - Filling up the DagBag from /home/airflow/.local/lib/python3.8/site-packages/airflow/example_dags/example_xcomargs.py
[2024-03-13T07:03:13.897+0000] {processor.py:840} INFO - DAG(s) 'example_xcom_args', 'example_xcom_args_with_operators' retrieved from /home/airflow/.local/lib/python3.8/site-packages/airflow/example_dags/example_xcomargs.py
[2024-03-13T07:03:13.914+0000] {logging_mixin.py:188} INFO - [2024-03-13T07:03:13.914+0000] {dag.py:3047} INFO - Sync 2 DAGs
[2024-03-13T07:03:13.924+0000] {logging_mixin.py:188} INFO - [2024-03-13T07:03:13.924+0000] {dag.py:3834} INFO - Setting next_dagrun for example_xcom_args to None, run_after=None
[2024-03-13T07:03:13.928+0000] {logging_mixin.py:188} INFO - [2024-03-13T07:03:13.928+0000] {dag.py:3834} INFO - Setting next_dagrun for example_xcom_args_with_operators to None, run_after=None
[2024-03-13T07:03:13.943+0000] {processor.py:183} INFO - Processing /home/airflow/.local/lib/python3.8/site-packages/airflow/example_dags/example_xcomargs.py took 0.058 seconds
[2024-03-13T07:03:44.259+0000] {processor.py:161} INFO - Started process (PID=227) to work on /home/airflow/.local/lib/python3.8/site-packages/airflow/example_dags/example_xcomargs.py
[2024-03-13T07:03:44.260+0000] {processor.py:830} INFO - Processing file /home/airflow/.local/lib/python3.8/site-packages/airflow/example_dags/example_xcomargs.py for tasks to queue
[2024-03-13T07:03:44.261+0000] {logging_mixin.py:188} INFO - [2024-03-13T07:03:44.261+0000] {dagbag.py:540} INFO - Filling up the DagBag from /home/airflow/.local/lib/python3.8/site-packages/airflow/example_dags/example_xcomargs.py
[2024-03-13T07:03:44.267+0000] {processor.py:840} INFO - DAG(s) 'example_xcom_args', 'example_xcom_args_with_operators' retrieved from /home/airflow/.local/lib/python3.8/site-packages/airflow/example_dags/example_xcomargs.py
[2024-03-13T07:03:44.284+0000] {logging_mixin.py:188} INFO - [2024-03-13T07:03:44.284+0000] {dag.py:3047} INFO - Sync 2 DAGs
[2024-03-13T07:03:44.294+0000] {logging_mixin.py:188} INFO - [2024-03-13T07:03:44.293+0000] {dag.py:3834} INFO - Setting next_dagrun for example_xcom_args to None, run_after=None
[2024-03-13T07:03:44.296+0000] {logging_mixin.py:188} INFO - [2024-03-13T07:03:44.296+0000] {dag.py:3834} INFO - Setting next_dagrun for example_xcom_args_with_operators to None, run_after=None
[2024-03-13T07:03:44.311+0000] {processor.py:183} INFO - Processing /home/airflow/.local/lib/python3.8/site-packages/airflow/example_dags/example_xcomargs.py took 0.054 seconds
[2024-03-13T07:04:14.783+0000] {processor.py:161} INFO - Started process (PID=283) to work on /home/airflow/.local/lib/python3.8/site-packages/airflow/example_dags/example_xcomargs.py
[2024-03-13T07:04:14.784+0000] {processor.py:830} INFO - Processing file /home/airflow/.local/lib/python3.8/site-packages/airflow/example_dags/example_xcomargs.py for tasks to queue
[2024-03-13T07:04:14.785+0000] {logging_mixin.py:188} INFO - [2024-03-13T07:04:14.785+0000] {dagbag.py:540} INFO - Filling up the DagBag from /home/airflow/.local/lib/python3.8/site-packages/airflow/example_dags/example_xcomargs.py
[2024-03-13T07:04:14.791+0000] {processor.py:840} INFO - DAG(s) 'example_xcom_args', 'example_xcom_args_with_operators' retrieved from /home/airflow/.local/lib/python3.8/site-packages/airflow/example_dags/example_xcomargs.py
[2024-03-13T07:04:14.808+0000] {logging_mixin.py:188} INFO - [2024-03-13T07:04:14.808+0000] {dag.py:3047} INFO - Sync 2 DAGs
[2024-03-13T07:04:14.818+0000] {logging_mixin.py:188} INFO - [2024-03-13T07:04:14.818+0000] {dag.py:3834} INFO - Setting next_dagrun for example_xcom_args to None, run_after=None
[2024-03-13T07:04:14.822+0000] {logging_mixin.py:188} INFO - [2024-03-13T07:04:14.822+0000] {dag.py:3834} INFO - Setting next_dagrun for example_xcom_args_with_operators to None, run_after=None
[2024-03-13T07:04:14.839+0000] {processor.py:183} INFO - Processing /home/airflow/.local/lib/python3.8/site-packages/airflow/example_dags/example_xcomargs.py took 0.058 seconds
[2024-03-13T07:04:45.250+0000] {processor.py:161} INFO - Started process (PID=339) to work on /home/airflow/.local/lib/python3.8/site-packages/airflow/example_dags/example_xcomargs.py
[2024-03-13T07:04:45.251+0000] {processor.py:830} INFO - Processing file /home/airflow/.local/lib/python3.8/site-packages/airflow/example_dags/example_xcomargs.py for tasks to queue
[2024-03-13T07:04:45.252+0000] {logging_mixin.py:188} INFO - [2024-03-13T07:04:45.252+0000] {dagbag.py:540} INFO - Filling up the DagBag from /home/airflow/.local/lib/python3.8/site-packages/airflow/example_dags/example_xcomargs.py
[2024-03-13T07:04:45.259+0000] {processor.py:840} INFO - DAG(s) 'example_xcom_args_with_operators', 'example_xcom_args' retrieved from /home/airflow/.local/lib/python3.8/site-packages/airflow/example_dags/example_xcomargs.py
[2024-03-13T07:04:45.276+0000] {logging_mixin.py:188} INFO - [2024-03-13T07:04:45.276+0000] {dag.py:3047} INFO - Sync 2 DAGs
[2024-03-13T07:04:45.286+0000] {logging_mixin.py:188} INFO - [2024-03-13T07:04:45.286+0000] {dag.py:3834} INFO - Setting next_dagrun for example_xcom_args to None, run_after=None
[2024-03-13T07:04:45.289+0000] {logging_mixin.py:188} INFO - [2024-03-13T07:04:45.289+0000] {dag.py:3834} INFO - Setting next_dagrun for example_xcom_args_with_operators to None, run_after=None
[2024-03-13T07:04:45.303+0000] {processor.py:183} INFO - Processing /home/airflow/.local/lib/python3.8/site-packages/airflow/example_dags/example_xcomargs.py took 0.055 seconds
[2024-03-13T07:05:15.594+0000] {processor.py:161} INFO - Started process (PID=395) to work on /home/airflow/.local/lib/python3.8/site-packages/airflow/example_dags/example_xcomargs.py
[2024-03-13T07:05:15.595+0000] {processor.py:830} INFO - Processing file /home/airflow/.local/lib/python3.8/site-packages/airflow/example_dags/example_xcomargs.py for tasks to queue
[2024-03-13T07:05:15.596+0000] {logging_mixin.py:188} INFO - [2024-03-13T07:05:15.596+0000] {dagbag.py:540} INFO - Filling up the DagBag from /home/airflow/.local/lib/python3.8/site-packages/airflow/example_dags/example_xcomargs.py
[2024-03-13T07:05:15.602+0000] {processor.py:840} INFO - DAG(s) 'example_xcom_args_with_operators', 'example_xcom_args' retrieved from /home/airflow/.local/lib/python3.8/site-packages/airflow/example_dags/example_xcomargs.py
[2024-03-13T07:05:15.620+0000] {logging_mixin.py:188} INFO - [2024-03-13T07:05:15.620+0000] {dag.py:3047} INFO - Sync 2 DAGs
[2024-03-13T07:05:15.629+0000] {logging_mixin.py:188} INFO - [2024-03-13T07:05:15.629+0000] {dag.py:3834} INFO - Setting next_dagrun for example_xcom_args to None, run_after=None
[2024-03-13T07:05:15.632+0000] {logging_mixin.py:188} INFO - [2024-03-13T07:05:15.632+0000] {dag.py:3834} INFO - Setting next_dagrun for example_xcom_args_with_operators to None, run_after=None
[2024-03-13T07:05:15.649+0000] {processor.py:183} INFO - Processing /home/airflow/.local/lib/python3.8/site-packages/airflow/example_dags/example_xcomargs.py took 0.057 seconds
[2024-03-13T07:05:45.903+0000] {processor.py:161} INFO - Started process (PID=451) to work on /home/airflow/.local/lib/python3.8/site-packages/airflow/example_dags/example_xcomargs.py
[2024-03-13T07:05:45.903+0000] {processor.py:830} INFO - Processing file /home/airflow/.local/lib/python3.8/site-packages/airflow/example_dags/example_xcomargs.py for tasks to queue
[2024-03-13T07:05:45.905+0000] {logging_mixin.py:188} INFO - [2024-03-13T07:05:45.905+0000] {dagbag.py:540} INFO - Filling up the DagBag from /home/airflow/.local/lib/python3.8/site-packages/airflow/example_dags/example_xcomargs.py
[2024-03-13T07:05:45.911+0000] {processor.py:840} INFO - DAG(s) 'example_xcom_args_with_operators', 'example_xcom_args' retrieved from /home/airflow/.local/lib/python3.8/site-packages/airflow/example_dags/example_xcomargs.py
[2024-03-13T07:05:45.929+0000] {logging_mixin.py:188} INFO - [2024-03-13T07:05:45.929+0000] {dag.py:3047} INFO - Sync 2 DAGs
[2024-03-13T07:05:45.939+0000] {logging_mixin.py:188} INFO - [2024-03-13T07:05:45.939+0000] {dag.py:3834} INFO - Setting next_dagrun for example_xcom_args to None, run_after=None
[2024-03-13T07:05:45.942+0000] {logging_mixin.py:188} INFO - [2024-03-13T07:05:45.942+0000] {dag.py:3834} INFO - Setting next_dagrun for example_xcom_args_with_operators to None, run_after=None
[2024-03-13T07:05:45.958+0000] {processor.py:183} INFO - Processing /home/airflow/.local/lib/python3.8/site-packages/airflow/example_dags/example_xcomargs.py took 0.057 seconds
[2024-03-13T07:06:16.352+0000] {processor.py:161} INFO - Started process (PID=507) to work on /home/airflow/.local/lib/python3.8/site-packages/airflow/example_dags/example_xcomargs.py
[2024-03-13T07:06:16.353+0000] {processor.py:830} INFO - Processing file /home/airflow/.local/lib/python3.8/site-packages/airflow/example_dags/example_xcomargs.py for tasks to queue
[2024-03-13T07:06:16.355+0000] {logging_mixin.py:188} INFO - [2024-03-13T07:06:16.354+0000] {dagbag.py:540} INFO - Filling up the DagBag from /home/airflow/.local/lib/python3.8/site-packages/airflow/example_dags/example_xcomargs.py
[2024-03-13T07:06:16.361+0000] {processor.py:840} INFO - DAG(s) 'example_xcom_args', 'example_xcom_args_with_operators' retrieved from /home/airflow/.local/lib/python3.8/site-packages/airflow/example_dags/example_xcomargs.py
[2024-03-13T07:06:16.378+0000] {logging_mixin.py:188} INFO - [2024-03-13T07:06:16.378+0000] {dag.py:3047} INFO - Sync 2 DAGs
[2024-03-13T07:06:16.387+0000] {logging_mixin.py:188} INFO - [2024-03-13T07:06:16.387+0000] {dag.py:3834} INFO - Setting next_dagrun for example_xcom_args to None, run_after=None
[2024-03-13T07:06:16.390+0000] {logging_mixin.py:188} INFO - [2024-03-13T07:06:16.390+0000] {dag.py:3834} INFO - Setting next_dagrun for example_xcom_args_with_operators to None, run_after=None
[2024-03-13T07:06:16.405+0000] {processor.py:183} INFO - Processing /home/airflow/.local/lib/python3.8/site-packages/airflow/example_dags/example_xcomargs.py took 0.055 seconds
[2024-03-13T07:06:46.703+0000] {processor.py:161} INFO - Started process (PID=563) to work on /home/airflow/.local/lib/python3.8/site-packages/airflow/example_dags/example_xcomargs.py
[2024-03-13T07:06:46.704+0000] {processor.py:830} INFO - Processing file /home/airflow/.local/lib/python3.8/site-packages/airflow/example_dags/example_xcomargs.py for tasks to queue
[2024-03-13T07:06:46.705+0000] {logging_mixin.py:188} INFO - [2024-03-13T07:06:46.705+0000] {dagbag.py:540} INFO - Filling up the DagBag from /home/airflow/.local/lib/python3.8/site-packages/airflow/example_dags/example_xcomargs.py
[2024-03-13T07:06:46.711+0000] {processor.py:840} INFO - DAG(s) 'example_xcom_args_with_operators', 'example_xcom_args' retrieved from /home/airflow/.local/lib/python3.8/site-packages/airflow/example_dags/example_xcomargs.py
[2024-03-13T07:06:46.730+0000] {logging_mixin.py:188} INFO - [2024-03-13T07:06:46.729+0000] {dag.py:3047} INFO - Sync 2 DAGs
[2024-03-13T07:06:46.739+0000] {logging_mixin.py:188} INFO - [2024-03-13T07:06:46.739+0000] {dag.py:3834} INFO - Setting next_dagrun for example_xcom_args to None, run_after=None
[2024-03-13T07:06:46.742+0000] {logging_mixin.py:188} INFO - [2024-03-13T07:06:46.742+0000] {dag.py:3834} INFO - Setting next_dagrun for example_xcom_args_with_operators to None, run_after=None
[2024-03-13T07:06:46.756+0000] {processor.py:183} INFO - Processing /home/airflow/.local/lib/python3.8/site-packages/airflow/example_dags/example_xcomargs.py took 0.056 seconds
[2024-03-13T07:07:17.284+0000] {processor.py:161} INFO - Started process (PID=619) to work on /home/airflow/.local/lib/python3.8/site-packages/airflow/example_dags/example_xcomargs.py
[2024-03-13T07:07:17.286+0000] {processor.py:830} INFO - Processing file /home/airflow/.local/lib/python3.8/site-packages/airflow/example_dags/example_xcomargs.py for tasks to queue
[2024-03-13T07:07:17.288+0000] {logging_mixin.py:188} INFO - [2024-03-13T07:07:17.288+0000] {dagbag.py:540} INFO - Filling up the DagBag from /home/airflow/.local/lib/python3.8/site-packages/airflow/example_dags/example_xcomargs.py
[2024-03-13T07:07:17.298+0000] {processor.py:840} INFO - DAG(s) 'example_xcom_args_with_operators', 'example_xcom_args' retrieved from /home/airflow/.local/lib/python3.8/site-packages/airflow/example_dags/example_xcomargs.py
[2024-03-13T07:07:17.328+0000] {logging_mixin.py:188} INFO - [2024-03-13T07:07:17.327+0000] {dag.py:3047} INFO - Sync 2 DAGs
[2024-03-13T07:07:17.342+0000] {logging_mixin.py:188} INFO - [2024-03-13T07:07:17.342+0000] {dag.py:3834} INFO - Setting next_dagrun for example_xcom_args to None, run_after=None
[2024-03-13T07:07:17.347+0000] {logging_mixin.py:188} INFO - [2024-03-13T07:07:17.347+0000] {dag.py:3834} INFO - Setting next_dagrun for example_xcom_args_with_operators to None, run_after=None
[2024-03-13T07:07:17.370+0000] {processor.py:183} INFO - Processing /home/airflow/.local/lib/python3.8/site-packages/airflow/example_dags/example_xcomargs.py took 0.090 seconds
[2024-03-13T07:09:30.002+0000] {processor.py:161} INFO - Started process (PID=59) to work on /home/airflow/.local/lib/python3.8/site-packages/airflow/example_dags/example_xcomargs.py
[2024-03-13T07:09:30.004+0000] {processor.py:830} INFO - Processing file /home/airflow/.local/lib/python3.8/site-packages/airflow/example_dags/example_xcomargs.py for tasks to queue
[2024-03-13T07:09:30.006+0000] {logging_mixin.py:188} INFO - [2024-03-13T07:09:30.006+0000] {dagbag.py:540} INFO - Filling up the DagBag from /home/airflow/.local/lib/python3.8/site-packages/airflow/example_dags/example_xcomargs.py
[2024-03-13T07:09:30.017+0000] {processor.py:840} INFO - DAG(s) 'example_xcom_args', 'example_xcom_args_with_operators' retrieved from /home/airflow/.local/lib/python3.8/site-packages/airflow/example_dags/example_xcomargs.py
[2024-03-13T07:09:30.028+0000] {logging_mixin.py:188} INFO - [2024-03-13T07:09:30.027+0000] {dag.py:3047} INFO - Sync 2 DAGs
[2024-03-13T07:09:30.039+0000] {logging_mixin.py:188} INFO - [2024-03-13T07:09:30.039+0000] {dag.py:3834} INFO - Setting next_dagrun for example_xcom_args to None, run_after=None
[2024-03-13T07:09:30.043+0000] {logging_mixin.py:188} INFO - [2024-03-13T07:09:30.043+0000] {dag.py:3834} INFO - Setting next_dagrun for example_xcom_args_with_operators to None, run_after=None
[2024-03-13T07:09:30.059+0000] {processor.py:183} INFO - Processing /home/airflow/.local/lib/python3.8/site-packages/airflow/example_dags/example_xcomargs.py took 0.061 seconds
[2024-03-13T07:10:00.656+0000] {processor.py:161} INFO - Started process (PID=115) to work on /home/airflow/.local/lib/python3.8/site-packages/airflow/example_dags/example_xcomargs.py
[2024-03-13T07:10:00.657+0000] {processor.py:830} INFO - Processing file /home/airflow/.local/lib/python3.8/site-packages/airflow/example_dags/example_xcomargs.py for tasks to queue
[2024-03-13T07:10:00.659+0000] {logging_mixin.py:188} INFO - [2024-03-13T07:10:00.659+0000] {dagbag.py:540} INFO - Filling up the DagBag from /home/airflow/.local/lib/python3.8/site-packages/airflow/example_dags/example_xcomargs.py
[2024-03-13T07:10:00.665+0000] {processor.py:840} INFO - DAG(s) 'example_xcom_args', 'example_xcom_args_with_operators' retrieved from /home/airflow/.local/lib/python3.8/site-packages/airflow/example_dags/example_xcomargs.py
[2024-03-13T07:10:00.746+0000] {logging_mixin.py:188} INFO - [2024-03-13T07:10:00.746+0000] {dag.py:3047} INFO - Sync 2 DAGs
[2024-03-13T07:10:00.754+0000] {logging_mixin.py:188} INFO - [2024-03-13T07:10:00.754+0000] {dag.py:3834} INFO - Setting next_dagrun for example_xcom_args to None, run_after=None
[2024-03-13T07:10:00.757+0000] {logging_mixin.py:188} INFO - [2024-03-13T07:10:00.757+0000] {dag.py:3834} INFO - Setting next_dagrun for example_xcom_args_with_operators to None, run_after=None
[2024-03-13T07:10:00.773+0000] {processor.py:183} INFO - Processing /home/airflow/.local/lib/python3.8/site-packages/airflow/example_dags/example_xcomargs.py took 0.119 seconds
[2024-03-13T07:10:31.297+0000] {processor.py:161} INFO - Started process (PID=171) to work on /home/airflow/.local/lib/python3.8/site-packages/airflow/example_dags/example_xcomargs.py
[2024-03-13T07:10:31.298+0000] {processor.py:830} INFO - Processing file /home/airflow/.local/lib/python3.8/site-packages/airflow/example_dags/example_xcomargs.py for tasks to queue
[2024-03-13T07:10:31.299+0000] {logging_mixin.py:188} INFO - [2024-03-13T07:10:31.299+0000] {dagbag.py:540} INFO - Filling up the DagBag from /home/airflow/.local/lib/python3.8/site-packages/airflow/example_dags/example_xcomargs.py
[2024-03-13T07:10:31.307+0000] {processor.py:840} INFO - DAG(s) 'example_xcom_args', 'example_xcom_args_with_operators' retrieved from /home/airflow/.local/lib/python3.8/site-packages/airflow/example_dags/example_xcomargs.py
[2024-03-13T07:10:31.327+0000] {logging_mixin.py:188} INFO - [2024-03-13T07:10:31.327+0000] {dag.py:3047} INFO - Sync 2 DAGs
[2024-03-13T07:10:31.337+0000] {logging_mixin.py:188} INFO - [2024-03-13T07:10:31.337+0000] {dag.py:3834} INFO - Setting next_dagrun for example_xcom_args to None, run_after=None
[2024-03-13T07:10:31.342+0000] {logging_mixin.py:188} INFO - [2024-03-13T07:10:31.342+0000] {dag.py:3834} INFO - Setting next_dagrun for example_xcom_args_with_operators to None, run_after=None
[2024-03-13T07:10:31.359+0000] {processor.py:183} INFO - Processing /home/airflow/.local/lib/python3.8/site-packages/airflow/example_dags/example_xcomargs.py took 0.065 seconds
[2024-03-13T07:11:01.561+0000] {processor.py:161} INFO - Started process (PID=227) to work on /home/airflow/.local/lib/python3.8/site-packages/airflow/example_dags/example_xcomargs.py
[2024-03-13T07:11:01.562+0000] {processor.py:830} INFO - Processing file /home/airflow/.local/lib/python3.8/site-packages/airflow/example_dags/example_xcomargs.py for tasks to queue
[2024-03-13T07:11:01.564+0000] {logging_mixin.py:188} INFO - [2024-03-13T07:11:01.564+0000] {dagbag.py:540} INFO - Filling up the DagBag from /home/airflow/.local/lib/python3.8/site-packages/airflow/example_dags/example_xcomargs.py
[2024-03-13T07:11:01.571+0000] {processor.py:840} INFO - DAG(s) 'example_xcom_args_with_operators', 'example_xcom_args' retrieved from /home/airflow/.local/lib/python3.8/site-packages/airflow/example_dags/example_xcomargs.py
[2024-03-13T07:11:01.593+0000] {logging_mixin.py:188} INFO - [2024-03-13T07:11:01.592+0000] {dag.py:3047} INFO - Sync 2 DAGs
[2024-03-13T07:11:01.604+0000] {logging_mixin.py:188} INFO - [2024-03-13T07:11:01.603+0000] {dag.py:3834} INFO - Setting next_dagrun for example_xcom_args to None, run_after=None
[2024-03-13T07:11:01.607+0000] {logging_mixin.py:188} INFO - [2024-03-13T07:11:01.607+0000] {dag.py:3834} INFO - Setting next_dagrun for example_xcom_args_with_operators to None, run_after=None
[2024-03-13T07:11:01.623+0000] {processor.py:183} INFO - Processing /home/airflow/.local/lib/python3.8/site-packages/airflow/example_dags/example_xcomargs.py took 0.064 seconds
[2024-03-13T07:11:31.983+0000] {processor.py:161} INFO - Started process (PID=284) to work on /home/airflow/.local/lib/python3.8/site-packages/airflow/example_dags/example_xcomargs.py
[2024-03-13T07:11:31.984+0000] {processor.py:830} INFO - Processing file /home/airflow/.local/lib/python3.8/site-packages/airflow/example_dags/example_xcomargs.py for tasks to queue
[2024-03-13T07:11:31.985+0000] {logging_mixin.py:188} INFO - [2024-03-13T07:11:31.985+0000] {dagbag.py:540} INFO - Filling up the DagBag from /home/airflow/.local/lib/python3.8/site-packages/airflow/example_dags/example_xcomargs.py
[2024-03-13T07:11:31.992+0000] {processor.py:840} INFO - DAG(s) 'example_xcom_args_with_operators', 'example_xcom_args' retrieved from /home/airflow/.local/lib/python3.8/site-packages/airflow/example_dags/example_xcomargs.py
[2024-03-13T07:11:32.012+0000] {logging_mixin.py:188} INFO - [2024-03-13T07:11:32.012+0000] {dag.py:3047} INFO - Sync 2 DAGs
[2024-03-13T07:11:32.022+0000] {logging_mixin.py:188} INFO - [2024-03-13T07:11:32.022+0000] {dag.py:3834} INFO - Setting next_dagrun for example_xcom_args to None, run_after=None
[2024-03-13T07:11:32.025+0000] {logging_mixin.py:188} INFO - [2024-03-13T07:11:32.025+0000] {dag.py:3834} INFO - Setting next_dagrun for example_xcom_args_with_operators to None, run_after=None
[2024-03-13T07:11:32.042+0000] {processor.py:183} INFO - Processing /home/airflow/.local/lib/python3.8/site-packages/airflow/example_dags/example_xcomargs.py took 0.062 seconds
