[2024-03-13T06:40:19.622+0000] {processor.py:161} INFO - Started process (PID=437) to work on /home/airflow/.local/lib/python3.8/site-packages/airflow/example_dags/example_short_circuit_operator.py
[2024-03-13T06:40:19.623+0000] {processor.py:830} INFO - Processing file /home/airflow/.local/lib/python3.8/site-packages/airflow/example_dags/example_short_circuit_operator.py for tasks to queue
[2024-03-13T06:40:19.624+0000] {logging_mixin.py:188} INFO - [2024-03-13T06:40:19.624+0000] {dagbag.py:540} INFO - Filling up the DagBag from /home/airflow/.local/lib/python3.8/site-packages/airflow/example_dags/example_short_circuit_operator.py
[2024-03-13T06:40:19.631+0000] {processor.py:840} INFO - DAG(s) 'example_short_circuit_operator' retrieved from /home/airflow/.local/lib/python3.8/site-packages/airflow/example_dags/example_short_circuit_operator.py
[2024-03-13T06:40:19.649+0000] {logging_mixin.py:188} INFO - [2024-03-13T06:40:19.649+0000] {dag.py:3047} INFO - Sync 1 DAGs
[2024-03-13T06:40:19.667+0000] {logging_mixin.py:188} INFO - [2024-03-13T06:40:19.667+0000] {dag.py:3834} INFO - Setting next_dagrun for example_short_circuit_operator to 2024-03-12 00:00:00+00:00, run_after=2024-03-13 00:00:00+00:00
[2024-03-13T06:40:19.683+0000] {processor.py:183} INFO - Processing /home/airflow/.local/lib/python3.8/site-packages/airflow/example_dags/example_short_circuit_operator.py took 0.063 seconds
[2024-03-13T06:40:50.011+0000] {processor.py:161} INFO - Started process (PID=493) to work on /home/airflow/.local/lib/python3.8/site-packages/airflow/example_dags/example_short_circuit_operator.py
[2024-03-13T06:40:50.012+0000] {processor.py:830} INFO - Processing file /home/airflow/.local/lib/python3.8/site-packages/airflow/example_dags/example_short_circuit_operator.py for tasks to queue
[2024-03-13T06:40:50.013+0000] {logging_mixin.py:188} INFO - [2024-03-13T06:40:50.012+0000] {dagbag.py:540} INFO - Filling up the DagBag from /home/airflow/.local/lib/python3.8/site-packages/airflow/example_dags/example_short_circuit_operator.py
[2024-03-13T06:40:50.019+0000] {processor.py:840} INFO - DAG(s) 'example_short_circuit_operator' retrieved from /home/airflow/.local/lib/python3.8/site-packages/airflow/example_dags/example_short_circuit_operator.py
[2024-03-13T06:40:50.036+0000] {logging_mixin.py:188} INFO - [2024-03-13T06:40:50.036+0000] {dag.py:3047} INFO - Sync 1 DAGs
[2024-03-13T06:40:50.054+0000] {logging_mixin.py:188} INFO - [2024-03-13T06:40:50.053+0000] {dag.py:3834} INFO - Setting next_dagrun for example_short_circuit_operator to 2024-03-12 00:00:00+00:00, run_after=2024-03-13 00:00:00+00:00
[2024-03-13T06:40:50.072+0000] {processor.py:183} INFO - Processing /home/airflow/.local/lib/python3.8/site-packages/airflow/example_dags/example_short_circuit_operator.py took 0.064 seconds
[2024-03-13T06:41:20.496+0000] {processor.py:161} INFO - Started process (PID=549) to work on /home/airflow/.local/lib/python3.8/site-packages/airflow/example_dags/example_short_circuit_operator.py
[2024-03-13T06:41:20.496+0000] {processor.py:830} INFO - Processing file /home/airflow/.local/lib/python3.8/site-packages/airflow/example_dags/example_short_circuit_operator.py for tasks to queue
[2024-03-13T06:41:20.497+0000] {logging_mixin.py:188} INFO - [2024-03-13T06:41:20.497+0000] {dagbag.py:540} INFO - Filling up the DagBag from /home/airflow/.local/lib/python3.8/site-packages/airflow/example_dags/example_short_circuit_operator.py
[2024-03-13T06:41:20.503+0000] {processor.py:840} INFO - DAG(s) 'example_short_circuit_operator' retrieved from /home/airflow/.local/lib/python3.8/site-packages/airflow/example_dags/example_short_circuit_operator.py
[2024-03-13T06:41:20.521+0000] {logging_mixin.py:188} INFO - [2024-03-13T06:41:20.521+0000] {dag.py:3047} INFO - Sync 1 DAGs
[2024-03-13T06:41:20.537+0000] {logging_mixin.py:188} INFO - [2024-03-13T06:41:20.537+0000] {dag.py:3834} INFO - Setting next_dagrun for example_short_circuit_operator to 2024-03-12 00:00:00+00:00, run_after=2024-03-13 00:00:00+00:00
[2024-03-13T06:41:20.553+0000] {processor.py:183} INFO - Processing /home/airflow/.local/lib/python3.8/site-packages/airflow/example_dags/example_short_circuit_operator.py took 0.060 seconds
[2024-03-13T06:41:51.071+0000] {processor.py:161} INFO - Started process (PID=605) to work on /home/airflow/.local/lib/python3.8/site-packages/airflow/example_dags/example_short_circuit_operator.py
[2024-03-13T06:41:51.072+0000] {processor.py:830} INFO - Processing file /home/airflow/.local/lib/python3.8/site-packages/airflow/example_dags/example_short_circuit_operator.py for tasks to queue
[2024-03-13T06:41:51.073+0000] {logging_mixin.py:188} INFO - [2024-03-13T06:41:51.073+0000] {dagbag.py:540} INFO - Filling up the DagBag from /home/airflow/.local/lib/python3.8/site-packages/airflow/example_dags/example_short_circuit_operator.py
[2024-03-13T06:41:51.079+0000] {processor.py:840} INFO - DAG(s) 'example_short_circuit_operator' retrieved from /home/airflow/.local/lib/python3.8/site-packages/airflow/example_dags/example_short_circuit_operator.py
[2024-03-13T06:41:51.098+0000] {logging_mixin.py:188} INFO - [2024-03-13T06:41:51.098+0000] {dag.py:3047} INFO - Sync 1 DAGs
[2024-03-13T06:41:51.115+0000] {logging_mixin.py:188} INFO - [2024-03-13T06:41:51.115+0000] {dag.py:3834} INFO - Setting next_dagrun for example_short_circuit_operator to 2024-03-12 00:00:00+00:00, run_after=2024-03-13 00:00:00+00:00
[2024-03-13T06:41:51.132+0000] {processor.py:183} INFO - Processing /home/airflow/.local/lib/python3.8/site-packages/airflow/example_dags/example_short_circuit_operator.py took 0.063 seconds
[2024-03-13T06:42:21.470+0000] {processor.py:161} INFO - Started process (PID=661) to work on /home/airflow/.local/lib/python3.8/site-packages/airflow/example_dags/example_short_circuit_operator.py
[2024-03-13T06:42:21.472+0000] {processor.py:830} INFO - Processing file /home/airflow/.local/lib/python3.8/site-packages/airflow/example_dags/example_short_circuit_operator.py for tasks to queue
[2024-03-13T06:42:21.473+0000] {logging_mixin.py:188} INFO - [2024-03-13T06:42:21.473+0000] {dagbag.py:540} INFO - Filling up the DagBag from /home/airflow/.local/lib/python3.8/site-packages/airflow/example_dags/example_short_circuit_operator.py
[2024-03-13T06:42:21.479+0000] {processor.py:840} INFO - DAG(s) 'example_short_circuit_operator' retrieved from /home/airflow/.local/lib/python3.8/site-packages/airflow/example_dags/example_short_circuit_operator.py
[2024-03-13T06:42:21.498+0000] {logging_mixin.py:188} INFO - [2024-03-13T06:42:21.498+0000] {dag.py:3047} INFO - Sync 1 DAGs
[2024-03-13T06:42:21.516+0000] {logging_mixin.py:188} INFO - [2024-03-13T06:42:21.515+0000] {dag.py:3834} INFO - Setting next_dagrun for example_short_circuit_operator to 2024-03-12 00:00:00+00:00, run_after=2024-03-13 00:00:00+00:00
[2024-03-13T06:42:21.531+0000] {processor.py:183} INFO - Processing /home/airflow/.local/lib/python3.8/site-packages/airflow/example_dags/example_short_circuit_operator.py took 0.064 seconds
[2024-03-13T06:42:51.734+0000] {processor.py:161} INFO - Started process (PID=717) to work on /home/airflow/.local/lib/python3.8/site-packages/airflow/example_dags/example_short_circuit_operator.py
[2024-03-13T06:42:51.735+0000] {processor.py:830} INFO - Processing file /home/airflow/.local/lib/python3.8/site-packages/airflow/example_dags/example_short_circuit_operator.py for tasks to queue
[2024-03-13T06:42:51.735+0000] {logging_mixin.py:188} INFO - [2024-03-13T06:42:51.735+0000] {dagbag.py:540} INFO - Filling up the DagBag from /home/airflow/.local/lib/python3.8/site-packages/airflow/example_dags/example_short_circuit_operator.py
[2024-03-13T06:42:51.742+0000] {processor.py:840} INFO - DAG(s) 'example_short_circuit_operator' retrieved from /home/airflow/.local/lib/python3.8/site-packages/airflow/example_dags/example_short_circuit_operator.py
[2024-03-13T06:42:51.762+0000] {logging_mixin.py:188} INFO - [2024-03-13T06:42:51.762+0000] {dag.py:3047} INFO - Sync 1 DAGs
[2024-03-13T06:42:51.779+0000] {logging_mixin.py:188} INFO - [2024-03-13T06:42:51.779+0000] {dag.py:3834} INFO - Setting next_dagrun for example_short_circuit_operator to 2024-03-12 00:00:00+00:00, run_after=2024-03-13 00:00:00+00:00
[2024-03-13T06:42:51.797+0000] {processor.py:183} INFO - Processing /home/airflow/.local/lib/python3.8/site-packages/airflow/example_dags/example_short_circuit_operator.py took 0.065 seconds
[2024-03-13T06:43:22.060+0000] {processor.py:161} INFO - Started process (PID=773) to work on /home/airflow/.local/lib/python3.8/site-packages/airflow/example_dags/example_short_circuit_operator.py
[2024-03-13T06:43:22.062+0000] {processor.py:830} INFO - Processing file /home/airflow/.local/lib/python3.8/site-packages/airflow/example_dags/example_short_circuit_operator.py for tasks to queue
[2024-03-13T06:43:22.063+0000] {logging_mixin.py:188} INFO - [2024-03-13T06:43:22.062+0000] {dagbag.py:540} INFO - Filling up the DagBag from /home/airflow/.local/lib/python3.8/site-packages/airflow/example_dags/example_short_circuit_operator.py
[2024-03-13T06:43:22.069+0000] {processor.py:840} INFO - DAG(s) 'example_short_circuit_operator' retrieved from /home/airflow/.local/lib/python3.8/site-packages/airflow/example_dags/example_short_circuit_operator.py
[2024-03-13T06:43:22.086+0000] {logging_mixin.py:188} INFO - [2024-03-13T06:43:22.086+0000] {dag.py:3047} INFO - Sync 1 DAGs
[2024-03-13T06:43:22.101+0000] {logging_mixin.py:188} INFO - [2024-03-13T06:43:22.101+0000] {dag.py:3834} INFO - Setting next_dagrun for example_short_circuit_operator to 2024-03-12 00:00:00+00:00, run_after=2024-03-13 00:00:00+00:00
[2024-03-13T06:43:22.119+0000] {processor.py:183} INFO - Processing /home/airflow/.local/lib/python3.8/site-packages/airflow/example_dags/example_short_circuit_operator.py took 0.061 seconds
[2024-03-13T06:43:52.491+0000] {processor.py:161} INFO - Started process (PID=829) to work on /home/airflow/.local/lib/python3.8/site-packages/airflow/example_dags/example_short_circuit_operator.py
[2024-03-13T06:43:52.492+0000] {processor.py:830} INFO - Processing file /home/airflow/.local/lib/python3.8/site-packages/airflow/example_dags/example_short_circuit_operator.py for tasks to queue
[2024-03-13T06:43:52.493+0000] {logging_mixin.py:188} INFO - [2024-03-13T06:43:52.492+0000] {dagbag.py:540} INFO - Filling up the DagBag from /home/airflow/.local/lib/python3.8/site-packages/airflow/example_dags/example_short_circuit_operator.py
[2024-03-13T06:43:52.500+0000] {processor.py:840} INFO - DAG(s) 'example_short_circuit_operator' retrieved from /home/airflow/.local/lib/python3.8/site-packages/airflow/example_dags/example_short_circuit_operator.py
[2024-03-13T06:43:52.519+0000] {logging_mixin.py:188} INFO - [2024-03-13T06:43:52.519+0000] {dag.py:3047} INFO - Sync 1 DAGs
[2024-03-13T06:43:52.536+0000] {logging_mixin.py:188} INFO - [2024-03-13T06:43:52.535+0000] {dag.py:3834} INFO - Setting next_dagrun for example_short_circuit_operator to 2024-03-12 00:00:00+00:00, run_after=2024-03-13 00:00:00+00:00
[2024-03-13T06:43:52.553+0000] {processor.py:183} INFO - Processing /home/airflow/.local/lib/python3.8/site-packages/airflow/example_dags/example_short_circuit_operator.py took 0.064 seconds
[2024-03-13T06:44:22.910+0000] {processor.py:161} INFO - Started process (PID=885) to work on /home/airflow/.local/lib/python3.8/site-packages/airflow/example_dags/example_short_circuit_operator.py
[2024-03-13T06:44:22.911+0000] {processor.py:830} INFO - Processing file /home/airflow/.local/lib/python3.8/site-packages/airflow/example_dags/example_short_circuit_operator.py for tasks to queue
[2024-03-13T06:44:22.912+0000] {logging_mixin.py:188} INFO - [2024-03-13T06:44:22.911+0000] {dagbag.py:540} INFO - Filling up the DagBag from /home/airflow/.local/lib/python3.8/site-packages/airflow/example_dags/example_short_circuit_operator.py
[2024-03-13T06:44:22.918+0000] {processor.py:840} INFO - DAG(s) 'example_short_circuit_operator' retrieved from /home/airflow/.local/lib/python3.8/site-packages/airflow/example_dags/example_short_circuit_operator.py
[2024-03-13T06:44:22.937+0000] {logging_mixin.py:188} INFO - [2024-03-13T06:44:22.937+0000] {dag.py:3047} INFO - Sync 1 DAGs
[2024-03-13T06:44:22.953+0000] {logging_mixin.py:188} INFO - [2024-03-13T06:44:22.953+0000] {dag.py:3834} INFO - Setting next_dagrun for example_short_circuit_operator to 2024-03-12 00:00:00+00:00, run_after=2024-03-13 00:00:00+00:00
[2024-03-13T06:44:22.970+0000] {processor.py:183} INFO - Processing /home/airflow/.local/lib/python3.8/site-packages/airflow/example_dags/example_short_circuit_operator.py took 0.062 seconds
[2024-03-13T06:44:53.216+0000] {processor.py:161} INFO - Started process (PID=941) to work on /home/airflow/.local/lib/python3.8/site-packages/airflow/example_dags/example_short_circuit_operator.py
[2024-03-13T06:44:53.217+0000] {processor.py:830} INFO - Processing file /home/airflow/.local/lib/python3.8/site-packages/airflow/example_dags/example_short_circuit_operator.py for tasks to queue
[2024-03-13T06:44:53.218+0000] {logging_mixin.py:188} INFO - [2024-03-13T06:44:53.218+0000] {dagbag.py:540} INFO - Filling up the DagBag from /home/airflow/.local/lib/python3.8/site-packages/airflow/example_dags/example_short_circuit_operator.py
[2024-03-13T06:44:53.226+0000] {processor.py:840} INFO - DAG(s) 'example_short_circuit_operator' retrieved from /home/airflow/.local/lib/python3.8/site-packages/airflow/example_dags/example_short_circuit_operator.py
[2024-03-13T06:44:53.249+0000] {logging_mixin.py:188} INFO - [2024-03-13T06:44:53.249+0000] {dag.py:3047} INFO - Sync 1 DAGs
[2024-03-13T06:44:53.270+0000] {logging_mixin.py:188} INFO - [2024-03-13T06:44:53.270+0000] {dag.py:3834} INFO - Setting next_dagrun for example_short_circuit_operator to 2024-03-12 00:00:00+00:00, run_after=2024-03-13 00:00:00+00:00
[2024-03-13T06:44:53.291+0000] {processor.py:183} INFO - Processing /home/airflow/.local/lib/python3.8/site-packages/airflow/example_dags/example_short_circuit_operator.py took 0.077 seconds
[2024-03-13T06:45:23.410+0000] {processor.py:161} INFO - Started process (PID=998) to work on /home/airflow/.local/lib/python3.8/site-packages/airflow/example_dags/example_short_circuit_operator.py
[2024-03-13T06:45:23.411+0000] {processor.py:830} INFO - Processing file /home/airflow/.local/lib/python3.8/site-packages/airflow/example_dags/example_short_circuit_operator.py for tasks to queue
[2024-03-13T06:45:23.412+0000] {logging_mixin.py:188} INFO - [2024-03-13T06:45:23.412+0000] {dagbag.py:540} INFO - Filling up the DagBag from /home/airflow/.local/lib/python3.8/site-packages/airflow/example_dags/example_short_circuit_operator.py
[2024-03-13T06:45:23.418+0000] {processor.py:840} INFO - DAG(s) 'example_short_circuit_operator' retrieved from /home/airflow/.local/lib/python3.8/site-packages/airflow/example_dags/example_short_circuit_operator.py
[2024-03-13T06:45:23.438+0000] {logging_mixin.py:188} INFO - [2024-03-13T06:45:23.437+0000] {dag.py:3047} INFO - Sync 1 DAGs
[2024-03-13T06:45:23.455+0000] {logging_mixin.py:188} INFO - [2024-03-13T06:45:23.455+0000] {dag.py:3834} INFO - Setting next_dagrun for example_short_circuit_operator to 2024-03-12 00:00:00+00:00, run_after=2024-03-13 00:00:00+00:00
[2024-03-13T06:45:23.473+0000] {processor.py:183} INFO - Processing /home/airflow/.local/lib/python3.8/site-packages/airflow/example_dags/example_short_circuit_operator.py took 0.065 seconds
[2024-03-13T06:45:53.898+0000] {processor.py:161} INFO - Started process (PID=1054) to work on /home/airflow/.local/lib/python3.8/site-packages/airflow/example_dags/example_short_circuit_operator.py
[2024-03-13T06:45:53.899+0000] {processor.py:830} INFO - Processing file /home/airflow/.local/lib/python3.8/site-packages/airflow/example_dags/example_short_circuit_operator.py for tasks to queue
[2024-03-13T06:45:53.900+0000] {logging_mixin.py:188} INFO - [2024-03-13T06:45:53.900+0000] {dagbag.py:540} INFO - Filling up the DagBag from /home/airflow/.local/lib/python3.8/site-packages/airflow/example_dags/example_short_circuit_operator.py
[2024-03-13T06:45:53.907+0000] {processor.py:840} INFO - DAG(s) 'example_short_circuit_operator' retrieved from /home/airflow/.local/lib/python3.8/site-packages/airflow/example_dags/example_short_circuit_operator.py
[2024-03-13T06:45:53.929+0000] {logging_mixin.py:188} INFO - [2024-03-13T06:45:53.929+0000] {dag.py:3047} INFO - Sync 1 DAGs
[2024-03-13T06:45:53.947+0000] {logging_mixin.py:188} INFO - [2024-03-13T06:45:53.947+0000] {dag.py:3834} INFO - Setting next_dagrun for example_short_circuit_operator to 2024-03-12 00:00:00+00:00, run_after=2024-03-13 00:00:00+00:00
[2024-03-13T06:45:53.965+0000] {processor.py:183} INFO - Processing /home/airflow/.local/lib/python3.8/site-packages/airflow/example_dags/example_short_circuit_operator.py took 0.069 seconds
[2024-03-13T06:46:24.495+0000] {processor.py:161} INFO - Started process (PID=1110) to work on /home/airflow/.local/lib/python3.8/site-packages/airflow/example_dags/example_short_circuit_operator.py
[2024-03-13T06:46:24.497+0000] {processor.py:830} INFO - Processing file /home/airflow/.local/lib/python3.8/site-packages/airflow/example_dags/example_short_circuit_operator.py for tasks to queue
[2024-03-13T06:46:24.499+0000] {logging_mixin.py:188} INFO - [2024-03-13T06:46:24.498+0000] {dagbag.py:540} INFO - Filling up the DagBag from /home/airflow/.local/lib/python3.8/site-packages/airflow/example_dags/example_short_circuit_operator.py
[2024-03-13T06:46:24.505+0000] {processor.py:840} INFO - DAG(s) 'example_short_circuit_operator' retrieved from /home/airflow/.local/lib/python3.8/site-packages/airflow/example_dags/example_short_circuit_operator.py
[2024-03-13T06:46:24.525+0000] {logging_mixin.py:188} INFO - [2024-03-13T06:46:24.525+0000] {dag.py:3047} INFO - Sync 1 DAGs
[2024-03-13T06:46:24.543+0000] {logging_mixin.py:188} INFO - [2024-03-13T06:46:24.543+0000] {dag.py:3834} INFO - Setting next_dagrun for example_short_circuit_operator to 2024-03-12 00:00:00+00:00, run_after=2024-03-13 00:00:00+00:00
[2024-03-13T06:46:24.560+0000] {processor.py:183} INFO - Processing /home/airflow/.local/lib/python3.8/site-packages/airflow/example_dags/example_short_circuit_operator.py took 0.067 seconds
[2024-03-13T06:46:54.888+0000] {processor.py:161} INFO - Started process (PID=1173) to work on /home/airflow/.local/lib/python3.8/site-packages/airflow/example_dags/example_short_circuit_operator.py
[2024-03-13T06:46:54.889+0000] {processor.py:830} INFO - Processing file /home/airflow/.local/lib/python3.8/site-packages/airflow/example_dags/example_short_circuit_operator.py for tasks to queue
[2024-03-13T06:46:54.890+0000] {logging_mixin.py:188} INFO - [2024-03-13T06:46:54.890+0000] {dagbag.py:540} INFO - Filling up the DagBag from /home/airflow/.local/lib/python3.8/site-packages/airflow/example_dags/example_short_circuit_operator.py
[2024-03-13T06:46:54.898+0000] {processor.py:840} INFO - DAG(s) 'example_short_circuit_operator' retrieved from /home/airflow/.local/lib/python3.8/site-packages/airflow/example_dags/example_short_circuit_operator.py
[2024-03-13T06:46:54.918+0000] {logging_mixin.py:188} INFO - [2024-03-13T06:46:54.917+0000] {dag.py:3047} INFO - Sync 1 DAGs
[2024-03-13T06:46:54.936+0000] {logging_mixin.py:188} INFO - [2024-03-13T06:46:54.936+0000] {dag.py:3834} INFO - Setting next_dagrun for example_short_circuit_operator to 2024-03-12 00:00:00+00:00, run_after=2024-03-13 00:00:00+00:00
[2024-03-13T06:46:54.953+0000] {processor.py:183} INFO - Processing /home/airflow/.local/lib/python3.8/site-packages/airflow/example_dags/example_short_circuit_operator.py took 0.067 seconds
[2024-03-13T06:47:25.198+0000] {processor.py:161} INFO - Started process (PID=1229) to work on /home/airflow/.local/lib/python3.8/site-packages/airflow/example_dags/example_short_circuit_operator.py
[2024-03-13T06:47:25.199+0000] {processor.py:830} INFO - Processing file /home/airflow/.local/lib/python3.8/site-packages/airflow/example_dags/example_short_circuit_operator.py for tasks to queue
[2024-03-13T06:47:25.201+0000] {logging_mixin.py:188} INFO - [2024-03-13T06:47:25.200+0000] {dagbag.py:540} INFO - Filling up the DagBag from /home/airflow/.local/lib/python3.8/site-packages/airflow/example_dags/example_short_circuit_operator.py
[2024-03-13T06:47:25.213+0000] {processor.py:840} INFO - DAG(s) 'example_short_circuit_operator' retrieved from /home/airflow/.local/lib/python3.8/site-packages/airflow/example_dags/example_short_circuit_operator.py
[2024-03-13T06:47:25.239+0000] {logging_mixin.py:188} INFO - [2024-03-13T06:47:25.238+0000] {dag.py:3047} INFO - Sync 1 DAGs
[2024-03-13T06:47:25.264+0000] {logging_mixin.py:188} INFO - [2024-03-13T06:47:25.264+0000] {dag.py:3834} INFO - Setting next_dagrun for example_short_circuit_operator to 2024-03-12 00:00:00+00:00, run_after=2024-03-13 00:00:00+00:00
[2024-03-13T06:47:25.285+0000] {processor.py:183} INFO - Processing /home/airflow/.local/lib/python3.8/site-packages/airflow/example_dags/example_short_circuit_operator.py took 0.090 seconds
[2024-03-13T06:47:55.319+0000] {processor.py:161} INFO - Started process (PID=1285) to work on /home/airflow/.local/lib/python3.8/site-packages/airflow/example_dags/example_short_circuit_operator.py
[2024-03-13T06:47:55.320+0000] {processor.py:830} INFO - Processing file /home/airflow/.local/lib/python3.8/site-packages/airflow/example_dags/example_short_circuit_operator.py for tasks to queue
[2024-03-13T06:47:55.322+0000] {logging_mixin.py:188} INFO - [2024-03-13T06:47:55.321+0000] {dagbag.py:540} INFO - Filling up the DagBag from /home/airflow/.local/lib/python3.8/site-packages/airflow/example_dags/example_short_circuit_operator.py
[2024-03-13T06:47:55.328+0000] {processor.py:840} INFO - DAG(s) 'example_short_circuit_operator' retrieved from /home/airflow/.local/lib/python3.8/site-packages/airflow/example_dags/example_short_circuit_operator.py
[2024-03-13T06:47:55.349+0000] {logging_mixin.py:188} INFO - [2024-03-13T06:47:55.348+0000] {dag.py:3047} INFO - Sync 1 DAGs
[2024-03-13T06:47:55.366+0000] {logging_mixin.py:188} INFO - [2024-03-13T06:47:55.366+0000] {dag.py:3834} INFO - Setting next_dagrun for example_short_circuit_operator to 2024-03-12 00:00:00+00:00, run_after=2024-03-13 00:00:00+00:00
[2024-03-13T06:47:55.388+0000] {processor.py:183} INFO - Processing /home/airflow/.local/lib/python3.8/site-packages/airflow/example_dags/example_short_circuit_operator.py took 0.072 seconds
[2024-03-13T06:48:25.704+0000] {processor.py:161} INFO - Started process (PID=1341) to work on /home/airflow/.local/lib/python3.8/site-packages/airflow/example_dags/example_short_circuit_operator.py
[2024-03-13T06:48:25.705+0000] {processor.py:830} INFO - Processing file /home/airflow/.local/lib/python3.8/site-packages/airflow/example_dags/example_short_circuit_operator.py for tasks to queue
[2024-03-13T06:48:25.706+0000] {logging_mixin.py:188} INFO - [2024-03-13T06:48:25.706+0000] {dagbag.py:540} INFO - Filling up the DagBag from /home/airflow/.local/lib/python3.8/site-packages/airflow/example_dags/example_short_circuit_operator.py
[2024-03-13T06:48:25.712+0000] {processor.py:840} INFO - DAG(s) 'example_short_circuit_operator' retrieved from /home/airflow/.local/lib/python3.8/site-packages/airflow/example_dags/example_short_circuit_operator.py
[2024-03-13T06:48:25.734+0000] {logging_mixin.py:188} INFO - [2024-03-13T06:48:25.733+0000] {dag.py:3047} INFO - Sync 1 DAGs
[2024-03-13T06:48:25.751+0000] {logging_mixin.py:188} INFO - [2024-03-13T06:48:25.751+0000] {dag.py:3834} INFO - Setting next_dagrun for example_short_circuit_operator to 2024-03-12 00:00:00+00:00, run_after=2024-03-13 00:00:00+00:00
[2024-03-13T06:48:25.770+0000] {processor.py:183} INFO - Processing /home/airflow/.local/lib/python3.8/site-packages/airflow/example_dags/example_short_circuit_operator.py took 0.068 seconds
[2024-03-13T06:48:55.991+0000] {processor.py:161} INFO - Started process (PID=1399) to work on /home/airflow/.local/lib/python3.8/site-packages/airflow/example_dags/example_short_circuit_operator.py
[2024-03-13T06:48:55.992+0000] {processor.py:830} INFO - Processing file /home/airflow/.local/lib/python3.8/site-packages/airflow/example_dags/example_short_circuit_operator.py for tasks to queue
[2024-03-13T06:48:55.993+0000] {logging_mixin.py:188} INFO - [2024-03-13T06:48:55.993+0000] {dagbag.py:540} INFO - Filling up the DagBag from /home/airflow/.local/lib/python3.8/site-packages/airflow/example_dags/example_short_circuit_operator.py
[2024-03-13T06:48:55.999+0000] {processor.py:840} INFO - DAG(s) 'example_short_circuit_operator' retrieved from /home/airflow/.local/lib/python3.8/site-packages/airflow/example_dags/example_short_circuit_operator.py
[2024-03-13T06:48:56.018+0000] {logging_mixin.py:188} INFO - [2024-03-13T06:48:56.018+0000] {dag.py:3047} INFO - Sync 1 DAGs
[2024-03-13T06:48:56.034+0000] {logging_mixin.py:188} INFO - [2024-03-13T06:48:56.034+0000] {dag.py:3834} INFO - Setting next_dagrun for example_short_circuit_operator to 2024-03-12 00:00:00+00:00, run_after=2024-03-13 00:00:00+00:00
[2024-03-13T06:48:56.050+0000] {processor.py:183} INFO - Processing /home/airflow/.local/lib/python3.8/site-packages/airflow/example_dags/example_short_circuit_operator.py took 0.062 seconds
[2024-03-13T06:49:26.272+0000] {processor.py:161} INFO - Started process (PID=1455) to work on /home/airflow/.local/lib/python3.8/site-packages/airflow/example_dags/example_short_circuit_operator.py
[2024-03-13T06:49:26.273+0000] {processor.py:830} INFO - Processing file /home/airflow/.local/lib/python3.8/site-packages/airflow/example_dags/example_short_circuit_operator.py for tasks to queue
[2024-03-13T06:49:26.274+0000] {logging_mixin.py:188} INFO - [2024-03-13T06:49:26.273+0000] {dagbag.py:540} INFO - Filling up the DagBag from /home/airflow/.local/lib/python3.8/site-packages/airflow/example_dags/example_short_circuit_operator.py
[2024-03-13T06:49:26.281+0000] {processor.py:840} INFO - DAG(s) 'example_short_circuit_operator' retrieved from /home/airflow/.local/lib/python3.8/site-packages/airflow/example_dags/example_short_circuit_operator.py
[2024-03-13T06:49:26.298+0000] {logging_mixin.py:188} INFO - [2024-03-13T06:49:26.298+0000] {dag.py:3047} INFO - Sync 1 DAGs
[2024-03-13T06:49:26.316+0000] {logging_mixin.py:188} INFO - [2024-03-13T06:49:26.316+0000] {dag.py:3834} INFO - Setting next_dagrun for example_short_circuit_operator to 2024-03-12 00:00:00+00:00, run_after=2024-03-13 00:00:00+00:00
[2024-03-13T06:49:26.332+0000] {processor.py:183} INFO - Processing /home/airflow/.local/lib/python3.8/site-packages/airflow/example_dags/example_short_circuit_operator.py took 0.063 seconds
[2024-03-13T06:49:56.483+0000] {processor.py:161} INFO - Started process (PID=1513) to work on /home/airflow/.local/lib/python3.8/site-packages/airflow/example_dags/example_short_circuit_operator.py
[2024-03-13T06:49:56.484+0000] {processor.py:830} INFO - Processing file /home/airflow/.local/lib/python3.8/site-packages/airflow/example_dags/example_short_circuit_operator.py for tasks to queue
[2024-03-13T06:49:56.485+0000] {logging_mixin.py:188} INFO - [2024-03-13T06:49:56.484+0000] {dagbag.py:540} INFO - Filling up the DagBag from /home/airflow/.local/lib/python3.8/site-packages/airflow/example_dags/example_short_circuit_operator.py
[2024-03-13T06:49:56.491+0000] {processor.py:840} INFO - DAG(s) 'example_short_circuit_operator' retrieved from /home/airflow/.local/lib/python3.8/site-packages/airflow/example_dags/example_short_circuit_operator.py
[2024-03-13T06:49:56.509+0000] {logging_mixin.py:188} INFO - [2024-03-13T06:49:56.508+0000] {dag.py:3047} INFO - Sync 1 DAGs
[2024-03-13T06:49:56.525+0000] {logging_mixin.py:188} INFO - [2024-03-13T06:49:56.525+0000] {dag.py:3834} INFO - Setting next_dagrun for example_short_circuit_operator to 2024-03-12 00:00:00+00:00, run_after=2024-03-13 00:00:00+00:00
[2024-03-13T06:49:56.540+0000] {processor.py:183} INFO - Processing /home/airflow/.local/lib/python3.8/site-packages/airflow/example_dags/example_short_circuit_operator.py took 0.059 seconds
[2024-03-13T06:50:26.658+0000] {processor.py:161} INFO - Started process (PID=1569) to work on /home/airflow/.local/lib/python3.8/site-packages/airflow/example_dags/example_short_circuit_operator.py
[2024-03-13T06:50:26.659+0000] {processor.py:830} INFO - Processing file /home/airflow/.local/lib/python3.8/site-packages/airflow/example_dags/example_short_circuit_operator.py for tasks to queue
[2024-03-13T06:50:26.660+0000] {logging_mixin.py:188} INFO - [2024-03-13T06:50:26.660+0000] {dagbag.py:540} INFO - Filling up the DagBag from /home/airflow/.local/lib/python3.8/site-packages/airflow/example_dags/example_short_circuit_operator.py
[2024-03-13T06:50:26.666+0000] {processor.py:840} INFO - DAG(s) 'example_short_circuit_operator' retrieved from /home/airflow/.local/lib/python3.8/site-packages/airflow/example_dags/example_short_circuit_operator.py
[2024-03-13T06:50:26.684+0000] {logging_mixin.py:188} INFO - [2024-03-13T06:50:26.684+0000] {dag.py:3047} INFO - Sync 1 DAGs
[2024-03-13T06:50:26.700+0000] {logging_mixin.py:188} INFO - [2024-03-13T06:50:26.700+0000] {dag.py:3834} INFO - Setting next_dagrun for example_short_circuit_operator to 2024-03-12 00:00:00+00:00, run_after=2024-03-13 00:00:00+00:00
[2024-03-13T06:50:26.716+0000] {processor.py:183} INFO - Processing /home/airflow/.local/lib/python3.8/site-packages/airflow/example_dags/example_short_circuit_operator.py took 0.060 seconds
[2024-03-13T06:50:56.867+0000] {processor.py:161} INFO - Started process (PID=1629) to work on /home/airflow/.local/lib/python3.8/site-packages/airflow/example_dags/example_short_circuit_operator.py
[2024-03-13T06:50:56.867+0000] {processor.py:830} INFO - Processing file /home/airflow/.local/lib/python3.8/site-packages/airflow/example_dags/example_short_circuit_operator.py for tasks to queue
[2024-03-13T06:50:56.868+0000] {logging_mixin.py:188} INFO - [2024-03-13T06:50:56.868+0000] {dagbag.py:540} INFO - Filling up the DagBag from /home/airflow/.local/lib/python3.8/site-packages/airflow/example_dags/example_short_circuit_operator.py
[2024-03-13T06:50:56.875+0000] {processor.py:840} INFO - DAG(s) 'example_short_circuit_operator' retrieved from /home/airflow/.local/lib/python3.8/site-packages/airflow/example_dags/example_short_circuit_operator.py
[2024-03-13T06:50:56.894+0000] {logging_mixin.py:188} INFO - [2024-03-13T06:50:56.893+0000] {dag.py:3047} INFO - Sync 1 DAGs
[2024-03-13T06:50:56.910+0000] {logging_mixin.py:188} INFO - [2024-03-13T06:50:56.909+0000] {dag.py:3834} INFO - Setting next_dagrun for example_short_circuit_operator to 2024-03-12 00:00:00+00:00, run_after=2024-03-13 00:00:00+00:00
[2024-03-13T06:50:56.925+0000] {processor.py:183} INFO - Processing /home/airflow/.local/lib/python3.8/site-packages/airflow/example_dags/example_short_circuit_operator.py took 0.061 seconds
[2024-03-13T06:51:27.257+0000] {processor.py:161} INFO - Started process (PID=1688) to work on /home/airflow/.local/lib/python3.8/site-packages/airflow/example_dags/example_short_circuit_operator.py
[2024-03-13T06:51:27.258+0000] {processor.py:830} INFO - Processing file /home/airflow/.local/lib/python3.8/site-packages/airflow/example_dags/example_short_circuit_operator.py for tasks to queue
[2024-03-13T06:51:27.259+0000] {logging_mixin.py:188} INFO - [2024-03-13T06:51:27.259+0000] {dagbag.py:540} INFO - Filling up the DagBag from /home/airflow/.local/lib/python3.8/site-packages/airflow/example_dags/example_short_circuit_operator.py
[2024-03-13T06:51:27.266+0000] {processor.py:840} INFO - DAG(s) 'example_short_circuit_operator' retrieved from /home/airflow/.local/lib/python3.8/site-packages/airflow/example_dags/example_short_circuit_operator.py
[2024-03-13T06:51:27.285+0000] {logging_mixin.py:188} INFO - [2024-03-13T06:51:27.285+0000] {dag.py:3047} INFO - Sync 1 DAGs
[2024-03-13T06:51:27.302+0000] {logging_mixin.py:188} INFO - [2024-03-13T06:51:27.302+0000] {dag.py:3834} INFO - Setting next_dagrun for example_short_circuit_operator to 2024-03-12 00:00:00+00:00, run_after=2024-03-13 00:00:00+00:00
[2024-03-13T06:51:27.317+0000] {processor.py:183} INFO - Processing /home/airflow/.local/lib/python3.8/site-packages/airflow/example_dags/example_short_circuit_operator.py took 0.062 seconds
[2024-03-13T06:52:18.563+0000] {processor.py:161} INFO - Started process (PID=45) to work on /home/airflow/.local/lib/python3.8/site-packages/airflow/example_dags/example_short_circuit_operator.py
[2024-03-13T06:52:18.564+0000] {processor.py:830} INFO - Processing file /home/airflow/.local/lib/python3.8/site-packages/airflow/example_dags/example_short_circuit_operator.py for tasks to queue
[2024-03-13T06:52:18.565+0000] {logging_mixin.py:188} INFO - [2024-03-13T06:52:18.565+0000] {dagbag.py:540} INFO - Filling up the DagBag from /home/airflow/.local/lib/python3.8/site-packages/airflow/example_dags/example_short_circuit_operator.py
[2024-03-13T06:52:18.573+0000] {processor.py:840} INFO - DAG(s) 'example_short_circuit_operator' retrieved from /home/airflow/.local/lib/python3.8/site-packages/airflow/example_dags/example_short_circuit_operator.py
[2024-03-13T06:52:18.583+0000] {logging_mixin.py:188} INFO - [2024-03-13T06:52:18.583+0000] {dag.py:3047} INFO - Sync 1 DAGs
[2024-03-13T06:52:18.604+0000] {logging_mixin.py:188} INFO - [2024-03-13T06:52:18.604+0000] {dag.py:3834} INFO - Setting next_dagrun for example_short_circuit_operator to 2024-03-12 00:00:00+00:00, run_after=2024-03-13 00:00:00+00:00
[2024-03-13T06:52:18.625+0000] {processor.py:183} INFO - Processing /home/airflow/.local/lib/python3.8/site-packages/airflow/example_dags/example_short_circuit_operator.py took 0.064 seconds
[2024-03-13T06:52:49.057+0000] {processor.py:161} INFO - Started process (PID=101) to work on /home/airflow/.local/lib/python3.8/site-packages/airflow/example_dags/example_short_circuit_operator.py
[2024-03-13T06:52:49.058+0000] {processor.py:830} INFO - Processing file /home/airflow/.local/lib/python3.8/site-packages/airflow/example_dags/example_short_circuit_operator.py for tasks to queue
[2024-03-13T06:52:49.059+0000] {logging_mixin.py:188} INFO - [2024-03-13T06:52:49.059+0000] {dagbag.py:540} INFO - Filling up the DagBag from /home/airflow/.local/lib/python3.8/site-packages/airflow/example_dags/example_short_circuit_operator.py
[2024-03-13T06:52:49.065+0000] {processor.py:840} INFO - DAG(s) 'example_short_circuit_operator' retrieved from /home/airflow/.local/lib/python3.8/site-packages/airflow/example_dags/example_short_circuit_operator.py
[2024-03-13T06:52:49.137+0000] {logging_mixin.py:188} INFO - [2024-03-13T06:52:49.136+0000] {dag.py:3047} INFO - Sync 1 DAGs
[2024-03-13T06:52:49.152+0000] {logging_mixin.py:188} INFO - [2024-03-13T06:52:49.152+0000] {dag.py:3834} INFO - Setting next_dagrun for example_short_circuit_operator to 2024-03-12 00:00:00+00:00, run_after=2024-03-13 00:00:00+00:00
[2024-03-13T06:52:49.168+0000] {processor.py:183} INFO - Processing /home/airflow/.local/lib/python3.8/site-packages/airflow/example_dags/example_short_circuit_operator.py took 0.114 seconds
[2024-03-13T06:53:19.662+0000] {processor.py:161} INFO - Started process (PID=157) to work on /home/airflow/.local/lib/python3.8/site-packages/airflow/example_dags/example_short_circuit_operator.py
[2024-03-13T06:53:19.663+0000] {processor.py:830} INFO - Processing file /home/airflow/.local/lib/python3.8/site-packages/airflow/example_dags/example_short_circuit_operator.py for tasks to queue
[2024-03-13T06:53:19.666+0000] {logging_mixin.py:188} INFO - [2024-03-13T06:53:19.665+0000] {dagbag.py:540} INFO - Filling up the DagBag from /home/airflow/.local/lib/python3.8/site-packages/airflow/example_dags/example_short_circuit_operator.py
[2024-03-13T06:53:19.672+0000] {processor.py:840} INFO - DAG(s) 'example_short_circuit_operator' retrieved from /home/airflow/.local/lib/python3.8/site-packages/airflow/example_dags/example_short_circuit_operator.py
[2024-03-13T06:53:19.694+0000] {logging_mixin.py:188} INFO - [2024-03-13T06:53:19.693+0000] {dag.py:3047} INFO - Sync 1 DAGs
[2024-03-13T06:53:19.712+0000] {logging_mixin.py:188} INFO - [2024-03-13T06:53:19.712+0000] {dag.py:3834} INFO - Setting next_dagrun for example_short_circuit_operator to 2024-03-12 00:00:00+00:00, run_after=2024-03-13 00:00:00+00:00
[2024-03-13T06:53:19.730+0000] {processor.py:183} INFO - Processing /home/airflow/.local/lib/python3.8/site-packages/airflow/example_dags/example_short_circuit_operator.py took 0.071 seconds
[2024-03-13T06:53:50.106+0000] {processor.py:161} INFO - Started process (PID=213) to work on /home/airflow/.local/lib/python3.8/site-packages/airflow/example_dags/example_short_circuit_operator.py
[2024-03-13T06:53:50.107+0000] {processor.py:830} INFO - Processing file /home/airflow/.local/lib/python3.8/site-packages/airflow/example_dags/example_short_circuit_operator.py for tasks to queue
[2024-03-13T06:53:50.109+0000] {logging_mixin.py:188} INFO - [2024-03-13T06:53:50.109+0000] {dagbag.py:540} INFO - Filling up the DagBag from /home/airflow/.local/lib/python3.8/site-packages/airflow/example_dags/example_short_circuit_operator.py
[2024-03-13T06:53:50.115+0000] {processor.py:840} INFO - DAG(s) 'example_short_circuit_operator' retrieved from /home/airflow/.local/lib/python3.8/site-packages/airflow/example_dags/example_short_circuit_operator.py
[2024-03-13T06:53:50.133+0000] {logging_mixin.py:188} INFO - [2024-03-13T06:53:50.133+0000] {dag.py:3047} INFO - Sync 1 DAGs
[2024-03-13T06:53:50.150+0000] {logging_mixin.py:188} INFO - [2024-03-13T06:53:50.150+0000] {dag.py:3834} INFO - Setting next_dagrun for example_short_circuit_operator to 2024-03-12 00:00:00+00:00, run_after=2024-03-13 00:00:00+00:00
[2024-03-13T06:53:50.169+0000] {processor.py:183} INFO - Processing /home/airflow/.local/lib/python3.8/site-packages/airflow/example_dags/example_short_circuit_operator.py took 0.065 seconds
[2024-03-13T06:54:20.596+0000] {processor.py:161} INFO - Started process (PID=268) to work on /home/airflow/.local/lib/python3.8/site-packages/airflow/example_dags/example_short_circuit_operator.py
[2024-03-13T06:54:20.597+0000] {processor.py:830} INFO - Processing file /home/airflow/.local/lib/python3.8/site-packages/airflow/example_dags/example_short_circuit_operator.py for tasks to queue
[2024-03-13T06:54:20.599+0000] {logging_mixin.py:188} INFO - [2024-03-13T06:54:20.598+0000] {dagbag.py:540} INFO - Filling up the DagBag from /home/airflow/.local/lib/python3.8/site-packages/airflow/example_dags/example_short_circuit_operator.py
[2024-03-13T06:54:20.605+0000] {processor.py:840} INFO - DAG(s) 'example_short_circuit_operator' retrieved from /home/airflow/.local/lib/python3.8/site-packages/airflow/example_dags/example_short_circuit_operator.py
[2024-03-13T06:54:20.624+0000] {logging_mixin.py:188} INFO - [2024-03-13T06:54:20.623+0000] {dag.py:3047} INFO - Sync 1 DAGs
[2024-03-13T06:54:20.640+0000] {logging_mixin.py:188} INFO - [2024-03-13T06:54:20.640+0000] {dag.py:3834} INFO - Setting next_dagrun for example_short_circuit_operator to 2024-03-12 00:00:00+00:00, run_after=2024-03-13 00:00:00+00:00
[2024-03-13T06:54:20.657+0000] {processor.py:183} INFO - Processing /home/airflow/.local/lib/python3.8/site-packages/airflow/example_dags/example_short_circuit_operator.py took 0.063 seconds
[2024-03-13T06:54:50.770+0000] {processor.py:161} INFO - Started process (PID=324) to work on /home/airflow/.local/lib/python3.8/site-packages/airflow/example_dags/example_short_circuit_operator.py
[2024-03-13T06:54:50.771+0000] {processor.py:830} INFO - Processing file /home/airflow/.local/lib/python3.8/site-packages/airflow/example_dags/example_short_circuit_operator.py for tasks to queue
[2024-03-13T06:54:50.774+0000] {logging_mixin.py:188} INFO - [2024-03-13T06:54:50.773+0000] {dagbag.py:540} INFO - Filling up the DagBag from /home/airflow/.local/lib/python3.8/site-packages/airflow/example_dags/example_short_circuit_operator.py
[2024-03-13T06:54:50.780+0000] {processor.py:840} INFO - DAG(s) 'example_short_circuit_operator' retrieved from /home/airflow/.local/lib/python3.8/site-packages/airflow/example_dags/example_short_circuit_operator.py
[2024-03-13T06:54:50.806+0000] {logging_mixin.py:188} INFO - [2024-03-13T06:54:50.805+0000] {dag.py:3047} INFO - Sync 1 DAGs
[2024-03-13T06:54:50.833+0000] {logging_mixin.py:188} INFO - [2024-03-13T06:54:50.833+0000] {dag.py:3834} INFO - Setting next_dagrun for example_short_circuit_operator to 2024-03-12 00:00:00+00:00, run_after=2024-03-13 00:00:00+00:00
[2024-03-13T06:54:50.864+0000] {processor.py:183} INFO - Processing /home/airflow/.local/lib/python3.8/site-packages/airflow/example_dags/example_short_circuit_operator.py took 0.098 seconds
[2024-03-13T06:55:21.668+0000] {processor.py:161} INFO - Started process (PID=380) to work on /home/airflow/.local/lib/python3.8/site-packages/airflow/example_dags/example_short_circuit_operator.py
[2024-03-13T06:55:21.670+0000] {processor.py:830} INFO - Processing file /home/airflow/.local/lib/python3.8/site-packages/airflow/example_dags/example_short_circuit_operator.py for tasks to queue
[2024-03-13T06:55:21.671+0000] {logging_mixin.py:188} INFO - [2024-03-13T06:55:21.671+0000] {dagbag.py:540} INFO - Filling up the DagBag from /home/airflow/.local/lib/python3.8/site-packages/airflow/example_dags/example_short_circuit_operator.py
[2024-03-13T06:55:21.678+0000] {processor.py:840} INFO - DAG(s) 'example_short_circuit_operator' retrieved from /home/airflow/.local/lib/python3.8/site-packages/airflow/example_dags/example_short_circuit_operator.py
[2024-03-13T06:55:21.707+0000] {logging_mixin.py:188} INFO - [2024-03-13T06:55:21.707+0000] {dag.py:3047} INFO - Sync 1 DAGs
[2024-03-13T06:55:21.732+0000] {logging_mixin.py:188} INFO - [2024-03-13T06:55:21.732+0000] {dag.py:3834} INFO - Setting next_dagrun for example_short_circuit_operator to 2024-03-12 00:00:00+00:00, run_after=2024-03-13 00:00:00+00:00
[2024-03-13T06:55:21.751+0000] {processor.py:183} INFO - Processing /home/airflow/.local/lib/python3.8/site-packages/airflow/example_dags/example_short_circuit_operator.py took 0.086 seconds
[2024-03-13T06:55:52.602+0000] {processor.py:161} INFO - Started process (PID=437) to work on /home/airflow/.local/lib/python3.8/site-packages/airflow/example_dags/example_short_circuit_operator.py
[2024-03-13T06:55:52.602+0000] {processor.py:830} INFO - Processing file /home/airflow/.local/lib/python3.8/site-packages/airflow/example_dags/example_short_circuit_operator.py for tasks to queue
[2024-03-13T06:55:52.604+0000] {logging_mixin.py:188} INFO - [2024-03-13T06:55:52.604+0000] {dagbag.py:540} INFO - Filling up the DagBag from /home/airflow/.local/lib/python3.8/site-packages/airflow/example_dags/example_short_circuit_operator.py
[2024-03-13T06:55:52.609+0000] {processor.py:840} INFO - DAG(s) 'example_short_circuit_operator' retrieved from /home/airflow/.local/lib/python3.8/site-packages/airflow/example_dags/example_short_circuit_operator.py
[2024-03-13T06:55:52.628+0000] {logging_mixin.py:188} INFO - [2024-03-13T06:55:52.628+0000] {dag.py:3047} INFO - Sync 1 DAGs
[2024-03-13T06:55:52.645+0000] {logging_mixin.py:188} INFO - [2024-03-13T06:55:52.645+0000] {dag.py:3834} INFO - Setting next_dagrun for example_short_circuit_operator to 2024-03-12 00:00:00+00:00, run_after=2024-03-13 00:00:00+00:00
[2024-03-13T06:55:52.661+0000] {processor.py:183} INFO - Processing /home/airflow/.local/lib/python3.8/site-packages/airflow/example_dags/example_short_circuit_operator.py took 0.062 seconds
[2024-03-13T06:56:23.442+0000] {processor.py:161} INFO - Started process (PID=494) to work on /home/airflow/.local/lib/python3.8/site-packages/airflow/example_dags/example_short_circuit_operator.py
[2024-03-13T06:56:23.443+0000] {processor.py:830} INFO - Processing file /home/airflow/.local/lib/python3.8/site-packages/airflow/example_dags/example_short_circuit_operator.py for tasks to queue
[2024-03-13T06:56:23.445+0000] {logging_mixin.py:188} INFO - [2024-03-13T06:56:23.445+0000] {dagbag.py:540} INFO - Filling up the DagBag from /home/airflow/.local/lib/python3.8/site-packages/airflow/example_dags/example_short_circuit_operator.py
[2024-03-13T06:56:23.451+0000] {processor.py:840} INFO - DAG(s) 'example_short_circuit_operator' retrieved from /home/airflow/.local/lib/python3.8/site-packages/airflow/example_dags/example_short_circuit_operator.py
[2024-03-13T06:56:23.470+0000] {logging_mixin.py:188} INFO - [2024-03-13T06:56:23.469+0000] {dag.py:3047} INFO - Sync 1 DAGs
[2024-03-13T06:56:23.486+0000] {logging_mixin.py:188} INFO - [2024-03-13T06:56:23.486+0000] {dag.py:3834} INFO - Setting next_dagrun for example_short_circuit_operator to 2024-03-12 00:00:00+00:00, run_after=2024-03-13 00:00:00+00:00
[2024-03-13T06:56:23.503+0000] {processor.py:183} INFO - Processing /home/airflow/.local/lib/python3.8/site-packages/airflow/example_dags/example_short_circuit_operator.py took 0.062 seconds
[2024-03-13T07:02:11.821+0000] {processor.py:161} INFO - Started process (PID=45) to work on /home/airflow/.local/lib/python3.8/site-packages/airflow/example_dags/example_short_circuit_operator.py
[2024-03-13T07:02:11.822+0000] {processor.py:830} INFO - Processing file /home/airflow/.local/lib/python3.8/site-packages/airflow/example_dags/example_short_circuit_operator.py for tasks to queue
[2024-03-13T07:02:11.824+0000] {logging_mixin.py:188} INFO - [2024-03-13T07:02:11.823+0000] {dagbag.py:540} INFO - Filling up the DagBag from /home/airflow/.local/lib/python3.8/site-packages/airflow/example_dags/example_short_circuit_operator.py
[2024-03-13T07:02:11.831+0000] {processor.py:840} INFO - DAG(s) 'example_short_circuit_operator' retrieved from /home/airflow/.local/lib/python3.8/site-packages/airflow/example_dags/example_short_circuit_operator.py
[2024-03-13T07:02:11.843+0000] {logging_mixin.py:188} INFO - [2024-03-13T07:02:11.842+0000] {dag.py:3047} INFO - Sync 1 DAGs
[2024-03-13T07:02:11.863+0000] {logging_mixin.py:188} INFO - [2024-03-13T07:02:11.863+0000] {dag.py:3834} INFO - Setting next_dagrun for example_short_circuit_operator to 2024-03-12 00:00:00+00:00, run_after=2024-03-13 00:00:00+00:00
[2024-03-13T07:02:11.884+0000] {processor.py:183} INFO - Processing /home/airflow/.local/lib/python3.8/site-packages/airflow/example_dags/example_short_circuit_operator.py took 0.066 seconds
[2024-03-13T07:02:42.684+0000] {processor.py:161} INFO - Started process (PID=102) to work on /home/airflow/.local/lib/python3.8/site-packages/airflow/example_dags/example_short_circuit_operator.py
[2024-03-13T07:02:42.684+0000] {processor.py:830} INFO - Processing file /home/airflow/.local/lib/python3.8/site-packages/airflow/example_dags/example_short_circuit_operator.py for tasks to queue
[2024-03-13T07:02:42.686+0000] {logging_mixin.py:188} INFO - [2024-03-13T07:02:42.685+0000] {dagbag.py:540} INFO - Filling up the DagBag from /home/airflow/.local/lib/python3.8/site-packages/airflow/example_dags/example_short_circuit_operator.py
[2024-03-13T07:02:42.691+0000] {processor.py:840} INFO - DAG(s) 'example_short_circuit_operator' retrieved from /home/airflow/.local/lib/python3.8/site-packages/airflow/example_dags/example_short_circuit_operator.py
[2024-03-13T07:02:42.760+0000] {logging_mixin.py:188} INFO - [2024-03-13T07:02:42.759+0000] {dag.py:3047} INFO - Sync 1 DAGs
[2024-03-13T07:02:42.773+0000] {logging_mixin.py:188} INFO - [2024-03-13T07:02:42.773+0000] {dag.py:3834} INFO - Setting next_dagrun for example_short_circuit_operator to 2024-03-12 00:00:00+00:00, run_after=2024-03-13 00:00:00+00:00
[2024-03-13T07:02:42.786+0000] {processor.py:183} INFO - Processing /home/airflow/.local/lib/python3.8/site-packages/airflow/example_dags/example_short_circuit_operator.py took 0.105 seconds
[2024-03-13T07:03:13.238+0000] {processor.py:161} INFO - Started process (PID=158) to work on /home/airflow/.local/lib/python3.8/site-packages/airflow/example_dags/example_short_circuit_operator.py
[2024-03-13T07:03:13.239+0000] {processor.py:830} INFO - Processing file /home/airflow/.local/lib/python3.8/site-packages/airflow/example_dags/example_short_circuit_operator.py for tasks to queue
[2024-03-13T07:03:13.241+0000] {logging_mixin.py:188} INFO - [2024-03-13T07:03:13.241+0000] {dagbag.py:540} INFO - Filling up the DagBag from /home/airflow/.local/lib/python3.8/site-packages/airflow/example_dags/example_short_circuit_operator.py
[2024-03-13T07:03:13.246+0000] {processor.py:840} INFO - DAG(s) 'example_short_circuit_operator' retrieved from /home/airflow/.local/lib/python3.8/site-packages/airflow/example_dags/example_short_circuit_operator.py
[2024-03-13T07:03:13.264+0000] {logging_mixin.py:188} INFO - [2024-03-13T07:03:13.264+0000] {dag.py:3047} INFO - Sync 1 DAGs
[2024-03-13T07:03:13.280+0000] {logging_mixin.py:188} INFO - [2024-03-13T07:03:13.280+0000] {dag.py:3834} INFO - Setting next_dagrun for example_short_circuit_operator to 2024-03-12 00:00:00+00:00, run_after=2024-03-13 00:00:00+00:00
[2024-03-13T07:03:13.296+0000] {processor.py:183} INFO - Processing /home/airflow/.local/lib/python3.8/site-packages/airflow/example_dags/example_short_circuit_operator.py took 0.061 seconds
[2024-03-13T07:03:43.652+0000] {processor.py:161} INFO - Started process (PID=214) to work on /home/airflow/.local/lib/python3.8/site-packages/airflow/example_dags/example_short_circuit_operator.py
[2024-03-13T07:03:43.653+0000] {processor.py:830} INFO - Processing file /home/airflow/.local/lib/python3.8/site-packages/airflow/example_dags/example_short_circuit_operator.py for tasks to queue
[2024-03-13T07:03:43.655+0000] {logging_mixin.py:188} INFO - [2024-03-13T07:03:43.654+0000] {dagbag.py:540} INFO - Filling up the DagBag from /home/airflow/.local/lib/python3.8/site-packages/airflow/example_dags/example_short_circuit_operator.py
[2024-03-13T07:03:43.660+0000] {processor.py:840} INFO - DAG(s) 'example_short_circuit_operator' retrieved from /home/airflow/.local/lib/python3.8/site-packages/airflow/example_dags/example_short_circuit_operator.py
[2024-03-13T07:03:43.677+0000] {logging_mixin.py:188} INFO - [2024-03-13T07:03:43.677+0000] {dag.py:3047} INFO - Sync 1 DAGs
[2024-03-13T07:03:43.693+0000] {logging_mixin.py:188} INFO - [2024-03-13T07:03:43.693+0000] {dag.py:3834} INFO - Setting next_dagrun for example_short_circuit_operator to 2024-03-12 00:00:00+00:00, run_after=2024-03-13 00:00:00+00:00
[2024-03-13T07:03:43.710+0000] {processor.py:183} INFO - Processing /home/airflow/.local/lib/python3.8/site-packages/airflow/example_dags/example_short_circuit_operator.py took 0.061 seconds
[2024-03-13T07:04:14.074+0000] {processor.py:161} INFO - Started process (PID=270) to work on /home/airflow/.local/lib/python3.8/site-packages/airflow/example_dags/example_short_circuit_operator.py
[2024-03-13T07:04:14.075+0000] {processor.py:830} INFO - Processing file /home/airflow/.local/lib/python3.8/site-packages/airflow/example_dags/example_short_circuit_operator.py for tasks to queue
[2024-03-13T07:04:14.076+0000] {logging_mixin.py:188} INFO - [2024-03-13T07:04:14.076+0000] {dagbag.py:540} INFO - Filling up the DagBag from /home/airflow/.local/lib/python3.8/site-packages/airflow/example_dags/example_short_circuit_operator.py
[2024-03-13T07:04:14.082+0000] {processor.py:840} INFO - DAG(s) 'example_short_circuit_operator' retrieved from /home/airflow/.local/lib/python3.8/site-packages/airflow/example_dags/example_short_circuit_operator.py
[2024-03-13T07:04:14.100+0000] {logging_mixin.py:188} INFO - [2024-03-13T07:04:14.099+0000] {dag.py:3047} INFO - Sync 1 DAGs
[2024-03-13T07:04:14.116+0000] {logging_mixin.py:188} INFO - [2024-03-13T07:04:14.116+0000] {dag.py:3834} INFO - Setting next_dagrun for example_short_circuit_operator to 2024-03-12 00:00:00+00:00, run_after=2024-03-13 00:00:00+00:00
[2024-03-13T07:04:14.132+0000] {processor.py:183} INFO - Processing /home/airflow/.local/lib/python3.8/site-packages/airflow/example_dags/example_short_circuit_operator.py took 0.060 seconds
[2024-03-13T07:04:44.735+0000] {processor.py:161} INFO - Started process (PID=326) to work on /home/airflow/.local/lib/python3.8/site-packages/airflow/example_dags/example_short_circuit_operator.py
[2024-03-13T07:04:44.736+0000] {processor.py:830} INFO - Processing file /home/airflow/.local/lib/python3.8/site-packages/airflow/example_dags/example_short_circuit_operator.py for tasks to queue
[2024-03-13T07:04:44.737+0000] {logging_mixin.py:188} INFO - [2024-03-13T07:04:44.737+0000] {dagbag.py:540} INFO - Filling up the DagBag from /home/airflow/.local/lib/python3.8/site-packages/airflow/example_dags/example_short_circuit_operator.py
[2024-03-13T07:04:44.743+0000] {processor.py:840} INFO - DAG(s) 'example_short_circuit_operator' retrieved from /home/airflow/.local/lib/python3.8/site-packages/airflow/example_dags/example_short_circuit_operator.py
[2024-03-13T07:04:44.761+0000] {logging_mixin.py:188} INFO - [2024-03-13T07:04:44.761+0000] {dag.py:3047} INFO - Sync 1 DAGs
[2024-03-13T07:04:44.777+0000] {logging_mixin.py:188} INFO - [2024-03-13T07:04:44.777+0000] {dag.py:3834} INFO - Setting next_dagrun for example_short_circuit_operator to 2024-03-12 00:00:00+00:00, run_after=2024-03-13 00:00:00+00:00
[2024-03-13T07:04:44.794+0000] {processor.py:183} INFO - Processing /home/airflow/.local/lib/python3.8/site-packages/airflow/example_dags/example_short_circuit_operator.py took 0.061 seconds
[2024-03-13T07:05:15.032+0000] {processor.py:161} INFO - Started process (PID=382) to work on /home/airflow/.local/lib/python3.8/site-packages/airflow/example_dags/example_short_circuit_operator.py
[2024-03-13T07:05:15.033+0000] {processor.py:830} INFO - Processing file /home/airflow/.local/lib/python3.8/site-packages/airflow/example_dags/example_short_circuit_operator.py for tasks to queue
[2024-03-13T07:05:15.035+0000] {logging_mixin.py:188} INFO - [2024-03-13T07:05:15.035+0000] {dagbag.py:540} INFO - Filling up the DagBag from /home/airflow/.local/lib/python3.8/site-packages/airflow/example_dags/example_short_circuit_operator.py
[2024-03-13T07:05:15.041+0000] {processor.py:840} INFO - DAG(s) 'example_short_circuit_operator' retrieved from /home/airflow/.local/lib/python3.8/site-packages/airflow/example_dags/example_short_circuit_operator.py
[2024-03-13T07:05:15.059+0000] {logging_mixin.py:188} INFO - [2024-03-13T07:05:15.059+0000] {dag.py:3047} INFO - Sync 1 DAGs
[2024-03-13T07:05:15.076+0000] {logging_mixin.py:188} INFO - [2024-03-13T07:05:15.076+0000] {dag.py:3834} INFO - Setting next_dagrun for example_short_circuit_operator to 2024-03-12 00:00:00+00:00, run_after=2024-03-13 00:00:00+00:00
[2024-03-13T07:05:15.091+0000] {processor.py:183} INFO - Processing /home/airflow/.local/lib/python3.8/site-packages/airflow/example_dags/example_short_circuit_operator.py took 0.062 seconds
[2024-03-13T07:05:45.375+0000] {processor.py:161} INFO - Started process (PID=438) to work on /home/airflow/.local/lib/python3.8/site-packages/airflow/example_dags/example_short_circuit_operator.py
[2024-03-13T07:05:45.375+0000] {processor.py:830} INFO - Processing file /home/airflow/.local/lib/python3.8/site-packages/airflow/example_dags/example_short_circuit_operator.py for tasks to queue
[2024-03-13T07:05:45.377+0000] {logging_mixin.py:188} INFO - [2024-03-13T07:05:45.377+0000] {dagbag.py:540} INFO - Filling up the DagBag from /home/airflow/.local/lib/python3.8/site-packages/airflow/example_dags/example_short_circuit_operator.py
[2024-03-13T07:05:45.383+0000] {processor.py:840} INFO - DAG(s) 'example_short_circuit_operator' retrieved from /home/airflow/.local/lib/python3.8/site-packages/airflow/example_dags/example_short_circuit_operator.py
[2024-03-13T07:05:45.401+0000] {logging_mixin.py:188} INFO - [2024-03-13T07:05:45.400+0000] {dag.py:3047} INFO - Sync 1 DAGs
[2024-03-13T07:05:45.416+0000] {logging_mixin.py:188} INFO - [2024-03-13T07:05:45.416+0000] {dag.py:3834} INFO - Setting next_dagrun for example_short_circuit_operator to 2024-03-12 00:00:00+00:00, run_after=2024-03-13 00:00:00+00:00
[2024-03-13T07:05:45.434+0000] {processor.py:183} INFO - Processing /home/airflow/.local/lib/python3.8/site-packages/airflow/example_dags/example_short_circuit_operator.py took 0.061 seconds
[2024-03-13T07:06:15.714+0000] {processor.py:161} INFO - Started process (PID=494) to work on /home/airflow/.local/lib/python3.8/site-packages/airflow/example_dags/example_short_circuit_operator.py
[2024-03-13T07:06:15.715+0000] {processor.py:830} INFO - Processing file /home/airflow/.local/lib/python3.8/site-packages/airflow/example_dags/example_short_circuit_operator.py for tasks to queue
[2024-03-13T07:06:15.716+0000] {logging_mixin.py:188} INFO - [2024-03-13T07:06:15.716+0000] {dagbag.py:540} INFO - Filling up the DagBag from /home/airflow/.local/lib/python3.8/site-packages/airflow/example_dags/example_short_circuit_operator.py
[2024-03-13T07:06:15.722+0000] {processor.py:840} INFO - DAG(s) 'example_short_circuit_operator' retrieved from /home/airflow/.local/lib/python3.8/site-packages/airflow/example_dags/example_short_circuit_operator.py
[2024-03-13T07:06:15.740+0000] {logging_mixin.py:188} INFO - [2024-03-13T07:06:15.739+0000] {dag.py:3047} INFO - Sync 1 DAGs
[2024-03-13T07:06:15.756+0000] {logging_mixin.py:188} INFO - [2024-03-13T07:06:15.756+0000] {dag.py:3834} INFO - Setting next_dagrun for example_short_circuit_operator to 2024-03-12 00:00:00+00:00, run_after=2024-03-13 00:00:00+00:00
[2024-03-13T07:06:15.773+0000] {processor.py:183} INFO - Processing /home/airflow/.local/lib/python3.8/site-packages/airflow/example_dags/example_short_circuit_operator.py took 0.061 seconds
[2024-03-13T07:06:46.155+0000] {processor.py:161} INFO - Started process (PID=550) to work on /home/airflow/.local/lib/python3.8/site-packages/airflow/example_dags/example_short_circuit_operator.py
[2024-03-13T07:06:46.156+0000] {processor.py:830} INFO - Processing file /home/airflow/.local/lib/python3.8/site-packages/airflow/example_dags/example_short_circuit_operator.py for tasks to queue
[2024-03-13T07:06:46.158+0000] {logging_mixin.py:188} INFO - [2024-03-13T07:06:46.158+0000] {dagbag.py:540} INFO - Filling up the DagBag from /home/airflow/.local/lib/python3.8/site-packages/airflow/example_dags/example_short_circuit_operator.py
[2024-03-13T07:06:46.164+0000] {processor.py:840} INFO - DAG(s) 'example_short_circuit_operator' retrieved from /home/airflow/.local/lib/python3.8/site-packages/airflow/example_dags/example_short_circuit_operator.py
[2024-03-13T07:06:46.183+0000] {logging_mixin.py:188} INFO - [2024-03-13T07:06:46.182+0000] {dag.py:3047} INFO - Sync 1 DAGs
[2024-03-13T07:06:46.200+0000] {logging_mixin.py:188} INFO - [2024-03-13T07:06:46.199+0000] {dag.py:3834} INFO - Setting next_dagrun for example_short_circuit_operator to 2024-03-12 00:00:00+00:00, run_after=2024-03-13 00:00:00+00:00
[2024-03-13T07:06:46.217+0000] {processor.py:183} INFO - Processing /home/airflow/.local/lib/python3.8/site-packages/airflow/example_dags/example_short_circuit_operator.py took 0.064 seconds
[2024-03-13T07:07:16.554+0000] {processor.py:161} INFO - Started process (PID=606) to work on /home/airflow/.local/lib/python3.8/site-packages/airflow/example_dags/example_short_circuit_operator.py
[2024-03-13T07:07:16.555+0000] {processor.py:830} INFO - Processing file /home/airflow/.local/lib/python3.8/site-packages/airflow/example_dags/example_short_circuit_operator.py for tasks to queue
[2024-03-13T07:07:16.557+0000] {logging_mixin.py:188} INFO - [2024-03-13T07:07:16.557+0000] {dagbag.py:540} INFO - Filling up the DagBag from /home/airflow/.local/lib/python3.8/site-packages/airflow/example_dags/example_short_circuit_operator.py
[2024-03-13T07:07:16.564+0000] {processor.py:840} INFO - DAG(s) 'example_short_circuit_operator' retrieved from /home/airflow/.local/lib/python3.8/site-packages/airflow/example_dags/example_short_circuit_operator.py
[2024-03-13T07:07:16.583+0000] {logging_mixin.py:188} INFO - [2024-03-13T07:07:16.582+0000] {dag.py:3047} INFO - Sync 1 DAGs
[2024-03-13T07:07:16.600+0000] {logging_mixin.py:188} INFO - [2024-03-13T07:07:16.600+0000] {dag.py:3834} INFO - Setting next_dagrun for example_short_circuit_operator to 2024-03-12 00:00:00+00:00, run_after=2024-03-13 00:00:00+00:00
[2024-03-13T07:07:16.618+0000] {processor.py:183} INFO - Processing /home/airflow/.local/lib/python3.8/site-packages/airflow/example_dags/example_short_circuit_operator.py took 0.066 seconds
[2024-03-13T07:09:29.418+0000] {processor.py:161} INFO - Started process (PID=46) to work on /home/airflow/.local/lib/python3.8/site-packages/airflow/example_dags/example_short_circuit_operator.py
[2024-03-13T07:09:29.419+0000] {processor.py:830} INFO - Processing file /home/airflow/.local/lib/python3.8/site-packages/airflow/example_dags/example_short_circuit_operator.py for tasks to queue
[2024-03-13T07:09:29.421+0000] {logging_mixin.py:188} INFO - [2024-03-13T07:09:29.420+0000] {dagbag.py:540} INFO - Filling up the DagBag from /home/airflow/.local/lib/python3.8/site-packages/airflow/example_dags/example_short_circuit_operator.py
[2024-03-13T07:09:29.432+0000] {processor.py:840} INFO - DAG(s) 'example_short_circuit_operator' retrieved from /home/airflow/.local/lib/python3.8/site-packages/airflow/example_dags/example_short_circuit_operator.py
[2024-03-13T07:09:29.444+0000] {logging_mixin.py:188} INFO - [2024-03-13T07:09:29.444+0000] {dag.py:3047} INFO - Sync 1 DAGs
[2024-03-13T07:09:29.475+0000] {logging_mixin.py:188} INFO - [2024-03-13T07:09:29.475+0000] {dag.py:3834} INFO - Setting next_dagrun for example_short_circuit_operator to 2024-03-12 00:00:00+00:00, run_after=2024-03-13 00:00:00+00:00
[2024-03-13T07:09:29.498+0000] {processor.py:183} INFO - Processing /home/airflow/.local/lib/python3.8/site-packages/airflow/example_dags/example_short_circuit_operator.py took 0.083 seconds
[2024-03-13T07:09:59.672+0000] {processor.py:161} INFO - Started process (PID=102) to work on /home/airflow/.local/lib/python3.8/site-packages/airflow/example_dags/example_short_circuit_operator.py
[2024-03-13T07:09:59.673+0000] {processor.py:830} INFO - Processing file /home/airflow/.local/lib/python3.8/site-packages/airflow/example_dags/example_short_circuit_operator.py for tasks to queue
[2024-03-13T07:09:59.675+0000] {logging_mixin.py:188} INFO - [2024-03-13T07:09:59.675+0000] {dagbag.py:540} INFO - Filling up the DagBag from /home/airflow/.local/lib/python3.8/site-packages/airflow/example_dags/example_short_circuit_operator.py
[2024-03-13T07:09:59.680+0000] {processor.py:840} INFO - DAG(s) 'example_short_circuit_operator' retrieved from /home/airflow/.local/lib/python3.8/site-packages/airflow/example_dags/example_short_circuit_operator.py
[2024-03-13T07:09:59.751+0000] {logging_mixin.py:188} INFO - [2024-03-13T07:09:59.751+0000] {dag.py:3047} INFO - Sync 1 DAGs
[2024-03-13T07:09:59.766+0000] {logging_mixin.py:188} INFO - [2024-03-13T07:09:59.766+0000] {dag.py:3834} INFO - Setting next_dagrun for example_short_circuit_operator to 2024-03-12 00:00:00+00:00, run_after=2024-03-13 00:00:00+00:00
[2024-03-13T07:09:59.783+0000] {processor.py:183} INFO - Processing /home/airflow/.local/lib/python3.8/site-packages/airflow/example_dags/example_short_circuit_operator.py took 0.113 seconds
[2024-03-13T07:10:30.698+0000] {processor.py:161} INFO - Started process (PID=158) to work on /home/airflow/.local/lib/python3.8/site-packages/airflow/example_dags/example_short_circuit_operator.py
[2024-03-13T07:10:30.699+0000] {processor.py:830} INFO - Processing file /home/airflow/.local/lib/python3.8/site-packages/airflow/example_dags/example_short_circuit_operator.py for tasks to queue
[2024-03-13T07:10:30.700+0000] {logging_mixin.py:188} INFO - [2024-03-13T07:10:30.700+0000] {dagbag.py:540} INFO - Filling up the DagBag from /home/airflow/.local/lib/python3.8/site-packages/airflow/example_dags/example_short_circuit_operator.py
[2024-03-13T07:10:30.708+0000] {processor.py:840} INFO - DAG(s) 'example_short_circuit_operator' retrieved from /home/airflow/.local/lib/python3.8/site-packages/airflow/example_dags/example_short_circuit_operator.py
[2024-03-13T07:10:30.728+0000] {logging_mixin.py:188} INFO - [2024-03-13T07:10:30.728+0000] {dag.py:3047} INFO - Sync 1 DAGs
[2024-03-13T07:10:30.748+0000] {logging_mixin.py:188} INFO - [2024-03-13T07:10:30.748+0000] {dag.py:3834} INFO - Setting next_dagrun for example_short_circuit_operator to 2024-03-12 00:00:00+00:00, run_after=2024-03-13 00:00:00+00:00
[2024-03-13T07:10:30.767+0000] {processor.py:183} INFO - Processing /home/airflow/.local/lib/python3.8/site-packages/airflow/example_dags/example_short_circuit_operator.py took 0.072 seconds
[2024-03-13T07:11:01.010+0000] {processor.py:161} INFO - Started process (PID=214) to work on /home/airflow/.local/lib/python3.8/site-packages/airflow/example_dags/example_short_circuit_operator.py
[2024-03-13T07:11:01.011+0000] {processor.py:830} INFO - Processing file /home/airflow/.local/lib/python3.8/site-packages/airflow/example_dags/example_short_circuit_operator.py for tasks to queue
[2024-03-13T07:11:01.012+0000] {logging_mixin.py:188} INFO - [2024-03-13T07:11:01.012+0000] {dagbag.py:540} INFO - Filling up the DagBag from /home/airflow/.local/lib/python3.8/site-packages/airflow/example_dags/example_short_circuit_operator.py
[2024-03-13T07:11:01.018+0000] {processor.py:840} INFO - DAG(s) 'example_short_circuit_operator' retrieved from /home/airflow/.local/lib/python3.8/site-packages/airflow/example_dags/example_short_circuit_operator.py
[2024-03-13T07:11:01.036+0000] {logging_mixin.py:188} INFO - [2024-03-13T07:11:01.036+0000] {dag.py:3047} INFO - Sync 1 DAGs
[2024-03-13T07:11:01.053+0000] {logging_mixin.py:188} INFO - [2024-03-13T07:11:01.053+0000] {dag.py:3834} INFO - Setting next_dagrun for example_short_circuit_operator to 2024-03-12 00:00:00+00:00, run_after=2024-03-13 00:00:00+00:00
[2024-03-13T07:11:01.069+0000] {processor.py:183} INFO - Processing /home/airflow/.local/lib/python3.8/site-packages/airflow/example_dags/example_short_circuit_operator.py took 0.062 seconds
[2024-03-13T07:11:31.288+0000] {processor.py:161} INFO - Started process (PID=271) to work on /home/airflow/.local/lib/python3.8/site-packages/airflow/example_dags/example_short_circuit_operator.py
[2024-03-13T07:11:31.289+0000] {processor.py:830} INFO - Processing file /home/airflow/.local/lib/python3.8/site-packages/airflow/example_dags/example_short_circuit_operator.py for tasks to queue
[2024-03-13T07:11:31.290+0000] {logging_mixin.py:188} INFO - [2024-03-13T07:11:31.290+0000] {dagbag.py:540} INFO - Filling up the DagBag from /home/airflow/.local/lib/python3.8/site-packages/airflow/example_dags/example_short_circuit_operator.py
[2024-03-13T07:11:31.296+0000] {processor.py:840} INFO - DAG(s) 'example_short_circuit_operator' retrieved from /home/airflow/.local/lib/python3.8/site-packages/airflow/example_dags/example_short_circuit_operator.py
[2024-03-13T07:11:31.313+0000] {logging_mixin.py:188} INFO - [2024-03-13T07:11:31.313+0000] {dag.py:3047} INFO - Sync 1 DAGs
[2024-03-13T07:11:31.329+0000] {logging_mixin.py:188} INFO - [2024-03-13T07:11:31.329+0000] {dag.py:3834} INFO - Setting next_dagrun for example_short_circuit_operator to 2024-03-12 00:00:00+00:00, run_after=2024-03-13 00:00:00+00:00
[2024-03-13T07:11:31.347+0000] {processor.py:183} INFO - Processing /home/airflow/.local/lib/python3.8/site-packages/airflow/example_dags/example_short_circuit_operator.py took 0.061 seconds
