[2024-03-13T06:40:21.887+0000] {processor.py:161} INFO - Started process (PID=464) to work on /home/airflow/.local/lib/python3.8/site-packages/airflow/example_dags/example_sensors.py
[2024-03-13T06:40:21.887+0000] {processor.py:830} INFO - Processing file /home/airflow/.local/lib/python3.8/site-packages/airflow/example_dags/example_sensors.py for tasks to queue
[2024-03-13T06:40:21.888+0000] {logging_mixin.py:188} INFO - [2024-03-13T06:40:21.888+0000] {dagbag.py:540} INFO - Filling up the DagBag from /home/airflow/.local/lib/python3.8/site-packages/airflow/example_dags/example_sensors.py
[2024-03-13T06:40:21.897+0000] {processor.py:840} INFO - DAG(s) 'example_sensors' retrieved from /home/airflow/.local/lib/python3.8/site-packages/airflow/example_dags/example_sensors.py
[2024-03-13T06:40:21.919+0000] {logging_mixin.py:188} INFO - [2024-03-13T06:40:21.919+0000] {dag.py:3047} INFO - Sync 1 DAGs
[2024-03-13T06:40:21.930+0000] {logging_mixin.py:188} INFO - [2024-03-13T06:40:21.929+0000] {dag.py:3834} INFO - Setting next_dagrun for example_sensors to None, run_after=None
[2024-03-13T06:40:21.948+0000] {processor.py:183} INFO - Processing /home/airflow/.local/lib/python3.8/site-packages/airflow/example_dags/example_sensors.py took 0.064 seconds
[2024-03-13T06:40:52.242+0000] {processor.py:161} INFO - Started process (PID=520) to work on /home/airflow/.local/lib/python3.8/site-packages/airflow/example_dags/example_sensors.py
[2024-03-13T06:40:52.243+0000] {processor.py:830} INFO - Processing file /home/airflow/.local/lib/python3.8/site-packages/airflow/example_dags/example_sensors.py for tasks to queue
[2024-03-13T06:40:52.244+0000] {logging_mixin.py:188} INFO - [2024-03-13T06:40:52.243+0000] {dagbag.py:540} INFO - Filling up the DagBag from /home/airflow/.local/lib/python3.8/site-packages/airflow/example_dags/example_sensors.py
[2024-03-13T06:40:52.251+0000] {processor.py:840} INFO - DAG(s) 'example_sensors' retrieved from /home/airflow/.local/lib/python3.8/site-packages/airflow/example_dags/example_sensors.py
[2024-03-13T06:40:52.271+0000] {logging_mixin.py:188} INFO - [2024-03-13T06:40:52.271+0000] {dag.py:3047} INFO - Sync 1 DAGs
[2024-03-13T06:40:52.280+0000] {logging_mixin.py:188} INFO - [2024-03-13T06:40:52.280+0000] {dag.py:3834} INFO - Setting next_dagrun for example_sensors to None, run_after=None
[2024-03-13T06:40:52.299+0000] {processor.py:183} INFO - Processing /home/airflow/.local/lib/python3.8/site-packages/airflow/example_dags/example_sensors.py took 0.060 seconds
[2024-03-13T06:41:22.856+0000] {processor.py:161} INFO - Started process (PID=576) to work on /home/airflow/.local/lib/python3.8/site-packages/airflow/example_dags/example_sensors.py
[2024-03-13T06:41:22.857+0000] {processor.py:830} INFO - Processing file /home/airflow/.local/lib/python3.8/site-packages/airflow/example_dags/example_sensors.py for tasks to queue
[2024-03-13T06:41:22.858+0000] {logging_mixin.py:188} INFO - [2024-03-13T06:41:22.858+0000] {dagbag.py:540} INFO - Filling up the DagBag from /home/airflow/.local/lib/python3.8/site-packages/airflow/example_dags/example_sensors.py
[2024-03-13T06:41:22.866+0000] {processor.py:840} INFO - DAG(s) 'example_sensors' retrieved from /home/airflow/.local/lib/python3.8/site-packages/airflow/example_dags/example_sensors.py
[2024-03-13T06:41:22.884+0000] {logging_mixin.py:188} INFO - [2024-03-13T06:41:22.884+0000] {dag.py:3047} INFO - Sync 1 DAGs
[2024-03-13T06:41:22.893+0000] {logging_mixin.py:188} INFO - [2024-03-13T06:41:22.892+0000] {dag.py:3834} INFO - Setting next_dagrun for example_sensors to None, run_after=None
[2024-03-13T06:41:22.910+0000] {processor.py:183} INFO - Processing /home/airflow/.local/lib/python3.8/site-packages/airflow/example_dags/example_sensors.py took 0.056 seconds
[2024-03-13T06:41:53.420+0000] {processor.py:161} INFO - Started process (PID=632) to work on /home/airflow/.local/lib/python3.8/site-packages/airflow/example_dags/example_sensors.py
[2024-03-13T06:41:53.421+0000] {processor.py:830} INFO - Processing file /home/airflow/.local/lib/python3.8/site-packages/airflow/example_dags/example_sensors.py for tasks to queue
[2024-03-13T06:41:53.422+0000] {logging_mixin.py:188} INFO - [2024-03-13T06:41:53.421+0000] {dagbag.py:540} INFO - Filling up the DagBag from /home/airflow/.local/lib/python3.8/site-packages/airflow/example_dags/example_sensors.py
[2024-03-13T06:41:53.429+0000] {processor.py:840} INFO - DAG(s) 'example_sensors' retrieved from /home/airflow/.local/lib/python3.8/site-packages/airflow/example_dags/example_sensors.py
[2024-03-13T06:41:53.446+0000] {logging_mixin.py:188} INFO - [2024-03-13T06:41:53.446+0000] {dag.py:3047} INFO - Sync 1 DAGs
[2024-03-13T06:41:53.454+0000] {logging_mixin.py:188} INFO - [2024-03-13T06:41:53.454+0000] {dag.py:3834} INFO - Setting next_dagrun for example_sensors to None, run_after=None
[2024-03-13T06:41:53.469+0000] {processor.py:183} INFO - Processing /home/airflow/.local/lib/python3.8/site-packages/airflow/example_dags/example_sensors.py took 0.051 seconds
[2024-03-13T06:42:23.733+0000] {processor.py:161} INFO - Started process (PID=688) to work on /home/airflow/.local/lib/python3.8/site-packages/airflow/example_dags/example_sensors.py
[2024-03-13T06:42:23.734+0000] {processor.py:830} INFO - Processing file /home/airflow/.local/lib/python3.8/site-packages/airflow/example_dags/example_sensors.py for tasks to queue
[2024-03-13T06:42:23.735+0000] {logging_mixin.py:188} INFO - [2024-03-13T06:42:23.734+0000] {dagbag.py:540} INFO - Filling up the DagBag from /home/airflow/.local/lib/python3.8/site-packages/airflow/example_dags/example_sensors.py
[2024-03-13T06:42:23.743+0000] {processor.py:840} INFO - DAG(s) 'example_sensors' retrieved from /home/airflow/.local/lib/python3.8/site-packages/airflow/example_dags/example_sensors.py
[2024-03-13T06:42:23.761+0000] {logging_mixin.py:188} INFO - [2024-03-13T06:42:23.761+0000] {dag.py:3047} INFO - Sync 1 DAGs
[2024-03-13T06:42:23.770+0000] {logging_mixin.py:188} INFO - [2024-03-13T06:42:23.770+0000] {dag.py:3834} INFO - Setting next_dagrun for example_sensors to None, run_after=None
[2024-03-13T06:42:23.786+0000] {processor.py:183} INFO - Processing /home/airflow/.local/lib/python3.8/site-packages/airflow/example_dags/example_sensors.py took 0.055 seconds
[2024-03-13T06:42:53.943+0000] {processor.py:161} INFO - Started process (PID=744) to work on /home/airflow/.local/lib/python3.8/site-packages/airflow/example_dags/example_sensors.py
[2024-03-13T06:42:53.944+0000] {processor.py:830} INFO - Processing file /home/airflow/.local/lib/python3.8/site-packages/airflow/example_dags/example_sensors.py for tasks to queue
[2024-03-13T06:42:53.945+0000] {logging_mixin.py:188} INFO - [2024-03-13T06:42:53.945+0000] {dagbag.py:540} INFO - Filling up the DagBag from /home/airflow/.local/lib/python3.8/site-packages/airflow/example_dags/example_sensors.py
[2024-03-13T06:42:53.953+0000] {processor.py:840} INFO - DAG(s) 'example_sensors' retrieved from /home/airflow/.local/lib/python3.8/site-packages/airflow/example_dags/example_sensors.py
[2024-03-13T06:42:53.973+0000] {logging_mixin.py:188} INFO - [2024-03-13T06:42:53.973+0000] {dag.py:3047} INFO - Sync 1 DAGs
[2024-03-13T06:42:53.984+0000] {logging_mixin.py:188} INFO - [2024-03-13T06:42:53.983+0000] {dag.py:3834} INFO - Setting next_dagrun for example_sensors to None, run_after=None
[2024-03-13T06:42:54.010+0000] {processor.py:183} INFO - Processing /home/airflow/.local/lib/python3.8/site-packages/airflow/example_dags/example_sensors.py took 0.069 seconds
[2024-03-13T06:43:24.325+0000] {processor.py:161} INFO - Started process (PID=800) to work on /home/airflow/.local/lib/python3.8/site-packages/airflow/example_dags/example_sensors.py
[2024-03-13T06:43:24.326+0000] {processor.py:830} INFO - Processing file /home/airflow/.local/lib/python3.8/site-packages/airflow/example_dags/example_sensors.py for tasks to queue
[2024-03-13T06:43:24.327+0000] {logging_mixin.py:188} INFO - [2024-03-13T06:43:24.327+0000] {dagbag.py:540} INFO - Filling up the DagBag from /home/airflow/.local/lib/python3.8/site-packages/airflow/example_dags/example_sensors.py
[2024-03-13T06:43:24.334+0000] {processor.py:840} INFO - DAG(s) 'example_sensors' retrieved from /home/airflow/.local/lib/python3.8/site-packages/airflow/example_dags/example_sensors.py
[2024-03-13T06:43:24.352+0000] {logging_mixin.py:188} INFO - [2024-03-13T06:43:24.352+0000] {dag.py:3047} INFO - Sync 1 DAGs
[2024-03-13T06:43:24.360+0000] {logging_mixin.py:188} INFO - [2024-03-13T06:43:24.360+0000] {dag.py:3834} INFO - Setting next_dagrun for example_sensors to None, run_after=None
[2024-03-13T06:43:24.375+0000] {processor.py:183} INFO - Processing /home/airflow/.local/lib/python3.8/site-packages/airflow/example_dags/example_sensors.py took 0.052 seconds
[2024-03-13T06:43:54.910+0000] {processor.py:161} INFO - Started process (PID=856) to work on /home/airflow/.local/lib/python3.8/site-packages/airflow/example_dags/example_sensors.py
[2024-03-13T06:43:54.911+0000] {processor.py:830} INFO - Processing file /home/airflow/.local/lib/python3.8/site-packages/airflow/example_dags/example_sensors.py for tasks to queue
[2024-03-13T06:43:54.911+0000] {logging_mixin.py:188} INFO - [2024-03-13T06:43:54.911+0000] {dagbag.py:540} INFO - Filling up the DagBag from /home/airflow/.local/lib/python3.8/site-packages/airflow/example_dags/example_sensors.py
[2024-03-13T06:43:54.919+0000] {processor.py:840} INFO - DAG(s) 'example_sensors' retrieved from /home/airflow/.local/lib/python3.8/site-packages/airflow/example_dags/example_sensors.py
[2024-03-13T06:43:54.938+0000] {logging_mixin.py:188} INFO - [2024-03-13T06:43:54.938+0000] {dag.py:3047} INFO - Sync 1 DAGs
[2024-03-13T06:43:54.946+0000] {logging_mixin.py:188} INFO - [2024-03-13T06:43:54.946+0000] {dag.py:3834} INFO - Setting next_dagrun for example_sensors to None, run_after=None
[2024-03-13T06:43:54.961+0000] {processor.py:183} INFO - Processing /home/airflow/.local/lib/python3.8/site-packages/airflow/example_dags/example_sensors.py took 0.053 seconds
[2024-03-13T06:44:25.214+0000] {processor.py:161} INFO - Started process (PID=912) to work on /home/airflow/.local/lib/python3.8/site-packages/airflow/example_dags/example_sensors.py
[2024-03-13T06:44:25.215+0000] {processor.py:830} INFO - Processing file /home/airflow/.local/lib/python3.8/site-packages/airflow/example_dags/example_sensors.py for tasks to queue
[2024-03-13T06:44:25.216+0000] {logging_mixin.py:188} INFO - [2024-03-13T06:44:25.216+0000] {dagbag.py:540} INFO - Filling up the DagBag from /home/airflow/.local/lib/python3.8/site-packages/airflow/example_dags/example_sensors.py
[2024-03-13T06:44:25.224+0000] {processor.py:840} INFO - DAG(s) 'example_sensors' retrieved from /home/airflow/.local/lib/python3.8/site-packages/airflow/example_dags/example_sensors.py
[2024-03-13T06:44:25.242+0000] {logging_mixin.py:188} INFO - [2024-03-13T06:44:25.242+0000] {dag.py:3047} INFO - Sync 1 DAGs
[2024-03-13T06:44:25.251+0000] {logging_mixin.py:188} INFO - [2024-03-13T06:44:25.251+0000] {dag.py:3834} INFO - Setting next_dagrun for example_sensors to None, run_after=None
[2024-03-13T06:44:25.269+0000] {processor.py:183} INFO - Processing /home/airflow/.local/lib/python3.8/site-packages/airflow/example_dags/example_sensors.py took 0.057 seconds
[2024-03-13T06:44:56.021+0000] {processor.py:161} INFO - Started process (PID=968) to work on /home/airflow/.local/lib/python3.8/site-packages/airflow/example_dags/example_sensors.py
[2024-03-13T06:44:56.023+0000] {processor.py:830} INFO - Processing file /home/airflow/.local/lib/python3.8/site-packages/airflow/example_dags/example_sensors.py for tasks to queue
[2024-03-13T06:44:56.024+0000] {logging_mixin.py:188} INFO - [2024-03-13T06:44:56.023+0000] {dagbag.py:540} INFO - Filling up the DagBag from /home/airflow/.local/lib/python3.8/site-packages/airflow/example_dags/example_sensors.py
[2024-03-13T06:44:56.036+0000] {processor.py:840} INFO - DAG(s) 'example_sensors' retrieved from /home/airflow/.local/lib/python3.8/site-packages/airflow/example_dags/example_sensors.py
[2024-03-13T06:44:56.071+0000] {logging_mixin.py:188} INFO - [2024-03-13T06:44:56.070+0000] {dag.py:3047} INFO - Sync 1 DAGs
[2024-03-13T06:44:56.086+0000] {logging_mixin.py:188} INFO - [2024-03-13T06:44:56.085+0000] {dag.py:3834} INFO - Setting next_dagrun for example_sensors to None, run_after=None
[2024-03-13T06:44:56.109+0000] {processor.py:183} INFO - Processing /home/airflow/.local/lib/python3.8/site-packages/airflow/example_dags/example_sensors.py took 0.091 seconds
[2024-03-13T06:45:26.889+0000] {processor.py:161} INFO - Started process (PID=1025) to work on /home/airflow/.local/lib/python3.8/site-packages/airflow/example_dags/example_sensors.py
[2024-03-13T06:45:26.890+0000] {processor.py:830} INFO - Processing file /home/airflow/.local/lib/python3.8/site-packages/airflow/example_dags/example_sensors.py for tasks to queue
[2024-03-13T06:45:26.891+0000] {logging_mixin.py:188} INFO - [2024-03-13T06:45:26.891+0000] {dagbag.py:540} INFO - Filling up the DagBag from /home/airflow/.local/lib/python3.8/site-packages/airflow/example_dags/example_sensors.py
[2024-03-13T06:45:26.899+0000] {processor.py:840} INFO - DAG(s) 'example_sensors' retrieved from /home/airflow/.local/lib/python3.8/site-packages/airflow/example_dags/example_sensors.py
[2024-03-13T06:45:26.919+0000] {logging_mixin.py:188} INFO - [2024-03-13T06:45:26.919+0000] {dag.py:3047} INFO - Sync 1 DAGs
[2024-03-13T06:45:26.930+0000] {logging_mixin.py:188} INFO - [2024-03-13T06:45:26.930+0000] {dag.py:3834} INFO - Setting next_dagrun for example_sensors to None, run_after=None
[2024-03-13T06:45:26.946+0000] {processor.py:183} INFO - Processing /home/airflow/.local/lib/python3.8/site-packages/airflow/example_dags/example_sensors.py took 0.060 seconds
[2024-03-13T06:45:57.309+0000] {processor.py:161} INFO - Started process (PID=1081) to work on /home/airflow/.local/lib/python3.8/site-packages/airflow/example_dags/example_sensors.py
[2024-03-13T06:45:57.310+0000] {processor.py:830} INFO - Processing file /home/airflow/.local/lib/python3.8/site-packages/airflow/example_dags/example_sensors.py for tasks to queue
[2024-03-13T06:45:57.311+0000] {logging_mixin.py:188} INFO - [2024-03-13T06:45:57.311+0000] {dagbag.py:540} INFO - Filling up the DagBag from /home/airflow/.local/lib/python3.8/site-packages/airflow/example_dags/example_sensors.py
[2024-03-13T06:45:57.323+0000] {processor.py:840} INFO - DAG(s) 'example_sensors' retrieved from /home/airflow/.local/lib/python3.8/site-packages/airflow/example_dags/example_sensors.py
[2024-03-13T06:45:57.346+0000] {logging_mixin.py:188} INFO - [2024-03-13T06:45:57.345+0000] {dag.py:3047} INFO - Sync 1 DAGs
[2024-03-13T06:45:57.358+0000] {logging_mixin.py:188} INFO - [2024-03-13T06:45:57.358+0000] {dag.py:3834} INFO - Setting next_dagrun for example_sensors to None, run_after=None
[2024-03-13T06:45:57.379+0000] {processor.py:183} INFO - Processing /home/airflow/.local/lib/python3.8/site-packages/airflow/example_dags/example_sensors.py took 0.073 seconds
[2024-03-13T06:46:27.807+0000] {processor.py:161} INFO - Started process (PID=1137) to work on /home/airflow/.local/lib/python3.8/site-packages/airflow/example_dags/example_sensors.py
[2024-03-13T06:46:27.808+0000] {processor.py:830} INFO - Processing file /home/airflow/.local/lib/python3.8/site-packages/airflow/example_dags/example_sensors.py for tasks to queue
[2024-03-13T06:46:27.809+0000] {logging_mixin.py:188} INFO - [2024-03-13T06:46:27.809+0000] {dagbag.py:540} INFO - Filling up the DagBag from /home/airflow/.local/lib/python3.8/site-packages/airflow/example_dags/example_sensors.py
[2024-03-13T06:46:27.818+0000] {processor.py:840} INFO - DAG(s) 'example_sensors' retrieved from /home/airflow/.local/lib/python3.8/site-packages/airflow/example_dags/example_sensors.py
[2024-03-13T06:46:27.838+0000] {logging_mixin.py:188} INFO - [2024-03-13T06:46:27.838+0000] {dag.py:3047} INFO - Sync 1 DAGs
[2024-03-13T06:46:27.849+0000] {logging_mixin.py:188} INFO - [2024-03-13T06:46:27.849+0000] {dag.py:3834} INFO - Setting next_dagrun for example_sensors to None, run_after=None
[2024-03-13T06:46:27.870+0000] {processor.py:183} INFO - Processing /home/airflow/.local/lib/python3.8/site-packages/airflow/example_dags/example_sensors.py took 0.065 seconds
[2024-03-13T06:46:58.106+0000] {processor.py:161} INFO - Started process (PID=1200) to work on /home/airflow/.local/lib/python3.8/site-packages/airflow/example_dags/example_sensors.py
[2024-03-13T06:46:58.107+0000] {processor.py:830} INFO - Processing file /home/airflow/.local/lib/python3.8/site-packages/airflow/example_dags/example_sensors.py for tasks to queue
[2024-03-13T06:46:58.108+0000] {logging_mixin.py:188} INFO - [2024-03-13T06:46:58.107+0000] {dagbag.py:540} INFO - Filling up the DagBag from /home/airflow/.local/lib/python3.8/site-packages/airflow/example_dags/example_sensors.py
[2024-03-13T06:46:58.116+0000] {processor.py:840} INFO - DAG(s) 'example_sensors' retrieved from /home/airflow/.local/lib/python3.8/site-packages/airflow/example_dags/example_sensors.py
[2024-03-13T06:46:58.137+0000] {logging_mixin.py:188} INFO - [2024-03-13T06:46:58.137+0000] {dag.py:3047} INFO - Sync 1 DAGs
[2024-03-13T06:46:58.148+0000] {logging_mixin.py:188} INFO - [2024-03-13T06:46:58.148+0000] {dag.py:3834} INFO - Setting next_dagrun for example_sensors to None, run_after=None
[2024-03-13T06:46:58.166+0000] {processor.py:183} INFO - Processing /home/airflow/.local/lib/python3.8/site-packages/airflow/example_dags/example_sensors.py took 0.063 seconds
[2024-03-13T06:47:28.923+0000] {processor.py:161} INFO - Started process (PID=1256) to work on /home/airflow/.local/lib/python3.8/site-packages/airflow/example_dags/example_sensors.py
[2024-03-13T06:47:28.925+0000] {processor.py:830} INFO - Processing file /home/airflow/.local/lib/python3.8/site-packages/airflow/example_dags/example_sensors.py for tasks to queue
[2024-03-13T06:47:28.926+0000] {logging_mixin.py:188} INFO - [2024-03-13T06:47:28.926+0000] {dagbag.py:540} INFO - Filling up the DagBag from /home/airflow/.local/lib/python3.8/site-packages/airflow/example_dags/example_sensors.py
[2024-03-13T06:47:28.935+0000] {processor.py:840} INFO - DAG(s) 'example_sensors' retrieved from /home/airflow/.local/lib/python3.8/site-packages/airflow/example_dags/example_sensors.py
[2024-03-13T06:47:28.959+0000] {logging_mixin.py:188} INFO - [2024-03-13T06:47:28.959+0000] {dag.py:3047} INFO - Sync 1 DAGs
[2024-03-13T06:47:28.970+0000] {logging_mixin.py:188} INFO - [2024-03-13T06:47:28.970+0000] {dag.py:3834} INFO - Setting next_dagrun for example_sensors to None, run_after=None
[2024-03-13T06:47:28.996+0000] {processor.py:183} INFO - Processing /home/airflow/.local/lib/python3.8/site-packages/airflow/example_dags/example_sensors.py took 0.077 seconds
[2024-03-13T06:47:59.651+0000] {processor.py:161} INFO - Started process (PID=1312) to work on /home/airflow/.local/lib/python3.8/site-packages/airflow/example_dags/example_sensors.py
[2024-03-13T06:47:59.652+0000] {processor.py:830} INFO - Processing file /home/airflow/.local/lib/python3.8/site-packages/airflow/example_dags/example_sensors.py for tasks to queue
[2024-03-13T06:47:59.653+0000] {logging_mixin.py:188} INFO - [2024-03-13T06:47:59.653+0000] {dagbag.py:540} INFO - Filling up the DagBag from /home/airflow/.local/lib/python3.8/site-packages/airflow/example_dags/example_sensors.py
[2024-03-13T06:47:59.660+0000] {processor.py:840} INFO - DAG(s) 'example_sensors' retrieved from /home/airflow/.local/lib/python3.8/site-packages/airflow/example_dags/example_sensors.py
[2024-03-13T06:47:59.679+0000] {logging_mixin.py:188} INFO - [2024-03-13T06:47:59.679+0000] {dag.py:3047} INFO - Sync 1 DAGs
[2024-03-13T06:47:59.690+0000] {logging_mixin.py:188} INFO - [2024-03-13T06:47:59.689+0000] {dag.py:3834} INFO - Setting next_dagrun for example_sensors to None, run_after=None
[2024-03-13T06:47:59.709+0000] {processor.py:183} INFO - Processing /home/airflow/.local/lib/python3.8/site-packages/airflow/example_dags/example_sensors.py took 0.060 seconds
[2024-03-13T06:48:29.975+0000] {processor.py:161} INFO - Started process (PID=1369) to work on /home/airflow/.local/lib/python3.8/site-packages/airflow/example_dags/example_sensors.py
[2024-03-13T06:48:29.976+0000] {processor.py:830} INFO - Processing file /home/airflow/.local/lib/python3.8/site-packages/airflow/example_dags/example_sensors.py for tasks to queue
[2024-03-13T06:48:29.977+0000] {logging_mixin.py:188} INFO - [2024-03-13T06:48:29.976+0000] {dagbag.py:540} INFO - Filling up the DagBag from /home/airflow/.local/lib/python3.8/site-packages/airflow/example_dags/example_sensors.py
[2024-03-13T06:48:29.985+0000] {processor.py:840} INFO - DAG(s) 'example_sensors' retrieved from /home/airflow/.local/lib/python3.8/site-packages/airflow/example_dags/example_sensors.py
[2024-03-13T06:48:30.004+0000] {logging_mixin.py:188} INFO - [2024-03-13T06:48:30.004+0000] {dag.py:3047} INFO - Sync 1 DAGs
[2024-03-13T06:48:30.014+0000] {logging_mixin.py:188} INFO - [2024-03-13T06:48:30.014+0000] {dag.py:3834} INFO - Setting next_dagrun for example_sensors to None, run_after=None
[2024-03-13T06:48:30.030+0000] {processor.py:183} INFO - Processing /home/airflow/.local/lib/python3.8/site-packages/airflow/example_dags/example_sensors.py took 0.058 seconds
[2024-03-13T06:49:00.196+0000] {processor.py:161} INFO - Started process (PID=1426) to work on /home/airflow/.local/lib/python3.8/site-packages/airflow/example_dags/example_sensors.py
[2024-03-13T06:49:00.197+0000] {processor.py:830} INFO - Processing file /home/airflow/.local/lib/python3.8/site-packages/airflow/example_dags/example_sensors.py for tasks to queue
[2024-03-13T06:49:00.198+0000] {logging_mixin.py:188} INFO - [2024-03-13T06:49:00.198+0000] {dagbag.py:540} INFO - Filling up the DagBag from /home/airflow/.local/lib/python3.8/site-packages/airflow/example_dags/example_sensors.py
[2024-03-13T06:49:00.205+0000] {processor.py:840} INFO - DAG(s) 'example_sensors' retrieved from /home/airflow/.local/lib/python3.8/site-packages/airflow/example_dags/example_sensors.py
[2024-03-13T06:49:00.225+0000] {logging_mixin.py:188} INFO - [2024-03-13T06:49:00.225+0000] {dag.py:3047} INFO - Sync 1 DAGs
[2024-03-13T06:49:00.234+0000] {logging_mixin.py:188} INFO - [2024-03-13T06:49:00.234+0000] {dag.py:3834} INFO - Setting next_dagrun for example_sensors to None, run_after=None
[2024-03-13T06:49:00.249+0000] {processor.py:183} INFO - Processing /home/airflow/.local/lib/python3.8/site-packages/airflow/example_dags/example_sensors.py took 0.056 seconds
[2024-03-13T06:49:30.480+0000] {processor.py:161} INFO - Started process (PID=1482) to work on /home/airflow/.local/lib/python3.8/site-packages/airflow/example_dags/example_sensors.py
[2024-03-13T06:49:30.481+0000] {processor.py:830} INFO - Processing file /home/airflow/.local/lib/python3.8/site-packages/airflow/example_dags/example_sensors.py for tasks to queue
[2024-03-13T06:49:30.482+0000] {logging_mixin.py:188} INFO - [2024-03-13T06:49:30.481+0000] {dagbag.py:540} INFO - Filling up the DagBag from /home/airflow/.local/lib/python3.8/site-packages/airflow/example_dags/example_sensors.py
[2024-03-13T06:49:30.493+0000] {processor.py:840} INFO - DAG(s) 'example_sensors' retrieved from /home/airflow/.local/lib/python3.8/site-packages/airflow/example_dags/example_sensors.py
[2024-03-13T06:49:30.513+0000] {logging_mixin.py:188} INFO - [2024-03-13T06:49:30.513+0000] {dag.py:3047} INFO - Sync 1 DAGs
[2024-03-13T06:49:30.523+0000] {logging_mixin.py:188} INFO - [2024-03-13T06:49:30.523+0000] {dag.py:3834} INFO - Setting next_dagrun for example_sensors to None, run_after=None
[2024-03-13T06:49:30.539+0000] {processor.py:183} INFO - Processing /home/airflow/.local/lib/python3.8/site-packages/airflow/example_dags/example_sensors.py took 0.061 seconds
[2024-03-13T06:50:00.678+0000] {processor.py:161} INFO - Started process (PID=1540) to work on /home/airflow/.local/lib/python3.8/site-packages/airflow/example_dags/example_sensors.py
[2024-03-13T06:50:00.678+0000] {processor.py:830} INFO - Processing file /home/airflow/.local/lib/python3.8/site-packages/airflow/example_dags/example_sensors.py for tasks to queue
[2024-03-13T06:50:00.679+0000] {logging_mixin.py:188} INFO - [2024-03-13T06:50:00.679+0000] {dagbag.py:540} INFO - Filling up the DagBag from /home/airflow/.local/lib/python3.8/site-packages/airflow/example_dags/example_sensors.py
[2024-03-13T06:50:00.686+0000] {processor.py:840} INFO - DAG(s) 'example_sensors' retrieved from /home/airflow/.local/lib/python3.8/site-packages/airflow/example_dags/example_sensors.py
[2024-03-13T06:50:00.705+0000] {logging_mixin.py:188} INFO - [2024-03-13T06:50:00.705+0000] {dag.py:3047} INFO - Sync 1 DAGs
[2024-03-13T06:50:00.715+0000] {logging_mixin.py:188} INFO - [2024-03-13T06:50:00.715+0000] {dag.py:3834} INFO - Setting next_dagrun for example_sensors to None, run_after=None
[2024-03-13T06:50:00.730+0000] {processor.py:183} INFO - Processing /home/airflow/.local/lib/python3.8/site-packages/airflow/example_dags/example_sensors.py took 0.054 seconds
[2024-03-13T06:50:30.880+0000] {processor.py:161} INFO - Started process (PID=1597) to work on /home/airflow/.local/lib/python3.8/site-packages/airflow/example_dags/example_sensors.py
[2024-03-13T06:50:30.881+0000] {processor.py:830} INFO - Processing file /home/airflow/.local/lib/python3.8/site-packages/airflow/example_dags/example_sensors.py for tasks to queue
[2024-03-13T06:50:30.882+0000] {logging_mixin.py:188} INFO - [2024-03-13T06:50:30.882+0000] {dagbag.py:540} INFO - Filling up the DagBag from /home/airflow/.local/lib/python3.8/site-packages/airflow/example_dags/example_sensors.py
[2024-03-13T06:50:30.889+0000] {processor.py:840} INFO - DAG(s) 'example_sensors' retrieved from /home/airflow/.local/lib/python3.8/site-packages/airflow/example_dags/example_sensors.py
[2024-03-13T06:50:30.908+0000] {logging_mixin.py:188} INFO - [2024-03-13T06:50:30.908+0000] {dag.py:3047} INFO - Sync 1 DAGs
[2024-03-13T06:50:30.918+0000] {logging_mixin.py:188} INFO - [2024-03-13T06:50:30.918+0000] {dag.py:3834} INFO - Setting next_dagrun for example_sensors to None, run_after=None
[2024-03-13T06:50:30.933+0000] {processor.py:183} INFO - Processing /home/airflow/.local/lib/python3.8/site-packages/airflow/example_dags/example_sensors.py took 0.055 seconds
[2024-03-13T06:51:01.176+0000] {processor.py:161} INFO - Started process (PID=1657) to work on /home/airflow/.local/lib/python3.8/site-packages/airflow/example_dags/example_sensors.py
[2024-03-13T06:51:01.177+0000] {processor.py:830} INFO - Processing file /home/airflow/.local/lib/python3.8/site-packages/airflow/example_dags/example_sensors.py for tasks to queue
[2024-03-13T06:51:01.178+0000] {logging_mixin.py:188} INFO - [2024-03-13T06:51:01.178+0000] {dagbag.py:540} INFO - Filling up the DagBag from /home/airflow/.local/lib/python3.8/site-packages/airflow/example_dags/example_sensors.py
[2024-03-13T06:51:01.185+0000] {processor.py:840} INFO - DAG(s) 'example_sensors' retrieved from /home/airflow/.local/lib/python3.8/site-packages/airflow/example_dags/example_sensors.py
[2024-03-13T06:51:01.203+0000] {logging_mixin.py:188} INFO - [2024-03-13T06:51:01.203+0000] {dag.py:3047} INFO - Sync 1 DAGs
[2024-03-13T06:51:01.213+0000] {logging_mixin.py:188} INFO - [2024-03-13T06:51:01.213+0000] {dag.py:3834} INFO - Setting next_dagrun for example_sensors to None, run_after=None
[2024-03-13T06:51:01.227+0000] {processor.py:183} INFO - Processing /home/airflow/.local/lib/python3.8/site-packages/airflow/example_dags/example_sensors.py took 0.053 seconds
[2024-03-13T06:52:19.784+0000] {processor.py:161} INFO - Started process (PID=72) to work on /home/airflow/.local/lib/python3.8/site-packages/airflow/example_dags/example_sensors.py
[2024-03-13T06:52:19.785+0000] {processor.py:830} INFO - Processing file /home/airflow/.local/lib/python3.8/site-packages/airflow/example_dags/example_sensors.py for tasks to queue
[2024-03-13T06:52:19.786+0000] {logging_mixin.py:188} INFO - [2024-03-13T06:52:19.786+0000] {dagbag.py:540} INFO - Filling up the DagBag from /home/airflow/.local/lib/python3.8/site-packages/airflow/example_dags/example_sensors.py
[2024-03-13T06:52:19.795+0000] {processor.py:840} INFO - DAG(s) 'example_sensors' retrieved from /home/airflow/.local/lib/python3.8/site-packages/airflow/example_dags/example_sensors.py
[2024-03-13T06:52:19.806+0000] {logging_mixin.py:188} INFO - [2024-03-13T06:52:19.806+0000] {dag.py:3047} INFO - Sync 1 DAGs
[2024-03-13T06:52:19.817+0000] {logging_mixin.py:188} INFO - [2024-03-13T06:52:19.817+0000] {dag.py:3834} INFO - Setting next_dagrun for example_sensors to None, run_after=None
[2024-03-13T06:52:19.835+0000] {processor.py:183} INFO - Processing /home/airflow/.local/lib/python3.8/site-packages/airflow/example_dags/example_sensors.py took 0.054 seconds
[2024-03-13T06:52:51.085+0000] {processor.py:161} INFO - Started process (PID=128) to work on /home/airflow/.local/lib/python3.8/site-packages/airflow/example_dags/example_sensors.py
[2024-03-13T06:52:51.086+0000] {processor.py:830} INFO - Processing file /home/airflow/.local/lib/python3.8/site-packages/airflow/example_dags/example_sensors.py for tasks to queue
[2024-03-13T06:52:51.088+0000] {logging_mixin.py:188} INFO - [2024-03-13T06:52:51.087+0000] {dagbag.py:540} INFO - Filling up the DagBag from /home/airflow/.local/lib/python3.8/site-packages/airflow/example_dags/example_sensors.py
[2024-03-13T06:52:51.095+0000] {processor.py:840} INFO - DAG(s) 'example_sensors' retrieved from /home/airflow/.local/lib/python3.8/site-packages/airflow/example_dags/example_sensors.py
[2024-03-13T06:52:51.172+0000] {logging_mixin.py:188} INFO - [2024-03-13T06:52:51.172+0000] {dag.py:3047} INFO - Sync 1 DAGs
[2024-03-13T06:52:51.181+0000] {logging_mixin.py:188} INFO - [2024-03-13T06:52:51.180+0000] {dag.py:3834} INFO - Setting next_dagrun for example_sensors to None, run_after=None
[2024-03-13T06:52:51.198+0000] {processor.py:183} INFO - Processing /home/airflow/.local/lib/python3.8/site-packages/airflow/example_dags/example_sensors.py took 0.115 seconds
[2024-03-13T06:53:22.097+0000] {processor.py:161} INFO - Started process (PID=184) to work on /home/airflow/.local/lib/python3.8/site-packages/airflow/example_dags/example_sensors.py
[2024-03-13T06:53:22.098+0000] {processor.py:830} INFO - Processing file /home/airflow/.local/lib/python3.8/site-packages/airflow/example_dags/example_sensors.py for tasks to queue
[2024-03-13T06:53:22.099+0000] {logging_mixin.py:188} INFO - [2024-03-13T06:53:22.099+0000] {dagbag.py:540} INFO - Filling up the DagBag from /home/airflow/.local/lib/python3.8/site-packages/airflow/example_dags/example_sensors.py
[2024-03-13T06:53:22.106+0000] {processor.py:840} INFO - DAG(s) 'example_sensors' retrieved from /home/airflow/.local/lib/python3.8/site-packages/airflow/example_dags/example_sensors.py
[2024-03-13T06:53:22.127+0000] {logging_mixin.py:188} INFO - [2024-03-13T06:53:22.126+0000] {dag.py:3047} INFO - Sync 1 DAGs
[2024-03-13T06:53:22.136+0000] {logging_mixin.py:188} INFO - [2024-03-13T06:53:22.136+0000] {dag.py:3834} INFO - Setting next_dagrun for example_sensors to None, run_after=None
[2024-03-13T06:53:22.153+0000] {processor.py:183} INFO - Processing /home/airflow/.local/lib/python3.8/site-packages/airflow/example_dags/example_sensors.py took 0.059 seconds
[2024-03-13T06:53:52.495+0000] {processor.py:161} INFO - Started process (PID=240) to work on /home/airflow/.local/lib/python3.8/site-packages/airflow/example_dags/example_sensors.py
[2024-03-13T06:53:52.497+0000] {processor.py:830} INFO - Processing file /home/airflow/.local/lib/python3.8/site-packages/airflow/example_dags/example_sensors.py for tasks to queue
[2024-03-13T06:53:52.498+0000] {logging_mixin.py:188} INFO - [2024-03-13T06:53:52.498+0000] {dagbag.py:540} INFO - Filling up the DagBag from /home/airflow/.local/lib/python3.8/site-packages/airflow/example_dags/example_sensors.py
[2024-03-13T06:53:52.505+0000] {processor.py:840} INFO - DAG(s) 'example_sensors' retrieved from /home/airflow/.local/lib/python3.8/site-packages/airflow/example_dags/example_sensors.py
[2024-03-13T06:53:52.524+0000] {logging_mixin.py:188} INFO - [2024-03-13T06:53:52.523+0000] {dag.py:3047} INFO - Sync 1 DAGs
[2024-03-13T06:53:52.534+0000] {logging_mixin.py:188} INFO - [2024-03-13T06:53:52.533+0000] {dag.py:3834} INFO - Setting next_dagrun for example_sensors to None, run_after=None
[2024-03-13T06:53:52.554+0000] {processor.py:183} INFO - Processing /home/airflow/.local/lib/python3.8/site-packages/airflow/example_dags/example_sensors.py took 0.060 seconds
[2024-03-13T06:54:22.816+0000] {processor.py:161} INFO - Started process (PID=295) to work on /home/airflow/.local/lib/python3.8/site-packages/airflow/example_dags/example_sensors.py
[2024-03-13T06:54:22.817+0000] {processor.py:830} INFO - Processing file /home/airflow/.local/lib/python3.8/site-packages/airflow/example_dags/example_sensors.py for tasks to queue
[2024-03-13T06:54:22.819+0000] {logging_mixin.py:188} INFO - [2024-03-13T06:54:22.818+0000] {dagbag.py:540} INFO - Filling up the DagBag from /home/airflow/.local/lib/python3.8/site-packages/airflow/example_dags/example_sensors.py
[2024-03-13T06:54:22.826+0000] {processor.py:840} INFO - DAG(s) 'example_sensors' retrieved from /home/airflow/.local/lib/python3.8/site-packages/airflow/example_dags/example_sensors.py
[2024-03-13T06:54:22.845+0000] {logging_mixin.py:188} INFO - [2024-03-13T06:54:22.845+0000] {dag.py:3047} INFO - Sync 1 DAGs
[2024-03-13T06:54:22.854+0000] {logging_mixin.py:188} INFO - [2024-03-13T06:54:22.854+0000] {dag.py:3834} INFO - Setting next_dagrun for example_sensors to None, run_after=None
[2024-03-13T06:54:22.869+0000] {processor.py:183} INFO - Processing /home/airflow/.local/lib/python3.8/site-packages/airflow/example_dags/example_sensors.py took 0.055 seconds
[2024-03-13T06:54:53.415+0000] {processor.py:161} INFO - Started process (PID=351) to work on /home/airflow/.local/lib/python3.8/site-packages/airflow/example_dags/example_sensors.py
[2024-03-13T06:54:53.417+0000] {processor.py:830} INFO - Processing file /home/airflow/.local/lib/python3.8/site-packages/airflow/example_dags/example_sensors.py for tasks to queue
[2024-03-13T06:54:53.418+0000] {logging_mixin.py:188} INFO - [2024-03-13T06:54:53.418+0000] {dagbag.py:540} INFO - Filling up the DagBag from /home/airflow/.local/lib/python3.8/site-packages/airflow/example_dags/example_sensors.py
[2024-03-13T06:54:53.428+0000] {processor.py:840} INFO - DAG(s) 'example_sensors' retrieved from /home/airflow/.local/lib/python3.8/site-packages/airflow/example_dags/example_sensors.py
[2024-03-13T06:54:53.449+0000] {logging_mixin.py:188} INFO - [2024-03-13T06:54:53.449+0000] {dag.py:3047} INFO - Sync 1 DAGs
[2024-03-13T06:54:53.461+0000] {logging_mixin.py:188} INFO - [2024-03-13T06:54:53.461+0000] {dag.py:3834} INFO - Setting next_dagrun for example_sensors to None, run_after=None
[2024-03-13T06:54:53.485+0000] {processor.py:183} INFO - Processing /home/airflow/.local/lib/python3.8/site-packages/airflow/example_dags/example_sensors.py took 0.073 seconds
[2024-03-13T06:55:24.290+0000] {processor.py:161} INFO - Started process (PID=407) to work on /home/airflow/.local/lib/python3.8/site-packages/airflow/example_dags/example_sensors.py
[2024-03-13T06:55:24.291+0000] {processor.py:830} INFO - Processing file /home/airflow/.local/lib/python3.8/site-packages/airflow/example_dags/example_sensors.py for tasks to queue
[2024-03-13T06:55:24.292+0000] {logging_mixin.py:188} INFO - [2024-03-13T06:55:24.292+0000] {dagbag.py:540} INFO - Filling up the DagBag from /home/airflow/.local/lib/python3.8/site-packages/airflow/example_dags/example_sensors.py
[2024-03-13T06:55:24.300+0000] {processor.py:840} INFO - DAG(s) 'example_sensors' retrieved from /home/airflow/.local/lib/python3.8/site-packages/airflow/example_dags/example_sensors.py
[2024-03-13T06:55:24.321+0000] {logging_mixin.py:188} INFO - [2024-03-13T06:55:24.321+0000] {dag.py:3047} INFO - Sync 1 DAGs
[2024-03-13T06:55:24.331+0000] {logging_mixin.py:188} INFO - [2024-03-13T06:55:24.331+0000] {dag.py:3834} INFO - Setting next_dagrun for example_sensors to None, run_after=None
[2024-03-13T06:55:24.351+0000] {processor.py:183} INFO - Processing /home/airflow/.local/lib/python3.8/site-packages/airflow/example_dags/example_sensors.py took 0.063 seconds
[2024-03-13T06:55:54.952+0000] {processor.py:161} INFO - Started process (PID=464) to work on /home/airflow/.local/lib/python3.8/site-packages/airflow/example_dags/example_sensors.py
[2024-03-13T06:55:54.953+0000] {processor.py:830} INFO - Processing file /home/airflow/.local/lib/python3.8/site-packages/airflow/example_dags/example_sensors.py for tasks to queue
[2024-03-13T06:55:54.955+0000] {logging_mixin.py:188} INFO - [2024-03-13T06:55:54.954+0000] {dagbag.py:540} INFO - Filling up the DagBag from /home/airflow/.local/lib/python3.8/site-packages/airflow/example_dags/example_sensors.py
[2024-03-13T06:55:54.961+0000] {processor.py:840} INFO - DAG(s) 'example_sensors' retrieved from /home/airflow/.local/lib/python3.8/site-packages/airflow/example_dags/example_sensors.py
[2024-03-13T06:55:54.980+0000] {logging_mixin.py:188} INFO - [2024-03-13T06:55:54.980+0000] {dag.py:3047} INFO - Sync 1 DAGs
[2024-03-13T06:55:54.989+0000] {logging_mixin.py:188} INFO - [2024-03-13T06:55:54.989+0000] {dag.py:3834} INFO - Setting next_dagrun for example_sensors to None, run_after=None
[2024-03-13T06:55:55.004+0000] {processor.py:183} INFO - Processing /home/airflow/.local/lib/python3.8/site-packages/airflow/example_dags/example_sensors.py took 0.054 seconds
[2024-03-13T06:56:25.779+0000] {processor.py:161} INFO - Started process (PID=521) to work on /home/airflow/.local/lib/python3.8/site-packages/airflow/example_dags/example_sensors.py
[2024-03-13T06:56:25.780+0000] {processor.py:830} INFO - Processing file /home/airflow/.local/lib/python3.8/site-packages/airflow/example_dags/example_sensors.py for tasks to queue
[2024-03-13T06:56:25.782+0000] {logging_mixin.py:188} INFO - [2024-03-13T06:56:25.782+0000] {dagbag.py:540} INFO - Filling up the DagBag from /home/airflow/.local/lib/python3.8/site-packages/airflow/example_dags/example_sensors.py
[2024-03-13T06:56:25.791+0000] {processor.py:840} INFO - DAG(s) 'example_sensors' retrieved from /home/airflow/.local/lib/python3.8/site-packages/airflow/example_dags/example_sensors.py
[2024-03-13T06:56:25.817+0000] {logging_mixin.py:188} INFO - [2024-03-13T06:56:25.816+0000] {dag.py:3047} INFO - Sync 1 DAGs
[2024-03-13T06:56:25.828+0000] {logging_mixin.py:188} INFO - [2024-03-13T06:56:25.828+0000] {dag.py:3834} INFO - Setting next_dagrun for example_sensors to None, run_after=None
[2024-03-13T06:56:25.844+0000] {processor.py:183} INFO - Processing /home/airflow/.local/lib/python3.8/site-packages/airflow/example_dags/example_sensors.py took 0.067 seconds
[2024-03-13T07:02:13.441+0000] {processor.py:161} INFO - Started process (PID=72) to work on /home/airflow/.local/lib/python3.8/site-packages/airflow/example_dags/example_sensors.py
[2024-03-13T07:02:13.443+0000] {processor.py:830} INFO - Processing file /home/airflow/.local/lib/python3.8/site-packages/airflow/example_dags/example_sensors.py for tasks to queue
[2024-03-13T07:02:13.445+0000] {logging_mixin.py:188} INFO - [2024-03-13T07:02:13.444+0000] {dagbag.py:540} INFO - Filling up the DagBag from /home/airflow/.local/lib/python3.8/site-packages/airflow/example_dags/example_sensors.py
[2024-03-13T07:02:13.454+0000] {processor.py:840} INFO - DAG(s) 'example_sensors' retrieved from /home/airflow/.local/lib/python3.8/site-packages/airflow/example_dags/example_sensors.py
[2024-03-13T07:02:13.468+0000] {logging_mixin.py:188} INFO - [2024-03-13T07:02:13.467+0000] {dag.py:3047} INFO - Sync 1 DAGs
[2024-03-13T07:02:13.480+0000] {logging_mixin.py:188} INFO - [2024-03-13T07:02:13.480+0000] {dag.py:3834} INFO - Setting next_dagrun for example_sensors to None, run_after=None
[2024-03-13T07:02:13.507+0000] {processor.py:183} INFO - Processing /home/airflow/.local/lib/python3.8/site-packages/airflow/example_dags/example_sensors.py took 0.069 seconds
[2024-03-13T07:02:44.711+0000] {processor.py:161} INFO - Started process (PID=129) to work on /home/airflow/.local/lib/python3.8/site-packages/airflow/example_dags/example_sensors.py
[2024-03-13T07:02:44.712+0000] {processor.py:830} INFO - Processing file /home/airflow/.local/lib/python3.8/site-packages/airflow/example_dags/example_sensors.py for tasks to queue
[2024-03-13T07:02:44.714+0000] {logging_mixin.py:188} INFO - [2024-03-13T07:02:44.714+0000] {dagbag.py:540} INFO - Filling up the DagBag from /home/airflow/.local/lib/python3.8/site-packages/airflow/example_dags/example_sensors.py
[2024-03-13T07:02:44.721+0000] {processor.py:840} INFO - DAG(s) 'example_sensors' retrieved from /home/airflow/.local/lib/python3.8/site-packages/airflow/example_dags/example_sensors.py
[2024-03-13T07:02:44.805+0000] {logging_mixin.py:188} INFO - [2024-03-13T07:02:44.804+0000] {dag.py:3047} INFO - Sync 1 DAGs
[2024-03-13T07:02:44.813+0000] {logging_mixin.py:188} INFO - [2024-03-13T07:02:44.813+0000] {dag.py:3834} INFO - Setting next_dagrun for example_sensors to None, run_after=None
[2024-03-13T07:02:44.831+0000] {processor.py:183} INFO - Processing /home/airflow/.local/lib/python3.8/site-packages/airflow/example_dags/example_sensors.py took 0.122 seconds
[2024-03-13T07:03:15.596+0000] {processor.py:161} INFO - Started process (PID=185) to work on /home/airflow/.local/lib/python3.8/site-packages/airflow/example_dags/example_sensors.py
[2024-03-13T07:03:15.597+0000] {processor.py:830} INFO - Processing file /home/airflow/.local/lib/python3.8/site-packages/airflow/example_dags/example_sensors.py for tasks to queue
[2024-03-13T07:03:15.598+0000] {logging_mixin.py:188} INFO - [2024-03-13T07:03:15.598+0000] {dagbag.py:540} INFO - Filling up the DagBag from /home/airflow/.local/lib/python3.8/site-packages/airflow/example_dags/example_sensors.py
[2024-03-13T07:03:15.606+0000] {processor.py:840} INFO - DAG(s) 'example_sensors' retrieved from /home/airflow/.local/lib/python3.8/site-packages/airflow/example_dags/example_sensors.py
[2024-03-13T07:03:15.625+0000] {logging_mixin.py:188} INFO - [2024-03-13T07:03:15.625+0000] {dag.py:3047} INFO - Sync 1 DAGs
[2024-03-13T07:03:15.634+0000] {logging_mixin.py:188} INFO - [2024-03-13T07:03:15.634+0000] {dag.py:3834} INFO - Setting next_dagrun for example_sensors to None, run_after=None
[2024-03-13T07:03:15.653+0000] {processor.py:183} INFO - Processing /home/airflow/.local/lib/python3.8/site-packages/airflow/example_dags/example_sensors.py took 0.059 seconds
[2024-03-13T07:03:45.864+0000] {processor.py:161} INFO - Started process (PID=241) to work on /home/airflow/.local/lib/python3.8/site-packages/airflow/example_dags/example_sensors.py
[2024-03-13T07:03:45.865+0000] {processor.py:830} INFO - Processing file /home/airflow/.local/lib/python3.8/site-packages/airflow/example_dags/example_sensors.py for tasks to queue
[2024-03-13T07:03:45.867+0000] {logging_mixin.py:188} INFO - [2024-03-13T07:03:45.867+0000] {dagbag.py:540} INFO - Filling up the DagBag from /home/airflow/.local/lib/python3.8/site-packages/airflow/example_dags/example_sensors.py
[2024-03-13T07:03:45.875+0000] {processor.py:840} INFO - DAG(s) 'example_sensors' retrieved from /home/airflow/.local/lib/python3.8/site-packages/airflow/example_dags/example_sensors.py
[2024-03-13T07:03:45.895+0000] {logging_mixin.py:188} INFO - [2024-03-13T07:03:45.894+0000] {dag.py:3047} INFO - Sync 1 DAGs
[2024-03-13T07:03:45.904+0000] {logging_mixin.py:188} INFO - [2024-03-13T07:03:45.904+0000] {dag.py:3834} INFO - Setting next_dagrun for example_sensors to None, run_after=None
[2024-03-13T07:03:45.918+0000] {processor.py:183} INFO - Processing /home/airflow/.local/lib/python3.8/site-packages/airflow/example_dags/example_sensors.py took 0.057 seconds
[2024-03-13T07:04:16.492+0000] {processor.py:161} INFO - Started process (PID=297) to work on /home/airflow/.local/lib/python3.8/site-packages/airflow/example_dags/example_sensors.py
[2024-03-13T07:04:16.493+0000] {processor.py:830} INFO - Processing file /home/airflow/.local/lib/python3.8/site-packages/airflow/example_dags/example_sensors.py for tasks to queue
[2024-03-13T07:04:16.494+0000] {logging_mixin.py:188} INFO - [2024-03-13T07:04:16.494+0000] {dagbag.py:540} INFO - Filling up the DagBag from /home/airflow/.local/lib/python3.8/site-packages/airflow/example_dags/example_sensors.py
[2024-03-13T07:04:16.505+0000] {processor.py:840} INFO - DAG(s) 'example_sensors' retrieved from /home/airflow/.local/lib/python3.8/site-packages/airflow/example_dags/example_sensors.py
[2024-03-13T07:04:16.524+0000] {logging_mixin.py:188} INFO - [2024-03-13T07:04:16.523+0000] {dag.py:3047} INFO - Sync 1 DAGs
[2024-03-13T07:04:16.533+0000] {logging_mixin.py:188} INFO - [2024-03-13T07:04:16.533+0000] {dag.py:3834} INFO - Setting next_dagrun for example_sensors to None, run_after=None
[2024-03-13T07:04:16.551+0000] {processor.py:183} INFO - Processing /home/airflow/.local/lib/python3.8/site-packages/airflow/example_dags/example_sensors.py took 0.062 seconds
[2024-03-13T07:04:46.865+0000] {processor.py:161} INFO - Started process (PID=353) to work on /home/airflow/.local/lib/python3.8/site-packages/airflow/example_dags/example_sensors.py
[2024-03-13T07:04:46.866+0000] {processor.py:830} INFO - Processing file /home/airflow/.local/lib/python3.8/site-packages/airflow/example_dags/example_sensors.py for tasks to queue
[2024-03-13T07:04:46.868+0000] {logging_mixin.py:188} INFO - [2024-03-13T07:04:46.867+0000] {dagbag.py:540} INFO - Filling up the DagBag from /home/airflow/.local/lib/python3.8/site-packages/airflow/example_dags/example_sensors.py
[2024-03-13T07:04:46.875+0000] {processor.py:840} INFO - DAG(s) 'example_sensors' retrieved from /home/airflow/.local/lib/python3.8/site-packages/airflow/example_dags/example_sensors.py
[2024-03-13T07:04:46.893+0000] {logging_mixin.py:188} INFO - [2024-03-13T07:04:46.893+0000] {dag.py:3047} INFO - Sync 1 DAGs
[2024-03-13T07:04:46.902+0000] {logging_mixin.py:188} INFO - [2024-03-13T07:04:46.902+0000] {dag.py:3834} INFO - Setting next_dagrun for example_sensors to None, run_after=None
[2024-03-13T07:04:46.917+0000] {processor.py:183} INFO - Processing /home/airflow/.local/lib/python3.8/site-packages/airflow/example_dags/example_sensors.py took 0.054 seconds
[2024-03-13T07:05:17.376+0000] {processor.py:161} INFO - Started process (PID=409) to work on /home/airflow/.local/lib/python3.8/site-packages/airflow/example_dags/example_sensors.py
[2024-03-13T07:05:17.377+0000] {processor.py:830} INFO - Processing file /home/airflow/.local/lib/python3.8/site-packages/airflow/example_dags/example_sensors.py for tasks to queue
[2024-03-13T07:05:17.379+0000] {logging_mixin.py:188} INFO - [2024-03-13T07:05:17.379+0000] {dagbag.py:540} INFO - Filling up the DagBag from /home/airflow/.local/lib/python3.8/site-packages/airflow/example_dags/example_sensors.py
[2024-03-13T07:05:17.386+0000] {processor.py:840} INFO - DAG(s) 'example_sensors' retrieved from /home/airflow/.local/lib/python3.8/site-packages/airflow/example_dags/example_sensors.py
[2024-03-13T07:05:17.403+0000] {logging_mixin.py:188} INFO - [2024-03-13T07:05:17.403+0000] {dag.py:3047} INFO - Sync 1 DAGs
[2024-03-13T07:05:17.412+0000] {logging_mixin.py:188} INFO - [2024-03-13T07:05:17.412+0000] {dag.py:3834} INFO - Setting next_dagrun for example_sensors to None, run_after=None
[2024-03-13T07:05:17.429+0000] {processor.py:183} INFO - Processing /home/airflow/.local/lib/python3.8/site-packages/airflow/example_dags/example_sensors.py took 0.055 seconds
[2024-03-13T07:05:47.537+0000] {processor.py:161} INFO - Started process (PID=465) to work on /home/airflow/.local/lib/python3.8/site-packages/airflow/example_dags/example_sensors.py
[2024-03-13T07:05:47.538+0000] {processor.py:830} INFO - Processing file /home/airflow/.local/lib/python3.8/site-packages/airflow/example_dags/example_sensors.py for tasks to queue
[2024-03-13T07:05:47.539+0000] {logging_mixin.py:188} INFO - [2024-03-13T07:05:47.539+0000] {dagbag.py:540} INFO - Filling up the DagBag from /home/airflow/.local/lib/python3.8/site-packages/airflow/example_dags/example_sensors.py
[2024-03-13T07:05:47.546+0000] {processor.py:840} INFO - DAG(s) 'example_sensors' retrieved from /home/airflow/.local/lib/python3.8/site-packages/airflow/example_dags/example_sensors.py
[2024-03-13T07:05:47.564+0000] {logging_mixin.py:188} INFO - [2024-03-13T07:05:47.564+0000] {dag.py:3047} INFO - Sync 1 DAGs
[2024-03-13T07:05:47.574+0000] {logging_mixin.py:188} INFO - [2024-03-13T07:05:47.574+0000] {dag.py:3834} INFO - Setting next_dagrun for example_sensors to None, run_after=None
[2024-03-13T07:05:47.593+0000] {processor.py:183} INFO - Processing /home/airflow/.local/lib/python3.8/site-packages/airflow/example_dags/example_sensors.py took 0.058 seconds
[2024-03-13T07:06:18.033+0000] {processor.py:161} INFO - Started process (PID=521) to work on /home/airflow/.local/lib/python3.8/site-packages/airflow/example_dags/example_sensors.py
[2024-03-13T07:06:18.034+0000] {processor.py:830} INFO - Processing file /home/airflow/.local/lib/python3.8/site-packages/airflow/example_dags/example_sensors.py for tasks to queue
[2024-03-13T07:06:18.036+0000] {logging_mixin.py:188} INFO - [2024-03-13T07:06:18.036+0000] {dagbag.py:540} INFO - Filling up the DagBag from /home/airflow/.local/lib/python3.8/site-packages/airflow/example_dags/example_sensors.py
[2024-03-13T07:06:18.042+0000] {processor.py:840} INFO - DAG(s) 'example_sensors' retrieved from /home/airflow/.local/lib/python3.8/site-packages/airflow/example_dags/example_sensors.py
[2024-03-13T07:06:18.064+0000] {logging_mixin.py:188} INFO - [2024-03-13T07:06:18.064+0000] {dag.py:3047} INFO - Sync 1 DAGs
[2024-03-13T07:06:18.073+0000] {logging_mixin.py:188} INFO - [2024-03-13T07:06:18.073+0000] {dag.py:3834} INFO - Setting next_dagrun for example_sensors to None, run_after=None
[2024-03-13T07:06:18.091+0000] {processor.py:183} INFO - Processing /home/airflow/.local/lib/python3.8/site-packages/airflow/example_dags/example_sensors.py took 0.060 seconds
[2024-03-13T07:06:48.449+0000] {processor.py:161} INFO - Started process (PID=577) to work on /home/airflow/.local/lib/python3.8/site-packages/airflow/example_dags/example_sensors.py
[2024-03-13T07:06:48.449+0000] {processor.py:830} INFO - Processing file /home/airflow/.local/lib/python3.8/site-packages/airflow/example_dags/example_sensors.py for tasks to queue
[2024-03-13T07:06:48.451+0000] {logging_mixin.py:188} INFO - [2024-03-13T07:06:48.451+0000] {dagbag.py:540} INFO - Filling up the DagBag from /home/airflow/.local/lib/python3.8/site-packages/airflow/example_dags/example_sensors.py
[2024-03-13T07:06:48.458+0000] {processor.py:840} INFO - DAG(s) 'example_sensors' retrieved from /home/airflow/.local/lib/python3.8/site-packages/airflow/example_dags/example_sensors.py
[2024-03-13T07:06:48.476+0000] {logging_mixin.py:188} INFO - [2024-03-13T07:06:48.476+0000] {dag.py:3047} INFO - Sync 1 DAGs
[2024-03-13T07:06:48.486+0000] {logging_mixin.py:188} INFO - [2024-03-13T07:06:48.486+0000] {dag.py:3834} INFO - Setting next_dagrun for example_sensors to None, run_after=None
[2024-03-13T07:06:48.502+0000] {processor.py:183} INFO - Processing /home/airflow/.local/lib/python3.8/site-packages/airflow/example_dags/example_sensors.py took 0.056 seconds
[2024-03-13T07:09:30.663+0000] {processor.py:161} INFO - Started process (PID=73) to work on /home/airflow/.local/lib/python3.8/site-packages/airflow/example_dags/example_sensors.py
[2024-03-13T07:09:30.664+0000] {processor.py:830} INFO - Processing file /home/airflow/.local/lib/python3.8/site-packages/airflow/example_dags/example_sensors.py for tasks to queue
[2024-03-13T07:09:30.666+0000] {logging_mixin.py:188} INFO - [2024-03-13T07:09:30.665+0000] {dagbag.py:540} INFO - Filling up the DagBag from /home/airflow/.local/lib/python3.8/site-packages/airflow/example_dags/example_sensors.py
[2024-03-13T07:09:30.676+0000] {processor.py:840} INFO - DAG(s) 'example_sensors' retrieved from /home/airflow/.local/lib/python3.8/site-packages/airflow/example_dags/example_sensors.py
[2024-03-13T07:09:30.688+0000] {logging_mixin.py:188} INFO - [2024-03-13T07:09:30.688+0000] {dag.py:3047} INFO - Sync 1 DAGs
[2024-03-13T07:09:30.700+0000] {logging_mixin.py:188} INFO - [2024-03-13T07:09:30.700+0000] {dag.py:3834} INFO - Setting next_dagrun for example_sensors to None, run_after=None
[2024-03-13T07:09:30.719+0000] {processor.py:183} INFO - Processing /home/airflow/.local/lib/python3.8/site-packages/airflow/example_dags/example_sensors.py took 0.058 seconds
[2024-03-13T07:10:01.799+0000] {processor.py:161} INFO - Started process (PID=129) to work on /home/airflow/.local/lib/python3.8/site-packages/airflow/example_dags/example_sensors.py
[2024-03-13T07:10:01.800+0000] {processor.py:830} INFO - Processing file /home/airflow/.local/lib/python3.8/site-packages/airflow/example_dags/example_sensors.py for tasks to queue
[2024-03-13T07:10:01.802+0000] {logging_mixin.py:188} INFO - [2024-03-13T07:10:01.801+0000] {dagbag.py:540} INFO - Filling up the DagBag from /home/airflow/.local/lib/python3.8/site-packages/airflow/example_dags/example_sensors.py
[2024-03-13T07:10:01.809+0000] {processor.py:840} INFO - DAG(s) 'example_sensors' retrieved from /home/airflow/.local/lib/python3.8/site-packages/airflow/example_dags/example_sensors.py
[2024-03-13T07:10:01.881+0000] {logging_mixin.py:188} INFO - [2024-03-13T07:10:01.881+0000] {dag.py:3047} INFO - Sync 1 DAGs
[2024-03-13T07:10:01.888+0000] {logging_mixin.py:188} INFO - [2024-03-13T07:10:01.888+0000] {dag.py:3834} INFO - Setting next_dagrun for example_sensors to None, run_after=None
[2024-03-13T07:10:01.904+0000] {processor.py:183} INFO - Processing /home/airflow/.local/lib/python3.8/site-packages/airflow/example_dags/example_sensors.py took 0.108 seconds
[2024-03-13T07:10:32.007+0000] {processor.py:161} INFO - Started process (PID=185) to work on /home/airflow/.local/lib/python3.8/site-packages/airflow/example_dags/example_sensors.py
[2024-03-13T07:10:32.008+0000] {processor.py:830} INFO - Processing file /home/airflow/.local/lib/python3.8/site-packages/airflow/example_dags/example_sensors.py for tasks to queue
[2024-03-13T07:10:32.009+0000] {logging_mixin.py:188} INFO - [2024-03-13T07:10:32.009+0000] {dagbag.py:540} INFO - Filling up the DagBag from /home/airflow/.local/lib/python3.8/site-packages/airflow/example_dags/example_sensors.py
[2024-03-13T07:10:32.016+0000] {processor.py:840} INFO - DAG(s) 'example_sensors' retrieved from /home/airflow/.local/lib/python3.8/site-packages/airflow/example_dags/example_sensors.py
[2024-03-13T07:10:32.034+0000] {logging_mixin.py:188} INFO - [2024-03-13T07:10:32.034+0000] {dag.py:3047} INFO - Sync 1 DAGs
[2024-03-13T07:10:32.045+0000] {logging_mixin.py:188} INFO - [2024-03-13T07:10:32.044+0000] {dag.py:3834} INFO - Setting next_dagrun for example_sensors to None, run_after=None
[2024-03-13T07:10:32.060+0000] {processor.py:183} INFO - Processing /home/airflow/.local/lib/python3.8/site-packages/airflow/example_dags/example_sensors.py took 0.056 seconds
[2024-03-13T07:11:02.369+0000] {processor.py:161} INFO - Started process (PID=241) to work on /home/airflow/.local/lib/python3.8/site-packages/airflow/example_dags/example_sensors.py
[2024-03-13T07:11:02.370+0000] {processor.py:830} INFO - Processing file /home/airflow/.local/lib/python3.8/site-packages/airflow/example_dags/example_sensors.py for tasks to queue
[2024-03-13T07:11:02.372+0000] {logging_mixin.py:188} INFO - [2024-03-13T07:11:02.371+0000] {dagbag.py:540} INFO - Filling up the DagBag from /home/airflow/.local/lib/python3.8/site-packages/airflow/example_dags/example_sensors.py
[2024-03-13T07:11:02.378+0000] {processor.py:840} INFO - DAG(s) 'example_sensors' retrieved from /home/airflow/.local/lib/python3.8/site-packages/airflow/example_dags/example_sensors.py
[2024-03-13T07:11:02.397+0000] {logging_mixin.py:188} INFO - [2024-03-13T07:11:02.396+0000] {dag.py:3047} INFO - Sync 1 DAGs
[2024-03-13T07:11:02.405+0000] {logging_mixin.py:188} INFO - [2024-03-13T07:11:02.405+0000] {dag.py:3834} INFO - Setting next_dagrun for example_sensors to None, run_after=None
[2024-03-13T07:11:02.422+0000] {processor.py:183} INFO - Processing /home/airflow/.local/lib/python3.8/site-packages/airflow/example_dags/example_sensors.py took 0.055 seconds
[2024-03-13T07:11:32.676+0000] {processor.py:161} INFO - Started process (PID=298) to work on /home/airflow/.local/lib/python3.8/site-packages/airflow/example_dags/example_sensors.py
[2024-03-13T07:11:32.677+0000] {processor.py:830} INFO - Processing file /home/airflow/.local/lib/python3.8/site-packages/airflow/example_dags/example_sensors.py for tasks to queue
[2024-03-13T07:11:32.678+0000] {logging_mixin.py:188} INFO - [2024-03-13T07:11:32.678+0000] {dagbag.py:540} INFO - Filling up the DagBag from /home/airflow/.local/lib/python3.8/site-packages/airflow/example_dags/example_sensors.py
[2024-03-13T07:11:32.685+0000] {processor.py:840} INFO - DAG(s) 'example_sensors' retrieved from /home/airflow/.local/lib/python3.8/site-packages/airflow/example_dags/example_sensors.py
[2024-03-13T07:11:32.704+0000] {logging_mixin.py:188} INFO - [2024-03-13T07:11:32.703+0000] {dag.py:3047} INFO - Sync 1 DAGs
[2024-03-13T07:11:32.714+0000] {logging_mixin.py:188} INFO - [2024-03-13T07:11:32.713+0000] {dag.py:3834} INFO - Setting next_dagrun for example_sensors to None, run_after=None
[2024-03-13T07:11:32.730+0000] {processor.py:183} INFO - Processing /home/airflow/.local/lib/python3.8/site-packages/airflow/example_dags/example_sensors.py took 0.057 seconds
