[2024-03-13T06:40:21.982+0000] {processor.py:161} INFO - Started process (PID=466) to work on /home/airflow/.local/lib/python3.8/site-packages/airflow/example_dags/example_python_operator.py
[2024-03-13T06:40:21.983+0000] {processor.py:830} INFO - Processing file /home/airflow/.local/lib/python3.8/site-packages/airflow/example_dags/example_python_operator.py for tasks to queue
[2024-03-13T06:40:21.985+0000] {logging_mixin.py:188} INFO - [2024-03-13T06:40:21.984+0000] {dagbag.py:540} INFO - Filling up the DagBag from /home/airflow/.local/lib/python3.8/site-packages/airflow/example_dags/example_python_operator.py
[2024-03-13T06:40:21.993+0000] {processor.py:840} INFO - DAG(s) 'example_python_operator' retrieved from /home/airflow/.local/lib/python3.8/site-packages/airflow/example_dags/example_python_operator.py
[2024-03-13T06:40:22.012+0000] {logging_mixin.py:188} INFO - [2024-03-13T06:40:22.011+0000] {dag.py:3047} INFO - Sync 1 DAGs
[2024-03-13T06:40:22.021+0000] {logging_mixin.py:188} INFO - [2024-03-13T06:40:22.021+0000] {dag.py:3834} INFO - Setting next_dagrun for example_python_operator to None, run_after=None
[2024-03-13T06:40:22.039+0000] {processor.py:183} INFO - Processing /home/airflow/.local/lib/python3.8/site-packages/airflow/example_dags/example_python_operator.py took 0.059 seconds
[2024-03-13T06:40:52.326+0000] {processor.py:161} INFO - Started process (PID=522) to work on /home/airflow/.local/lib/python3.8/site-packages/airflow/example_dags/example_python_operator.py
[2024-03-13T06:40:52.327+0000] {processor.py:830} INFO - Processing file /home/airflow/.local/lib/python3.8/site-packages/airflow/example_dags/example_python_operator.py for tasks to queue
[2024-03-13T06:40:52.328+0000] {logging_mixin.py:188} INFO - [2024-03-13T06:40:52.328+0000] {dagbag.py:540} INFO - Filling up the DagBag from /home/airflow/.local/lib/python3.8/site-packages/airflow/example_dags/example_python_operator.py
[2024-03-13T06:40:52.336+0000] {processor.py:840} INFO - DAG(s) 'example_python_operator' retrieved from /home/airflow/.local/lib/python3.8/site-packages/airflow/example_dags/example_python_operator.py
[2024-03-13T06:40:52.355+0000] {logging_mixin.py:188} INFO - [2024-03-13T06:40:52.354+0000] {dag.py:3047} INFO - Sync 1 DAGs
[2024-03-13T06:40:52.364+0000] {logging_mixin.py:188} INFO - [2024-03-13T06:40:52.364+0000] {dag.py:3834} INFO - Setting next_dagrun for example_python_operator to None, run_after=None
[2024-03-13T06:40:52.381+0000] {processor.py:183} INFO - Processing /home/airflow/.local/lib/python3.8/site-packages/airflow/example_dags/example_python_operator.py took 0.057 seconds
[2024-03-13T06:41:22.931+0000] {processor.py:161} INFO - Started process (PID=578) to work on /home/airflow/.local/lib/python3.8/site-packages/airflow/example_dags/example_python_operator.py
[2024-03-13T06:41:22.932+0000] {processor.py:830} INFO - Processing file /home/airflow/.local/lib/python3.8/site-packages/airflow/example_dags/example_python_operator.py for tasks to queue
[2024-03-13T06:41:22.933+0000] {logging_mixin.py:188} INFO - [2024-03-13T06:41:22.933+0000] {dagbag.py:540} INFO - Filling up the DagBag from /home/airflow/.local/lib/python3.8/site-packages/airflow/example_dags/example_python_operator.py
[2024-03-13T06:41:22.941+0000] {processor.py:840} INFO - DAG(s) 'example_python_operator' retrieved from /home/airflow/.local/lib/python3.8/site-packages/airflow/example_dags/example_python_operator.py
[2024-03-13T06:41:22.957+0000] {logging_mixin.py:188} INFO - [2024-03-13T06:41:22.957+0000] {dag.py:3047} INFO - Sync 1 DAGs
[2024-03-13T06:41:22.967+0000] {logging_mixin.py:188} INFO - [2024-03-13T06:41:22.967+0000] {dag.py:3834} INFO - Setting next_dagrun for example_python_operator to None, run_after=None
[2024-03-13T06:41:22.984+0000] {processor.py:183} INFO - Processing /home/airflow/.local/lib/python3.8/site-packages/airflow/example_dags/example_python_operator.py took 0.055 seconds
[2024-03-13T06:41:53.490+0000] {processor.py:161} INFO - Started process (PID=634) to work on /home/airflow/.local/lib/python3.8/site-packages/airflow/example_dags/example_python_operator.py
[2024-03-13T06:41:53.491+0000] {processor.py:830} INFO - Processing file /home/airflow/.local/lib/python3.8/site-packages/airflow/example_dags/example_python_operator.py for tasks to queue
[2024-03-13T06:41:53.492+0000] {logging_mixin.py:188} INFO - [2024-03-13T06:41:53.491+0000] {dagbag.py:540} INFO - Filling up the DagBag from /home/airflow/.local/lib/python3.8/site-packages/airflow/example_dags/example_python_operator.py
[2024-03-13T06:41:53.499+0000] {processor.py:840} INFO - DAG(s) 'example_python_operator' retrieved from /home/airflow/.local/lib/python3.8/site-packages/airflow/example_dags/example_python_operator.py
[2024-03-13T06:41:53.516+0000] {logging_mixin.py:188} INFO - [2024-03-13T06:41:53.515+0000] {dag.py:3047} INFO - Sync 1 DAGs
[2024-03-13T06:41:53.525+0000] {logging_mixin.py:188} INFO - [2024-03-13T06:41:53.525+0000] {dag.py:3834} INFO - Setting next_dagrun for example_python_operator to None, run_after=None
[2024-03-13T06:41:53.542+0000] {processor.py:183} INFO - Processing /home/airflow/.local/lib/python3.8/site-packages/airflow/example_dags/example_python_operator.py took 0.054 seconds
[2024-03-13T06:42:23.809+0000] {processor.py:161} INFO - Started process (PID=690) to work on /home/airflow/.local/lib/python3.8/site-packages/airflow/example_dags/example_python_operator.py
[2024-03-13T06:42:23.810+0000] {processor.py:830} INFO - Processing file /home/airflow/.local/lib/python3.8/site-packages/airflow/example_dags/example_python_operator.py for tasks to queue
[2024-03-13T06:42:23.811+0000] {logging_mixin.py:188} INFO - [2024-03-13T06:42:23.811+0000] {dagbag.py:540} INFO - Filling up the DagBag from /home/airflow/.local/lib/python3.8/site-packages/airflow/example_dags/example_python_operator.py
[2024-03-13T06:42:23.819+0000] {processor.py:840} INFO - DAG(s) 'example_python_operator' retrieved from /home/airflow/.local/lib/python3.8/site-packages/airflow/example_dags/example_python_operator.py
[2024-03-13T06:42:23.836+0000] {logging_mixin.py:188} INFO - [2024-03-13T06:42:23.836+0000] {dag.py:3047} INFO - Sync 1 DAGs
[2024-03-13T06:42:23.846+0000] {logging_mixin.py:188} INFO - [2024-03-13T06:42:23.845+0000] {dag.py:3834} INFO - Setting next_dagrun for example_python_operator to None, run_after=None
[2024-03-13T06:42:23.863+0000] {processor.py:183} INFO - Processing /home/airflow/.local/lib/python3.8/site-packages/airflow/example_dags/example_python_operator.py took 0.056 seconds
[2024-03-13T06:42:54.034+0000] {processor.py:161} INFO - Started process (PID=746) to work on /home/airflow/.local/lib/python3.8/site-packages/airflow/example_dags/example_python_operator.py
[2024-03-13T06:42:54.035+0000] {processor.py:830} INFO - Processing file /home/airflow/.local/lib/python3.8/site-packages/airflow/example_dags/example_python_operator.py for tasks to queue
[2024-03-13T06:42:54.036+0000] {logging_mixin.py:188} INFO - [2024-03-13T06:42:54.035+0000] {dagbag.py:540} INFO - Filling up the DagBag from /home/airflow/.local/lib/python3.8/site-packages/airflow/example_dags/example_python_operator.py
[2024-03-13T06:42:54.046+0000] {processor.py:840} INFO - DAG(s) 'example_python_operator' retrieved from /home/airflow/.local/lib/python3.8/site-packages/airflow/example_dags/example_python_operator.py
[2024-03-13T06:42:54.069+0000] {logging_mixin.py:188} INFO - [2024-03-13T06:42:54.069+0000] {dag.py:3047} INFO - Sync 1 DAGs
[2024-03-13T06:42:54.083+0000] {logging_mixin.py:188} INFO - [2024-03-13T06:42:54.083+0000] {dag.py:3834} INFO - Setting next_dagrun for example_python_operator to None, run_after=None
[2024-03-13T06:42:54.105+0000] {processor.py:183} INFO - Processing /home/airflow/.local/lib/python3.8/site-packages/airflow/example_dags/example_python_operator.py took 0.074 seconds
[2024-03-13T06:43:24.473+0000] {processor.py:161} INFO - Started process (PID=802) to work on /home/airflow/.local/lib/python3.8/site-packages/airflow/example_dags/example_python_operator.py
[2024-03-13T06:43:24.473+0000] {processor.py:830} INFO - Processing file /home/airflow/.local/lib/python3.8/site-packages/airflow/example_dags/example_python_operator.py for tasks to queue
[2024-03-13T06:43:24.474+0000] {logging_mixin.py:188} INFO - [2024-03-13T06:43:24.474+0000] {dagbag.py:540} INFO - Filling up the DagBag from /home/airflow/.local/lib/python3.8/site-packages/airflow/example_dags/example_python_operator.py
[2024-03-13T06:43:24.482+0000] {processor.py:840} INFO - DAG(s) 'example_python_operator' retrieved from /home/airflow/.local/lib/python3.8/site-packages/airflow/example_dags/example_python_operator.py
[2024-03-13T06:43:24.498+0000] {logging_mixin.py:188} INFO - [2024-03-13T06:43:24.498+0000] {dag.py:3047} INFO - Sync 1 DAGs
[2024-03-13T06:43:24.506+0000] {logging_mixin.py:188} INFO - [2024-03-13T06:43:24.506+0000] {dag.py:3834} INFO - Setting next_dagrun for example_python_operator to None, run_after=None
[2024-03-13T06:43:24.521+0000] {processor.py:183} INFO - Processing /home/airflow/.local/lib/python3.8/site-packages/airflow/example_dags/example_python_operator.py took 0.051 seconds
[2024-03-13T06:43:54.983+0000] {processor.py:161} INFO - Started process (PID=858) to work on /home/airflow/.local/lib/python3.8/site-packages/airflow/example_dags/example_python_operator.py
[2024-03-13T06:43:54.984+0000] {processor.py:830} INFO - Processing file /home/airflow/.local/lib/python3.8/site-packages/airflow/example_dags/example_python_operator.py for tasks to queue
[2024-03-13T06:43:54.985+0000] {logging_mixin.py:188} INFO - [2024-03-13T06:43:54.984+0000] {dagbag.py:540} INFO - Filling up the DagBag from /home/airflow/.local/lib/python3.8/site-packages/airflow/example_dags/example_python_operator.py
[2024-03-13T06:43:54.992+0000] {processor.py:840} INFO - DAG(s) 'example_python_operator' retrieved from /home/airflow/.local/lib/python3.8/site-packages/airflow/example_dags/example_python_operator.py
[2024-03-13T06:43:55.008+0000] {logging_mixin.py:188} INFO - [2024-03-13T06:43:55.008+0000] {dag.py:3047} INFO - Sync 1 DAGs
[2024-03-13T06:43:55.017+0000] {logging_mixin.py:188} INFO - [2024-03-13T06:43:55.016+0000] {dag.py:3834} INFO - Setting next_dagrun for example_python_operator to None, run_after=None
[2024-03-13T06:43:55.034+0000] {processor.py:183} INFO - Processing /home/airflow/.local/lib/python3.8/site-packages/airflow/example_dags/example_python_operator.py took 0.054 seconds
[2024-03-13T06:44:25.287+0000] {processor.py:161} INFO - Started process (PID=914) to work on /home/airflow/.local/lib/python3.8/site-packages/airflow/example_dags/example_python_operator.py
[2024-03-13T06:44:25.288+0000] {processor.py:830} INFO - Processing file /home/airflow/.local/lib/python3.8/site-packages/airflow/example_dags/example_python_operator.py for tasks to queue
[2024-03-13T06:44:25.289+0000] {logging_mixin.py:188} INFO - [2024-03-13T06:44:25.288+0000] {dagbag.py:540} INFO - Filling up the DagBag from /home/airflow/.local/lib/python3.8/site-packages/airflow/example_dags/example_python_operator.py
[2024-03-13T06:44:25.296+0000] {processor.py:840} INFO - DAG(s) 'example_python_operator' retrieved from /home/airflow/.local/lib/python3.8/site-packages/airflow/example_dags/example_python_operator.py
[2024-03-13T06:44:25.311+0000] {logging_mixin.py:188} INFO - [2024-03-13T06:44:25.311+0000] {dag.py:3047} INFO - Sync 1 DAGs
[2024-03-13T06:44:25.320+0000] {logging_mixin.py:188} INFO - [2024-03-13T06:44:25.320+0000] {dag.py:3834} INFO - Setting next_dagrun for example_python_operator to None, run_after=None
[2024-03-13T06:44:25.336+0000] {processor.py:183} INFO - Processing /home/airflow/.local/lib/python3.8/site-packages/airflow/example_dags/example_python_operator.py took 0.052 seconds
[2024-03-13T06:44:56.138+0000] {processor.py:161} INFO - Started process (PID=970) to work on /home/airflow/.local/lib/python3.8/site-packages/airflow/example_dags/example_python_operator.py
[2024-03-13T06:44:56.139+0000] {processor.py:830} INFO - Processing file /home/airflow/.local/lib/python3.8/site-packages/airflow/example_dags/example_python_operator.py for tasks to queue
[2024-03-13T06:44:56.141+0000] {logging_mixin.py:188} INFO - [2024-03-13T06:44:56.140+0000] {dagbag.py:540} INFO - Filling up the DagBag from /home/airflow/.local/lib/python3.8/site-packages/airflow/example_dags/example_python_operator.py
[2024-03-13T06:44:56.153+0000] {processor.py:840} INFO - DAG(s) 'example_python_operator' retrieved from /home/airflow/.local/lib/python3.8/site-packages/airflow/example_dags/example_python_operator.py
[2024-03-13T06:44:56.178+0000] {logging_mixin.py:188} INFO - [2024-03-13T06:44:56.178+0000] {dag.py:3047} INFO - Sync 1 DAGs
[2024-03-13T06:44:56.192+0000] {logging_mixin.py:188} INFO - [2024-03-13T06:44:56.191+0000] {dag.py:3834} INFO - Setting next_dagrun for example_python_operator to None, run_after=None
[2024-03-13T06:44:56.218+0000] {processor.py:183} INFO - Processing /home/airflow/.local/lib/python3.8/site-packages/airflow/example_dags/example_python_operator.py took 0.084 seconds
[2024-03-13T06:45:26.966+0000] {processor.py:161} INFO - Started process (PID=1027) to work on /home/airflow/.local/lib/python3.8/site-packages/airflow/example_dags/example_python_operator.py
[2024-03-13T06:45:26.967+0000] {processor.py:830} INFO - Processing file /home/airflow/.local/lib/python3.8/site-packages/airflow/example_dags/example_python_operator.py for tasks to queue
[2024-03-13T06:45:26.967+0000] {logging_mixin.py:188} INFO - [2024-03-13T06:45:26.967+0000] {dagbag.py:540} INFO - Filling up the DagBag from /home/airflow/.local/lib/python3.8/site-packages/airflow/example_dags/example_python_operator.py
[2024-03-13T06:45:26.977+0000] {processor.py:840} INFO - DAG(s) 'example_python_operator' retrieved from /home/airflow/.local/lib/python3.8/site-packages/airflow/example_dags/example_python_operator.py
[2024-03-13T06:45:26.994+0000] {logging_mixin.py:188} INFO - [2024-03-13T06:45:26.993+0000] {dag.py:3047} INFO - Sync 1 DAGs
[2024-03-13T06:45:27.003+0000] {logging_mixin.py:188} INFO - [2024-03-13T06:45:27.003+0000] {dag.py:3834} INFO - Setting next_dagrun for example_python_operator to None, run_after=None
[2024-03-13T06:45:27.020+0000] {processor.py:183} INFO - Processing /home/airflow/.local/lib/python3.8/site-packages/airflow/example_dags/example_python_operator.py took 0.057 seconds
[2024-03-13T06:45:57.406+0000] {processor.py:161} INFO - Started process (PID=1083) to work on /home/airflow/.local/lib/python3.8/site-packages/airflow/example_dags/example_python_operator.py
[2024-03-13T06:45:57.407+0000] {processor.py:830} INFO - Processing file /home/airflow/.local/lib/python3.8/site-packages/airflow/example_dags/example_python_operator.py for tasks to queue
[2024-03-13T06:45:57.409+0000] {logging_mixin.py:188} INFO - [2024-03-13T06:45:57.408+0000] {dagbag.py:540} INFO - Filling up the DagBag from /home/airflow/.local/lib/python3.8/site-packages/airflow/example_dags/example_python_operator.py
[2024-03-13T06:45:57.419+0000] {processor.py:840} INFO - DAG(s) 'example_python_operator' retrieved from /home/airflow/.local/lib/python3.8/site-packages/airflow/example_dags/example_python_operator.py
[2024-03-13T06:45:57.443+0000] {logging_mixin.py:188} INFO - [2024-03-13T06:45:57.442+0000] {dag.py:3047} INFO - Sync 1 DAGs
[2024-03-13T06:45:57.455+0000] {logging_mixin.py:188} INFO - [2024-03-13T06:45:57.455+0000] {dag.py:3834} INFO - Setting next_dagrun for example_python_operator to None, run_after=None
[2024-03-13T06:45:57.476+0000] {processor.py:183} INFO - Processing /home/airflow/.local/lib/python3.8/site-packages/airflow/example_dags/example_python_operator.py took 0.074 seconds
[2024-03-13T06:46:27.890+0000] {processor.py:161} INFO - Started process (PID=1139) to work on /home/airflow/.local/lib/python3.8/site-packages/airflow/example_dags/example_python_operator.py
[2024-03-13T06:46:27.891+0000] {processor.py:830} INFO - Processing file /home/airflow/.local/lib/python3.8/site-packages/airflow/example_dags/example_python_operator.py for tasks to queue
[2024-03-13T06:46:27.892+0000] {logging_mixin.py:188} INFO - [2024-03-13T06:46:27.892+0000] {dagbag.py:540} INFO - Filling up the DagBag from /home/airflow/.local/lib/python3.8/site-packages/airflow/example_dags/example_python_operator.py
[2024-03-13T06:46:27.901+0000] {processor.py:840} INFO - DAG(s) 'example_python_operator' retrieved from /home/airflow/.local/lib/python3.8/site-packages/airflow/example_dags/example_python_operator.py
[2024-03-13T06:46:27.920+0000] {logging_mixin.py:188} INFO - [2024-03-13T06:46:27.920+0000] {dag.py:3047} INFO - Sync 1 DAGs
[2024-03-13T06:46:27.932+0000] {logging_mixin.py:188} INFO - [2024-03-13T06:46:27.931+0000] {dag.py:3834} INFO - Setting next_dagrun for example_python_operator to None, run_after=None
[2024-03-13T06:46:27.949+0000] {processor.py:183} INFO - Processing /home/airflow/.local/lib/python3.8/site-packages/airflow/example_dags/example_python_operator.py took 0.061 seconds
[2024-03-13T06:46:58.187+0000] {processor.py:161} INFO - Started process (PID=1202) to work on /home/airflow/.local/lib/python3.8/site-packages/airflow/example_dags/example_python_operator.py
[2024-03-13T06:46:58.188+0000] {processor.py:830} INFO - Processing file /home/airflow/.local/lib/python3.8/site-packages/airflow/example_dags/example_python_operator.py for tasks to queue
[2024-03-13T06:46:58.189+0000] {logging_mixin.py:188} INFO - [2024-03-13T06:46:58.189+0000] {dagbag.py:540} INFO - Filling up the DagBag from /home/airflow/.local/lib/python3.8/site-packages/airflow/example_dags/example_python_operator.py
[2024-03-13T06:46:58.198+0000] {processor.py:840} INFO - DAG(s) 'example_python_operator' retrieved from /home/airflow/.local/lib/python3.8/site-packages/airflow/example_dags/example_python_operator.py
[2024-03-13T06:46:58.217+0000] {logging_mixin.py:188} INFO - [2024-03-13T06:46:58.216+0000] {dag.py:3047} INFO - Sync 1 DAGs
[2024-03-13T06:46:58.226+0000] {logging_mixin.py:188} INFO - [2024-03-13T06:46:58.226+0000] {dag.py:3834} INFO - Setting next_dagrun for example_python_operator to None, run_after=None
[2024-03-13T06:46:58.245+0000] {processor.py:183} INFO - Processing /home/airflow/.local/lib/python3.8/site-packages/airflow/example_dags/example_python_operator.py took 0.061 seconds
[2024-03-13T06:47:29.029+0000] {processor.py:161} INFO - Started process (PID=1258) to work on /home/airflow/.local/lib/python3.8/site-packages/airflow/example_dags/example_python_operator.py
[2024-03-13T06:47:29.030+0000] {processor.py:830} INFO - Processing file /home/airflow/.local/lib/python3.8/site-packages/airflow/example_dags/example_python_operator.py for tasks to queue
[2024-03-13T06:47:29.031+0000] {logging_mixin.py:188} INFO - [2024-03-13T06:47:29.030+0000] {dagbag.py:540} INFO - Filling up the DagBag from /home/airflow/.local/lib/python3.8/site-packages/airflow/example_dags/example_python_operator.py
[2024-03-13T06:47:29.041+0000] {processor.py:840} INFO - DAG(s) 'example_python_operator' retrieved from /home/airflow/.local/lib/python3.8/site-packages/airflow/example_dags/example_python_operator.py
[2024-03-13T06:47:29.065+0000] {logging_mixin.py:188} INFO - [2024-03-13T06:47:29.065+0000] {dag.py:3047} INFO - Sync 1 DAGs
[2024-03-13T06:47:29.079+0000] {logging_mixin.py:188} INFO - [2024-03-13T06:47:29.079+0000] {dag.py:3834} INFO - Setting next_dagrun for example_python_operator to None, run_after=None
[2024-03-13T06:47:29.103+0000] {processor.py:183} INFO - Processing /home/airflow/.local/lib/python3.8/site-packages/airflow/example_dags/example_python_operator.py took 0.080 seconds
[2024-03-13T06:47:59.730+0000] {processor.py:161} INFO - Started process (PID=1314) to work on /home/airflow/.local/lib/python3.8/site-packages/airflow/example_dags/example_python_operator.py
[2024-03-13T06:47:59.731+0000] {processor.py:830} INFO - Processing file /home/airflow/.local/lib/python3.8/site-packages/airflow/example_dags/example_python_operator.py for tasks to queue
[2024-03-13T06:47:59.732+0000] {logging_mixin.py:188} INFO - [2024-03-13T06:47:59.732+0000] {dagbag.py:540} INFO - Filling up the DagBag from /home/airflow/.local/lib/python3.8/site-packages/airflow/example_dags/example_python_operator.py
[2024-03-13T06:47:59.741+0000] {processor.py:840} INFO - DAG(s) 'example_python_operator' retrieved from /home/airflow/.local/lib/python3.8/site-packages/airflow/example_dags/example_python_operator.py
[2024-03-13T06:47:59.759+0000] {logging_mixin.py:188} INFO - [2024-03-13T06:47:59.759+0000] {dag.py:3047} INFO - Sync 1 DAGs
[2024-03-13T06:47:59.770+0000] {logging_mixin.py:188} INFO - [2024-03-13T06:47:59.769+0000] {dag.py:3834} INFO - Setting next_dagrun for example_python_operator to None, run_after=None
[2024-03-13T06:47:59.788+0000] {processor.py:183} INFO - Processing /home/airflow/.local/lib/python3.8/site-packages/airflow/example_dags/example_python_operator.py took 0.060 seconds
[2024-03-13T06:48:30.054+0000] {processor.py:161} INFO - Started process (PID=1371) to work on /home/airflow/.local/lib/python3.8/site-packages/airflow/example_dags/example_python_operator.py
[2024-03-13T06:48:30.055+0000] {processor.py:830} INFO - Processing file /home/airflow/.local/lib/python3.8/site-packages/airflow/example_dags/example_python_operator.py for tasks to queue
[2024-03-13T06:48:30.056+0000] {logging_mixin.py:188} INFO - [2024-03-13T06:48:30.056+0000] {dagbag.py:540} INFO - Filling up the DagBag from /home/airflow/.local/lib/python3.8/site-packages/airflow/example_dags/example_python_operator.py
[2024-03-13T06:48:30.065+0000] {processor.py:840} INFO - DAG(s) 'example_python_operator' retrieved from /home/airflow/.local/lib/python3.8/site-packages/airflow/example_dags/example_python_operator.py
[2024-03-13T06:48:30.084+0000] {logging_mixin.py:188} INFO - [2024-03-13T06:48:30.084+0000] {dag.py:3047} INFO - Sync 1 DAGs
[2024-03-13T06:48:30.094+0000] {logging_mixin.py:188} INFO - [2024-03-13T06:48:30.093+0000] {dag.py:3834} INFO - Setting next_dagrun for example_python_operator to None, run_after=None
[2024-03-13T06:48:30.112+0000] {processor.py:183} INFO - Processing /home/airflow/.local/lib/python3.8/site-packages/airflow/example_dags/example_python_operator.py took 0.061 seconds
[2024-03-13T06:49:00.268+0000] {processor.py:161} INFO - Started process (PID=1428) to work on /home/airflow/.local/lib/python3.8/site-packages/airflow/example_dags/example_python_operator.py
[2024-03-13T06:49:00.269+0000] {processor.py:830} INFO - Processing file /home/airflow/.local/lib/python3.8/site-packages/airflow/example_dags/example_python_operator.py for tasks to queue
[2024-03-13T06:49:00.270+0000] {logging_mixin.py:188} INFO - [2024-03-13T06:49:00.270+0000] {dagbag.py:540} INFO - Filling up the DagBag from /home/airflow/.local/lib/python3.8/site-packages/airflow/example_dags/example_python_operator.py
[2024-03-13T06:49:00.278+0000] {processor.py:840} INFO - DAG(s) 'example_python_operator' retrieved from /home/airflow/.local/lib/python3.8/site-packages/airflow/example_dags/example_python_operator.py
[2024-03-13T06:49:00.295+0000] {logging_mixin.py:188} INFO - [2024-03-13T06:49:00.294+0000] {dag.py:3047} INFO - Sync 1 DAGs
[2024-03-13T06:49:00.304+0000] {logging_mixin.py:188} INFO - [2024-03-13T06:49:00.304+0000] {dag.py:3834} INFO - Setting next_dagrun for example_python_operator to None, run_after=None
[2024-03-13T06:49:00.319+0000] {processor.py:183} INFO - Processing /home/airflow/.local/lib/python3.8/site-packages/airflow/example_dags/example_python_operator.py took 0.054 seconds
[2024-03-13T06:49:30.560+0000] {processor.py:161} INFO - Started process (PID=1484) to work on /home/airflow/.local/lib/python3.8/site-packages/airflow/example_dags/example_python_operator.py
[2024-03-13T06:49:30.561+0000] {processor.py:830} INFO - Processing file /home/airflow/.local/lib/python3.8/site-packages/airflow/example_dags/example_python_operator.py for tasks to queue
[2024-03-13T06:49:30.561+0000] {logging_mixin.py:188} INFO - [2024-03-13T06:49:30.561+0000] {dagbag.py:540} INFO - Filling up the DagBag from /home/airflow/.local/lib/python3.8/site-packages/airflow/example_dags/example_python_operator.py
[2024-03-13T06:49:30.570+0000] {processor.py:840} INFO - DAG(s) 'example_python_operator' retrieved from /home/airflow/.local/lib/python3.8/site-packages/airflow/example_dags/example_python_operator.py
[2024-03-13T06:49:30.588+0000] {logging_mixin.py:188} INFO - [2024-03-13T06:49:30.588+0000] {dag.py:3047} INFO - Sync 1 DAGs
[2024-03-13T06:49:30.598+0000] {logging_mixin.py:188} INFO - [2024-03-13T06:49:30.597+0000] {dag.py:3834} INFO - Setting next_dagrun for example_python_operator to None, run_after=None
[2024-03-13T06:49:30.612+0000] {processor.py:183} INFO - Processing /home/airflow/.local/lib/python3.8/site-packages/airflow/example_dags/example_python_operator.py took 0.055 seconds
[2024-03-13T06:50:00.750+0000] {processor.py:161} INFO - Started process (PID=1542) to work on /home/airflow/.local/lib/python3.8/site-packages/airflow/example_dags/example_python_operator.py
[2024-03-13T06:50:00.751+0000] {processor.py:830} INFO - Processing file /home/airflow/.local/lib/python3.8/site-packages/airflow/example_dags/example_python_operator.py for tasks to queue
[2024-03-13T06:50:00.752+0000] {logging_mixin.py:188} INFO - [2024-03-13T06:50:00.752+0000] {dagbag.py:540} INFO - Filling up the DagBag from /home/airflow/.local/lib/python3.8/site-packages/airflow/example_dags/example_python_operator.py
[2024-03-13T06:50:00.760+0000] {processor.py:840} INFO - DAG(s) 'example_python_operator' retrieved from /home/airflow/.local/lib/python3.8/site-packages/airflow/example_dags/example_python_operator.py
[2024-03-13T06:50:00.777+0000] {logging_mixin.py:188} INFO - [2024-03-13T06:50:00.777+0000] {dag.py:3047} INFO - Sync 1 DAGs
[2024-03-13T06:50:00.787+0000] {logging_mixin.py:188} INFO - [2024-03-13T06:50:00.787+0000] {dag.py:3834} INFO - Setting next_dagrun for example_python_operator to None, run_after=None
[2024-03-13T06:50:00.803+0000] {processor.py:183} INFO - Processing /home/airflow/.local/lib/python3.8/site-packages/airflow/example_dags/example_python_operator.py took 0.055 seconds
[2024-03-13T06:50:30.953+0000] {processor.py:161} INFO - Started process (PID=1599) to work on /home/airflow/.local/lib/python3.8/site-packages/airflow/example_dags/example_python_operator.py
[2024-03-13T06:50:30.954+0000] {processor.py:830} INFO - Processing file /home/airflow/.local/lib/python3.8/site-packages/airflow/example_dags/example_python_operator.py for tasks to queue
[2024-03-13T06:50:30.955+0000] {logging_mixin.py:188} INFO - [2024-03-13T06:50:30.955+0000] {dagbag.py:540} INFO - Filling up the DagBag from /home/airflow/.local/lib/python3.8/site-packages/airflow/example_dags/example_python_operator.py
[2024-03-13T06:50:30.962+0000] {processor.py:840} INFO - DAG(s) 'example_python_operator' retrieved from /home/airflow/.local/lib/python3.8/site-packages/airflow/example_dags/example_python_operator.py
[2024-03-13T06:50:30.979+0000] {logging_mixin.py:188} INFO - [2024-03-13T06:50:30.979+0000] {dag.py:3047} INFO - Sync 1 DAGs
[2024-03-13T06:50:30.989+0000] {logging_mixin.py:188} INFO - [2024-03-13T06:50:30.989+0000] {dag.py:3834} INFO - Setting next_dagrun for example_python_operator to None, run_after=None
[2024-03-13T06:50:31.006+0000] {processor.py:183} INFO - Processing /home/airflow/.local/lib/python3.8/site-packages/airflow/example_dags/example_python_operator.py took 0.055 seconds
[2024-03-13T06:51:01.245+0000] {processor.py:161} INFO - Started process (PID=1659) to work on /home/airflow/.local/lib/python3.8/site-packages/airflow/example_dags/example_python_operator.py
[2024-03-13T06:51:01.246+0000] {processor.py:830} INFO - Processing file /home/airflow/.local/lib/python3.8/site-packages/airflow/example_dags/example_python_operator.py for tasks to queue
[2024-03-13T06:51:01.247+0000] {logging_mixin.py:188} INFO - [2024-03-13T06:51:01.247+0000] {dagbag.py:540} INFO - Filling up the DagBag from /home/airflow/.local/lib/python3.8/site-packages/airflow/example_dags/example_python_operator.py
[2024-03-13T06:51:01.255+0000] {processor.py:840} INFO - DAG(s) 'example_python_operator' retrieved from /home/airflow/.local/lib/python3.8/site-packages/airflow/example_dags/example_python_operator.py
[2024-03-13T06:51:01.273+0000] {logging_mixin.py:188} INFO - [2024-03-13T06:51:01.273+0000] {dag.py:3047} INFO - Sync 1 DAGs
[2024-03-13T06:51:01.283+0000] {logging_mixin.py:188} INFO - [2024-03-13T06:51:01.282+0000] {dag.py:3834} INFO - Setting next_dagrun for example_python_operator to None, run_after=None
[2024-03-13T06:51:01.299+0000] {processor.py:183} INFO - Processing /home/airflow/.local/lib/python3.8/site-packages/airflow/example_dags/example_python_operator.py took 0.056 seconds
[2024-03-13T06:52:19.855+0000] {processor.py:161} INFO - Started process (PID=74) to work on /home/airflow/.local/lib/python3.8/site-packages/airflow/example_dags/example_python_operator.py
[2024-03-13T06:52:19.856+0000] {processor.py:830} INFO - Processing file /home/airflow/.local/lib/python3.8/site-packages/airflow/example_dags/example_python_operator.py for tasks to queue
[2024-03-13T06:52:19.858+0000] {logging_mixin.py:188} INFO - [2024-03-13T06:52:19.858+0000] {dagbag.py:540} INFO - Filling up the DagBag from /home/airflow/.local/lib/python3.8/site-packages/airflow/example_dags/example_python_operator.py
[2024-03-13T06:52:19.869+0000] {processor.py:840} INFO - DAG(s) 'example_python_operator' retrieved from /home/airflow/.local/lib/python3.8/site-packages/airflow/example_dags/example_python_operator.py
[2024-03-13T06:52:19.882+0000] {logging_mixin.py:188} INFO - [2024-03-13T06:52:19.882+0000] {dag.py:3047} INFO - Sync 1 DAGs
[2024-03-13T06:52:19.894+0000] {logging_mixin.py:188} INFO - [2024-03-13T06:52:19.894+0000] {dag.py:3834} INFO - Setting next_dagrun for example_python_operator to None, run_after=None
[2024-03-13T06:52:19.915+0000] {processor.py:183} INFO - Processing /home/airflow/.local/lib/python3.8/site-packages/airflow/example_dags/example_python_operator.py took 0.063 seconds
[2024-03-13T06:52:51.219+0000] {processor.py:161} INFO - Started process (PID=130) to work on /home/airflow/.local/lib/python3.8/site-packages/airflow/example_dags/example_python_operator.py
[2024-03-13T06:52:51.220+0000] {processor.py:830} INFO - Processing file /home/airflow/.local/lib/python3.8/site-packages/airflow/example_dags/example_python_operator.py for tasks to queue
[2024-03-13T06:52:51.221+0000] {logging_mixin.py:188} INFO - [2024-03-13T06:52:51.221+0000] {dagbag.py:540} INFO - Filling up the DagBag from /home/airflow/.local/lib/python3.8/site-packages/airflow/example_dags/example_python_operator.py
[2024-03-13T06:52:51.229+0000] {processor.py:840} INFO - DAG(s) 'example_python_operator' retrieved from /home/airflow/.local/lib/python3.8/site-packages/airflow/example_dags/example_python_operator.py
[2024-03-13T06:52:51.301+0000] {logging_mixin.py:188} INFO - [2024-03-13T06:52:51.300+0000] {dag.py:3047} INFO - Sync 1 DAGs
[2024-03-13T06:52:51.308+0000] {logging_mixin.py:188} INFO - [2024-03-13T06:52:51.307+0000] {dag.py:3834} INFO - Setting next_dagrun for example_python_operator to None, run_after=None
[2024-03-13T06:52:51.326+0000] {processor.py:183} INFO - Processing /home/airflow/.local/lib/python3.8/site-packages/airflow/example_dags/example_python_operator.py took 0.110 seconds
[2024-03-13T06:53:22.178+0000] {processor.py:161} INFO - Started process (PID=186) to work on /home/airflow/.local/lib/python3.8/site-packages/airflow/example_dags/example_python_operator.py
[2024-03-13T06:53:22.179+0000] {processor.py:830} INFO - Processing file /home/airflow/.local/lib/python3.8/site-packages/airflow/example_dags/example_python_operator.py for tasks to queue
[2024-03-13T06:53:22.180+0000] {logging_mixin.py:188} INFO - [2024-03-13T06:53:22.180+0000] {dagbag.py:540} INFO - Filling up the DagBag from /home/airflow/.local/lib/python3.8/site-packages/airflow/example_dags/example_python_operator.py
[2024-03-13T06:53:22.189+0000] {processor.py:840} INFO - DAG(s) 'example_python_operator' retrieved from /home/airflow/.local/lib/python3.8/site-packages/airflow/example_dags/example_python_operator.py
[2024-03-13T06:53:22.208+0000] {logging_mixin.py:188} INFO - [2024-03-13T06:53:22.207+0000] {dag.py:3047} INFO - Sync 1 DAGs
[2024-03-13T06:53:22.217+0000] {logging_mixin.py:188} INFO - [2024-03-13T06:53:22.216+0000] {dag.py:3834} INFO - Setting next_dagrun for example_python_operator to None, run_after=None
[2024-03-13T06:53:22.234+0000] {processor.py:183} INFO - Processing /home/airflow/.local/lib/python3.8/site-packages/airflow/example_dags/example_python_operator.py took 0.059 seconds
[2024-03-13T06:53:52.575+0000] {processor.py:161} INFO - Started process (PID=242) to work on /home/airflow/.local/lib/python3.8/site-packages/airflow/example_dags/example_python_operator.py
[2024-03-13T06:53:52.576+0000] {processor.py:830} INFO - Processing file /home/airflow/.local/lib/python3.8/site-packages/airflow/example_dags/example_python_operator.py for tasks to queue
[2024-03-13T06:53:52.577+0000] {logging_mixin.py:188} INFO - [2024-03-13T06:53:52.577+0000] {dagbag.py:540} INFO - Filling up the DagBag from /home/airflow/.local/lib/python3.8/site-packages/airflow/example_dags/example_python_operator.py
[2024-03-13T06:53:52.585+0000] {processor.py:840} INFO - DAG(s) 'example_python_operator' retrieved from /home/airflow/.local/lib/python3.8/site-packages/airflow/example_dags/example_python_operator.py
[2024-03-13T06:53:52.604+0000] {logging_mixin.py:188} INFO - [2024-03-13T06:53:52.603+0000] {dag.py:3047} INFO - Sync 1 DAGs
[2024-03-13T06:53:52.614+0000] {logging_mixin.py:188} INFO - [2024-03-13T06:53:52.614+0000] {dag.py:3834} INFO - Setting next_dagrun for example_python_operator to None, run_after=None
[2024-03-13T06:53:52.630+0000] {processor.py:183} INFO - Processing /home/airflow/.local/lib/python3.8/site-packages/airflow/example_dags/example_python_operator.py took 0.057 seconds
[2024-03-13T06:54:22.886+0000] {processor.py:161} INFO - Started process (PID=297) to work on /home/airflow/.local/lib/python3.8/site-packages/airflow/example_dags/example_python_operator.py
[2024-03-13T06:54:22.887+0000] {processor.py:830} INFO - Processing file /home/airflow/.local/lib/python3.8/site-packages/airflow/example_dags/example_python_operator.py for tasks to queue
[2024-03-13T06:54:22.889+0000] {logging_mixin.py:188} INFO - [2024-03-13T06:54:22.888+0000] {dagbag.py:540} INFO - Filling up the DagBag from /home/airflow/.local/lib/python3.8/site-packages/airflow/example_dags/example_python_operator.py
[2024-03-13T06:54:22.897+0000] {processor.py:840} INFO - DAG(s) 'example_python_operator' retrieved from /home/airflow/.local/lib/python3.8/site-packages/airflow/example_dags/example_python_operator.py
[2024-03-13T06:54:22.913+0000] {logging_mixin.py:188} INFO - [2024-03-13T06:54:22.913+0000] {dag.py:3047} INFO - Sync 1 DAGs
[2024-03-13T06:54:22.922+0000] {logging_mixin.py:188} INFO - [2024-03-13T06:54:22.922+0000] {dag.py:3834} INFO - Setting next_dagrun for example_python_operator to None, run_after=None
[2024-03-13T06:54:22.937+0000] {processor.py:183} INFO - Processing /home/airflow/.local/lib/python3.8/site-packages/airflow/example_dags/example_python_operator.py took 0.053 seconds
[2024-03-13T06:54:53.507+0000] {processor.py:161} INFO - Started process (PID=353) to work on /home/airflow/.local/lib/python3.8/site-packages/airflow/example_dags/example_python_operator.py
[2024-03-13T06:54:53.508+0000] {processor.py:830} INFO - Processing file /home/airflow/.local/lib/python3.8/site-packages/airflow/example_dags/example_python_operator.py for tasks to queue
[2024-03-13T06:54:53.510+0000] {logging_mixin.py:188} INFO - [2024-03-13T06:54:53.510+0000] {dagbag.py:540} INFO - Filling up the DagBag from /home/airflow/.local/lib/python3.8/site-packages/airflow/example_dags/example_python_operator.py
[2024-03-13T06:54:53.521+0000] {processor.py:840} INFO - DAG(s) 'example_python_operator' retrieved from /home/airflow/.local/lib/python3.8/site-packages/airflow/example_dags/example_python_operator.py
[2024-03-13T06:54:53.543+0000] {logging_mixin.py:188} INFO - [2024-03-13T06:54:53.543+0000] {dag.py:3047} INFO - Sync 1 DAGs
[2024-03-13T06:54:53.554+0000] {logging_mixin.py:188} INFO - [2024-03-13T06:54:53.554+0000] {dag.py:3834} INFO - Setting next_dagrun for example_python_operator to None, run_after=None
[2024-03-13T06:54:53.582+0000] {processor.py:183} INFO - Processing /home/airflow/.local/lib/python3.8/site-packages/airflow/example_dags/example_python_operator.py took 0.077 seconds
[2024-03-13T06:55:24.380+0000] {processor.py:161} INFO - Started process (PID=409) to work on /home/airflow/.local/lib/python3.8/site-packages/airflow/example_dags/example_python_operator.py
[2024-03-13T06:55:24.381+0000] {processor.py:830} INFO - Processing file /home/airflow/.local/lib/python3.8/site-packages/airflow/example_dags/example_python_operator.py for tasks to queue
[2024-03-13T06:55:24.382+0000] {logging_mixin.py:188} INFO - [2024-03-13T06:55:24.382+0000] {dagbag.py:540} INFO - Filling up the DagBag from /home/airflow/.local/lib/python3.8/site-packages/airflow/example_dags/example_python_operator.py
[2024-03-13T06:55:24.392+0000] {processor.py:840} INFO - DAG(s) 'example_python_operator' retrieved from /home/airflow/.local/lib/python3.8/site-packages/airflow/example_dags/example_python_operator.py
[2024-03-13T06:55:24.413+0000] {logging_mixin.py:188} INFO - [2024-03-13T06:55:24.413+0000] {dag.py:3047} INFO - Sync 1 DAGs
[2024-03-13T06:55:24.424+0000] {logging_mixin.py:188} INFO - [2024-03-13T06:55:24.424+0000] {dag.py:3834} INFO - Setting next_dagrun for example_python_operator to None, run_after=None
[2024-03-13T06:55:24.444+0000] {processor.py:183} INFO - Processing /home/airflow/.local/lib/python3.8/site-packages/airflow/example_dags/example_python_operator.py took 0.068 seconds
[2024-03-13T06:55:55.023+0000] {processor.py:161} INFO - Started process (PID=466) to work on /home/airflow/.local/lib/python3.8/site-packages/airflow/example_dags/example_python_operator.py
[2024-03-13T06:55:55.024+0000] {processor.py:830} INFO - Processing file /home/airflow/.local/lib/python3.8/site-packages/airflow/example_dags/example_python_operator.py for tasks to queue
[2024-03-13T06:55:55.026+0000] {logging_mixin.py:188} INFO - [2024-03-13T06:55:55.025+0000] {dagbag.py:540} INFO - Filling up the DagBag from /home/airflow/.local/lib/python3.8/site-packages/airflow/example_dags/example_python_operator.py
[2024-03-13T06:55:55.033+0000] {processor.py:840} INFO - DAG(s) 'example_python_operator' retrieved from /home/airflow/.local/lib/python3.8/site-packages/airflow/example_dags/example_python_operator.py
[2024-03-13T06:55:55.049+0000] {logging_mixin.py:188} INFO - [2024-03-13T06:55:55.049+0000] {dag.py:3047} INFO - Sync 1 DAGs
[2024-03-13T06:55:55.058+0000] {logging_mixin.py:188} INFO - [2024-03-13T06:55:55.058+0000] {dag.py:3834} INFO - Setting next_dagrun for example_python_operator to None, run_after=None
[2024-03-13T06:55:55.074+0000] {processor.py:183} INFO - Processing /home/airflow/.local/lib/python3.8/site-packages/airflow/example_dags/example_python_operator.py took 0.054 seconds
[2024-03-13T06:56:25.864+0000] {processor.py:161} INFO - Started process (PID=523) to work on /home/airflow/.local/lib/python3.8/site-packages/airflow/example_dags/example_python_operator.py
[2024-03-13T06:56:25.865+0000] {processor.py:830} INFO - Processing file /home/airflow/.local/lib/python3.8/site-packages/airflow/example_dags/example_python_operator.py for tasks to queue
[2024-03-13T06:56:25.867+0000] {logging_mixin.py:188} INFO - [2024-03-13T06:56:25.866+0000] {dagbag.py:540} INFO - Filling up the DagBag from /home/airflow/.local/lib/python3.8/site-packages/airflow/example_dags/example_python_operator.py
[2024-03-13T06:56:25.876+0000] {processor.py:840} INFO - DAG(s) 'example_python_operator' retrieved from /home/airflow/.local/lib/python3.8/site-packages/airflow/example_dags/example_python_operator.py
[2024-03-13T06:56:25.894+0000] {logging_mixin.py:188} INFO - [2024-03-13T06:56:25.893+0000] {dag.py:3047} INFO - Sync 1 DAGs
[2024-03-13T06:56:25.903+0000] {logging_mixin.py:188} INFO - [2024-03-13T06:56:25.903+0000] {dag.py:3834} INFO - Setting next_dagrun for example_python_operator to None, run_after=None
[2024-03-13T06:56:25.920+0000] {processor.py:183} INFO - Processing /home/airflow/.local/lib/python3.8/site-packages/airflow/example_dags/example_python_operator.py took 0.059 seconds
[2024-03-13T07:02:13.536+0000] {processor.py:161} INFO - Started process (PID=74) to work on /home/airflow/.local/lib/python3.8/site-packages/airflow/example_dags/example_python_operator.py
[2024-03-13T07:02:13.538+0000] {processor.py:830} INFO - Processing file /home/airflow/.local/lib/python3.8/site-packages/airflow/example_dags/example_python_operator.py for tasks to queue
[2024-03-13T07:02:13.540+0000] {logging_mixin.py:188} INFO - [2024-03-13T07:02:13.539+0000] {dagbag.py:540} INFO - Filling up the DagBag from /home/airflow/.local/lib/python3.8/site-packages/airflow/example_dags/example_python_operator.py
[2024-03-13T07:02:13.550+0000] {processor.py:840} INFO - DAG(s) 'example_python_operator' retrieved from /home/airflow/.local/lib/python3.8/site-packages/airflow/example_dags/example_python_operator.py
[2024-03-13T07:02:13.562+0000] {logging_mixin.py:188} INFO - [2024-03-13T07:02:13.561+0000] {dag.py:3047} INFO - Sync 1 DAGs
[2024-03-13T07:02:13.582+0000] {logging_mixin.py:188} INFO - [2024-03-13T07:02:13.582+0000] {dag.py:3834} INFO - Setting next_dagrun for example_python_operator to None, run_after=None
[2024-03-13T07:02:13.611+0000] {processor.py:183} INFO - Processing /home/airflow/.local/lib/python3.8/site-packages/airflow/example_dags/example_python_operator.py took 0.078 seconds
[2024-03-13T07:02:44.851+0000] {processor.py:161} INFO - Started process (PID=131) to work on /home/airflow/.local/lib/python3.8/site-packages/airflow/example_dags/example_python_operator.py
[2024-03-13T07:02:44.852+0000] {processor.py:830} INFO - Processing file /home/airflow/.local/lib/python3.8/site-packages/airflow/example_dags/example_python_operator.py for tasks to queue
[2024-03-13T07:02:44.854+0000] {logging_mixin.py:188} INFO - [2024-03-13T07:02:44.853+0000] {dagbag.py:540} INFO - Filling up the DagBag from /home/airflow/.local/lib/python3.8/site-packages/airflow/example_dags/example_python_operator.py
[2024-03-13T07:02:44.861+0000] {processor.py:840} INFO - DAG(s) 'example_python_operator' retrieved from /home/airflow/.local/lib/python3.8/site-packages/airflow/example_dags/example_python_operator.py
[2024-03-13T07:02:44.937+0000] {logging_mixin.py:188} INFO - [2024-03-13T07:02:44.936+0000] {dag.py:3047} INFO - Sync 1 DAGs
[2024-03-13T07:02:44.947+0000] {logging_mixin.py:188} INFO - [2024-03-13T07:02:44.947+0000] {dag.py:3834} INFO - Setting next_dagrun for example_python_operator to None, run_after=None
[2024-03-13T07:02:44.963+0000] {processor.py:183} INFO - Processing /home/airflow/.local/lib/python3.8/site-packages/airflow/example_dags/example_python_operator.py took 0.115 seconds
[2024-03-13T07:03:15.674+0000] {processor.py:161} INFO - Started process (PID=187) to work on /home/airflow/.local/lib/python3.8/site-packages/airflow/example_dags/example_python_operator.py
[2024-03-13T07:03:15.675+0000] {processor.py:830} INFO - Processing file /home/airflow/.local/lib/python3.8/site-packages/airflow/example_dags/example_python_operator.py for tasks to queue
[2024-03-13T07:03:15.676+0000] {logging_mixin.py:188} INFO - [2024-03-13T07:03:15.676+0000] {dagbag.py:540} INFO - Filling up the DagBag from /home/airflow/.local/lib/python3.8/site-packages/airflow/example_dags/example_python_operator.py
[2024-03-13T07:03:15.684+0000] {processor.py:840} INFO - DAG(s) 'example_python_operator' retrieved from /home/airflow/.local/lib/python3.8/site-packages/airflow/example_dags/example_python_operator.py
[2024-03-13T07:03:15.701+0000] {logging_mixin.py:188} INFO - [2024-03-13T07:03:15.701+0000] {dag.py:3047} INFO - Sync 1 DAGs
[2024-03-13T07:03:15.711+0000] {logging_mixin.py:188} INFO - [2024-03-13T07:03:15.710+0000] {dag.py:3834} INFO - Setting next_dagrun for example_python_operator to None, run_after=None
[2024-03-13T07:03:15.727+0000] {processor.py:183} INFO - Processing /home/airflow/.local/lib/python3.8/site-packages/airflow/example_dags/example_python_operator.py took 0.056 seconds
[2024-03-13T07:03:46.024+0000] {processor.py:161} INFO - Started process (PID=243) to work on /home/airflow/.local/lib/python3.8/site-packages/airflow/example_dags/example_python_operator.py
[2024-03-13T07:03:46.025+0000] {processor.py:830} INFO - Processing file /home/airflow/.local/lib/python3.8/site-packages/airflow/example_dags/example_python_operator.py for tasks to queue
[2024-03-13T07:03:46.026+0000] {logging_mixin.py:188} INFO - [2024-03-13T07:03:46.026+0000] {dagbag.py:540} INFO - Filling up the DagBag from /home/airflow/.local/lib/python3.8/site-packages/airflow/example_dags/example_python_operator.py
[2024-03-13T07:03:46.034+0000] {processor.py:840} INFO - DAG(s) 'example_python_operator' retrieved from /home/airflow/.local/lib/python3.8/site-packages/airflow/example_dags/example_python_operator.py
[2024-03-13T07:03:46.051+0000] {logging_mixin.py:188} INFO - [2024-03-13T07:03:46.050+0000] {dag.py:3047} INFO - Sync 1 DAGs
[2024-03-13T07:03:46.061+0000] {logging_mixin.py:188} INFO - [2024-03-13T07:03:46.060+0000] {dag.py:3834} INFO - Setting next_dagrun for example_python_operator to None, run_after=None
[2024-03-13T07:03:46.077+0000] {processor.py:183} INFO - Processing /home/airflow/.local/lib/python3.8/site-packages/airflow/example_dags/example_python_operator.py took 0.055 seconds
[2024-03-13T07:04:16.577+0000] {processor.py:161} INFO - Started process (PID=299) to work on /home/airflow/.local/lib/python3.8/site-packages/airflow/example_dags/example_python_operator.py
[2024-03-13T07:04:16.578+0000] {processor.py:830} INFO - Processing file /home/airflow/.local/lib/python3.8/site-packages/airflow/example_dags/example_python_operator.py for tasks to queue
[2024-03-13T07:04:16.580+0000] {logging_mixin.py:188} INFO - [2024-03-13T07:04:16.579+0000] {dagbag.py:540} INFO - Filling up the DagBag from /home/airflow/.local/lib/python3.8/site-packages/airflow/example_dags/example_python_operator.py
[2024-03-13T07:04:16.588+0000] {processor.py:840} INFO - DAG(s) 'example_python_operator' retrieved from /home/airflow/.local/lib/python3.8/site-packages/airflow/example_dags/example_python_operator.py
[2024-03-13T07:04:16.605+0000] {logging_mixin.py:188} INFO - [2024-03-13T07:04:16.604+0000] {dag.py:3047} INFO - Sync 1 DAGs
[2024-03-13T07:04:16.613+0000] {logging_mixin.py:188} INFO - [2024-03-13T07:04:16.613+0000] {dag.py:3834} INFO - Setting next_dagrun for example_python_operator to None, run_after=None
[2024-03-13T07:04:16.631+0000] {processor.py:183} INFO - Processing /home/airflow/.local/lib/python3.8/site-packages/airflow/example_dags/example_python_operator.py took 0.057 seconds
[2024-03-13T07:04:46.940+0000] {processor.py:161} INFO - Started process (PID=355) to work on /home/airflow/.local/lib/python3.8/site-packages/airflow/example_dags/example_python_operator.py
[2024-03-13T07:04:46.941+0000] {processor.py:830} INFO - Processing file /home/airflow/.local/lib/python3.8/site-packages/airflow/example_dags/example_python_operator.py for tasks to queue
[2024-03-13T07:04:46.942+0000] {logging_mixin.py:188} INFO - [2024-03-13T07:04:46.942+0000] {dagbag.py:540} INFO - Filling up the DagBag from /home/airflow/.local/lib/python3.8/site-packages/airflow/example_dags/example_python_operator.py
[2024-03-13T07:04:46.951+0000] {processor.py:840} INFO - DAG(s) 'example_python_operator' retrieved from /home/airflow/.local/lib/python3.8/site-packages/airflow/example_dags/example_python_operator.py
[2024-03-13T07:04:46.967+0000] {logging_mixin.py:188} INFO - [2024-03-13T07:04:46.966+0000] {dag.py:3047} INFO - Sync 1 DAGs
[2024-03-13T07:04:46.975+0000] {logging_mixin.py:188} INFO - [2024-03-13T07:04:46.975+0000] {dag.py:3834} INFO - Setting next_dagrun for example_python_operator to None, run_after=None
[2024-03-13T07:04:46.993+0000] {processor.py:183} INFO - Processing /home/airflow/.local/lib/python3.8/site-packages/airflow/example_dags/example_python_operator.py took 0.057 seconds
[2024-03-13T07:05:17.448+0000] {processor.py:161} INFO - Started process (PID=411) to work on /home/airflow/.local/lib/python3.8/site-packages/airflow/example_dags/example_python_operator.py
[2024-03-13T07:05:17.449+0000] {processor.py:830} INFO - Processing file /home/airflow/.local/lib/python3.8/site-packages/airflow/example_dags/example_python_operator.py for tasks to queue
[2024-03-13T07:05:17.450+0000] {logging_mixin.py:188} INFO - [2024-03-13T07:05:17.450+0000] {dagbag.py:540} INFO - Filling up the DagBag from /home/airflow/.local/lib/python3.8/site-packages/airflow/example_dags/example_python_operator.py
[2024-03-13T07:05:17.458+0000] {processor.py:840} INFO - DAG(s) 'example_python_operator' retrieved from /home/airflow/.local/lib/python3.8/site-packages/airflow/example_dags/example_python_operator.py
[2024-03-13T07:05:17.473+0000] {logging_mixin.py:188} INFO - [2024-03-13T07:05:17.473+0000] {dag.py:3047} INFO - Sync 1 DAGs
[2024-03-13T07:05:17.483+0000] {logging_mixin.py:188} INFO - [2024-03-13T07:05:17.482+0000] {dag.py:3834} INFO - Setting next_dagrun for example_python_operator to None, run_after=None
[2024-03-13T07:05:17.499+0000] {processor.py:183} INFO - Processing /home/airflow/.local/lib/python3.8/site-packages/airflow/example_dags/example_python_operator.py took 0.053 seconds
[2024-03-13T07:05:47.612+0000] {processor.py:161} INFO - Started process (PID=467) to work on /home/airflow/.local/lib/python3.8/site-packages/airflow/example_dags/example_python_operator.py
[2024-03-13T07:05:47.613+0000] {processor.py:830} INFO - Processing file /home/airflow/.local/lib/python3.8/site-packages/airflow/example_dags/example_python_operator.py for tasks to queue
[2024-03-13T07:05:47.615+0000] {logging_mixin.py:188} INFO - [2024-03-13T07:05:47.614+0000] {dagbag.py:540} INFO - Filling up the DagBag from /home/airflow/.local/lib/python3.8/site-packages/airflow/example_dags/example_python_operator.py
[2024-03-13T07:05:47.622+0000] {processor.py:840} INFO - DAG(s) 'example_python_operator' retrieved from /home/airflow/.local/lib/python3.8/site-packages/airflow/example_dags/example_python_operator.py
[2024-03-13T07:05:47.639+0000] {logging_mixin.py:188} INFO - [2024-03-13T07:05:47.638+0000] {dag.py:3047} INFO - Sync 1 DAGs
[2024-03-13T07:05:47.648+0000] {logging_mixin.py:188} INFO - [2024-03-13T07:05:47.648+0000] {dag.py:3834} INFO - Setting next_dagrun for example_python_operator to None, run_after=None
[2024-03-13T07:05:47.665+0000] {processor.py:183} INFO - Processing /home/airflow/.local/lib/python3.8/site-packages/airflow/example_dags/example_python_operator.py took 0.055 seconds
[2024-03-13T07:06:18.111+0000] {processor.py:161} INFO - Started process (PID=523) to work on /home/airflow/.local/lib/python3.8/site-packages/airflow/example_dags/example_python_operator.py
[2024-03-13T07:06:18.112+0000] {processor.py:830} INFO - Processing file /home/airflow/.local/lib/python3.8/site-packages/airflow/example_dags/example_python_operator.py for tasks to queue
[2024-03-13T07:06:18.114+0000] {logging_mixin.py:188} INFO - [2024-03-13T07:06:18.114+0000] {dagbag.py:540} INFO - Filling up the DagBag from /home/airflow/.local/lib/python3.8/site-packages/airflow/example_dags/example_python_operator.py
[2024-03-13T07:06:18.121+0000] {processor.py:840} INFO - DAG(s) 'example_python_operator' retrieved from /home/airflow/.local/lib/python3.8/site-packages/airflow/example_dags/example_python_operator.py
[2024-03-13T07:06:18.138+0000] {logging_mixin.py:188} INFO - [2024-03-13T07:06:18.138+0000] {dag.py:3047} INFO - Sync 1 DAGs
[2024-03-13T07:06:18.147+0000] {logging_mixin.py:188} INFO - [2024-03-13T07:06:18.147+0000] {dag.py:3834} INFO - Setting next_dagrun for example_python_operator to None, run_after=None
[2024-03-13T07:06:18.161+0000] {processor.py:183} INFO - Processing /home/airflow/.local/lib/python3.8/site-packages/airflow/example_dags/example_python_operator.py took 0.052 seconds
[2024-03-13T07:06:48.522+0000] {processor.py:161} INFO - Started process (PID=579) to work on /home/airflow/.local/lib/python3.8/site-packages/airflow/example_dags/example_python_operator.py
[2024-03-13T07:06:48.523+0000] {processor.py:830} INFO - Processing file /home/airflow/.local/lib/python3.8/site-packages/airflow/example_dags/example_python_operator.py for tasks to queue
[2024-03-13T07:06:48.525+0000] {logging_mixin.py:188} INFO - [2024-03-13T07:06:48.525+0000] {dagbag.py:540} INFO - Filling up the DagBag from /home/airflow/.local/lib/python3.8/site-packages/airflow/example_dags/example_python_operator.py
[2024-03-13T07:06:48.532+0000] {processor.py:840} INFO - DAG(s) 'example_python_operator' retrieved from /home/airflow/.local/lib/python3.8/site-packages/airflow/example_dags/example_python_operator.py
[2024-03-13T07:06:48.549+0000] {logging_mixin.py:188} INFO - [2024-03-13T07:06:48.549+0000] {dag.py:3047} INFO - Sync 1 DAGs
[2024-03-13T07:06:48.559+0000] {logging_mixin.py:188} INFO - [2024-03-13T07:06:48.558+0000] {dag.py:3834} INFO - Setting next_dagrun for example_python_operator to None, run_after=None
[2024-03-13T07:06:48.573+0000] {processor.py:183} INFO - Processing /home/airflow/.local/lib/python3.8/site-packages/airflow/example_dags/example_python_operator.py took 0.053 seconds
[2024-03-13T07:09:30.741+0000] {processor.py:161} INFO - Started process (PID=75) to work on /home/airflow/.local/lib/python3.8/site-packages/airflow/example_dags/example_python_operator.py
[2024-03-13T07:09:30.742+0000] {processor.py:830} INFO - Processing file /home/airflow/.local/lib/python3.8/site-packages/airflow/example_dags/example_python_operator.py for tasks to queue
[2024-03-13T07:09:30.744+0000] {logging_mixin.py:188} INFO - [2024-03-13T07:09:30.743+0000] {dagbag.py:540} INFO - Filling up the DagBag from /home/airflow/.local/lib/python3.8/site-packages/airflow/example_dags/example_python_operator.py
[2024-03-13T07:09:30.753+0000] {processor.py:840} INFO - DAG(s) 'example_python_operator' retrieved from /home/airflow/.local/lib/python3.8/site-packages/airflow/example_dags/example_python_operator.py
[2024-03-13T07:09:30.763+0000] {logging_mixin.py:188} INFO - [2024-03-13T07:09:30.763+0000] {dag.py:3047} INFO - Sync 1 DAGs
[2024-03-13T07:09:30.776+0000] {logging_mixin.py:188} INFO - [2024-03-13T07:09:30.776+0000] {dag.py:3834} INFO - Setting next_dagrun for example_python_operator to None, run_after=None
[2024-03-13T07:09:30.797+0000] {processor.py:183} INFO - Processing /home/airflow/.local/lib/python3.8/site-packages/airflow/example_dags/example_python_operator.py took 0.059 seconds
[2024-03-13T07:10:02.055+0000] {processor.py:161} INFO - Started process (PID=131) to work on /home/airflow/.local/lib/python3.8/site-packages/airflow/example_dags/example_python_operator.py
[2024-03-13T07:10:02.056+0000] {processor.py:830} INFO - Processing file /home/airflow/.local/lib/python3.8/site-packages/airflow/example_dags/example_python_operator.py for tasks to queue
[2024-03-13T07:10:02.058+0000] {logging_mixin.py:188} INFO - [2024-03-13T07:10:02.057+0000] {dagbag.py:540} INFO - Filling up the DagBag from /home/airflow/.local/lib/python3.8/site-packages/airflow/example_dags/example_python_operator.py
[2024-03-13T07:10:02.066+0000] {processor.py:840} INFO - DAG(s) 'example_python_operator' retrieved from /home/airflow/.local/lib/python3.8/site-packages/airflow/example_dags/example_python_operator.py
[2024-03-13T07:10:02.135+0000] {logging_mixin.py:188} INFO - [2024-03-13T07:10:02.135+0000] {dag.py:3047} INFO - Sync 1 DAGs
[2024-03-13T07:10:02.142+0000] {logging_mixin.py:188} INFO - [2024-03-13T07:10:02.142+0000] {dag.py:3834} INFO - Setting next_dagrun for example_python_operator to None, run_after=None
[2024-03-13T07:10:02.157+0000] {processor.py:183} INFO - Processing /home/airflow/.local/lib/python3.8/site-packages/airflow/example_dags/example_python_operator.py took 0.104 seconds
[2024-03-13T07:10:33.093+0000] {processor.py:161} INFO - Started process (PID=187) to work on /home/airflow/.local/lib/python3.8/site-packages/airflow/example_dags/example_python_operator.py
[2024-03-13T07:10:33.094+0000] {processor.py:830} INFO - Processing file /home/airflow/.local/lib/python3.8/site-packages/airflow/example_dags/example_python_operator.py for tasks to queue
[2024-03-13T07:10:33.095+0000] {logging_mixin.py:188} INFO - [2024-03-13T07:10:33.095+0000] {dagbag.py:540} INFO - Filling up the DagBag from /home/airflow/.local/lib/python3.8/site-packages/airflow/example_dags/example_python_operator.py
[2024-03-13T07:10:33.104+0000] {processor.py:840} INFO - DAG(s) 'example_python_operator' retrieved from /home/airflow/.local/lib/python3.8/site-packages/airflow/example_dags/example_python_operator.py
[2024-03-13T07:10:33.121+0000] {logging_mixin.py:188} INFO - [2024-03-13T07:10:33.120+0000] {dag.py:3047} INFO - Sync 1 DAGs
[2024-03-13T07:10:33.130+0000] {logging_mixin.py:188} INFO - [2024-03-13T07:10:33.130+0000] {dag.py:3834} INFO - Setting next_dagrun for example_python_operator to None, run_after=None
[2024-03-13T07:10:33.145+0000] {processor.py:183} INFO - Processing /home/airflow/.local/lib/python3.8/site-packages/airflow/example_dags/example_python_operator.py took 0.055 seconds
[2024-03-13T07:11:03.453+0000] {processor.py:161} INFO - Started process (PID=243) to work on /home/airflow/.local/lib/python3.8/site-packages/airflow/example_dags/example_python_operator.py
[2024-03-13T07:11:03.455+0000] {processor.py:830} INFO - Processing file /home/airflow/.local/lib/python3.8/site-packages/airflow/example_dags/example_python_operator.py for tasks to queue
[2024-03-13T07:11:03.457+0000] {logging_mixin.py:188} INFO - [2024-03-13T07:11:03.456+0000] {dagbag.py:540} INFO - Filling up the DagBag from /home/airflow/.local/lib/python3.8/site-packages/airflow/example_dags/example_python_operator.py
[2024-03-13T07:11:03.465+0000] {processor.py:840} INFO - DAG(s) 'example_python_operator' retrieved from /home/airflow/.local/lib/python3.8/site-packages/airflow/example_dags/example_python_operator.py
[2024-03-13T07:11:03.480+0000] {logging_mixin.py:188} INFO - [2024-03-13T07:11:03.480+0000] {dag.py:3047} INFO - Sync 1 DAGs
[2024-03-13T07:11:03.489+0000] {logging_mixin.py:188} INFO - [2024-03-13T07:11:03.489+0000] {dag.py:3834} INFO - Setting next_dagrun for example_python_operator to None, run_after=None
[2024-03-13T07:11:03.505+0000] {processor.py:183} INFO - Processing /home/airflow/.local/lib/python3.8/site-packages/airflow/example_dags/example_python_operator.py took 0.055 seconds
[2024-03-13T07:11:33.764+0000] {processor.py:161} INFO - Started process (PID=300) to work on /home/airflow/.local/lib/python3.8/site-packages/airflow/example_dags/example_python_operator.py
[2024-03-13T07:11:33.765+0000] {processor.py:830} INFO - Processing file /home/airflow/.local/lib/python3.8/site-packages/airflow/example_dags/example_python_operator.py for tasks to queue
[2024-03-13T07:11:33.767+0000] {logging_mixin.py:188} INFO - [2024-03-13T07:11:33.767+0000] {dagbag.py:540} INFO - Filling up the DagBag from /home/airflow/.local/lib/python3.8/site-packages/airflow/example_dags/example_python_operator.py
[2024-03-13T07:11:33.776+0000] {processor.py:840} INFO - DAG(s) 'example_python_operator' retrieved from /home/airflow/.local/lib/python3.8/site-packages/airflow/example_dags/example_python_operator.py
[2024-03-13T07:11:33.793+0000] {logging_mixin.py:188} INFO - [2024-03-13T07:11:33.793+0000] {dag.py:3047} INFO - Sync 1 DAGs
[2024-03-13T07:11:33.803+0000] {logging_mixin.py:188} INFO - [2024-03-13T07:11:33.803+0000] {dag.py:3834} INFO - Setting next_dagrun for example_python_operator to None, run_after=None
[2024-03-13T07:11:33.824+0000] {processor.py:183} INFO - Processing /home/airflow/.local/lib/python3.8/site-packages/airflow/example_dags/example_python_operator.py took 0.062 seconds
