[2024-03-13T06:40:21.645+0000] {processor.py:161} INFO - Started process (PID=460) to work on /home/airflow/.local/lib/python3.8/site-packages/airflow/example_dags/example_skip_dag.py
[2024-03-13T06:40:21.646+0000] {processor.py:830} INFO - Processing file /home/airflow/.local/lib/python3.8/site-packages/airflow/example_dags/example_skip_dag.py for tasks to queue
[2024-03-13T06:40:21.647+0000] {logging_mixin.py:188} INFO - [2024-03-13T06:40:21.647+0000] {dagbag.py:540} INFO - Filling up the DagBag from /home/airflow/.local/lib/python3.8/site-packages/airflow/example_dags/example_skip_dag.py
[2024-03-13T06:40:21.653+0000] {processor.py:840} INFO - DAG(s) 'example_skip_dag' retrieved from /home/airflow/.local/lib/python3.8/site-packages/airflow/example_dags/example_skip_dag.py
[2024-03-13T06:40:21.669+0000] {logging_mixin.py:188} INFO - [2024-03-13T06:40:21.668+0000] {dag.py:3047} INFO - Sync 1 DAGs
[2024-03-13T06:40:21.684+0000] {logging_mixin.py:188} INFO - [2024-03-13T06:40:21.684+0000] {dag.py:3834} INFO - Setting next_dagrun for example_skip_dag to 2024-03-12 00:00:00+00:00, run_after=2024-03-13 00:00:00+00:00
[2024-03-13T06:40:21.697+0000] {processor.py:183} INFO - Processing /home/airflow/.local/lib/python3.8/site-packages/airflow/example_dags/example_skip_dag.py took 0.055 seconds
[2024-03-13T06:40:52.016+0000] {processor.py:161} INFO - Started process (PID=516) to work on /home/airflow/.local/lib/python3.8/site-packages/airflow/example_dags/example_skip_dag.py
[2024-03-13T06:40:52.017+0000] {processor.py:830} INFO - Processing file /home/airflow/.local/lib/python3.8/site-packages/airflow/example_dags/example_skip_dag.py for tasks to queue
[2024-03-13T06:40:52.018+0000] {logging_mixin.py:188} INFO - [2024-03-13T06:40:52.017+0000] {dagbag.py:540} INFO - Filling up the DagBag from /home/airflow/.local/lib/python3.8/site-packages/airflow/example_dags/example_skip_dag.py
[2024-03-13T06:40:52.023+0000] {processor.py:840} INFO - DAG(s) 'example_skip_dag' retrieved from /home/airflow/.local/lib/python3.8/site-packages/airflow/example_dags/example_skip_dag.py
[2024-03-13T06:40:52.040+0000] {logging_mixin.py:188} INFO - [2024-03-13T06:40:52.039+0000] {dag.py:3047} INFO - Sync 1 DAGs
[2024-03-13T06:40:52.056+0000] {logging_mixin.py:188} INFO - [2024-03-13T06:40:52.056+0000] {dag.py:3834} INFO - Setting next_dagrun for example_skip_dag to 2024-03-12 00:00:00+00:00, run_after=2024-03-13 00:00:00+00:00
[2024-03-13T06:40:52.071+0000] {processor.py:183} INFO - Processing /home/airflow/.local/lib/python3.8/site-packages/airflow/example_dags/example_skip_dag.py took 0.057 seconds
[2024-03-13T06:41:22.616+0000] {processor.py:161} INFO - Started process (PID=572) to work on /home/airflow/.local/lib/python3.8/site-packages/airflow/example_dags/example_skip_dag.py
[2024-03-13T06:41:22.617+0000] {processor.py:830} INFO - Processing file /home/airflow/.local/lib/python3.8/site-packages/airflow/example_dags/example_skip_dag.py for tasks to queue
[2024-03-13T06:41:22.618+0000] {logging_mixin.py:188} INFO - [2024-03-13T06:41:22.618+0000] {dagbag.py:540} INFO - Filling up the DagBag from /home/airflow/.local/lib/python3.8/site-packages/airflow/example_dags/example_skip_dag.py
[2024-03-13T06:41:22.624+0000] {processor.py:840} INFO - DAG(s) 'example_skip_dag' retrieved from /home/airflow/.local/lib/python3.8/site-packages/airflow/example_dags/example_skip_dag.py
[2024-03-13T06:41:22.644+0000] {logging_mixin.py:188} INFO - [2024-03-13T06:41:22.644+0000] {dag.py:3047} INFO - Sync 1 DAGs
[2024-03-13T06:41:22.660+0000] {logging_mixin.py:188} INFO - [2024-03-13T06:41:22.660+0000] {dag.py:3834} INFO - Setting next_dagrun for example_skip_dag to 2024-03-12 00:00:00+00:00, run_after=2024-03-13 00:00:00+00:00
[2024-03-13T06:41:22.676+0000] {processor.py:183} INFO - Processing /home/airflow/.local/lib/python3.8/site-packages/airflow/example_dags/example_skip_dag.py took 0.062 seconds
[2024-03-13T06:41:53.260+0000] {processor.py:161} INFO - Started process (PID=628) to work on /home/airflow/.local/lib/python3.8/site-packages/airflow/example_dags/example_skip_dag.py
[2024-03-13T06:41:53.261+0000] {processor.py:830} INFO - Processing file /home/airflow/.local/lib/python3.8/site-packages/airflow/example_dags/example_skip_dag.py for tasks to queue
[2024-03-13T06:41:53.261+0000] {logging_mixin.py:188} INFO - [2024-03-13T06:41:53.261+0000] {dagbag.py:540} INFO - Filling up the DagBag from /home/airflow/.local/lib/python3.8/site-packages/airflow/example_dags/example_skip_dag.py
[2024-03-13T06:41:53.267+0000] {processor.py:840} INFO - DAG(s) 'example_skip_dag' retrieved from /home/airflow/.local/lib/python3.8/site-packages/airflow/example_dags/example_skip_dag.py
[2024-03-13T06:41:53.282+0000] {logging_mixin.py:188} INFO - [2024-03-13T06:41:53.282+0000] {dag.py:3047} INFO - Sync 1 DAGs
[2024-03-13T06:41:53.300+0000] {logging_mixin.py:188} INFO - [2024-03-13T06:41:53.300+0000] {dag.py:3834} INFO - Setting next_dagrun for example_skip_dag to 2024-03-12 00:00:00+00:00, run_after=2024-03-13 00:00:00+00:00
[2024-03-13T06:41:53.317+0000] {processor.py:183} INFO - Processing /home/airflow/.local/lib/python3.8/site-packages/airflow/example_dags/example_skip_dag.py took 0.059 seconds
[2024-03-13T06:42:23.508+0000] {processor.py:161} INFO - Started process (PID=684) to work on /home/airflow/.local/lib/python3.8/site-packages/airflow/example_dags/example_skip_dag.py
[2024-03-13T06:42:23.509+0000] {processor.py:830} INFO - Processing file /home/airflow/.local/lib/python3.8/site-packages/airflow/example_dags/example_skip_dag.py for tasks to queue
[2024-03-13T06:42:23.510+0000] {logging_mixin.py:188} INFO - [2024-03-13T06:42:23.509+0000] {dagbag.py:540} INFO - Filling up the DagBag from /home/airflow/.local/lib/python3.8/site-packages/airflow/example_dags/example_skip_dag.py
[2024-03-13T06:42:23.515+0000] {processor.py:840} INFO - DAG(s) 'example_skip_dag' retrieved from /home/airflow/.local/lib/python3.8/site-packages/airflow/example_dags/example_skip_dag.py
[2024-03-13T06:42:23.531+0000] {logging_mixin.py:188} INFO - [2024-03-13T06:42:23.531+0000] {dag.py:3047} INFO - Sync 1 DAGs
[2024-03-13T06:42:23.547+0000] {logging_mixin.py:188} INFO - [2024-03-13T06:42:23.546+0000] {dag.py:3834} INFO - Setting next_dagrun for example_skip_dag to 2024-03-12 00:00:00+00:00, run_after=2024-03-13 00:00:00+00:00
[2024-03-13T06:42:23.562+0000] {processor.py:183} INFO - Processing /home/airflow/.local/lib/python3.8/site-packages/airflow/example_dags/example_skip_dag.py took 0.057 seconds
[2024-03-13T06:42:53.771+0000] {processor.py:161} INFO - Started process (PID=740) to work on /home/airflow/.local/lib/python3.8/site-packages/airflow/example_dags/example_skip_dag.py
[2024-03-13T06:42:53.773+0000] {processor.py:830} INFO - Processing file /home/airflow/.local/lib/python3.8/site-packages/airflow/example_dags/example_skip_dag.py for tasks to queue
[2024-03-13T06:42:53.774+0000] {logging_mixin.py:188} INFO - [2024-03-13T06:42:53.773+0000] {dagbag.py:540} INFO - Filling up the DagBag from /home/airflow/.local/lib/python3.8/site-packages/airflow/example_dags/example_skip_dag.py
[2024-03-13T06:42:53.779+0000] {processor.py:840} INFO - DAG(s) 'example_skip_dag' retrieved from /home/airflow/.local/lib/python3.8/site-packages/airflow/example_dags/example_skip_dag.py
[2024-03-13T06:42:53.797+0000] {logging_mixin.py:188} INFO - [2024-03-13T06:42:53.797+0000] {dag.py:3047} INFO - Sync 1 DAGs
[2024-03-13T06:42:53.815+0000] {logging_mixin.py:188} INFO - [2024-03-13T06:42:53.815+0000] {dag.py:3834} INFO - Setting next_dagrun for example_skip_dag to 2024-03-12 00:00:00+00:00, run_after=2024-03-13 00:00:00+00:00
[2024-03-13T06:42:53.832+0000] {processor.py:183} INFO - Processing /home/airflow/.local/lib/python3.8/site-packages/airflow/example_dags/example_skip_dag.py took 0.063 seconds
[2024-03-13T06:43:24.168+0000] {processor.py:161} INFO - Started process (PID=796) to work on /home/airflow/.local/lib/python3.8/site-packages/airflow/example_dags/example_skip_dag.py
[2024-03-13T06:43:24.169+0000] {processor.py:830} INFO - Processing file /home/airflow/.local/lib/python3.8/site-packages/airflow/example_dags/example_skip_dag.py for tasks to queue
[2024-03-13T06:43:24.170+0000] {logging_mixin.py:188} INFO - [2024-03-13T06:43:24.170+0000] {dagbag.py:540} INFO - Filling up the DagBag from /home/airflow/.local/lib/python3.8/site-packages/airflow/example_dags/example_skip_dag.py
[2024-03-13T06:43:24.176+0000] {processor.py:840} INFO - DAG(s) 'example_skip_dag' retrieved from /home/airflow/.local/lib/python3.8/site-packages/airflow/example_dags/example_skip_dag.py
[2024-03-13T06:43:24.191+0000] {logging_mixin.py:188} INFO - [2024-03-13T06:43:24.191+0000] {dag.py:3047} INFO - Sync 1 DAGs
[2024-03-13T06:43:24.209+0000] {logging_mixin.py:188} INFO - [2024-03-13T06:43:24.208+0000] {dag.py:3834} INFO - Setting next_dagrun for example_skip_dag to 2024-03-12 00:00:00+00:00, run_after=2024-03-13 00:00:00+00:00
[2024-03-13T06:43:24.226+0000] {processor.py:183} INFO - Processing /home/airflow/.local/lib/python3.8/site-packages/airflow/example_dags/example_skip_dag.py took 0.060 seconds
[2024-03-13T06:43:54.754+0000] {processor.py:161} INFO - Started process (PID=852) to work on /home/airflow/.local/lib/python3.8/site-packages/airflow/example_dags/example_skip_dag.py
[2024-03-13T06:43:54.755+0000] {processor.py:830} INFO - Processing file /home/airflow/.local/lib/python3.8/site-packages/airflow/example_dags/example_skip_dag.py for tasks to queue
[2024-03-13T06:43:54.756+0000] {logging_mixin.py:188} INFO - [2024-03-13T06:43:54.755+0000] {dagbag.py:540} INFO - Filling up the DagBag from /home/airflow/.local/lib/python3.8/site-packages/airflow/example_dags/example_skip_dag.py
[2024-03-13T06:43:54.761+0000] {processor.py:840} INFO - DAG(s) 'example_skip_dag' retrieved from /home/airflow/.local/lib/python3.8/site-packages/airflow/example_dags/example_skip_dag.py
[2024-03-13T06:43:54.777+0000] {logging_mixin.py:188} INFO - [2024-03-13T06:43:54.777+0000] {dag.py:3047} INFO - Sync 1 DAGs
[2024-03-13T06:43:54.791+0000] {logging_mixin.py:188} INFO - [2024-03-13T06:43:54.791+0000] {dag.py:3834} INFO - Setting next_dagrun for example_skip_dag to 2024-03-12 00:00:00+00:00, run_after=2024-03-13 00:00:00+00:00
[2024-03-13T06:43:54.809+0000] {processor.py:183} INFO - Processing /home/airflow/.local/lib/python3.8/site-packages/airflow/example_dags/example_skip_dag.py took 0.057 seconds
[2024-03-13T06:44:24.975+0000] {processor.py:161} INFO - Started process (PID=908) to work on /home/airflow/.local/lib/python3.8/site-packages/airflow/example_dags/example_skip_dag.py
[2024-03-13T06:44:24.976+0000] {processor.py:830} INFO - Processing file /home/airflow/.local/lib/python3.8/site-packages/airflow/example_dags/example_skip_dag.py for tasks to queue
[2024-03-13T06:44:24.977+0000] {logging_mixin.py:188} INFO - [2024-03-13T06:44:24.977+0000] {dagbag.py:540} INFO - Filling up the DagBag from /home/airflow/.local/lib/python3.8/site-packages/airflow/example_dags/example_skip_dag.py
[2024-03-13T06:44:24.983+0000] {processor.py:840} INFO - DAG(s) 'example_skip_dag' retrieved from /home/airflow/.local/lib/python3.8/site-packages/airflow/example_dags/example_skip_dag.py
[2024-03-13T06:44:24.999+0000] {logging_mixin.py:188} INFO - [2024-03-13T06:44:24.999+0000] {dag.py:3047} INFO - Sync 1 DAGs
[2024-03-13T06:44:25.015+0000] {logging_mixin.py:188} INFO - [2024-03-13T06:44:25.015+0000] {dag.py:3834} INFO - Setting next_dagrun for example_skip_dag to 2024-03-12 00:00:00+00:00, run_after=2024-03-13 00:00:00+00:00
[2024-03-13T06:44:25.033+0000] {processor.py:183} INFO - Processing /home/airflow/.local/lib/python3.8/site-packages/airflow/example_dags/example_skip_dag.py took 0.061 seconds
[2024-03-13T06:44:55.774+0000] {processor.py:161} INFO - Started process (PID=964) to work on /home/airflow/.local/lib/python3.8/site-packages/airflow/example_dags/example_skip_dag.py
[2024-03-13T06:44:55.776+0000] {processor.py:830} INFO - Processing file /home/airflow/.local/lib/python3.8/site-packages/airflow/example_dags/example_skip_dag.py for tasks to queue
[2024-03-13T06:44:55.778+0000] {logging_mixin.py:188} INFO - [2024-03-13T06:44:55.777+0000] {dagbag.py:540} INFO - Filling up the DagBag from /home/airflow/.local/lib/python3.8/site-packages/airflow/example_dags/example_skip_dag.py
[2024-03-13T06:44:55.785+0000] {processor.py:840} INFO - DAG(s) 'example_skip_dag' retrieved from /home/airflow/.local/lib/python3.8/site-packages/airflow/example_dags/example_skip_dag.py
[2024-03-13T06:44:55.812+0000] {logging_mixin.py:188} INFO - [2024-03-13T06:44:55.812+0000] {dag.py:3047} INFO - Sync 1 DAGs
[2024-03-13T06:44:55.838+0000] {logging_mixin.py:188} INFO - [2024-03-13T06:44:55.838+0000] {dag.py:3834} INFO - Setting next_dagrun for example_skip_dag to 2024-03-12 00:00:00+00:00, run_after=2024-03-13 00:00:00+00:00
[2024-03-13T06:44:55.865+0000] {processor.py:183} INFO - Processing /home/airflow/.local/lib/python3.8/site-packages/airflow/example_dags/example_skip_dag.py took 0.094 seconds
[2024-03-13T06:45:26.725+0000] {processor.py:161} INFO - Started process (PID=1021) to work on /home/airflow/.local/lib/python3.8/site-packages/airflow/example_dags/example_skip_dag.py
[2024-03-13T06:45:26.726+0000] {processor.py:830} INFO - Processing file /home/airflow/.local/lib/python3.8/site-packages/airflow/example_dags/example_skip_dag.py for tasks to queue
[2024-03-13T06:45:26.727+0000] {logging_mixin.py:188} INFO - [2024-03-13T06:45:26.726+0000] {dagbag.py:540} INFO - Filling up the DagBag from /home/airflow/.local/lib/python3.8/site-packages/airflow/example_dags/example_skip_dag.py
[2024-03-13T06:45:26.732+0000] {processor.py:840} INFO - DAG(s) 'example_skip_dag' retrieved from /home/airflow/.local/lib/python3.8/site-packages/airflow/example_dags/example_skip_dag.py
[2024-03-13T06:45:26.749+0000] {logging_mixin.py:188} INFO - [2024-03-13T06:45:26.749+0000] {dag.py:3047} INFO - Sync 1 DAGs
[2024-03-13T06:45:26.768+0000] {logging_mixin.py:188} INFO - [2024-03-13T06:45:26.767+0000] {dag.py:3834} INFO - Setting next_dagrun for example_skip_dag to 2024-03-12 00:00:00+00:00, run_after=2024-03-13 00:00:00+00:00
[2024-03-13T06:45:26.784+0000] {processor.py:183} INFO - Processing /home/airflow/.local/lib/python3.8/site-packages/airflow/example_dags/example_skip_dag.py took 0.062 seconds
[2024-03-13T06:45:57.057+0000] {processor.py:161} INFO - Started process (PID=1077) to work on /home/airflow/.local/lib/python3.8/site-packages/airflow/example_dags/example_skip_dag.py
[2024-03-13T06:45:57.058+0000] {processor.py:830} INFO - Processing file /home/airflow/.local/lib/python3.8/site-packages/airflow/example_dags/example_skip_dag.py for tasks to queue
[2024-03-13T06:45:57.059+0000] {logging_mixin.py:188} INFO - [2024-03-13T06:45:57.059+0000] {dagbag.py:540} INFO - Filling up the DagBag from /home/airflow/.local/lib/python3.8/site-packages/airflow/example_dags/example_skip_dag.py
[2024-03-13T06:45:57.068+0000] {processor.py:840} INFO - DAG(s) 'example_skip_dag' retrieved from /home/airflow/.local/lib/python3.8/site-packages/airflow/example_dags/example_skip_dag.py
[2024-03-13T06:45:57.094+0000] {logging_mixin.py:188} INFO - [2024-03-13T06:45:57.093+0000] {dag.py:3047} INFO - Sync 1 DAGs
[2024-03-13T06:45:57.121+0000] {logging_mixin.py:188} INFO - [2024-03-13T06:45:57.120+0000] {dag.py:3834} INFO - Setting next_dagrun for example_skip_dag to 2024-03-12 00:00:00+00:00, run_after=2024-03-13 00:00:00+00:00
[2024-03-13T06:45:57.146+0000] {processor.py:183} INFO - Processing /home/airflow/.local/lib/python3.8/site-packages/airflow/example_dags/example_skip_dag.py took 0.092 seconds
[2024-03-13T06:46:27.645+0000] {processor.py:161} INFO - Started process (PID=1133) to work on /home/airflow/.local/lib/python3.8/site-packages/airflow/example_dags/example_skip_dag.py
[2024-03-13T06:46:27.646+0000] {processor.py:830} INFO - Processing file /home/airflow/.local/lib/python3.8/site-packages/airflow/example_dags/example_skip_dag.py for tasks to queue
[2024-03-13T06:46:27.647+0000] {logging_mixin.py:188} INFO - [2024-03-13T06:46:27.647+0000] {dagbag.py:540} INFO - Filling up the DagBag from /home/airflow/.local/lib/python3.8/site-packages/airflow/example_dags/example_skip_dag.py
[2024-03-13T06:46:27.654+0000] {processor.py:840} INFO - DAG(s) 'example_skip_dag' retrieved from /home/airflow/.local/lib/python3.8/site-packages/airflow/example_dags/example_skip_dag.py
[2024-03-13T06:46:27.672+0000] {logging_mixin.py:188} INFO - [2024-03-13T06:46:27.672+0000] {dag.py:3047} INFO - Sync 1 DAGs
[2024-03-13T06:46:27.689+0000] {logging_mixin.py:188} INFO - [2024-03-13T06:46:27.689+0000] {dag.py:3834} INFO - Setting next_dagrun for example_skip_dag to 2024-03-12 00:00:00+00:00, run_after=2024-03-13 00:00:00+00:00
[2024-03-13T06:46:27.706+0000] {processor.py:183} INFO - Processing /home/airflow/.local/lib/python3.8/site-packages/airflow/example_dags/example_skip_dag.py took 0.064 seconds
[2024-03-13T06:46:57.940+0000] {processor.py:161} INFO - Started process (PID=1196) to work on /home/airflow/.local/lib/python3.8/site-packages/airflow/example_dags/example_skip_dag.py
[2024-03-13T06:46:57.941+0000] {processor.py:830} INFO - Processing file /home/airflow/.local/lib/python3.8/site-packages/airflow/example_dags/example_skip_dag.py for tasks to queue
[2024-03-13T06:46:57.942+0000] {logging_mixin.py:188} INFO - [2024-03-13T06:46:57.942+0000] {dagbag.py:540} INFO - Filling up the DagBag from /home/airflow/.local/lib/python3.8/site-packages/airflow/example_dags/example_skip_dag.py
[2024-03-13T06:46:57.949+0000] {processor.py:840} INFO - DAG(s) 'example_skip_dag' retrieved from /home/airflow/.local/lib/python3.8/site-packages/airflow/example_dags/example_skip_dag.py
[2024-03-13T06:46:57.967+0000] {logging_mixin.py:188} INFO - [2024-03-13T06:46:57.966+0000] {dag.py:3047} INFO - Sync 1 DAGs
[2024-03-13T06:46:57.985+0000] {logging_mixin.py:188} INFO - [2024-03-13T06:46:57.985+0000] {dag.py:3834} INFO - Setting next_dagrun for example_skip_dag to 2024-03-12 00:00:00+00:00, run_after=2024-03-13 00:00:00+00:00
[2024-03-13T06:46:58.002+0000] {processor.py:183} INFO - Processing /home/airflow/.local/lib/python3.8/site-packages/airflow/example_dags/example_skip_dag.py took 0.064 seconds
[2024-03-13T06:47:28.695+0000] {processor.py:161} INFO - Started process (PID=1252) to work on /home/airflow/.local/lib/python3.8/site-packages/airflow/example_dags/example_skip_dag.py
[2024-03-13T06:47:28.696+0000] {processor.py:830} INFO - Processing file /home/airflow/.local/lib/python3.8/site-packages/airflow/example_dags/example_skip_dag.py for tasks to queue
[2024-03-13T06:47:28.697+0000] {logging_mixin.py:188} INFO - [2024-03-13T06:47:28.697+0000] {dagbag.py:540} INFO - Filling up the DagBag from /home/airflow/.local/lib/python3.8/site-packages/airflow/example_dags/example_skip_dag.py
[2024-03-13T06:47:28.707+0000] {processor.py:840} INFO - DAG(s) 'example_skip_dag' retrieved from /home/airflow/.local/lib/python3.8/site-packages/airflow/example_dags/example_skip_dag.py
[2024-03-13T06:47:28.730+0000] {logging_mixin.py:188} INFO - [2024-03-13T06:47:28.730+0000] {dag.py:3047} INFO - Sync 1 DAGs
[2024-03-13T06:47:28.753+0000] {logging_mixin.py:188} INFO - [2024-03-13T06:47:28.753+0000] {dag.py:3834} INFO - Setting next_dagrun for example_skip_dag to 2024-03-12 00:00:00+00:00, run_after=2024-03-13 00:00:00+00:00
[2024-03-13T06:47:28.778+0000] {processor.py:183} INFO - Processing /home/airflow/.local/lib/python3.8/site-packages/airflow/example_dags/example_skip_dag.py took 0.086 seconds
[2024-03-13T06:47:59.401+0000] {processor.py:161} INFO - Started process (PID=1308) to work on /home/airflow/.local/lib/python3.8/site-packages/airflow/example_dags/example_skip_dag.py
[2024-03-13T06:47:59.403+0000] {processor.py:830} INFO - Processing file /home/airflow/.local/lib/python3.8/site-packages/airflow/example_dags/example_skip_dag.py for tasks to queue
[2024-03-13T06:47:59.404+0000] {logging_mixin.py:188} INFO - [2024-03-13T06:47:59.404+0000] {dagbag.py:540} INFO - Filling up the DagBag from /home/airflow/.local/lib/python3.8/site-packages/airflow/example_dags/example_skip_dag.py
[2024-03-13T06:47:59.410+0000] {processor.py:840} INFO - DAG(s) 'example_skip_dag' retrieved from /home/airflow/.local/lib/python3.8/site-packages/airflow/example_dags/example_skip_dag.py
[2024-03-13T06:47:59.427+0000] {logging_mixin.py:188} INFO - [2024-03-13T06:47:59.427+0000] {dag.py:3047} INFO - Sync 1 DAGs
[2024-03-13T06:47:59.445+0000] {logging_mixin.py:188} INFO - [2024-03-13T06:47:59.445+0000] {dag.py:3834} INFO - Setting next_dagrun for example_skip_dag to 2024-03-12 00:00:00+00:00, run_after=2024-03-13 00:00:00+00:00
[2024-03-13T06:47:59.464+0000] {processor.py:183} INFO - Processing /home/airflow/.local/lib/python3.8/site-packages/airflow/example_dags/example_skip_dag.py took 0.065 seconds
[2024-03-13T06:48:29.808+0000] {processor.py:161} INFO - Started process (PID=1365) to work on /home/airflow/.local/lib/python3.8/site-packages/airflow/example_dags/example_skip_dag.py
[2024-03-13T06:48:29.809+0000] {processor.py:830} INFO - Processing file /home/airflow/.local/lib/python3.8/site-packages/airflow/example_dags/example_skip_dag.py for tasks to queue
[2024-03-13T06:48:29.809+0000] {logging_mixin.py:188} INFO - [2024-03-13T06:48:29.809+0000] {dagbag.py:540} INFO - Filling up the DagBag from /home/airflow/.local/lib/python3.8/site-packages/airflow/example_dags/example_skip_dag.py
[2024-03-13T06:48:29.815+0000] {processor.py:840} INFO - DAG(s) 'example_skip_dag' retrieved from /home/airflow/.local/lib/python3.8/site-packages/airflow/example_dags/example_skip_dag.py
[2024-03-13T06:48:29.835+0000] {logging_mixin.py:188} INFO - [2024-03-13T06:48:29.835+0000] {dag.py:3047} INFO - Sync 1 DAGs
[2024-03-13T06:48:29.854+0000] {logging_mixin.py:188} INFO - [2024-03-13T06:48:29.853+0000] {dag.py:3834} INFO - Setting next_dagrun for example_skip_dag to 2024-03-12 00:00:00+00:00, run_after=2024-03-13 00:00:00+00:00
[2024-03-13T06:48:29.870+0000] {processor.py:183} INFO - Processing /home/airflow/.local/lib/python3.8/site-packages/airflow/example_dags/example_skip_dag.py took 0.064 seconds
[2024-03-13T06:49:00.036+0000] {processor.py:161} INFO - Started process (PID=1422) to work on /home/airflow/.local/lib/python3.8/site-packages/airflow/example_dags/example_skip_dag.py
[2024-03-13T06:49:00.036+0000] {processor.py:830} INFO - Processing file /home/airflow/.local/lib/python3.8/site-packages/airflow/example_dags/example_skip_dag.py for tasks to queue
[2024-03-13T06:49:00.037+0000] {logging_mixin.py:188} INFO - [2024-03-13T06:49:00.037+0000] {dagbag.py:540} INFO - Filling up the DagBag from /home/airflow/.local/lib/python3.8/site-packages/airflow/example_dags/example_skip_dag.py
[2024-03-13T06:49:00.043+0000] {processor.py:840} INFO - DAG(s) 'example_skip_dag' retrieved from /home/airflow/.local/lib/python3.8/site-packages/airflow/example_dags/example_skip_dag.py
[2024-03-13T06:49:00.060+0000] {logging_mixin.py:188} INFO - [2024-03-13T06:49:00.059+0000] {dag.py:3047} INFO - Sync 1 DAGs
[2024-03-13T06:49:00.075+0000] {logging_mixin.py:188} INFO - [2024-03-13T06:49:00.075+0000] {dag.py:3834} INFO - Setting next_dagrun for example_skip_dag to 2024-03-12 00:00:00+00:00, run_after=2024-03-13 00:00:00+00:00
[2024-03-13T06:49:00.092+0000] {processor.py:183} INFO - Processing /home/airflow/.local/lib/python3.8/site-packages/airflow/example_dags/example_skip_dag.py took 0.058 seconds
[2024-03-13T06:49:30.313+0000] {processor.py:161} INFO - Started process (PID=1478) to work on /home/airflow/.local/lib/python3.8/site-packages/airflow/example_dags/example_skip_dag.py
[2024-03-13T06:49:30.314+0000] {processor.py:830} INFO - Processing file /home/airflow/.local/lib/python3.8/site-packages/airflow/example_dags/example_skip_dag.py for tasks to queue
[2024-03-13T06:49:30.314+0000] {logging_mixin.py:188} INFO - [2024-03-13T06:49:30.314+0000] {dagbag.py:540} INFO - Filling up the DagBag from /home/airflow/.local/lib/python3.8/site-packages/airflow/example_dags/example_skip_dag.py
[2024-03-13T06:49:30.320+0000] {processor.py:840} INFO - DAG(s) 'example_skip_dag' retrieved from /home/airflow/.local/lib/python3.8/site-packages/airflow/example_dags/example_skip_dag.py
[2024-03-13T06:49:30.336+0000] {logging_mixin.py:188} INFO - [2024-03-13T06:49:30.336+0000] {dag.py:3047} INFO - Sync 1 DAGs
[2024-03-13T06:49:30.353+0000] {logging_mixin.py:188} INFO - [2024-03-13T06:49:30.353+0000] {dag.py:3834} INFO - Setting next_dagrun for example_skip_dag to 2024-03-12 00:00:00+00:00, run_after=2024-03-13 00:00:00+00:00
[2024-03-13T06:49:30.370+0000] {processor.py:183} INFO - Processing /home/airflow/.local/lib/python3.8/site-packages/airflow/example_dags/example_skip_dag.py took 0.060 seconds
[2024-03-13T06:50:00.515+0000] {processor.py:161} INFO - Started process (PID=1536) to work on /home/airflow/.local/lib/python3.8/site-packages/airflow/example_dags/example_skip_dag.py
[2024-03-13T06:50:00.516+0000] {processor.py:830} INFO - Processing file /home/airflow/.local/lib/python3.8/site-packages/airflow/example_dags/example_skip_dag.py for tasks to queue
[2024-03-13T06:50:00.517+0000] {logging_mixin.py:188} INFO - [2024-03-13T06:50:00.517+0000] {dagbag.py:540} INFO - Filling up the DagBag from /home/airflow/.local/lib/python3.8/site-packages/airflow/example_dags/example_skip_dag.py
[2024-03-13T06:50:00.523+0000] {processor.py:840} INFO - DAG(s) 'example_skip_dag' retrieved from /home/airflow/.local/lib/python3.8/site-packages/airflow/example_dags/example_skip_dag.py
[2024-03-13T06:50:00.540+0000] {logging_mixin.py:188} INFO - [2024-03-13T06:50:00.540+0000] {dag.py:3047} INFO - Sync 1 DAGs
[2024-03-13T06:50:00.556+0000] {logging_mixin.py:188} INFO - [2024-03-13T06:50:00.556+0000] {dag.py:3834} INFO - Setting next_dagrun for example_skip_dag to 2024-03-12 00:00:00+00:00, run_after=2024-03-13 00:00:00+00:00
[2024-03-13T06:50:00.573+0000] {processor.py:183} INFO - Processing /home/airflow/.local/lib/python3.8/site-packages/airflow/example_dags/example_skip_dag.py took 0.060 seconds
[2024-03-13T06:50:30.733+0000] {processor.py:161} INFO - Started process (PID=1593) to work on /home/airflow/.local/lib/python3.8/site-packages/airflow/example_dags/example_skip_dag.py
[2024-03-13T06:50:30.734+0000] {processor.py:830} INFO - Processing file /home/airflow/.local/lib/python3.8/site-packages/airflow/example_dags/example_skip_dag.py for tasks to queue
[2024-03-13T06:50:30.735+0000] {logging_mixin.py:188} INFO - [2024-03-13T06:50:30.735+0000] {dagbag.py:540} INFO - Filling up the DagBag from /home/airflow/.local/lib/python3.8/site-packages/airflow/example_dags/example_skip_dag.py
[2024-03-13T06:50:30.740+0000] {processor.py:840} INFO - DAG(s) 'example_skip_dag' retrieved from /home/airflow/.local/lib/python3.8/site-packages/airflow/example_dags/example_skip_dag.py
[2024-03-13T06:50:30.755+0000] {logging_mixin.py:188} INFO - [2024-03-13T06:50:30.755+0000] {dag.py:3047} INFO - Sync 1 DAGs
[2024-03-13T06:50:30.771+0000] {logging_mixin.py:188} INFO - [2024-03-13T06:50:30.771+0000] {dag.py:3834} INFO - Setting next_dagrun for example_skip_dag to 2024-03-12 00:00:00+00:00, run_after=2024-03-13 00:00:00+00:00
[2024-03-13T06:50:30.788+0000] {processor.py:183} INFO - Processing /home/airflow/.local/lib/python3.8/site-packages/airflow/example_dags/example_skip_dag.py took 0.057 seconds
[2024-03-13T06:51:01.005+0000] {processor.py:161} INFO - Started process (PID=1653) to work on /home/airflow/.local/lib/python3.8/site-packages/airflow/example_dags/example_skip_dag.py
[2024-03-13T06:51:01.006+0000] {processor.py:830} INFO - Processing file /home/airflow/.local/lib/python3.8/site-packages/airflow/example_dags/example_skip_dag.py for tasks to queue
[2024-03-13T06:51:01.007+0000] {logging_mixin.py:188} INFO - [2024-03-13T06:51:01.007+0000] {dagbag.py:540} INFO - Filling up the DagBag from /home/airflow/.local/lib/python3.8/site-packages/airflow/example_dags/example_skip_dag.py
[2024-03-13T06:51:01.013+0000] {processor.py:840} INFO - DAG(s) 'example_skip_dag' retrieved from /home/airflow/.local/lib/python3.8/site-packages/airflow/example_dags/example_skip_dag.py
[2024-03-13T06:51:01.029+0000] {logging_mixin.py:188} INFO - [2024-03-13T06:51:01.029+0000] {dag.py:3047} INFO - Sync 1 DAGs
[2024-03-13T06:51:01.045+0000] {logging_mixin.py:188} INFO - [2024-03-13T06:51:01.045+0000] {dag.py:3834} INFO - Setting next_dagrun for example_skip_dag to 2024-03-12 00:00:00+00:00, run_after=2024-03-13 00:00:00+00:00
[2024-03-13T06:51:01.064+0000] {processor.py:183} INFO - Processing /home/airflow/.local/lib/python3.8/site-packages/airflow/example_dags/example_skip_dag.py took 0.061 seconds
[2024-03-13T06:52:19.622+0000] {processor.py:161} INFO - Started process (PID=68) to work on /home/airflow/.local/lib/python3.8/site-packages/airflow/example_dags/example_skip_dag.py
[2024-03-13T06:52:19.623+0000] {processor.py:830} INFO - Processing file /home/airflow/.local/lib/python3.8/site-packages/airflow/example_dags/example_skip_dag.py for tasks to queue
[2024-03-13T06:52:19.624+0000] {logging_mixin.py:188} INFO - [2024-03-13T06:52:19.624+0000] {dagbag.py:540} INFO - Filling up the DagBag from /home/airflow/.local/lib/python3.8/site-packages/airflow/example_dags/example_skip_dag.py
[2024-03-13T06:52:19.630+0000] {processor.py:840} INFO - DAG(s) 'example_skip_dag' retrieved from /home/airflow/.local/lib/python3.8/site-packages/airflow/example_dags/example_skip_dag.py
[2024-03-13T06:52:19.640+0000] {logging_mixin.py:188} INFO - [2024-03-13T06:52:19.640+0000] {dag.py:3047} INFO - Sync 1 DAGs
[2024-03-13T06:52:19.660+0000] {logging_mixin.py:188} INFO - [2024-03-13T06:52:19.659+0000] {dag.py:3834} INFO - Setting next_dagrun for example_skip_dag to 2024-03-12 00:00:00+00:00, run_after=2024-03-13 00:00:00+00:00
[2024-03-13T06:52:19.680+0000] {processor.py:183} INFO - Processing /home/airflow/.local/lib/python3.8/site-packages/airflow/example_dags/example_skip_dag.py took 0.061 seconds
[2024-03-13T06:52:50.818+0000] {processor.py:161} INFO - Started process (PID=124) to work on /home/airflow/.local/lib/python3.8/site-packages/airflow/example_dags/example_skip_dag.py
[2024-03-13T06:52:50.820+0000] {processor.py:830} INFO - Processing file /home/airflow/.local/lib/python3.8/site-packages/airflow/example_dags/example_skip_dag.py for tasks to queue
[2024-03-13T06:52:50.822+0000] {logging_mixin.py:188} INFO - [2024-03-13T06:52:50.821+0000] {dagbag.py:540} INFO - Filling up the DagBag from /home/airflow/.local/lib/python3.8/site-packages/airflow/example_dags/example_skip_dag.py
[2024-03-13T06:52:50.827+0000] {processor.py:840} INFO - DAG(s) 'example_skip_dag' retrieved from /home/airflow/.local/lib/python3.8/site-packages/airflow/example_dags/example_skip_dag.py
[2024-03-13T06:52:50.903+0000] {logging_mixin.py:188} INFO - [2024-03-13T06:52:50.903+0000] {dag.py:3047} INFO - Sync 1 DAGs
[2024-03-13T06:52:50.918+0000] {logging_mixin.py:188} INFO - [2024-03-13T06:52:50.918+0000] {dag.py:3834} INFO - Setting next_dagrun for example_skip_dag to 2024-03-12 00:00:00+00:00, run_after=2024-03-13 00:00:00+00:00
[2024-03-13T06:52:50.933+0000] {processor.py:183} INFO - Processing /home/airflow/.local/lib/python3.8/site-packages/airflow/example_dags/example_skip_dag.py took 0.118 seconds
[2024-03-13T06:53:21.935+0000] {processor.py:161} INFO - Started process (PID=180) to work on /home/airflow/.local/lib/python3.8/site-packages/airflow/example_dags/example_skip_dag.py
[2024-03-13T06:53:21.936+0000] {processor.py:830} INFO - Processing file /home/airflow/.local/lib/python3.8/site-packages/airflow/example_dags/example_skip_dag.py for tasks to queue
[2024-03-13T06:53:21.938+0000] {logging_mixin.py:188} INFO - [2024-03-13T06:53:21.938+0000] {dagbag.py:540} INFO - Filling up the DagBag from /home/airflow/.local/lib/python3.8/site-packages/airflow/example_dags/example_skip_dag.py
[2024-03-13T06:53:21.944+0000] {processor.py:840} INFO - DAG(s) 'example_skip_dag' retrieved from /home/airflow/.local/lib/python3.8/site-packages/airflow/example_dags/example_skip_dag.py
[2024-03-13T06:53:21.960+0000] {logging_mixin.py:188} INFO - [2024-03-13T06:53:21.960+0000] {dag.py:3047} INFO - Sync 1 DAGs
[2024-03-13T06:53:21.978+0000] {logging_mixin.py:188} INFO - [2024-03-13T06:53:21.978+0000] {dag.py:3834} INFO - Setting next_dagrun for example_skip_dag to 2024-03-12 00:00:00+00:00, run_after=2024-03-13 00:00:00+00:00
[2024-03-13T06:53:21.993+0000] {processor.py:183} INFO - Processing /home/airflow/.local/lib/python3.8/site-packages/airflow/example_dags/example_skip_dag.py took 0.061 seconds
[2024-03-13T06:53:52.339+0000] {processor.py:161} INFO - Started process (PID=236) to work on /home/airflow/.local/lib/python3.8/site-packages/airflow/example_dags/example_skip_dag.py
[2024-03-13T06:53:52.340+0000] {processor.py:830} INFO - Processing file /home/airflow/.local/lib/python3.8/site-packages/airflow/example_dags/example_skip_dag.py for tasks to queue
[2024-03-13T06:53:52.342+0000] {logging_mixin.py:188} INFO - [2024-03-13T06:53:52.342+0000] {dagbag.py:540} INFO - Filling up the DagBag from /home/airflow/.local/lib/python3.8/site-packages/airflow/example_dags/example_skip_dag.py
[2024-03-13T06:53:52.347+0000] {processor.py:840} INFO - DAG(s) 'example_skip_dag' retrieved from /home/airflow/.local/lib/python3.8/site-packages/airflow/example_dags/example_skip_dag.py
[2024-03-13T06:53:52.362+0000] {logging_mixin.py:188} INFO - [2024-03-13T06:53:52.362+0000] {dag.py:3047} INFO - Sync 1 DAGs
[2024-03-13T06:53:52.380+0000] {logging_mixin.py:188} INFO - [2024-03-13T06:53:52.380+0000] {dag.py:3834} INFO - Setting next_dagrun for example_skip_dag to 2024-03-12 00:00:00+00:00, run_after=2024-03-13 00:00:00+00:00
[2024-03-13T06:53:52.396+0000] {processor.py:183} INFO - Processing /home/airflow/.local/lib/python3.8/site-packages/airflow/example_dags/example_skip_dag.py took 0.059 seconds
[2024-03-13T06:54:22.663+0000] {processor.py:161} INFO - Started process (PID=291) to work on /home/airflow/.local/lib/python3.8/site-packages/airflow/example_dags/example_skip_dag.py
[2024-03-13T06:54:22.664+0000] {processor.py:830} INFO - Processing file /home/airflow/.local/lib/python3.8/site-packages/airflow/example_dags/example_skip_dag.py for tasks to queue
[2024-03-13T06:54:22.666+0000] {logging_mixin.py:188} INFO - [2024-03-13T06:54:22.665+0000] {dagbag.py:540} INFO - Filling up the DagBag from /home/airflow/.local/lib/python3.8/site-packages/airflow/example_dags/example_skip_dag.py
[2024-03-13T06:54:22.671+0000] {processor.py:840} INFO - DAG(s) 'example_skip_dag' retrieved from /home/airflow/.local/lib/python3.8/site-packages/airflow/example_dags/example_skip_dag.py
[2024-03-13T06:54:22.687+0000] {logging_mixin.py:188} INFO - [2024-03-13T06:54:22.687+0000] {dag.py:3047} INFO - Sync 1 DAGs
[2024-03-13T06:54:22.705+0000] {logging_mixin.py:188} INFO - [2024-03-13T06:54:22.704+0000] {dag.py:3834} INFO - Setting next_dagrun for example_skip_dag to 2024-03-12 00:00:00+00:00, run_after=2024-03-13 00:00:00+00:00
[2024-03-13T06:54:22.722+0000] {processor.py:183} INFO - Processing /home/airflow/.local/lib/python3.8/site-packages/airflow/example_dags/example_skip_dag.py took 0.062 seconds
[2024-03-13T06:54:53.224+0000] {processor.py:161} INFO - Started process (PID=347) to work on /home/airflow/.local/lib/python3.8/site-packages/airflow/example_dags/example_skip_dag.py
[2024-03-13T06:54:53.225+0000] {processor.py:830} INFO - Processing file /home/airflow/.local/lib/python3.8/site-packages/airflow/example_dags/example_skip_dag.py for tasks to queue
[2024-03-13T06:54:53.227+0000] {logging_mixin.py:188} INFO - [2024-03-13T06:54:53.227+0000] {dagbag.py:540} INFO - Filling up the DagBag from /home/airflow/.local/lib/python3.8/site-packages/airflow/example_dags/example_skip_dag.py
[2024-03-13T06:54:53.234+0000] {processor.py:840} INFO - DAG(s) 'example_skip_dag' retrieved from /home/airflow/.local/lib/python3.8/site-packages/airflow/example_dags/example_skip_dag.py
[2024-03-13T06:54:53.254+0000] {logging_mixin.py:188} INFO - [2024-03-13T06:54:53.253+0000] {dag.py:3047} INFO - Sync 1 DAGs
[2024-03-13T06:54:53.274+0000] {logging_mixin.py:188} INFO - [2024-03-13T06:54:53.274+0000] {dag.py:3834} INFO - Setting next_dagrun for example_skip_dag to 2024-03-12 00:00:00+00:00, run_after=2024-03-13 00:00:00+00:00
[2024-03-13T06:54:53.293+0000] {processor.py:183} INFO - Processing /home/airflow/.local/lib/python3.8/site-packages/airflow/example_dags/example_skip_dag.py took 0.071 seconds
[2024-03-13T06:55:24.091+0000] {processor.py:161} INFO - Started process (PID=403) to work on /home/airflow/.local/lib/python3.8/site-packages/airflow/example_dags/example_skip_dag.py
[2024-03-13T06:55:24.092+0000] {processor.py:830} INFO - Processing file /home/airflow/.local/lib/python3.8/site-packages/airflow/example_dags/example_skip_dag.py for tasks to queue
[2024-03-13T06:55:24.094+0000] {logging_mixin.py:188} INFO - [2024-03-13T06:55:24.094+0000] {dagbag.py:540} INFO - Filling up the DagBag from /home/airflow/.local/lib/python3.8/site-packages/airflow/example_dags/example_skip_dag.py
[2024-03-13T06:55:24.100+0000] {processor.py:840} INFO - DAG(s) 'example_skip_dag' retrieved from /home/airflow/.local/lib/python3.8/site-packages/airflow/example_dags/example_skip_dag.py
[2024-03-13T06:55:24.119+0000] {logging_mixin.py:188} INFO - [2024-03-13T06:55:24.119+0000] {dag.py:3047} INFO - Sync 1 DAGs
[2024-03-13T06:55:24.141+0000] {logging_mixin.py:188} INFO - [2024-03-13T06:55:24.141+0000] {dag.py:3834} INFO - Setting next_dagrun for example_skip_dag to 2024-03-12 00:00:00+00:00, run_after=2024-03-13 00:00:00+00:00
[2024-03-13T06:55:24.166+0000] {processor.py:183} INFO - Processing /home/airflow/.local/lib/python3.8/site-packages/airflow/example_dags/example_skip_dag.py took 0.078 seconds
[2024-03-13T06:55:54.781+0000] {processor.py:161} INFO - Started process (PID=460) to work on /home/airflow/.local/lib/python3.8/site-packages/airflow/example_dags/example_skip_dag.py
[2024-03-13T06:55:54.782+0000] {processor.py:830} INFO - Processing file /home/airflow/.local/lib/python3.8/site-packages/airflow/example_dags/example_skip_dag.py for tasks to queue
[2024-03-13T06:55:54.784+0000] {logging_mixin.py:188} INFO - [2024-03-13T06:55:54.783+0000] {dagbag.py:540} INFO - Filling up the DagBag from /home/airflow/.local/lib/python3.8/site-packages/airflow/example_dags/example_skip_dag.py
[2024-03-13T06:55:54.789+0000] {processor.py:840} INFO - DAG(s) 'example_skip_dag' retrieved from /home/airflow/.local/lib/python3.8/site-packages/airflow/example_dags/example_skip_dag.py
[2024-03-13T06:55:54.807+0000] {logging_mixin.py:188} INFO - [2024-03-13T06:55:54.806+0000] {dag.py:3047} INFO - Sync 1 DAGs
[2024-03-13T06:55:54.825+0000] {logging_mixin.py:188} INFO - [2024-03-13T06:55:54.824+0000] {dag.py:3834} INFO - Setting next_dagrun for example_skip_dag to 2024-03-12 00:00:00+00:00, run_after=2024-03-13 00:00:00+00:00
[2024-03-13T06:55:54.839+0000] {processor.py:183} INFO - Processing /home/airflow/.local/lib/python3.8/site-packages/airflow/example_dags/example_skip_dag.py took 0.061 seconds
[2024-03-13T06:56:25.613+0000] {processor.py:161} INFO - Started process (PID=517) to work on /home/airflow/.local/lib/python3.8/site-packages/airflow/example_dags/example_skip_dag.py
[2024-03-13T06:56:25.614+0000] {processor.py:830} INFO - Processing file /home/airflow/.local/lib/python3.8/site-packages/airflow/example_dags/example_skip_dag.py for tasks to queue
[2024-03-13T06:56:25.616+0000] {logging_mixin.py:188} INFO - [2024-03-13T06:56:25.615+0000] {dagbag.py:540} INFO - Filling up the DagBag from /home/airflow/.local/lib/python3.8/site-packages/airflow/example_dags/example_skip_dag.py
[2024-03-13T06:56:25.621+0000] {processor.py:840} INFO - DAG(s) 'example_skip_dag' retrieved from /home/airflow/.local/lib/python3.8/site-packages/airflow/example_dags/example_skip_dag.py
[2024-03-13T06:56:25.637+0000] {logging_mixin.py:188} INFO - [2024-03-13T06:56:25.636+0000] {dag.py:3047} INFO - Sync 1 DAGs
[2024-03-13T06:56:25.654+0000] {logging_mixin.py:188} INFO - [2024-03-13T06:56:25.654+0000] {dag.py:3834} INFO - Setting next_dagrun for example_skip_dag to 2024-03-12 00:00:00+00:00, run_after=2024-03-13 00:00:00+00:00
[2024-03-13T06:56:25.672+0000] {processor.py:183} INFO - Processing /home/airflow/.local/lib/python3.8/site-packages/airflow/example_dags/example_skip_dag.py took 0.061 seconds
[2024-03-13T07:02:13.231+0000] {processor.py:161} INFO - Started process (PID=68) to work on /home/airflow/.local/lib/python3.8/site-packages/airflow/example_dags/example_skip_dag.py
[2024-03-13T07:02:13.233+0000] {processor.py:830} INFO - Processing file /home/airflow/.local/lib/python3.8/site-packages/airflow/example_dags/example_skip_dag.py for tasks to queue
[2024-03-13T07:02:13.236+0000] {logging_mixin.py:188} INFO - [2024-03-13T07:02:13.236+0000] {dagbag.py:540} INFO - Filling up the DagBag from /home/airflow/.local/lib/python3.8/site-packages/airflow/example_dags/example_skip_dag.py
[2024-03-13T07:02:13.244+0000] {processor.py:840} INFO - DAG(s) 'example_skip_dag' retrieved from /home/airflow/.local/lib/python3.8/site-packages/airflow/example_dags/example_skip_dag.py
[2024-03-13T07:02:13.256+0000] {logging_mixin.py:188} INFO - [2024-03-13T07:02:13.256+0000] {dag.py:3047} INFO - Sync 1 DAGs
[2024-03-13T07:02:13.281+0000] {logging_mixin.py:188} INFO - [2024-03-13T07:02:13.280+0000] {dag.py:3834} INFO - Setting next_dagrun for example_skip_dag to 2024-03-12 00:00:00+00:00, run_after=2024-03-13 00:00:00+00:00
[2024-03-13T07:02:13.308+0000] {processor.py:183} INFO - Processing /home/airflow/.local/lib/python3.8/site-packages/airflow/example_dags/example_skip_dag.py took 0.081 seconds
[2024-03-13T07:02:44.430+0000] {processor.py:161} INFO - Started process (PID=125) to work on /home/airflow/.local/lib/python3.8/site-packages/airflow/example_dags/example_skip_dag.py
[2024-03-13T07:02:44.431+0000] {processor.py:830} INFO - Processing file /home/airflow/.local/lib/python3.8/site-packages/airflow/example_dags/example_skip_dag.py for tasks to queue
[2024-03-13T07:02:44.433+0000] {logging_mixin.py:188} INFO - [2024-03-13T07:02:44.433+0000] {dagbag.py:540} INFO - Filling up the DagBag from /home/airflow/.local/lib/python3.8/site-packages/airflow/example_dags/example_skip_dag.py
[2024-03-13T07:02:44.438+0000] {processor.py:840} INFO - DAG(s) 'example_skip_dag' retrieved from /home/airflow/.local/lib/python3.8/site-packages/airflow/example_dags/example_skip_dag.py
[2024-03-13T07:02:44.522+0000] {logging_mixin.py:188} INFO - [2024-03-13T07:02:44.522+0000] {dag.py:3047} INFO - Sync 1 DAGs
[2024-03-13T07:02:44.537+0000] {logging_mixin.py:188} INFO - [2024-03-13T07:02:44.536+0000] {dag.py:3834} INFO - Setting next_dagrun for example_skip_dag to 2024-03-12 00:00:00+00:00, run_after=2024-03-13 00:00:00+00:00
[2024-03-13T07:02:44.553+0000] {processor.py:183} INFO - Processing /home/airflow/.local/lib/python3.8/site-packages/airflow/example_dags/example_skip_dag.py took 0.126 seconds
[2024-03-13T07:03:15.365+0000] {processor.py:161} INFO - Started process (PID=181) to work on /home/airflow/.local/lib/python3.8/site-packages/airflow/example_dags/example_skip_dag.py
[2024-03-13T07:03:15.366+0000] {processor.py:830} INFO - Processing file /home/airflow/.local/lib/python3.8/site-packages/airflow/example_dags/example_skip_dag.py for tasks to queue
[2024-03-13T07:03:15.367+0000] {logging_mixin.py:188} INFO - [2024-03-13T07:03:15.367+0000] {dagbag.py:540} INFO - Filling up the DagBag from /home/airflow/.local/lib/python3.8/site-packages/airflow/example_dags/example_skip_dag.py
[2024-03-13T07:03:15.372+0000] {processor.py:840} INFO - DAG(s) 'example_skip_dag' retrieved from /home/airflow/.local/lib/python3.8/site-packages/airflow/example_dags/example_skip_dag.py
[2024-03-13T07:03:15.388+0000] {logging_mixin.py:188} INFO - [2024-03-13T07:03:15.388+0000] {dag.py:3047} INFO - Sync 1 DAGs
[2024-03-13T07:03:15.405+0000] {logging_mixin.py:188} INFO - [2024-03-13T07:03:15.404+0000] {dag.py:3834} INFO - Setting next_dagrun for example_skip_dag to 2024-03-12 00:00:00+00:00, run_after=2024-03-13 00:00:00+00:00
[2024-03-13T07:03:15.422+0000] {processor.py:183} INFO - Processing /home/airflow/.local/lib/python3.8/site-packages/airflow/example_dags/example_skip_dag.py took 0.060 seconds
[2024-03-13T07:03:45.637+0000] {processor.py:161} INFO - Started process (PID=237) to work on /home/airflow/.local/lib/python3.8/site-packages/airflow/example_dags/example_skip_dag.py
[2024-03-13T07:03:45.638+0000] {processor.py:830} INFO - Processing file /home/airflow/.local/lib/python3.8/site-packages/airflow/example_dags/example_skip_dag.py for tasks to queue
[2024-03-13T07:03:45.640+0000] {logging_mixin.py:188} INFO - [2024-03-13T07:03:45.640+0000] {dagbag.py:540} INFO - Filling up the DagBag from /home/airflow/.local/lib/python3.8/site-packages/airflow/example_dags/example_skip_dag.py
[2024-03-13T07:03:45.645+0000] {processor.py:840} INFO - DAG(s) 'example_skip_dag' retrieved from /home/airflow/.local/lib/python3.8/site-packages/airflow/example_dags/example_skip_dag.py
[2024-03-13T07:03:45.661+0000] {logging_mixin.py:188} INFO - [2024-03-13T07:03:45.660+0000] {dag.py:3047} INFO - Sync 1 DAGs
[2024-03-13T07:03:45.678+0000] {logging_mixin.py:188} INFO - [2024-03-13T07:03:45.678+0000] {dag.py:3834} INFO - Setting next_dagrun for example_skip_dag to 2024-03-12 00:00:00+00:00, run_after=2024-03-13 00:00:00+00:00
[2024-03-13T07:03:45.695+0000] {processor.py:183} INFO - Processing /home/airflow/.local/lib/python3.8/site-packages/airflow/example_dags/example_skip_dag.py took 0.060 seconds
[2024-03-13T07:04:16.255+0000] {processor.py:161} INFO - Started process (PID=293) to work on /home/airflow/.local/lib/python3.8/site-packages/airflow/example_dags/example_skip_dag.py
[2024-03-13T07:04:16.256+0000] {processor.py:830} INFO - Processing file /home/airflow/.local/lib/python3.8/site-packages/airflow/example_dags/example_skip_dag.py for tasks to queue
[2024-03-13T07:04:16.257+0000] {logging_mixin.py:188} INFO - [2024-03-13T07:04:16.257+0000] {dagbag.py:540} INFO - Filling up the DagBag from /home/airflow/.local/lib/python3.8/site-packages/airflow/example_dags/example_skip_dag.py
[2024-03-13T07:04:16.262+0000] {processor.py:840} INFO - DAG(s) 'example_skip_dag' retrieved from /home/airflow/.local/lib/python3.8/site-packages/airflow/example_dags/example_skip_dag.py
[2024-03-13T07:04:16.278+0000] {logging_mixin.py:188} INFO - [2024-03-13T07:04:16.278+0000] {dag.py:3047} INFO - Sync 1 DAGs
[2024-03-13T07:04:16.295+0000] {logging_mixin.py:188} INFO - [2024-03-13T07:04:16.295+0000] {dag.py:3834} INFO - Setting next_dagrun for example_skip_dag to 2024-03-12 00:00:00+00:00, run_after=2024-03-13 00:00:00+00:00
[2024-03-13T07:04:16.312+0000] {processor.py:183} INFO - Processing /home/airflow/.local/lib/python3.8/site-packages/airflow/example_dags/example_skip_dag.py took 0.059 seconds
[2024-03-13T07:04:46.720+0000] {processor.py:161} INFO - Started process (PID=349) to work on /home/airflow/.local/lib/python3.8/site-packages/airflow/example_dags/example_skip_dag.py
[2024-03-13T07:04:46.721+0000] {processor.py:830} INFO - Processing file /home/airflow/.local/lib/python3.8/site-packages/airflow/example_dags/example_skip_dag.py for tasks to queue
[2024-03-13T07:04:46.722+0000] {logging_mixin.py:188} INFO - [2024-03-13T07:04:46.722+0000] {dagbag.py:540} INFO - Filling up the DagBag from /home/airflow/.local/lib/python3.8/site-packages/airflow/example_dags/example_skip_dag.py
[2024-03-13T07:04:46.727+0000] {processor.py:840} INFO - DAG(s) 'example_skip_dag' retrieved from /home/airflow/.local/lib/python3.8/site-packages/airflow/example_dags/example_skip_dag.py
[2024-03-13T07:04:46.742+0000] {logging_mixin.py:188} INFO - [2024-03-13T07:04:46.742+0000] {dag.py:3047} INFO - Sync 1 DAGs
[2024-03-13T07:04:46.759+0000] {logging_mixin.py:188} INFO - [2024-03-13T07:04:46.758+0000] {dag.py:3834} INFO - Setting next_dagrun for example_skip_dag to 2024-03-12 00:00:00+00:00, run_after=2024-03-13 00:00:00+00:00
[2024-03-13T07:04:46.774+0000] {processor.py:183} INFO - Processing /home/airflow/.local/lib/python3.8/site-packages/airflow/example_dags/example_skip_dag.py took 0.057 seconds
[2024-03-13T07:05:17.135+0000] {processor.py:161} INFO - Started process (PID=405) to work on /home/airflow/.local/lib/python3.8/site-packages/airflow/example_dags/example_skip_dag.py
[2024-03-13T07:05:17.136+0000] {processor.py:830} INFO - Processing file /home/airflow/.local/lib/python3.8/site-packages/airflow/example_dags/example_skip_dag.py for tasks to queue
[2024-03-13T07:05:17.137+0000] {logging_mixin.py:188} INFO - [2024-03-13T07:05:17.137+0000] {dagbag.py:540} INFO - Filling up the DagBag from /home/airflow/.local/lib/python3.8/site-packages/airflow/example_dags/example_skip_dag.py
[2024-03-13T07:05:17.143+0000] {processor.py:840} INFO - DAG(s) 'example_skip_dag' retrieved from /home/airflow/.local/lib/python3.8/site-packages/airflow/example_dags/example_skip_dag.py
[2024-03-13T07:05:17.158+0000] {logging_mixin.py:188} INFO - [2024-03-13T07:05:17.158+0000] {dag.py:3047} INFO - Sync 1 DAGs
[2024-03-13T07:05:17.174+0000] {logging_mixin.py:188} INFO - [2024-03-13T07:05:17.173+0000] {dag.py:3834} INFO - Setting next_dagrun for example_skip_dag to 2024-03-12 00:00:00+00:00, run_after=2024-03-13 00:00:00+00:00
[2024-03-13T07:05:17.191+0000] {processor.py:183} INFO - Processing /home/airflow/.local/lib/python3.8/site-packages/airflow/example_dags/example_skip_dag.py took 0.059 seconds
[2024-03-13T07:05:47.381+0000] {processor.py:161} INFO - Started process (PID=461) to work on /home/airflow/.local/lib/python3.8/site-packages/airflow/example_dags/example_skip_dag.py
[2024-03-13T07:05:47.382+0000] {processor.py:830} INFO - Processing file /home/airflow/.local/lib/python3.8/site-packages/airflow/example_dags/example_skip_dag.py for tasks to queue
[2024-03-13T07:05:47.383+0000] {logging_mixin.py:188} INFO - [2024-03-13T07:05:47.383+0000] {dagbag.py:540} INFO - Filling up the DagBag from /home/airflow/.local/lib/python3.8/site-packages/airflow/example_dags/example_skip_dag.py
[2024-03-13T07:05:47.388+0000] {processor.py:840} INFO - DAG(s) 'example_skip_dag' retrieved from /home/airflow/.local/lib/python3.8/site-packages/airflow/example_dags/example_skip_dag.py
[2024-03-13T07:05:47.405+0000] {logging_mixin.py:188} INFO - [2024-03-13T07:05:47.405+0000] {dag.py:3047} INFO - Sync 1 DAGs
[2024-03-13T07:05:47.423+0000] {logging_mixin.py:188} INFO - [2024-03-13T07:05:47.423+0000] {dag.py:3834} INFO - Setting next_dagrun for example_skip_dag to 2024-03-12 00:00:00+00:00, run_after=2024-03-13 00:00:00+00:00
[2024-03-13T07:05:47.441+0000] {processor.py:183} INFO - Processing /home/airflow/.local/lib/python3.8/site-packages/airflow/example_dags/example_skip_dag.py took 0.063 seconds
[2024-03-13T07:06:17.811+0000] {processor.py:161} INFO - Started process (PID=517) to work on /home/airflow/.local/lib/python3.8/site-packages/airflow/example_dags/example_skip_dag.py
[2024-03-13T07:06:17.812+0000] {processor.py:830} INFO - Processing file /home/airflow/.local/lib/python3.8/site-packages/airflow/example_dags/example_skip_dag.py for tasks to queue
[2024-03-13T07:06:17.814+0000] {logging_mixin.py:188} INFO - [2024-03-13T07:06:17.813+0000] {dagbag.py:540} INFO - Filling up the DagBag from /home/airflow/.local/lib/python3.8/site-packages/airflow/example_dags/example_skip_dag.py
[2024-03-13T07:06:17.819+0000] {processor.py:840} INFO - DAG(s) 'example_skip_dag' retrieved from /home/airflow/.local/lib/python3.8/site-packages/airflow/example_dags/example_skip_dag.py
[2024-03-13T07:06:17.837+0000] {logging_mixin.py:188} INFO - [2024-03-13T07:06:17.836+0000] {dag.py:3047} INFO - Sync 1 DAGs
[2024-03-13T07:06:17.853+0000] {logging_mixin.py:188} INFO - [2024-03-13T07:06:17.852+0000] {dag.py:3834} INFO - Setting next_dagrun for example_skip_dag to 2024-03-12 00:00:00+00:00, run_after=2024-03-13 00:00:00+00:00
[2024-03-13T07:06:17.868+0000] {processor.py:183} INFO - Processing /home/airflow/.local/lib/python3.8/site-packages/airflow/example_dags/example_skip_dag.py took 0.059 seconds
[2024-03-13T07:06:48.227+0000] {processor.py:161} INFO - Started process (PID=573) to work on /home/airflow/.local/lib/python3.8/site-packages/airflow/example_dags/example_skip_dag.py
[2024-03-13T07:06:48.228+0000] {processor.py:830} INFO - Processing file /home/airflow/.local/lib/python3.8/site-packages/airflow/example_dags/example_skip_dag.py for tasks to queue
[2024-03-13T07:06:48.229+0000] {logging_mixin.py:188} INFO - [2024-03-13T07:06:48.229+0000] {dagbag.py:540} INFO - Filling up the DagBag from /home/airflow/.local/lib/python3.8/site-packages/airflow/example_dags/example_skip_dag.py
[2024-03-13T07:06:48.234+0000] {processor.py:840} INFO - DAG(s) 'example_skip_dag' retrieved from /home/airflow/.local/lib/python3.8/site-packages/airflow/example_dags/example_skip_dag.py
[2024-03-13T07:06:48.250+0000] {logging_mixin.py:188} INFO - [2024-03-13T07:06:48.250+0000] {dag.py:3047} INFO - Sync 1 DAGs
[2024-03-13T07:06:48.267+0000] {logging_mixin.py:188} INFO - [2024-03-13T07:06:48.267+0000] {dag.py:3834} INFO - Setting next_dagrun for example_skip_dag to 2024-03-12 00:00:00+00:00, run_after=2024-03-13 00:00:00+00:00
[2024-03-13T07:06:48.283+0000] {processor.py:183} INFO - Processing /home/airflow/.local/lib/python3.8/site-packages/airflow/example_dags/example_skip_dag.py took 0.058 seconds
[2024-03-13T07:09:30.493+0000] {processor.py:161} INFO - Started process (PID=69) to work on /home/airflow/.local/lib/python3.8/site-packages/airflow/example_dags/example_skip_dag.py
[2024-03-13T07:09:30.494+0000] {processor.py:830} INFO - Processing file /home/airflow/.local/lib/python3.8/site-packages/airflow/example_dags/example_skip_dag.py for tasks to queue
[2024-03-13T07:09:30.496+0000] {logging_mixin.py:188} INFO - [2024-03-13T07:09:30.495+0000] {dagbag.py:540} INFO - Filling up the DagBag from /home/airflow/.local/lib/python3.8/site-packages/airflow/example_dags/example_skip_dag.py
[2024-03-13T07:09:30.503+0000] {processor.py:840} INFO - DAG(s) 'example_skip_dag' retrieved from /home/airflow/.local/lib/python3.8/site-packages/airflow/example_dags/example_skip_dag.py
[2024-03-13T07:09:30.513+0000] {logging_mixin.py:188} INFO - [2024-03-13T07:09:30.513+0000] {dag.py:3047} INFO - Sync 1 DAGs
[2024-03-13T07:09:30.533+0000] {logging_mixin.py:188} INFO - [2024-03-13T07:09:30.533+0000] {dag.py:3834} INFO - Setting next_dagrun for example_skip_dag to 2024-03-12 00:00:00+00:00, run_after=2024-03-13 00:00:00+00:00
[2024-03-13T07:09:30.553+0000] {processor.py:183} INFO - Processing /home/airflow/.local/lib/python3.8/site-packages/airflow/example_dags/example_skip_dag.py took 0.063 seconds
[2024-03-13T07:10:01.537+0000] {processor.py:161} INFO - Started process (PID=125) to work on /home/airflow/.local/lib/python3.8/site-packages/airflow/example_dags/example_skip_dag.py
[2024-03-13T07:10:01.538+0000] {processor.py:830} INFO - Processing file /home/airflow/.local/lib/python3.8/site-packages/airflow/example_dags/example_skip_dag.py for tasks to queue
[2024-03-13T07:10:01.539+0000] {logging_mixin.py:188} INFO - [2024-03-13T07:10:01.539+0000] {dagbag.py:540} INFO - Filling up the DagBag from /home/airflow/.local/lib/python3.8/site-packages/airflow/example_dags/example_skip_dag.py
[2024-03-13T07:10:01.544+0000] {processor.py:840} INFO - DAG(s) 'example_skip_dag' retrieved from /home/airflow/.local/lib/python3.8/site-packages/airflow/example_dags/example_skip_dag.py
[2024-03-13T07:10:01.615+0000] {logging_mixin.py:188} INFO - [2024-03-13T07:10:01.615+0000] {dag.py:3047} INFO - Sync 1 DAGs
[2024-03-13T07:10:01.630+0000] {logging_mixin.py:188} INFO - [2024-03-13T07:10:01.630+0000] {dag.py:3834} INFO - Setting next_dagrun for example_skip_dag to 2024-03-12 00:00:00+00:00, run_after=2024-03-13 00:00:00+00:00
[2024-03-13T07:10:01.649+0000] {processor.py:183} INFO - Processing /home/airflow/.local/lib/python3.8/site-packages/airflow/example_dags/example_skip_dag.py took 0.115 seconds
[2024-03-13T07:10:31.857+0000] {processor.py:161} INFO - Started process (PID=181) to work on /home/airflow/.local/lib/python3.8/site-packages/airflow/example_dags/example_skip_dag.py
[2024-03-13T07:10:31.858+0000] {processor.py:830} INFO - Processing file /home/airflow/.local/lib/python3.8/site-packages/airflow/example_dags/example_skip_dag.py for tasks to queue
[2024-03-13T07:10:31.859+0000] {logging_mixin.py:188} INFO - [2024-03-13T07:10:31.859+0000] {dagbag.py:540} INFO - Filling up the DagBag from /home/airflow/.local/lib/python3.8/site-packages/airflow/example_dags/example_skip_dag.py
[2024-03-13T07:10:31.865+0000] {processor.py:840} INFO - DAG(s) 'example_skip_dag' retrieved from /home/airflow/.local/lib/python3.8/site-packages/airflow/example_dags/example_skip_dag.py
[2024-03-13T07:10:31.881+0000] {logging_mixin.py:188} INFO - [2024-03-13T07:10:31.881+0000] {dag.py:3047} INFO - Sync 1 DAGs
[2024-03-13T07:10:31.898+0000] {logging_mixin.py:188} INFO - [2024-03-13T07:10:31.898+0000] {dag.py:3834} INFO - Setting next_dagrun for example_skip_dag to 2024-03-12 00:00:00+00:00, run_after=2024-03-13 00:00:00+00:00
[2024-03-13T07:10:31.914+0000] {processor.py:183} INFO - Processing /home/airflow/.local/lib/python3.8/site-packages/airflow/example_dags/example_skip_dag.py took 0.060 seconds
[2024-03-13T07:11:02.129+0000] {processor.py:161} INFO - Started process (PID=237) to work on /home/airflow/.local/lib/python3.8/site-packages/airflow/example_dags/example_skip_dag.py
[2024-03-13T07:11:02.130+0000] {processor.py:830} INFO - Processing file /home/airflow/.local/lib/python3.8/site-packages/airflow/example_dags/example_skip_dag.py for tasks to queue
[2024-03-13T07:11:02.132+0000] {logging_mixin.py:188} INFO - [2024-03-13T07:11:02.132+0000] {dagbag.py:540} INFO - Filling up the DagBag from /home/airflow/.local/lib/python3.8/site-packages/airflow/example_dags/example_skip_dag.py
[2024-03-13T07:11:02.137+0000] {processor.py:840} INFO - DAG(s) 'example_skip_dag' retrieved from /home/airflow/.local/lib/python3.8/site-packages/airflow/example_dags/example_skip_dag.py
[2024-03-13T07:11:02.154+0000] {logging_mixin.py:188} INFO - [2024-03-13T07:11:02.153+0000] {dag.py:3047} INFO - Sync 1 DAGs
[2024-03-13T07:11:02.172+0000] {logging_mixin.py:188} INFO - [2024-03-13T07:11:02.172+0000] {dag.py:3834} INFO - Setting next_dagrun for example_skip_dag to 2024-03-12 00:00:00+00:00, run_after=2024-03-13 00:00:00+00:00
[2024-03-13T07:11:02.188+0000] {processor.py:183} INFO - Processing /home/airflow/.local/lib/python3.8/site-packages/airflow/example_dags/example_skip_dag.py took 0.062 seconds
[2024-03-13T07:11:32.444+0000] {processor.py:161} INFO - Started process (PID=294) to work on /home/airflow/.local/lib/python3.8/site-packages/airflow/example_dags/example_skip_dag.py
[2024-03-13T07:11:32.445+0000] {processor.py:830} INFO - Processing file /home/airflow/.local/lib/python3.8/site-packages/airflow/example_dags/example_skip_dag.py for tasks to queue
[2024-03-13T07:11:32.447+0000] {logging_mixin.py:188} INFO - [2024-03-13T07:11:32.447+0000] {dagbag.py:540} INFO - Filling up the DagBag from /home/airflow/.local/lib/python3.8/site-packages/airflow/example_dags/example_skip_dag.py
[2024-03-13T07:11:32.452+0000] {processor.py:840} INFO - DAG(s) 'example_skip_dag' retrieved from /home/airflow/.local/lib/python3.8/site-packages/airflow/example_dags/example_skip_dag.py
[2024-03-13T07:11:32.468+0000] {logging_mixin.py:188} INFO - [2024-03-13T07:11:32.468+0000] {dag.py:3047} INFO - Sync 1 DAGs
[2024-03-13T07:11:32.485+0000] {logging_mixin.py:188} INFO - [2024-03-13T07:11:32.485+0000] {dag.py:3834} INFO - Setting next_dagrun for example_skip_dag to 2024-03-12 00:00:00+00:00, run_after=2024-03-13 00:00:00+00:00
[2024-03-13T07:11:32.502+0000] {processor.py:183} INFO - Processing /home/airflow/.local/lib/python3.8/site-packages/airflow/example_dags/example_skip_dag.py took 0.060 seconds
