[2024-03-13T06:40:19.690+0000] {processor.py:161} INFO - Started process (PID=438) to work on /home/airflow/.local/lib/python3.8/site-packages/airflow/example_dags/example_python_decorator.py
[2024-03-13T06:40:19.690+0000] {processor.py:830} INFO - Processing file /home/airflow/.local/lib/python3.8/site-packages/airflow/example_dags/example_python_decorator.py for tasks to queue
[2024-03-13T06:40:19.691+0000] {logging_mixin.py:188} INFO - [2024-03-13T06:40:19.691+0000] {dagbag.py:540} INFO - Filling up the DagBag from /home/airflow/.local/lib/python3.8/site-packages/airflow/example_dags/example_python_decorator.py
[2024-03-13T06:40:19.702+0000] {processor.py:840} INFO - DAG(s) 'example_python_decorator' retrieved from /home/airflow/.local/lib/python3.8/site-packages/airflow/example_dags/example_python_decorator.py
[2024-03-13T06:40:19.718+0000] {logging_mixin.py:188} INFO - [2024-03-13T06:40:19.718+0000] {dag.py:3047} INFO - Sync 1 DAGs
[2024-03-13T06:40:19.728+0000] {logging_mixin.py:188} INFO - [2024-03-13T06:40:19.728+0000] {dag.py:3834} INFO - Setting next_dagrun for example_python_decorator to None, run_after=None
[2024-03-13T06:40:19.743+0000] {processor.py:183} INFO - Processing /home/airflow/.local/lib/python3.8/site-packages/airflow/example_dags/example_python_decorator.py took 0.055 seconds
[2024-03-13T06:40:50.080+0000] {processor.py:161} INFO - Started process (PID=494) to work on /home/airflow/.local/lib/python3.8/site-packages/airflow/example_dags/example_python_decorator.py
[2024-03-13T06:40:50.081+0000] {processor.py:830} INFO - Processing file /home/airflow/.local/lib/python3.8/site-packages/airflow/example_dags/example_python_decorator.py for tasks to queue
[2024-03-13T06:40:50.082+0000] {logging_mixin.py:188} INFO - [2024-03-13T06:40:50.081+0000] {dagbag.py:540} INFO - Filling up the DagBag from /home/airflow/.local/lib/python3.8/site-packages/airflow/example_dags/example_python_decorator.py
[2024-03-13T06:40:50.092+0000] {processor.py:840} INFO - DAG(s) 'example_python_decorator' retrieved from /home/airflow/.local/lib/python3.8/site-packages/airflow/example_dags/example_python_decorator.py
[2024-03-13T06:40:50.109+0000] {logging_mixin.py:188} INFO - [2024-03-13T06:40:50.109+0000] {dag.py:3047} INFO - Sync 1 DAGs
[2024-03-13T06:40:50.120+0000] {logging_mixin.py:188} INFO - [2024-03-13T06:40:50.119+0000] {dag.py:3834} INFO - Setting next_dagrun for example_python_decorator to None, run_after=None
[2024-03-13T06:40:50.135+0000] {processor.py:183} INFO - Processing /home/airflow/.local/lib/python3.8/site-packages/airflow/example_dags/example_python_decorator.py took 0.058 seconds
[2024-03-13T06:41:20.563+0000] {processor.py:161} INFO - Started process (PID=550) to work on /home/airflow/.local/lib/python3.8/site-packages/airflow/example_dags/example_python_decorator.py
[2024-03-13T06:41:20.564+0000] {processor.py:830} INFO - Processing file /home/airflow/.local/lib/python3.8/site-packages/airflow/example_dags/example_python_decorator.py for tasks to queue
[2024-03-13T06:41:20.564+0000] {logging_mixin.py:188} INFO - [2024-03-13T06:41:20.564+0000] {dagbag.py:540} INFO - Filling up the DagBag from /home/airflow/.local/lib/python3.8/site-packages/airflow/example_dags/example_python_decorator.py
[2024-03-13T06:41:20.574+0000] {processor.py:840} INFO - DAG(s) 'example_python_decorator' retrieved from /home/airflow/.local/lib/python3.8/site-packages/airflow/example_dags/example_python_decorator.py
[2024-03-13T06:41:20.591+0000] {logging_mixin.py:188} INFO - [2024-03-13T06:41:20.590+0000] {dag.py:3047} INFO - Sync 1 DAGs
[2024-03-13T06:41:20.600+0000] {logging_mixin.py:188} INFO - [2024-03-13T06:41:20.600+0000] {dag.py:3834} INFO - Setting next_dagrun for example_python_decorator to None, run_after=None
[2024-03-13T06:41:20.616+0000] {processor.py:183} INFO - Processing /home/airflow/.local/lib/python3.8/site-packages/airflow/example_dags/example_python_decorator.py took 0.056 seconds
[2024-03-13T06:41:51.148+0000] {processor.py:161} INFO - Started process (PID=606) to work on /home/airflow/.local/lib/python3.8/site-packages/airflow/example_dags/example_python_decorator.py
[2024-03-13T06:41:51.149+0000] {processor.py:830} INFO - Processing file /home/airflow/.local/lib/python3.8/site-packages/airflow/example_dags/example_python_decorator.py for tasks to queue
[2024-03-13T06:41:51.150+0000] {logging_mixin.py:188} INFO - [2024-03-13T06:41:51.150+0000] {dagbag.py:540} INFO - Filling up the DagBag from /home/airflow/.local/lib/python3.8/site-packages/airflow/example_dags/example_python_decorator.py
[2024-03-13T06:41:51.160+0000] {processor.py:840} INFO - DAG(s) 'example_python_decorator' retrieved from /home/airflow/.local/lib/python3.8/site-packages/airflow/example_dags/example_python_decorator.py
[2024-03-13T06:41:51.177+0000] {logging_mixin.py:188} INFO - [2024-03-13T06:41:51.177+0000] {dag.py:3047} INFO - Sync 1 DAGs
[2024-03-13T06:41:51.187+0000] {logging_mixin.py:188} INFO - [2024-03-13T06:41:51.187+0000] {dag.py:3834} INFO - Setting next_dagrun for example_python_decorator to None, run_after=None
[2024-03-13T06:41:51.205+0000] {processor.py:183} INFO - Processing /home/airflow/.local/lib/python3.8/site-packages/airflow/example_dags/example_python_decorator.py took 0.060 seconds
[2024-03-13T06:42:21.530+0000] {processor.py:161} INFO - Started process (PID=662) to work on /home/airflow/.local/lib/python3.8/site-packages/airflow/example_dags/example_python_decorator.py
[2024-03-13T06:42:21.531+0000] {processor.py:830} INFO - Processing file /home/airflow/.local/lib/python3.8/site-packages/airflow/example_dags/example_python_decorator.py for tasks to queue
[2024-03-13T06:42:21.532+0000] {logging_mixin.py:188} INFO - [2024-03-13T06:42:21.532+0000] {dagbag.py:540} INFO - Filling up the DagBag from /home/airflow/.local/lib/python3.8/site-packages/airflow/example_dags/example_python_decorator.py
[2024-03-13T06:42:21.543+0000] {processor.py:840} INFO - DAG(s) 'example_python_decorator' retrieved from /home/airflow/.local/lib/python3.8/site-packages/airflow/example_dags/example_python_decorator.py
[2024-03-13T06:42:21.560+0000] {logging_mixin.py:188} INFO - [2024-03-13T06:42:21.559+0000] {dag.py:3047} INFO - Sync 1 DAGs
[2024-03-13T06:42:21.569+0000] {logging_mixin.py:188} INFO - [2024-03-13T06:42:21.568+0000] {dag.py:3834} INFO - Setting next_dagrun for example_python_decorator to None, run_after=None
[2024-03-13T06:42:21.585+0000] {processor.py:183} INFO - Processing /home/airflow/.local/lib/python3.8/site-packages/airflow/example_dags/example_python_decorator.py took 0.057 seconds
[2024-03-13T06:42:51.801+0000] {processor.py:161} INFO - Started process (PID=718) to work on /home/airflow/.local/lib/python3.8/site-packages/airflow/example_dags/example_python_decorator.py
[2024-03-13T06:42:51.801+0000] {processor.py:830} INFO - Processing file /home/airflow/.local/lib/python3.8/site-packages/airflow/example_dags/example_python_decorator.py for tasks to queue
[2024-03-13T06:42:51.802+0000] {logging_mixin.py:188} INFO - [2024-03-13T06:42:51.802+0000] {dagbag.py:540} INFO - Filling up the DagBag from /home/airflow/.local/lib/python3.8/site-packages/airflow/example_dags/example_python_decorator.py
[2024-03-13T06:42:51.812+0000] {processor.py:840} INFO - DAG(s) 'example_python_decorator' retrieved from /home/airflow/.local/lib/python3.8/site-packages/airflow/example_dags/example_python_decorator.py
[2024-03-13T06:42:51.829+0000] {logging_mixin.py:188} INFO - [2024-03-13T06:42:51.829+0000] {dag.py:3047} INFO - Sync 1 DAGs
[2024-03-13T06:42:51.838+0000] {logging_mixin.py:188} INFO - [2024-03-13T06:42:51.838+0000] {dag.py:3834} INFO - Setting next_dagrun for example_python_decorator to None, run_after=None
[2024-03-13T06:42:51.854+0000] {processor.py:183} INFO - Processing /home/airflow/.local/lib/python3.8/site-packages/airflow/example_dags/example_python_decorator.py took 0.055 seconds
[2024-03-13T06:43:22.133+0000] {processor.py:161} INFO - Started process (PID=774) to work on /home/airflow/.local/lib/python3.8/site-packages/airflow/example_dags/example_python_decorator.py
[2024-03-13T06:43:22.134+0000] {processor.py:830} INFO - Processing file /home/airflow/.local/lib/python3.8/site-packages/airflow/example_dags/example_python_decorator.py for tasks to queue
[2024-03-13T06:43:22.134+0000] {logging_mixin.py:188} INFO - [2024-03-13T06:43:22.134+0000] {dagbag.py:540} INFO - Filling up the DagBag from /home/airflow/.local/lib/python3.8/site-packages/airflow/example_dags/example_python_decorator.py
[2024-03-13T06:43:22.144+0000] {processor.py:840} INFO - DAG(s) 'example_python_decorator' retrieved from /home/airflow/.local/lib/python3.8/site-packages/airflow/example_dags/example_python_decorator.py
[2024-03-13T06:43:22.162+0000] {logging_mixin.py:188} INFO - [2024-03-13T06:43:22.162+0000] {dag.py:3047} INFO - Sync 1 DAGs
[2024-03-13T06:43:22.172+0000] {logging_mixin.py:188} INFO - [2024-03-13T06:43:22.172+0000] {dag.py:3834} INFO - Setting next_dagrun for example_python_decorator to None, run_after=None
[2024-03-13T06:43:22.188+0000] {processor.py:183} INFO - Processing /home/airflow/.local/lib/python3.8/site-packages/airflow/example_dags/example_python_decorator.py took 0.058 seconds
[2024-03-13T06:43:52.569+0000] {processor.py:161} INFO - Started process (PID=830) to work on /home/airflow/.local/lib/python3.8/site-packages/airflow/example_dags/example_python_decorator.py
[2024-03-13T06:43:52.570+0000] {processor.py:830} INFO - Processing file /home/airflow/.local/lib/python3.8/site-packages/airflow/example_dags/example_python_decorator.py for tasks to queue
[2024-03-13T06:43:52.571+0000] {logging_mixin.py:188} INFO - [2024-03-13T06:43:52.571+0000] {dagbag.py:540} INFO - Filling up the DagBag from /home/airflow/.local/lib/python3.8/site-packages/airflow/example_dags/example_python_decorator.py
[2024-03-13T06:43:52.581+0000] {processor.py:840} INFO - DAG(s) 'example_python_decorator' retrieved from /home/airflow/.local/lib/python3.8/site-packages/airflow/example_dags/example_python_decorator.py
[2024-03-13T06:43:52.598+0000] {logging_mixin.py:188} INFO - [2024-03-13T06:43:52.598+0000] {dag.py:3047} INFO - Sync 1 DAGs
[2024-03-13T06:43:52.606+0000] {logging_mixin.py:188} INFO - [2024-03-13T06:43:52.606+0000] {dag.py:3834} INFO - Setting next_dagrun for example_python_decorator to None, run_after=None
[2024-03-13T06:43:52.623+0000] {processor.py:183} INFO - Processing /home/airflow/.local/lib/python3.8/site-packages/airflow/example_dags/example_python_decorator.py took 0.056 seconds
[2024-03-13T06:44:22.972+0000] {processor.py:161} INFO - Started process (PID=886) to work on /home/airflow/.local/lib/python3.8/site-packages/airflow/example_dags/example_python_decorator.py
[2024-03-13T06:44:22.972+0000] {processor.py:830} INFO - Processing file /home/airflow/.local/lib/python3.8/site-packages/airflow/example_dags/example_python_decorator.py for tasks to queue
[2024-03-13T06:44:22.973+0000] {logging_mixin.py:188} INFO - [2024-03-13T06:44:22.973+0000] {dagbag.py:540} INFO - Filling up the DagBag from /home/airflow/.local/lib/python3.8/site-packages/airflow/example_dags/example_python_decorator.py
[2024-03-13T06:44:22.983+0000] {processor.py:840} INFO - DAG(s) 'example_python_decorator' retrieved from /home/airflow/.local/lib/python3.8/site-packages/airflow/example_dags/example_python_decorator.py
[2024-03-13T06:44:23.000+0000] {logging_mixin.py:188} INFO - [2024-03-13T06:44:23.000+0000] {dag.py:3047} INFO - Sync 1 DAGs
[2024-03-13T06:44:23.010+0000] {logging_mixin.py:188} INFO - [2024-03-13T06:44:23.010+0000] {dag.py:3834} INFO - Setting next_dagrun for example_python_decorator to None, run_after=None
[2024-03-13T06:44:23.026+0000] {processor.py:183} INFO - Processing /home/airflow/.local/lib/python3.8/site-packages/airflow/example_dags/example_python_decorator.py took 0.057 seconds
[2024-03-13T06:44:53.299+0000] {processor.py:161} INFO - Started process (PID=942) to work on /home/airflow/.local/lib/python3.8/site-packages/airflow/example_dags/example_python_decorator.py
[2024-03-13T06:44:53.300+0000] {processor.py:830} INFO - Processing file /home/airflow/.local/lib/python3.8/site-packages/airflow/example_dags/example_python_decorator.py for tasks to queue
[2024-03-13T06:44:53.301+0000] {logging_mixin.py:188} INFO - [2024-03-13T06:44:53.301+0000] {dagbag.py:540} INFO - Filling up the DagBag from /home/airflow/.local/lib/python3.8/site-packages/airflow/example_dags/example_python_decorator.py
[2024-03-13T06:44:53.315+0000] {processor.py:840} INFO - DAG(s) 'example_python_decorator' retrieved from /home/airflow/.local/lib/python3.8/site-packages/airflow/example_dags/example_python_decorator.py
[2024-03-13T06:44:53.340+0000] {logging_mixin.py:188} INFO - [2024-03-13T06:44:53.340+0000] {dag.py:3047} INFO - Sync 1 DAGs
[2024-03-13T06:44:53.352+0000] {logging_mixin.py:188} INFO - [2024-03-13T06:44:53.352+0000] {dag.py:3834} INFO - Setting next_dagrun for example_python_decorator to None, run_after=None
[2024-03-13T06:44:53.375+0000] {processor.py:183} INFO - Processing /home/airflow/.local/lib/python3.8/site-packages/airflow/example_dags/example_python_decorator.py took 0.078 seconds
[2024-03-13T06:45:23.411+0000] {processor.py:161} INFO - Started process (PID=999) to work on /home/airflow/.local/lib/python3.8/site-packages/airflow/example_dags/example_python_decorator.py
[2024-03-13T06:45:23.412+0000] {processor.py:830} INFO - Processing file /home/airflow/.local/lib/python3.8/site-packages/airflow/example_dags/example_python_decorator.py for tasks to queue
[2024-03-13T06:45:23.413+0000] {logging_mixin.py:188} INFO - [2024-03-13T06:45:23.413+0000] {dagbag.py:540} INFO - Filling up the DagBag from /home/airflow/.local/lib/python3.8/site-packages/airflow/example_dags/example_python_decorator.py
[2024-03-13T06:45:23.424+0000] {processor.py:840} INFO - DAG(s) 'example_python_decorator' retrieved from /home/airflow/.local/lib/python3.8/site-packages/airflow/example_dags/example_python_decorator.py
[2024-03-13T06:45:23.442+0000] {logging_mixin.py:188} INFO - [2024-03-13T06:45:23.441+0000] {dag.py:3047} INFO - Sync 1 DAGs
[2024-03-13T06:45:23.451+0000] {logging_mixin.py:188} INFO - [2024-03-13T06:45:23.451+0000] {dag.py:3834} INFO - Setting next_dagrun for example_python_decorator to None, run_after=None
[2024-03-13T06:45:23.469+0000] {processor.py:183} INFO - Processing /home/airflow/.local/lib/python3.8/site-packages/airflow/example_dags/example_python_decorator.py took 0.061 seconds
[2024-03-13T06:45:53.972+0000] {processor.py:161} INFO - Started process (PID=1055) to work on /home/airflow/.local/lib/python3.8/site-packages/airflow/example_dags/example_python_decorator.py
[2024-03-13T06:45:53.973+0000] {processor.py:830} INFO - Processing file /home/airflow/.local/lib/python3.8/site-packages/airflow/example_dags/example_python_decorator.py for tasks to queue
[2024-03-13T06:45:53.974+0000] {logging_mixin.py:188} INFO - [2024-03-13T06:45:53.974+0000] {dagbag.py:540} INFO - Filling up the DagBag from /home/airflow/.local/lib/python3.8/site-packages/airflow/example_dags/example_python_decorator.py
[2024-03-13T06:45:53.985+0000] {processor.py:840} INFO - DAG(s) 'example_python_decorator' retrieved from /home/airflow/.local/lib/python3.8/site-packages/airflow/example_dags/example_python_decorator.py
[2024-03-13T06:45:54.003+0000] {logging_mixin.py:188} INFO - [2024-03-13T06:45:54.002+0000] {dag.py:3047} INFO - Sync 1 DAGs
[2024-03-13T06:45:54.012+0000] {logging_mixin.py:188} INFO - [2024-03-13T06:45:54.012+0000] {dag.py:3834} INFO - Setting next_dagrun for example_python_decorator to None, run_after=None
[2024-03-13T06:45:54.031+0000] {processor.py:183} INFO - Processing /home/airflow/.local/lib/python3.8/site-packages/airflow/example_dags/example_python_decorator.py took 0.062 seconds
[2024-03-13T06:46:24.577+0000] {processor.py:161} INFO - Started process (PID=1111) to work on /home/airflow/.local/lib/python3.8/site-packages/airflow/example_dags/example_python_decorator.py
[2024-03-13T06:46:24.578+0000] {processor.py:830} INFO - Processing file /home/airflow/.local/lib/python3.8/site-packages/airflow/example_dags/example_python_decorator.py for tasks to queue
[2024-03-13T06:46:24.579+0000] {logging_mixin.py:188} INFO - [2024-03-13T06:46:24.579+0000] {dagbag.py:540} INFO - Filling up the DagBag from /home/airflow/.local/lib/python3.8/site-packages/airflow/example_dags/example_python_decorator.py
[2024-03-13T06:46:24.590+0000] {processor.py:840} INFO - DAG(s) 'example_python_decorator' retrieved from /home/airflow/.local/lib/python3.8/site-packages/airflow/example_dags/example_python_decorator.py
[2024-03-13T06:46:24.608+0000] {logging_mixin.py:188} INFO - [2024-03-13T06:46:24.608+0000] {dag.py:3047} INFO - Sync 1 DAGs
[2024-03-13T06:46:24.619+0000] {logging_mixin.py:188} INFO - [2024-03-13T06:46:24.619+0000] {dag.py:3834} INFO - Setting next_dagrun for example_python_decorator to None, run_after=None
[2024-03-13T06:46:24.636+0000] {processor.py:183} INFO - Processing /home/airflow/.local/lib/python3.8/site-packages/airflow/example_dags/example_python_decorator.py took 0.061 seconds
[2024-03-13T06:46:54.959+0000] {processor.py:161} INFO - Started process (PID=1174) to work on /home/airflow/.local/lib/python3.8/site-packages/airflow/example_dags/example_python_decorator.py
[2024-03-13T06:46:54.960+0000] {processor.py:830} INFO - Processing file /home/airflow/.local/lib/python3.8/site-packages/airflow/example_dags/example_python_decorator.py for tasks to queue
[2024-03-13T06:46:54.961+0000] {logging_mixin.py:188} INFO - [2024-03-13T06:46:54.960+0000] {dagbag.py:540} INFO - Filling up the DagBag from /home/airflow/.local/lib/python3.8/site-packages/airflow/example_dags/example_python_decorator.py
[2024-03-13T06:46:54.971+0000] {processor.py:840} INFO - DAG(s) 'example_python_decorator' retrieved from /home/airflow/.local/lib/python3.8/site-packages/airflow/example_dags/example_python_decorator.py
[2024-03-13T06:46:54.989+0000] {logging_mixin.py:188} INFO - [2024-03-13T06:46:54.989+0000] {dag.py:3047} INFO - Sync 1 DAGs
[2024-03-13T06:46:55.000+0000] {logging_mixin.py:188} INFO - [2024-03-13T06:46:54.999+0000] {dag.py:3834} INFO - Setting next_dagrun for example_python_decorator to None, run_after=None
[2024-03-13T06:46:55.017+0000] {processor.py:183} INFO - Processing /home/airflow/.local/lib/python3.8/site-packages/airflow/example_dags/example_python_decorator.py took 0.061 seconds
[2024-03-13T06:47:25.316+0000] {processor.py:161} INFO - Started process (PID=1230) to work on /home/airflow/.local/lib/python3.8/site-packages/airflow/example_dags/example_python_decorator.py
[2024-03-13T06:47:25.317+0000] {processor.py:830} INFO - Processing file /home/airflow/.local/lib/python3.8/site-packages/airflow/example_dags/example_python_decorator.py for tasks to queue
[2024-03-13T06:47:25.318+0000] {logging_mixin.py:188} INFO - [2024-03-13T06:47:25.318+0000] {dagbag.py:540} INFO - Filling up the DagBag from /home/airflow/.local/lib/python3.8/site-packages/airflow/example_dags/example_python_decorator.py
[2024-03-13T06:47:25.331+0000] {processor.py:840} INFO - DAG(s) 'example_python_decorator' retrieved from /home/airflow/.local/lib/python3.8/site-packages/airflow/example_dags/example_python_decorator.py
[2024-03-13T06:47:25.351+0000] {logging_mixin.py:188} INFO - [2024-03-13T06:47:25.351+0000] {dag.py:3047} INFO - Sync 1 DAGs
[2024-03-13T06:47:25.363+0000] {logging_mixin.py:188} INFO - [2024-03-13T06:47:25.363+0000] {dag.py:3834} INFO - Setting next_dagrun for example_python_decorator to None, run_after=None
[2024-03-13T06:47:25.384+0000] {processor.py:183} INFO - Processing /home/airflow/.local/lib/python3.8/site-packages/airflow/example_dags/example_python_decorator.py took 0.071 seconds
[2024-03-13T06:47:55.412+0000] {processor.py:161} INFO - Started process (PID=1286) to work on /home/airflow/.local/lib/python3.8/site-packages/airflow/example_dags/example_python_decorator.py
[2024-03-13T06:47:55.413+0000] {processor.py:830} INFO - Processing file /home/airflow/.local/lib/python3.8/site-packages/airflow/example_dags/example_python_decorator.py for tasks to queue
[2024-03-13T06:47:55.414+0000] {logging_mixin.py:188} INFO - [2024-03-13T06:47:55.414+0000] {dagbag.py:540} INFO - Filling up the DagBag from /home/airflow/.local/lib/python3.8/site-packages/airflow/example_dags/example_python_decorator.py
[2024-03-13T06:47:55.425+0000] {processor.py:840} INFO - DAG(s) 'example_python_decorator' retrieved from /home/airflow/.local/lib/python3.8/site-packages/airflow/example_dags/example_python_decorator.py
[2024-03-13T06:47:55.442+0000] {logging_mixin.py:188} INFO - [2024-03-13T06:47:55.442+0000] {dag.py:3047} INFO - Sync 1 DAGs
[2024-03-13T06:47:55.452+0000] {logging_mixin.py:188} INFO - [2024-03-13T06:47:55.451+0000] {dag.py:3834} INFO - Setting next_dagrun for example_python_decorator to None, run_after=None
[2024-03-13T06:47:55.469+0000] {processor.py:183} INFO - Processing /home/airflow/.local/lib/python3.8/site-packages/airflow/example_dags/example_python_decorator.py took 0.059 seconds
[2024-03-13T06:48:25.780+0000] {processor.py:161} INFO - Started process (PID=1342) to work on /home/airflow/.local/lib/python3.8/site-packages/airflow/example_dags/example_python_decorator.py
[2024-03-13T06:48:25.781+0000] {processor.py:830} INFO - Processing file /home/airflow/.local/lib/python3.8/site-packages/airflow/example_dags/example_python_decorator.py for tasks to queue
[2024-03-13T06:48:25.782+0000] {logging_mixin.py:188} INFO - [2024-03-13T06:48:25.782+0000] {dagbag.py:540} INFO - Filling up the DagBag from /home/airflow/.local/lib/python3.8/site-packages/airflow/example_dags/example_python_decorator.py
[2024-03-13T06:48:25.792+0000] {processor.py:840} INFO - DAG(s) 'example_python_decorator' retrieved from /home/airflow/.local/lib/python3.8/site-packages/airflow/example_dags/example_python_decorator.py
[2024-03-13T06:48:25.810+0000] {logging_mixin.py:188} INFO - [2024-03-13T06:48:25.810+0000] {dag.py:3047} INFO - Sync 1 DAGs
[2024-03-13T06:48:25.821+0000] {logging_mixin.py:188} INFO - [2024-03-13T06:48:25.821+0000] {dag.py:3834} INFO - Setting next_dagrun for example_python_decorator to None, run_after=None
[2024-03-13T06:48:25.839+0000] {processor.py:183} INFO - Processing /home/airflow/.local/lib/python3.8/site-packages/airflow/example_dags/example_python_decorator.py took 0.061 seconds
[2024-03-13T06:48:56.059+0000] {processor.py:161} INFO - Started process (PID=1400) to work on /home/airflow/.local/lib/python3.8/site-packages/airflow/example_dags/example_python_decorator.py
[2024-03-13T06:48:56.060+0000] {processor.py:830} INFO - Processing file /home/airflow/.local/lib/python3.8/site-packages/airflow/example_dags/example_python_decorator.py for tasks to queue
[2024-03-13T06:48:56.061+0000] {logging_mixin.py:188} INFO - [2024-03-13T06:48:56.061+0000] {dagbag.py:540} INFO - Filling up the DagBag from /home/airflow/.local/lib/python3.8/site-packages/airflow/example_dags/example_python_decorator.py
[2024-03-13T06:48:56.071+0000] {processor.py:840} INFO - DAG(s) 'example_python_decorator' retrieved from /home/airflow/.local/lib/python3.8/site-packages/airflow/example_dags/example_python_decorator.py
[2024-03-13T06:48:56.088+0000] {logging_mixin.py:188} INFO - [2024-03-13T06:48:56.088+0000] {dag.py:3047} INFO - Sync 1 DAGs
[2024-03-13T06:48:56.097+0000] {logging_mixin.py:188} INFO - [2024-03-13T06:48:56.097+0000] {dag.py:3834} INFO - Setting next_dagrun for example_python_decorator to None, run_after=None
[2024-03-13T06:48:56.114+0000] {processor.py:183} INFO - Processing /home/airflow/.local/lib/python3.8/site-packages/airflow/example_dags/example_python_decorator.py took 0.056 seconds
[2024-03-13T06:49:26.336+0000] {processor.py:161} INFO - Started process (PID=1456) to work on /home/airflow/.local/lib/python3.8/site-packages/airflow/example_dags/example_python_decorator.py
[2024-03-13T06:49:26.337+0000] {processor.py:830} INFO - Processing file /home/airflow/.local/lib/python3.8/site-packages/airflow/example_dags/example_python_decorator.py for tasks to queue
[2024-03-13T06:49:26.338+0000] {logging_mixin.py:188} INFO - [2024-03-13T06:49:26.338+0000] {dagbag.py:540} INFO - Filling up the DagBag from /home/airflow/.local/lib/python3.8/site-packages/airflow/example_dags/example_python_decorator.py
[2024-03-13T06:49:26.348+0000] {processor.py:840} INFO - DAG(s) 'example_python_decorator' retrieved from /home/airflow/.local/lib/python3.8/site-packages/airflow/example_dags/example_python_decorator.py
[2024-03-13T06:49:26.365+0000] {logging_mixin.py:188} INFO - [2024-03-13T06:49:26.365+0000] {dag.py:3047} INFO - Sync 1 DAGs
[2024-03-13T06:49:26.373+0000] {logging_mixin.py:188} INFO - [2024-03-13T06:49:26.373+0000] {dag.py:3834} INFO - Setting next_dagrun for example_python_decorator to None, run_after=None
[2024-03-13T06:49:26.388+0000] {processor.py:183} INFO - Processing /home/airflow/.local/lib/python3.8/site-packages/airflow/example_dags/example_python_decorator.py took 0.053 seconds
[2024-03-13T06:49:56.567+0000] {processor.py:161} INFO - Started process (PID=1514) to work on /home/airflow/.local/lib/python3.8/site-packages/airflow/example_dags/example_python_decorator.py
[2024-03-13T06:49:56.568+0000] {processor.py:830} INFO - Processing file /home/airflow/.local/lib/python3.8/site-packages/airflow/example_dags/example_python_decorator.py for tasks to queue
[2024-03-13T06:49:56.569+0000] {logging_mixin.py:188} INFO - [2024-03-13T06:49:56.569+0000] {dagbag.py:540} INFO - Filling up the DagBag from /home/airflow/.local/lib/python3.8/site-packages/airflow/example_dags/example_python_decorator.py
[2024-03-13T06:49:56.579+0000] {processor.py:840} INFO - DAG(s) 'example_python_decorator' retrieved from /home/airflow/.local/lib/python3.8/site-packages/airflow/example_dags/example_python_decorator.py
[2024-03-13T06:49:56.595+0000] {logging_mixin.py:188} INFO - [2024-03-13T06:49:56.595+0000] {dag.py:3047} INFO - Sync 1 DAGs
[2024-03-13T06:49:56.604+0000] {logging_mixin.py:188} INFO - [2024-03-13T06:49:56.604+0000] {dag.py:3834} INFO - Setting next_dagrun for example_python_decorator to None, run_after=None
[2024-03-13T06:49:56.619+0000] {processor.py:183} INFO - Processing /home/airflow/.local/lib/python3.8/site-packages/airflow/example_dags/example_python_decorator.py took 0.054 seconds
[2024-03-13T06:50:26.723+0000] {processor.py:161} INFO - Started process (PID=1570) to work on /home/airflow/.local/lib/python3.8/site-packages/airflow/example_dags/example_python_decorator.py
[2024-03-13T06:50:26.724+0000] {processor.py:830} INFO - Processing file /home/airflow/.local/lib/python3.8/site-packages/airflow/example_dags/example_python_decorator.py for tasks to queue
[2024-03-13T06:50:26.724+0000] {logging_mixin.py:188} INFO - [2024-03-13T06:50:26.724+0000] {dagbag.py:540} INFO - Filling up the DagBag from /home/airflow/.local/lib/python3.8/site-packages/airflow/example_dags/example_python_decorator.py
[2024-03-13T06:50:26.734+0000] {processor.py:840} INFO - DAG(s) 'example_python_decorator' retrieved from /home/airflow/.local/lib/python3.8/site-packages/airflow/example_dags/example_python_decorator.py
[2024-03-13T06:50:26.751+0000] {logging_mixin.py:188} INFO - [2024-03-13T06:50:26.751+0000] {dag.py:3047} INFO - Sync 1 DAGs
[2024-03-13T06:50:26.760+0000] {logging_mixin.py:188} INFO - [2024-03-13T06:50:26.759+0000] {dag.py:3834} INFO - Setting next_dagrun for example_python_decorator to None, run_after=None
[2024-03-13T06:50:26.776+0000] {processor.py:183} INFO - Processing /home/airflow/.local/lib/python3.8/site-packages/airflow/example_dags/example_python_decorator.py took 0.055 seconds
[2024-03-13T06:50:56.933+0000] {processor.py:161} INFO - Started process (PID=1630) to work on /home/airflow/.local/lib/python3.8/site-packages/airflow/example_dags/example_python_decorator.py
[2024-03-13T06:50:56.934+0000] {processor.py:830} INFO - Processing file /home/airflow/.local/lib/python3.8/site-packages/airflow/example_dags/example_python_decorator.py for tasks to queue
[2024-03-13T06:50:56.935+0000] {logging_mixin.py:188} INFO - [2024-03-13T06:50:56.935+0000] {dagbag.py:540} INFO - Filling up the DagBag from /home/airflow/.local/lib/python3.8/site-packages/airflow/example_dags/example_python_decorator.py
[2024-03-13T06:50:56.945+0000] {processor.py:840} INFO - DAG(s) 'example_python_decorator' retrieved from /home/airflow/.local/lib/python3.8/site-packages/airflow/example_dags/example_python_decorator.py
[2024-03-13T06:50:56.959+0000] {logging_mixin.py:188} INFO - [2024-03-13T06:50:56.959+0000] {dag.py:3047} INFO - Sync 1 DAGs
[2024-03-13T06:50:56.967+0000] {logging_mixin.py:188} INFO - [2024-03-13T06:50:56.967+0000] {dag.py:3834} INFO - Setting next_dagrun for example_python_decorator to None, run_after=None
[2024-03-13T06:50:56.981+0000] {processor.py:183} INFO - Processing /home/airflow/.local/lib/python3.8/site-packages/airflow/example_dags/example_python_decorator.py took 0.049 seconds
[2024-03-13T06:51:27.314+0000] {processor.py:161} INFO - Started process (PID=1689) to work on /home/airflow/.local/lib/python3.8/site-packages/airflow/example_dags/example_python_decorator.py
[2024-03-13T06:51:27.316+0000] {processor.py:830} INFO - Processing file /home/airflow/.local/lib/python3.8/site-packages/airflow/example_dags/example_python_decorator.py for tasks to queue
[2024-03-13T06:51:27.317+0000] {logging_mixin.py:188} INFO - [2024-03-13T06:51:27.316+0000] {dagbag.py:540} INFO - Filling up the DagBag from /home/airflow/.local/lib/python3.8/site-packages/airflow/example_dags/example_python_decorator.py
[2024-03-13T06:51:27.327+0000] {processor.py:840} INFO - DAG(s) 'example_python_decorator' retrieved from /home/airflow/.local/lib/python3.8/site-packages/airflow/example_dags/example_python_decorator.py
[2024-03-13T06:51:27.344+0000] {logging_mixin.py:188} INFO - [2024-03-13T06:51:27.344+0000] {dag.py:3047} INFO - Sync 1 DAGs
[2024-03-13T06:51:27.353+0000] {logging_mixin.py:188} INFO - [2024-03-13T06:51:27.353+0000] {dag.py:3834} INFO - Setting next_dagrun for example_python_decorator to None, run_after=None
[2024-03-13T06:51:27.368+0000] {processor.py:183} INFO - Processing /home/airflow/.local/lib/python3.8/site-packages/airflow/example_dags/example_python_decorator.py took 0.056 seconds
[2024-03-13T06:52:18.592+0000] {processor.py:161} INFO - Started process (PID=46) to work on /home/airflow/.local/lib/python3.8/site-packages/airflow/example_dags/example_python_decorator.py
[2024-03-13T06:52:18.593+0000] {processor.py:830} INFO - Processing file /home/airflow/.local/lib/python3.8/site-packages/airflow/example_dags/example_python_decorator.py for tasks to queue
[2024-03-13T06:52:18.594+0000] {logging_mixin.py:188} INFO - [2024-03-13T06:52:18.594+0000] {dagbag.py:540} INFO - Filling up the DagBag from /home/airflow/.local/lib/python3.8/site-packages/airflow/example_dags/example_python_decorator.py
[2024-03-13T06:52:18.616+0000] {processor.py:840} INFO - DAG(s) 'example_python_decorator' retrieved from /home/airflow/.local/lib/python3.8/site-packages/airflow/example_dags/example_python_decorator.py
[2024-03-13T06:52:18.631+0000] {logging_mixin.py:188} INFO - [2024-03-13T06:52:18.631+0000] {dag.py:3047} INFO - Sync 1 DAGs
[2024-03-13T06:52:18.646+0000] {logging_mixin.py:188} INFO - [2024-03-13T06:52:18.645+0000] {dag.py:3834} INFO - Setting next_dagrun for example_python_decorator to None, run_after=None
[2024-03-13T06:52:18.668+0000] {processor.py:183} INFO - Processing /home/airflow/.local/lib/python3.8/site-packages/airflow/example_dags/example_python_decorator.py took 0.079 seconds
[2024-03-13T06:52:49.057+0000] {processor.py:161} INFO - Started process (PID=102) to work on /home/airflow/.local/lib/python3.8/site-packages/airflow/example_dags/example_python_decorator.py
[2024-03-13T06:52:49.058+0000] {processor.py:830} INFO - Processing file /home/airflow/.local/lib/python3.8/site-packages/airflow/example_dags/example_python_decorator.py for tasks to queue
[2024-03-13T06:52:49.059+0000] {logging_mixin.py:188} INFO - [2024-03-13T06:52:49.059+0000] {dagbag.py:540} INFO - Filling up the DagBag from /home/airflow/.local/lib/python3.8/site-packages/airflow/example_dags/example_python_decorator.py
[2024-03-13T06:52:49.069+0000] {processor.py:840} INFO - DAG(s) 'example_python_decorator' retrieved from /home/airflow/.local/lib/python3.8/site-packages/airflow/example_dags/example_python_decorator.py
[2024-03-13T06:52:49.136+0000] {logging_mixin.py:188} INFO - [2024-03-13T06:52:49.136+0000] {dag.py:3047} INFO - Sync 1 DAGs
[2024-03-13T06:52:49.145+0000] {logging_mixin.py:188} INFO - [2024-03-13T06:52:49.144+0000] {dag.py:3834} INFO - Setting next_dagrun for example_python_decorator to None, run_after=None
[2024-03-13T06:52:49.164+0000] {processor.py:183} INFO - Processing /home/airflow/.local/lib/python3.8/site-packages/airflow/example_dags/example_python_decorator.py took 0.109 seconds
[2024-03-13T06:53:19.739+0000] {processor.py:161} INFO - Started process (PID=158) to work on /home/airflow/.local/lib/python3.8/site-packages/airflow/example_dags/example_python_decorator.py
[2024-03-13T06:53:19.740+0000] {processor.py:830} INFO - Processing file /home/airflow/.local/lib/python3.8/site-packages/airflow/example_dags/example_python_decorator.py for tasks to queue
[2024-03-13T06:53:19.742+0000] {logging_mixin.py:188} INFO - [2024-03-13T06:53:19.741+0000] {dagbag.py:540} INFO - Filling up the DagBag from /home/airflow/.local/lib/python3.8/site-packages/airflow/example_dags/example_python_decorator.py
[2024-03-13T06:53:19.753+0000] {processor.py:840} INFO - DAG(s) 'example_python_decorator' retrieved from /home/airflow/.local/lib/python3.8/site-packages/airflow/example_dags/example_python_decorator.py
[2024-03-13T06:53:19.772+0000] {logging_mixin.py:188} INFO - [2024-03-13T06:53:19.772+0000] {dag.py:3047} INFO - Sync 1 DAGs
[2024-03-13T06:53:19.783+0000] {logging_mixin.py:188} INFO - [2024-03-13T06:53:19.783+0000] {dag.py:3834} INFO - Setting next_dagrun for example_python_decorator to None, run_after=None
[2024-03-13T06:53:19.804+0000] {processor.py:183} INFO - Processing /home/airflow/.local/lib/python3.8/site-packages/airflow/example_dags/example_python_decorator.py took 0.067 seconds
[2024-03-13T06:53:50.181+0000] {processor.py:161} INFO - Started process (PID=214) to work on /home/airflow/.local/lib/python3.8/site-packages/airflow/example_dags/example_python_decorator.py
[2024-03-13T06:53:50.182+0000] {processor.py:830} INFO - Processing file /home/airflow/.local/lib/python3.8/site-packages/airflow/example_dags/example_python_decorator.py for tasks to queue
[2024-03-13T06:53:50.184+0000] {logging_mixin.py:188} INFO - [2024-03-13T06:53:50.184+0000] {dagbag.py:540} INFO - Filling up the DagBag from /home/airflow/.local/lib/python3.8/site-packages/airflow/example_dags/example_python_decorator.py
[2024-03-13T06:53:50.195+0000] {processor.py:840} INFO - DAG(s) 'example_python_decorator' retrieved from /home/airflow/.local/lib/python3.8/site-packages/airflow/example_dags/example_python_decorator.py
[2024-03-13T06:53:50.215+0000] {logging_mixin.py:188} INFO - [2024-03-13T06:53:50.214+0000] {dag.py:3047} INFO - Sync 1 DAGs
[2024-03-13T06:53:50.224+0000] {logging_mixin.py:188} INFO - [2024-03-13T06:53:50.224+0000] {dag.py:3834} INFO - Setting next_dagrun for example_python_decorator to None, run_after=None
[2024-03-13T06:53:50.244+0000] {processor.py:183} INFO - Processing /home/airflow/.local/lib/python3.8/site-packages/airflow/example_dags/example_python_decorator.py took 0.065 seconds
[2024-03-13T06:54:20.664+0000] {processor.py:161} INFO - Started process (PID=269) to work on /home/airflow/.local/lib/python3.8/site-packages/airflow/example_dags/example_python_decorator.py
[2024-03-13T06:54:20.665+0000] {processor.py:830} INFO - Processing file /home/airflow/.local/lib/python3.8/site-packages/airflow/example_dags/example_python_decorator.py for tasks to queue
[2024-03-13T06:54:20.667+0000] {logging_mixin.py:188} INFO - [2024-03-13T06:54:20.666+0000] {dagbag.py:540} INFO - Filling up the DagBag from /home/airflow/.local/lib/python3.8/site-packages/airflow/example_dags/example_python_decorator.py
[2024-03-13T06:54:20.678+0000] {processor.py:840} INFO - DAG(s) 'example_python_decorator' retrieved from /home/airflow/.local/lib/python3.8/site-packages/airflow/example_dags/example_python_decorator.py
[2024-03-13T06:54:20.694+0000] {logging_mixin.py:188} INFO - [2024-03-13T06:54:20.694+0000] {dag.py:3047} INFO - Sync 1 DAGs
[2024-03-13T06:54:20.704+0000] {logging_mixin.py:188} INFO - [2024-03-13T06:54:20.703+0000] {dag.py:3834} INFO - Setting next_dagrun for example_python_decorator to None, run_after=None
[2024-03-13T06:54:20.721+0000] {processor.py:183} INFO - Processing /home/airflow/.local/lib/python3.8/site-packages/airflow/example_dags/example_python_decorator.py took 0.059 seconds
[2024-03-13T06:54:50.870+0000] {processor.py:161} INFO - Started process (PID=325) to work on /home/airflow/.local/lib/python3.8/site-packages/airflow/example_dags/example_python_decorator.py
[2024-03-13T06:54:50.871+0000] {processor.py:830} INFO - Processing file /home/airflow/.local/lib/python3.8/site-packages/airflow/example_dags/example_python_decorator.py for tasks to queue
[2024-03-13T06:54:50.874+0000] {logging_mixin.py:188} INFO - [2024-03-13T06:54:50.873+0000] {dagbag.py:540} INFO - Filling up the DagBag from /home/airflow/.local/lib/python3.8/site-packages/airflow/example_dags/example_python_decorator.py
[2024-03-13T06:54:50.891+0000] {processor.py:840} INFO - DAG(s) 'example_python_decorator' retrieved from /home/airflow/.local/lib/python3.8/site-packages/airflow/example_dags/example_python_decorator.py
[2024-03-13T06:54:50.912+0000] {logging_mixin.py:188} INFO - [2024-03-13T06:54:50.912+0000] {dag.py:3047} INFO - Sync 1 DAGs
[2024-03-13T06:54:50.925+0000] {logging_mixin.py:188} INFO - [2024-03-13T06:54:50.925+0000] {dag.py:3834} INFO - Setting next_dagrun for example_python_decorator to None, run_after=None
[2024-03-13T06:54:50.947+0000] {processor.py:183} INFO - Processing /home/airflow/.local/lib/python3.8/site-packages/airflow/example_dags/example_python_decorator.py took 0.083 seconds
[2024-03-13T06:55:21.751+0000] {processor.py:161} INFO - Started process (PID=381) to work on /home/airflow/.local/lib/python3.8/site-packages/airflow/example_dags/example_python_decorator.py
[2024-03-13T06:55:21.752+0000] {processor.py:830} INFO - Processing file /home/airflow/.local/lib/python3.8/site-packages/airflow/example_dags/example_python_decorator.py for tasks to queue
[2024-03-13T06:55:21.754+0000] {logging_mixin.py:188} INFO - [2024-03-13T06:55:21.754+0000] {dagbag.py:540} INFO - Filling up the DagBag from /home/airflow/.local/lib/python3.8/site-packages/airflow/example_dags/example_python_decorator.py
[2024-03-13T06:55:21.767+0000] {processor.py:840} INFO - DAG(s) 'example_python_decorator' retrieved from /home/airflow/.local/lib/python3.8/site-packages/airflow/example_dags/example_python_decorator.py
[2024-03-13T06:55:21.791+0000] {logging_mixin.py:188} INFO - [2024-03-13T06:55:21.790+0000] {dag.py:3047} INFO - Sync 1 DAGs
[2024-03-13T06:55:21.801+0000] {logging_mixin.py:188} INFO - [2024-03-13T06:55:21.801+0000] {dag.py:3834} INFO - Setting next_dagrun for example_python_decorator to None, run_after=None
[2024-03-13T06:55:21.820+0000] {processor.py:183} INFO - Processing /home/airflow/.local/lib/python3.8/site-packages/airflow/example_dags/example_python_decorator.py took 0.072 seconds
[2024-03-13T06:55:52.687+0000] {processor.py:161} INFO - Started process (PID=438) to work on /home/airflow/.local/lib/python3.8/site-packages/airflow/example_dags/example_python_decorator.py
[2024-03-13T06:55:52.689+0000] {processor.py:830} INFO - Processing file /home/airflow/.local/lib/python3.8/site-packages/airflow/example_dags/example_python_decorator.py for tasks to queue
[2024-03-13T06:55:52.690+0000] {logging_mixin.py:188} INFO - [2024-03-13T06:55:52.690+0000] {dagbag.py:540} INFO - Filling up the DagBag from /home/airflow/.local/lib/python3.8/site-packages/airflow/example_dags/example_python_decorator.py
[2024-03-13T06:55:52.700+0000] {processor.py:840} INFO - DAG(s) 'example_python_decorator' retrieved from /home/airflow/.local/lib/python3.8/site-packages/airflow/example_dags/example_python_decorator.py
[2024-03-13T06:55:52.717+0000] {logging_mixin.py:188} INFO - [2024-03-13T06:55:52.716+0000] {dag.py:3047} INFO - Sync 1 DAGs
[2024-03-13T06:55:52.727+0000] {logging_mixin.py:188} INFO - [2024-03-13T06:55:52.726+0000] {dag.py:3834} INFO - Setting next_dagrun for example_python_decorator to None, run_after=None
[2024-03-13T06:55:52.743+0000] {processor.py:183} INFO - Processing /home/airflow/.local/lib/python3.8/site-packages/airflow/example_dags/example_python_decorator.py took 0.058 seconds
[2024-03-13T06:56:23.523+0000] {processor.py:161} INFO - Started process (PID=495) to work on /home/airflow/.local/lib/python3.8/site-packages/airflow/example_dags/example_python_decorator.py
[2024-03-13T06:56:23.524+0000] {processor.py:830} INFO - Processing file /home/airflow/.local/lib/python3.8/site-packages/airflow/example_dags/example_python_decorator.py for tasks to queue
[2024-03-13T06:56:23.525+0000] {logging_mixin.py:188} INFO - [2024-03-13T06:56:23.525+0000] {dagbag.py:540} INFO - Filling up the DagBag from /home/airflow/.local/lib/python3.8/site-packages/airflow/example_dags/example_python_decorator.py
[2024-03-13T06:56:23.535+0000] {processor.py:840} INFO - DAG(s) 'example_python_decorator' retrieved from /home/airflow/.local/lib/python3.8/site-packages/airflow/example_dags/example_python_decorator.py
[2024-03-13T06:56:23.554+0000] {logging_mixin.py:188} INFO - [2024-03-13T06:56:23.554+0000] {dag.py:3047} INFO - Sync 1 DAGs
[2024-03-13T06:56:23.565+0000] {logging_mixin.py:188} INFO - [2024-03-13T06:56:23.564+0000] {dag.py:3834} INFO - Setting next_dagrun for example_python_decorator to None, run_after=None
[2024-03-13T06:56:23.583+0000] {processor.py:183} INFO - Processing /home/airflow/.local/lib/python3.8/site-packages/airflow/example_dags/example_python_decorator.py took 0.063 seconds
[2024-03-13T07:02:11.850+0000] {processor.py:161} INFO - Started process (PID=46) to work on /home/airflow/.local/lib/python3.8/site-packages/airflow/example_dags/example_python_decorator.py
[2024-03-13T07:02:11.851+0000] {processor.py:830} INFO - Processing file /home/airflow/.local/lib/python3.8/site-packages/airflow/example_dags/example_python_decorator.py for tasks to queue
[2024-03-13T07:02:11.853+0000] {logging_mixin.py:188} INFO - [2024-03-13T07:02:11.852+0000] {dagbag.py:540} INFO - Filling up the DagBag from /home/airflow/.local/lib/python3.8/site-packages/airflow/example_dags/example_python_decorator.py
[2024-03-13T07:02:11.873+0000] {processor.py:840} INFO - DAG(s) 'example_python_decorator' retrieved from /home/airflow/.local/lib/python3.8/site-packages/airflow/example_dags/example_python_decorator.py
[2024-03-13T07:02:11.883+0000] {logging_mixin.py:188} INFO - [2024-03-13T07:02:11.883+0000] {dag.py:3047} INFO - Sync 1 DAGs
[2024-03-13T07:02:11.894+0000] {logging_mixin.py:188} INFO - [2024-03-13T07:02:11.894+0000] {dag.py:3834} INFO - Setting next_dagrun for example_python_decorator to None, run_after=None
[2024-03-13T07:02:11.916+0000] {processor.py:183} INFO - Processing /home/airflow/.local/lib/python3.8/site-packages/airflow/example_dags/example_python_decorator.py took 0.070 seconds
[2024-03-13T07:02:42.808+0000] {processor.py:161} INFO - Started process (PID=103) to work on /home/airflow/.local/lib/python3.8/site-packages/airflow/example_dags/example_python_decorator.py
[2024-03-13T07:02:42.808+0000] {processor.py:830} INFO - Processing file /home/airflow/.local/lib/python3.8/site-packages/airflow/example_dags/example_python_decorator.py for tasks to queue
[2024-03-13T07:02:42.810+0000] {logging_mixin.py:188} INFO - [2024-03-13T07:02:42.810+0000] {dagbag.py:540} INFO - Filling up the DagBag from /home/airflow/.local/lib/python3.8/site-packages/airflow/example_dags/example_python_decorator.py
[2024-03-13T07:02:42.819+0000] {processor.py:840} INFO - DAG(s) 'example_python_decorator' retrieved from /home/airflow/.local/lib/python3.8/site-packages/airflow/example_dags/example_python_decorator.py
[2024-03-13T07:02:42.891+0000] {logging_mixin.py:188} INFO - [2024-03-13T07:02:42.891+0000] {dag.py:3047} INFO - Sync 1 DAGs
[2024-03-13T07:02:42.900+0000] {logging_mixin.py:188} INFO - [2024-03-13T07:02:42.900+0000] {dag.py:3834} INFO - Setting next_dagrun for example_python_decorator to None, run_after=None
[2024-03-13T07:02:42.919+0000] {processor.py:183} INFO - Processing /home/airflow/.local/lib/python3.8/site-packages/airflow/example_dags/example_python_decorator.py took 0.113 seconds
[2024-03-13T07:03:13.308+0000] {processor.py:161} INFO - Started process (PID=159) to work on /home/airflow/.local/lib/python3.8/site-packages/airflow/example_dags/example_python_decorator.py
[2024-03-13T07:03:13.309+0000] {processor.py:830} INFO - Processing file /home/airflow/.local/lib/python3.8/site-packages/airflow/example_dags/example_python_decorator.py for tasks to queue
[2024-03-13T07:03:13.310+0000] {logging_mixin.py:188} INFO - [2024-03-13T07:03:13.310+0000] {dagbag.py:540} INFO - Filling up the DagBag from /home/airflow/.local/lib/python3.8/site-packages/airflow/example_dags/example_python_decorator.py
[2024-03-13T07:03:13.320+0000] {processor.py:840} INFO - DAG(s) 'example_python_decorator' retrieved from /home/airflow/.local/lib/python3.8/site-packages/airflow/example_dags/example_python_decorator.py
[2024-03-13T07:03:13.336+0000] {logging_mixin.py:188} INFO - [2024-03-13T07:03:13.336+0000] {dag.py:3047} INFO - Sync 1 DAGs
[2024-03-13T07:03:13.345+0000] {logging_mixin.py:188} INFO - [2024-03-13T07:03:13.345+0000] {dag.py:3834} INFO - Setting next_dagrun for example_python_decorator to None, run_after=None
[2024-03-13T07:03:13.363+0000] {processor.py:183} INFO - Processing /home/airflow/.local/lib/python3.8/site-packages/airflow/example_dags/example_python_decorator.py took 0.058 seconds
[2024-03-13T07:03:43.715+0000] {processor.py:161} INFO - Started process (PID=215) to work on /home/airflow/.local/lib/python3.8/site-packages/airflow/example_dags/example_python_decorator.py
[2024-03-13T07:03:43.716+0000] {processor.py:830} INFO - Processing file /home/airflow/.local/lib/python3.8/site-packages/airflow/example_dags/example_python_decorator.py for tasks to queue
[2024-03-13T07:03:43.718+0000] {logging_mixin.py:188} INFO - [2024-03-13T07:03:43.717+0000] {dagbag.py:540} INFO - Filling up the DagBag from /home/airflow/.local/lib/python3.8/site-packages/airflow/example_dags/example_python_decorator.py
[2024-03-13T07:03:43.728+0000] {processor.py:840} INFO - DAG(s) 'example_python_decorator' retrieved from /home/airflow/.local/lib/python3.8/site-packages/airflow/example_dags/example_python_decorator.py
[2024-03-13T07:03:43.744+0000] {logging_mixin.py:188} INFO - [2024-03-13T07:03:43.743+0000] {dag.py:3047} INFO - Sync 1 DAGs
[2024-03-13T07:03:43.753+0000] {logging_mixin.py:188} INFO - [2024-03-13T07:03:43.752+0000] {dag.py:3834} INFO - Setting next_dagrun for example_python_decorator to None, run_after=None
[2024-03-13T07:03:43.767+0000] {processor.py:183} INFO - Processing /home/airflow/.local/lib/python3.8/site-packages/airflow/example_dags/example_python_decorator.py took 0.055 seconds
[2024-03-13T07:04:14.146+0000] {processor.py:161} INFO - Started process (PID=271) to work on /home/airflow/.local/lib/python3.8/site-packages/airflow/example_dags/example_python_decorator.py
[2024-03-13T07:04:14.147+0000] {processor.py:830} INFO - Processing file /home/airflow/.local/lib/python3.8/site-packages/airflow/example_dags/example_python_decorator.py for tasks to queue
[2024-03-13T07:04:14.148+0000] {logging_mixin.py:188} INFO - [2024-03-13T07:04:14.148+0000] {dagbag.py:540} INFO - Filling up the DagBag from /home/airflow/.local/lib/python3.8/site-packages/airflow/example_dags/example_python_decorator.py
[2024-03-13T07:04:14.158+0000] {processor.py:840} INFO - DAG(s) 'example_python_decorator' retrieved from /home/airflow/.local/lib/python3.8/site-packages/airflow/example_dags/example_python_decorator.py
[2024-03-13T07:04:14.175+0000] {logging_mixin.py:188} INFO - [2024-03-13T07:04:14.175+0000] {dag.py:3047} INFO - Sync 1 DAGs
[2024-03-13T07:04:14.184+0000] {logging_mixin.py:188} INFO - [2024-03-13T07:04:14.184+0000] {dag.py:3834} INFO - Setting next_dagrun for example_python_decorator to None, run_after=None
[2024-03-13T07:04:14.201+0000] {processor.py:183} INFO - Processing /home/airflow/.local/lib/python3.8/site-packages/airflow/example_dags/example_python_decorator.py took 0.057 seconds
[2024-03-13T07:04:44.794+0000] {processor.py:161} INFO - Started process (PID=327) to work on /home/airflow/.local/lib/python3.8/site-packages/airflow/example_dags/example_python_decorator.py
[2024-03-13T07:04:44.795+0000] {processor.py:830} INFO - Processing file /home/airflow/.local/lib/python3.8/site-packages/airflow/example_dags/example_python_decorator.py for tasks to queue
[2024-03-13T07:04:44.797+0000] {logging_mixin.py:188} INFO - [2024-03-13T07:04:44.797+0000] {dagbag.py:540} INFO - Filling up the DagBag from /home/airflow/.local/lib/python3.8/site-packages/airflow/example_dags/example_python_decorator.py
[2024-03-13T07:04:44.807+0000] {processor.py:840} INFO - DAG(s) 'example_python_decorator' retrieved from /home/airflow/.local/lib/python3.8/site-packages/airflow/example_dags/example_python_decorator.py
[2024-03-13T07:04:44.824+0000] {logging_mixin.py:188} INFO - [2024-03-13T07:04:44.824+0000] {dag.py:3047} INFO - Sync 1 DAGs
[2024-03-13T07:04:44.833+0000] {logging_mixin.py:188} INFO - [2024-03-13T07:04:44.833+0000] {dag.py:3834} INFO - Setting next_dagrun for example_python_decorator to None, run_after=None
[2024-03-13T07:04:44.849+0000] {processor.py:183} INFO - Processing /home/airflow/.local/lib/python3.8/site-packages/airflow/example_dags/example_python_decorator.py took 0.057 seconds
[2024-03-13T07:05:15.098+0000] {processor.py:161} INFO - Started process (PID=383) to work on /home/airflow/.local/lib/python3.8/site-packages/airflow/example_dags/example_python_decorator.py
[2024-03-13T07:05:15.099+0000] {processor.py:830} INFO - Processing file /home/airflow/.local/lib/python3.8/site-packages/airflow/example_dags/example_python_decorator.py for tasks to queue
[2024-03-13T07:05:15.101+0000] {logging_mixin.py:188} INFO - [2024-03-13T07:05:15.100+0000] {dagbag.py:540} INFO - Filling up the DagBag from /home/airflow/.local/lib/python3.8/site-packages/airflow/example_dags/example_python_decorator.py
[2024-03-13T07:05:15.111+0000] {processor.py:840} INFO - DAG(s) 'example_python_decorator' retrieved from /home/airflow/.local/lib/python3.8/site-packages/airflow/example_dags/example_python_decorator.py
[2024-03-13T07:05:15.127+0000] {logging_mixin.py:188} INFO - [2024-03-13T07:05:15.126+0000] {dag.py:3047} INFO - Sync 1 DAGs
[2024-03-13T07:05:15.136+0000] {logging_mixin.py:188} INFO - [2024-03-13T07:05:15.135+0000] {dag.py:3834} INFO - Setting next_dagrun for example_python_decorator to None, run_after=None
[2024-03-13T07:05:15.151+0000] {processor.py:183} INFO - Processing /home/airflow/.local/lib/python3.8/site-packages/airflow/example_dags/example_python_decorator.py took 0.055 seconds
[2024-03-13T07:05:45.443+0000] {processor.py:161} INFO - Started process (PID=439) to work on /home/airflow/.local/lib/python3.8/site-packages/airflow/example_dags/example_python_decorator.py
[2024-03-13T07:05:45.443+0000] {processor.py:830} INFO - Processing file /home/airflow/.local/lib/python3.8/site-packages/airflow/example_dags/example_python_decorator.py for tasks to queue
[2024-03-13T07:05:45.445+0000] {logging_mixin.py:188} INFO - [2024-03-13T07:05:45.445+0000] {dagbag.py:540} INFO - Filling up the DagBag from /home/airflow/.local/lib/python3.8/site-packages/airflow/example_dags/example_python_decorator.py
[2024-03-13T07:05:45.455+0000] {processor.py:840} INFO - DAG(s) 'example_python_decorator' retrieved from /home/airflow/.local/lib/python3.8/site-packages/airflow/example_dags/example_python_decorator.py
[2024-03-13T07:05:45.471+0000] {logging_mixin.py:188} INFO - [2024-03-13T07:05:45.471+0000] {dag.py:3047} INFO - Sync 1 DAGs
[2024-03-13T07:05:45.481+0000] {logging_mixin.py:188} INFO - [2024-03-13T07:05:45.480+0000] {dag.py:3834} INFO - Setting next_dagrun for example_python_decorator to None, run_after=None
[2024-03-13T07:05:45.498+0000] {processor.py:183} INFO - Processing /home/airflow/.local/lib/python3.8/site-packages/airflow/example_dags/example_python_decorator.py took 0.058 seconds
[2024-03-13T07:06:15.785+0000] {processor.py:161} INFO - Started process (PID=495) to work on /home/airflow/.local/lib/python3.8/site-packages/airflow/example_dags/example_python_decorator.py
[2024-03-13T07:06:15.786+0000] {processor.py:830} INFO - Processing file /home/airflow/.local/lib/python3.8/site-packages/airflow/example_dags/example_python_decorator.py for tasks to queue
[2024-03-13T07:06:15.788+0000] {logging_mixin.py:188} INFO - [2024-03-13T07:06:15.787+0000] {dagbag.py:540} INFO - Filling up the DagBag from /home/airflow/.local/lib/python3.8/site-packages/airflow/example_dags/example_python_decorator.py
[2024-03-13T07:06:15.797+0000] {processor.py:840} INFO - DAG(s) 'example_python_decorator' retrieved from /home/airflow/.local/lib/python3.8/site-packages/airflow/example_dags/example_python_decorator.py
[2024-03-13T07:06:15.813+0000] {logging_mixin.py:188} INFO - [2024-03-13T07:06:15.813+0000] {dag.py:3047} INFO - Sync 1 DAGs
[2024-03-13T07:06:15.823+0000] {logging_mixin.py:188} INFO - [2024-03-13T07:06:15.822+0000] {dag.py:3834} INFO - Setting next_dagrun for example_python_decorator to None, run_after=None
[2024-03-13T07:06:15.841+0000] {processor.py:183} INFO - Processing /home/airflow/.local/lib/python3.8/site-packages/airflow/example_dags/example_python_decorator.py took 0.058 seconds
[2024-03-13T07:06:46.226+0000] {processor.py:161} INFO - Started process (PID=551) to work on /home/airflow/.local/lib/python3.8/site-packages/airflow/example_dags/example_python_decorator.py
[2024-03-13T07:06:46.227+0000] {processor.py:830} INFO - Processing file /home/airflow/.local/lib/python3.8/site-packages/airflow/example_dags/example_python_decorator.py for tasks to queue
[2024-03-13T07:06:46.228+0000] {logging_mixin.py:188} INFO - [2024-03-13T07:06:46.228+0000] {dagbag.py:540} INFO - Filling up the DagBag from /home/airflow/.local/lib/python3.8/site-packages/airflow/example_dags/example_python_decorator.py
[2024-03-13T07:06:46.239+0000] {processor.py:840} INFO - DAG(s) 'example_python_decorator' retrieved from /home/airflow/.local/lib/python3.8/site-packages/airflow/example_dags/example_python_decorator.py
[2024-03-13T07:06:46.256+0000] {logging_mixin.py:188} INFO - [2024-03-13T07:06:46.255+0000] {dag.py:3047} INFO - Sync 1 DAGs
[2024-03-13T07:06:46.265+0000] {logging_mixin.py:188} INFO - [2024-03-13T07:06:46.265+0000] {dag.py:3834} INFO - Setting next_dagrun for example_python_decorator to None, run_after=None
[2024-03-13T07:06:46.281+0000] {processor.py:183} INFO - Processing /home/airflow/.local/lib/python3.8/site-packages/airflow/example_dags/example_python_decorator.py took 0.058 seconds
[2024-03-13T07:07:16.629+0000] {processor.py:161} INFO - Started process (PID=607) to work on /home/airflow/.local/lib/python3.8/site-packages/airflow/example_dags/example_python_decorator.py
[2024-03-13T07:07:16.630+0000] {processor.py:830} INFO - Processing file /home/airflow/.local/lib/python3.8/site-packages/airflow/example_dags/example_python_decorator.py for tasks to queue
[2024-03-13T07:07:16.631+0000] {logging_mixin.py:188} INFO - [2024-03-13T07:07:16.631+0000] {dagbag.py:540} INFO - Filling up the DagBag from /home/airflow/.local/lib/python3.8/site-packages/airflow/example_dags/example_python_decorator.py
[2024-03-13T07:07:16.641+0000] {processor.py:840} INFO - DAG(s) 'example_python_decorator' retrieved from /home/airflow/.local/lib/python3.8/site-packages/airflow/example_dags/example_python_decorator.py
[2024-03-13T07:07:16.658+0000] {logging_mixin.py:188} INFO - [2024-03-13T07:07:16.658+0000] {dag.py:3047} INFO - Sync 1 DAGs
[2024-03-13T07:07:16.667+0000] {logging_mixin.py:188} INFO - [2024-03-13T07:07:16.667+0000] {dag.py:3834} INFO - Setting next_dagrun for example_python_decorator to None, run_after=None
[2024-03-13T07:07:16.687+0000] {processor.py:183} INFO - Processing /home/airflow/.local/lib/python3.8/site-packages/airflow/example_dags/example_python_decorator.py took 0.061 seconds
[2024-03-13T07:09:29.459+0000] {processor.py:161} INFO - Started process (PID=47) to work on /home/airflow/.local/lib/python3.8/site-packages/airflow/example_dags/example_python_decorator.py
[2024-03-13T07:09:29.461+0000] {processor.py:830} INFO - Processing file /home/airflow/.local/lib/python3.8/site-packages/airflow/example_dags/example_python_decorator.py for tasks to queue
[2024-03-13T07:09:29.463+0000] {logging_mixin.py:188} INFO - [2024-03-13T07:09:29.462+0000] {dagbag.py:540} INFO - Filling up the DagBag from /home/airflow/.local/lib/python3.8/site-packages/airflow/example_dags/example_python_decorator.py
[2024-03-13T07:09:29.488+0000] {processor.py:840} INFO - DAG(s) 'example_python_decorator' retrieved from /home/airflow/.local/lib/python3.8/site-packages/airflow/example_dags/example_python_decorator.py
[2024-03-13T07:09:29.501+0000] {logging_mixin.py:188} INFO - [2024-03-13T07:09:29.501+0000] {dag.py:3047} INFO - Sync 1 DAGs
[2024-03-13T07:09:29.513+0000] {logging_mixin.py:188} INFO - [2024-03-13T07:09:29.513+0000] {dag.py:3834} INFO - Setting next_dagrun for example_python_decorator to None, run_after=None
[2024-03-13T07:09:29.532+0000] {processor.py:183} INFO - Processing /home/airflow/.local/lib/python3.8/site-packages/airflow/example_dags/example_python_decorator.py took 0.075 seconds
[2024-03-13T07:09:59.806+0000] {processor.py:161} INFO - Started process (PID=103) to work on /home/airflow/.local/lib/python3.8/site-packages/airflow/example_dags/example_python_decorator.py
[2024-03-13T07:09:59.806+0000] {processor.py:830} INFO - Processing file /home/airflow/.local/lib/python3.8/site-packages/airflow/example_dags/example_python_decorator.py for tasks to queue
[2024-03-13T07:09:59.808+0000] {logging_mixin.py:188} INFO - [2024-03-13T07:09:59.808+0000] {dagbag.py:540} INFO - Filling up the DagBag from /home/airflow/.local/lib/python3.8/site-packages/airflow/example_dags/example_python_decorator.py
[2024-03-13T07:09:59.817+0000] {processor.py:840} INFO - DAG(s) 'example_python_decorator' retrieved from /home/airflow/.local/lib/python3.8/site-packages/airflow/example_dags/example_python_decorator.py
[2024-03-13T07:09:59.888+0000] {logging_mixin.py:188} INFO - [2024-03-13T07:09:59.888+0000] {dag.py:3047} INFO - Sync 1 DAGs
[2024-03-13T07:09:59.896+0000] {logging_mixin.py:188} INFO - [2024-03-13T07:09:59.896+0000] {dag.py:3834} INFO - Setting next_dagrun for example_python_decorator to None, run_after=None
[2024-03-13T07:09:59.914+0000] {processor.py:183} INFO - Processing /home/airflow/.local/lib/python3.8/site-packages/airflow/example_dags/example_python_decorator.py took 0.111 seconds
[2024-03-13T07:10:30.722+0000] {processor.py:161} INFO - Started process (PID=159) to work on /home/airflow/.local/lib/python3.8/site-packages/airflow/example_dags/example_python_decorator.py
[2024-03-13T07:10:30.723+0000] {processor.py:830} INFO - Processing file /home/airflow/.local/lib/python3.8/site-packages/airflow/example_dags/example_python_decorator.py for tasks to queue
[2024-03-13T07:10:30.726+0000] {logging_mixin.py:188} INFO - [2024-03-13T07:10:30.726+0000] {dagbag.py:540} INFO - Filling up the DagBag from /home/airflow/.local/lib/python3.8/site-packages/airflow/example_dags/example_python_decorator.py
[2024-03-13T07:10:30.738+0000] {processor.py:840} INFO - DAG(s) 'example_python_decorator' retrieved from /home/airflow/.local/lib/python3.8/site-packages/airflow/example_dags/example_python_decorator.py
[2024-03-13T07:10:30.759+0000] {logging_mixin.py:188} INFO - [2024-03-13T07:10:30.759+0000] {dag.py:3047} INFO - Sync 1 DAGs
[2024-03-13T07:10:30.768+0000] {logging_mixin.py:188} INFO - [2024-03-13T07:10:30.768+0000] {dag.py:3834} INFO - Setting next_dagrun for example_python_decorator to None, run_after=None
[2024-03-13T07:10:30.789+0000] {processor.py:183} INFO - Processing /home/airflow/.local/lib/python3.8/site-packages/airflow/example_dags/example_python_decorator.py took 0.071 seconds
[2024-03-13T07:11:01.037+0000] {processor.py:161} INFO - Started process (PID=215) to work on /home/airflow/.local/lib/python3.8/site-packages/airflow/example_dags/example_python_decorator.py
[2024-03-13T07:11:01.038+0000] {processor.py:830} INFO - Processing file /home/airflow/.local/lib/python3.8/site-packages/airflow/example_dags/example_python_decorator.py for tasks to queue
[2024-03-13T07:11:01.039+0000] {logging_mixin.py:188} INFO - [2024-03-13T07:11:01.039+0000] {dagbag.py:540} INFO - Filling up the DagBag from /home/airflow/.local/lib/python3.8/site-packages/airflow/example_dags/example_python_decorator.py
[2024-03-13T07:11:01.048+0000] {processor.py:840} INFO - DAG(s) 'example_python_decorator' retrieved from /home/airflow/.local/lib/python3.8/site-packages/airflow/example_dags/example_python_decorator.py
[2024-03-13T07:11:01.066+0000] {logging_mixin.py:188} INFO - [2024-03-13T07:11:01.066+0000] {dag.py:3047} INFO - Sync 1 DAGs
[2024-03-13T07:11:01.075+0000] {logging_mixin.py:188} INFO - [2024-03-13T07:11:01.075+0000] {dag.py:3834} INFO - Setting next_dagrun for example_python_decorator to None, run_after=None
[2024-03-13T07:11:01.090+0000] {processor.py:183} INFO - Processing /home/airflow/.local/lib/python3.8/site-packages/airflow/example_dags/example_python_decorator.py took 0.056 seconds
[2024-03-13T07:11:31.300+0000] {processor.py:161} INFO - Started process (PID=272) to work on /home/airflow/.local/lib/python3.8/site-packages/airflow/example_dags/example_python_decorator.py
[2024-03-13T07:11:31.301+0000] {processor.py:830} INFO - Processing file /home/airflow/.local/lib/python3.8/site-packages/airflow/example_dags/example_python_decorator.py for tasks to queue
[2024-03-13T07:11:31.303+0000] {logging_mixin.py:188} INFO - [2024-03-13T07:11:31.303+0000] {dagbag.py:540} INFO - Filling up the DagBag from /home/airflow/.local/lib/python3.8/site-packages/airflow/example_dags/example_python_decorator.py
[2024-03-13T07:11:31.314+0000] {processor.py:840} INFO - DAG(s) 'example_python_decorator' retrieved from /home/airflow/.local/lib/python3.8/site-packages/airflow/example_dags/example_python_decorator.py
[2024-03-13T07:11:31.330+0000] {logging_mixin.py:188} INFO - [2024-03-13T07:11:31.330+0000] {dag.py:3047} INFO - Sync 1 DAGs
[2024-03-13T07:11:31.339+0000] {logging_mixin.py:188} INFO - [2024-03-13T07:11:31.338+0000] {dag.py:3834} INFO - Setting next_dagrun for example_python_decorator to None, run_after=None
[2024-03-13T07:11:31.355+0000] {processor.py:183} INFO - Processing /home/airflow/.local/lib/python3.8/site-packages/airflow/example_dags/example_python_decorator.py took 0.057 seconds
