[2024-03-13T06:40:21.469+0000] {processor.py:161} INFO - Started process (PID=457) to work on /home/airflow/.local/lib/python3.8/site-packages/airflow/example_dags/example_dynamic_task_mapping_with_no_taskflow_operators.py
[2024-03-13T06:40:21.470+0000] {processor.py:830} INFO - Processing file /home/airflow/.local/lib/python3.8/site-packages/airflow/example_dags/example_dynamic_task_mapping_with_no_taskflow_operators.py for tasks to queue
[2024-03-13T06:40:21.471+0000] {logging_mixin.py:188} INFO - [2024-03-13T06:40:21.470+0000] {dagbag.py:540} INFO - Filling up the DagBag from /home/airflow/.local/lib/python3.8/site-packages/airflow/example_dags/example_dynamic_task_mapping_with_no_taskflow_operators.py
[2024-03-13T06:40:21.476+0000] {processor.py:840} INFO - DAG(s) 'example_dynamic_task_mapping_with_no_taskflow_operators' retrieved from /home/airflow/.local/lib/python3.8/site-packages/airflow/example_dags/example_dynamic_task_mapping_with_no_taskflow_operators.py
[2024-03-13T06:40:21.491+0000] {logging_mixin.py:188} INFO - [2024-03-13T06:40:21.490+0000] {dag.py:3047} INFO - Sync 1 DAGs
[2024-03-13T06:40:21.507+0000] {logging_mixin.py:188} INFO - [2024-03-13T06:40:21.507+0000] {dag.py:3834} INFO - Setting next_dagrun for example_dynamic_task_mapping_with_no_taskflow_operators to 2024-03-12 00:00:00+00:00, run_after=2024-03-13 00:00:00+00:00
[2024-03-13T06:40:21.523+0000] {processor.py:183} INFO - Processing /home/airflow/.local/lib/python3.8/site-packages/airflow/example_dags/example_dynamic_task_mapping_with_no_taskflow_operators.py took 0.056 seconds
[2024-03-13T06:40:51.844+0000] {processor.py:161} INFO - Started process (PID=514) to work on /home/airflow/.local/lib/python3.8/site-packages/airflow/example_dags/example_dynamic_task_mapping_with_no_taskflow_operators.py
[2024-03-13T06:40:51.845+0000] {processor.py:830} INFO - Processing file /home/airflow/.local/lib/python3.8/site-packages/airflow/example_dags/example_dynamic_task_mapping_with_no_taskflow_operators.py for tasks to queue
[2024-03-13T06:40:51.846+0000] {logging_mixin.py:188} INFO - [2024-03-13T06:40:51.845+0000] {dagbag.py:540} INFO - Filling up the DagBag from /home/airflow/.local/lib/python3.8/site-packages/airflow/example_dags/example_dynamic_task_mapping_with_no_taskflow_operators.py
[2024-03-13T06:40:51.851+0000] {processor.py:840} INFO - DAG(s) 'example_dynamic_task_mapping_with_no_taskflow_operators' retrieved from /home/airflow/.local/lib/python3.8/site-packages/airflow/example_dags/example_dynamic_task_mapping_with_no_taskflow_operators.py
[2024-03-13T06:40:51.868+0000] {logging_mixin.py:188} INFO - [2024-03-13T06:40:51.868+0000] {dag.py:3047} INFO - Sync 1 DAGs
[2024-03-13T06:40:51.884+0000] {logging_mixin.py:188} INFO - [2024-03-13T06:40:51.884+0000] {dag.py:3834} INFO - Setting next_dagrun for example_dynamic_task_mapping_with_no_taskflow_operators to 2024-03-12 00:00:00+00:00, run_after=2024-03-13 00:00:00+00:00
[2024-03-13T06:40:51.901+0000] {processor.py:183} INFO - Processing /home/airflow/.local/lib/python3.8/site-packages/airflow/example_dags/example_dynamic_task_mapping_with_no_taskflow_operators.py took 0.059 seconds
[2024-03-13T06:41:22.439+0000] {processor.py:161} INFO - Started process (PID=570) to work on /home/airflow/.local/lib/python3.8/site-packages/airflow/example_dags/example_dynamic_task_mapping_with_no_taskflow_operators.py
[2024-03-13T06:41:22.440+0000] {processor.py:830} INFO - Processing file /home/airflow/.local/lib/python3.8/site-packages/airflow/example_dags/example_dynamic_task_mapping_with_no_taskflow_operators.py for tasks to queue
[2024-03-13T06:41:22.441+0000] {logging_mixin.py:188} INFO - [2024-03-13T06:41:22.441+0000] {dagbag.py:540} INFO - Filling up the DagBag from /home/airflow/.local/lib/python3.8/site-packages/airflow/example_dags/example_dynamic_task_mapping_with_no_taskflow_operators.py
[2024-03-13T06:41:22.446+0000] {processor.py:840} INFO - DAG(s) 'example_dynamic_task_mapping_with_no_taskflow_operators' retrieved from /home/airflow/.local/lib/python3.8/site-packages/airflow/example_dags/example_dynamic_task_mapping_with_no_taskflow_operators.py
[2024-03-13T06:41:22.461+0000] {logging_mixin.py:188} INFO - [2024-03-13T06:41:22.461+0000] {dag.py:3047} INFO - Sync 1 DAGs
[2024-03-13T06:41:22.478+0000] {logging_mixin.py:188} INFO - [2024-03-13T06:41:22.478+0000] {dag.py:3834} INFO - Setting next_dagrun for example_dynamic_task_mapping_with_no_taskflow_operators to 2024-03-12 00:00:00+00:00, run_after=2024-03-13 00:00:00+00:00
[2024-03-13T06:41:22.497+0000] {processor.py:183} INFO - Processing /home/airflow/.local/lib/python3.8/site-packages/airflow/example_dags/example_dynamic_task_mapping_with_no_taskflow_operators.py took 0.060 seconds
[2024-03-13T06:41:53.094+0000] {processor.py:161} INFO - Started process (PID=626) to work on /home/airflow/.local/lib/python3.8/site-packages/airflow/example_dags/example_dynamic_task_mapping_with_no_taskflow_operators.py
[2024-03-13T06:41:53.095+0000] {processor.py:830} INFO - Processing file /home/airflow/.local/lib/python3.8/site-packages/airflow/example_dags/example_dynamic_task_mapping_with_no_taskflow_operators.py for tasks to queue
[2024-03-13T06:41:53.096+0000] {logging_mixin.py:188} INFO - [2024-03-13T06:41:53.096+0000] {dagbag.py:540} INFO - Filling up the DagBag from /home/airflow/.local/lib/python3.8/site-packages/airflow/example_dags/example_dynamic_task_mapping_with_no_taskflow_operators.py
[2024-03-13T06:41:53.102+0000] {processor.py:840} INFO - DAG(s) 'example_dynamic_task_mapping_with_no_taskflow_operators' retrieved from /home/airflow/.local/lib/python3.8/site-packages/airflow/example_dags/example_dynamic_task_mapping_with_no_taskflow_operators.py
[2024-03-13T06:41:53.118+0000] {logging_mixin.py:188} INFO - [2024-03-13T06:41:53.117+0000] {dag.py:3047} INFO - Sync 1 DAGs
[2024-03-13T06:41:53.134+0000] {logging_mixin.py:188} INFO - [2024-03-13T06:41:53.134+0000] {dag.py:3834} INFO - Setting next_dagrun for example_dynamic_task_mapping_with_no_taskflow_operators to 2024-03-12 00:00:00+00:00, run_after=2024-03-13 00:00:00+00:00
[2024-03-13T06:41:53.152+0000] {processor.py:183} INFO - Processing /home/airflow/.local/lib/python3.8/site-packages/airflow/example_dags/example_dynamic_task_mapping_with_no_taskflow_operators.py took 0.060 seconds
[2024-03-13T06:42:23.333+0000] {processor.py:161} INFO - Started process (PID=682) to work on /home/airflow/.local/lib/python3.8/site-packages/airflow/example_dags/example_dynamic_task_mapping_with_no_taskflow_operators.py
[2024-03-13T06:42:23.334+0000] {processor.py:830} INFO - Processing file /home/airflow/.local/lib/python3.8/site-packages/airflow/example_dags/example_dynamic_task_mapping_with_no_taskflow_operators.py for tasks to queue
[2024-03-13T06:42:23.335+0000] {logging_mixin.py:188} INFO - [2024-03-13T06:42:23.335+0000] {dagbag.py:540} INFO - Filling up the DagBag from /home/airflow/.local/lib/python3.8/site-packages/airflow/example_dags/example_dynamic_task_mapping_with_no_taskflow_operators.py
[2024-03-13T06:42:23.341+0000] {processor.py:840} INFO - DAG(s) 'example_dynamic_task_mapping_with_no_taskflow_operators' retrieved from /home/airflow/.local/lib/python3.8/site-packages/airflow/example_dags/example_dynamic_task_mapping_with_no_taskflow_operators.py
[2024-03-13T06:42:23.356+0000] {logging_mixin.py:188} INFO - [2024-03-13T06:42:23.356+0000] {dag.py:3047} INFO - Sync 1 DAGs
[2024-03-13T06:42:23.373+0000] {logging_mixin.py:188} INFO - [2024-03-13T06:42:23.372+0000] {dag.py:3834} INFO - Setting next_dagrun for example_dynamic_task_mapping_with_no_taskflow_operators to 2024-03-12 00:00:00+00:00, run_after=2024-03-13 00:00:00+00:00
[2024-03-13T06:42:23.387+0000] {processor.py:183} INFO - Processing /home/airflow/.local/lib/python3.8/site-packages/airflow/example_dags/example_dynamic_task_mapping_with_no_taskflow_operators.py took 0.056 seconds
[2024-03-13T06:42:53.593+0000] {processor.py:161} INFO - Started process (PID=738) to work on /home/airflow/.local/lib/python3.8/site-packages/airflow/example_dags/example_dynamic_task_mapping_with_no_taskflow_operators.py
[2024-03-13T06:42:53.594+0000] {processor.py:830} INFO - Processing file /home/airflow/.local/lib/python3.8/site-packages/airflow/example_dags/example_dynamic_task_mapping_with_no_taskflow_operators.py for tasks to queue
[2024-03-13T06:42:53.595+0000] {logging_mixin.py:188} INFO - [2024-03-13T06:42:53.595+0000] {dagbag.py:540} INFO - Filling up the DagBag from /home/airflow/.local/lib/python3.8/site-packages/airflow/example_dags/example_dynamic_task_mapping_with_no_taskflow_operators.py
[2024-03-13T06:42:53.601+0000] {processor.py:840} INFO - DAG(s) 'example_dynamic_task_mapping_with_no_taskflow_operators' retrieved from /home/airflow/.local/lib/python3.8/site-packages/airflow/example_dags/example_dynamic_task_mapping_with_no_taskflow_operators.py
[2024-03-13T06:42:53.617+0000] {logging_mixin.py:188} INFO - [2024-03-13T06:42:53.616+0000] {dag.py:3047} INFO - Sync 1 DAGs
[2024-03-13T06:42:53.634+0000] {logging_mixin.py:188} INFO - [2024-03-13T06:42:53.634+0000] {dag.py:3834} INFO - Setting next_dagrun for example_dynamic_task_mapping_with_no_taskflow_operators to 2024-03-12 00:00:00+00:00, run_after=2024-03-13 00:00:00+00:00
[2024-03-13T06:42:53.653+0000] {processor.py:183} INFO - Processing /home/airflow/.local/lib/python3.8/site-packages/airflow/example_dags/example_dynamic_task_mapping_with_no_taskflow_operators.py took 0.063 seconds
[2024-03-13T06:43:23.974+0000] {processor.py:161} INFO - Started process (PID=794) to work on /home/airflow/.local/lib/python3.8/site-packages/airflow/example_dags/example_dynamic_task_mapping_with_no_taskflow_operators.py
[2024-03-13T06:43:23.974+0000] {processor.py:830} INFO - Processing file /home/airflow/.local/lib/python3.8/site-packages/airflow/example_dags/example_dynamic_task_mapping_with_no_taskflow_operators.py for tasks to queue
[2024-03-13T06:43:23.975+0000] {logging_mixin.py:188} INFO - [2024-03-13T06:43:23.975+0000] {dagbag.py:540} INFO - Filling up the DagBag from /home/airflow/.local/lib/python3.8/site-packages/airflow/example_dags/example_dynamic_task_mapping_with_no_taskflow_operators.py
[2024-03-13T06:43:23.980+0000] {processor.py:840} INFO - DAG(s) 'example_dynamic_task_mapping_with_no_taskflow_operators' retrieved from /home/airflow/.local/lib/python3.8/site-packages/airflow/example_dags/example_dynamic_task_mapping_with_no_taskflow_operators.py
[2024-03-13T06:43:23.995+0000] {logging_mixin.py:188} INFO - [2024-03-13T06:43:23.995+0000] {dag.py:3047} INFO - Sync 1 DAGs
[2024-03-13T06:43:24.016+0000] {logging_mixin.py:188} INFO - [2024-03-13T06:43:24.016+0000] {dag.py:3834} INFO - Setting next_dagrun for example_dynamic_task_mapping_with_no_taskflow_operators to 2024-03-12 00:00:00+00:00, run_after=2024-03-13 00:00:00+00:00
[2024-03-13T06:43:24.037+0000] {processor.py:183} INFO - Processing /home/airflow/.local/lib/python3.8/site-packages/airflow/example_dags/example_dynamic_task_mapping_with_no_taskflow_operators.py took 0.065 seconds
[2024-03-13T06:43:54.571+0000] {processor.py:161} INFO - Started process (PID=850) to work on /home/airflow/.local/lib/python3.8/site-packages/airflow/example_dags/example_dynamic_task_mapping_with_no_taskflow_operators.py
[2024-03-13T06:43:54.572+0000] {processor.py:830} INFO - Processing file /home/airflow/.local/lib/python3.8/site-packages/airflow/example_dags/example_dynamic_task_mapping_with_no_taskflow_operators.py for tasks to queue
[2024-03-13T06:43:54.573+0000] {logging_mixin.py:188} INFO - [2024-03-13T06:43:54.573+0000] {dagbag.py:540} INFO - Filling up the DagBag from /home/airflow/.local/lib/python3.8/site-packages/airflow/example_dags/example_dynamic_task_mapping_with_no_taskflow_operators.py
[2024-03-13T06:43:54.578+0000] {processor.py:840} INFO - DAG(s) 'example_dynamic_task_mapping_with_no_taskflow_operators' retrieved from /home/airflow/.local/lib/python3.8/site-packages/airflow/example_dags/example_dynamic_task_mapping_with_no_taskflow_operators.py
[2024-03-13T06:43:54.591+0000] {logging_mixin.py:188} INFO - [2024-03-13T06:43:54.591+0000] {dag.py:3047} INFO - Sync 1 DAGs
[2024-03-13T06:43:54.607+0000] {logging_mixin.py:188} INFO - [2024-03-13T06:43:54.607+0000] {dag.py:3834} INFO - Setting next_dagrun for example_dynamic_task_mapping_with_no_taskflow_operators to 2024-03-12 00:00:00+00:00, run_after=2024-03-13 00:00:00+00:00
[2024-03-13T06:43:54.625+0000] {processor.py:183} INFO - Processing /home/airflow/.local/lib/python3.8/site-packages/airflow/example_dags/example_dynamic_task_mapping_with_no_taskflow_operators.py took 0.056 seconds
[2024-03-13T06:44:24.798+0000] {processor.py:161} INFO - Started process (PID=906) to work on /home/airflow/.local/lib/python3.8/site-packages/airflow/example_dags/example_dynamic_task_mapping_with_no_taskflow_operators.py
[2024-03-13T06:44:24.799+0000] {processor.py:830} INFO - Processing file /home/airflow/.local/lib/python3.8/site-packages/airflow/example_dags/example_dynamic_task_mapping_with_no_taskflow_operators.py for tasks to queue
[2024-03-13T06:44:24.800+0000] {logging_mixin.py:188} INFO - [2024-03-13T06:44:24.799+0000] {dagbag.py:540} INFO - Filling up the DagBag from /home/airflow/.local/lib/python3.8/site-packages/airflow/example_dags/example_dynamic_task_mapping_with_no_taskflow_operators.py
[2024-03-13T06:44:24.805+0000] {processor.py:840} INFO - DAG(s) 'example_dynamic_task_mapping_with_no_taskflow_operators' retrieved from /home/airflow/.local/lib/python3.8/site-packages/airflow/example_dags/example_dynamic_task_mapping_with_no_taskflow_operators.py
[2024-03-13T06:44:24.819+0000] {logging_mixin.py:188} INFO - [2024-03-13T06:44:24.819+0000] {dag.py:3047} INFO - Sync 1 DAGs
[2024-03-13T06:44:24.835+0000] {logging_mixin.py:188} INFO - [2024-03-13T06:44:24.835+0000] {dag.py:3834} INFO - Setting next_dagrun for example_dynamic_task_mapping_with_no_taskflow_operators to 2024-03-12 00:00:00+00:00, run_after=2024-03-13 00:00:00+00:00
[2024-03-13T06:44:24.850+0000] {processor.py:183} INFO - Processing /home/airflow/.local/lib/python3.8/site-packages/airflow/example_dags/example_dynamic_task_mapping_with_no_taskflow_operators.py took 0.054 seconds
[2024-03-13T06:44:55.600+0000] {processor.py:161} INFO - Started process (PID=962) to work on /home/airflow/.local/lib/python3.8/site-packages/airflow/example_dags/example_dynamic_task_mapping_with_no_taskflow_operators.py
[2024-03-13T06:44:55.601+0000] {processor.py:830} INFO - Processing file /home/airflow/.local/lib/python3.8/site-packages/airflow/example_dags/example_dynamic_task_mapping_with_no_taskflow_operators.py for tasks to queue
[2024-03-13T06:44:55.602+0000] {logging_mixin.py:188} INFO - [2024-03-13T06:44:55.602+0000] {dagbag.py:540} INFO - Filling up the DagBag from /home/airflow/.local/lib/python3.8/site-packages/airflow/example_dags/example_dynamic_task_mapping_with_no_taskflow_operators.py
[2024-03-13T06:44:55.608+0000] {processor.py:840} INFO - DAG(s) 'example_dynamic_task_mapping_with_no_taskflow_operators' retrieved from /home/airflow/.local/lib/python3.8/site-packages/airflow/example_dags/example_dynamic_task_mapping_with_no_taskflow_operators.py
[2024-03-13T06:44:55.631+0000] {logging_mixin.py:188} INFO - [2024-03-13T06:44:55.631+0000] {dag.py:3047} INFO - Sync 1 DAGs
[2024-03-13T06:44:55.655+0000] {logging_mixin.py:188} INFO - [2024-03-13T06:44:55.654+0000] {dag.py:3834} INFO - Setting next_dagrun for example_dynamic_task_mapping_with_no_taskflow_operators to 2024-03-12 00:00:00+00:00, run_after=2024-03-13 00:00:00+00:00
[2024-03-13T06:44:55.682+0000] {processor.py:183} INFO - Processing /home/airflow/.local/lib/python3.8/site-packages/airflow/example_dags/example_dynamic_task_mapping_with_no_taskflow_operators.py took 0.085 seconds
[2024-03-13T06:45:26.599+0000] {processor.py:161} INFO - Started process (PID=1019) to work on /home/airflow/.local/lib/python3.8/site-packages/airflow/example_dags/example_dynamic_task_mapping_with_no_taskflow_operators.py
[2024-03-13T06:45:26.600+0000] {processor.py:830} INFO - Processing file /home/airflow/.local/lib/python3.8/site-packages/airflow/example_dags/example_dynamic_task_mapping_with_no_taskflow_operators.py for tasks to queue
[2024-03-13T06:45:26.601+0000] {logging_mixin.py:188} INFO - [2024-03-13T06:45:26.601+0000] {dagbag.py:540} INFO - Filling up the DagBag from /home/airflow/.local/lib/python3.8/site-packages/airflow/example_dags/example_dynamic_task_mapping_with_no_taskflow_operators.py
[2024-03-13T06:45:26.607+0000] {processor.py:840} INFO - DAG(s) 'example_dynamic_task_mapping_with_no_taskflow_operators' retrieved from /home/airflow/.local/lib/python3.8/site-packages/airflow/example_dags/example_dynamic_task_mapping_with_no_taskflow_operators.py
[2024-03-13T06:45:26.623+0000] {logging_mixin.py:188} INFO - [2024-03-13T06:45:26.623+0000] {dag.py:3047} INFO - Sync 1 DAGs
[2024-03-13T06:45:26.641+0000] {logging_mixin.py:188} INFO - [2024-03-13T06:45:26.641+0000] {dag.py:3834} INFO - Setting next_dagrun for example_dynamic_task_mapping_with_no_taskflow_operators to 2024-03-12 00:00:00+00:00, run_after=2024-03-13 00:00:00+00:00
[2024-03-13T06:45:26.660+0000] {processor.py:183} INFO - Processing /home/airflow/.local/lib/python3.8/site-packages/airflow/example_dags/example_dynamic_task_mapping_with_no_taskflow_operators.py took 0.064 seconds
[2024-03-13T06:45:56.726+0000] {processor.py:161} INFO - Started process (PID=1074) to work on /home/airflow/.local/lib/python3.8/site-packages/airflow/example_dags/example_dynamic_task_mapping_with_no_taskflow_operators.py
[2024-03-13T06:45:56.727+0000] {processor.py:830} INFO - Processing file /home/airflow/.local/lib/python3.8/site-packages/airflow/example_dags/example_dynamic_task_mapping_with_no_taskflow_operators.py for tasks to queue
[2024-03-13T06:45:56.728+0000] {logging_mixin.py:188} INFO - [2024-03-13T06:45:56.728+0000] {dagbag.py:540} INFO - Filling up the DagBag from /home/airflow/.local/lib/python3.8/site-packages/airflow/example_dags/example_dynamic_task_mapping_with_no_taskflow_operators.py
[2024-03-13T06:45:56.733+0000] {processor.py:840} INFO - DAG(s) 'example_dynamic_task_mapping_with_no_taskflow_operators' retrieved from /home/airflow/.local/lib/python3.8/site-packages/airflow/example_dags/example_dynamic_task_mapping_with_no_taskflow_operators.py
[2024-03-13T06:45:56.748+0000] {logging_mixin.py:188} INFO - [2024-03-13T06:45:56.748+0000] {dag.py:3047} INFO - Sync 1 DAGs
[2024-03-13T06:45:56.766+0000] {logging_mixin.py:188} INFO - [2024-03-13T06:45:56.766+0000] {dag.py:3834} INFO - Setting next_dagrun for example_dynamic_task_mapping_with_no_taskflow_operators to 2024-03-12 00:00:00+00:00, run_after=2024-03-13 00:00:00+00:00
[2024-03-13T06:45:56.786+0000] {processor.py:183} INFO - Processing /home/airflow/.local/lib/python3.8/site-packages/airflow/example_dags/example_dynamic_task_mapping_with_no_taskflow_operators.py took 0.063 seconds
[2024-03-13T06:46:27.521+0000] {processor.py:161} INFO - Started process (PID=1131) to work on /home/airflow/.local/lib/python3.8/site-packages/airflow/example_dags/example_dynamic_task_mapping_with_no_taskflow_operators.py
[2024-03-13T06:46:27.522+0000] {processor.py:830} INFO - Processing file /home/airflow/.local/lib/python3.8/site-packages/airflow/example_dags/example_dynamic_task_mapping_with_no_taskflow_operators.py for tasks to queue
[2024-03-13T06:46:27.524+0000] {logging_mixin.py:188} INFO - [2024-03-13T06:46:27.523+0000] {dagbag.py:540} INFO - Filling up the DagBag from /home/airflow/.local/lib/python3.8/site-packages/airflow/example_dags/example_dynamic_task_mapping_with_no_taskflow_operators.py
[2024-03-13T06:46:27.529+0000] {processor.py:840} INFO - DAG(s) 'example_dynamic_task_mapping_with_no_taskflow_operators' retrieved from /home/airflow/.local/lib/python3.8/site-packages/airflow/example_dags/example_dynamic_task_mapping_with_no_taskflow_operators.py
[2024-03-13T06:46:27.546+0000] {logging_mixin.py:188} INFO - [2024-03-13T06:46:27.546+0000] {dag.py:3047} INFO - Sync 1 DAGs
[2024-03-13T06:46:27.563+0000] {logging_mixin.py:188} INFO - [2024-03-13T06:46:27.563+0000] {dag.py:3834} INFO - Setting next_dagrun for example_dynamic_task_mapping_with_no_taskflow_operators to 2024-03-12 00:00:00+00:00, run_after=2024-03-13 00:00:00+00:00
[2024-03-13T06:46:27.583+0000] {processor.py:183} INFO - Processing /home/airflow/.local/lib/python3.8/site-packages/airflow/example_dags/example_dynamic_task_mapping_with_no_taskflow_operators.py took 0.065 seconds
[2024-03-13T06:46:57.818+0000] {processor.py:161} INFO - Started process (PID=1194) to work on /home/airflow/.local/lib/python3.8/site-packages/airflow/example_dags/example_dynamic_task_mapping_with_no_taskflow_operators.py
[2024-03-13T06:46:57.819+0000] {processor.py:830} INFO - Processing file /home/airflow/.local/lib/python3.8/site-packages/airflow/example_dags/example_dynamic_task_mapping_with_no_taskflow_operators.py for tasks to queue
[2024-03-13T06:46:57.820+0000] {logging_mixin.py:188} INFO - [2024-03-13T06:46:57.820+0000] {dagbag.py:540} INFO - Filling up the DagBag from /home/airflow/.local/lib/python3.8/site-packages/airflow/example_dags/example_dynamic_task_mapping_with_no_taskflow_operators.py
[2024-03-13T06:46:57.825+0000] {processor.py:840} INFO - DAG(s) 'example_dynamic_task_mapping_with_no_taskflow_operators' retrieved from /home/airflow/.local/lib/python3.8/site-packages/airflow/example_dags/example_dynamic_task_mapping_with_no_taskflow_operators.py
[2024-03-13T06:46:57.841+0000] {logging_mixin.py:188} INFO - [2024-03-13T06:46:57.841+0000] {dag.py:3047} INFO - Sync 1 DAGs
[2024-03-13T06:46:57.858+0000] {logging_mixin.py:188} INFO - [2024-03-13T06:46:57.858+0000] {dag.py:3834} INFO - Setting next_dagrun for example_dynamic_task_mapping_with_no_taskflow_operators to 2024-03-12 00:00:00+00:00, run_after=2024-03-13 00:00:00+00:00
[2024-03-13T06:46:57.880+0000] {processor.py:183} INFO - Processing /home/airflow/.local/lib/python3.8/site-packages/airflow/example_dags/example_dynamic_task_mapping_with_no_taskflow_operators.py took 0.065 seconds
[2024-03-13T06:47:28.540+0000] {processor.py:161} INFO - Started process (PID=1250) to work on /home/airflow/.local/lib/python3.8/site-packages/airflow/example_dags/example_dynamic_task_mapping_with_no_taskflow_operators.py
[2024-03-13T06:47:28.541+0000] {processor.py:830} INFO - Processing file /home/airflow/.local/lib/python3.8/site-packages/airflow/example_dags/example_dynamic_task_mapping_with_no_taskflow_operators.py for tasks to queue
[2024-03-13T06:47:28.542+0000] {logging_mixin.py:188} INFO - [2024-03-13T06:47:28.542+0000] {dagbag.py:540} INFO - Filling up the DagBag from /home/airflow/.local/lib/python3.8/site-packages/airflow/example_dags/example_dynamic_task_mapping_with_no_taskflow_operators.py
[2024-03-13T06:47:28.549+0000] {processor.py:840} INFO - DAG(s) 'example_dynamic_task_mapping_with_no_taskflow_operators' retrieved from /home/airflow/.local/lib/python3.8/site-packages/airflow/example_dags/example_dynamic_task_mapping_with_no_taskflow_operators.py
[2024-03-13T06:47:28.571+0000] {logging_mixin.py:188} INFO - [2024-03-13T06:47:28.570+0000] {dag.py:3047} INFO - Sync 1 DAGs
[2024-03-13T06:47:28.596+0000] {logging_mixin.py:188} INFO - [2024-03-13T06:47:28.596+0000] {dag.py:3834} INFO - Setting next_dagrun for example_dynamic_task_mapping_with_no_taskflow_operators to 2024-03-12 00:00:00+00:00, run_after=2024-03-13 00:00:00+00:00
[2024-03-13T06:47:28.619+0000] {processor.py:183} INFO - Processing /home/airflow/.local/lib/python3.8/site-packages/airflow/example_dags/example_dynamic_task_mapping_with_no_taskflow_operators.py took 0.082 seconds
[2024-03-13T06:47:59.321+0000] {processor.py:161} INFO - Started process (PID=1306) to work on /home/airflow/.local/lib/python3.8/site-packages/airflow/example_dags/example_dynamic_task_mapping_with_no_taskflow_operators.py
[2024-03-13T06:47:59.322+0000] {processor.py:830} INFO - Processing file /home/airflow/.local/lib/python3.8/site-packages/airflow/example_dags/example_dynamic_task_mapping_with_no_taskflow_operators.py for tasks to queue
[2024-03-13T06:47:59.323+0000] {logging_mixin.py:188} INFO - [2024-03-13T06:47:59.323+0000] {dagbag.py:540} INFO - Filling up the DagBag from /home/airflow/.local/lib/python3.8/site-packages/airflow/example_dags/example_dynamic_task_mapping_with_no_taskflow_operators.py
[2024-03-13T06:47:59.328+0000] {processor.py:840} INFO - DAG(s) 'example_dynamic_task_mapping_with_no_taskflow_operators' retrieved from /home/airflow/.local/lib/python3.8/site-packages/airflow/example_dags/example_dynamic_task_mapping_with_no_taskflow_operators.py
[2024-03-13T06:47:59.344+0000] {logging_mixin.py:188} INFO - [2024-03-13T06:47:59.344+0000] {dag.py:3047} INFO - Sync 1 DAGs
[2024-03-13T06:47:59.362+0000] {logging_mixin.py:188} INFO - [2024-03-13T06:47:59.362+0000] {dag.py:3834} INFO - Setting next_dagrun for example_dynamic_task_mapping_with_no_taskflow_operators to 2024-03-12 00:00:00+00:00, run_after=2024-03-13 00:00:00+00:00
[2024-03-13T06:47:59.380+0000] {processor.py:183} INFO - Processing /home/airflow/.local/lib/python3.8/site-packages/airflow/example_dags/example_dynamic_task_mapping_with_no_taskflow_operators.py took 0.062 seconds
[2024-03-13T06:48:29.675+0000] {processor.py:161} INFO - Started process (PID=1363) to work on /home/airflow/.local/lib/python3.8/site-packages/airflow/example_dags/example_dynamic_task_mapping_with_no_taskflow_operators.py
[2024-03-13T06:48:29.676+0000] {processor.py:830} INFO - Processing file /home/airflow/.local/lib/python3.8/site-packages/airflow/example_dags/example_dynamic_task_mapping_with_no_taskflow_operators.py for tasks to queue
[2024-03-13T06:48:29.677+0000] {logging_mixin.py:188} INFO - [2024-03-13T06:48:29.677+0000] {dagbag.py:540} INFO - Filling up the DagBag from /home/airflow/.local/lib/python3.8/site-packages/airflow/example_dags/example_dynamic_task_mapping_with_no_taskflow_operators.py
[2024-03-13T06:48:29.684+0000] {processor.py:840} INFO - DAG(s) 'example_dynamic_task_mapping_with_no_taskflow_operators' retrieved from /home/airflow/.local/lib/python3.8/site-packages/airflow/example_dags/example_dynamic_task_mapping_with_no_taskflow_operators.py
[2024-03-13T06:48:29.699+0000] {logging_mixin.py:188} INFO - [2024-03-13T06:48:29.699+0000] {dag.py:3047} INFO - Sync 1 DAGs
[2024-03-13T06:48:29.719+0000] {logging_mixin.py:188} INFO - [2024-03-13T06:48:29.718+0000] {dag.py:3834} INFO - Setting next_dagrun for example_dynamic_task_mapping_with_no_taskflow_operators to 2024-03-12 00:00:00+00:00, run_after=2024-03-13 00:00:00+00:00
[2024-03-13T06:48:29.738+0000] {processor.py:183} INFO - Processing /home/airflow/.local/lib/python3.8/site-packages/airflow/example_dags/example_dynamic_task_mapping_with_no_taskflow_operators.py took 0.066 seconds
[2024-03-13T06:48:59.959+0000] {processor.py:161} INFO - Started process (PID=1420) to work on /home/airflow/.local/lib/python3.8/site-packages/airflow/example_dags/example_dynamic_task_mapping_with_no_taskflow_operators.py
[2024-03-13T06:48:59.960+0000] {processor.py:830} INFO - Processing file /home/airflow/.local/lib/python3.8/site-packages/airflow/example_dags/example_dynamic_task_mapping_with_no_taskflow_operators.py for tasks to queue
[2024-03-13T06:48:59.960+0000] {logging_mixin.py:188} INFO - [2024-03-13T06:48:59.960+0000] {dagbag.py:540} INFO - Filling up the DagBag from /home/airflow/.local/lib/python3.8/site-packages/airflow/example_dags/example_dynamic_task_mapping_with_no_taskflow_operators.py
[2024-03-13T06:48:59.965+0000] {processor.py:840} INFO - DAG(s) 'example_dynamic_task_mapping_with_no_taskflow_operators' retrieved from /home/airflow/.local/lib/python3.8/site-packages/airflow/example_dags/example_dynamic_task_mapping_with_no_taskflow_operators.py
[2024-03-13T06:48:59.981+0000] {logging_mixin.py:188} INFO - [2024-03-13T06:48:59.980+0000] {dag.py:3047} INFO - Sync 1 DAGs
[2024-03-13T06:48:59.996+0000] {logging_mixin.py:188} INFO - [2024-03-13T06:48:59.996+0000] {dag.py:3834} INFO - Setting next_dagrun for example_dynamic_task_mapping_with_no_taskflow_operators to 2024-03-12 00:00:00+00:00, run_after=2024-03-13 00:00:00+00:00
[2024-03-13T06:49:00.014+0000] {processor.py:183} INFO - Processing /home/airflow/.local/lib/python3.8/site-packages/airflow/example_dags/example_dynamic_task_mapping_with_no_taskflow_operators.py took 0.058 seconds
[2024-03-13T06:49:30.235+0000] {processor.py:161} INFO - Started process (PID=1476) to work on /home/airflow/.local/lib/python3.8/site-packages/airflow/example_dags/example_dynamic_task_mapping_with_no_taskflow_operators.py
[2024-03-13T06:49:30.237+0000] {processor.py:830} INFO - Processing file /home/airflow/.local/lib/python3.8/site-packages/airflow/example_dags/example_dynamic_task_mapping_with_no_taskflow_operators.py for tasks to queue
[2024-03-13T06:49:30.238+0000] {logging_mixin.py:188} INFO - [2024-03-13T06:49:30.237+0000] {dagbag.py:540} INFO - Filling up the DagBag from /home/airflow/.local/lib/python3.8/site-packages/airflow/example_dags/example_dynamic_task_mapping_with_no_taskflow_operators.py
[2024-03-13T06:49:30.243+0000] {processor.py:840} INFO - DAG(s) 'example_dynamic_task_mapping_with_no_taskflow_operators' retrieved from /home/airflow/.local/lib/python3.8/site-packages/airflow/example_dags/example_dynamic_task_mapping_with_no_taskflow_operators.py
[2024-03-13T06:49:30.258+0000] {logging_mixin.py:188} INFO - [2024-03-13T06:49:30.257+0000] {dag.py:3047} INFO - Sync 1 DAGs
[2024-03-13T06:49:30.275+0000] {logging_mixin.py:188} INFO - [2024-03-13T06:49:30.275+0000] {dag.py:3834} INFO - Setting next_dagrun for example_dynamic_task_mapping_with_no_taskflow_operators to 2024-03-12 00:00:00+00:00, run_after=2024-03-13 00:00:00+00:00
[2024-03-13T06:49:30.290+0000] {processor.py:183} INFO - Processing /home/airflow/.local/lib/python3.8/site-packages/airflow/example_dags/example_dynamic_task_mapping_with_no_taskflow_operators.py took 0.057 seconds
[2024-03-13T06:50:00.438+0000] {processor.py:161} INFO - Started process (PID=1534) to work on /home/airflow/.local/lib/python3.8/site-packages/airflow/example_dags/example_dynamic_task_mapping_with_no_taskflow_operators.py
[2024-03-13T06:50:00.439+0000] {processor.py:830} INFO - Processing file /home/airflow/.local/lib/python3.8/site-packages/airflow/example_dags/example_dynamic_task_mapping_with_no_taskflow_operators.py for tasks to queue
[2024-03-13T06:50:00.439+0000] {logging_mixin.py:188} INFO - [2024-03-13T06:50:00.439+0000] {dagbag.py:540} INFO - Filling up the DagBag from /home/airflow/.local/lib/python3.8/site-packages/airflow/example_dags/example_dynamic_task_mapping_with_no_taskflow_operators.py
[2024-03-13T06:50:00.445+0000] {processor.py:840} INFO - DAG(s) 'example_dynamic_task_mapping_with_no_taskflow_operators' retrieved from /home/airflow/.local/lib/python3.8/site-packages/airflow/example_dags/example_dynamic_task_mapping_with_no_taskflow_operators.py
[2024-03-13T06:50:00.459+0000] {logging_mixin.py:188} INFO - [2024-03-13T06:50:00.459+0000] {dag.py:3047} INFO - Sync 1 DAGs
[2024-03-13T06:50:00.476+0000] {logging_mixin.py:188} INFO - [2024-03-13T06:50:00.476+0000] {dag.py:3834} INFO - Setting next_dagrun for example_dynamic_task_mapping_with_no_taskflow_operators to 2024-03-12 00:00:00+00:00, run_after=2024-03-13 00:00:00+00:00
[2024-03-13T06:50:00.493+0000] {processor.py:183} INFO - Processing /home/airflow/.local/lib/python3.8/site-packages/airflow/example_dags/example_dynamic_task_mapping_with_no_taskflow_operators.py took 0.058 seconds
[2024-03-13T06:50:30.615+0000] {processor.py:161} INFO - Started process (PID=1591) to work on /home/airflow/.local/lib/python3.8/site-packages/airflow/example_dags/example_dynamic_task_mapping_with_no_taskflow_operators.py
[2024-03-13T06:50:30.616+0000] {processor.py:830} INFO - Processing file /home/airflow/.local/lib/python3.8/site-packages/airflow/example_dags/example_dynamic_task_mapping_with_no_taskflow_operators.py for tasks to queue
[2024-03-13T06:50:30.617+0000] {logging_mixin.py:188} INFO - [2024-03-13T06:50:30.616+0000] {dagbag.py:540} INFO - Filling up the DagBag from /home/airflow/.local/lib/python3.8/site-packages/airflow/example_dags/example_dynamic_task_mapping_with_no_taskflow_operators.py
[2024-03-13T06:50:30.622+0000] {processor.py:840} INFO - DAG(s) 'example_dynamic_task_mapping_with_no_taskflow_operators' retrieved from /home/airflow/.local/lib/python3.8/site-packages/airflow/example_dags/example_dynamic_task_mapping_with_no_taskflow_operators.py
[2024-03-13T06:50:30.638+0000] {logging_mixin.py:188} INFO - [2024-03-13T06:50:30.638+0000] {dag.py:3047} INFO - Sync 1 DAGs
[2024-03-13T06:50:30.654+0000] {logging_mixin.py:188} INFO - [2024-03-13T06:50:30.654+0000] {dag.py:3834} INFO - Setting next_dagrun for example_dynamic_task_mapping_with_no_taskflow_operators to 2024-03-12 00:00:00+00:00, run_after=2024-03-13 00:00:00+00:00
[2024-03-13T06:50:30.671+0000] {processor.py:183} INFO - Processing /home/airflow/.local/lib/python3.8/site-packages/airflow/example_dags/example_dynamic_task_mapping_with_no_taskflow_operators.py took 0.058 seconds
[2024-03-13T06:51:00.740+0000] {processor.py:161} INFO - Started process (PID=1650) to work on /home/airflow/.local/lib/python3.8/site-packages/airflow/example_dags/example_dynamic_task_mapping_with_no_taskflow_operators.py
[2024-03-13T06:51:00.741+0000] {processor.py:830} INFO - Processing file /home/airflow/.local/lib/python3.8/site-packages/airflow/example_dags/example_dynamic_task_mapping_with_no_taskflow_operators.py for tasks to queue
[2024-03-13T06:51:00.742+0000] {logging_mixin.py:188} INFO - [2024-03-13T06:51:00.742+0000] {dagbag.py:540} INFO - Filling up the DagBag from /home/airflow/.local/lib/python3.8/site-packages/airflow/example_dags/example_dynamic_task_mapping_with_no_taskflow_operators.py
[2024-03-13T06:51:00.747+0000] {processor.py:840} INFO - DAG(s) 'example_dynamic_task_mapping_with_no_taskflow_operators' retrieved from /home/airflow/.local/lib/python3.8/site-packages/airflow/example_dags/example_dynamic_task_mapping_with_no_taskflow_operators.py
[2024-03-13T06:51:00.762+0000] {logging_mixin.py:188} INFO - [2024-03-13T06:51:00.761+0000] {dag.py:3047} INFO - Sync 1 DAGs
[2024-03-13T06:51:00.778+0000] {logging_mixin.py:188} INFO - [2024-03-13T06:51:00.777+0000] {dag.py:3834} INFO - Setting next_dagrun for example_dynamic_task_mapping_with_no_taskflow_operators to 2024-03-12 00:00:00+00:00, run_after=2024-03-13 00:00:00+00:00
[2024-03-13T06:51:00.796+0000] {processor.py:183} INFO - Processing /home/airflow/.local/lib/python3.8/site-packages/airflow/example_dags/example_dynamic_task_mapping_with_no_taskflow_operators.py took 0.058 seconds
[2024-03-13T06:52:19.464+0000] {processor.py:161} INFO - Started process (PID=66) to work on /home/airflow/.local/lib/python3.8/site-packages/airflow/example_dags/example_dynamic_task_mapping_with_no_taskflow_operators.py
[2024-03-13T06:52:19.465+0000] {processor.py:830} INFO - Processing file /home/airflow/.local/lib/python3.8/site-packages/airflow/example_dags/example_dynamic_task_mapping_with_no_taskflow_operators.py for tasks to queue
[2024-03-13T06:52:19.467+0000] {logging_mixin.py:188} INFO - [2024-03-13T06:52:19.467+0000] {dagbag.py:540} INFO - Filling up the DagBag from /home/airflow/.local/lib/python3.8/site-packages/airflow/example_dags/example_dynamic_task_mapping_with_no_taskflow_operators.py
[2024-03-13T06:52:19.473+0000] {processor.py:840} INFO - DAG(s) 'example_dynamic_task_mapping_with_no_taskflow_operators' retrieved from /home/airflow/.local/lib/python3.8/site-packages/airflow/example_dags/example_dynamic_task_mapping_with_no_taskflow_operators.py
[2024-03-13T06:52:19.486+0000] {logging_mixin.py:188} INFO - [2024-03-13T06:52:19.486+0000] {dag.py:3047} INFO - Sync 1 DAGs
[2024-03-13T06:52:19.506+0000] {logging_mixin.py:188} INFO - [2024-03-13T06:52:19.506+0000] {dag.py:3834} INFO - Setting next_dagrun for example_dynamic_task_mapping_with_no_taskflow_operators to 2024-03-12 00:00:00+00:00, run_after=2024-03-13 00:00:00+00:00
[2024-03-13T06:52:19.523+0000] {processor.py:183} INFO - Processing /home/airflow/.local/lib/python3.8/site-packages/airflow/example_dags/example_dynamic_task_mapping_with_no_taskflow_operators.py took 0.062 seconds
[2024-03-13T06:52:50.669+0000] {processor.py:161} INFO - Started process (PID=122) to work on /home/airflow/.local/lib/python3.8/site-packages/airflow/example_dags/example_dynamic_task_mapping_with_no_taskflow_operators.py
[2024-03-13T06:52:50.670+0000] {processor.py:830} INFO - Processing file /home/airflow/.local/lib/python3.8/site-packages/airflow/example_dags/example_dynamic_task_mapping_with_no_taskflow_operators.py for tasks to queue
[2024-03-13T06:52:50.672+0000] {logging_mixin.py:188} INFO - [2024-03-13T06:52:50.672+0000] {dagbag.py:540} INFO - Filling up the DagBag from /home/airflow/.local/lib/python3.8/site-packages/airflow/example_dags/example_dynamic_task_mapping_with_no_taskflow_operators.py
[2024-03-13T06:52:50.677+0000] {processor.py:840} INFO - DAG(s) 'example_dynamic_task_mapping_with_no_taskflow_operators' retrieved from /home/airflow/.local/lib/python3.8/site-packages/airflow/example_dags/example_dynamic_task_mapping_with_no_taskflow_operators.py
[2024-03-13T06:52:50.751+0000] {logging_mixin.py:188} INFO - [2024-03-13T06:52:50.751+0000] {dag.py:3047} INFO - Sync 1 DAGs
[2024-03-13T06:52:50.767+0000] {logging_mixin.py:188} INFO - [2024-03-13T06:52:50.767+0000] {dag.py:3834} INFO - Setting next_dagrun for example_dynamic_task_mapping_with_no_taskflow_operators to 2024-03-12 00:00:00+00:00, run_after=2024-03-13 00:00:00+00:00
[2024-03-13T06:52:50.784+0000] {processor.py:183} INFO - Processing /home/airflow/.local/lib/python3.8/site-packages/airflow/example_dags/example_dynamic_task_mapping_with_no_taskflow_operators.py took 0.117 seconds
[2024-03-13T06:53:21.722+0000] {processor.py:161} INFO - Started process (PID=178) to work on /home/airflow/.local/lib/python3.8/site-packages/airflow/example_dags/example_dynamic_task_mapping_with_no_taskflow_operators.py
[2024-03-13T06:53:21.723+0000] {processor.py:830} INFO - Processing file /home/airflow/.local/lib/python3.8/site-packages/airflow/example_dags/example_dynamic_task_mapping_with_no_taskflow_operators.py for tasks to queue
[2024-03-13T06:53:21.725+0000] {logging_mixin.py:188} INFO - [2024-03-13T06:53:21.724+0000] {dagbag.py:540} INFO - Filling up the DagBag from /home/airflow/.local/lib/python3.8/site-packages/airflow/example_dags/example_dynamic_task_mapping_with_no_taskflow_operators.py
[2024-03-13T06:53:21.731+0000] {processor.py:840} INFO - DAG(s) 'example_dynamic_task_mapping_with_no_taskflow_operators' retrieved from /home/airflow/.local/lib/python3.8/site-packages/airflow/example_dags/example_dynamic_task_mapping_with_no_taskflow_operators.py
[2024-03-13T06:53:21.748+0000] {logging_mixin.py:188} INFO - [2024-03-13T06:53:21.748+0000] {dag.py:3047} INFO - Sync 1 DAGs
[2024-03-13T06:53:21.769+0000] {logging_mixin.py:188} INFO - [2024-03-13T06:53:21.769+0000] {dag.py:3834} INFO - Setting next_dagrun for example_dynamic_task_mapping_with_no_taskflow_operators to 2024-03-12 00:00:00+00:00, run_after=2024-03-13 00:00:00+00:00
[2024-03-13T06:53:21.791+0000] {processor.py:183} INFO - Processing /home/airflow/.local/lib/python3.8/site-packages/airflow/example_dags/example_dynamic_task_mapping_with_no_taskflow_operators.py took 0.072 seconds
[2024-03-13T06:53:52.165+0000] {processor.py:161} INFO - Started process (PID=234) to work on /home/airflow/.local/lib/python3.8/site-packages/airflow/example_dags/example_dynamic_task_mapping_with_no_taskflow_operators.py
[2024-03-13T06:53:52.166+0000] {processor.py:830} INFO - Processing file /home/airflow/.local/lib/python3.8/site-packages/airflow/example_dags/example_dynamic_task_mapping_with_no_taskflow_operators.py for tasks to queue
[2024-03-13T06:53:52.167+0000] {logging_mixin.py:188} INFO - [2024-03-13T06:53:52.167+0000] {dagbag.py:540} INFO - Filling up the DagBag from /home/airflow/.local/lib/python3.8/site-packages/airflow/example_dags/example_dynamic_task_mapping_with_no_taskflow_operators.py
[2024-03-13T06:53:52.172+0000] {processor.py:840} INFO - DAG(s) 'example_dynamic_task_mapping_with_no_taskflow_operators' retrieved from /home/airflow/.local/lib/python3.8/site-packages/airflow/example_dags/example_dynamic_task_mapping_with_no_taskflow_operators.py
[2024-03-13T06:53:52.188+0000] {logging_mixin.py:188} INFO - [2024-03-13T06:53:52.187+0000] {dag.py:3047} INFO - Sync 1 DAGs
[2024-03-13T06:53:52.204+0000] {logging_mixin.py:188} INFO - [2024-03-13T06:53:52.204+0000] {dag.py:3834} INFO - Setting next_dagrun for example_dynamic_task_mapping_with_no_taskflow_operators to 2024-03-12 00:00:00+00:00, run_after=2024-03-13 00:00:00+00:00
[2024-03-13T06:53:52.220+0000] {processor.py:183} INFO - Processing /home/airflow/.local/lib/python3.8/site-packages/airflow/example_dags/example_dynamic_task_mapping_with_no_taskflow_operators.py took 0.058 seconds
[2024-03-13T06:54:22.483+0000] {processor.py:161} INFO - Started process (PID=289) to work on /home/airflow/.local/lib/python3.8/site-packages/airflow/example_dags/example_dynamic_task_mapping_with_no_taskflow_operators.py
[2024-03-13T06:54:22.484+0000] {processor.py:830} INFO - Processing file /home/airflow/.local/lib/python3.8/site-packages/airflow/example_dags/example_dynamic_task_mapping_with_no_taskflow_operators.py for tasks to queue
[2024-03-13T06:54:22.486+0000] {logging_mixin.py:188} INFO - [2024-03-13T06:54:22.485+0000] {dagbag.py:540} INFO - Filling up the DagBag from /home/airflow/.local/lib/python3.8/site-packages/airflow/example_dags/example_dynamic_task_mapping_with_no_taskflow_operators.py
[2024-03-13T06:54:22.490+0000] {processor.py:840} INFO - DAG(s) 'example_dynamic_task_mapping_with_no_taskflow_operators' retrieved from /home/airflow/.local/lib/python3.8/site-packages/airflow/example_dags/example_dynamic_task_mapping_with_no_taskflow_operators.py
[2024-03-13T06:54:22.506+0000] {logging_mixin.py:188} INFO - [2024-03-13T06:54:22.505+0000] {dag.py:3047} INFO - Sync 1 DAGs
[2024-03-13T06:54:22.523+0000] {logging_mixin.py:188} INFO - [2024-03-13T06:54:22.523+0000] {dag.py:3834} INFO - Setting next_dagrun for example_dynamic_task_mapping_with_no_taskflow_operators to 2024-03-12 00:00:00+00:00, run_after=2024-03-13 00:00:00+00:00
[2024-03-13T06:54:22.540+0000] {processor.py:183} INFO - Processing /home/airflow/.local/lib/python3.8/site-packages/airflow/example_dags/example_dynamic_task_mapping_with_no_taskflow_operators.py took 0.060 seconds
[2024-03-13T06:54:52.909+0000] {processor.py:161} INFO - Started process (PID=345) to work on /home/airflow/.local/lib/python3.8/site-packages/airflow/example_dags/example_dynamic_task_mapping_with_no_taskflow_operators.py
[2024-03-13T06:54:52.911+0000] {processor.py:830} INFO - Processing file /home/airflow/.local/lib/python3.8/site-packages/airflow/example_dags/example_dynamic_task_mapping_with_no_taskflow_operators.py for tasks to queue
[2024-03-13T06:54:52.912+0000] {logging_mixin.py:188} INFO - [2024-03-13T06:54:52.912+0000] {dagbag.py:540} INFO - Filling up the DagBag from /home/airflow/.local/lib/python3.8/site-packages/airflow/example_dags/example_dynamic_task_mapping_with_no_taskflow_operators.py
[2024-03-13T06:54:52.920+0000] {processor.py:840} INFO - DAG(s) 'example_dynamic_task_mapping_with_no_taskflow_operators' retrieved from /home/airflow/.local/lib/python3.8/site-packages/airflow/example_dags/example_dynamic_task_mapping_with_no_taskflow_operators.py
[2024-03-13T06:54:52.940+0000] {logging_mixin.py:188} INFO - [2024-03-13T06:54:52.940+0000] {dag.py:3047} INFO - Sync 1 DAGs
[2024-03-13T06:54:52.972+0000] {logging_mixin.py:188} INFO - [2024-03-13T06:54:52.972+0000] {dag.py:3834} INFO - Setting next_dagrun for example_dynamic_task_mapping_with_no_taskflow_operators to 2024-03-12 00:00:00+00:00, run_after=2024-03-13 00:00:00+00:00
[2024-03-13T06:54:53.008+0000] {processor.py:183} INFO - Processing /home/airflow/.local/lib/python3.8/site-packages/airflow/example_dags/example_dynamic_task_mapping_with_no_taskflow_operators.py took 0.102 seconds
[2024-03-13T06:55:23.874+0000] {processor.py:161} INFO - Started process (PID=401) to work on /home/airflow/.local/lib/python3.8/site-packages/airflow/example_dags/example_dynamic_task_mapping_with_no_taskflow_operators.py
[2024-03-13T06:55:23.876+0000] {processor.py:830} INFO - Processing file /home/airflow/.local/lib/python3.8/site-packages/airflow/example_dags/example_dynamic_task_mapping_with_no_taskflow_operators.py for tasks to queue
[2024-03-13T06:55:23.878+0000] {logging_mixin.py:188} INFO - [2024-03-13T06:55:23.877+0000] {dagbag.py:540} INFO - Filling up the DagBag from /home/airflow/.local/lib/python3.8/site-packages/airflow/example_dags/example_dynamic_task_mapping_with_no_taskflow_operators.py
[2024-03-13T06:55:23.883+0000] {processor.py:840} INFO - DAG(s) 'example_dynamic_task_mapping_with_no_taskflow_operators' retrieved from /home/airflow/.local/lib/python3.8/site-packages/airflow/example_dags/example_dynamic_task_mapping_with_no_taskflow_operators.py
[2024-03-13T06:55:23.902+0000] {logging_mixin.py:188} INFO - [2024-03-13T06:55:23.901+0000] {dag.py:3047} INFO - Sync 1 DAGs
[2024-03-13T06:55:23.921+0000] {logging_mixin.py:188} INFO - [2024-03-13T06:55:23.921+0000] {dag.py:3834} INFO - Setting next_dagrun for example_dynamic_task_mapping_with_no_taskflow_operators to 2024-03-12 00:00:00+00:00, run_after=2024-03-13 00:00:00+00:00
[2024-03-13T06:55:23.941+0000] {processor.py:183} INFO - Processing /home/airflow/.local/lib/python3.8/site-packages/airflow/example_dags/example_dynamic_task_mapping_with_no_taskflow_operators.py took 0.071 seconds
[2024-03-13T06:55:54.636+0000] {processor.py:161} INFO - Started process (PID=458) to work on /home/airflow/.local/lib/python3.8/site-packages/airflow/example_dags/example_dynamic_task_mapping_with_no_taskflow_operators.py
[2024-03-13T06:55:54.637+0000] {processor.py:830} INFO - Processing file /home/airflow/.local/lib/python3.8/site-packages/airflow/example_dags/example_dynamic_task_mapping_with_no_taskflow_operators.py for tasks to queue
[2024-03-13T06:55:54.639+0000] {logging_mixin.py:188} INFO - [2024-03-13T06:55:54.638+0000] {dagbag.py:540} INFO - Filling up the DagBag from /home/airflow/.local/lib/python3.8/site-packages/airflow/example_dags/example_dynamic_task_mapping_with_no_taskflow_operators.py
[2024-03-13T06:55:54.643+0000] {processor.py:840} INFO - DAG(s) 'example_dynamic_task_mapping_with_no_taskflow_operators' retrieved from /home/airflow/.local/lib/python3.8/site-packages/airflow/example_dags/example_dynamic_task_mapping_with_no_taskflow_operators.py
[2024-03-13T06:55:54.659+0000] {logging_mixin.py:188} INFO - [2024-03-13T06:55:54.659+0000] {dag.py:3047} INFO - Sync 1 DAGs
[2024-03-13T06:55:54.676+0000] {logging_mixin.py:188} INFO - [2024-03-13T06:55:54.676+0000] {dag.py:3834} INFO - Setting next_dagrun for example_dynamic_task_mapping_with_no_taskflow_operators to 2024-03-12 00:00:00+00:00, run_after=2024-03-13 00:00:00+00:00
[2024-03-13T06:55:54.695+0000] {processor.py:183} INFO - Processing /home/airflow/.local/lib/python3.8/site-packages/airflow/example_dags/example_dynamic_task_mapping_with_no_taskflow_operators.py took 0.062 seconds
[2024-03-13T06:56:25.432+0000] {processor.py:161} INFO - Started process (PID=515) to work on /home/airflow/.local/lib/python3.8/site-packages/airflow/example_dags/example_dynamic_task_mapping_with_no_taskflow_operators.py
[2024-03-13T06:56:25.433+0000] {processor.py:830} INFO - Processing file /home/airflow/.local/lib/python3.8/site-packages/airflow/example_dags/example_dynamic_task_mapping_with_no_taskflow_operators.py for tasks to queue
[2024-03-13T06:56:25.434+0000] {logging_mixin.py:188} INFO - [2024-03-13T06:56:25.434+0000] {dagbag.py:540} INFO - Filling up the DagBag from /home/airflow/.local/lib/python3.8/site-packages/airflow/example_dags/example_dynamic_task_mapping_with_no_taskflow_operators.py
[2024-03-13T06:56:25.439+0000] {processor.py:840} INFO - DAG(s) 'example_dynamic_task_mapping_with_no_taskflow_operators' retrieved from /home/airflow/.local/lib/python3.8/site-packages/airflow/example_dags/example_dynamic_task_mapping_with_no_taskflow_operators.py
[2024-03-13T06:56:25.454+0000] {logging_mixin.py:188} INFO - [2024-03-13T06:56:25.453+0000] {dag.py:3047} INFO - Sync 1 DAGs
[2024-03-13T06:56:25.471+0000] {logging_mixin.py:188} INFO - [2024-03-13T06:56:25.471+0000] {dag.py:3834} INFO - Setting next_dagrun for example_dynamic_task_mapping_with_no_taskflow_operators to 2024-03-12 00:00:00+00:00, run_after=2024-03-13 00:00:00+00:00
[2024-03-13T06:56:25.489+0000] {processor.py:183} INFO - Processing /home/airflow/.local/lib/python3.8/site-packages/airflow/example_dags/example_dynamic_task_mapping_with_no_taskflow_operators.py took 0.059 seconds
[2024-03-13T07:02:13.043+0000] {processor.py:161} INFO - Started process (PID=66) to work on /home/airflow/.local/lib/python3.8/site-packages/airflow/example_dags/example_dynamic_task_mapping_with_no_taskflow_operators.py
[2024-03-13T07:02:13.044+0000] {processor.py:830} INFO - Processing file /home/airflow/.local/lib/python3.8/site-packages/airflow/example_dags/example_dynamic_task_mapping_with_no_taskflow_operators.py for tasks to queue
[2024-03-13T07:02:13.046+0000] {logging_mixin.py:188} INFO - [2024-03-13T07:02:13.046+0000] {dagbag.py:540} INFO - Filling up the DagBag from /home/airflow/.local/lib/python3.8/site-packages/airflow/example_dags/example_dynamic_task_mapping_with_no_taskflow_operators.py
[2024-03-13T07:02:13.053+0000] {processor.py:840} INFO - DAG(s) 'example_dynamic_task_mapping_with_no_taskflow_operators' retrieved from /home/airflow/.local/lib/python3.8/site-packages/airflow/example_dags/example_dynamic_task_mapping_with_no_taskflow_operators.py
[2024-03-13T07:02:13.070+0000] {logging_mixin.py:188} INFO - [2024-03-13T07:02:13.070+0000] {dag.py:3047} INFO - Sync 1 DAGs
[2024-03-13T07:02:13.096+0000] {logging_mixin.py:188} INFO - [2024-03-13T07:02:13.096+0000] {dag.py:3834} INFO - Setting next_dagrun for example_dynamic_task_mapping_with_no_taskflow_operators to 2024-03-12 00:00:00+00:00, run_after=2024-03-13 00:00:00+00:00
[2024-03-13T07:02:13.124+0000] {processor.py:183} INFO - Processing /home/airflow/.local/lib/python3.8/site-packages/airflow/example_dags/example_dynamic_task_mapping_with_no_taskflow_operators.py took 0.084 seconds
[2024-03-13T07:02:44.288+0000] {processor.py:161} INFO - Started process (PID=123) to work on /home/airflow/.local/lib/python3.8/site-packages/airflow/example_dags/example_dynamic_task_mapping_with_no_taskflow_operators.py
[2024-03-13T07:02:44.289+0000] {processor.py:830} INFO - Processing file /home/airflow/.local/lib/python3.8/site-packages/airflow/example_dags/example_dynamic_task_mapping_with_no_taskflow_operators.py for tasks to queue
[2024-03-13T07:02:44.291+0000] {logging_mixin.py:188} INFO - [2024-03-13T07:02:44.291+0000] {dagbag.py:540} INFO - Filling up the DagBag from /home/airflow/.local/lib/python3.8/site-packages/airflow/example_dags/example_dynamic_task_mapping_with_no_taskflow_operators.py
[2024-03-13T07:02:44.295+0000] {processor.py:840} INFO - DAG(s) 'example_dynamic_task_mapping_with_no_taskflow_operators' retrieved from /home/airflow/.local/lib/python3.8/site-packages/airflow/example_dags/example_dynamic_task_mapping_with_no_taskflow_operators.py
[2024-03-13T07:02:44.370+0000] {logging_mixin.py:188} INFO - [2024-03-13T07:02:44.370+0000] {dag.py:3047} INFO - Sync 1 DAGs
[2024-03-13T07:02:44.385+0000] {logging_mixin.py:188} INFO - [2024-03-13T07:02:44.385+0000] {dag.py:3834} INFO - Setting next_dagrun for example_dynamic_task_mapping_with_no_taskflow_operators to 2024-03-12 00:00:00+00:00, run_after=2024-03-13 00:00:00+00:00
[2024-03-13T07:02:44.404+0000] {processor.py:183} INFO - Processing /home/airflow/.local/lib/python3.8/site-packages/airflow/example_dags/example_dynamic_task_mapping_with_no_taskflow_operators.py took 0.118 seconds
[2024-03-13T07:03:15.185+0000] {processor.py:161} INFO - Started process (PID=179) to work on /home/airflow/.local/lib/python3.8/site-packages/airflow/example_dags/example_dynamic_task_mapping_with_no_taskflow_operators.py
[2024-03-13T07:03:15.186+0000] {processor.py:830} INFO - Processing file /home/airflow/.local/lib/python3.8/site-packages/airflow/example_dags/example_dynamic_task_mapping_with_no_taskflow_operators.py for tasks to queue
[2024-03-13T07:03:15.187+0000] {logging_mixin.py:188} INFO - [2024-03-13T07:03:15.187+0000] {dagbag.py:540} INFO - Filling up the DagBag from /home/airflow/.local/lib/python3.8/site-packages/airflow/example_dags/example_dynamic_task_mapping_with_no_taskflow_operators.py
[2024-03-13T07:03:15.192+0000] {processor.py:840} INFO - DAG(s) 'example_dynamic_task_mapping_with_no_taskflow_operators' retrieved from /home/airflow/.local/lib/python3.8/site-packages/airflow/example_dags/example_dynamic_task_mapping_with_no_taskflow_operators.py
[2024-03-13T07:03:15.207+0000] {logging_mixin.py:188} INFO - [2024-03-13T07:03:15.207+0000] {dag.py:3047} INFO - Sync 1 DAGs
[2024-03-13T07:03:15.224+0000] {logging_mixin.py:188} INFO - [2024-03-13T07:03:15.223+0000] {dag.py:3834} INFO - Setting next_dagrun for example_dynamic_task_mapping_with_no_taskflow_operators to 2024-03-12 00:00:00+00:00, run_after=2024-03-13 00:00:00+00:00
[2024-03-13T07:03:15.241+0000] {processor.py:183} INFO - Processing /home/airflow/.local/lib/python3.8/site-packages/airflow/example_dags/example_dynamic_task_mapping_with_no_taskflow_operators.py took 0.058 seconds
[2024-03-13T07:03:45.513+0000] {processor.py:161} INFO - Started process (PID=234) to work on /home/airflow/.local/lib/python3.8/site-packages/airflow/example_dags/example_dynamic_task_mapping_with_no_taskflow_operators.py
[2024-03-13T07:03:45.514+0000] {processor.py:830} INFO - Processing file /home/airflow/.local/lib/python3.8/site-packages/airflow/example_dags/example_dynamic_task_mapping_with_no_taskflow_operators.py for tasks to queue
[2024-03-13T07:03:45.515+0000] {logging_mixin.py:188} INFO - [2024-03-13T07:03:45.515+0000] {dagbag.py:540} INFO - Filling up the DagBag from /home/airflow/.local/lib/python3.8/site-packages/airflow/example_dags/example_dynamic_task_mapping_with_no_taskflow_operators.py
[2024-03-13T07:03:45.520+0000] {processor.py:840} INFO - DAG(s) 'example_dynamic_task_mapping_with_no_taskflow_operators' retrieved from /home/airflow/.local/lib/python3.8/site-packages/airflow/example_dags/example_dynamic_task_mapping_with_no_taskflow_operators.py
[2024-03-13T07:03:45.534+0000] {logging_mixin.py:188} INFO - [2024-03-13T07:03:45.534+0000] {dag.py:3047} INFO - Sync 1 DAGs
[2024-03-13T07:03:45.552+0000] {logging_mixin.py:188} INFO - [2024-03-13T07:03:45.552+0000] {dag.py:3834} INFO - Setting next_dagrun for example_dynamic_task_mapping_with_no_taskflow_operators to 2024-03-12 00:00:00+00:00, run_after=2024-03-13 00:00:00+00:00
[2024-03-13T07:03:45.566+0000] {processor.py:183} INFO - Processing /home/airflow/.local/lib/python3.8/site-packages/airflow/example_dags/example_dynamic_task_mapping_with_no_taskflow_operators.py took 0.056 seconds
[2024-03-13T07:04:16.076+0000] {processor.py:161} INFO - Started process (PID=291) to work on /home/airflow/.local/lib/python3.8/site-packages/airflow/example_dags/example_dynamic_task_mapping_with_no_taskflow_operators.py
[2024-03-13T07:04:16.077+0000] {processor.py:830} INFO - Processing file /home/airflow/.local/lib/python3.8/site-packages/airflow/example_dags/example_dynamic_task_mapping_with_no_taskflow_operators.py for tasks to queue
[2024-03-13T07:04:16.078+0000] {logging_mixin.py:188} INFO - [2024-03-13T07:04:16.078+0000] {dagbag.py:540} INFO - Filling up the DagBag from /home/airflow/.local/lib/python3.8/site-packages/airflow/example_dags/example_dynamic_task_mapping_with_no_taskflow_operators.py
[2024-03-13T07:04:16.083+0000] {processor.py:840} INFO - DAG(s) 'example_dynamic_task_mapping_with_no_taskflow_operators' retrieved from /home/airflow/.local/lib/python3.8/site-packages/airflow/example_dags/example_dynamic_task_mapping_with_no_taskflow_operators.py
[2024-03-13T07:04:16.098+0000] {logging_mixin.py:188} INFO - [2024-03-13T07:04:16.097+0000] {dag.py:3047} INFO - Sync 1 DAGs
[2024-03-13T07:04:16.115+0000] {logging_mixin.py:188} INFO - [2024-03-13T07:04:16.115+0000] {dag.py:3834} INFO - Setting next_dagrun for example_dynamic_task_mapping_with_no_taskflow_operators to 2024-03-12 00:00:00+00:00, run_after=2024-03-13 00:00:00+00:00
[2024-03-13T07:04:16.131+0000] {processor.py:183} INFO - Processing /home/airflow/.local/lib/python3.8/site-packages/airflow/example_dags/example_dynamic_task_mapping_with_no_taskflow_operators.py took 0.058 seconds
[2024-03-13T07:04:46.549+0000] {processor.py:161} INFO - Started process (PID=347) to work on /home/airflow/.local/lib/python3.8/site-packages/airflow/example_dags/example_dynamic_task_mapping_with_no_taskflow_operators.py
[2024-03-13T07:04:46.550+0000] {processor.py:830} INFO - Processing file /home/airflow/.local/lib/python3.8/site-packages/airflow/example_dags/example_dynamic_task_mapping_with_no_taskflow_operators.py for tasks to queue
[2024-03-13T07:04:46.552+0000] {logging_mixin.py:188} INFO - [2024-03-13T07:04:46.551+0000] {dagbag.py:540} INFO - Filling up the DagBag from /home/airflow/.local/lib/python3.8/site-packages/airflow/example_dags/example_dynamic_task_mapping_with_no_taskflow_operators.py
[2024-03-13T07:04:46.556+0000] {processor.py:840} INFO - DAG(s) 'example_dynamic_task_mapping_with_no_taskflow_operators' retrieved from /home/airflow/.local/lib/python3.8/site-packages/airflow/example_dags/example_dynamic_task_mapping_with_no_taskflow_operators.py
[2024-03-13T07:04:46.575+0000] {logging_mixin.py:188} INFO - [2024-03-13T07:04:46.575+0000] {dag.py:3047} INFO - Sync 1 DAGs
[2024-03-13T07:04:46.596+0000] {logging_mixin.py:188} INFO - [2024-03-13T07:04:46.595+0000] {dag.py:3834} INFO - Setting next_dagrun for example_dynamic_task_mapping_with_no_taskflow_operators to 2024-03-12 00:00:00+00:00, run_after=2024-03-13 00:00:00+00:00
[2024-03-13T07:04:46.612+0000] {processor.py:183} INFO - Processing /home/airflow/.local/lib/python3.8/site-packages/airflow/example_dags/example_dynamic_task_mapping_with_no_taskflow_operators.py took 0.065 seconds
[2024-03-13T07:05:16.946+0000] {processor.py:161} INFO - Started process (PID=403) to work on /home/airflow/.local/lib/python3.8/site-packages/airflow/example_dags/example_dynamic_task_mapping_with_no_taskflow_operators.py
[2024-03-13T07:05:16.947+0000] {processor.py:830} INFO - Processing file /home/airflow/.local/lib/python3.8/site-packages/airflow/example_dags/example_dynamic_task_mapping_with_no_taskflow_operators.py for tasks to queue
[2024-03-13T07:05:16.948+0000] {logging_mixin.py:188} INFO - [2024-03-13T07:05:16.948+0000] {dagbag.py:540} INFO - Filling up the DagBag from /home/airflow/.local/lib/python3.8/site-packages/airflow/example_dags/example_dynamic_task_mapping_with_no_taskflow_operators.py
[2024-03-13T07:05:16.953+0000] {processor.py:840} INFO - DAG(s) 'example_dynamic_task_mapping_with_no_taskflow_operators' retrieved from /home/airflow/.local/lib/python3.8/site-packages/airflow/example_dags/example_dynamic_task_mapping_with_no_taskflow_operators.py
[2024-03-13T07:05:16.969+0000] {logging_mixin.py:188} INFO - [2024-03-13T07:05:16.969+0000] {dag.py:3047} INFO - Sync 1 DAGs
[2024-03-13T07:05:16.985+0000] {logging_mixin.py:188} INFO - [2024-03-13T07:05:16.985+0000] {dag.py:3834} INFO - Setting next_dagrun for example_dynamic_task_mapping_with_no_taskflow_operators to 2024-03-12 00:00:00+00:00, run_after=2024-03-13 00:00:00+00:00
[2024-03-13T07:05:17.002+0000] {processor.py:183} INFO - Processing /home/airflow/.local/lib/python3.8/site-packages/airflow/example_dags/example_dynamic_task_mapping_with_no_taskflow_operators.py took 0.059 seconds
[2024-03-13T07:05:47.222+0000] {processor.py:161} INFO - Started process (PID=458) to work on /home/airflow/.local/lib/python3.8/site-packages/airflow/example_dags/example_dynamic_task_mapping_with_no_taskflow_operators.py
[2024-03-13T07:05:47.223+0000] {processor.py:830} INFO - Processing file /home/airflow/.local/lib/python3.8/site-packages/airflow/example_dags/example_dynamic_task_mapping_with_no_taskflow_operators.py for tasks to queue
[2024-03-13T07:05:47.224+0000] {logging_mixin.py:188} INFO - [2024-03-13T07:05:47.224+0000] {dagbag.py:540} INFO - Filling up the DagBag from /home/airflow/.local/lib/python3.8/site-packages/airflow/example_dags/example_dynamic_task_mapping_with_no_taskflow_operators.py
[2024-03-13T07:05:47.229+0000] {processor.py:840} INFO - DAG(s) 'example_dynamic_task_mapping_with_no_taskflow_operators' retrieved from /home/airflow/.local/lib/python3.8/site-packages/airflow/example_dags/example_dynamic_task_mapping_with_no_taskflow_operators.py
[2024-03-13T07:05:47.244+0000] {logging_mixin.py:188} INFO - [2024-03-13T07:05:47.243+0000] {dag.py:3047} INFO - Sync 1 DAGs
[2024-03-13T07:05:47.260+0000] {logging_mixin.py:188} INFO - [2024-03-13T07:05:47.260+0000] {dag.py:3834} INFO - Setting next_dagrun for example_dynamic_task_mapping_with_no_taskflow_operators to 2024-03-12 00:00:00+00:00, run_after=2024-03-13 00:00:00+00:00
[2024-03-13T07:05:47.275+0000] {processor.py:183} INFO - Processing /home/airflow/.local/lib/python3.8/site-packages/airflow/example_dags/example_dynamic_task_mapping_with_no_taskflow_operators.py took 0.055 seconds
[2024-03-13T07:06:17.640+0000] {processor.py:161} INFO - Started process (PID=515) to work on /home/airflow/.local/lib/python3.8/site-packages/airflow/example_dags/example_dynamic_task_mapping_with_no_taskflow_operators.py
[2024-03-13T07:06:17.641+0000] {processor.py:830} INFO - Processing file /home/airflow/.local/lib/python3.8/site-packages/airflow/example_dags/example_dynamic_task_mapping_with_no_taskflow_operators.py for tasks to queue
[2024-03-13T07:06:17.642+0000] {logging_mixin.py:188} INFO - [2024-03-13T07:06:17.642+0000] {dagbag.py:540} INFO - Filling up the DagBag from /home/airflow/.local/lib/python3.8/site-packages/airflow/example_dags/example_dynamic_task_mapping_with_no_taskflow_operators.py
[2024-03-13T07:06:17.647+0000] {processor.py:840} INFO - DAG(s) 'example_dynamic_task_mapping_with_no_taskflow_operators' retrieved from /home/airflow/.local/lib/python3.8/site-packages/airflow/example_dags/example_dynamic_task_mapping_with_no_taskflow_operators.py
[2024-03-13T07:06:17.661+0000] {logging_mixin.py:188} INFO - [2024-03-13T07:06:17.661+0000] {dag.py:3047} INFO - Sync 1 DAGs
[2024-03-13T07:06:17.678+0000] {logging_mixin.py:188} INFO - [2024-03-13T07:06:17.678+0000] {dag.py:3834} INFO - Setting next_dagrun for example_dynamic_task_mapping_with_no_taskflow_operators to 2024-03-12 00:00:00+00:00, run_after=2024-03-13 00:00:00+00:00
[2024-03-13T07:06:17.692+0000] {processor.py:183} INFO - Processing /home/airflow/.local/lib/python3.8/site-packages/airflow/example_dags/example_dynamic_task_mapping_with_no_taskflow_operators.py took 0.055 seconds
[2024-03-13T07:06:48.052+0000] {processor.py:161} INFO - Started process (PID=571) to work on /home/airflow/.local/lib/python3.8/site-packages/airflow/example_dags/example_dynamic_task_mapping_with_no_taskflow_operators.py
[2024-03-13T07:06:48.053+0000] {processor.py:830} INFO - Processing file /home/airflow/.local/lib/python3.8/site-packages/airflow/example_dags/example_dynamic_task_mapping_with_no_taskflow_operators.py for tasks to queue
[2024-03-13T07:06:48.054+0000] {logging_mixin.py:188} INFO - [2024-03-13T07:06:48.054+0000] {dagbag.py:540} INFO - Filling up the DagBag from /home/airflow/.local/lib/python3.8/site-packages/airflow/example_dags/example_dynamic_task_mapping_with_no_taskflow_operators.py
[2024-03-13T07:06:48.059+0000] {processor.py:840} INFO - DAG(s) 'example_dynamic_task_mapping_with_no_taskflow_operators' retrieved from /home/airflow/.local/lib/python3.8/site-packages/airflow/example_dags/example_dynamic_task_mapping_with_no_taskflow_operators.py
[2024-03-13T07:06:48.074+0000] {logging_mixin.py:188} INFO - [2024-03-13T07:06:48.074+0000] {dag.py:3047} INFO - Sync 1 DAGs
[2024-03-13T07:06:48.093+0000] {logging_mixin.py:188} INFO - [2024-03-13T07:06:48.093+0000] {dag.py:3834} INFO - Setting next_dagrun for example_dynamic_task_mapping_with_no_taskflow_operators to 2024-03-12 00:00:00+00:00, run_after=2024-03-13 00:00:00+00:00
[2024-03-13T07:06:48.111+0000] {processor.py:183} INFO - Processing /home/airflow/.local/lib/python3.8/site-packages/airflow/example_dags/example_dynamic_task_mapping_with_no_taskflow_operators.py took 0.062 seconds
[2024-03-13T07:09:30.326+0000] {processor.py:161} INFO - Started process (PID=67) to work on /home/airflow/.local/lib/python3.8/site-packages/airflow/example_dags/example_dynamic_task_mapping_with_no_taskflow_operators.py
[2024-03-13T07:09:30.327+0000] {processor.py:830} INFO - Processing file /home/airflow/.local/lib/python3.8/site-packages/airflow/example_dags/example_dynamic_task_mapping_with_no_taskflow_operators.py for tasks to queue
[2024-03-13T07:09:30.329+0000] {logging_mixin.py:188} INFO - [2024-03-13T07:09:30.329+0000] {dagbag.py:540} INFO - Filling up the DagBag from /home/airflow/.local/lib/python3.8/site-packages/airflow/example_dags/example_dynamic_task_mapping_with_no_taskflow_operators.py
[2024-03-13T07:09:30.335+0000] {processor.py:840} INFO - DAG(s) 'example_dynamic_task_mapping_with_no_taskflow_operators' retrieved from /home/airflow/.local/lib/python3.8/site-packages/airflow/example_dags/example_dynamic_task_mapping_with_no_taskflow_operators.py
[2024-03-13T07:09:30.347+0000] {logging_mixin.py:188} INFO - [2024-03-13T07:09:30.347+0000] {dag.py:3047} INFO - Sync 1 DAGs
[2024-03-13T07:09:30.366+0000] {logging_mixin.py:188} INFO - [2024-03-13T07:09:30.366+0000] {dag.py:3834} INFO - Setting next_dagrun for example_dynamic_task_mapping_with_no_taskflow_operators to 2024-03-12 00:00:00+00:00, run_after=2024-03-13 00:00:00+00:00
[2024-03-13T07:09:30.385+0000] {processor.py:183} INFO - Processing /home/airflow/.local/lib/python3.8/site-packages/airflow/example_dags/example_dynamic_task_mapping_with_no_taskflow_operators.py took 0.062 seconds
[2024-03-13T07:10:01.344+0000] {processor.py:161} INFO - Started process (PID=123) to work on /home/airflow/.local/lib/python3.8/site-packages/airflow/example_dags/example_dynamic_task_mapping_with_no_taskflow_operators.py
[2024-03-13T07:10:01.345+0000] {processor.py:830} INFO - Processing file /home/airflow/.local/lib/python3.8/site-packages/airflow/example_dags/example_dynamic_task_mapping_with_no_taskflow_operators.py for tasks to queue
[2024-03-13T07:10:01.347+0000] {logging_mixin.py:188} INFO - [2024-03-13T07:10:01.347+0000] {dagbag.py:540} INFO - Filling up the DagBag from /home/airflow/.local/lib/python3.8/site-packages/airflow/example_dags/example_dynamic_task_mapping_with_no_taskflow_operators.py
[2024-03-13T07:10:01.352+0000] {processor.py:840} INFO - DAG(s) 'example_dynamic_task_mapping_with_no_taskflow_operators' retrieved from /home/airflow/.local/lib/python3.8/site-packages/airflow/example_dags/example_dynamic_task_mapping_with_no_taskflow_operators.py
[2024-03-13T07:10:01.428+0000] {logging_mixin.py:188} INFO - [2024-03-13T07:10:01.428+0000] {dag.py:3047} INFO - Sync 1 DAGs
[2024-03-13T07:10:01.443+0000] {logging_mixin.py:188} INFO - [2024-03-13T07:10:01.443+0000] {dag.py:3834} INFO - Setting next_dagrun for example_dynamic_task_mapping_with_no_taskflow_operators to 2024-03-12 00:00:00+00:00, run_after=2024-03-13 00:00:00+00:00
[2024-03-13T07:10:01.463+0000] {processor.py:183} INFO - Processing /home/airflow/.local/lib/python3.8/site-packages/airflow/example_dags/example_dynamic_task_mapping_with_no_taskflow_operators.py took 0.121 seconds
[2024-03-13T07:10:31.733+0000] {processor.py:161} INFO - Started process (PID=179) to work on /home/airflow/.local/lib/python3.8/site-packages/airflow/example_dags/example_dynamic_task_mapping_with_no_taskflow_operators.py
[2024-03-13T07:10:31.733+0000] {processor.py:830} INFO - Processing file /home/airflow/.local/lib/python3.8/site-packages/airflow/example_dags/example_dynamic_task_mapping_with_no_taskflow_operators.py for tasks to queue
[2024-03-13T07:10:31.735+0000] {logging_mixin.py:188} INFO - [2024-03-13T07:10:31.735+0000] {dagbag.py:540} INFO - Filling up the DagBag from /home/airflow/.local/lib/python3.8/site-packages/airflow/example_dags/example_dynamic_task_mapping_with_no_taskflow_operators.py
[2024-03-13T07:10:31.740+0000] {processor.py:840} INFO - DAG(s) 'example_dynamic_task_mapping_with_no_taskflow_operators' retrieved from /home/airflow/.local/lib/python3.8/site-packages/airflow/example_dags/example_dynamic_task_mapping_with_no_taskflow_operators.py
[2024-03-13T07:10:31.753+0000] {logging_mixin.py:188} INFO - [2024-03-13T07:10:31.753+0000] {dag.py:3047} INFO - Sync 1 DAGs
[2024-03-13T07:10:31.770+0000] {logging_mixin.py:188} INFO - [2024-03-13T07:10:31.770+0000] {dag.py:3834} INFO - Setting next_dagrun for example_dynamic_task_mapping_with_no_taskflow_operators to 2024-03-12 00:00:00+00:00, run_after=2024-03-13 00:00:00+00:00
[2024-03-13T07:10:31.785+0000] {processor.py:183} INFO - Processing /home/airflow/.local/lib/python3.8/site-packages/airflow/example_dags/example_dynamic_task_mapping_with_no_taskflow_operators.py took 0.055 seconds
[2024-03-13T07:11:01.946+0000] {processor.py:161} INFO - Started process (PID=234) to work on /home/airflow/.local/lib/python3.8/site-packages/airflow/example_dags/example_dynamic_task_mapping_with_no_taskflow_operators.py
[2024-03-13T07:11:01.947+0000] {processor.py:830} INFO - Processing file /home/airflow/.local/lib/python3.8/site-packages/airflow/example_dags/example_dynamic_task_mapping_with_no_taskflow_operators.py for tasks to queue
[2024-03-13T07:11:01.949+0000] {logging_mixin.py:188} INFO - [2024-03-13T07:11:01.949+0000] {dagbag.py:540} INFO - Filling up the DagBag from /home/airflow/.local/lib/python3.8/site-packages/airflow/example_dags/example_dynamic_task_mapping_with_no_taskflow_operators.py
[2024-03-13T07:11:01.954+0000] {processor.py:840} INFO - DAG(s) 'example_dynamic_task_mapping_with_no_taskflow_operators' retrieved from /home/airflow/.local/lib/python3.8/site-packages/airflow/example_dags/example_dynamic_task_mapping_with_no_taskflow_operators.py
[2024-03-13T07:11:01.969+0000] {logging_mixin.py:188} INFO - [2024-03-13T07:11:01.969+0000] {dag.py:3047} INFO - Sync 1 DAGs
[2024-03-13T07:11:01.987+0000] {logging_mixin.py:188} INFO - [2024-03-13T07:11:01.987+0000] {dag.py:3834} INFO - Setting next_dagrun for example_dynamic_task_mapping_with_no_taskflow_operators to 2024-03-12 00:00:00+00:00, run_after=2024-03-13 00:00:00+00:00
[2024-03-13T07:11:02.003+0000] {processor.py:183} INFO - Processing /home/airflow/.local/lib/python3.8/site-packages/airflow/example_dags/example_dynamic_task_mapping_with_no_taskflow_operators.py took 0.059 seconds
[2024-03-13T07:11:32.315+0000] {processor.py:161} INFO - Started process (PID=291) to work on /home/airflow/.local/lib/python3.8/site-packages/airflow/example_dags/example_dynamic_task_mapping_with_no_taskflow_operators.py
[2024-03-13T07:11:32.316+0000] {processor.py:830} INFO - Processing file /home/airflow/.local/lib/python3.8/site-packages/airflow/example_dags/example_dynamic_task_mapping_with_no_taskflow_operators.py for tasks to queue
[2024-03-13T07:11:32.318+0000] {logging_mixin.py:188} INFO - [2024-03-13T07:11:32.318+0000] {dagbag.py:540} INFO - Filling up the DagBag from /home/airflow/.local/lib/python3.8/site-packages/airflow/example_dags/example_dynamic_task_mapping_with_no_taskflow_operators.py
[2024-03-13T07:11:32.323+0000] {processor.py:840} INFO - DAG(s) 'example_dynamic_task_mapping_with_no_taskflow_operators' retrieved from /home/airflow/.local/lib/python3.8/site-packages/airflow/example_dags/example_dynamic_task_mapping_with_no_taskflow_operators.py
[2024-03-13T07:11:32.339+0000] {logging_mixin.py:188} INFO - [2024-03-13T07:11:32.339+0000] {dag.py:3047} INFO - Sync 1 DAGs
[2024-03-13T07:11:32.356+0000] {logging_mixin.py:188} INFO - [2024-03-13T07:11:32.356+0000] {dag.py:3834} INFO - Setting next_dagrun for example_dynamic_task_mapping_with_no_taskflow_operators to 2024-03-12 00:00:00+00:00, run_after=2024-03-13 00:00:00+00:00
[2024-03-13T07:11:32.373+0000] {processor.py:183} INFO - Processing /home/airflow/.local/lib/python3.8/site-packages/airflow/example_dags/example_dynamic_task_mapping_with_no_taskflow_operators.py took 0.061 seconds
