[2024-03-13T06:40:19.929+0000] {processor.py:161} INFO - Started process (PID=444) to work on /home/airflow/.local/lib/python3.8/site-packages/airflow/example_dags/example_branch_python_dop_operator_3.py
[2024-03-13T06:40:19.930+0000] {processor.py:830} INFO - Processing file /home/airflow/.local/lib/python3.8/site-packages/airflow/example_dags/example_branch_python_dop_operator_3.py for tasks to queue
[2024-03-13T06:40:19.931+0000] {logging_mixin.py:188} INFO - [2024-03-13T06:40:19.931+0000] {dagbag.py:540} INFO - Filling up the DagBag from /home/airflow/.local/lib/python3.8/site-packages/airflow/example_dags/example_branch_python_dop_operator_3.py
[2024-03-13T06:40:19.938+0000] {processor.py:840} INFO - DAG(s) 'example_branch_dop_operator_v3' retrieved from /home/airflow/.local/lib/python3.8/site-packages/airflow/example_dags/example_branch_python_dop_operator_3.py
[2024-03-13T06:40:19.954+0000] {logging_mixin.py:188} INFO - [2024-03-13T06:40:19.954+0000] {dag.py:3047} INFO - Sync 1 DAGs
[2024-03-13T06:40:19.974+0000] {logging_mixin.py:188} INFO - [2024-03-13T06:40:19.974+0000] {dag.py:3834} INFO - Setting next_dagrun for example_branch_dop_operator_v3 to 2024-03-13 06:39:00+00:00, run_after=2024-03-13 06:40:00+00:00
[2024-03-13T06:40:19.990+0000] {processor.py:183} INFO - Processing /home/airflow/.local/lib/python3.8/site-packages/airflow/example_dags/example_branch_python_dop_operator_3.py took 0.064 seconds
[2024-03-13T06:40:50.307+0000] {processor.py:161} INFO - Started process (PID=500) to work on /home/airflow/.local/lib/python3.8/site-packages/airflow/example_dags/example_branch_python_dop_operator_3.py
[2024-03-13T06:40:50.308+0000] {processor.py:830} INFO - Processing file /home/airflow/.local/lib/python3.8/site-packages/airflow/example_dags/example_branch_python_dop_operator_3.py for tasks to queue
[2024-03-13T06:40:50.309+0000] {logging_mixin.py:188} INFO - [2024-03-13T06:40:50.309+0000] {dagbag.py:540} INFO - Filling up the DagBag from /home/airflow/.local/lib/python3.8/site-packages/airflow/example_dags/example_branch_python_dop_operator_3.py
[2024-03-13T06:40:50.316+0000] {processor.py:840} INFO - DAG(s) 'example_branch_dop_operator_v3' retrieved from /home/airflow/.local/lib/python3.8/site-packages/airflow/example_dags/example_branch_python_dop_operator_3.py
[2024-03-13T06:40:50.330+0000] {logging_mixin.py:188} INFO - [2024-03-13T06:40:50.330+0000] {dag.py:3047} INFO - Sync 1 DAGs
[2024-03-13T06:40:50.349+0000] {logging_mixin.py:188} INFO - [2024-03-13T06:40:50.349+0000] {dag.py:3834} INFO - Setting next_dagrun for example_branch_dop_operator_v3 to 2024-03-13 06:39:00+00:00, run_after=2024-03-13 06:40:00+00:00
[2024-03-13T06:40:50.363+0000] {processor.py:183} INFO - Processing /home/airflow/.local/lib/python3.8/site-packages/airflow/example_dags/example_branch_python_dop_operator_3.py took 0.058 seconds
[2024-03-13T06:41:20.806+0000] {processor.py:161} INFO - Started process (PID=556) to work on /home/airflow/.local/lib/python3.8/site-packages/airflow/example_dags/example_branch_python_dop_operator_3.py
[2024-03-13T06:41:20.807+0000] {processor.py:830} INFO - Processing file /home/airflow/.local/lib/python3.8/site-packages/airflow/example_dags/example_branch_python_dop_operator_3.py for tasks to queue
[2024-03-13T06:41:20.808+0000] {logging_mixin.py:188} INFO - [2024-03-13T06:41:20.808+0000] {dagbag.py:540} INFO - Filling up the DagBag from /home/airflow/.local/lib/python3.8/site-packages/airflow/example_dags/example_branch_python_dop_operator_3.py
[2024-03-13T06:41:20.815+0000] {processor.py:840} INFO - DAG(s) 'example_branch_dop_operator_v3' retrieved from /home/airflow/.local/lib/python3.8/site-packages/airflow/example_dags/example_branch_python_dop_operator_3.py
[2024-03-13T06:41:20.831+0000] {logging_mixin.py:188} INFO - [2024-03-13T06:41:20.831+0000] {dag.py:3047} INFO - Sync 1 DAGs
[2024-03-13T06:41:20.851+0000] {logging_mixin.py:188} INFO - [2024-03-13T06:41:20.851+0000] {dag.py:3834} INFO - Setting next_dagrun for example_branch_dop_operator_v3 to 2024-03-13 06:40:00+00:00, run_after=2024-03-13 06:41:00+00:00
[2024-03-13T06:41:20.867+0000] {processor.py:183} INFO - Processing /home/airflow/.local/lib/python3.8/site-packages/airflow/example_dags/example_branch_python_dop_operator_3.py took 0.063 seconds
[2024-03-13T06:41:51.510+0000] {processor.py:161} INFO - Started process (PID=612) to work on /home/airflow/.local/lib/python3.8/site-packages/airflow/example_dags/example_branch_python_dop_operator_3.py
[2024-03-13T06:41:51.511+0000] {processor.py:830} INFO - Processing file /home/airflow/.local/lib/python3.8/site-packages/airflow/example_dags/example_branch_python_dop_operator_3.py for tasks to queue
[2024-03-13T06:41:51.512+0000] {logging_mixin.py:188} INFO - [2024-03-13T06:41:51.512+0000] {dagbag.py:540} INFO - Filling up the DagBag from /home/airflow/.local/lib/python3.8/site-packages/airflow/example_dags/example_branch_python_dop_operator_3.py
[2024-03-13T06:41:51.520+0000] {processor.py:840} INFO - DAG(s) 'example_branch_dop_operator_v3' retrieved from /home/airflow/.local/lib/python3.8/site-packages/airflow/example_dags/example_branch_python_dop_operator_3.py
[2024-03-13T06:41:51.536+0000] {logging_mixin.py:188} INFO - [2024-03-13T06:41:51.535+0000] {dag.py:3047} INFO - Sync 1 DAGs
[2024-03-13T06:41:51.555+0000] {logging_mixin.py:188} INFO - [2024-03-13T06:41:51.555+0000] {dag.py:3834} INFO - Setting next_dagrun for example_branch_dop_operator_v3 to 2024-03-13 06:40:00+00:00, run_after=2024-03-13 06:41:00+00:00
[2024-03-13T06:41:51.572+0000] {processor.py:183} INFO - Processing /home/airflow/.local/lib/python3.8/site-packages/airflow/example_dags/example_branch_python_dop_operator_3.py took 0.064 seconds
[2024-03-13T06:42:21.778+0000] {processor.py:161} INFO - Started process (PID=668) to work on /home/airflow/.local/lib/python3.8/site-packages/airflow/example_dags/example_branch_python_dop_operator_3.py
[2024-03-13T06:42:21.779+0000] {processor.py:830} INFO - Processing file /home/airflow/.local/lib/python3.8/site-packages/airflow/example_dags/example_branch_python_dop_operator_3.py for tasks to queue
[2024-03-13T06:42:21.780+0000] {logging_mixin.py:188} INFO - [2024-03-13T06:42:21.779+0000] {dagbag.py:540} INFO - Filling up the DagBag from /home/airflow/.local/lib/python3.8/site-packages/airflow/example_dags/example_branch_python_dop_operator_3.py
[2024-03-13T06:42:21.786+0000] {processor.py:840} INFO - DAG(s) 'example_branch_dop_operator_v3' retrieved from /home/airflow/.local/lib/python3.8/site-packages/airflow/example_dags/example_branch_python_dop_operator_3.py
[2024-03-13T06:42:21.802+0000] {logging_mixin.py:188} INFO - [2024-03-13T06:42:21.802+0000] {dag.py:3047} INFO - Sync 1 DAGs
[2024-03-13T06:42:21.821+0000] {logging_mixin.py:188} INFO - [2024-03-13T06:42:21.821+0000] {dag.py:3834} INFO - Setting next_dagrun for example_branch_dop_operator_v3 to 2024-03-13 06:41:00+00:00, run_after=2024-03-13 06:42:00+00:00
[2024-03-13T06:42:21.837+0000] {processor.py:183} INFO - Processing /home/airflow/.local/lib/python3.8/site-packages/airflow/example_dags/example_branch_python_dop_operator_3.py took 0.062 seconds
[2024-03-13T06:42:52.027+0000] {processor.py:161} INFO - Started process (PID=724) to work on /home/airflow/.local/lib/python3.8/site-packages/airflow/example_dags/example_branch_python_dop_operator_3.py
[2024-03-13T06:42:52.028+0000] {processor.py:830} INFO - Processing file /home/airflow/.local/lib/python3.8/site-packages/airflow/example_dags/example_branch_python_dop_operator_3.py for tasks to queue
[2024-03-13T06:42:52.029+0000] {logging_mixin.py:188} INFO - [2024-03-13T06:42:52.028+0000] {dagbag.py:540} INFO - Filling up the DagBag from /home/airflow/.local/lib/python3.8/site-packages/airflow/example_dags/example_branch_python_dop_operator_3.py
[2024-03-13T06:42:52.035+0000] {processor.py:840} INFO - DAG(s) 'example_branch_dop_operator_v3' retrieved from /home/airflow/.local/lib/python3.8/site-packages/airflow/example_dags/example_branch_python_dop_operator_3.py
[2024-03-13T06:42:52.051+0000] {logging_mixin.py:188} INFO - [2024-03-13T06:42:52.050+0000] {dag.py:3047} INFO - Sync 1 DAGs
[2024-03-13T06:42:52.070+0000] {logging_mixin.py:188} INFO - [2024-03-13T06:42:52.069+0000] {dag.py:3834} INFO - Setting next_dagrun for example_branch_dop_operator_v3 to 2024-03-13 06:41:00+00:00, run_after=2024-03-13 06:42:00+00:00
[2024-03-13T06:42:52.086+0000] {processor.py:183} INFO - Processing /home/airflow/.local/lib/python3.8/site-packages/airflow/example_dags/example_branch_python_dop_operator_3.py took 0.062 seconds
[2024-03-13T06:43:22.370+0000] {processor.py:161} INFO - Started process (PID=780) to work on /home/airflow/.local/lib/python3.8/site-packages/airflow/example_dags/example_branch_python_dop_operator_3.py
[2024-03-13T06:43:22.371+0000] {processor.py:830} INFO - Processing file /home/airflow/.local/lib/python3.8/site-packages/airflow/example_dags/example_branch_python_dop_operator_3.py for tasks to queue
[2024-03-13T06:43:22.372+0000] {logging_mixin.py:188} INFO - [2024-03-13T06:43:22.372+0000] {dagbag.py:540} INFO - Filling up the DagBag from /home/airflow/.local/lib/python3.8/site-packages/airflow/example_dags/example_branch_python_dop_operator_3.py
[2024-03-13T06:43:22.379+0000] {processor.py:840} INFO - DAG(s) 'example_branch_dop_operator_v3' retrieved from /home/airflow/.local/lib/python3.8/site-packages/airflow/example_dags/example_branch_python_dop_operator_3.py
[2024-03-13T06:43:22.394+0000] {logging_mixin.py:188} INFO - [2024-03-13T06:43:22.394+0000] {dag.py:3047} INFO - Sync 1 DAGs
[2024-03-13T06:43:22.412+0000] {logging_mixin.py:188} INFO - [2024-03-13T06:43:22.412+0000] {dag.py:3834} INFO - Setting next_dagrun for example_branch_dop_operator_v3 to 2024-03-13 06:42:00+00:00, run_after=2024-03-13 06:43:00+00:00
[2024-03-13T06:43:22.429+0000] {processor.py:183} INFO - Processing /home/airflow/.local/lib/python3.8/site-packages/airflow/example_dags/example_branch_python_dop_operator_3.py took 0.061 seconds
[2024-03-13T06:43:53.036+0000] {processor.py:161} INFO - Started process (PID=836) to work on /home/airflow/.local/lib/python3.8/site-packages/airflow/example_dags/example_branch_python_dop_operator_3.py
[2024-03-13T06:43:53.038+0000] {processor.py:830} INFO - Processing file /home/airflow/.local/lib/python3.8/site-packages/airflow/example_dags/example_branch_python_dop_operator_3.py for tasks to queue
[2024-03-13T06:43:53.039+0000] {logging_mixin.py:188} INFO - [2024-03-13T06:43:53.039+0000] {dagbag.py:540} INFO - Filling up the DagBag from /home/airflow/.local/lib/python3.8/site-packages/airflow/example_dags/example_branch_python_dop_operator_3.py
[2024-03-13T06:43:53.046+0000] {processor.py:840} INFO - DAG(s) 'example_branch_dop_operator_v3' retrieved from /home/airflow/.local/lib/python3.8/site-packages/airflow/example_dags/example_branch_python_dop_operator_3.py
[2024-03-13T06:43:53.063+0000] {logging_mixin.py:188} INFO - [2024-03-13T06:43:53.063+0000] {dag.py:3047} INFO - Sync 1 DAGs
[2024-03-13T06:43:53.084+0000] {logging_mixin.py:188} INFO - [2024-03-13T06:43:53.084+0000] {dag.py:3834} INFO - Setting next_dagrun for example_branch_dop_operator_v3 to 2024-03-13 06:42:00+00:00, run_after=2024-03-13 06:43:00+00:00
[2024-03-13T06:43:53.103+0000] {processor.py:183} INFO - Processing /home/airflow/.local/lib/python3.8/site-packages/airflow/example_dags/example_branch_python_dop_operator_3.py took 0.069 seconds
[2024-03-13T06:44:23.201+0000] {processor.py:161} INFO - Started process (PID=892) to work on /home/airflow/.local/lib/python3.8/site-packages/airflow/example_dags/example_branch_python_dop_operator_3.py
[2024-03-13T06:44:23.202+0000] {processor.py:830} INFO - Processing file /home/airflow/.local/lib/python3.8/site-packages/airflow/example_dags/example_branch_python_dop_operator_3.py for tasks to queue
[2024-03-13T06:44:23.203+0000] {logging_mixin.py:188} INFO - [2024-03-13T06:44:23.203+0000] {dagbag.py:540} INFO - Filling up the DagBag from /home/airflow/.local/lib/python3.8/site-packages/airflow/example_dags/example_branch_python_dop_operator_3.py
[2024-03-13T06:44:23.210+0000] {processor.py:840} INFO - DAG(s) 'example_branch_dop_operator_v3' retrieved from /home/airflow/.local/lib/python3.8/site-packages/airflow/example_dags/example_branch_python_dop_operator_3.py
[2024-03-13T06:44:23.225+0000] {logging_mixin.py:188} INFO - [2024-03-13T06:44:23.225+0000] {dag.py:3047} INFO - Sync 1 DAGs
[2024-03-13T06:44:23.244+0000] {logging_mixin.py:188} INFO - [2024-03-13T06:44:23.244+0000] {dag.py:3834} INFO - Setting next_dagrun for example_branch_dop_operator_v3 to 2024-03-13 06:43:00+00:00, run_after=2024-03-13 06:44:00+00:00
[2024-03-13T06:44:23.261+0000] {processor.py:183} INFO - Processing /home/airflow/.local/lib/python3.8/site-packages/airflow/example_dags/example_branch_python_dop_operator_3.py took 0.062 seconds
[2024-03-13T06:44:53.611+0000] {processor.py:161} INFO - Started process (PID=948) to work on /home/airflow/.local/lib/python3.8/site-packages/airflow/example_dags/example_branch_python_dop_operator_3.py
[2024-03-13T06:44:53.612+0000] {processor.py:830} INFO - Processing file /home/airflow/.local/lib/python3.8/site-packages/airflow/example_dags/example_branch_python_dop_operator_3.py for tasks to queue
[2024-03-13T06:44:53.613+0000] {logging_mixin.py:188} INFO - [2024-03-13T06:44:53.613+0000] {dagbag.py:540} INFO - Filling up the DagBag from /home/airflow/.local/lib/python3.8/site-packages/airflow/example_dags/example_branch_python_dop_operator_3.py
[2024-03-13T06:44:53.621+0000] {processor.py:840} INFO - DAG(s) 'example_branch_dop_operator_v3' retrieved from /home/airflow/.local/lib/python3.8/site-packages/airflow/example_dags/example_branch_python_dop_operator_3.py
[2024-03-13T06:44:53.643+0000] {logging_mixin.py:188} INFO - [2024-03-13T06:44:53.642+0000] {dag.py:3047} INFO - Sync 1 DAGs
[2024-03-13T06:44:53.668+0000] {logging_mixin.py:188} INFO - [2024-03-13T06:44:53.668+0000] {dag.py:3834} INFO - Setting next_dagrun for example_branch_dop_operator_v3 to 2024-03-13 06:43:00+00:00, run_after=2024-03-13 06:44:00+00:00
[2024-03-13T06:44:53.689+0000] {processor.py:183} INFO - Processing /home/airflow/.local/lib/python3.8/site-packages/airflow/example_dags/example_branch_python_dop_operator_3.py took 0.082 seconds
[2024-03-13T06:45:23.832+0000] {processor.py:161} INFO - Started process (PID=1005) to work on /home/airflow/.local/lib/python3.8/site-packages/airflow/example_dags/example_branch_python_dop_operator_3.py
[2024-03-13T06:45:23.833+0000] {processor.py:830} INFO - Processing file /home/airflow/.local/lib/python3.8/site-packages/airflow/example_dags/example_branch_python_dop_operator_3.py for tasks to queue
[2024-03-13T06:45:23.834+0000] {logging_mixin.py:188} INFO - [2024-03-13T06:45:23.834+0000] {dagbag.py:540} INFO - Filling up the DagBag from /home/airflow/.local/lib/python3.8/site-packages/airflow/example_dags/example_branch_python_dop_operator_3.py
[2024-03-13T06:45:23.842+0000] {processor.py:840} INFO - DAG(s) 'example_branch_dop_operator_v3' retrieved from /home/airflow/.local/lib/python3.8/site-packages/airflow/example_dags/example_branch_python_dop_operator_3.py
[2024-03-13T06:45:23.858+0000] {logging_mixin.py:188} INFO - [2024-03-13T06:45:23.858+0000] {dag.py:3047} INFO - Sync 1 DAGs
[2024-03-13T06:45:23.878+0000] {logging_mixin.py:188} INFO - [2024-03-13T06:45:23.878+0000] {dag.py:3834} INFO - Setting next_dagrun for example_branch_dop_operator_v3 to 2024-03-13 06:44:00+00:00, run_after=2024-03-13 06:45:00+00:00
[2024-03-13T06:45:23.895+0000] {processor.py:183} INFO - Processing /home/airflow/.local/lib/python3.8/site-packages/airflow/example_dags/example_branch_python_dop_operator_3.py took 0.065 seconds
[2024-03-13T06:45:54.223+0000] {processor.py:161} INFO - Started process (PID=1061) to work on /home/airflow/.local/lib/python3.8/site-packages/airflow/example_dags/example_branch_python_dop_operator_3.py
[2024-03-13T06:45:54.224+0000] {processor.py:830} INFO - Processing file /home/airflow/.local/lib/python3.8/site-packages/airflow/example_dags/example_branch_python_dop_operator_3.py for tasks to queue
[2024-03-13T06:45:54.225+0000] {logging_mixin.py:188} INFO - [2024-03-13T06:45:54.225+0000] {dagbag.py:540} INFO - Filling up the DagBag from /home/airflow/.local/lib/python3.8/site-packages/airflow/example_dags/example_branch_python_dop_operator_3.py
[2024-03-13T06:45:54.233+0000] {processor.py:840} INFO - DAG(s) 'example_branch_dop_operator_v3' retrieved from /home/airflow/.local/lib/python3.8/site-packages/airflow/example_dags/example_branch_python_dop_operator_3.py
[2024-03-13T06:45:54.249+0000] {logging_mixin.py:188} INFO - [2024-03-13T06:45:54.249+0000] {dag.py:3047} INFO - Sync 1 DAGs
[2024-03-13T06:45:54.269+0000] {logging_mixin.py:188} INFO - [2024-03-13T06:45:54.269+0000] {dag.py:3834} INFO - Setting next_dagrun for example_branch_dop_operator_v3 to 2024-03-13 06:44:00+00:00, run_after=2024-03-13 06:45:00+00:00
[2024-03-13T06:45:54.287+0000] {processor.py:183} INFO - Processing /home/airflow/.local/lib/python3.8/site-packages/airflow/example_dags/example_branch_python_dop_operator_3.py took 0.067 seconds
[2024-03-13T06:46:24.846+0000] {processor.py:161} INFO - Started process (PID=1117) to work on /home/airflow/.local/lib/python3.8/site-packages/airflow/example_dags/example_branch_python_dop_operator_3.py
[2024-03-13T06:46:24.847+0000] {processor.py:830} INFO - Processing file /home/airflow/.local/lib/python3.8/site-packages/airflow/example_dags/example_branch_python_dop_operator_3.py for tasks to queue
[2024-03-13T06:46:24.848+0000] {logging_mixin.py:188} INFO - [2024-03-13T06:46:24.848+0000] {dagbag.py:540} INFO - Filling up the DagBag from /home/airflow/.local/lib/python3.8/site-packages/airflow/example_dags/example_branch_python_dop_operator_3.py
[2024-03-13T06:46:24.856+0000] {processor.py:840} INFO - DAG(s) 'example_branch_dop_operator_v3' retrieved from /home/airflow/.local/lib/python3.8/site-packages/airflow/example_dags/example_branch_python_dop_operator_3.py
[2024-03-13T06:46:24.873+0000] {logging_mixin.py:188} INFO - [2024-03-13T06:46:24.873+0000] {dag.py:3047} INFO - Sync 1 DAGs
[2024-03-13T06:46:24.896+0000] {logging_mixin.py:188} INFO - [2024-03-13T06:46:24.896+0000] {dag.py:3834} INFO - Setting next_dagrun for example_branch_dop_operator_v3 to 2024-03-13 06:45:00+00:00, run_after=2024-03-13 06:46:00+00:00
[2024-03-13T06:46:24.914+0000] {processor.py:183} INFO - Processing /home/airflow/.local/lib/python3.8/site-packages/airflow/example_dags/example_branch_python_dop_operator_3.py took 0.070 seconds
[2024-03-13T06:46:55.209+0000] {processor.py:161} INFO - Started process (PID=1180) to work on /home/airflow/.local/lib/python3.8/site-packages/airflow/example_dags/example_branch_python_dop_operator_3.py
[2024-03-13T06:46:55.210+0000] {processor.py:830} INFO - Processing file /home/airflow/.local/lib/python3.8/site-packages/airflow/example_dags/example_branch_python_dop_operator_3.py for tasks to queue
[2024-03-13T06:46:55.211+0000] {logging_mixin.py:188} INFO - [2024-03-13T06:46:55.211+0000] {dagbag.py:540} INFO - Filling up the DagBag from /home/airflow/.local/lib/python3.8/site-packages/airflow/example_dags/example_branch_python_dop_operator_3.py
[2024-03-13T06:46:55.219+0000] {processor.py:840} INFO - DAG(s) 'example_branch_dop_operator_v3' retrieved from /home/airflow/.local/lib/python3.8/site-packages/airflow/example_dags/example_branch_python_dop_operator_3.py
[2024-03-13T06:46:55.237+0000] {logging_mixin.py:188} INFO - [2024-03-13T06:46:55.237+0000] {dag.py:3047} INFO - Sync 1 DAGs
[2024-03-13T06:46:55.257+0000] {logging_mixin.py:188} INFO - [2024-03-13T06:46:55.257+0000] {dag.py:3834} INFO - Setting next_dagrun for example_branch_dop_operator_v3 to 2024-03-13 06:45:00+00:00, run_after=2024-03-13 06:46:00+00:00
[2024-03-13T06:46:55.273+0000] {processor.py:183} INFO - Processing /home/airflow/.local/lib/python3.8/site-packages/airflow/example_dags/example_branch_python_dop_operator_3.py took 0.067 seconds
[2024-03-13T06:47:25.750+0000] {processor.py:161} INFO - Started process (PID=1236) to work on /home/airflow/.local/lib/python3.8/site-packages/airflow/example_dags/example_branch_python_dop_operator_3.py
[2024-03-13T06:47:25.751+0000] {processor.py:830} INFO - Processing file /home/airflow/.local/lib/python3.8/site-packages/airflow/example_dags/example_branch_python_dop_operator_3.py for tasks to queue
[2024-03-13T06:47:25.752+0000] {logging_mixin.py:188} INFO - [2024-03-13T06:47:25.752+0000] {dagbag.py:540} INFO - Filling up the DagBag from /home/airflow/.local/lib/python3.8/site-packages/airflow/example_dags/example_branch_python_dop_operator_3.py
[2024-03-13T06:47:25.761+0000] {processor.py:840} INFO - DAG(s) 'example_branch_dop_operator_v3' retrieved from /home/airflow/.local/lib/python3.8/site-packages/airflow/example_dags/example_branch_python_dop_operator_3.py
[2024-03-13T06:47:25.781+0000] {logging_mixin.py:188} INFO - [2024-03-13T06:47:25.781+0000] {dag.py:3047} INFO - Sync 1 DAGs
[2024-03-13T06:47:25.808+0000] {logging_mixin.py:188} INFO - [2024-03-13T06:47:25.807+0000] {dag.py:3834} INFO - Setting next_dagrun for example_branch_dop_operator_v3 to 2024-03-13 06:46:00+00:00, run_after=2024-03-13 06:47:00+00:00
[2024-03-13T06:47:25.833+0000] {processor.py:183} INFO - Processing /home/airflow/.local/lib/python3.8/site-packages/airflow/example_dags/example_branch_python_dop_operator_3.py took 0.086 seconds
[2024-03-13T06:47:56.686+0000] {processor.py:161} INFO - Started process (PID=1292) to work on /home/airflow/.local/lib/python3.8/site-packages/airflow/example_dags/example_branch_python_dop_operator_3.py
[2024-03-13T06:47:56.688+0000] {processor.py:830} INFO - Processing file /home/airflow/.local/lib/python3.8/site-packages/airflow/example_dags/example_branch_python_dop_operator_3.py for tasks to queue
[2024-03-13T06:47:56.689+0000] {logging_mixin.py:188} INFO - [2024-03-13T06:47:56.689+0000] {dagbag.py:540} INFO - Filling up the DagBag from /home/airflow/.local/lib/python3.8/site-packages/airflow/example_dags/example_branch_python_dop_operator_3.py
[2024-03-13T06:47:56.696+0000] {processor.py:840} INFO - DAG(s) 'example_branch_dop_operator_v3' retrieved from /home/airflow/.local/lib/python3.8/site-packages/airflow/example_dags/example_branch_python_dop_operator_3.py
[2024-03-13T06:47:56.712+0000] {logging_mixin.py:188} INFO - [2024-03-13T06:47:56.712+0000] {dag.py:3047} INFO - Sync 1 DAGs
[2024-03-13T06:47:56.733+0000] {logging_mixin.py:188} INFO - [2024-03-13T06:47:56.733+0000] {dag.py:3834} INFO - Setting next_dagrun for example_branch_dop_operator_v3 to 2024-03-13 06:46:00+00:00, run_after=2024-03-13 06:47:00+00:00
[2024-03-13T06:47:56.753+0000] {processor.py:183} INFO - Processing /home/airflow/.local/lib/python3.8/site-packages/airflow/example_dags/example_branch_python_dop_operator_3.py took 0.069 seconds
[2024-03-13T06:48:27.089+0000] {processor.py:161} INFO - Started process (PID=1348) to work on /home/airflow/.local/lib/python3.8/site-packages/airflow/example_dags/example_branch_python_dop_operator_3.py
[2024-03-13T06:48:27.090+0000] {processor.py:830} INFO - Processing file /home/airflow/.local/lib/python3.8/site-packages/airflow/example_dags/example_branch_python_dop_operator_3.py for tasks to queue
[2024-03-13T06:48:27.091+0000] {logging_mixin.py:188} INFO - [2024-03-13T06:48:27.090+0000] {dagbag.py:540} INFO - Filling up the DagBag from /home/airflow/.local/lib/python3.8/site-packages/airflow/example_dags/example_branch_python_dop_operator_3.py
[2024-03-13T06:48:27.098+0000] {processor.py:840} INFO - DAG(s) 'example_branch_dop_operator_v3' retrieved from /home/airflow/.local/lib/python3.8/site-packages/airflow/example_dags/example_branch_python_dop_operator_3.py
[2024-03-13T06:48:27.115+0000] {logging_mixin.py:188} INFO - [2024-03-13T06:48:27.115+0000] {dag.py:3047} INFO - Sync 1 DAGs
[2024-03-13T06:48:27.136+0000] {logging_mixin.py:188} INFO - [2024-03-13T06:48:27.136+0000] {dag.py:3834} INFO - Setting next_dagrun for example_branch_dop_operator_v3 to 2024-03-13 06:47:00+00:00, run_after=2024-03-13 06:48:00+00:00
[2024-03-13T06:48:27.156+0000] {processor.py:183} INFO - Processing /home/airflow/.local/lib/python3.8/site-packages/airflow/example_dags/example_branch_python_dop_operator_3.py took 0.071 seconds
[2024-03-13T06:48:57.359+0000] {processor.py:161} INFO - Started process (PID=1406) to work on /home/airflow/.local/lib/python3.8/site-packages/airflow/example_dags/example_branch_python_dop_operator_3.py
[2024-03-13T06:48:57.360+0000] {processor.py:830} INFO - Processing file /home/airflow/.local/lib/python3.8/site-packages/airflow/example_dags/example_branch_python_dop_operator_3.py for tasks to queue
[2024-03-13T06:48:57.362+0000] {logging_mixin.py:188} INFO - [2024-03-13T06:48:57.361+0000] {dagbag.py:540} INFO - Filling up the DagBag from /home/airflow/.local/lib/python3.8/site-packages/airflow/example_dags/example_branch_python_dop_operator_3.py
[2024-03-13T06:48:57.369+0000] {processor.py:840} INFO - DAG(s) 'example_branch_dop_operator_v3' retrieved from /home/airflow/.local/lib/python3.8/site-packages/airflow/example_dags/example_branch_python_dop_operator_3.py
[2024-03-13T06:48:57.384+0000] {logging_mixin.py:188} INFO - [2024-03-13T06:48:57.384+0000] {dag.py:3047} INFO - Sync 1 DAGs
[2024-03-13T06:48:57.403+0000] {logging_mixin.py:188} INFO - [2024-03-13T06:48:57.403+0000] {dag.py:3834} INFO - Setting next_dagrun for example_branch_dop_operator_v3 to 2024-03-13 06:47:00+00:00, run_after=2024-03-13 06:48:00+00:00
[2024-03-13T06:48:57.421+0000] {processor.py:183} INFO - Processing /home/airflow/.local/lib/python3.8/site-packages/airflow/example_dags/example_branch_python_dop_operator_3.py took 0.065 seconds
[2024-03-13T06:49:27.601+0000] {processor.py:161} INFO - Started process (PID=1462) to work on /home/airflow/.local/lib/python3.8/site-packages/airflow/example_dags/example_branch_python_dop_operator_3.py
[2024-03-13T06:49:27.602+0000] {processor.py:830} INFO - Processing file /home/airflow/.local/lib/python3.8/site-packages/airflow/example_dags/example_branch_python_dop_operator_3.py for tasks to queue
[2024-03-13T06:49:27.602+0000] {logging_mixin.py:188} INFO - [2024-03-13T06:49:27.602+0000] {dagbag.py:540} INFO - Filling up the DagBag from /home/airflow/.local/lib/python3.8/site-packages/airflow/example_dags/example_branch_python_dop_operator_3.py
[2024-03-13T06:49:27.609+0000] {processor.py:840} INFO - DAG(s) 'example_branch_dop_operator_v3' retrieved from /home/airflow/.local/lib/python3.8/site-packages/airflow/example_dags/example_branch_python_dop_operator_3.py
[2024-03-13T06:49:27.625+0000] {logging_mixin.py:188} INFO - [2024-03-13T06:49:27.625+0000] {dag.py:3047} INFO - Sync 1 DAGs
[2024-03-13T06:49:27.643+0000] {logging_mixin.py:188} INFO - [2024-03-13T06:49:27.643+0000] {dag.py:3834} INFO - Setting next_dagrun for example_branch_dop_operator_v3 to 2024-03-13 06:48:00+00:00, run_after=2024-03-13 06:49:00+00:00
[2024-03-13T06:49:27.661+0000] {processor.py:183} INFO - Processing /home/airflow/.local/lib/python3.8/site-packages/airflow/example_dags/example_branch_python_dop_operator_3.py took 0.063 seconds
[2024-03-13T06:49:57.809+0000] {processor.py:161} INFO - Started process (PID=1520) to work on /home/airflow/.local/lib/python3.8/site-packages/airflow/example_dags/example_branch_python_dop_operator_3.py
[2024-03-13T06:49:57.810+0000] {processor.py:830} INFO - Processing file /home/airflow/.local/lib/python3.8/site-packages/airflow/example_dags/example_branch_python_dop_operator_3.py for tasks to queue
[2024-03-13T06:49:57.811+0000] {logging_mixin.py:188} INFO - [2024-03-13T06:49:57.810+0000] {dagbag.py:540} INFO - Filling up the DagBag from /home/airflow/.local/lib/python3.8/site-packages/airflow/example_dags/example_branch_python_dop_operator_3.py
[2024-03-13T06:49:57.817+0000] {processor.py:840} INFO - DAG(s) 'example_branch_dop_operator_v3' retrieved from /home/airflow/.local/lib/python3.8/site-packages/airflow/example_dags/example_branch_python_dop_operator_3.py
[2024-03-13T06:49:57.833+0000] {logging_mixin.py:188} INFO - [2024-03-13T06:49:57.832+0000] {dag.py:3047} INFO - Sync 1 DAGs
[2024-03-13T06:49:57.852+0000] {logging_mixin.py:188} INFO - [2024-03-13T06:49:57.851+0000] {dag.py:3834} INFO - Setting next_dagrun for example_branch_dop_operator_v3 to 2024-03-13 06:48:00+00:00, run_after=2024-03-13 06:49:00+00:00
[2024-03-13T06:49:57.867+0000] {processor.py:183} INFO - Processing /home/airflow/.local/lib/python3.8/site-packages/airflow/example_dags/example_branch_python_dop_operator_3.py took 0.060 seconds
[2024-03-13T06:50:27.980+0000] {processor.py:161} INFO - Started process (PID=1576) to work on /home/airflow/.local/lib/python3.8/site-packages/airflow/example_dags/example_branch_python_dop_operator_3.py
[2024-03-13T06:50:27.981+0000] {processor.py:830} INFO - Processing file /home/airflow/.local/lib/python3.8/site-packages/airflow/example_dags/example_branch_python_dop_operator_3.py for tasks to queue
[2024-03-13T06:50:27.982+0000] {logging_mixin.py:188} INFO - [2024-03-13T06:50:27.982+0000] {dagbag.py:540} INFO - Filling up the DagBag from /home/airflow/.local/lib/python3.8/site-packages/airflow/example_dags/example_branch_python_dop_operator_3.py
[2024-03-13T06:50:27.989+0000] {processor.py:840} INFO - DAG(s) 'example_branch_dop_operator_v3' retrieved from /home/airflow/.local/lib/python3.8/site-packages/airflow/example_dags/example_branch_python_dop_operator_3.py
[2024-03-13T06:50:28.004+0000] {logging_mixin.py:188} INFO - [2024-03-13T06:50:28.004+0000] {dag.py:3047} INFO - Sync 1 DAGs
[2024-03-13T06:50:28.024+0000] {logging_mixin.py:188} INFO - [2024-03-13T06:50:28.024+0000] {dag.py:3834} INFO - Setting next_dagrun for example_branch_dop_operator_v3 to 2024-03-13 06:49:00+00:00, run_after=2024-03-13 06:50:00+00:00
[2024-03-13T06:50:28.040+0000] {processor.py:183} INFO - Processing /home/airflow/.local/lib/python3.8/site-packages/airflow/example_dags/example_branch_python_dop_operator_3.py took 0.062 seconds
[2024-03-13T06:50:58.182+0000] {processor.py:161} INFO - Started process (PID=1636) to work on /home/airflow/.local/lib/python3.8/site-packages/airflow/example_dags/example_branch_python_dop_operator_3.py
[2024-03-13T06:50:58.183+0000] {processor.py:830} INFO - Processing file /home/airflow/.local/lib/python3.8/site-packages/airflow/example_dags/example_branch_python_dop_operator_3.py for tasks to queue
[2024-03-13T06:50:58.184+0000] {logging_mixin.py:188} INFO - [2024-03-13T06:50:58.184+0000] {dagbag.py:540} INFO - Filling up the DagBag from /home/airflow/.local/lib/python3.8/site-packages/airflow/example_dags/example_branch_python_dop_operator_3.py
[2024-03-13T06:50:58.191+0000] {processor.py:840} INFO - DAG(s) 'example_branch_dop_operator_v3' retrieved from /home/airflow/.local/lib/python3.8/site-packages/airflow/example_dags/example_branch_python_dop_operator_3.py
[2024-03-13T06:50:58.206+0000] {logging_mixin.py:188} INFO - [2024-03-13T06:50:58.206+0000] {dag.py:3047} INFO - Sync 1 DAGs
[2024-03-13T06:50:58.225+0000] {logging_mixin.py:188} INFO - [2024-03-13T06:50:58.225+0000] {dag.py:3834} INFO - Setting next_dagrun for example_branch_dop_operator_v3 to 2024-03-13 06:49:00+00:00, run_after=2024-03-13 06:50:00+00:00
[2024-03-13T06:50:58.239+0000] {processor.py:183} INFO - Processing /home/airflow/.local/lib/python3.8/site-packages/airflow/example_dags/example_branch_python_dop_operator_3.py took 0.059 seconds
[2024-03-13T06:51:28.584+0000] {processor.py:161} INFO - Started process (PID=1695) to work on /home/airflow/.local/lib/python3.8/site-packages/airflow/example_dags/example_branch_python_dop_operator_3.py
[2024-03-13T06:51:28.585+0000] {processor.py:830} INFO - Processing file /home/airflow/.local/lib/python3.8/site-packages/airflow/example_dags/example_branch_python_dop_operator_3.py for tasks to queue
[2024-03-13T06:51:28.586+0000] {logging_mixin.py:188} INFO - [2024-03-13T06:51:28.585+0000] {dagbag.py:540} INFO - Filling up the DagBag from /home/airflow/.local/lib/python3.8/site-packages/airflow/example_dags/example_branch_python_dop_operator_3.py
[2024-03-13T06:51:28.593+0000] {processor.py:840} INFO - DAG(s) 'example_branch_dop_operator_v3' retrieved from /home/airflow/.local/lib/python3.8/site-packages/airflow/example_dags/example_branch_python_dop_operator_3.py
[2024-03-13T06:51:28.609+0000] {logging_mixin.py:188} INFO - [2024-03-13T06:51:28.609+0000] {dag.py:3047} INFO - Sync 1 DAGs
[2024-03-13T06:51:28.630+0000] {logging_mixin.py:188} INFO - [2024-03-13T06:51:28.629+0000] {dag.py:3834} INFO - Setting next_dagrun for example_branch_dop_operator_v3 to 2024-03-13 06:50:00+00:00, run_after=2024-03-13 06:51:00+00:00
[2024-03-13T06:51:28.648+0000] {processor.py:183} INFO - Processing /home/airflow/.local/lib/python3.8/site-packages/airflow/example_dags/example_branch_python_dop_operator_3.py took 0.067 seconds
[2024-03-13T06:52:18.884+0000] {processor.py:161} INFO - Started process (PID=52) to work on /home/airflow/.local/lib/python3.8/site-packages/airflow/example_dags/example_branch_python_dop_operator_3.py
[2024-03-13T06:52:18.885+0000] {processor.py:830} INFO - Processing file /home/airflow/.local/lib/python3.8/site-packages/airflow/example_dags/example_branch_python_dop_operator_3.py for tasks to queue
[2024-03-13T06:52:18.887+0000] {logging_mixin.py:188} INFO - [2024-03-13T06:52:18.886+0000] {dagbag.py:540} INFO - Filling up the DagBag from /home/airflow/.local/lib/python3.8/site-packages/airflow/example_dags/example_branch_python_dop_operator_3.py
[2024-03-13T06:52:18.896+0000] {processor.py:840} INFO - DAG(s) 'example_branch_dop_operator_v3' retrieved from /home/airflow/.local/lib/python3.8/site-packages/airflow/example_dags/example_branch_python_dop_operator_3.py
[2024-03-13T06:52:18.905+0000] {logging_mixin.py:188} INFO - [2024-03-13T06:52:18.905+0000] {dag.py:3047} INFO - Sync 1 DAGs
[2024-03-13T06:52:18.927+0000] {logging_mixin.py:188} INFO - [2024-03-13T06:52:18.927+0000] {dag.py:3834} INFO - Setting next_dagrun for example_branch_dop_operator_v3 to 2024-03-13 06:51:00+00:00, run_after=2024-03-13 06:52:00+00:00
[2024-03-13T06:52:18.946+0000] {processor.py:183} INFO - Processing /home/airflow/.local/lib/python3.8/site-packages/airflow/example_dags/example_branch_python_dop_operator_3.py took 0.065 seconds
[2024-03-13T06:52:49.595+0000] {processor.py:161} INFO - Started process (PID=108) to work on /home/airflow/.local/lib/python3.8/site-packages/airflow/example_dags/example_branch_python_dop_operator_3.py
[2024-03-13T06:52:49.596+0000] {processor.py:830} INFO - Processing file /home/airflow/.local/lib/python3.8/site-packages/airflow/example_dags/example_branch_python_dop_operator_3.py for tasks to queue
[2024-03-13T06:52:49.597+0000] {logging_mixin.py:188} INFO - [2024-03-13T06:52:49.597+0000] {dagbag.py:540} INFO - Filling up the DagBag from /home/airflow/.local/lib/python3.8/site-packages/airflow/example_dags/example_branch_python_dop_operator_3.py
[2024-03-13T06:52:49.604+0000] {processor.py:840} INFO - DAG(s) 'example_branch_dop_operator_v3' retrieved from /home/airflow/.local/lib/python3.8/site-packages/airflow/example_dags/example_branch_python_dop_operator_3.py
[2024-03-13T06:52:49.674+0000] {logging_mixin.py:188} INFO - [2024-03-13T06:52:49.673+0000] {dag.py:3047} INFO - Sync 1 DAGs
[2024-03-13T06:52:49.690+0000] {logging_mixin.py:188} INFO - [2024-03-13T06:52:49.690+0000] {dag.py:3834} INFO - Setting next_dagrun for example_branch_dop_operator_v3 to 2024-03-13 06:51:00+00:00, run_after=2024-03-13 06:52:00+00:00
[2024-03-13T06:52:49.707+0000] {processor.py:183} INFO - Processing /home/airflow/.local/lib/python3.8/site-packages/airflow/example_dags/example_branch_python_dop_operator_3.py took 0.114 seconds
[2024-03-13T06:53:20.010+0000] {processor.py:161} INFO - Started process (PID=164) to work on /home/airflow/.local/lib/python3.8/site-packages/airflow/example_dags/example_branch_python_dop_operator_3.py
[2024-03-13T06:53:20.011+0000] {processor.py:830} INFO - Processing file /home/airflow/.local/lib/python3.8/site-packages/airflow/example_dags/example_branch_python_dop_operator_3.py for tasks to queue
[2024-03-13T06:53:20.013+0000] {logging_mixin.py:188} INFO - [2024-03-13T06:53:20.013+0000] {dagbag.py:540} INFO - Filling up the DagBag from /home/airflow/.local/lib/python3.8/site-packages/airflow/example_dags/example_branch_python_dop_operator_3.py
[2024-03-13T06:53:20.021+0000] {processor.py:840} INFO - DAG(s) 'example_branch_dop_operator_v3' retrieved from /home/airflow/.local/lib/python3.8/site-packages/airflow/example_dags/example_branch_python_dop_operator_3.py
[2024-03-13T06:53:20.038+0000] {logging_mixin.py:188} INFO - [2024-03-13T06:53:20.037+0000] {dag.py:3047} INFO - Sync 1 DAGs
[2024-03-13T06:53:20.060+0000] {logging_mixin.py:188} INFO - [2024-03-13T06:53:20.059+0000] {dag.py:3834} INFO - Setting next_dagrun for example_branch_dop_operator_v3 to 2024-03-13 06:52:00+00:00, run_after=2024-03-13 06:53:00+00:00
[2024-03-13T06:53:20.083+0000] {processor.py:183} INFO - Processing /home/airflow/.local/lib/python3.8/site-packages/airflow/example_dags/example_branch_python_dop_operator_3.py took 0.075 seconds
[2024-03-13T06:53:50.441+0000] {processor.py:161} INFO - Started process (PID=220) to work on /home/airflow/.local/lib/python3.8/site-packages/airflow/example_dags/example_branch_python_dop_operator_3.py
[2024-03-13T06:53:50.442+0000] {processor.py:830} INFO - Processing file /home/airflow/.local/lib/python3.8/site-packages/airflow/example_dags/example_branch_python_dop_operator_3.py for tasks to queue
[2024-03-13T06:53:50.444+0000] {logging_mixin.py:188} INFO - [2024-03-13T06:53:50.444+0000] {dagbag.py:540} INFO - Filling up the DagBag from /home/airflow/.local/lib/python3.8/site-packages/airflow/example_dags/example_branch_python_dop_operator_3.py
[2024-03-13T06:53:50.451+0000] {processor.py:840} INFO - DAG(s) 'example_branch_dop_operator_v3' retrieved from /home/airflow/.local/lib/python3.8/site-packages/airflow/example_dags/example_branch_python_dop_operator_3.py
[2024-03-13T06:53:50.467+0000] {logging_mixin.py:188} INFO - [2024-03-13T06:53:50.467+0000] {dag.py:3047} INFO - Sync 1 DAGs
[2024-03-13T06:53:50.489+0000] {logging_mixin.py:188} INFO - [2024-03-13T06:53:50.489+0000] {dag.py:3834} INFO - Setting next_dagrun for example_branch_dop_operator_v3 to 2024-03-13 06:52:00+00:00, run_after=2024-03-13 06:53:00+00:00
[2024-03-13T06:53:50.510+0000] {processor.py:183} INFO - Processing /home/airflow/.local/lib/python3.8/site-packages/airflow/example_dags/example_branch_python_dop_operator_3.py took 0.071 seconds
[2024-03-13T06:54:20.898+0000] {processor.py:161} INFO - Started process (PID=275) to work on /home/airflow/.local/lib/python3.8/site-packages/airflow/example_dags/example_branch_python_dop_operator_3.py
[2024-03-13T06:54:20.899+0000] {processor.py:830} INFO - Processing file /home/airflow/.local/lib/python3.8/site-packages/airflow/example_dags/example_branch_python_dop_operator_3.py for tasks to queue
[2024-03-13T06:54:20.901+0000] {logging_mixin.py:188} INFO - [2024-03-13T06:54:20.900+0000] {dagbag.py:540} INFO - Filling up the DagBag from /home/airflow/.local/lib/python3.8/site-packages/airflow/example_dags/example_branch_python_dop_operator_3.py
[2024-03-13T06:54:20.908+0000] {processor.py:840} INFO - DAG(s) 'example_branch_dop_operator_v3' retrieved from /home/airflow/.local/lib/python3.8/site-packages/airflow/example_dags/example_branch_python_dop_operator_3.py
[2024-03-13T06:54:20.922+0000] {logging_mixin.py:188} INFO - [2024-03-13T06:54:20.922+0000] {dag.py:3047} INFO - Sync 1 DAGs
[2024-03-13T06:54:20.941+0000] {logging_mixin.py:188} INFO - [2024-03-13T06:54:20.941+0000] {dag.py:3834} INFO - Setting next_dagrun for example_branch_dop_operator_v3 to 2024-03-13 06:53:00+00:00, run_after=2024-03-13 06:54:00+00:00
[2024-03-13T06:54:20.959+0000] {processor.py:183} INFO - Processing /home/airflow/.local/lib/python3.8/site-packages/airflow/example_dags/example_branch_python_dop_operator_3.py took 0.063 seconds
[2024-03-13T06:54:51.193+0000] {processor.py:161} INFO - Started process (PID=331) to work on /home/airflow/.local/lib/python3.8/site-packages/airflow/example_dags/example_branch_python_dop_operator_3.py
[2024-03-13T06:54:51.194+0000] {processor.py:830} INFO - Processing file /home/airflow/.local/lib/python3.8/site-packages/airflow/example_dags/example_branch_python_dop_operator_3.py for tasks to queue
[2024-03-13T06:54:51.197+0000] {logging_mixin.py:188} INFO - [2024-03-13T06:54:51.196+0000] {dagbag.py:540} INFO - Filling up the DagBag from /home/airflow/.local/lib/python3.8/site-packages/airflow/example_dags/example_branch_python_dop_operator_3.py
[2024-03-13T06:54:51.206+0000] {processor.py:840} INFO - DAG(s) 'example_branch_dop_operator_v3' retrieved from /home/airflow/.local/lib/python3.8/site-packages/airflow/example_dags/example_branch_python_dop_operator_3.py
[2024-03-13T06:54:51.225+0000] {logging_mixin.py:188} INFO - [2024-03-13T06:54:51.225+0000] {dag.py:3047} INFO - Sync 1 DAGs
[2024-03-13T06:54:51.251+0000] {logging_mixin.py:188} INFO - [2024-03-13T06:54:51.250+0000] {dag.py:3834} INFO - Setting next_dagrun for example_branch_dop_operator_v3 to 2024-03-13 06:53:00+00:00, run_after=2024-03-13 06:54:00+00:00
[2024-03-13T06:54:51.272+0000] {processor.py:183} INFO - Processing /home/airflow/.local/lib/python3.8/site-packages/airflow/example_dags/example_branch_python_dop_operator_3.py took 0.082 seconds
[2024-03-13T06:55:22.053+0000] {processor.py:161} INFO - Started process (PID=387) to work on /home/airflow/.local/lib/python3.8/site-packages/airflow/example_dags/example_branch_python_dop_operator_3.py
[2024-03-13T06:55:22.054+0000] {processor.py:830} INFO - Processing file /home/airflow/.local/lib/python3.8/site-packages/airflow/example_dags/example_branch_python_dop_operator_3.py for tasks to queue
[2024-03-13T06:55:22.056+0000] {logging_mixin.py:188} INFO - [2024-03-13T06:55:22.055+0000] {dagbag.py:540} INFO - Filling up the DagBag from /home/airflow/.local/lib/python3.8/site-packages/airflow/example_dags/example_branch_python_dop_operator_3.py
[2024-03-13T06:55:22.065+0000] {processor.py:840} INFO - DAG(s) 'example_branch_dop_operator_v3' retrieved from /home/airflow/.local/lib/python3.8/site-packages/airflow/example_dags/example_branch_python_dop_operator_3.py
[2024-03-13T06:55:22.083+0000] {logging_mixin.py:188} INFO - [2024-03-13T06:55:22.083+0000] {dag.py:3047} INFO - Sync 1 DAGs
[2024-03-13T06:55:22.104+0000] {logging_mixin.py:188} INFO - [2024-03-13T06:55:22.104+0000] {dag.py:3834} INFO - Setting next_dagrun for example_branch_dop_operator_v3 to 2024-03-13 06:54:00+00:00, run_after=2024-03-13 06:55:00+00:00
[2024-03-13T06:55:22.122+0000] {processor.py:183} INFO - Processing /home/airflow/.local/lib/python3.8/site-packages/airflow/example_dags/example_branch_python_dop_operator_3.py took 0.072 seconds
[2024-03-13T06:55:53.016+0000] {processor.py:161} INFO - Started process (PID=444) to work on /home/airflow/.local/lib/python3.8/site-packages/airflow/example_dags/example_branch_python_dop_operator_3.py
[2024-03-13T06:55:53.017+0000] {processor.py:830} INFO - Processing file /home/airflow/.local/lib/python3.8/site-packages/airflow/example_dags/example_branch_python_dop_operator_3.py for tasks to queue
[2024-03-13T06:55:53.018+0000] {logging_mixin.py:188} INFO - [2024-03-13T06:55:53.018+0000] {dagbag.py:540} INFO - Filling up the DagBag from /home/airflow/.local/lib/python3.8/site-packages/airflow/example_dags/example_branch_python_dop_operator_3.py
[2024-03-13T06:55:53.025+0000] {processor.py:840} INFO - DAG(s) 'example_branch_dop_operator_v3' retrieved from /home/airflow/.local/lib/python3.8/site-packages/airflow/example_dags/example_branch_python_dop_operator_3.py
[2024-03-13T06:55:53.040+0000] {logging_mixin.py:188} INFO - [2024-03-13T06:55:53.040+0000] {dag.py:3047} INFO - Sync 1 DAGs
[2024-03-13T06:55:53.060+0000] {logging_mixin.py:188} INFO - [2024-03-13T06:55:53.060+0000] {dag.py:3834} INFO - Setting next_dagrun for example_branch_dop_operator_v3 to 2024-03-13 06:54:00+00:00, run_after=2024-03-13 06:55:00+00:00
[2024-03-13T06:55:53.079+0000] {processor.py:183} INFO - Processing /home/airflow/.local/lib/python3.8/site-packages/airflow/example_dags/example_branch_python_dop_operator_3.py took 0.065 seconds
[2024-03-13T06:56:23.870+0000] {processor.py:161} INFO - Started process (PID=501) to work on /home/airflow/.local/lib/python3.8/site-packages/airflow/example_dags/example_branch_python_dop_operator_3.py
[2024-03-13T06:56:23.871+0000] {processor.py:830} INFO - Processing file /home/airflow/.local/lib/python3.8/site-packages/airflow/example_dags/example_branch_python_dop_operator_3.py for tasks to queue
[2024-03-13T06:56:23.873+0000] {logging_mixin.py:188} INFO - [2024-03-13T06:56:23.873+0000] {dagbag.py:540} INFO - Filling up the DagBag from /home/airflow/.local/lib/python3.8/site-packages/airflow/example_dags/example_branch_python_dop_operator_3.py
[2024-03-13T06:56:23.880+0000] {processor.py:840} INFO - DAG(s) 'example_branch_dop_operator_v3' retrieved from /home/airflow/.local/lib/python3.8/site-packages/airflow/example_dags/example_branch_python_dop_operator_3.py
[2024-03-13T06:56:23.896+0000] {logging_mixin.py:188} INFO - [2024-03-13T06:56:23.896+0000] {dag.py:3047} INFO - Sync 1 DAGs
[2024-03-13T06:56:23.916+0000] {logging_mixin.py:188} INFO - [2024-03-13T06:56:23.916+0000] {dag.py:3834} INFO - Setting next_dagrun for example_branch_dop_operator_v3 to 2024-03-13 06:55:00+00:00, run_after=2024-03-13 06:56:00+00:00
[2024-03-13T06:56:23.934+0000] {processor.py:183} INFO - Processing /home/airflow/.local/lib/python3.8/site-packages/airflow/example_dags/example_branch_python_dop_operator_3.py took 0.066 seconds
[2024-03-13T07:02:12.172+0000] {processor.py:161} INFO - Started process (PID=52) to work on /home/airflow/.local/lib/python3.8/site-packages/airflow/example_dags/example_branch_python_dop_operator_3.py
[2024-03-13T07:02:12.174+0000] {processor.py:830} INFO - Processing file /home/airflow/.local/lib/python3.8/site-packages/airflow/example_dags/example_branch_python_dop_operator_3.py for tasks to queue
[2024-03-13T07:02:12.176+0000] {logging_mixin.py:188} INFO - [2024-03-13T07:02:12.175+0000] {dagbag.py:540} INFO - Filling up the DagBag from /home/airflow/.local/lib/python3.8/site-packages/airflow/example_dags/example_branch_python_dop_operator_3.py
[2024-03-13T07:02:12.187+0000] {processor.py:840} INFO - DAG(s) 'example_branch_dop_operator_v3' retrieved from /home/airflow/.local/lib/python3.8/site-packages/airflow/example_dags/example_branch_python_dop_operator_3.py
[2024-03-13T07:02:12.200+0000] {logging_mixin.py:188} INFO - [2024-03-13T07:02:12.199+0000] {dag.py:3047} INFO - Sync 1 DAGs
[2024-03-13T07:02:12.228+0000] {logging_mixin.py:188} INFO - [2024-03-13T07:02:12.228+0000] {dag.py:3834} INFO - Setting next_dagrun for example_branch_dop_operator_v3 to 2024-03-13 07:01:00+00:00, run_after=2024-03-13 07:02:00+00:00
[2024-03-13T07:02:12.259+0000] {processor.py:183} INFO - Processing /home/airflow/.local/lib/python3.8/site-packages/airflow/example_dags/example_branch_python_dop_operator_3.py took 0.091 seconds
[2024-03-13T07:02:43.223+0000] {processor.py:161} INFO - Started process (PID=109) to work on /home/airflow/.local/lib/python3.8/site-packages/airflow/example_dags/example_branch_python_dop_operator_3.py
[2024-03-13T07:02:43.224+0000] {processor.py:830} INFO - Processing file /home/airflow/.local/lib/python3.8/site-packages/airflow/example_dags/example_branch_python_dop_operator_3.py for tasks to queue
[2024-03-13T07:02:43.226+0000] {logging_mixin.py:188} INFO - [2024-03-13T07:02:43.225+0000] {dagbag.py:540} INFO - Filling up the DagBag from /home/airflow/.local/lib/python3.8/site-packages/airflow/example_dags/example_branch_python_dop_operator_3.py
[2024-03-13T07:02:43.232+0000] {processor.py:840} INFO - DAG(s) 'example_branch_dop_operator_v3' retrieved from /home/airflow/.local/lib/python3.8/site-packages/airflow/example_dags/example_branch_python_dop_operator_3.py
[2024-03-13T07:02:43.301+0000] {logging_mixin.py:188} INFO - [2024-03-13T07:02:43.300+0000] {dag.py:3047} INFO - Sync 1 DAGs
[2024-03-13T07:02:43.319+0000] {logging_mixin.py:188} INFO - [2024-03-13T07:02:43.318+0000] {dag.py:3834} INFO - Setting next_dagrun for example_branch_dop_operator_v3 to 2024-03-13 07:01:00+00:00, run_after=2024-03-13 07:02:00+00:00
[2024-03-13T07:02:43.333+0000] {processor.py:183} INFO - Processing /home/airflow/.local/lib/python3.8/site-packages/airflow/example_dags/example_branch_python_dop_operator_3.py took 0.112 seconds
[2024-03-13T07:03:13.549+0000] {processor.py:161} INFO - Started process (PID=165) to work on /home/airflow/.local/lib/python3.8/site-packages/airflow/example_dags/example_branch_python_dop_operator_3.py
[2024-03-13T07:03:13.550+0000] {processor.py:830} INFO - Processing file /home/airflow/.local/lib/python3.8/site-packages/airflow/example_dags/example_branch_python_dop_operator_3.py for tasks to queue
[2024-03-13T07:03:13.552+0000] {logging_mixin.py:188} INFO - [2024-03-13T07:03:13.551+0000] {dagbag.py:540} INFO - Filling up the DagBag from /home/airflow/.local/lib/python3.8/site-packages/airflow/example_dags/example_branch_python_dop_operator_3.py
[2024-03-13T07:03:13.558+0000] {processor.py:840} INFO - DAG(s) 'example_branch_dop_operator_v3' retrieved from /home/airflow/.local/lib/python3.8/site-packages/airflow/example_dags/example_branch_python_dop_operator_3.py
[2024-03-13T07:03:13.572+0000] {logging_mixin.py:188} INFO - [2024-03-13T07:03:13.572+0000] {dag.py:3047} INFO - Sync 1 DAGs
[2024-03-13T07:03:13.591+0000] {logging_mixin.py:188} INFO - [2024-03-13T07:03:13.590+0000] {dag.py:3834} INFO - Setting next_dagrun for example_branch_dop_operator_v3 to 2024-03-13 07:02:00+00:00, run_after=2024-03-13 07:03:00+00:00
[2024-03-13T07:03:13.608+0000] {processor.py:183} INFO - Processing /home/airflow/.local/lib/python3.8/site-packages/airflow/example_dags/example_branch_python_dop_operator_3.py took 0.061 seconds
[2024-03-13T07:03:43.941+0000] {processor.py:161} INFO - Started process (PID=221) to work on /home/airflow/.local/lib/python3.8/site-packages/airflow/example_dags/example_branch_python_dop_operator_3.py
[2024-03-13T07:03:43.942+0000] {processor.py:830} INFO - Processing file /home/airflow/.local/lib/python3.8/site-packages/airflow/example_dags/example_branch_python_dop_operator_3.py for tasks to queue
[2024-03-13T07:03:43.943+0000] {logging_mixin.py:188} INFO - [2024-03-13T07:03:43.943+0000] {dagbag.py:540} INFO - Filling up the DagBag from /home/airflow/.local/lib/python3.8/site-packages/airflow/example_dags/example_branch_python_dop_operator_3.py
[2024-03-13T07:03:43.950+0000] {processor.py:840} INFO - DAG(s) 'example_branch_dop_operator_v3' retrieved from /home/airflow/.local/lib/python3.8/site-packages/airflow/example_dags/example_branch_python_dop_operator_3.py
[2024-03-13T07:03:43.965+0000] {logging_mixin.py:188} INFO - [2024-03-13T07:03:43.965+0000] {dag.py:3047} INFO - Sync 1 DAGs
[2024-03-13T07:03:43.984+0000] {logging_mixin.py:188} INFO - [2024-03-13T07:03:43.984+0000] {dag.py:3834} INFO - Setting next_dagrun for example_branch_dop_operator_v3 to 2024-03-13 07:02:00+00:00, run_after=2024-03-13 07:03:00+00:00
[2024-03-13T07:03:44.000+0000] {processor.py:183} INFO - Processing /home/airflow/.local/lib/python3.8/site-packages/airflow/example_dags/example_branch_python_dop_operator_3.py took 0.061 seconds
[2024-03-13T07:04:14.458+0000] {processor.py:161} INFO - Started process (PID=277) to work on /home/airflow/.local/lib/python3.8/site-packages/airflow/example_dags/example_branch_python_dop_operator_3.py
[2024-03-13T07:04:14.459+0000] {processor.py:830} INFO - Processing file /home/airflow/.local/lib/python3.8/site-packages/airflow/example_dags/example_branch_python_dop_operator_3.py for tasks to queue
[2024-03-13T07:04:14.460+0000] {logging_mixin.py:188} INFO - [2024-03-13T07:04:14.460+0000] {dagbag.py:540} INFO - Filling up the DagBag from /home/airflow/.local/lib/python3.8/site-packages/airflow/example_dags/example_branch_python_dop_operator_3.py
[2024-03-13T07:04:14.467+0000] {processor.py:840} INFO - DAG(s) 'example_branch_dop_operator_v3' retrieved from /home/airflow/.local/lib/python3.8/site-packages/airflow/example_dags/example_branch_python_dop_operator_3.py
[2024-03-13T07:04:14.481+0000] {logging_mixin.py:188} INFO - [2024-03-13T07:04:14.481+0000] {dag.py:3047} INFO - Sync 1 DAGs
[2024-03-13T07:04:14.500+0000] {logging_mixin.py:188} INFO - [2024-03-13T07:04:14.500+0000] {dag.py:3834} INFO - Setting next_dagrun for example_branch_dop_operator_v3 to 2024-03-13 07:03:00+00:00, run_after=2024-03-13 07:04:00+00:00
[2024-03-13T07:04:14.518+0000] {processor.py:183} INFO - Processing /home/airflow/.local/lib/python3.8/site-packages/airflow/example_dags/example_branch_python_dop_operator_3.py took 0.063 seconds
[2024-03-13T07:04:45.019+0000] {processor.py:161} INFO - Started process (PID=333) to work on /home/airflow/.local/lib/python3.8/site-packages/airflow/example_dags/example_branch_python_dop_operator_3.py
[2024-03-13T07:04:45.019+0000] {processor.py:830} INFO - Processing file /home/airflow/.local/lib/python3.8/site-packages/airflow/example_dags/example_branch_python_dop_operator_3.py for tasks to queue
[2024-03-13T07:04:45.021+0000] {logging_mixin.py:188} INFO - [2024-03-13T07:04:45.021+0000] {dagbag.py:540} INFO - Filling up the DagBag from /home/airflow/.local/lib/python3.8/site-packages/airflow/example_dags/example_branch_python_dop_operator_3.py
[2024-03-13T07:04:45.028+0000] {processor.py:840} INFO - DAG(s) 'example_branch_dop_operator_v3' retrieved from /home/airflow/.local/lib/python3.8/site-packages/airflow/example_dags/example_branch_python_dop_operator_3.py
[2024-03-13T07:04:45.043+0000] {logging_mixin.py:188} INFO - [2024-03-13T07:04:45.043+0000] {dag.py:3047} INFO - Sync 1 DAGs
[2024-03-13T07:04:45.062+0000] {logging_mixin.py:188} INFO - [2024-03-13T07:04:45.061+0000] {dag.py:3834} INFO - Setting next_dagrun for example_branch_dop_operator_v3 to 2024-03-13 07:03:00+00:00, run_after=2024-03-13 07:04:00+00:00
[2024-03-13T07:04:45.075+0000] {processor.py:183} INFO - Processing /home/airflow/.local/lib/python3.8/site-packages/airflow/example_dags/example_branch_python_dop_operator_3.py took 0.059 seconds
[2024-03-13T07:05:15.349+0000] {processor.py:161} INFO - Started process (PID=389) to work on /home/airflow/.local/lib/python3.8/site-packages/airflow/example_dags/example_branch_python_dop_operator_3.py
[2024-03-13T07:05:15.350+0000] {processor.py:830} INFO - Processing file /home/airflow/.local/lib/python3.8/site-packages/airflow/example_dags/example_branch_python_dop_operator_3.py for tasks to queue
[2024-03-13T07:05:15.351+0000] {logging_mixin.py:188} INFO - [2024-03-13T07:05:15.351+0000] {dagbag.py:540} INFO - Filling up the DagBag from /home/airflow/.local/lib/python3.8/site-packages/airflow/example_dags/example_branch_python_dop_operator_3.py
[2024-03-13T07:05:15.358+0000] {processor.py:840} INFO - DAG(s) 'example_branch_dop_operator_v3' retrieved from /home/airflow/.local/lib/python3.8/site-packages/airflow/example_dags/example_branch_python_dop_operator_3.py
[2024-03-13T07:05:15.373+0000] {logging_mixin.py:188} INFO - [2024-03-13T07:05:15.373+0000] {dag.py:3047} INFO - Sync 1 DAGs
[2024-03-13T07:05:15.395+0000] {logging_mixin.py:188} INFO - [2024-03-13T07:05:15.394+0000] {dag.py:3834} INFO - Setting next_dagrun for example_branch_dop_operator_v3 to 2024-03-13 07:04:00+00:00, run_after=2024-03-13 07:05:00+00:00
[2024-03-13T07:05:15.413+0000] {processor.py:183} INFO - Processing /home/airflow/.local/lib/python3.8/site-packages/airflow/example_dags/example_branch_python_dop_operator_3.py took 0.066 seconds
[2024-03-13T07:05:45.670+0000] {processor.py:161} INFO - Started process (PID=445) to work on /home/airflow/.local/lib/python3.8/site-packages/airflow/example_dags/example_branch_python_dop_operator_3.py
[2024-03-13T07:05:45.671+0000] {processor.py:830} INFO - Processing file /home/airflow/.local/lib/python3.8/site-packages/airflow/example_dags/example_branch_python_dop_operator_3.py for tasks to queue
[2024-03-13T07:05:45.672+0000] {logging_mixin.py:188} INFO - [2024-03-13T07:05:45.672+0000] {dagbag.py:540} INFO - Filling up the DagBag from /home/airflow/.local/lib/python3.8/site-packages/airflow/example_dags/example_branch_python_dop_operator_3.py
[2024-03-13T07:05:45.679+0000] {processor.py:840} INFO - DAG(s) 'example_branch_dop_operator_v3' retrieved from /home/airflow/.local/lib/python3.8/site-packages/airflow/example_dags/example_branch_python_dop_operator_3.py
[2024-03-13T07:05:45.693+0000] {logging_mixin.py:188} INFO - [2024-03-13T07:05:45.693+0000] {dag.py:3047} INFO - Sync 1 DAGs
[2024-03-13T07:05:45.712+0000] {logging_mixin.py:188} INFO - [2024-03-13T07:05:45.712+0000] {dag.py:3834} INFO - Setting next_dagrun for example_branch_dop_operator_v3 to 2024-03-13 07:04:00+00:00, run_after=2024-03-13 07:05:00+00:00
[2024-03-13T07:05:45.729+0000] {processor.py:183} INFO - Processing /home/airflow/.local/lib/python3.8/site-packages/airflow/example_dags/example_branch_python_dop_operator_3.py took 0.061 seconds
[2024-03-13T07:06:16.018+0000] {processor.py:161} INFO - Started process (PID=501) to work on /home/airflow/.local/lib/python3.8/site-packages/airflow/example_dags/example_branch_python_dop_operator_3.py
[2024-03-13T07:06:16.019+0000] {processor.py:830} INFO - Processing file /home/airflow/.local/lib/python3.8/site-packages/airflow/example_dags/example_branch_python_dop_operator_3.py for tasks to queue
[2024-03-13T07:06:16.020+0000] {logging_mixin.py:188} INFO - [2024-03-13T07:06:16.020+0000] {dagbag.py:540} INFO - Filling up the DagBag from /home/airflow/.local/lib/python3.8/site-packages/airflow/example_dags/example_branch_python_dop_operator_3.py
[2024-03-13T07:06:16.027+0000] {processor.py:840} INFO - DAG(s) 'example_branch_dop_operator_v3' retrieved from /home/airflow/.local/lib/python3.8/site-packages/airflow/example_dags/example_branch_python_dop_operator_3.py
[2024-03-13T07:06:16.041+0000] {logging_mixin.py:188} INFO - [2024-03-13T07:06:16.040+0000] {dag.py:3047} INFO - Sync 1 DAGs
[2024-03-13T07:06:16.060+0000] {logging_mixin.py:188} INFO - [2024-03-13T07:06:16.060+0000] {dag.py:3834} INFO - Setting next_dagrun for example_branch_dop_operator_v3 to 2024-03-13 07:05:00+00:00, run_after=2024-03-13 07:06:00+00:00
[2024-03-13T07:06:16.077+0000] {processor.py:183} INFO - Processing /home/airflow/.local/lib/python3.8/site-packages/airflow/example_dags/example_branch_python_dop_operator_3.py took 0.061 seconds
[2024-03-13T07:06:46.462+0000] {processor.py:161} INFO - Started process (PID=557) to work on /home/airflow/.local/lib/python3.8/site-packages/airflow/example_dags/example_branch_python_dop_operator_3.py
[2024-03-13T07:06:46.463+0000] {processor.py:830} INFO - Processing file /home/airflow/.local/lib/python3.8/site-packages/airflow/example_dags/example_branch_python_dop_operator_3.py for tasks to queue
[2024-03-13T07:06:46.465+0000] {logging_mixin.py:188} INFO - [2024-03-13T07:06:46.464+0000] {dagbag.py:540} INFO - Filling up the DagBag from /home/airflow/.local/lib/python3.8/site-packages/airflow/example_dags/example_branch_python_dop_operator_3.py
[2024-03-13T07:06:46.472+0000] {processor.py:840} INFO - DAG(s) 'example_branch_dop_operator_v3' retrieved from /home/airflow/.local/lib/python3.8/site-packages/airflow/example_dags/example_branch_python_dop_operator_3.py
[2024-03-13T07:06:46.486+0000] {logging_mixin.py:188} INFO - [2024-03-13T07:06:46.486+0000] {dag.py:3047} INFO - Sync 1 DAGs
[2024-03-13T07:06:46.506+0000] {logging_mixin.py:188} INFO - [2024-03-13T07:06:46.505+0000] {dag.py:3834} INFO - Setting next_dagrun for example_branch_dop_operator_v3 to 2024-03-13 07:05:00+00:00, run_after=2024-03-13 07:06:00+00:00
[2024-03-13T07:06:46.520+0000] {processor.py:183} INFO - Processing /home/airflow/.local/lib/python3.8/site-packages/airflow/example_dags/example_branch_python_dop_operator_3.py took 0.060 seconds
[2024-03-13T07:07:16.899+0000] {processor.py:161} INFO - Started process (PID=613) to work on /home/airflow/.local/lib/python3.8/site-packages/airflow/example_dags/example_branch_python_dop_operator_3.py
[2024-03-13T07:07:16.901+0000] {processor.py:830} INFO - Processing file /home/airflow/.local/lib/python3.8/site-packages/airflow/example_dags/example_branch_python_dop_operator_3.py for tasks to queue
[2024-03-13T07:07:16.902+0000] {logging_mixin.py:188} INFO - [2024-03-13T07:07:16.902+0000] {dagbag.py:540} INFO - Filling up the DagBag from /home/airflow/.local/lib/python3.8/site-packages/airflow/example_dags/example_branch_python_dop_operator_3.py
[2024-03-13T07:07:16.909+0000] {processor.py:840} INFO - DAG(s) 'example_branch_dop_operator_v3' retrieved from /home/airflow/.local/lib/python3.8/site-packages/airflow/example_dags/example_branch_python_dop_operator_3.py
[2024-03-13T07:07:16.927+0000] {logging_mixin.py:188} INFO - [2024-03-13T07:07:16.927+0000] {dag.py:3047} INFO - Sync 1 DAGs
[2024-03-13T07:07:16.953+0000] {logging_mixin.py:188} INFO - [2024-03-13T07:07:16.952+0000] {dag.py:3834} INFO - Setting next_dagrun for example_branch_dop_operator_v3 to 2024-03-13 07:06:00+00:00, run_after=2024-03-13 07:07:00+00:00
[2024-03-13T07:07:16.976+0000] {processor.py:183} INFO - Processing /home/airflow/.local/lib/python3.8/site-packages/airflow/example_dags/example_branch_python_dop_operator_3.py took 0.080 seconds
[2024-03-13T07:09:29.733+0000] {processor.py:161} INFO - Started process (PID=53) to work on /home/airflow/.local/lib/python3.8/site-packages/airflow/example_dags/example_branch_python_dop_operator_3.py
[2024-03-13T07:09:29.734+0000] {processor.py:830} INFO - Processing file /home/airflow/.local/lib/python3.8/site-packages/airflow/example_dags/example_branch_python_dop_operator_3.py for tasks to queue
[2024-03-13T07:09:29.736+0000] {logging_mixin.py:188} INFO - [2024-03-13T07:09:29.736+0000] {dagbag.py:540} INFO - Filling up the DagBag from /home/airflow/.local/lib/python3.8/site-packages/airflow/example_dags/example_branch_python_dop_operator_3.py
[2024-03-13T07:09:29.745+0000] {processor.py:840} INFO - DAG(s) 'example_branch_dop_operator_v3' retrieved from /home/airflow/.local/lib/python3.8/site-packages/airflow/example_dags/example_branch_python_dop_operator_3.py
[2024-03-13T07:09:29.755+0000] {logging_mixin.py:188} INFO - [2024-03-13T07:09:29.755+0000] {dag.py:3047} INFO - Sync 1 DAGs
[2024-03-13T07:09:29.781+0000] {logging_mixin.py:188} INFO - [2024-03-13T07:09:29.781+0000] {dag.py:3834} INFO - Setting next_dagrun for example_branch_dop_operator_v3 to 2024-03-13 07:08:00+00:00, run_after=2024-03-13 07:09:00+00:00
[2024-03-13T07:09:29.803+0000] {processor.py:183} INFO - Processing /home/airflow/.local/lib/python3.8/site-packages/airflow/example_dags/example_branch_python_dop_operator_3.py took 0.072 seconds
[2024-03-13T07:10:00.237+0000] {processor.py:161} INFO - Started process (PID=109) to work on /home/airflow/.local/lib/python3.8/site-packages/airflow/example_dags/example_branch_python_dop_operator_3.py
[2024-03-13T07:10:00.238+0000] {processor.py:830} INFO - Processing file /home/airflow/.local/lib/python3.8/site-packages/airflow/example_dags/example_branch_python_dop_operator_3.py for tasks to queue
[2024-03-13T07:10:00.240+0000] {logging_mixin.py:188} INFO - [2024-03-13T07:10:00.240+0000] {dagbag.py:540} INFO - Filling up the DagBag from /home/airflow/.local/lib/python3.8/site-packages/airflow/example_dags/example_branch_python_dop_operator_3.py
[2024-03-13T07:10:00.247+0000] {processor.py:840} INFO - DAG(s) 'example_branch_dop_operator_v3' retrieved from /home/airflow/.local/lib/python3.8/site-packages/airflow/example_dags/example_branch_python_dop_operator_3.py
[2024-03-13T07:10:00.319+0000] {logging_mixin.py:188} INFO - [2024-03-13T07:10:00.319+0000] {dag.py:3047} INFO - Sync 1 DAGs
[2024-03-13T07:10:00.340+0000] {logging_mixin.py:188} INFO - [2024-03-13T07:10:00.339+0000] {dag.py:3834} INFO - Setting next_dagrun for example_branch_dop_operator_v3 to 2024-03-13 07:09:00+00:00, run_after=2024-03-13 07:10:00+00:00
[2024-03-13T07:10:00.356+0000] {processor.py:183} INFO - Processing /home/airflow/.local/lib/python3.8/site-packages/airflow/example_dags/example_branch_python_dop_operator_3.py took 0.121 seconds
[2024-03-13T07:10:31.009+0000] {processor.py:161} INFO - Started process (PID=165) to work on /home/airflow/.local/lib/python3.8/site-packages/airflow/example_dags/example_branch_python_dop_operator_3.py
[2024-03-13T07:10:31.010+0000] {processor.py:830} INFO - Processing file /home/airflow/.local/lib/python3.8/site-packages/airflow/example_dags/example_branch_python_dop_operator_3.py for tasks to queue
[2024-03-13T07:10:31.012+0000] {logging_mixin.py:188} INFO - [2024-03-13T07:10:31.012+0000] {dagbag.py:540} INFO - Filling up the DagBag from /home/airflow/.local/lib/python3.8/site-packages/airflow/example_dags/example_branch_python_dop_operator_3.py
[2024-03-13T07:10:31.019+0000] {processor.py:840} INFO - DAG(s) 'example_branch_dop_operator_v3' retrieved from /home/airflow/.local/lib/python3.8/site-packages/airflow/example_dags/example_branch_python_dop_operator_3.py
[2024-03-13T07:10:31.037+0000] {logging_mixin.py:188} INFO - [2024-03-13T07:10:31.037+0000] {dag.py:3047} INFO - Sync 1 DAGs
[2024-03-13T07:10:31.059+0000] {logging_mixin.py:188} INFO - [2024-03-13T07:10:31.059+0000] {dag.py:3834} INFO - Setting next_dagrun for example_branch_dop_operator_v3 to 2024-03-13 07:09:00+00:00, run_after=2024-03-13 07:10:00+00:00
[2024-03-13T07:10:31.079+0000] {processor.py:183} INFO - Processing /home/airflow/.local/lib/python3.8/site-packages/airflow/example_dags/example_branch_python_dop_operator_3.py took 0.074 seconds
[2024-03-13T07:11:01.287+0000] {processor.py:161} INFO - Started process (PID=221) to work on /home/airflow/.local/lib/python3.8/site-packages/airflow/example_dags/example_branch_python_dop_operator_3.py
[2024-03-13T07:11:01.288+0000] {processor.py:830} INFO - Processing file /home/airflow/.local/lib/python3.8/site-packages/airflow/example_dags/example_branch_python_dop_operator_3.py for tasks to queue
[2024-03-13T07:11:01.289+0000] {logging_mixin.py:188} INFO - [2024-03-13T07:11:01.289+0000] {dagbag.py:540} INFO - Filling up the DagBag from /home/airflow/.local/lib/python3.8/site-packages/airflow/example_dags/example_branch_python_dop_operator_3.py
[2024-03-13T07:11:01.296+0000] {processor.py:840} INFO - DAG(s) 'example_branch_dop_operator_v3' retrieved from /home/airflow/.local/lib/python3.8/site-packages/airflow/example_dags/example_branch_python_dop_operator_3.py
[2024-03-13T07:11:01.313+0000] {logging_mixin.py:188} INFO - [2024-03-13T07:11:01.313+0000] {dag.py:3047} INFO - Sync 1 DAGs
[2024-03-13T07:11:01.338+0000] {logging_mixin.py:188} INFO - [2024-03-13T07:11:01.337+0000] {dag.py:3834} INFO - Setting next_dagrun for example_branch_dop_operator_v3 to 2024-03-13 07:10:00+00:00, run_after=2024-03-13 07:11:00+00:00
[2024-03-13T07:11:01.355+0000] {processor.py:183} INFO - Processing /home/airflow/.local/lib/python3.8/site-packages/airflow/example_dags/example_branch_python_dop_operator_3.py took 0.071 seconds
[2024-03-13T07:11:31.712+0000] {processor.py:161} INFO - Started process (PID=278) to work on /home/airflow/.local/lib/python3.8/site-packages/airflow/example_dags/example_branch_python_dop_operator_3.py
[2024-03-13T07:11:31.713+0000] {processor.py:830} INFO - Processing file /home/airflow/.local/lib/python3.8/site-packages/airflow/example_dags/example_branch_python_dop_operator_3.py for tasks to queue
[2024-03-13T07:11:31.715+0000] {logging_mixin.py:188} INFO - [2024-03-13T07:11:31.715+0000] {dagbag.py:540} INFO - Filling up the DagBag from /home/airflow/.local/lib/python3.8/site-packages/airflow/example_dags/example_branch_python_dop_operator_3.py
[2024-03-13T07:11:31.723+0000] {processor.py:840} INFO - DAG(s) 'example_branch_dop_operator_v3' retrieved from /home/airflow/.local/lib/python3.8/site-packages/airflow/example_dags/example_branch_python_dop_operator_3.py
[2024-03-13T07:11:31.739+0000] {logging_mixin.py:188} INFO - [2024-03-13T07:11:31.739+0000] {dag.py:3047} INFO - Sync 1 DAGs
[2024-03-13T07:11:31.760+0000] {logging_mixin.py:188} INFO - [2024-03-13T07:11:31.759+0000] {dag.py:3834} INFO - Setting next_dagrun for example_branch_dop_operator_v3 to 2024-03-13 07:10:00+00:00, run_after=2024-03-13 07:11:00+00:00
[2024-03-13T07:11:31.778+0000] {processor.py:183} INFO - Processing /home/airflow/.local/lib/python3.8/site-packages/airflow/example_dags/example_branch_python_dop_operator_3.py took 0.068 seconds
