[2024-03-13T06:40:20.254+0000] {processor.py:161} INFO - Started process (PID=452) to work on /home/airflow/.local/lib/python3.8/site-packages/airflow/example_dags/example_setup_teardown.py
[2024-03-13T06:40:20.255+0000] {processor.py:830} INFO - Processing file /home/airflow/.local/lib/python3.8/site-packages/airflow/example_dags/example_setup_teardown.py for tasks to queue
[2024-03-13T06:40:20.256+0000] {logging_mixin.py:188} INFO - [2024-03-13T06:40:20.255+0000] {dagbag.py:540} INFO - Filling up the DagBag from /home/airflow/.local/lib/python3.8/site-packages/airflow/example_dags/example_setup_teardown.py
[2024-03-13T06:40:20.262+0000] {processor.py:840} INFO - DAG(s) 'example_setup_teardown' retrieved from /home/airflow/.local/lib/python3.8/site-packages/airflow/example_dags/example_setup_teardown.py
[2024-03-13T06:40:20.277+0000] {logging_mixin.py:188} INFO - [2024-03-13T06:40:20.277+0000] {dag.py:3047} INFO - Sync 1 DAGs
[2024-03-13T06:40:20.294+0000] {logging_mixin.py:188} INFO - [2024-03-13T06:40:20.294+0000] {dag.py:3834} INFO - Setting next_dagrun for example_setup_teardown to 2024-03-12 00:00:00+00:00, run_after=2024-03-13 00:00:00+00:00
[2024-03-13T06:40:20.308+0000] {processor.py:183} INFO - Processing /home/airflow/.local/lib/python3.8/site-packages/airflow/example_dags/example_setup_teardown.py took 0.058 seconds
[2024-03-13T06:40:50.602+0000] {processor.py:161} INFO - Started process (PID=508) to work on /home/airflow/.local/lib/python3.8/site-packages/airflow/example_dags/example_setup_teardown.py
[2024-03-13T06:40:50.603+0000] {processor.py:830} INFO - Processing file /home/airflow/.local/lib/python3.8/site-packages/airflow/example_dags/example_setup_teardown.py for tasks to queue
[2024-03-13T06:40:50.604+0000] {logging_mixin.py:188} INFO - [2024-03-13T06:40:50.603+0000] {dagbag.py:540} INFO - Filling up the DagBag from /home/airflow/.local/lib/python3.8/site-packages/airflow/example_dags/example_setup_teardown.py
[2024-03-13T06:40:50.609+0000] {processor.py:840} INFO - DAG(s) 'example_setup_teardown' retrieved from /home/airflow/.local/lib/python3.8/site-packages/airflow/example_dags/example_setup_teardown.py
[2024-03-13T06:40:50.626+0000] {logging_mixin.py:188} INFO - [2024-03-13T06:40:50.626+0000] {dag.py:3047} INFO - Sync 1 DAGs
[2024-03-13T06:40:50.644+0000] {logging_mixin.py:188} INFO - [2024-03-13T06:40:50.644+0000] {dag.py:3834} INFO - Setting next_dagrun for example_setup_teardown to 2024-03-12 00:00:00+00:00, run_after=2024-03-13 00:00:00+00:00
[2024-03-13T06:40:50.659+0000] {processor.py:183} INFO - Processing /home/airflow/.local/lib/python3.8/site-packages/airflow/example_dags/example_setup_teardown.py took 0.059 seconds
[2024-03-13T06:41:21.212+0000] {processor.py:161} INFO - Started process (PID=564) to work on /home/airflow/.local/lib/python3.8/site-packages/airflow/example_dags/example_setup_teardown.py
[2024-03-13T06:41:21.213+0000] {processor.py:830} INFO - Processing file /home/airflow/.local/lib/python3.8/site-packages/airflow/example_dags/example_setup_teardown.py for tasks to queue
[2024-03-13T06:41:21.214+0000] {logging_mixin.py:188} INFO - [2024-03-13T06:41:21.214+0000] {dagbag.py:540} INFO - Filling up the DagBag from /home/airflow/.local/lib/python3.8/site-packages/airflow/example_dags/example_setup_teardown.py
[2024-03-13T06:41:21.220+0000] {processor.py:840} INFO - DAG(s) 'example_setup_teardown' retrieved from /home/airflow/.local/lib/python3.8/site-packages/airflow/example_dags/example_setup_teardown.py
[2024-03-13T06:41:21.237+0000] {logging_mixin.py:188} INFO - [2024-03-13T06:41:21.237+0000] {dag.py:3047} INFO - Sync 1 DAGs
[2024-03-13T06:41:21.256+0000] {logging_mixin.py:188} INFO - [2024-03-13T06:41:21.256+0000] {dag.py:3834} INFO - Setting next_dagrun for example_setup_teardown to 2024-03-12 00:00:00+00:00, run_after=2024-03-13 00:00:00+00:00
[2024-03-13T06:41:21.271+0000] {processor.py:183} INFO - Processing /home/airflow/.local/lib/python3.8/site-packages/airflow/example_dags/example_setup_teardown.py took 0.062 seconds
[2024-03-13T06:41:51.844+0000] {processor.py:161} INFO - Started process (PID=620) to work on /home/airflow/.local/lib/python3.8/site-packages/airflow/example_dags/example_setup_teardown.py
[2024-03-13T06:41:51.845+0000] {processor.py:830} INFO - Processing file /home/airflow/.local/lib/python3.8/site-packages/airflow/example_dags/example_setup_teardown.py for tasks to queue
[2024-03-13T06:41:51.846+0000] {logging_mixin.py:188} INFO - [2024-03-13T06:41:51.846+0000] {dagbag.py:540} INFO - Filling up the DagBag from /home/airflow/.local/lib/python3.8/site-packages/airflow/example_dags/example_setup_teardown.py
[2024-03-13T06:41:51.853+0000] {processor.py:840} INFO - DAG(s) 'example_setup_teardown' retrieved from /home/airflow/.local/lib/python3.8/site-packages/airflow/example_dags/example_setup_teardown.py
[2024-03-13T06:41:51.870+0000] {logging_mixin.py:188} INFO - [2024-03-13T06:41:51.869+0000] {dag.py:3047} INFO - Sync 1 DAGs
[2024-03-13T06:41:51.887+0000] {logging_mixin.py:188} INFO - [2024-03-13T06:41:51.887+0000] {dag.py:3834} INFO - Setting next_dagrun for example_setup_teardown to 2024-03-12 00:00:00+00:00, run_after=2024-03-13 00:00:00+00:00
[2024-03-13T06:41:51.902+0000] {processor.py:183} INFO - Processing /home/airflow/.local/lib/python3.8/site-packages/airflow/example_dags/example_setup_teardown.py took 0.061 seconds
[2024-03-13T06:42:22.099+0000] {processor.py:161} INFO - Started process (PID=676) to work on /home/airflow/.local/lib/python3.8/site-packages/airflow/example_dags/example_setup_teardown.py
[2024-03-13T06:42:22.100+0000] {processor.py:830} INFO - Processing file /home/airflow/.local/lib/python3.8/site-packages/airflow/example_dags/example_setup_teardown.py for tasks to queue
[2024-03-13T06:42:22.101+0000] {logging_mixin.py:188} INFO - [2024-03-13T06:42:22.101+0000] {dagbag.py:540} INFO - Filling up the DagBag from /home/airflow/.local/lib/python3.8/site-packages/airflow/example_dags/example_setup_teardown.py
[2024-03-13T06:42:22.107+0000] {processor.py:840} INFO - DAG(s) 'example_setup_teardown' retrieved from /home/airflow/.local/lib/python3.8/site-packages/airflow/example_dags/example_setup_teardown.py
[2024-03-13T06:42:22.122+0000] {logging_mixin.py:188} INFO - [2024-03-13T06:42:22.122+0000] {dag.py:3047} INFO - Sync 1 DAGs
[2024-03-13T06:42:22.140+0000] {logging_mixin.py:188} INFO - [2024-03-13T06:42:22.139+0000] {dag.py:3834} INFO - Setting next_dagrun for example_setup_teardown to 2024-03-12 00:00:00+00:00, run_after=2024-03-13 00:00:00+00:00
[2024-03-13T06:42:22.155+0000] {processor.py:183} INFO - Processing /home/airflow/.local/lib/python3.8/site-packages/airflow/example_dags/example_setup_teardown.py took 0.058 seconds
[2024-03-13T06:42:52.354+0000] {processor.py:161} INFO - Started process (PID=732) to work on /home/airflow/.local/lib/python3.8/site-packages/airflow/example_dags/example_setup_teardown.py
[2024-03-13T06:42:52.355+0000] {processor.py:830} INFO - Processing file /home/airflow/.local/lib/python3.8/site-packages/airflow/example_dags/example_setup_teardown.py for tasks to queue
[2024-03-13T06:42:52.356+0000] {logging_mixin.py:188} INFO - [2024-03-13T06:42:52.356+0000] {dagbag.py:540} INFO - Filling up the DagBag from /home/airflow/.local/lib/python3.8/site-packages/airflow/example_dags/example_setup_teardown.py
[2024-03-13T06:42:52.362+0000] {processor.py:840} INFO - DAG(s) 'example_setup_teardown' retrieved from /home/airflow/.local/lib/python3.8/site-packages/airflow/example_dags/example_setup_teardown.py
[2024-03-13T06:42:52.378+0000] {logging_mixin.py:188} INFO - [2024-03-13T06:42:52.377+0000] {dag.py:3047} INFO - Sync 1 DAGs
[2024-03-13T06:42:52.394+0000] {logging_mixin.py:188} INFO - [2024-03-13T06:42:52.394+0000] {dag.py:3834} INFO - Setting next_dagrun for example_setup_teardown to 2024-03-12 00:00:00+00:00, run_after=2024-03-13 00:00:00+00:00
[2024-03-13T06:42:52.410+0000] {processor.py:183} INFO - Processing /home/airflow/.local/lib/python3.8/site-packages/airflow/example_dags/example_setup_teardown.py took 0.057 seconds
[2024-03-13T06:43:22.756+0000] {processor.py:161} INFO - Started process (PID=788) to work on /home/airflow/.local/lib/python3.8/site-packages/airflow/example_dags/example_setup_teardown.py
[2024-03-13T06:43:22.757+0000] {processor.py:830} INFO - Processing file /home/airflow/.local/lib/python3.8/site-packages/airflow/example_dags/example_setup_teardown.py for tasks to queue
[2024-03-13T06:43:22.758+0000] {logging_mixin.py:188} INFO - [2024-03-13T06:43:22.758+0000] {dagbag.py:540} INFO - Filling up the DagBag from /home/airflow/.local/lib/python3.8/site-packages/airflow/example_dags/example_setup_teardown.py
[2024-03-13T06:43:22.764+0000] {processor.py:840} INFO - DAG(s) 'example_setup_teardown' retrieved from /home/airflow/.local/lib/python3.8/site-packages/airflow/example_dags/example_setup_teardown.py
[2024-03-13T06:43:22.781+0000] {logging_mixin.py:188} INFO - [2024-03-13T06:43:22.781+0000] {dag.py:3047} INFO - Sync 1 DAGs
[2024-03-13T06:43:22.797+0000] {logging_mixin.py:188} INFO - [2024-03-13T06:43:22.797+0000] {dag.py:3834} INFO - Setting next_dagrun for example_setup_teardown to 2024-03-12 00:00:00+00:00, run_after=2024-03-13 00:00:00+00:00
[2024-03-13T06:43:22.814+0000] {processor.py:183} INFO - Processing /home/airflow/.local/lib/python3.8/site-packages/airflow/example_dags/example_setup_teardown.py took 0.061 seconds
[2024-03-13T06:43:53.393+0000] {processor.py:161} INFO - Started process (PID=844) to work on /home/airflow/.local/lib/python3.8/site-packages/airflow/example_dags/example_setup_teardown.py
[2024-03-13T06:43:53.394+0000] {processor.py:830} INFO - Processing file /home/airflow/.local/lib/python3.8/site-packages/airflow/example_dags/example_setup_teardown.py for tasks to queue
[2024-03-13T06:43:53.395+0000] {logging_mixin.py:188} INFO - [2024-03-13T06:43:53.395+0000] {dagbag.py:540} INFO - Filling up the DagBag from /home/airflow/.local/lib/python3.8/site-packages/airflow/example_dags/example_setup_teardown.py
[2024-03-13T06:43:53.401+0000] {processor.py:840} INFO - DAG(s) 'example_setup_teardown' retrieved from /home/airflow/.local/lib/python3.8/site-packages/airflow/example_dags/example_setup_teardown.py
[2024-03-13T06:43:53.418+0000] {logging_mixin.py:188} INFO - [2024-03-13T06:43:53.418+0000] {dag.py:3047} INFO - Sync 1 DAGs
[2024-03-13T06:43:53.435+0000] {logging_mixin.py:188} INFO - [2024-03-13T06:43:53.435+0000] {dag.py:3834} INFO - Setting next_dagrun for example_setup_teardown to 2024-03-12 00:00:00+00:00, run_after=2024-03-13 00:00:00+00:00
[2024-03-13T06:43:53.452+0000] {processor.py:183} INFO - Processing /home/airflow/.local/lib/python3.8/site-packages/airflow/example_dags/example_setup_teardown.py took 0.062 seconds
[2024-03-13T06:44:23.534+0000] {processor.py:161} INFO - Started process (PID=900) to work on /home/airflow/.local/lib/python3.8/site-packages/airflow/example_dags/example_setup_teardown.py
[2024-03-13T06:44:23.535+0000] {processor.py:830} INFO - Processing file /home/airflow/.local/lib/python3.8/site-packages/airflow/example_dags/example_setup_teardown.py for tasks to queue
[2024-03-13T06:44:23.536+0000] {logging_mixin.py:188} INFO - [2024-03-13T06:44:23.535+0000] {dagbag.py:540} INFO - Filling up the DagBag from /home/airflow/.local/lib/python3.8/site-packages/airflow/example_dags/example_setup_teardown.py
[2024-03-13T06:44:23.541+0000] {processor.py:840} INFO - DAG(s) 'example_setup_teardown' retrieved from /home/airflow/.local/lib/python3.8/site-packages/airflow/example_dags/example_setup_teardown.py
[2024-03-13T06:44:23.557+0000] {logging_mixin.py:188} INFO - [2024-03-13T06:44:23.557+0000] {dag.py:3047} INFO - Sync 1 DAGs
[2024-03-13T06:44:23.574+0000] {logging_mixin.py:188} INFO - [2024-03-13T06:44:23.574+0000] {dag.py:3834} INFO - Setting next_dagrun for example_setup_teardown to 2024-03-12 00:00:00+00:00, run_after=2024-03-13 00:00:00+00:00
[2024-03-13T06:44:23.592+0000] {processor.py:183} INFO - Processing /home/airflow/.local/lib/python3.8/site-packages/airflow/example_dags/example_setup_teardown.py took 0.060 seconds
[2024-03-13T06:44:54.107+0000] {processor.py:161} INFO - Started process (PID=956) to work on /home/airflow/.local/lib/python3.8/site-packages/airflow/example_dags/example_setup_teardown.py
[2024-03-13T06:44:54.109+0000] {processor.py:830} INFO - Processing file /home/airflow/.local/lib/python3.8/site-packages/airflow/example_dags/example_setup_teardown.py for tasks to queue
[2024-03-13T06:44:54.112+0000] {logging_mixin.py:188} INFO - [2024-03-13T06:44:54.111+0000] {dagbag.py:540} INFO - Filling up the DagBag from /home/airflow/.local/lib/python3.8/site-packages/airflow/example_dags/example_setup_teardown.py
[2024-03-13T06:44:54.120+0000] {processor.py:840} INFO - DAG(s) 'example_setup_teardown' retrieved from /home/airflow/.local/lib/python3.8/site-packages/airflow/example_dags/example_setup_teardown.py
[2024-03-13T06:44:54.152+0000] {logging_mixin.py:188} INFO - [2024-03-13T06:44:54.151+0000] {dag.py:3047} INFO - Sync 1 DAGs
[2024-03-13T06:44:54.191+0000] {logging_mixin.py:188} INFO - [2024-03-13T06:44:54.191+0000] {dag.py:3834} INFO - Setting next_dagrun for example_setup_teardown to 2024-03-12 00:00:00+00:00, run_after=2024-03-13 00:00:00+00:00
[2024-03-13T06:44:54.225+0000] {processor.py:183} INFO - Processing /home/airflow/.local/lib/python3.8/site-packages/airflow/example_dags/example_setup_teardown.py took 0.122 seconds
[2024-03-13T06:45:24.295+0000] {processor.py:161} INFO - Started process (PID=1013) to work on /home/airflow/.local/lib/python3.8/site-packages/airflow/example_dags/example_setup_teardown.py
[2024-03-13T06:45:24.296+0000] {processor.py:830} INFO - Processing file /home/airflow/.local/lib/python3.8/site-packages/airflow/example_dags/example_setup_teardown.py for tasks to queue
[2024-03-13T06:45:24.297+0000] {logging_mixin.py:188} INFO - [2024-03-13T06:45:24.297+0000] {dagbag.py:540} INFO - Filling up the DagBag from /home/airflow/.local/lib/python3.8/site-packages/airflow/example_dags/example_setup_teardown.py
[2024-03-13T06:45:24.302+0000] {processor.py:840} INFO - DAG(s) 'example_setup_teardown' retrieved from /home/airflow/.local/lib/python3.8/site-packages/airflow/example_dags/example_setup_teardown.py
[2024-03-13T06:45:24.320+0000] {logging_mixin.py:188} INFO - [2024-03-13T06:45:24.319+0000] {dag.py:3047} INFO - Sync 1 DAGs
[2024-03-13T06:45:24.338+0000] {logging_mixin.py:188} INFO - [2024-03-13T06:45:24.338+0000] {dag.py:3834} INFO - Setting next_dagrun for example_setup_teardown to 2024-03-12 00:00:00+00:00, run_after=2024-03-13 00:00:00+00:00
[2024-03-13T06:45:24.358+0000] {processor.py:183} INFO - Processing /home/airflow/.local/lib/python3.8/site-packages/airflow/example_dags/example_setup_teardown.py took 0.065 seconds
[2024-03-13T06:45:54.557+0000] {processor.py:161} INFO - Started process (PID=1069) to work on /home/airflow/.local/lib/python3.8/site-packages/airflow/example_dags/example_setup_teardown.py
[2024-03-13T06:45:54.558+0000] {processor.py:830} INFO - Processing file /home/airflow/.local/lib/python3.8/site-packages/airflow/example_dags/example_setup_teardown.py for tasks to queue
[2024-03-13T06:45:54.559+0000] {logging_mixin.py:188} INFO - [2024-03-13T06:45:54.559+0000] {dagbag.py:540} INFO - Filling up the DagBag from /home/airflow/.local/lib/python3.8/site-packages/airflow/example_dags/example_setup_teardown.py
[2024-03-13T06:45:54.565+0000] {processor.py:840} INFO - DAG(s) 'example_setup_teardown' retrieved from /home/airflow/.local/lib/python3.8/site-packages/airflow/example_dags/example_setup_teardown.py
[2024-03-13T06:45:54.581+0000] {logging_mixin.py:188} INFO - [2024-03-13T06:45:54.581+0000] {dag.py:3047} INFO - Sync 1 DAGs
[2024-03-13T06:45:54.600+0000] {logging_mixin.py:188} INFO - [2024-03-13T06:45:54.600+0000] {dag.py:3834} INFO - Setting next_dagrun for example_setup_teardown to 2024-03-12 00:00:00+00:00, run_after=2024-03-13 00:00:00+00:00
[2024-03-13T06:45:54.615+0000] {processor.py:183} INFO - Processing /home/airflow/.local/lib/python3.8/site-packages/airflow/example_dags/example_setup_teardown.py took 0.061 seconds
[2024-03-13T06:46:25.222+0000] {processor.py:161} INFO - Started process (PID=1125) to work on /home/airflow/.local/lib/python3.8/site-packages/airflow/example_dags/example_setup_teardown.py
[2024-03-13T06:46:25.223+0000] {processor.py:830} INFO - Processing file /home/airflow/.local/lib/python3.8/site-packages/airflow/example_dags/example_setup_teardown.py for tasks to queue
[2024-03-13T06:46:25.224+0000] {logging_mixin.py:188} INFO - [2024-03-13T06:46:25.224+0000] {dagbag.py:540} INFO - Filling up the DagBag from /home/airflow/.local/lib/python3.8/site-packages/airflow/example_dags/example_setup_teardown.py
[2024-03-13T06:46:25.231+0000] {processor.py:840} INFO - DAG(s) 'example_setup_teardown' retrieved from /home/airflow/.local/lib/python3.8/site-packages/airflow/example_dags/example_setup_teardown.py
[2024-03-13T06:46:25.248+0000] {logging_mixin.py:188} INFO - [2024-03-13T06:46:25.247+0000] {dag.py:3047} INFO - Sync 1 DAGs
[2024-03-13T06:46:25.265+0000] {logging_mixin.py:188} INFO - [2024-03-13T06:46:25.265+0000] {dag.py:3834} INFO - Setting next_dagrun for example_setup_teardown to 2024-03-12 00:00:00+00:00, run_after=2024-03-13 00:00:00+00:00
[2024-03-13T06:46:25.284+0000] {processor.py:183} INFO - Processing /home/airflow/.local/lib/python3.8/site-packages/airflow/example_dags/example_setup_teardown.py took 0.064 seconds
[2024-03-13T06:46:55.546+0000] {processor.py:161} INFO - Started process (PID=1188) to work on /home/airflow/.local/lib/python3.8/site-packages/airflow/example_dags/example_setup_teardown.py
[2024-03-13T06:46:55.548+0000] {processor.py:830} INFO - Processing file /home/airflow/.local/lib/python3.8/site-packages/airflow/example_dags/example_setup_teardown.py for tasks to queue
[2024-03-13T06:46:55.548+0000] {logging_mixin.py:188} INFO - [2024-03-13T06:46:55.548+0000] {dagbag.py:540} INFO - Filling up the DagBag from /home/airflow/.local/lib/python3.8/site-packages/airflow/example_dags/example_setup_teardown.py
[2024-03-13T06:46:55.554+0000] {processor.py:840} INFO - DAG(s) 'example_setup_teardown' retrieved from /home/airflow/.local/lib/python3.8/site-packages/airflow/example_dags/example_setup_teardown.py
[2024-03-13T06:46:55.571+0000] {logging_mixin.py:188} INFO - [2024-03-13T06:46:55.571+0000] {dag.py:3047} INFO - Sync 1 DAGs
[2024-03-13T06:46:55.589+0000] {logging_mixin.py:188} INFO - [2024-03-13T06:46:55.589+0000] {dag.py:3834} INFO - Setting next_dagrun for example_setup_teardown to 2024-03-12 00:00:00+00:00, run_after=2024-03-13 00:00:00+00:00
[2024-03-13T06:46:55.606+0000] {processor.py:183} INFO - Processing /home/airflow/.local/lib/python3.8/site-packages/airflow/example_dags/example_setup_teardown.py took 0.062 seconds
[2024-03-13T06:47:26.191+0000] {processor.py:161} INFO - Started process (PID=1244) to work on /home/airflow/.local/lib/python3.8/site-packages/airflow/example_dags/example_setup_teardown.py
[2024-03-13T06:47:26.193+0000] {processor.py:830} INFO - Processing file /home/airflow/.local/lib/python3.8/site-packages/airflow/example_dags/example_setup_teardown.py for tasks to queue
[2024-03-13T06:47:26.195+0000] {logging_mixin.py:188} INFO - [2024-03-13T06:47:26.194+0000] {dagbag.py:540} INFO - Filling up the DagBag from /home/airflow/.local/lib/python3.8/site-packages/airflow/example_dags/example_setup_teardown.py
[2024-03-13T06:47:26.206+0000] {processor.py:840} INFO - DAG(s) 'example_setup_teardown' retrieved from /home/airflow/.local/lib/python3.8/site-packages/airflow/example_dags/example_setup_teardown.py
[2024-03-13T06:47:26.234+0000] {logging_mixin.py:188} INFO - [2024-03-13T06:47:26.234+0000] {dag.py:3047} INFO - Sync 1 DAGs
[2024-03-13T06:47:26.261+0000] {logging_mixin.py:188} INFO - [2024-03-13T06:47:26.261+0000] {dag.py:3834} INFO - Setting next_dagrun for example_setup_teardown to 2024-03-12 00:00:00+00:00, run_after=2024-03-13 00:00:00+00:00
[2024-03-13T06:47:26.283+0000] {processor.py:183} INFO - Processing /home/airflow/.local/lib/python3.8/site-packages/airflow/example_dags/example_setup_teardown.py took 0.099 seconds
[2024-03-13T06:47:57.059+0000] {processor.py:161} INFO - Started process (PID=1300) to work on /home/airflow/.local/lib/python3.8/site-packages/airflow/example_dags/example_setup_teardown.py
[2024-03-13T06:47:57.060+0000] {processor.py:830} INFO - Processing file /home/airflow/.local/lib/python3.8/site-packages/airflow/example_dags/example_setup_teardown.py for tasks to queue
[2024-03-13T06:47:57.061+0000] {logging_mixin.py:188} INFO - [2024-03-13T06:47:57.061+0000] {dagbag.py:540} INFO - Filling up the DagBag from /home/airflow/.local/lib/python3.8/site-packages/airflow/example_dags/example_setup_teardown.py
[2024-03-13T06:47:57.067+0000] {processor.py:840} INFO - DAG(s) 'example_setup_teardown' retrieved from /home/airflow/.local/lib/python3.8/site-packages/airflow/example_dags/example_setup_teardown.py
[2024-03-13T06:47:57.084+0000] {logging_mixin.py:188} INFO - [2024-03-13T06:47:57.084+0000] {dag.py:3047} INFO - Sync 1 DAGs
[2024-03-13T06:47:57.101+0000] {logging_mixin.py:188} INFO - [2024-03-13T06:47:57.101+0000] {dag.py:3834} INFO - Setting next_dagrun for example_setup_teardown to 2024-03-12 00:00:00+00:00, run_after=2024-03-13 00:00:00+00:00
[2024-03-13T06:47:57.116+0000] {processor.py:183} INFO - Processing /home/airflow/.local/lib/python3.8/site-packages/airflow/example_dags/example_setup_teardown.py took 0.060 seconds
[2024-03-13T06:48:27.438+0000] {processor.py:161} INFO - Started process (PID=1356) to work on /home/airflow/.local/lib/python3.8/site-packages/airflow/example_dags/example_setup_teardown.py
[2024-03-13T06:48:27.439+0000] {processor.py:830} INFO - Processing file /home/airflow/.local/lib/python3.8/site-packages/airflow/example_dags/example_setup_teardown.py for tasks to queue
[2024-03-13T06:48:27.440+0000] {logging_mixin.py:188} INFO - [2024-03-13T06:48:27.440+0000] {dagbag.py:540} INFO - Filling up the DagBag from /home/airflow/.local/lib/python3.8/site-packages/airflow/example_dags/example_setup_teardown.py
[2024-03-13T06:48:27.446+0000] {processor.py:840} INFO - DAG(s) 'example_setup_teardown' retrieved from /home/airflow/.local/lib/python3.8/site-packages/airflow/example_dags/example_setup_teardown.py
[2024-03-13T06:48:27.462+0000] {logging_mixin.py:188} INFO - [2024-03-13T06:48:27.462+0000] {dag.py:3047} INFO - Sync 1 DAGs
[2024-03-13T06:48:27.480+0000] {logging_mixin.py:188} INFO - [2024-03-13T06:48:27.480+0000] {dag.py:3834} INFO - Setting next_dagrun for example_setup_teardown to 2024-03-12 00:00:00+00:00, run_after=2024-03-13 00:00:00+00:00
[2024-03-13T06:48:27.496+0000] {processor.py:183} INFO - Processing /home/airflow/.local/lib/python3.8/site-packages/airflow/example_dags/example_setup_teardown.py took 0.060 seconds
[2024-03-13T06:48:57.695+0000] {processor.py:161} INFO - Started process (PID=1414) to work on /home/airflow/.local/lib/python3.8/site-packages/airflow/example_dags/example_setup_teardown.py
[2024-03-13T06:48:57.696+0000] {processor.py:830} INFO - Processing file /home/airflow/.local/lib/python3.8/site-packages/airflow/example_dags/example_setup_teardown.py for tasks to queue
[2024-03-13T06:48:57.697+0000] {logging_mixin.py:188} INFO - [2024-03-13T06:48:57.697+0000] {dagbag.py:540} INFO - Filling up the DagBag from /home/airflow/.local/lib/python3.8/site-packages/airflow/example_dags/example_setup_teardown.py
[2024-03-13T06:48:57.703+0000] {processor.py:840} INFO - DAG(s) 'example_setup_teardown' retrieved from /home/airflow/.local/lib/python3.8/site-packages/airflow/example_dags/example_setup_teardown.py
[2024-03-13T06:48:57.719+0000] {logging_mixin.py:188} INFO - [2024-03-13T06:48:57.719+0000] {dag.py:3047} INFO - Sync 1 DAGs
[2024-03-13T06:48:57.735+0000] {logging_mixin.py:188} INFO - [2024-03-13T06:48:57.734+0000] {dag.py:3834} INFO - Setting next_dagrun for example_setup_teardown to 2024-03-12 00:00:00+00:00, run_after=2024-03-13 00:00:00+00:00
[2024-03-13T06:48:57.751+0000] {processor.py:183} INFO - Processing /home/airflow/.local/lib/python3.8/site-packages/airflow/example_dags/example_setup_teardown.py took 0.058 seconds
[2024-03-13T06:49:27.996+0000] {processor.py:161} INFO - Started process (PID=1470) to work on /home/airflow/.local/lib/python3.8/site-packages/airflow/example_dags/example_setup_teardown.py
[2024-03-13T06:49:27.996+0000] {processor.py:830} INFO - Processing file /home/airflow/.local/lib/python3.8/site-packages/airflow/example_dags/example_setup_teardown.py for tasks to queue
[2024-03-13T06:49:27.997+0000] {logging_mixin.py:188} INFO - [2024-03-13T06:49:27.997+0000] {dagbag.py:540} INFO - Filling up the DagBag from /home/airflow/.local/lib/python3.8/site-packages/airflow/example_dags/example_setup_teardown.py
[2024-03-13T06:49:28.003+0000] {processor.py:840} INFO - DAG(s) 'example_setup_teardown' retrieved from /home/airflow/.local/lib/python3.8/site-packages/airflow/example_dags/example_setup_teardown.py
[2024-03-13T06:49:28.018+0000] {logging_mixin.py:188} INFO - [2024-03-13T06:49:28.018+0000] {dag.py:3047} INFO - Sync 1 DAGs
[2024-03-13T06:49:28.035+0000] {logging_mixin.py:188} INFO - [2024-03-13T06:49:28.035+0000] {dag.py:3834} INFO - Setting next_dagrun for example_setup_teardown to 2024-03-12 00:00:00+00:00, run_after=2024-03-13 00:00:00+00:00
[2024-03-13T06:49:28.050+0000] {processor.py:183} INFO - Processing /home/airflow/.local/lib/python3.8/site-packages/airflow/example_dags/example_setup_teardown.py took 0.056 seconds
[2024-03-13T06:49:58.220+0000] {processor.py:161} INFO - Started process (PID=1528) to work on /home/airflow/.local/lib/python3.8/site-packages/airflow/example_dags/example_setup_teardown.py
[2024-03-13T06:49:58.221+0000] {processor.py:830} INFO - Processing file /home/airflow/.local/lib/python3.8/site-packages/airflow/example_dags/example_setup_teardown.py for tasks to queue
[2024-03-13T06:49:58.222+0000] {logging_mixin.py:188} INFO - [2024-03-13T06:49:58.221+0000] {dagbag.py:540} INFO - Filling up the DagBag from /home/airflow/.local/lib/python3.8/site-packages/airflow/example_dags/example_setup_teardown.py
[2024-03-13T06:49:58.228+0000] {processor.py:840} INFO - DAG(s) 'example_setup_teardown' retrieved from /home/airflow/.local/lib/python3.8/site-packages/airflow/example_dags/example_setup_teardown.py
[2024-03-13T06:49:58.243+0000] {logging_mixin.py:188} INFO - [2024-03-13T06:49:58.242+0000] {dag.py:3047} INFO - Sync 1 DAGs
[2024-03-13T06:49:58.259+0000] {logging_mixin.py:188} INFO - [2024-03-13T06:49:58.259+0000] {dag.py:3834} INFO - Setting next_dagrun for example_setup_teardown to 2024-03-12 00:00:00+00:00, run_after=2024-03-13 00:00:00+00:00
[2024-03-13T06:49:58.273+0000] {processor.py:183} INFO - Processing /home/airflow/.local/lib/python3.8/site-packages/airflow/example_dags/example_setup_teardown.py took 0.055 seconds
[2024-03-13T06:50:28.309+0000] {processor.py:161} INFO - Started process (PID=1584) to work on /home/airflow/.local/lib/python3.8/site-packages/airflow/example_dags/example_setup_teardown.py
[2024-03-13T06:50:28.312+0000] {processor.py:830} INFO - Processing file /home/airflow/.local/lib/python3.8/site-packages/airflow/example_dags/example_setup_teardown.py for tasks to queue
[2024-03-13T06:50:28.313+0000] {logging_mixin.py:188} INFO - [2024-03-13T06:50:28.313+0000] {dagbag.py:540} INFO - Filling up the DagBag from /home/airflow/.local/lib/python3.8/site-packages/airflow/example_dags/example_setup_teardown.py
[2024-03-13T06:50:28.319+0000] {processor.py:840} INFO - DAG(s) 'example_setup_teardown' retrieved from /home/airflow/.local/lib/python3.8/site-packages/airflow/example_dags/example_setup_teardown.py
[2024-03-13T06:50:28.334+0000] {logging_mixin.py:188} INFO - [2024-03-13T06:50:28.334+0000] {dag.py:3047} INFO - Sync 1 DAGs
[2024-03-13T06:50:28.350+0000] {logging_mixin.py:188} INFO - [2024-03-13T06:50:28.350+0000] {dag.py:3834} INFO - Setting next_dagrun for example_setup_teardown to 2024-03-12 00:00:00+00:00, run_after=2024-03-13 00:00:00+00:00
[2024-03-13T06:50:28.366+0000] {processor.py:183} INFO - Processing /home/airflow/.local/lib/python3.8/site-packages/airflow/example_dags/example_setup_teardown.py took 0.059 seconds
[2024-03-13T06:50:58.542+0000] {processor.py:161} INFO - Started process (PID=1644) to work on /home/airflow/.local/lib/python3.8/site-packages/airflow/example_dags/example_setup_teardown.py
[2024-03-13T06:50:58.542+0000] {processor.py:830} INFO - Processing file /home/airflow/.local/lib/python3.8/site-packages/airflow/example_dags/example_setup_teardown.py for tasks to queue
[2024-03-13T06:50:58.544+0000] {logging_mixin.py:188} INFO - [2024-03-13T06:50:58.543+0000] {dagbag.py:540} INFO - Filling up the DagBag from /home/airflow/.local/lib/python3.8/site-packages/airflow/example_dags/example_setup_teardown.py
[2024-03-13T06:50:58.549+0000] {processor.py:840} INFO - DAG(s) 'example_setup_teardown' retrieved from /home/airflow/.local/lib/python3.8/site-packages/airflow/example_dags/example_setup_teardown.py
[2024-03-13T06:50:58.565+0000] {logging_mixin.py:188} INFO - [2024-03-13T06:50:58.565+0000] {dag.py:3047} INFO - Sync 1 DAGs
[2024-03-13T06:50:58.581+0000] {logging_mixin.py:188} INFO - [2024-03-13T06:50:58.580+0000] {dag.py:3834} INFO - Setting next_dagrun for example_setup_teardown to 2024-03-12 00:00:00+00:00, run_after=2024-03-13 00:00:00+00:00
[2024-03-13T06:50:58.597+0000] {processor.py:183} INFO - Processing /home/airflow/.local/lib/python3.8/site-packages/airflow/example_dags/example_setup_teardown.py took 0.058 seconds
[2024-03-13T06:51:28.924+0000] {processor.py:161} INFO - Started process (PID=1703) to work on /home/airflow/.local/lib/python3.8/site-packages/airflow/example_dags/example_setup_teardown.py
[2024-03-13T06:51:28.925+0000] {processor.py:830} INFO - Processing file /home/airflow/.local/lib/python3.8/site-packages/airflow/example_dags/example_setup_teardown.py for tasks to queue
[2024-03-13T06:51:28.926+0000] {logging_mixin.py:188} INFO - [2024-03-13T06:51:28.926+0000] {dagbag.py:540} INFO - Filling up the DagBag from /home/airflow/.local/lib/python3.8/site-packages/airflow/example_dags/example_setup_teardown.py
[2024-03-13T06:51:28.932+0000] {processor.py:840} INFO - DAG(s) 'example_setup_teardown' retrieved from /home/airflow/.local/lib/python3.8/site-packages/airflow/example_dags/example_setup_teardown.py
[2024-03-13T06:51:28.948+0000] {logging_mixin.py:188} INFO - [2024-03-13T06:51:28.948+0000] {dag.py:3047} INFO - Sync 1 DAGs
[2024-03-13T06:51:28.965+0000] {logging_mixin.py:188} INFO - [2024-03-13T06:51:28.965+0000] {dag.py:3834} INFO - Setting next_dagrun for example_setup_teardown to 2024-03-12 00:00:00+00:00, run_after=2024-03-13 00:00:00+00:00
[2024-03-13T06:51:28.982+0000] {processor.py:183} INFO - Processing /home/airflow/.local/lib/python3.8/site-packages/airflow/example_dags/example_setup_teardown.py took 0.061 seconds
[2024-03-13T06:52:19.216+0000] {processor.py:161} INFO - Started process (PID=60) to work on /home/airflow/.local/lib/python3.8/site-packages/airflow/example_dags/example_setup_teardown.py
[2024-03-13T06:52:19.217+0000] {processor.py:830} INFO - Processing file /home/airflow/.local/lib/python3.8/site-packages/airflow/example_dags/example_setup_teardown.py for tasks to queue
[2024-03-13T06:52:19.219+0000] {logging_mixin.py:188} INFO - [2024-03-13T06:52:19.218+0000] {dagbag.py:540} INFO - Filling up the DagBag from /home/airflow/.local/lib/python3.8/site-packages/airflow/example_dags/example_setup_teardown.py
[2024-03-13T06:52:19.225+0000] {processor.py:840} INFO - DAG(s) 'example_setup_teardown' retrieved from /home/airflow/.local/lib/python3.8/site-packages/airflow/example_dags/example_setup_teardown.py
[2024-03-13T06:52:19.236+0000] {logging_mixin.py:188} INFO - [2024-03-13T06:52:19.236+0000] {dag.py:3047} INFO - Sync 1 DAGs
[2024-03-13T06:52:19.255+0000] {logging_mixin.py:188} INFO - [2024-03-13T06:52:19.255+0000] {dag.py:3834} INFO - Setting next_dagrun for example_setup_teardown to 2024-03-12 00:00:00+00:00, run_after=2024-03-13 00:00:00+00:00
[2024-03-13T06:52:19.273+0000] {processor.py:183} INFO - Processing /home/airflow/.local/lib/python3.8/site-packages/airflow/example_dags/example_setup_teardown.py took 0.059 seconds
[2024-03-13T06:52:50.274+0000] {processor.py:161} INFO - Started process (PID=116) to work on /home/airflow/.local/lib/python3.8/site-packages/airflow/example_dags/example_setup_teardown.py
[2024-03-13T06:52:50.275+0000] {processor.py:830} INFO - Processing file /home/airflow/.local/lib/python3.8/site-packages/airflow/example_dags/example_setup_teardown.py for tasks to queue
[2024-03-13T06:52:50.276+0000] {logging_mixin.py:188} INFO - [2024-03-13T06:52:50.276+0000] {dagbag.py:540} INFO - Filling up the DagBag from /home/airflow/.local/lib/python3.8/site-packages/airflow/example_dags/example_setup_teardown.py
[2024-03-13T06:52:50.282+0000] {processor.py:840} INFO - DAG(s) 'example_setup_teardown' retrieved from /home/airflow/.local/lib/python3.8/site-packages/airflow/example_dags/example_setup_teardown.py
[2024-03-13T06:52:50.356+0000] {logging_mixin.py:188} INFO - [2024-03-13T06:52:50.356+0000] {dag.py:3047} INFO - Sync 1 DAGs
[2024-03-13T06:52:50.370+0000] {logging_mixin.py:188} INFO - [2024-03-13T06:52:50.370+0000] {dag.py:3834} INFO - Setting next_dagrun for example_setup_teardown to 2024-03-12 00:00:00+00:00, run_after=2024-03-13 00:00:00+00:00
[2024-03-13T06:52:50.386+0000] {processor.py:183} INFO - Processing /home/airflow/.local/lib/python3.8/site-packages/airflow/example_dags/example_setup_teardown.py took 0.115 seconds
[2024-03-13T06:53:20.500+0000] {processor.py:161} INFO - Started process (PID=172) to work on /home/airflow/.local/lib/python3.8/site-packages/airflow/example_dags/example_setup_teardown.py
[2024-03-13T06:53:20.501+0000] {processor.py:830} INFO - Processing file /home/airflow/.local/lib/python3.8/site-packages/airflow/example_dags/example_setup_teardown.py for tasks to queue
[2024-03-13T06:53:20.502+0000] {logging_mixin.py:188} INFO - [2024-03-13T06:53:20.502+0000] {dagbag.py:540} INFO - Filling up the DagBag from /home/airflow/.local/lib/python3.8/site-packages/airflow/example_dags/example_setup_teardown.py
[2024-03-13T06:53:20.508+0000] {processor.py:840} INFO - DAG(s) 'example_setup_teardown' retrieved from /home/airflow/.local/lib/python3.8/site-packages/airflow/example_dags/example_setup_teardown.py
[2024-03-13T06:53:20.526+0000] {logging_mixin.py:188} INFO - [2024-03-13T06:53:20.526+0000] {dag.py:3047} INFO - Sync 1 DAGs
[2024-03-13T06:53:20.544+0000] {logging_mixin.py:188} INFO - [2024-03-13T06:53:20.543+0000] {dag.py:3834} INFO - Setting next_dagrun for example_setup_teardown to 2024-03-12 00:00:00+00:00, run_after=2024-03-13 00:00:00+00:00
[2024-03-13T06:53:20.565+0000] {processor.py:183} INFO - Processing /home/airflow/.local/lib/python3.8/site-packages/airflow/example_dags/example_setup_teardown.py took 0.068 seconds
[2024-03-13T06:53:50.801+0000] {processor.py:161} INFO - Started process (PID=228) to work on /home/airflow/.local/lib/python3.8/site-packages/airflow/example_dags/example_setup_teardown.py
[2024-03-13T06:53:50.802+0000] {processor.py:830} INFO - Processing file /home/airflow/.local/lib/python3.8/site-packages/airflow/example_dags/example_setup_teardown.py for tasks to queue
[2024-03-13T06:53:50.804+0000] {logging_mixin.py:188} INFO - [2024-03-13T06:53:50.804+0000] {dagbag.py:540} INFO - Filling up the DagBag from /home/airflow/.local/lib/python3.8/site-packages/airflow/example_dags/example_setup_teardown.py
[2024-03-13T06:53:50.810+0000] {processor.py:840} INFO - DAG(s) 'example_setup_teardown' retrieved from /home/airflow/.local/lib/python3.8/site-packages/airflow/example_dags/example_setup_teardown.py
[2024-03-13T06:53:50.826+0000] {logging_mixin.py:188} INFO - [2024-03-13T06:53:50.825+0000] {dag.py:3047} INFO - Sync 1 DAGs
[2024-03-13T06:53:50.843+0000] {logging_mixin.py:188} INFO - [2024-03-13T06:53:50.843+0000] {dag.py:3834} INFO - Setting next_dagrun for example_setup_teardown to 2024-03-12 00:00:00+00:00, run_after=2024-03-13 00:00:00+00:00
[2024-03-13T06:53:50.861+0000] {processor.py:183} INFO - Processing /home/airflow/.local/lib/python3.8/site-packages/airflow/example_dags/example_setup_teardown.py took 0.062 seconds
[2024-03-13T06:54:21.235+0000] {processor.py:161} INFO - Started process (PID=283) to work on /home/airflow/.local/lib/python3.8/site-packages/airflow/example_dags/example_setup_teardown.py
[2024-03-13T06:54:21.237+0000] {processor.py:830} INFO - Processing file /home/airflow/.local/lib/python3.8/site-packages/airflow/example_dags/example_setup_teardown.py for tasks to queue
[2024-03-13T06:54:21.238+0000] {logging_mixin.py:188} INFO - [2024-03-13T06:54:21.238+0000] {dagbag.py:540} INFO - Filling up the DagBag from /home/airflow/.local/lib/python3.8/site-packages/airflow/example_dags/example_setup_teardown.py
[2024-03-13T06:54:21.244+0000] {processor.py:840} INFO - DAG(s) 'example_setup_teardown' retrieved from /home/airflow/.local/lib/python3.8/site-packages/airflow/example_dags/example_setup_teardown.py
[2024-03-13T06:54:21.260+0000] {logging_mixin.py:188} INFO - [2024-03-13T06:54:21.260+0000] {dag.py:3047} INFO - Sync 1 DAGs
[2024-03-13T06:54:21.278+0000] {logging_mixin.py:188} INFO - [2024-03-13T06:54:21.278+0000] {dag.py:3834} INFO - Setting next_dagrun for example_setup_teardown to 2024-03-12 00:00:00+00:00, run_after=2024-03-13 00:00:00+00:00
[2024-03-13T06:54:21.295+0000] {processor.py:183} INFO - Processing /home/airflow/.local/lib/python3.8/site-packages/airflow/example_dags/example_setup_teardown.py took 0.062 seconds
[2024-03-13T06:54:51.606+0000] {processor.py:161} INFO - Started process (PID=339) to work on /home/airflow/.local/lib/python3.8/site-packages/airflow/example_dags/example_setup_teardown.py
[2024-03-13T06:54:51.607+0000] {processor.py:830} INFO - Processing file /home/airflow/.local/lib/python3.8/site-packages/airflow/example_dags/example_setup_teardown.py for tasks to queue
[2024-03-13T06:54:51.609+0000] {logging_mixin.py:188} INFO - [2024-03-13T06:54:51.609+0000] {dagbag.py:540} INFO - Filling up the DagBag from /home/airflow/.local/lib/python3.8/site-packages/airflow/example_dags/example_setup_teardown.py
[2024-03-13T06:54:51.618+0000] {processor.py:840} INFO - DAG(s) 'example_setup_teardown' retrieved from /home/airflow/.local/lib/python3.8/site-packages/airflow/example_dags/example_setup_teardown.py
[2024-03-13T06:54:51.637+0000] {logging_mixin.py:188} INFO - [2024-03-13T06:54:51.636+0000] {dag.py:3047} INFO - Sync 1 DAGs
[2024-03-13T06:54:51.659+0000] {logging_mixin.py:188} INFO - [2024-03-13T06:54:51.659+0000] {dag.py:3834} INFO - Setting next_dagrun for example_setup_teardown to 2024-03-12 00:00:00+00:00, run_after=2024-03-13 00:00:00+00:00
[2024-03-13T06:54:51.681+0000] {processor.py:183} INFO - Processing /home/airflow/.local/lib/python3.8/site-packages/airflow/example_dags/example_setup_teardown.py took 0.079 seconds
[2024-03-13T06:55:22.621+0000] {processor.py:161} INFO - Started process (PID=395) to work on /home/airflow/.local/lib/python3.8/site-packages/airflow/example_dags/example_setup_teardown.py
[2024-03-13T06:55:22.622+0000] {processor.py:830} INFO - Processing file /home/airflow/.local/lib/python3.8/site-packages/airflow/example_dags/example_setup_teardown.py for tasks to queue
[2024-03-13T06:55:22.624+0000] {logging_mixin.py:188} INFO - [2024-03-13T06:55:22.623+0000] {dagbag.py:540} INFO - Filling up the DagBag from /home/airflow/.local/lib/python3.8/site-packages/airflow/example_dags/example_setup_teardown.py
[2024-03-13T06:55:22.632+0000] {processor.py:840} INFO - DAG(s) 'example_setup_teardown' retrieved from /home/airflow/.local/lib/python3.8/site-packages/airflow/example_dags/example_setup_teardown.py
[2024-03-13T06:55:22.651+0000] {logging_mixin.py:188} INFO - [2024-03-13T06:55:22.651+0000] {dag.py:3047} INFO - Sync 1 DAGs
[2024-03-13T06:55:22.674+0000] {logging_mixin.py:188} INFO - [2024-03-13T06:55:22.674+0000] {dag.py:3834} INFO - Setting next_dagrun for example_setup_teardown to 2024-03-12 00:00:00+00:00, run_after=2024-03-13 00:00:00+00:00
[2024-03-13T06:55:22.697+0000] {processor.py:183} INFO - Processing /home/airflow/.local/lib/python3.8/site-packages/airflow/example_dags/example_setup_teardown.py took 0.079 seconds
[2024-03-13T06:55:53.353+0000] {processor.py:161} INFO - Started process (PID=452) to work on /home/airflow/.local/lib/python3.8/site-packages/airflow/example_dags/example_setup_teardown.py
[2024-03-13T06:55:53.354+0000] {processor.py:830} INFO - Processing file /home/airflow/.local/lib/python3.8/site-packages/airflow/example_dags/example_setup_teardown.py for tasks to queue
[2024-03-13T06:55:53.356+0000] {logging_mixin.py:188} INFO - [2024-03-13T06:55:53.355+0000] {dagbag.py:540} INFO - Filling up the DagBag from /home/airflow/.local/lib/python3.8/site-packages/airflow/example_dags/example_setup_teardown.py
[2024-03-13T06:55:53.361+0000] {processor.py:840} INFO - DAG(s) 'example_setup_teardown' retrieved from /home/airflow/.local/lib/python3.8/site-packages/airflow/example_dags/example_setup_teardown.py
[2024-03-13T06:55:53.377+0000] {logging_mixin.py:188} INFO - [2024-03-13T06:55:53.377+0000] {dag.py:3047} INFO - Sync 1 DAGs
[2024-03-13T06:55:53.394+0000] {logging_mixin.py:188} INFO - [2024-03-13T06:55:53.393+0000] {dag.py:3834} INFO - Setting next_dagrun for example_setup_teardown to 2024-03-12 00:00:00+00:00, run_after=2024-03-13 00:00:00+00:00
[2024-03-13T06:55:53.411+0000] {processor.py:183} INFO - Processing /home/airflow/.local/lib/python3.8/site-packages/airflow/example_dags/example_setup_teardown.py took 0.061 seconds
[2024-03-13T06:56:24.193+0000] {processor.py:161} INFO - Started process (PID=509) to work on /home/airflow/.local/lib/python3.8/site-packages/airflow/example_dags/example_setup_teardown.py
[2024-03-13T06:56:24.194+0000] {processor.py:830} INFO - Processing file /home/airflow/.local/lib/python3.8/site-packages/airflow/example_dags/example_setup_teardown.py for tasks to queue
[2024-03-13T06:56:24.196+0000] {logging_mixin.py:188} INFO - [2024-03-13T06:56:24.195+0000] {dagbag.py:540} INFO - Filling up the DagBag from /home/airflow/.local/lib/python3.8/site-packages/airflow/example_dags/example_setup_teardown.py
[2024-03-13T06:56:24.201+0000] {processor.py:840} INFO - DAG(s) 'example_setup_teardown' retrieved from /home/airflow/.local/lib/python3.8/site-packages/airflow/example_dags/example_setup_teardown.py
[2024-03-13T06:56:24.217+0000] {logging_mixin.py:188} INFO - [2024-03-13T06:56:24.216+0000] {dag.py:3047} INFO - Sync 1 DAGs
[2024-03-13T06:56:24.234+0000] {logging_mixin.py:188} INFO - [2024-03-13T06:56:24.233+0000] {dag.py:3834} INFO - Setting next_dagrun for example_setup_teardown to 2024-03-12 00:00:00+00:00, run_after=2024-03-13 00:00:00+00:00
[2024-03-13T06:56:24.249+0000] {processor.py:183} INFO - Processing /home/airflow/.local/lib/python3.8/site-packages/airflow/example_dags/example_setup_teardown.py took 0.058 seconds
[2024-03-13T07:02:12.621+0000] {processor.py:161} INFO - Started process (PID=60) to work on /home/airflow/.local/lib/python3.8/site-packages/airflow/example_dags/example_setup_teardown.py
[2024-03-13T07:02:12.623+0000] {processor.py:830} INFO - Processing file /home/airflow/.local/lib/python3.8/site-packages/airflow/example_dags/example_setup_teardown.py for tasks to queue
[2024-03-13T07:02:12.625+0000] {logging_mixin.py:188} INFO - [2024-03-13T07:02:12.625+0000] {dagbag.py:540} INFO - Filling up the DagBag from /home/airflow/.local/lib/python3.8/site-packages/airflow/example_dags/example_setup_teardown.py
[2024-03-13T07:02:12.634+0000] {processor.py:840} INFO - DAG(s) 'example_setup_teardown' retrieved from /home/airflow/.local/lib/python3.8/site-packages/airflow/example_dags/example_setup_teardown.py
[2024-03-13T07:02:12.648+0000] {logging_mixin.py:188} INFO - [2024-03-13T07:02:12.648+0000] {dag.py:3047} INFO - Sync 1 DAGs
[2024-03-13T07:02:12.673+0000] {logging_mixin.py:188} INFO - [2024-03-13T07:02:12.673+0000] {dag.py:3834} INFO - Setting next_dagrun for example_setup_teardown to 2024-03-12 00:00:00+00:00, run_after=2024-03-13 00:00:00+00:00
[2024-03-13T07:02:12.698+0000] {processor.py:183} INFO - Processing /home/airflow/.local/lib/python3.8/site-packages/airflow/example_dags/example_setup_teardown.py took 0.080 seconds
[2024-03-13T07:02:43.781+0000] {processor.py:161} INFO - Started process (PID=117) to work on /home/airflow/.local/lib/python3.8/site-packages/airflow/example_dags/example_setup_teardown.py
[2024-03-13T07:02:43.782+0000] {processor.py:830} INFO - Processing file /home/airflow/.local/lib/python3.8/site-packages/airflow/example_dags/example_setup_teardown.py for tasks to queue
[2024-03-13T07:02:43.783+0000] {logging_mixin.py:188} INFO - [2024-03-13T07:02:43.783+0000] {dagbag.py:540} INFO - Filling up the DagBag from /home/airflow/.local/lib/python3.8/site-packages/airflow/example_dags/example_setup_teardown.py
[2024-03-13T07:02:43.788+0000] {processor.py:840} INFO - DAG(s) 'example_setup_teardown' retrieved from /home/airflow/.local/lib/python3.8/site-packages/airflow/example_dags/example_setup_teardown.py
[2024-03-13T07:02:43.862+0000] {logging_mixin.py:188} INFO - [2024-03-13T07:02:43.862+0000] {dag.py:3047} INFO - Sync 1 DAGs
[2024-03-13T07:02:43.876+0000] {logging_mixin.py:188} INFO - [2024-03-13T07:02:43.876+0000] {dag.py:3834} INFO - Setting next_dagrun for example_setup_teardown to 2024-03-12 00:00:00+00:00, run_after=2024-03-13 00:00:00+00:00
[2024-03-13T07:02:43.892+0000] {processor.py:183} INFO - Processing /home/airflow/.local/lib/python3.8/site-packages/airflow/example_dags/example_setup_teardown.py took 0.114 seconds
[2024-03-13T07:03:13.964+0000] {processor.py:161} INFO - Started process (PID=173) to work on /home/airflow/.local/lib/python3.8/site-packages/airflow/example_dags/example_setup_teardown.py
[2024-03-13T07:03:13.965+0000] {processor.py:830} INFO - Processing file /home/airflow/.local/lib/python3.8/site-packages/airflow/example_dags/example_setup_teardown.py for tasks to queue
[2024-03-13T07:03:13.966+0000] {logging_mixin.py:188} INFO - [2024-03-13T07:03:13.966+0000] {dagbag.py:540} INFO - Filling up the DagBag from /home/airflow/.local/lib/python3.8/site-packages/airflow/example_dags/example_setup_teardown.py
[2024-03-13T07:03:13.971+0000] {processor.py:840} INFO - DAG(s) 'example_setup_teardown' retrieved from /home/airflow/.local/lib/python3.8/site-packages/airflow/example_dags/example_setup_teardown.py
[2024-03-13T07:03:13.987+0000] {logging_mixin.py:188} INFO - [2024-03-13T07:03:13.986+0000] {dag.py:3047} INFO - Sync 1 DAGs
[2024-03-13T07:03:14.003+0000] {logging_mixin.py:188} INFO - [2024-03-13T07:03:14.003+0000] {dag.py:3834} INFO - Setting next_dagrun for example_setup_teardown to 2024-03-12 00:00:00+00:00, run_after=2024-03-13 00:00:00+00:00
[2024-03-13T07:03:14.018+0000] {processor.py:183} INFO - Processing /home/airflow/.local/lib/python3.8/site-packages/airflow/example_dags/example_setup_teardown.py took 0.057 seconds
[2024-03-13T07:03:44.331+0000] {processor.py:161} INFO - Started process (PID=229) to work on /home/airflow/.local/lib/python3.8/site-packages/airflow/example_dags/example_setup_teardown.py
[2024-03-13T07:03:44.332+0000] {processor.py:830} INFO - Processing file /home/airflow/.local/lib/python3.8/site-packages/airflow/example_dags/example_setup_teardown.py for tasks to queue
[2024-03-13T07:03:44.334+0000] {logging_mixin.py:188} INFO - [2024-03-13T07:03:44.333+0000] {dagbag.py:540} INFO - Filling up the DagBag from /home/airflow/.local/lib/python3.8/site-packages/airflow/example_dags/example_setup_teardown.py
[2024-03-13T07:03:44.339+0000] {processor.py:840} INFO - DAG(s) 'example_setup_teardown' retrieved from /home/airflow/.local/lib/python3.8/site-packages/airflow/example_dags/example_setup_teardown.py
[2024-03-13T07:03:44.356+0000] {logging_mixin.py:188} INFO - [2024-03-13T07:03:44.356+0000] {dag.py:3047} INFO - Sync 1 DAGs
[2024-03-13T07:03:44.372+0000] {logging_mixin.py:188} INFO - [2024-03-13T07:03:44.372+0000] {dag.py:3834} INFO - Setting next_dagrun for example_setup_teardown to 2024-03-12 00:00:00+00:00, run_after=2024-03-13 00:00:00+00:00
[2024-03-13T07:03:44.388+0000] {processor.py:183} INFO - Processing /home/airflow/.local/lib/python3.8/site-packages/airflow/example_dags/example_setup_teardown.py took 0.059 seconds
[2024-03-13T07:04:14.860+0000] {processor.py:161} INFO - Started process (PID=285) to work on /home/airflow/.local/lib/python3.8/site-packages/airflow/example_dags/example_setup_teardown.py
[2024-03-13T07:04:14.861+0000] {processor.py:830} INFO - Processing file /home/airflow/.local/lib/python3.8/site-packages/airflow/example_dags/example_setup_teardown.py for tasks to queue
[2024-03-13T07:04:14.863+0000] {logging_mixin.py:188} INFO - [2024-03-13T07:04:14.863+0000] {dagbag.py:540} INFO - Filling up the DagBag from /home/airflow/.local/lib/python3.8/site-packages/airflow/example_dags/example_setup_teardown.py
[2024-03-13T07:04:14.869+0000] {processor.py:840} INFO - DAG(s) 'example_setup_teardown' retrieved from /home/airflow/.local/lib/python3.8/site-packages/airflow/example_dags/example_setup_teardown.py
[2024-03-13T07:04:14.884+0000] {logging_mixin.py:188} INFO - [2024-03-13T07:04:14.883+0000] {dag.py:3047} INFO - Sync 1 DAGs
[2024-03-13T07:04:14.900+0000] {logging_mixin.py:188} INFO - [2024-03-13T07:04:14.899+0000] {dag.py:3834} INFO - Setting next_dagrun for example_setup_teardown to 2024-03-12 00:00:00+00:00, run_after=2024-03-13 00:00:00+00:00
[2024-03-13T07:04:14.916+0000] {processor.py:183} INFO - Processing /home/airflow/.local/lib/python3.8/site-packages/airflow/example_dags/example_setup_teardown.py took 0.058 seconds
[2024-03-13T07:04:45.319+0000] {processor.py:161} INFO - Started process (PID=341) to work on /home/airflow/.local/lib/python3.8/site-packages/airflow/example_dags/example_setup_teardown.py
[2024-03-13T07:04:45.319+0000] {processor.py:830} INFO - Processing file /home/airflow/.local/lib/python3.8/site-packages/airflow/example_dags/example_setup_teardown.py for tasks to queue
[2024-03-13T07:04:45.321+0000] {logging_mixin.py:188} INFO - [2024-03-13T07:04:45.321+0000] {dagbag.py:540} INFO - Filling up the DagBag from /home/airflow/.local/lib/python3.8/site-packages/airflow/example_dags/example_setup_teardown.py
[2024-03-13T07:04:45.325+0000] {processor.py:840} INFO - DAG(s) 'example_setup_teardown' retrieved from /home/airflow/.local/lib/python3.8/site-packages/airflow/example_dags/example_setup_teardown.py
[2024-03-13T07:04:45.341+0000] {logging_mixin.py:188} INFO - [2024-03-13T07:04:45.341+0000] {dag.py:3047} INFO - Sync 1 DAGs
[2024-03-13T07:04:45.357+0000] {logging_mixin.py:188} INFO - [2024-03-13T07:04:45.356+0000] {dag.py:3834} INFO - Setting next_dagrun for example_setup_teardown to 2024-03-12 00:00:00+00:00, run_after=2024-03-13 00:00:00+00:00
[2024-03-13T07:04:45.371+0000] {processor.py:183} INFO - Processing /home/airflow/.local/lib/python3.8/site-packages/airflow/example_dags/example_setup_teardown.py took 0.055 seconds
[2024-03-13T07:05:15.682+0000] {processor.py:161} INFO - Started process (PID=397) to work on /home/airflow/.local/lib/python3.8/site-packages/airflow/example_dags/example_setup_teardown.py
[2024-03-13T07:05:15.682+0000] {processor.py:830} INFO - Processing file /home/airflow/.local/lib/python3.8/site-packages/airflow/example_dags/example_setup_teardown.py for tasks to queue
[2024-03-13T07:05:15.684+0000] {logging_mixin.py:188} INFO - [2024-03-13T07:05:15.684+0000] {dagbag.py:540} INFO - Filling up the DagBag from /home/airflow/.local/lib/python3.8/site-packages/airflow/example_dags/example_setup_teardown.py
[2024-03-13T07:05:15.689+0000] {processor.py:840} INFO - DAG(s) 'example_setup_teardown' retrieved from /home/airflow/.local/lib/python3.8/site-packages/airflow/example_dags/example_setup_teardown.py
[2024-03-13T07:05:15.704+0000] {logging_mixin.py:188} INFO - [2024-03-13T07:05:15.703+0000] {dag.py:3047} INFO - Sync 1 DAGs
[2024-03-13T07:05:15.719+0000] {logging_mixin.py:188} INFO - [2024-03-13T07:05:15.719+0000] {dag.py:3834} INFO - Setting next_dagrun for example_setup_teardown to 2024-03-12 00:00:00+00:00, run_after=2024-03-13 00:00:00+00:00
[2024-03-13T07:05:15.735+0000] {processor.py:183} INFO - Processing /home/airflow/.local/lib/python3.8/site-packages/airflow/example_dags/example_setup_teardown.py took 0.056 seconds
[2024-03-13T07:05:45.990+0000] {processor.py:161} INFO - Started process (PID=453) to work on /home/airflow/.local/lib/python3.8/site-packages/airflow/example_dags/example_setup_teardown.py
[2024-03-13T07:05:45.991+0000] {processor.py:830} INFO - Processing file /home/airflow/.local/lib/python3.8/site-packages/airflow/example_dags/example_setup_teardown.py for tasks to queue
[2024-03-13T07:05:45.992+0000] {logging_mixin.py:188} INFO - [2024-03-13T07:05:45.992+0000] {dagbag.py:540} INFO - Filling up the DagBag from /home/airflow/.local/lib/python3.8/site-packages/airflow/example_dags/example_setup_teardown.py
[2024-03-13T07:05:45.998+0000] {processor.py:840} INFO - DAG(s) 'example_setup_teardown' retrieved from /home/airflow/.local/lib/python3.8/site-packages/airflow/example_dags/example_setup_teardown.py
[2024-03-13T07:05:46.014+0000] {logging_mixin.py:188} INFO - [2024-03-13T07:05:46.014+0000] {dag.py:3047} INFO - Sync 1 DAGs
[2024-03-13T07:05:46.030+0000] {logging_mixin.py:188} INFO - [2024-03-13T07:05:46.030+0000] {dag.py:3834} INFO - Setting next_dagrun for example_setup_teardown to 2024-03-12 00:00:00+00:00, run_after=2024-03-13 00:00:00+00:00
[2024-03-13T07:05:46.047+0000] {processor.py:183} INFO - Processing /home/airflow/.local/lib/python3.8/site-packages/airflow/example_dags/example_setup_teardown.py took 0.060 seconds
[2024-03-13T07:06:16.423+0000] {processor.py:161} INFO - Started process (PID=509) to work on /home/airflow/.local/lib/python3.8/site-packages/airflow/example_dags/example_setup_teardown.py
[2024-03-13T07:06:16.424+0000] {processor.py:830} INFO - Processing file /home/airflow/.local/lib/python3.8/site-packages/airflow/example_dags/example_setup_teardown.py for tasks to queue
[2024-03-13T07:06:16.425+0000] {logging_mixin.py:188} INFO - [2024-03-13T07:06:16.425+0000] {dagbag.py:540} INFO - Filling up the DagBag from /home/airflow/.local/lib/python3.8/site-packages/airflow/example_dags/example_setup_teardown.py
[2024-03-13T07:06:16.431+0000] {processor.py:840} INFO - DAG(s) 'example_setup_teardown' retrieved from /home/airflow/.local/lib/python3.8/site-packages/airflow/example_dags/example_setup_teardown.py
[2024-03-13T07:06:16.445+0000] {logging_mixin.py:188} INFO - [2024-03-13T07:06:16.445+0000] {dag.py:3047} INFO - Sync 1 DAGs
[2024-03-13T07:06:16.461+0000] {logging_mixin.py:188} INFO - [2024-03-13T07:06:16.460+0000] {dag.py:3834} INFO - Setting next_dagrun for example_setup_teardown to 2024-03-12 00:00:00+00:00, run_after=2024-03-13 00:00:00+00:00
[2024-03-13T07:06:16.476+0000] {processor.py:183} INFO - Processing /home/airflow/.local/lib/python3.8/site-packages/airflow/example_dags/example_setup_teardown.py took 0.055 seconds
[2024-03-13T07:06:46.792+0000] {processor.py:161} INFO - Started process (PID=565) to work on /home/airflow/.local/lib/python3.8/site-packages/airflow/example_dags/example_setup_teardown.py
[2024-03-13T07:06:46.793+0000] {processor.py:830} INFO - Processing file /home/airflow/.local/lib/python3.8/site-packages/airflow/example_dags/example_setup_teardown.py for tasks to queue
[2024-03-13T07:06:46.795+0000] {logging_mixin.py:188} INFO - [2024-03-13T07:06:46.795+0000] {dagbag.py:540} INFO - Filling up the DagBag from /home/airflow/.local/lib/python3.8/site-packages/airflow/example_dags/example_setup_teardown.py
[2024-03-13T07:06:46.800+0000] {processor.py:840} INFO - DAG(s) 'example_setup_teardown' retrieved from /home/airflow/.local/lib/python3.8/site-packages/airflow/example_dags/example_setup_teardown.py
[2024-03-13T07:06:46.815+0000] {logging_mixin.py:188} INFO - [2024-03-13T07:06:46.815+0000] {dag.py:3047} INFO - Sync 1 DAGs
[2024-03-13T07:06:46.831+0000] {logging_mixin.py:188} INFO - [2024-03-13T07:06:46.831+0000] {dag.py:3834} INFO - Setting next_dagrun for example_setup_teardown to 2024-03-12 00:00:00+00:00, run_after=2024-03-13 00:00:00+00:00
[2024-03-13T07:06:46.849+0000] {processor.py:183} INFO - Processing /home/airflow/.local/lib/python3.8/site-packages/airflow/example_dags/example_setup_teardown.py took 0.059 seconds
[2024-03-13T07:07:17.398+0000] {processor.py:161} INFO - Started process (PID=621) to work on /home/airflow/.local/lib/python3.8/site-packages/airflow/example_dags/example_setup_teardown.py
[2024-03-13T07:07:17.399+0000] {processor.py:830} INFO - Processing file /home/airflow/.local/lib/python3.8/site-packages/airflow/example_dags/example_setup_teardown.py for tasks to queue
[2024-03-13T07:07:17.401+0000] {logging_mixin.py:188} INFO - [2024-03-13T07:07:17.401+0000] {dagbag.py:540} INFO - Filling up the DagBag from /home/airflow/.local/lib/python3.8/site-packages/airflow/example_dags/example_setup_teardown.py
[2024-03-13T07:07:17.408+0000] {processor.py:840} INFO - DAG(s) 'example_setup_teardown' retrieved from /home/airflow/.local/lib/python3.8/site-packages/airflow/example_dags/example_setup_teardown.py
[2024-03-13T07:07:17.432+0000] {logging_mixin.py:188} INFO - [2024-03-13T07:07:17.432+0000] {dag.py:3047} INFO - Sync 1 DAGs
[2024-03-13T07:07:17.456+0000] {logging_mixin.py:188} INFO - [2024-03-13T07:07:17.456+0000] {dag.py:3834} INFO - Setting next_dagrun for example_setup_teardown to 2024-03-12 00:00:00+00:00, run_after=2024-03-13 00:00:00+00:00
[2024-03-13T07:07:17.480+0000] {processor.py:183} INFO - Processing /home/airflow/.local/lib/python3.8/site-packages/airflow/example_dags/example_setup_teardown.py took 0.085 seconds
[2024-03-13T07:09:30.080+0000] {processor.py:161} INFO - Started process (PID=61) to work on /home/airflow/.local/lib/python3.8/site-packages/airflow/example_dags/example_setup_teardown.py
[2024-03-13T07:09:30.082+0000] {processor.py:830} INFO - Processing file /home/airflow/.local/lib/python3.8/site-packages/airflow/example_dags/example_setup_teardown.py for tasks to queue
[2024-03-13T07:09:30.083+0000] {logging_mixin.py:188} INFO - [2024-03-13T07:09:30.083+0000] {dagbag.py:540} INFO - Filling up the DagBag from /home/airflow/.local/lib/python3.8/site-packages/airflow/example_dags/example_setup_teardown.py
[2024-03-13T07:09:30.090+0000] {processor.py:840} INFO - DAG(s) 'example_setup_teardown' retrieved from /home/airflow/.local/lib/python3.8/site-packages/airflow/example_dags/example_setup_teardown.py
[2024-03-13T07:09:30.102+0000] {logging_mixin.py:188} INFO - [2024-03-13T07:09:30.101+0000] {dag.py:3047} INFO - Sync 1 DAGs
[2024-03-13T07:09:30.122+0000] {logging_mixin.py:188} INFO - [2024-03-13T07:09:30.122+0000] {dag.py:3834} INFO - Setting next_dagrun for example_setup_teardown to 2024-03-12 00:00:00+00:00, run_after=2024-03-13 00:00:00+00:00
[2024-03-13T07:09:30.140+0000] {processor.py:183} INFO - Processing /home/airflow/.local/lib/python3.8/site-packages/airflow/example_dags/example_setup_teardown.py took 0.063 seconds
[2024-03-13T07:10:00.791+0000] {processor.py:161} INFO - Started process (PID=117) to work on /home/airflow/.local/lib/python3.8/site-packages/airflow/example_dags/example_setup_teardown.py
[2024-03-13T07:10:00.792+0000] {processor.py:830} INFO - Processing file /home/airflow/.local/lib/python3.8/site-packages/airflow/example_dags/example_setup_teardown.py for tasks to queue
[2024-03-13T07:10:00.793+0000] {logging_mixin.py:188} INFO - [2024-03-13T07:10:00.793+0000] {dagbag.py:540} INFO - Filling up the DagBag from /home/airflow/.local/lib/python3.8/site-packages/airflow/example_dags/example_setup_teardown.py
[2024-03-13T07:10:00.798+0000] {processor.py:840} INFO - DAG(s) 'example_setup_teardown' retrieved from /home/airflow/.local/lib/python3.8/site-packages/airflow/example_dags/example_setup_teardown.py
[2024-03-13T07:10:00.875+0000] {logging_mixin.py:188} INFO - [2024-03-13T07:10:00.874+0000] {dag.py:3047} INFO - Sync 1 DAGs
[2024-03-13T07:10:00.888+0000] {logging_mixin.py:188} INFO - [2024-03-13T07:10:00.888+0000] {dag.py:3834} INFO - Setting next_dagrun for example_setup_teardown to 2024-03-12 00:00:00+00:00, run_after=2024-03-13 00:00:00+00:00
[2024-03-13T07:10:00.907+0000] {processor.py:183} INFO - Processing /home/airflow/.local/lib/python3.8/site-packages/airflow/example_dags/example_setup_teardown.py took 0.118 seconds
[2024-03-13T07:10:31.381+0000] {processor.py:161} INFO - Started process (PID=173) to work on /home/airflow/.local/lib/python3.8/site-packages/airflow/example_dags/example_setup_teardown.py
[2024-03-13T07:10:31.382+0000] {processor.py:830} INFO - Processing file /home/airflow/.local/lib/python3.8/site-packages/airflow/example_dags/example_setup_teardown.py for tasks to queue
[2024-03-13T07:10:31.383+0000] {logging_mixin.py:188} INFO - [2024-03-13T07:10:31.383+0000] {dagbag.py:540} INFO - Filling up the DagBag from /home/airflow/.local/lib/python3.8/site-packages/airflow/example_dags/example_setup_teardown.py
[2024-03-13T07:10:31.390+0000] {processor.py:840} INFO - DAG(s) 'example_setup_teardown' retrieved from /home/airflow/.local/lib/python3.8/site-packages/airflow/example_dags/example_setup_teardown.py
[2024-03-13T07:10:31.407+0000] {logging_mixin.py:188} INFO - [2024-03-13T07:10:31.407+0000] {dag.py:3047} INFO - Sync 1 DAGs
[2024-03-13T07:10:31.427+0000] {logging_mixin.py:188} INFO - [2024-03-13T07:10:31.426+0000] {dag.py:3834} INFO - Setting next_dagrun for example_setup_teardown to 2024-03-12 00:00:00+00:00, run_after=2024-03-13 00:00:00+00:00
[2024-03-13T07:10:31.446+0000] {processor.py:183} INFO - Processing /home/airflow/.local/lib/python3.8/site-packages/airflow/example_dags/example_setup_teardown.py took 0.067 seconds
[2024-03-13T07:11:01.769+0000] {processor.py:161} INFO - Started process (PID=229) to work on /home/airflow/.local/lib/python3.8/site-packages/airflow/example_dags/example_setup_teardown.py
[2024-03-13T07:11:01.771+0000] {processor.py:830} INFO - Processing file /home/airflow/.local/lib/python3.8/site-packages/airflow/example_dags/example_setup_teardown.py for tasks to queue
[2024-03-13T07:11:01.772+0000] {logging_mixin.py:188} INFO - [2024-03-13T07:11:01.772+0000] {dagbag.py:540} INFO - Filling up the DagBag from /home/airflow/.local/lib/python3.8/site-packages/airflow/example_dags/example_setup_teardown.py
[2024-03-13T07:11:01.777+0000] {processor.py:840} INFO - DAG(s) 'example_setup_teardown' retrieved from /home/airflow/.local/lib/python3.8/site-packages/airflow/example_dags/example_setup_teardown.py
[2024-03-13T07:11:01.796+0000] {logging_mixin.py:188} INFO - [2024-03-13T07:11:01.795+0000] {dag.py:3047} INFO - Sync 1 DAGs
[2024-03-13T07:11:01.815+0000] {logging_mixin.py:188} INFO - [2024-03-13T07:11:01.815+0000] {dag.py:3834} INFO - Setting next_dagrun for example_setup_teardown to 2024-03-12 00:00:00+00:00, run_after=2024-03-13 00:00:00+00:00
[2024-03-13T07:11:01.833+0000] {processor.py:183} INFO - Processing /home/airflow/.local/lib/python3.8/site-packages/airflow/example_dags/example_setup_teardown.py took 0.066 seconds
[2024-03-13T07:11:32.078+0000] {processor.py:161} INFO - Started process (PID=286) to work on /home/airflow/.local/lib/python3.8/site-packages/airflow/example_dags/example_setup_teardown.py
[2024-03-13T07:11:32.079+0000] {processor.py:830} INFO - Processing file /home/airflow/.local/lib/python3.8/site-packages/airflow/example_dags/example_setup_teardown.py for tasks to queue
[2024-03-13T07:11:32.081+0000] {logging_mixin.py:188} INFO - [2024-03-13T07:11:32.081+0000] {dagbag.py:540} INFO - Filling up the DagBag from /home/airflow/.local/lib/python3.8/site-packages/airflow/example_dags/example_setup_teardown.py
[2024-03-13T07:11:32.086+0000] {processor.py:840} INFO - DAG(s) 'example_setup_teardown' retrieved from /home/airflow/.local/lib/python3.8/site-packages/airflow/example_dags/example_setup_teardown.py
[2024-03-13T07:11:32.104+0000] {logging_mixin.py:188} INFO - [2024-03-13T07:11:32.103+0000] {dag.py:3047} INFO - Sync 1 DAGs
[2024-03-13T07:11:32.119+0000] {logging_mixin.py:188} INFO - [2024-03-13T07:11:32.119+0000] {dag.py:3834} INFO - Setting next_dagrun for example_setup_teardown to 2024-03-12 00:00:00+00:00, run_after=2024-03-13 00:00:00+00:00
[2024-03-13T07:11:32.135+0000] {processor.py:183} INFO - Processing /home/airflow/.local/lib/python3.8/site-packages/airflow/example_dags/example_setup_teardown.py took 0.059 seconds
