[2024-03-13T06:40:21.419+0000] {processor.py:161} INFO - Started process (PID=456) to work on /home/airflow/.local/lib/python3.8/site-packages/airflow/example_dags/example_latest_only.py
[2024-03-13T06:40:21.421+0000] {processor.py:830} INFO - Processing file /home/airflow/.local/lib/python3.8/site-packages/airflow/example_dags/example_latest_only.py for tasks to queue
[2024-03-13T06:40:21.422+0000] {logging_mixin.py:188} INFO - [2024-03-13T06:40:21.421+0000] {dagbag.py:540} INFO - Filling up the DagBag from /home/airflow/.local/lib/python3.8/site-packages/airflow/example_dags/example_latest_only.py
[2024-03-13T06:40:21.427+0000] {processor.py:840} INFO - DAG(s) 'latest_only' retrieved from /home/airflow/.local/lib/python3.8/site-packages/airflow/example_dags/example_latest_only.py
[2024-03-13T06:40:21.443+0000] {logging_mixin.py:188} INFO - [2024-03-13T06:40:21.442+0000] {dag.py:3047} INFO - Sync 1 DAGs
[2024-03-13T06:40:21.460+0000] {logging_mixin.py:188} INFO - [2024-03-13T06:40:21.459+0000] {dag.py:3834} INFO - Setting next_dagrun for latest_only to 2024-03-13 00:00:00+00:00, run_after=2024-03-13 04:00:00+00:00
[2024-03-13T06:40:21.475+0000] {processor.py:183} INFO - Processing /home/airflow/.local/lib/python3.8/site-packages/airflow/example_dags/example_latest_only.py took 0.058 seconds
[2024-03-13T06:40:51.767+0000] {processor.py:161} INFO - Started process (PID=512) to work on /home/airflow/.local/lib/python3.8/site-packages/airflow/example_dags/example_latest_only.py
[2024-03-13T06:40:51.768+0000] {processor.py:830} INFO - Processing file /home/airflow/.local/lib/python3.8/site-packages/airflow/example_dags/example_latest_only.py for tasks to queue
[2024-03-13T06:40:51.769+0000] {logging_mixin.py:188} INFO - [2024-03-13T06:40:51.768+0000] {dagbag.py:540} INFO - Filling up the DagBag from /home/airflow/.local/lib/python3.8/site-packages/airflow/example_dags/example_latest_only.py
[2024-03-13T06:40:51.773+0000] {processor.py:840} INFO - DAG(s) 'latest_only' retrieved from /home/airflow/.local/lib/python3.8/site-packages/airflow/example_dags/example_latest_only.py
[2024-03-13T06:40:51.788+0000] {logging_mixin.py:188} INFO - [2024-03-13T06:40:51.787+0000] {dag.py:3047} INFO - Sync 1 DAGs
[2024-03-13T06:40:51.805+0000] {logging_mixin.py:188} INFO - [2024-03-13T06:40:51.805+0000] {dag.py:3834} INFO - Setting next_dagrun for latest_only to 2024-03-13 00:00:00+00:00, run_after=2024-03-13 04:00:00+00:00
[2024-03-13T06:40:51.819+0000] {processor.py:183} INFO - Processing /home/airflow/.local/lib/python3.8/site-packages/airflow/example_dags/example_latest_only.py took 0.055 seconds
[2024-03-13T06:41:22.368+0000] {processor.py:161} INFO - Started process (PID=568) to work on /home/airflow/.local/lib/python3.8/site-packages/airflow/example_dags/example_latest_only.py
[2024-03-13T06:41:22.369+0000] {processor.py:830} INFO - Processing file /home/airflow/.local/lib/python3.8/site-packages/airflow/example_dags/example_latest_only.py for tasks to queue
[2024-03-13T06:41:22.369+0000] {logging_mixin.py:188} INFO - [2024-03-13T06:41:22.369+0000] {dagbag.py:540} INFO - Filling up the DagBag from /home/airflow/.local/lib/python3.8/site-packages/airflow/example_dags/example_latest_only.py
[2024-03-13T06:41:22.374+0000] {processor.py:840} INFO - DAG(s) 'latest_only' retrieved from /home/airflow/.local/lib/python3.8/site-packages/airflow/example_dags/example_latest_only.py
[2024-03-13T06:41:22.389+0000] {logging_mixin.py:188} INFO - [2024-03-13T06:41:22.389+0000] {dag.py:3047} INFO - Sync 1 DAGs
[2024-03-13T06:41:22.406+0000] {logging_mixin.py:188} INFO - [2024-03-13T06:41:22.406+0000] {dag.py:3834} INFO - Setting next_dagrun for latest_only to 2024-03-13 00:00:00+00:00, run_after=2024-03-13 04:00:00+00:00
[2024-03-13T06:41:22.422+0000] {processor.py:183} INFO - Processing /home/airflow/.local/lib/python3.8/site-packages/airflow/example_dags/example_latest_only.py took 0.056 seconds
[2024-03-13T06:41:53.016+0000] {processor.py:161} INFO - Started process (PID=624) to work on /home/airflow/.local/lib/python3.8/site-packages/airflow/example_dags/example_latest_only.py
[2024-03-13T06:41:53.017+0000] {processor.py:830} INFO - Processing file /home/airflow/.local/lib/python3.8/site-packages/airflow/example_dags/example_latest_only.py for tasks to queue
[2024-03-13T06:41:53.018+0000] {logging_mixin.py:188} INFO - [2024-03-13T06:41:53.018+0000] {dagbag.py:540} INFO - Filling up the DagBag from /home/airflow/.local/lib/python3.8/site-packages/airflow/example_dags/example_latest_only.py
[2024-03-13T06:41:53.022+0000] {processor.py:840} INFO - DAG(s) 'latest_only' retrieved from /home/airflow/.local/lib/python3.8/site-packages/airflow/example_dags/example_latest_only.py
[2024-03-13T06:41:53.038+0000] {logging_mixin.py:188} INFO - [2024-03-13T06:41:53.038+0000] {dag.py:3047} INFO - Sync 1 DAGs
[2024-03-13T06:41:53.057+0000] {logging_mixin.py:188} INFO - [2024-03-13T06:41:53.057+0000] {dag.py:3834} INFO - Setting next_dagrun for latest_only to 2024-03-13 00:00:00+00:00, run_after=2024-03-13 04:00:00+00:00
[2024-03-13T06:41:53.073+0000] {processor.py:183} INFO - Processing /home/airflow/.local/lib/python3.8/site-packages/airflow/example_dags/example_latest_only.py took 0.059 seconds
[2024-03-13T06:42:23.257+0000] {processor.py:161} INFO - Started process (PID=680) to work on /home/airflow/.local/lib/python3.8/site-packages/airflow/example_dags/example_latest_only.py
[2024-03-13T06:42:23.258+0000] {processor.py:830} INFO - Processing file /home/airflow/.local/lib/python3.8/site-packages/airflow/example_dags/example_latest_only.py for tasks to queue
[2024-03-13T06:42:23.259+0000] {logging_mixin.py:188} INFO - [2024-03-13T06:42:23.259+0000] {dagbag.py:540} INFO - Filling up the DagBag from /home/airflow/.local/lib/python3.8/site-packages/airflow/example_dags/example_latest_only.py
[2024-03-13T06:42:23.264+0000] {processor.py:840} INFO - DAG(s) 'latest_only' retrieved from /home/airflow/.local/lib/python3.8/site-packages/airflow/example_dags/example_latest_only.py
[2024-03-13T06:42:23.279+0000] {logging_mixin.py:188} INFO - [2024-03-13T06:42:23.279+0000] {dag.py:3047} INFO - Sync 1 DAGs
[2024-03-13T06:42:23.296+0000] {logging_mixin.py:188} INFO - [2024-03-13T06:42:23.296+0000] {dag.py:3834} INFO - Setting next_dagrun for latest_only to 2024-03-13 00:00:00+00:00, run_after=2024-03-13 04:00:00+00:00
[2024-03-13T06:42:23.313+0000] {processor.py:183} INFO - Processing /home/airflow/.local/lib/python3.8/site-packages/airflow/example_dags/example_latest_only.py took 0.058 seconds
[2024-03-13T06:42:53.516+0000] {processor.py:161} INFO - Started process (PID=736) to work on /home/airflow/.local/lib/python3.8/site-packages/airflow/example_dags/example_latest_only.py
[2024-03-13T06:42:53.517+0000] {processor.py:830} INFO - Processing file /home/airflow/.local/lib/python3.8/site-packages/airflow/example_dags/example_latest_only.py for tasks to queue
[2024-03-13T06:42:53.518+0000] {logging_mixin.py:188} INFO - [2024-03-13T06:42:53.518+0000] {dagbag.py:540} INFO - Filling up the DagBag from /home/airflow/.local/lib/python3.8/site-packages/airflow/example_dags/example_latest_only.py
[2024-03-13T06:42:53.524+0000] {processor.py:840} INFO - DAG(s) 'latest_only' retrieved from /home/airflow/.local/lib/python3.8/site-packages/airflow/example_dags/example_latest_only.py
[2024-03-13T06:42:53.541+0000] {logging_mixin.py:188} INFO - [2024-03-13T06:42:53.541+0000] {dag.py:3047} INFO - Sync 1 DAGs
[2024-03-13T06:42:53.558+0000] {logging_mixin.py:188} INFO - [2024-03-13T06:42:53.558+0000] {dag.py:3834} INFO - Setting next_dagrun for latest_only to 2024-03-13 00:00:00+00:00, run_after=2024-03-13 04:00:00+00:00
[2024-03-13T06:42:53.573+0000] {processor.py:183} INFO - Processing /home/airflow/.local/lib/python3.8/site-packages/airflow/example_dags/example_latest_only.py took 0.059 seconds
[2024-03-13T06:43:23.904+0000] {processor.py:161} INFO - Started process (PID=792) to work on /home/airflow/.local/lib/python3.8/site-packages/airflow/example_dags/example_latest_only.py
[2024-03-13T06:43:23.905+0000] {processor.py:830} INFO - Processing file /home/airflow/.local/lib/python3.8/site-packages/airflow/example_dags/example_latest_only.py for tasks to queue
[2024-03-13T06:43:23.905+0000] {logging_mixin.py:188} INFO - [2024-03-13T06:43:23.905+0000] {dagbag.py:540} INFO - Filling up the DagBag from /home/airflow/.local/lib/python3.8/site-packages/airflow/example_dags/example_latest_only.py
[2024-03-13T06:43:23.910+0000] {processor.py:840} INFO - DAG(s) 'latest_only' retrieved from /home/airflow/.local/lib/python3.8/site-packages/airflow/example_dags/example_latest_only.py
[2024-03-13T06:43:23.925+0000] {logging_mixin.py:188} INFO - [2024-03-13T06:43:23.924+0000] {dag.py:3047} INFO - Sync 1 DAGs
[2024-03-13T06:43:23.941+0000] {logging_mixin.py:188} INFO - [2024-03-13T06:43:23.940+0000] {dag.py:3834} INFO - Setting next_dagrun for latest_only to 2024-03-13 00:00:00+00:00, run_after=2024-03-13 04:00:00+00:00
[2024-03-13T06:43:23.955+0000] {processor.py:183} INFO - Processing /home/airflow/.local/lib/python3.8/site-packages/airflow/example_dags/example_latest_only.py took 0.054 seconds
[2024-03-13T06:43:54.500+0000] {processor.py:161} INFO - Started process (PID=848) to work on /home/airflow/.local/lib/python3.8/site-packages/airflow/example_dags/example_latest_only.py
[2024-03-13T06:43:54.500+0000] {processor.py:830} INFO - Processing file /home/airflow/.local/lib/python3.8/site-packages/airflow/example_dags/example_latest_only.py for tasks to queue
[2024-03-13T06:43:54.501+0000] {logging_mixin.py:188} INFO - [2024-03-13T06:43:54.501+0000] {dagbag.py:540} INFO - Filling up the DagBag from /home/airflow/.local/lib/python3.8/site-packages/airflow/example_dags/example_latest_only.py
[2024-03-13T06:43:54.506+0000] {processor.py:840} INFO - DAG(s) 'latest_only' retrieved from /home/airflow/.local/lib/python3.8/site-packages/airflow/example_dags/example_latest_only.py
[2024-03-13T06:43:54.521+0000] {logging_mixin.py:188} INFO - [2024-03-13T06:43:54.521+0000] {dag.py:3047} INFO - Sync 1 DAGs
[2024-03-13T06:43:54.538+0000] {logging_mixin.py:188} INFO - [2024-03-13T06:43:54.537+0000] {dag.py:3834} INFO - Setting next_dagrun for latest_only to 2024-03-13 00:00:00+00:00, run_after=2024-03-13 04:00:00+00:00
[2024-03-13T06:43:54.553+0000] {processor.py:183} INFO - Processing /home/airflow/.local/lib/python3.8/site-packages/airflow/example_dags/example_latest_only.py took 0.056 seconds
[2024-03-13T06:44:24.716+0000] {processor.py:161} INFO - Started process (PID=904) to work on /home/airflow/.local/lib/python3.8/site-packages/airflow/example_dags/example_latest_only.py
[2024-03-13T06:44:24.716+0000] {processor.py:830} INFO - Processing file /home/airflow/.local/lib/python3.8/site-packages/airflow/example_dags/example_latest_only.py for tasks to queue
[2024-03-13T06:44:24.717+0000] {logging_mixin.py:188} INFO - [2024-03-13T06:44:24.717+0000] {dagbag.py:540} INFO - Filling up the DagBag from /home/airflow/.local/lib/python3.8/site-packages/airflow/example_dags/example_latest_only.py
[2024-03-13T06:44:24.722+0000] {processor.py:840} INFO - DAG(s) 'latest_only' retrieved from /home/airflow/.local/lib/python3.8/site-packages/airflow/example_dags/example_latest_only.py
[2024-03-13T06:44:24.741+0000] {logging_mixin.py:188} INFO - [2024-03-13T06:44:24.741+0000] {dag.py:3047} INFO - Sync 1 DAGs
[2024-03-13T06:44:24.764+0000] {logging_mixin.py:188} INFO - [2024-03-13T06:44:24.764+0000] {dag.py:3834} INFO - Setting next_dagrun for latest_only to 2024-03-13 00:00:00+00:00, run_after=2024-03-13 04:00:00+00:00
[2024-03-13T06:44:24.778+0000] {processor.py:183} INFO - Processing /home/airflow/.local/lib/python3.8/site-packages/airflow/example_dags/example_latest_only.py took 0.065 seconds
[2024-03-13T06:44:55.498+0000] {processor.py:161} INFO - Started process (PID=960) to work on /home/airflow/.local/lib/python3.8/site-packages/airflow/example_dags/example_latest_only.py
[2024-03-13T06:44:55.499+0000] {processor.py:830} INFO - Processing file /home/airflow/.local/lib/python3.8/site-packages/airflow/example_dags/example_latest_only.py for tasks to queue
[2024-03-13T06:44:55.500+0000] {logging_mixin.py:188} INFO - [2024-03-13T06:44:55.500+0000] {dagbag.py:540} INFO - Filling up the DagBag from /home/airflow/.local/lib/python3.8/site-packages/airflow/example_dags/example_latest_only.py
[2024-03-13T06:44:55.506+0000] {processor.py:840} INFO - DAG(s) 'latest_only' retrieved from /home/airflow/.local/lib/python3.8/site-packages/airflow/example_dags/example_latest_only.py
[2024-03-13T06:44:55.529+0000] {logging_mixin.py:188} INFO - [2024-03-13T06:44:55.529+0000] {dag.py:3047} INFO - Sync 1 DAGs
[2024-03-13T06:44:55.552+0000] {logging_mixin.py:188} INFO - [2024-03-13T06:44:55.552+0000] {dag.py:3834} INFO - Setting next_dagrun for latest_only to 2024-03-13 00:00:00+00:00, run_after=2024-03-13 04:00:00+00:00
[2024-03-13T06:44:55.573+0000] {processor.py:183} INFO - Processing /home/airflow/.local/lib/python3.8/site-packages/airflow/example_dags/example_latest_only.py took 0.078 seconds
[2024-03-13T06:45:26.515+0000] {processor.py:161} INFO - Started process (PID=1017) to work on /home/airflow/.local/lib/python3.8/site-packages/airflow/example_dags/example_latest_only.py
[2024-03-13T06:45:26.516+0000] {processor.py:830} INFO - Processing file /home/airflow/.local/lib/python3.8/site-packages/airflow/example_dags/example_latest_only.py for tasks to queue
[2024-03-13T06:45:26.517+0000] {logging_mixin.py:188} INFO - [2024-03-13T06:45:26.517+0000] {dagbag.py:540} INFO - Filling up the DagBag from /home/airflow/.local/lib/python3.8/site-packages/airflow/example_dags/example_latest_only.py
[2024-03-13T06:45:26.522+0000] {processor.py:840} INFO - DAG(s) 'latest_only' retrieved from /home/airflow/.local/lib/python3.8/site-packages/airflow/example_dags/example_latest_only.py
[2024-03-13T06:45:26.539+0000] {logging_mixin.py:188} INFO - [2024-03-13T06:45:26.538+0000] {dag.py:3047} INFO - Sync 1 DAGs
[2024-03-13T06:45:26.557+0000] {logging_mixin.py:188} INFO - [2024-03-13T06:45:26.557+0000] {dag.py:3834} INFO - Setting next_dagrun for latest_only to 2024-03-13 00:00:00+00:00, run_after=2024-03-13 04:00:00+00:00
[2024-03-13T06:45:26.577+0000] {processor.py:183} INFO - Processing /home/airflow/.local/lib/python3.8/site-packages/airflow/example_dags/example_latest_only.py took 0.064 seconds
[2024-03-13T06:45:56.726+0000] {processor.py:161} INFO - Started process (PID=1073) to work on /home/airflow/.local/lib/python3.8/site-packages/airflow/example_dags/example_latest_only.py
[2024-03-13T06:45:56.727+0000] {processor.py:830} INFO - Processing file /home/airflow/.local/lib/python3.8/site-packages/airflow/example_dags/example_latest_only.py for tasks to queue
[2024-03-13T06:45:56.728+0000] {logging_mixin.py:188} INFO - [2024-03-13T06:45:56.728+0000] {dagbag.py:540} INFO - Filling up the DagBag from /home/airflow/.local/lib/python3.8/site-packages/airflow/example_dags/example_latest_only.py
[2024-03-13T06:45:56.732+0000] {processor.py:840} INFO - DAG(s) 'latest_only' retrieved from /home/airflow/.local/lib/python3.8/site-packages/airflow/example_dags/example_latest_only.py
[2024-03-13T06:45:56.748+0000] {logging_mixin.py:188} INFO - [2024-03-13T06:45:56.748+0000] {dag.py:3047} INFO - Sync 1 DAGs
[2024-03-13T06:45:56.767+0000] {logging_mixin.py:188} INFO - [2024-03-13T06:45:56.766+0000] {dag.py:3834} INFO - Setting next_dagrun for latest_only to 2024-03-13 00:00:00+00:00, run_after=2024-03-13 04:00:00+00:00
[2024-03-13T06:45:56.787+0000] {processor.py:183} INFO - Processing /home/airflow/.local/lib/python3.8/site-packages/airflow/example_dags/example_latest_only.py took 0.064 seconds
[2024-03-13T06:46:27.435+0000] {processor.py:161} INFO - Started process (PID=1129) to work on /home/airflow/.local/lib/python3.8/site-packages/airflow/example_dags/example_latest_only.py
[2024-03-13T06:46:27.436+0000] {processor.py:830} INFO - Processing file /home/airflow/.local/lib/python3.8/site-packages/airflow/example_dags/example_latest_only.py for tasks to queue
[2024-03-13T06:46:27.437+0000] {logging_mixin.py:188} INFO - [2024-03-13T06:46:27.437+0000] {dagbag.py:540} INFO - Filling up the DagBag from /home/airflow/.local/lib/python3.8/site-packages/airflow/example_dags/example_latest_only.py
[2024-03-13T06:46:27.442+0000] {processor.py:840} INFO - DAG(s) 'latest_only' retrieved from /home/airflow/.local/lib/python3.8/site-packages/airflow/example_dags/example_latest_only.py
[2024-03-13T06:46:27.459+0000] {logging_mixin.py:188} INFO - [2024-03-13T06:46:27.459+0000] {dag.py:3047} INFO - Sync 1 DAGs
[2024-03-13T06:46:27.478+0000] {logging_mixin.py:188} INFO - [2024-03-13T06:46:27.478+0000] {dag.py:3834} INFO - Setting next_dagrun for latest_only to 2024-03-13 00:00:00+00:00, run_after=2024-03-13 04:00:00+00:00
[2024-03-13T06:46:27.496+0000] {processor.py:183} INFO - Processing /home/airflow/.local/lib/python3.8/site-packages/airflow/example_dags/example_latest_only.py took 0.063 seconds
[2024-03-13T06:46:57.735+0000] {processor.py:161} INFO - Started process (PID=1192) to work on /home/airflow/.local/lib/python3.8/site-packages/airflow/example_dags/example_latest_only.py
[2024-03-13T06:46:57.736+0000] {processor.py:830} INFO - Processing file /home/airflow/.local/lib/python3.8/site-packages/airflow/example_dags/example_latest_only.py for tasks to queue
[2024-03-13T06:46:57.737+0000] {logging_mixin.py:188} INFO - [2024-03-13T06:46:57.737+0000] {dagbag.py:540} INFO - Filling up the DagBag from /home/airflow/.local/lib/python3.8/site-packages/airflow/example_dags/example_latest_only.py
[2024-03-13T06:46:57.741+0000] {processor.py:840} INFO - DAG(s) 'latest_only' retrieved from /home/airflow/.local/lib/python3.8/site-packages/airflow/example_dags/example_latest_only.py
[2024-03-13T06:46:57.757+0000] {logging_mixin.py:188} INFO - [2024-03-13T06:46:57.757+0000] {dag.py:3047} INFO - Sync 1 DAGs
[2024-03-13T06:46:57.775+0000] {logging_mixin.py:188} INFO - [2024-03-13T06:46:57.775+0000] {dag.py:3834} INFO - Setting next_dagrun for latest_only to 2024-03-13 00:00:00+00:00, run_after=2024-03-13 04:00:00+00:00
[2024-03-13T06:46:57.796+0000] {processor.py:183} INFO - Processing /home/airflow/.local/lib/python3.8/site-packages/airflow/example_dags/example_latest_only.py took 0.063 seconds
[2024-03-13T06:47:28.430+0000] {processor.py:161} INFO - Started process (PID=1248) to work on /home/airflow/.local/lib/python3.8/site-packages/airflow/example_dags/example_latest_only.py
[2024-03-13T06:47:28.431+0000] {processor.py:830} INFO - Processing file /home/airflow/.local/lib/python3.8/site-packages/airflow/example_dags/example_latest_only.py for tasks to queue
[2024-03-13T06:47:28.432+0000] {logging_mixin.py:188} INFO - [2024-03-13T06:47:28.432+0000] {dagbag.py:540} INFO - Filling up the DagBag from /home/airflow/.local/lib/python3.8/site-packages/airflow/example_dags/example_latest_only.py
[2024-03-13T06:47:28.440+0000] {processor.py:840} INFO - DAG(s) 'latest_only' retrieved from /home/airflow/.local/lib/python3.8/site-packages/airflow/example_dags/example_latest_only.py
[2024-03-13T06:47:28.466+0000] {logging_mixin.py:188} INFO - [2024-03-13T06:47:28.465+0000] {dag.py:3047} INFO - Sync 1 DAGs
[2024-03-13T06:47:28.487+0000] {logging_mixin.py:188} INFO - [2024-03-13T06:47:28.487+0000] {dag.py:3834} INFO - Setting next_dagrun for latest_only to 2024-03-13 00:00:00+00:00, run_after=2024-03-13 04:00:00+00:00
[2024-03-13T06:47:28.515+0000] {processor.py:183} INFO - Processing /home/airflow/.local/lib/python3.8/site-packages/airflow/example_dags/example_latest_only.py took 0.089 seconds
[2024-03-13T06:47:59.228+0000] {processor.py:161} INFO - Started process (PID=1304) to work on /home/airflow/.local/lib/python3.8/site-packages/airflow/example_dags/example_latest_only.py
[2024-03-13T06:47:59.230+0000] {processor.py:830} INFO - Processing file /home/airflow/.local/lib/python3.8/site-packages/airflow/example_dags/example_latest_only.py for tasks to queue
[2024-03-13T06:47:59.231+0000] {logging_mixin.py:188} INFO - [2024-03-13T06:47:59.230+0000] {dagbag.py:540} INFO - Filling up the DagBag from /home/airflow/.local/lib/python3.8/site-packages/airflow/example_dags/example_latest_only.py
[2024-03-13T06:47:59.238+0000] {processor.py:840} INFO - DAG(s) 'latest_only' retrieved from /home/airflow/.local/lib/python3.8/site-packages/airflow/example_dags/example_latest_only.py
[2024-03-13T06:47:59.257+0000] {logging_mixin.py:188} INFO - [2024-03-13T06:47:59.257+0000] {dag.py:3047} INFO - Sync 1 DAGs
[2024-03-13T06:47:59.278+0000] {logging_mixin.py:188} INFO - [2024-03-13T06:47:59.278+0000] {dag.py:3834} INFO - Setting next_dagrun for latest_only to 2024-03-13 00:00:00+00:00, run_after=2024-03-13 04:00:00+00:00
[2024-03-13T06:47:59.299+0000] {processor.py:183} INFO - Processing /home/airflow/.local/lib/python3.8/site-packages/airflow/example_dags/example_latest_only.py took 0.074 seconds
[2024-03-13T06:48:29.598+0000] {processor.py:161} INFO - Started process (PID=1361) to work on /home/airflow/.local/lib/python3.8/site-packages/airflow/example_dags/example_latest_only.py
[2024-03-13T06:48:29.599+0000] {processor.py:830} INFO - Processing file /home/airflow/.local/lib/python3.8/site-packages/airflow/example_dags/example_latest_only.py for tasks to queue
[2024-03-13T06:48:29.600+0000] {logging_mixin.py:188} INFO - [2024-03-13T06:48:29.600+0000] {dagbag.py:540} INFO - Filling up the DagBag from /home/airflow/.local/lib/python3.8/site-packages/airflow/example_dags/example_latest_only.py
[2024-03-13T06:48:29.605+0000] {processor.py:840} INFO - DAG(s) 'latest_only' retrieved from /home/airflow/.local/lib/python3.8/site-packages/airflow/example_dags/example_latest_only.py
[2024-03-13T06:48:29.621+0000] {logging_mixin.py:188} INFO - [2024-03-13T06:48:29.621+0000] {dag.py:3047} INFO - Sync 1 DAGs
[2024-03-13T06:48:29.638+0000] {logging_mixin.py:188} INFO - [2024-03-13T06:48:29.638+0000] {dag.py:3834} INFO - Setting next_dagrun for latest_only to 2024-03-13 00:00:00+00:00, run_after=2024-03-13 04:00:00+00:00
[2024-03-13T06:48:29.656+0000] {processor.py:183} INFO - Processing /home/airflow/.local/lib/python3.8/site-packages/airflow/example_dags/example_latest_only.py took 0.060 seconds
[2024-03-13T06:48:59.886+0000] {processor.py:161} INFO - Started process (PID=1418) to work on /home/airflow/.local/lib/python3.8/site-packages/airflow/example_dags/example_latest_only.py
[2024-03-13T06:48:59.887+0000] {processor.py:830} INFO - Processing file /home/airflow/.local/lib/python3.8/site-packages/airflow/example_dags/example_latest_only.py for tasks to queue
[2024-03-13T06:48:59.888+0000] {logging_mixin.py:188} INFO - [2024-03-13T06:48:59.888+0000] {dagbag.py:540} INFO - Filling up the DagBag from /home/airflow/.local/lib/python3.8/site-packages/airflow/example_dags/example_latest_only.py
[2024-03-13T06:48:59.892+0000] {processor.py:840} INFO - DAG(s) 'latest_only' retrieved from /home/airflow/.local/lib/python3.8/site-packages/airflow/example_dags/example_latest_only.py
[2024-03-13T06:48:59.907+0000] {logging_mixin.py:188} INFO - [2024-03-13T06:48:59.907+0000] {dag.py:3047} INFO - Sync 1 DAGs
[2024-03-13T06:48:59.922+0000] {logging_mixin.py:188} INFO - [2024-03-13T06:48:59.922+0000] {dag.py:3834} INFO - Setting next_dagrun for latest_only to 2024-03-13 00:00:00+00:00, run_after=2024-03-13 04:00:00+00:00
[2024-03-13T06:48:59.941+0000] {processor.py:183} INFO - Processing /home/airflow/.local/lib/python3.8/site-packages/airflow/example_dags/example_latest_only.py took 0.057 seconds
[2024-03-13T06:49:30.162+0000] {processor.py:161} INFO - Started process (PID=1474) to work on /home/airflow/.local/lib/python3.8/site-packages/airflow/example_dags/example_latest_only.py
[2024-03-13T06:49:30.162+0000] {processor.py:830} INFO - Processing file /home/airflow/.local/lib/python3.8/site-packages/airflow/example_dags/example_latest_only.py for tasks to queue
[2024-03-13T06:49:30.163+0000] {logging_mixin.py:188} INFO - [2024-03-13T06:49:30.163+0000] {dagbag.py:540} INFO - Filling up the DagBag from /home/airflow/.local/lib/python3.8/site-packages/airflow/example_dags/example_latest_only.py
[2024-03-13T06:49:30.168+0000] {processor.py:840} INFO - DAG(s) 'latest_only' retrieved from /home/airflow/.local/lib/python3.8/site-packages/airflow/example_dags/example_latest_only.py
[2024-03-13T06:49:30.183+0000] {logging_mixin.py:188} INFO - [2024-03-13T06:49:30.182+0000] {dag.py:3047} INFO - Sync 1 DAGs
[2024-03-13T06:49:30.199+0000] {logging_mixin.py:188} INFO - [2024-03-13T06:49:30.199+0000] {dag.py:3834} INFO - Setting next_dagrun for latest_only to 2024-03-13 00:00:00+00:00, run_after=2024-03-13 04:00:00+00:00
[2024-03-13T06:49:30.217+0000] {processor.py:183} INFO - Processing /home/airflow/.local/lib/python3.8/site-packages/airflow/example_dags/example_latest_only.py took 0.058 seconds
[2024-03-13T06:50:00.365+0000] {processor.py:161} INFO - Started process (PID=1532) to work on /home/airflow/.local/lib/python3.8/site-packages/airflow/example_dags/example_latest_only.py
[2024-03-13T06:50:00.366+0000] {processor.py:830} INFO - Processing file /home/airflow/.local/lib/python3.8/site-packages/airflow/example_dags/example_latest_only.py for tasks to queue
[2024-03-13T06:50:00.367+0000] {logging_mixin.py:188} INFO - [2024-03-13T06:50:00.366+0000] {dagbag.py:540} INFO - Filling up the DagBag from /home/airflow/.local/lib/python3.8/site-packages/airflow/example_dags/example_latest_only.py
[2024-03-13T06:50:00.371+0000] {processor.py:840} INFO - DAG(s) 'latest_only' retrieved from /home/airflow/.local/lib/python3.8/site-packages/airflow/example_dags/example_latest_only.py
[2024-03-13T06:50:00.386+0000] {logging_mixin.py:188} INFO - [2024-03-13T06:50:00.386+0000] {dag.py:3047} INFO - Sync 1 DAGs
[2024-03-13T06:50:00.402+0000] {logging_mixin.py:188} INFO - [2024-03-13T06:50:00.402+0000] {dag.py:3834} INFO - Setting next_dagrun for latest_only to 2024-03-13 00:00:00+00:00, run_after=2024-03-13 04:00:00+00:00
[2024-03-13T06:50:00.420+0000] {processor.py:183} INFO - Processing /home/airflow/.local/lib/python3.8/site-packages/airflow/example_dags/example_latest_only.py took 0.058 seconds
[2024-03-13T06:50:30.539+0000] {processor.py:161} INFO - Started process (PID=1589) to work on /home/airflow/.local/lib/python3.8/site-packages/airflow/example_dags/example_latest_only.py
[2024-03-13T06:50:30.540+0000] {processor.py:830} INFO - Processing file /home/airflow/.local/lib/python3.8/site-packages/airflow/example_dags/example_latest_only.py for tasks to queue
[2024-03-13T06:50:30.541+0000] {logging_mixin.py:188} INFO - [2024-03-13T06:50:30.541+0000] {dagbag.py:540} INFO - Filling up the DagBag from /home/airflow/.local/lib/python3.8/site-packages/airflow/example_dags/example_latest_only.py
[2024-03-13T06:50:30.546+0000] {processor.py:840} INFO - DAG(s) 'latest_only' retrieved from /home/airflow/.local/lib/python3.8/site-packages/airflow/example_dags/example_latest_only.py
[2024-03-13T06:50:30.563+0000] {logging_mixin.py:188} INFO - [2024-03-13T06:50:30.562+0000] {dag.py:3047} INFO - Sync 1 DAGs
[2024-03-13T06:50:30.579+0000] {logging_mixin.py:188} INFO - [2024-03-13T06:50:30.579+0000] {dag.py:3834} INFO - Setting next_dagrun for latest_only to 2024-03-13 00:00:00+00:00, run_after=2024-03-13 04:00:00+00:00
[2024-03-13T06:50:30.597+0000] {processor.py:183} INFO - Processing /home/airflow/.local/lib/python3.8/site-packages/airflow/example_dags/example_latest_only.py took 0.060 seconds
[2024-03-13T06:51:00.740+0000] {processor.py:161} INFO - Started process (PID=1649) to work on /home/airflow/.local/lib/python3.8/site-packages/airflow/example_dags/example_latest_only.py
[2024-03-13T06:51:00.741+0000] {processor.py:830} INFO - Processing file /home/airflow/.local/lib/python3.8/site-packages/airflow/example_dags/example_latest_only.py for tasks to queue
[2024-03-13T06:51:00.742+0000] {logging_mixin.py:188} INFO - [2024-03-13T06:51:00.742+0000] {dagbag.py:540} INFO - Filling up the DagBag from /home/airflow/.local/lib/python3.8/site-packages/airflow/example_dags/example_latest_only.py
[2024-03-13T06:51:00.746+0000] {processor.py:840} INFO - DAG(s) 'latest_only' retrieved from /home/airflow/.local/lib/python3.8/site-packages/airflow/example_dags/example_latest_only.py
[2024-03-13T06:51:00.762+0000] {logging_mixin.py:188} INFO - [2024-03-13T06:51:00.762+0000] {dag.py:3047} INFO - Sync 1 DAGs
[2024-03-13T06:51:00.778+0000] {logging_mixin.py:188} INFO - [2024-03-13T06:51:00.778+0000] {dag.py:3834} INFO - Setting next_dagrun for latest_only to 2024-03-13 00:00:00+00:00, run_after=2024-03-13 04:00:00+00:00
[2024-03-13T06:51:00.797+0000] {processor.py:183} INFO - Processing /home/airflow/.local/lib/python3.8/site-packages/airflow/example_dags/example_latest_only.py took 0.059 seconds
[2024-03-13T06:52:19.378+0000] {processor.py:161} INFO - Started process (PID=64) to work on /home/airflow/.local/lib/python3.8/site-packages/airflow/example_dags/example_latest_only.py
[2024-03-13T06:52:19.379+0000] {processor.py:830} INFO - Processing file /home/airflow/.local/lib/python3.8/site-packages/airflow/example_dags/example_latest_only.py for tasks to queue
[2024-03-13T06:52:19.381+0000] {logging_mixin.py:188} INFO - [2024-03-13T06:52:19.381+0000] {dagbag.py:540} INFO - Filling up the DagBag from /home/airflow/.local/lib/python3.8/site-packages/airflow/example_dags/example_latest_only.py
[2024-03-13T06:52:19.386+0000] {processor.py:840} INFO - DAG(s) 'latest_only' retrieved from /home/airflow/.local/lib/python3.8/site-packages/airflow/example_dags/example_latest_only.py
[2024-03-13T06:52:19.397+0000] {logging_mixin.py:188} INFO - [2024-03-13T06:52:19.397+0000] {dag.py:3047} INFO - Sync 1 DAGs
[2024-03-13T06:52:19.419+0000] {logging_mixin.py:188} INFO - [2024-03-13T06:52:19.419+0000] {dag.py:3834} INFO - Setting next_dagrun for latest_only to 2024-03-13 00:00:00+00:00, run_after=2024-03-13 04:00:00+00:00
[2024-03-13T06:52:19.438+0000] {processor.py:183} INFO - Processing /home/airflow/.local/lib/python3.8/site-packages/airflow/example_dags/example_latest_only.py took 0.064 seconds
[2024-03-13T06:52:50.539+0000] {processor.py:161} INFO - Started process (PID=120) to work on /home/airflow/.local/lib/python3.8/site-packages/airflow/example_dags/example_latest_only.py
[2024-03-13T06:52:50.540+0000] {processor.py:830} INFO - Processing file /home/airflow/.local/lib/python3.8/site-packages/airflow/example_dags/example_latest_only.py for tasks to queue
[2024-03-13T06:52:50.542+0000] {logging_mixin.py:188} INFO - [2024-03-13T06:52:50.541+0000] {dagbag.py:540} INFO - Filling up the DagBag from /home/airflow/.local/lib/python3.8/site-packages/airflow/example_dags/example_latest_only.py
[2024-03-13T06:52:50.545+0000] {processor.py:840} INFO - DAG(s) 'latest_only' retrieved from /home/airflow/.local/lib/python3.8/site-packages/airflow/example_dags/example_latest_only.py
[2024-03-13T06:52:50.620+0000] {logging_mixin.py:188} INFO - [2024-03-13T06:52:50.620+0000] {dag.py:3047} INFO - Sync 1 DAGs
[2024-03-13T06:52:50.635+0000] {logging_mixin.py:188} INFO - [2024-03-13T06:52:50.634+0000] {dag.py:3834} INFO - Setting next_dagrun for latest_only to 2024-03-13 00:00:00+00:00, run_after=2024-03-13 04:00:00+00:00
[2024-03-13T06:52:50.651+0000] {processor.py:183} INFO - Processing /home/airflow/.local/lib/python3.8/site-packages/airflow/example_dags/example_latest_only.py took 0.114 seconds
[2024-03-13T06:53:20.679+0000] {processor.py:161} INFO - Started process (PID=176) to work on /home/airflow/.local/lib/python3.8/site-packages/airflow/example_dags/example_latest_only.py
[2024-03-13T06:53:20.680+0000] {processor.py:830} INFO - Processing file /home/airflow/.local/lib/python3.8/site-packages/airflow/example_dags/example_latest_only.py for tasks to queue
[2024-03-13T06:53:20.682+0000] {logging_mixin.py:188} INFO - [2024-03-13T06:53:20.682+0000] {dagbag.py:540} INFO - Filling up the DagBag from /home/airflow/.local/lib/python3.8/site-packages/airflow/example_dags/example_latest_only.py
[2024-03-13T06:53:20.686+0000] {processor.py:840} INFO - DAG(s) 'latest_only' retrieved from /home/airflow/.local/lib/python3.8/site-packages/airflow/example_dags/example_latest_only.py
[2024-03-13T06:53:20.704+0000] {logging_mixin.py:188} INFO - [2024-03-13T06:53:20.704+0000] {dag.py:3047} INFO - Sync 1 DAGs
[2024-03-13T06:53:20.721+0000] {logging_mixin.py:188} INFO - [2024-03-13T06:53:20.721+0000] {dag.py:3834} INFO - Setting next_dagrun for latest_only to 2024-03-13 00:00:00+00:00, run_after=2024-03-13 04:00:00+00:00
[2024-03-13T06:53:20.737+0000] {processor.py:183} INFO - Processing /home/airflow/.local/lib/python3.8/site-packages/airflow/example_dags/example_latest_only.py took 0.061 seconds
[2024-03-13T06:53:51.073+0000] {processor.py:161} INFO - Started process (PID=232) to work on /home/airflow/.local/lib/python3.8/site-packages/airflow/example_dags/example_latest_only.py
[2024-03-13T06:53:51.074+0000] {processor.py:830} INFO - Processing file /home/airflow/.local/lib/python3.8/site-packages/airflow/example_dags/example_latest_only.py for tasks to queue
[2024-03-13T06:53:51.076+0000] {logging_mixin.py:188} INFO - [2024-03-13T06:53:51.076+0000] {dagbag.py:540} INFO - Filling up the DagBag from /home/airflow/.local/lib/python3.8/site-packages/airflow/example_dags/example_latest_only.py
[2024-03-13T06:53:51.080+0000] {processor.py:840} INFO - DAG(s) 'latest_only' retrieved from /home/airflow/.local/lib/python3.8/site-packages/airflow/example_dags/example_latest_only.py
[2024-03-13T06:53:51.096+0000] {logging_mixin.py:188} INFO - [2024-03-13T06:53:51.095+0000] {dag.py:3047} INFO - Sync 1 DAGs
[2024-03-13T06:53:51.113+0000] {logging_mixin.py:188} INFO - [2024-03-13T06:53:51.113+0000] {dag.py:3834} INFO - Setting next_dagrun for latest_only to 2024-03-13 00:00:00+00:00, run_after=2024-03-13 04:00:00+00:00
[2024-03-13T06:53:51.134+0000] {processor.py:183} INFO - Processing /home/airflow/.local/lib/python3.8/site-packages/airflow/example_dags/example_latest_only.py took 0.063 seconds
[2024-03-13T06:54:21.416+0000] {processor.py:161} INFO - Started process (PID=287) to work on /home/airflow/.local/lib/python3.8/site-packages/airflow/example_dags/example_latest_only.py
[2024-03-13T06:54:21.417+0000] {processor.py:830} INFO - Processing file /home/airflow/.local/lib/python3.8/site-packages/airflow/example_dags/example_latest_only.py for tasks to queue
[2024-03-13T06:54:21.419+0000] {logging_mixin.py:188} INFO - [2024-03-13T06:54:21.418+0000] {dagbag.py:540} INFO - Filling up the DagBag from /home/airflow/.local/lib/python3.8/site-packages/airflow/example_dags/example_latest_only.py
[2024-03-13T06:54:21.423+0000] {processor.py:840} INFO - DAG(s) 'latest_only' retrieved from /home/airflow/.local/lib/python3.8/site-packages/airflow/example_dags/example_latest_only.py
[2024-03-13T06:54:21.439+0000] {logging_mixin.py:188} INFO - [2024-03-13T06:54:21.438+0000] {dag.py:3047} INFO - Sync 1 DAGs
[2024-03-13T06:54:21.456+0000] {logging_mixin.py:188} INFO - [2024-03-13T06:54:21.456+0000] {dag.py:3834} INFO - Setting next_dagrun for latest_only to 2024-03-13 00:00:00+00:00, run_after=2024-03-13 04:00:00+00:00
[2024-03-13T06:54:21.470+0000] {processor.py:183} INFO - Processing /home/airflow/.local/lib/python3.8/site-packages/airflow/example_dags/example_latest_only.py took 0.057 seconds
[2024-03-13T06:54:51.825+0000] {processor.py:161} INFO - Started process (PID=343) to work on /home/airflow/.local/lib/python3.8/site-packages/airflow/example_dags/example_latest_only.py
[2024-03-13T06:54:51.826+0000] {processor.py:830} INFO - Processing file /home/airflow/.local/lib/python3.8/site-packages/airflow/example_dags/example_latest_only.py for tasks to queue
[2024-03-13T06:54:51.828+0000] {logging_mixin.py:188} INFO - [2024-03-13T06:54:51.827+0000] {dagbag.py:540} INFO - Filling up the DagBag from /home/airflow/.local/lib/python3.8/site-packages/airflow/example_dags/example_latest_only.py
[2024-03-13T06:54:51.834+0000] {processor.py:840} INFO - DAG(s) 'latest_only' retrieved from /home/airflow/.local/lib/python3.8/site-packages/airflow/example_dags/example_latest_only.py
[2024-03-13T06:54:51.854+0000] {logging_mixin.py:188} INFO - [2024-03-13T06:54:51.854+0000] {dag.py:3047} INFO - Sync 1 DAGs
[2024-03-13T06:54:51.880+0000] {logging_mixin.py:188} INFO - [2024-03-13T06:54:51.880+0000] {dag.py:3834} INFO - Setting next_dagrun for latest_only to 2024-03-13 00:00:00+00:00, run_after=2024-03-13 04:00:00+00:00
[2024-03-13T06:54:51.901+0000] {processor.py:183} INFO - Processing /home/airflow/.local/lib/python3.8/site-packages/airflow/example_dags/example_latest_only.py took 0.079 seconds
[2024-03-13T06:55:22.825+0000] {processor.py:161} INFO - Started process (PID=399) to work on /home/airflow/.local/lib/python3.8/site-packages/airflow/example_dags/example_latest_only.py
[2024-03-13T06:55:22.827+0000] {processor.py:830} INFO - Processing file /home/airflow/.local/lib/python3.8/site-packages/airflow/example_dags/example_latest_only.py for tasks to queue
[2024-03-13T06:55:22.829+0000] {logging_mixin.py:188} INFO - [2024-03-13T06:55:22.828+0000] {dagbag.py:540} INFO - Filling up the DagBag from /home/airflow/.local/lib/python3.8/site-packages/airflow/example_dags/example_latest_only.py
[2024-03-13T06:55:22.834+0000] {processor.py:840} INFO - DAG(s) 'latest_only' retrieved from /home/airflow/.local/lib/python3.8/site-packages/airflow/example_dags/example_latest_only.py
[2024-03-13T06:55:22.854+0000] {logging_mixin.py:188} INFO - [2024-03-13T06:55:22.854+0000] {dag.py:3047} INFO - Sync 1 DAGs
[2024-03-13T06:55:22.873+0000] {logging_mixin.py:188} INFO - [2024-03-13T06:55:22.873+0000] {dag.py:3834} INFO - Setting next_dagrun for latest_only to 2024-03-13 00:00:00+00:00, run_after=2024-03-13 04:00:00+00:00
[2024-03-13T06:55:22.892+0000] {processor.py:183} INFO - Processing /home/airflow/.local/lib/python3.8/site-packages/airflow/example_dags/example_latest_only.py took 0.071 seconds
[2024-03-13T06:55:53.610+0000] {processor.py:161} INFO - Started process (PID=456) to work on /home/airflow/.local/lib/python3.8/site-packages/airflow/example_dags/example_latest_only.py
[2024-03-13T06:55:53.611+0000] {processor.py:830} INFO - Processing file /home/airflow/.local/lib/python3.8/site-packages/airflow/example_dags/example_latest_only.py for tasks to queue
[2024-03-13T06:55:53.612+0000] {logging_mixin.py:188} INFO - [2024-03-13T06:55:53.612+0000] {dagbag.py:540} INFO - Filling up the DagBag from /home/airflow/.local/lib/python3.8/site-packages/airflow/example_dags/example_latest_only.py
[2024-03-13T06:55:53.616+0000] {processor.py:840} INFO - DAG(s) 'latest_only' retrieved from /home/airflow/.local/lib/python3.8/site-packages/airflow/example_dags/example_latest_only.py
[2024-03-13T06:55:53.631+0000] {logging_mixin.py:188} INFO - [2024-03-13T06:55:53.630+0000] {dag.py:3047} INFO - Sync 1 DAGs
[2024-03-13T06:55:53.647+0000] {logging_mixin.py:188} INFO - [2024-03-13T06:55:53.647+0000] {dag.py:3834} INFO - Setting next_dagrun for latest_only to 2024-03-13 00:00:00+00:00, run_after=2024-03-13 04:00:00+00:00
[2024-03-13T06:55:53.663+0000] {processor.py:183} INFO - Processing /home/airflow/.local/lib/python3.8/site-packages/airflow/example_dags/example_latest_only.py took 0.056 seconds
[2024-03-13T06:56:24.424+0000] {processor.py:161} INFO - Started process (PID=513) to work on /home/airflow/.local/lib/python3.8/site-packages/airflow/example_dags/example_latest_only.py
[2024-03-13T06:56:24.425+0000] {processor.py:830} INFO - Processing file /home/airflow/.local/lib/python3.8/site-packages/airflow/example_dags/example_latest_only.py for tasks to queue
[2024-03-13T06:56:24.427+0000] {logging_mixin.py:188} INFO - [2024-03-13T06:56:24.427+0000] {dagbag.py:540} INFO - Filling up the DagBag from /home/airflow/.local/lib/python3.8/site-packages/airflow/example_dags/example_latest_only.py
[2024-03-13T06:56:24.431+0000] {processor.py:840} INFO - DAG(s) 'latest_only' retrieved from /home/airflow/.local/lib/python3.8/site-packages/airflow/example_dags/example_latest_only.py
[2024-03-13T06:56:24.447+0000] {logging_mixin.py:188} INFO - [2024-03-13T06:56:24.447+0000] {dag.py:3047} INFO - Sync 1 DAGs
[2024-03-13T06:56:24.466+0000] {logging_mixin.py:188} INFO - [2024-03-13T06:56:24.466+0000] {dag.py:3834} INFO - Setting next_dagrun for latest_only to 2024-03-13 00:00:00+00:00, run_after=2024-03-13 04:00:00+00:00
[2024-03-13T06:56:24.489+0000] {processor.py:183} INFO - Processing /home/airflow/.local/lib/python3.8/site-packages/airflow/example_dags/example_latest_only.py took 0.067 seconds
[2024-03-13T07:02:12.935+0000] {processor.py:161} INFO - Started process (PID=64) to work on /home/airflow/.local/lib/python3.8/site-packages/airflow/example_dags/example_latest_only.py
[2024-03-13T07:02:12.937+0000] {processor.py:830} INFO - Processing file /home/airflow/.local/lib/python3.8/site-packages/airflow/example_dags/example_latest_only.py for tasks to queue
[2024-03-13T07:02:12.939+0000] {logging_mixin.py:188} INFO - [2024-03-13T07:02:12.939+0000] {dagbag.py:540} INFO - Filling up the DagBag from /home/airflow/.local/lib/python3.8/site-packages/airflow/example_dags/example_latest_only.py
[2024-03-13T07:02:12.944+0000] {processor.py:840} INFO - DAG(s) 'latest_only' retrieved from /home/airflow/.local/lib/python3.8/site-packages/airflow/example_dags/example_latest_only.py
[2024-03-13T07:02:12.958+0000] {logging_mixin.py:188} INFO - [2024-03-13T07:02:12.958+0000] {dag.py:3047} INFO - Sync 1 DAGs
[2024-03-13T07:02:12.987+0000] {logging_mixin.py:188} INFO - [2024-03-13T07:02:12.987+0000] {dag.py:3834} INFO - Setting next_dagrun for latest_only to 2024-03-13 00:00:00+00:00, run_after=2024-03-13 04:00:00+00:00
[2024-03-13T07:02:13.012+0000] {processor.py:183} INFO - Processing /home/airflow/.local/lib/python3.8/site-packages/airflow/example_dags/example_latest_only.py took 0.082 seconds
[2024-03-13T07:02:44.159+0000] {processor.py:161} INFO - Started process (PID=121) to work on /home/airflow/.local/lib/python3.8/site-packages/airflow/example_dags/example_latest_only.py
[2024-03-13T07:02:44.160+0000] {processor.py:830} INFO - Processing file /home/airflow/.local/lib/python3.8/site-packages/airflow/example_dags/example_latest_only.py for tasks to queue
[2024-03-13T07:02:44.161+0000] {logging_mixin.py:188} INFO - [2024-03-13T07:02:44.161+0000] {dagbag.py:540} INFO - Filling up the DagBag from /home/airflow/.local/lib/python3.8/site-packages/airflow/example_dags/example_latest_only.py
[2024-03-13T07:02:44.165+0000] {processor.py:840} INFO - DAG(s) 'latest_only' retrieved from /home/airflow/.local/lib/python3.8/site-packages/airflow/example_dags/example_latest_only.py
[2024-03-13T07:02:44.238+0000] {logging_mixin.py:188} INFO - [2024-03-13T07:02:44.238+0000] {dag.py:3047} INFO - Sync 1 DAGs
[2024-03-13T07:02:44.253+0000] {logging_mixin.py:188} INFO - [2024-03-13T07:02:44.253+0000] {dag.py:3834} INFO - Setting next_dagrun for latest_only to 2024-03-13 00:00:00+00:00, run_after=2024-03-13 04:00:00+00:00
[2024-03-13T07:02:44.270+0000] {processor.py:183} INFO - Processing /home/airflow/.local/lib/python3.8/site-packages/airflow/example_dags/example_latest_only.py took 0.114 seconds
[2024-03-13T07:03:15.112+0000] {processor.py:161} INFO - Started process (PID=177) to work on /home/airflow/.local/lib/python3.8/site-packages/airflow/example_dags/example_latest_only.py
[2024-03-13T07:03:15.113+0000] {processor.py:830} INFO - Processing file /home/airflow/.local/lib/python3.8/site-packages/airflow/example_dags/example_latest_only.py for tasks to queue
[2024-03-13T07:03:15.115+0000] {logging_mixin.py:188} INFO - [2024-03-13T07:03:15.115+0000] {dagbag.py:540} INFO - Filling up the DagBag from /home/airflow/.local/lib/python3.8/site-packages/airflow/example_dags/example_latest_only.py
[2024-03-13T07:03:15.119+0000] {processor.py:840} INFO - DAG(s) 'latest_only' retrieved from /home/airflow/.local/lib/python3.8/site-packages/airflow/example_dags/example_latest_only.py
[2024-03-13T07:03:15.134+0000] {logging_mixin.py:188} INFO - [2024-03-13T07:03:15.134+0000] {dag.py:3047} INFO - Sync 1 DAGs
[2024-03-13T07:03:15.152+0000] {logging_mixin.py:188} INFO - [2024-03-13T07:03:15.152+0000] {dag.py:3834} INFO - Setting next_dagrun for latest_only to 2024-03-13 00:00:00+00:00, run_after=2024-03-13 04:00:00+00:00
[2024-03-13T07:03:15.167+0000] {processor.py:183} INFO - Processing /home/airflow/.local/lib/python3.8/site-packages/airflow/example_dags/example_latest_only.py took 0.057 seconds
[2024-03-13T07:03:45.462+0000] {processor.py:161} INFO - Started process (PID=233) to work on /home/airflow/.local/lib/python3.8/site-packages/airflow/example_dags/example_latest_only.py
[2024-03-13T07:03:45.463+0000] {processor.py:830} INFO - Processing file /home/airflow/.local/lib/python3.8/site-packages/airflow/example_dags/example_latest_only.py for tasks to queue
[2024-03-13T07:03:45.465+0000] {logging_mixin.py:188} INFO - [2024-03-13T07:03:45.465+0000] {dagbag.py:540} INFO - Filling up the DagBag from /home/airflow/.local/lib/python3.8/site-packages/airflow/example_dags/example_latest_only.py
[2024-03-13T07:03:45.469+0000] {processor.py:840} INFO - DAG(s) 'latest_only' retrieved from /home/airflow/.local/lib/python3.8/site-packages/airflow/example_dags/example_latest_only.py
[2024-03-13T07:03:45.483+0000] {logging_mixin.py:188} INFO - [2024-03-13T07:03:45.483+0000] {dag.py:3047} INFO - Sync 1 DAGs
[2024-03-13T07:03:45.501+0000] {logging_mixin.py:188} INFO - [2024-03-13T07:03:45.501+0000] {dag.py:3834} INFO - Setting next_dagrun for latest_only to 2024-03-13 00:00:00+00:00, run_after=2024-03-13 04:00:00+00:00
[2024-03-13T07:03:45.517+0000] {processor.py:183} INFO - Processing /home/airflow/.local/lib/python3.8/site-packages/airflow/example_dags/example_latest_only.py took 0.057 seconds
[2024-03-13T07:04:16.002+0000] {processor.py:161} INFO - Started process (PID=289) to work on /home/airflow/.local/lib/python3.8/site-packages/airflow/example_dags/example_latest_only.py
[2024-03-13T07:04:16.003+0000] {processor.py:830} INFO - Processing file /home/airflow/.local/lib/python3.8/site-packages/airflow/example_dags/example_latest_only.py for tasks to queue
[2024-03-13T07:04:16.005+0000] {logging_mixin.py:188} INFO - [2024-03-13T07:04:16.005+0000] {dagbag.py:540} INFO - Filling up the DagBag from /home/airflow/.local/lib/python3.8/site-packages/airflow/example_dags/example_latest_only.py
[2024-03-13T07:04:16.009+0000] {processor.py:840} INFO - DAG(s) 'latest_only' retrieved from /home/airflow/.local/lib/python3.8/site-packages/airflow/example_dags/example_latest_only.py
[2024-03-13T07:04:16.024+0000] {logging_mixin.py:188} INFO - [2024-03-13T07:04:16.023+0000] {dag.py:3047} INFO - Sync 1 DAGs
[2024-03-13T07:04:16.041+0000] {logging_mixin.py:188} INFO - [2024-03-13T07:04:16.041+0000] {dag.py:3834} INFO - Setting next_dagrun for latest_only to 2024-03-13 00:00:00+00:00, run_after=2024-03-13 04:00:00+00:00
[2024-03-13T07:04:16.057+0000] {processor.py:183} INFO - Processing /home/airflow/.local/lib/python3.8/site-packages/airflow/example_dags/example_latest_only.py took 0.057 seconds
[2024-03-13T07:04:46.475+0000] {processor.py:161} INFO - Started process (PID=345) to work on /home/airflow/.local/lib/python3.8/site-packages/airflow/example_dags/example_latest_only.py
[2024-03-13T07:04:46.476+0000] {processor.py:830} INFO - Processing file /home/airflow/.local/lib/python3.8/site-packages/airflow/example_dags/example_latest_only.py for tasks to queue
[2024-03-13T07:04:46.477+0000] {logging_mixin.py:188} INFO - [2024-03-13T07:04:46.477+0000] {dagbag.py:540} INFO - Filling up the DagBag from /home/airflow/.local/lib/python3.8/site-packages/airflow/example_dags/example_latest_only.py
[2024-03-13T07:04:46.482+0000] {processor.py:840} INFO - DAG(s) 'latest_only' retrieved from /home/airflow/.local/lib/python3.8/site-packages/airflow/example_dags/example_latest_only.py
[2024-03-13T07:04:46.496+0000] {logging_mixin.py:188} INFO - [2024-03-13T07:04:46.496+0000] {dag.py:3047} INFO - Sync 1 DAGs
[2024-03-13T07:04:46.513+0000] {logging_mixin.py:188} INFO - [2024-03-13T07:04:46.513+0000] {dag.py:3834} INFO - Setting next_dagrun for latest_only to 2024-03-13 00:00:00+00:00, run_after=2024-03-13 04:00:00+00:00
[2024-03-13T07:04:46.529+0000] {processor.py:183} INFO - Processing /home/airflow/.local/lib/python3.8/site-packages/airflow/example_dags/example_latest_only.py took 0.056 seconds
[2024-03-13T07:05:16.869+0000] {processor.py:161} INFO - Started process (PID=401) to work on /home/airflow/.local/lib/python3.8/site-packages/airflow/example_dags/example_latest_only.py
[2024-03-13T07:05:16.870+0000] {processor.py:830} INFO - Processing file /home/airflow/.local/lib/python3.8/site-packages/airflow/example_dags/example_latest_only.py for tasks to queue
[2024-03-13T07:05:16.871+0000] {logging_mixin.py:188} INFO - [2024-03-13T07:05:16.871+0000] {dagbag.py:540} INFO - Filling up the DagBag from /home/airflow/.local/lib/python3.8/site-packages/airflow/example_dags/example_latest_only.py
[2024-03-13T07:05:16.875+0000] {processor.py:840} INFO - DAG(s) 'latest_only' retrieved from /home/airflow/.local/lib/python3.8/site-packages/airflow/example_dags/example_latest_only.py
[2024-03-13T07:05:16.891+0000] {logging_mixin.py:188} INFO - [2024-03-13T07:05:16.890+0000] {dag.py:3047} INFO - Sync 1 DAGs
[2024-03-13T07:05:16.909+0000] {logging_mixin.py:188} INFO - [2024-03-13T07:05:16.909+0000] {dag.py:3834} INFO - Setting next_dagrun for latest_only to 2024-03-13 00:00:00+00:00, run_after=2024-03-13 04:00:00+00:00
[2024-03-13T07:05:16.926+0000] {processor.py:183} INFO - Processing /home/airflow/.local/lib/python3.8/site-packages/airflow/example_dags/example_latest_only.py took 0.060 seconds
[2024-03-13T07:05:47.174+0000] {processor.py:161} INFO - Started process (PID=457) to work on /home/airflow/.local/lib/python3.8/site-packages/airflow/example_dags/example_latest_only.py
[2024-03-13T07:05:47.175+0000] {processor.py:830} INFO - Processing file /home/airflow/.local/lib/python3.8/site-packages/airflow/example_dags/example_latest_only.py for tasks to queue
[2024-03-13T07:05:47.177+0000] {logging_mixin.py:188} INFO - [2024-03-13T07:05:47.177+0000] {dagbag.py:540} INFO - Filling up the DagBag from /home/airflow/.local/lib/python3.8/site-packages/airflow/example_dags/example_latest_only.py
[2024-03-13T07:05:47.181+0000] {processor.py:840} INFO - DAG(s) 'latest_only' retrieved from /home/airflow/.local/lib/python3.8/site-packages/airflow/example_dags/example_latest_only.py
[2024-03-13T07:05:47.197+0000] {logging_mixin.py:188} INFO - [2024-03-13T07:05:47.197+0000] {dag.py:3047} INFO - Sync 1 DAGs
[2024-03-13T07:05:47.214+0000] {logging_mixin.py:188} INFO - [2024-03-13T07:05:47.214+0000] {dag.py:3834} INFO - Setting next_dagrun for latest_only to 2024-03-13 00:00:00+00:00, run_after=2024-03-13 04:00:00+00:00
[2024-03-13T07:05:47.229+0000] {processor.py:183} INFO - Processing /home/airflow/.local/lib/python3.8/site-packages/airflow/example_dags/example_latest_only.py took 0.057 seconds
[2024-03-13T07:06:17.562+0000] {processor.py:161} INFO - Started process (PID=513) to work on /home/airflow/.local/lib/python3.8/site-packages/airflow/example_dags/example_latest_only.py
[2024-03-13T07:06:17.563+0000] {processor.py:830} INFO - Processing file /home/airflow/.local/lib/python3.8/site-packages/airflow/example_dags/example_latest_only.py for tasks to queue
[2024-03-13T07:06:17.565+0000] {logging_mixin.py:188} INFO - [2024-03-13T07:06:17.565+0000] {dagbag.py:540} INFO - Filling up the DagBag from /home/airflow/.local/lib/python3.8/site-packages/airflow/example_dags/example_latest_only.py
[2024-03-13T07:06:17.569+0000] {processor.py:840} INFO - DAG(s) 'latest_only' retrieved from /home/airflow/.local/lib/python3.8/site-packages/airflow/example_dags/example_latest_only.py
[2024-03-13T07:06:17.586+0000] {logging_mixin.py:188} INFO - [2024-03-13T07:06:17.586+0000] {dag.py:3047} INFO - Sync 1 DAGs
[2024-03-13T07:06:17.603+0000] {logging_mixin.py:188} INFO - [2024-03-13T07:06:17.602+0000] {dag.py:3834} INFO - Setting next_dagrun for latest_only to 2024-03-13 00:00:00+00:00, run_after=2024-03-13 04:00:00+00:00
[2024-03-13T07:06:17.617+0000] {processor.py:183} INFO - Processing /home/airflow/.local/lib/python3.8/site-packages/airflow/example_dags/example_latest_only.py took 0.057 seconds
[2024-03-13T07:06:47.976+0000] {processor.py:161} INFO - Started process (PID=569) to work on /home/airflow/.local/lib/python3.8/site-packages/airflow/example_dags/example_latest_only.py
[2024-03-13T07:06:47.977+0000] {processor.py:830} INFO - Processing file /home/airflow/.local/lib/python3.8/site-packages/airflow/example_dags/example_latest_only.py for tasks to queue
[2024-03-13T07:06:47.979+0000] {logging_mixin.py:188} INFO - [2024-03-13T07:06:47.979+0000] {dagbag.py:540} INFO - Filling up the DagBag from /home/airflow/.local/lib/python3.8/site-packages/airflow/example_dags/example_latest_only.py
[2024-03-13T07:06:47.982+0000] {processor.py:840} INFO - DAG(s) 'latest_only' retrieved from /home/airflow/.local/lib/python3.8/site-packages/airflow/example_dags/example_latest_only.py
[2024-03-13T07:06:47.998+0000] {logging_mixin.py:188} INFO - [2024-03-13T07:06:47.997+0000] {dag.py:3047} INFO - Sync 1 DAGs
[2024-03-13T07:06:48.016+0000] {logging_mixin.py:188} INFO - [2024-03-13T07:06:48.015+0000] {dag.py:3834} INFO - Setting next_dagrun for latest_only to 2024-03-13 00:00:00+00:00, run_after=2024-03-13 04:00:00+00:00
[2024-03-13T07:06:48.032+0000] {processor.py:183} INFO - Processing /home/airflow/.local/lib/python3.8/site-packages/airflow/example_dags/example_latest_only.py took 0.058 seconds
[2024-03-13T07:09:30.243+0000] {processor.py:161} INFO - Started process (PID=65) to work on /home/airflow/.local/lib/python3.8/site-packages/airflow/example_dags/example_latest_only.py
[2024-03-13T07:09:30.244+0000] {processor.py:830} INFO - Processing file /home/airflow/.local/lib/python3.8/site-packages/airflow/example_dags/example_latest_only.py for tasks to queue
[2024-03-13T07:09:30.246+0000] {logging_mixin.py:188} INFO - [2024-03-13T07:09:30.246+0000] {dagbag.py:540} INFO - Filling up the DagBag from /home/airflow/.local/lib/python3.8/site-packages/airflow/example_dags/example_latest_only.py
[2024-03-13T07:09:30.251+0000] {processor.py:840} INFO - DAG(s) 'latest_only' retrieved from /home/airflow/.local/lib/python3.8/site-packages/airflow/example_dags/example_latest_only.py
[2024-03-13T07:09:30.262+0000] {logging_mixin.py:188} INFO - [2024-03-13T07:09:30.262+0000] {dag.py:3047} INFO - Sync 1 DAGs
[2024-03-13T07:09:30.280+0000] {logging_mixin.py:188} INFO - [2024-03-13T07:09:30.280+0000] {dag.py:3834} INFO - Setting next_dagrun for latest_only to 2024-03-13 00:00:00+00:00, run_after=2024-03-13 04:00:00+00:00
[2024-03-13T07:09:30.301+0000] {processor.py:183} INFO - Processing /home/airflow/.local/lib/python3.8/site-packages/airflow/example_dags/example_latest_only.py took 0.061 seconds
[2024-03-13T07:10:01.212+0000] {processor.py:161} INFO - Started process (PID=121) to work on /home/airflow/.local/lib/python3.8/site-packages/airflow/example_dags/example_latest_only.py
[2024-03-13T07:10:01.213+0000] {processor.py:830} INFO - Processing file /home/airflow/.local/lib/python3.8/site-packages/airflow/example_dags/example_latest_only.py for tasks to queue
[2024-03-13T07:10:01.215+0000] {logging_mixin.py:188} INFO - [2024-03-13T07:10:01.214+0000] {dagbag.py:540} INFO - Filling up the DagBag from /home/airflow/.local/lib/python3.8/site-packages/airflow/example_dags/example_latest_only.py
[2024-03-13T07:10:01.219+0000] {processor.py:840} INFO - DAG(s) 'latest_only' retrieved from /home/airflow/.local/lib/python3.8/site-packages/airflow/example_dags/example_latest_only.py
[2024-03-13T07:10:01.287+0000] {logging_mixin.py:188} INFO - [2024-03-13T07:10:01.287+0000] {dag.py:3047} INFO - Sync 1 DAGs
[2024-03-13T07:10:01.302+0000] {logging_mixin.py:188} INFO - [2024-03-13T07:10:01.302+0000] {dag.py:3834} INFO - Setting next_dagrun for latest_only to 2024-03-13 00:00:00+00:00, run_after=2024-03-13 04:00:00+00:00
[2024-03-13T07:10:01.318+0000] {processor.py:183} INFO - Processing /home/airflow/.local/lib/python3.8/site-packages/airflow/example_dags/example_latest_only.py took 0.109 seconds
[2024-03-13T07:10:31.657+0000] {processor.py:161} INFO - Started process (PID=177) to work on /home/airflow/.local/lib/python3.8/site-packages/airflow/example_dags/example_latest_only.py
[2024-03-13T07:10:31.658+0000] {processor.py:830} INFO - Processing file /home/airflow/.local/lib/python3.8/site-packages/airflow/example_dags/example_latest_only.py for tasks to queue
[2024-03-13T07:10:31.660+0000] {logging_mixin.py:188} INFO - [2024-03-13T07:10:31.660+0000] {dagbag.py:540} INFO - Filling up the DagBag from /home/airflow/.local/lib/python3.8/site-packages/airflow/example_dags/example_latest_only.py
[2024-03-13T07:10:31.664+0000] {processor.py:840} INFO - DAG(s) 'latest_only' retrieved from /home/airflow/.local/lib/python3.8/site-packages/airflow/example_dags/example_latest_only.py
[2024-03-13T07:10:31.679+0000] {logging_mixin.py:188} INFO - [2024-03-13T07:10:31.679+0000] {dag.py:3047} INFO - Sync 1 DAGs
[2024-03-13T07:10:31.697+0000] {logging_mixin.py:188} INFO - [2024-03-13T07:10:31.697+0000] {dag.py:3834} INFO - Setting next_dagrun for latest_only to 2024-03-13 00:00:00+00:00, run_after=2024-03-13 04:00:00+00:00
[2024-03-13T07:10:31.714+0000] {processor.py:183} INFO - Processing /home/airflow/.local/lib/python3.8/site-packages/airflow/example_dags/example_latest_only.py took 0.059 seconds
[2024-03-13T07:11:01.934+0000] {processor.py:161} INFO - Started process (PID=233) to work on /home/airflow/.local/lib/python3.8/site-packages/airflow/example_dags/example_latest_only.py
[2024-03-13T07:11:01.934+0000] {processor.py:830} INFO - Processing file /home/airflow/.local/lib/python3.8/site-packages/airflow/example_dags/example_latest_only.py for tasks to queue
[2024-03-13T07:11:01.936+0000] {logging_mixin.py:188} INFO - [2024-03-13T07:11:01.936+0000] {dagbag.py:540} INFO - Filling up the DagBag from /home/airflow/.local/lib/python3.8/site-packages/airflow/example_dags/example_latest_only.py
[2024-03-13T07:11:01.940+0000] {processor.py:840} INFO - DAG(s) 'latest_only' retrieved from /home/airflow/.local/lib/python3.8/site-packages/airflow/example_dags/example_latest_only.py
[2024-03-13T07:11:01.955+0000] {logging_mixin.py:188} INFO - [2024-03-13T07:11:01.955+0000] {dag.py:3047} INFO - Sync 1 DAGs
[2024-03-13T07:11:01.974+0000] {logging_mixin.py:188} INFO - [2024-03-13T07:11:01.974+0000] {dag.py:3834} INFO - Setting next_dagrun for latest_only to 2024-03-13 00:00:00+00:00, run_after=2024-03-13 04:00:00+00:00
[2024-03-13T07:11:01.992+0000] {processor.py:183} INFO - Processing /home/airflow/.local/lib/python3.8/site-packages/airflow/example_dags/example_latest_only.py took 0.061 seconds
[2024-03-13T07:11:32.254+0000] {processor.py:161} INFO - Started process (PID=290) to work on /home/airflow/.local/lib/python3.8/site-packages/airflow/example_dags/example_latest_only.py
[2024-03-13T07:11:32.255+0000] {processor.py:830} INFO - Processing file /home/airflow/.local/lib/python3.8/site-packages/airflow/example_dags/example_latest_only.py for tasks to queue
[2024-03-13T07:11:32.256+0000] {logging_mixin.py:188} INFO - [2024-03-13T07:11:32.256+0000] {dagbag.py:540} INFO - Filling up the DagBag from /home/airflow/.local/lib/python3.8/site-packages/airflow/example_dags/example_latest_only.py
[2024-03-13T07:11:32.265+0000] {processor.py:840} INFO - DAG(s) 'latest_only' retrieved from /home/airflow/.local/lib/python3.8/site-packages/airflow/example_dags/example_latest_only.py
[2024-03-13T07:11:32.280+0000] {logging_mixin.py:188} INFO - [2024-03-13T07:11:32.279+0000] {dag.py:3047} INFO - Sync 1 DAGs
[2024-03-13T07:11:32.297+0000] {logging_mixin.py:188} INFO - [2024-03-13T07:11:32.297+0000] {dag.py:3834} INFO - Setting next_dagrun for latest_only to 2024-03-13 00:00:00+00:00, run_after=2024-03-13 04:00:00+00:00
[2024-03-13T07:11:32.313+0000] {processor.py:183} INFO - Processing /home/airflow/.local/lib/python3.8/site-packages/airflow/example_dags/example_latest_only.py took 0.061 seconds
