[2024-03-13T06:40:19.843+0000] {processor.py:161} INFO - Started process (PID=442) to work on /home/airflow/.local/lib/python3.8/site-packages/airflow/example_dags/example_bash_operator.py
[2024-03-13T06:40:19.844+0000] {processor.py:830} INFO - Processing file /home/airflow/.local/lib/python3.8/site-packages/airflow/example_dags/example_bash_operator.py for tasks to queue
[2024-03-13T06:40:19.845+0000] {logging_mixin.py:188} INFO - [2024-03-13T06:40:19.845+0000] {dagbag.py:540} INFO - Filling up the DagBag from /home/airflow/.local/lib/python3.8/site-packages/airflow/example_dags/example_bash_operator.py
[2024-03-13T06:40:19.854+0000] {processor.py:840} INFO - DAG(s) 'example_bash_operator' retrieved from /home/airflow/.local/lib/python3.8/site-packages/airflow/example_dags/example_bash_operator.py
[2024-03-13T06:40:19.877+0000] {logging_mixin.py:188} INFO - [2024-03-13T06:40:19.876+0000] {dag.py:3047} INFO - Sync 1 DAGs
[2024-03-13T06:40:19.894+0000] {logging_mixin.py:188} INFO - [2024-03-13T06:40:19.894+0000] {dag.py:3834} INFO - Setting next_dagrun for example_bash_operator to 2024-03-12 00:00:00+00:00, run_after=2024-03-13 00:00:00+00:00
[2024-03-13T06:40:19.909+0000] {processor.py:183} INFO - Processing /home/airflow/.local/lib/python3.8/site-packages/airflow/example_dags/example_bash_operator.py took 0.069 seconds
[2024-03-13T06:40:50.222+0000] {processor.py:161} INFO - Started process (PID=498) to work on /home/airflow/.local/lib/python3.8/site-packages/airflow/example_dags/example_bash_operator.py
[2024-03-13T06:40:50.224+0000] {processor.py:830} INFO - Processing file /home/airflow/.local/lib/python3.8/site-packages/airflow/example_dags/example_bash_operator.py for tasks to queue
[2024-03-13T06:40:50.225+0000] {logging_mixin.py:188} INFO - [2024-03-13T06:40:50.225+0000] {dagbag.py:540} INFO - Filling up the DagBag from /home/airflow/.local/lib/python3.8/site-packages/airflow/example_dags/example_bash_operator.py
[2024-03-13T06:40:50.234+0000] {processor.py:840} INFO - DAG(s) 'example_bash_operator' retrieved from /home/airflow/.local/lib/python3.8/site-packages/airflow/example_dags/example_bash_operator.py
[2024-03-13T06:40:50.257+0000] {logging_mixin.py:188} INFO - [2024-03-13T06:40:50.256+0000] {dag.py:3047} INFO - Sync 1 DAGs
[2024-03-13T06:40:50.274+0000] {logging_mixin.py:188} INFO - [2024-03-13T06:40:50.274+0000] {dag.py:3834} INFO - Setting next_dagrun for example_bash_operator to 2024-03-12 00:00:00+00:00, run_after=2024-03-13 00:00:00+00:00
[2024-03-13T06:40:50.288+0000] {processor.py:183} INFO - Processing /home/airflow/.local/lib/python3.8/site-packages/airflow/example_dags/example_bash_operator.py took 0.068 seconds
[2024-03-13T06:41:20.714+0000] {processor.py:161} INFO - Started process (PID=554) to work on /home/airflow/.local/lib/python3.8/site-packages/airflow/example_dags/example_bash_operator.py
[2024-03-13T06:41:20.715+0000] {processor.py:830} INFO - Processing file /home/airflow/.local/lib/python3.8/site-packages/airflow/example_dags/example_bash_operator.py for tasks to queue
[2024-03-13T06:41:20.716+0000] {logging_mixin.py:188} INFO - [2024-03-13T06:41:20.716+0000] {dagbag.py:540} INFO - Filling up the DagBag from /home/airflow/.local/lib/python3.8/site-packages/airflow/example_dags/example_bash_operator.py
[2024-03-13T06:41:20.725+0000] {processor.py:840} INFO - DAG(s) 'example_bash_operator' retrieved from /home/airflow/.local/lib/python3.8/site-packages/airflow/example_dags/example_bash_operator.py
[2024-03-13T06:41:20.750+0000] {logging_mixin.py:188} INFO - [2024-03-13T06:41:20.750+0000] {dag.py:3047} INFO - Sync 1 DAGs
[2024-03-13T06:41:20.768+0000] {logging_mixin.py:188} INFO - [2024-03-13T06:41:20.768+0000] {dag.py:3834} INFO - Setting next_dagrun for example_bash_operator to 2024-03-12 00:00:00+00:00, run_after=2024-03-13 00:00:00+00:00
[2024-03-13T06:41:20.785+0000] {processor.py:183} INFO - Processing /home/airflow/.local/lib/python3.8/site-packages/airflow/example_dags/example_bash_operator.py took 0.073 seconds
[2024-03-13T06:41:51.437+0000] {processor.py:161} INFO - Started process (PID=610) to work on /home/airflow/.local/lib/python3.8/site-packages/airflow/example_dags/example_bash_operator.py
[2024-03-13T06:41:51.438+0000] {processor.py:830} INFO - Processing file /home/airflow/.local/lib/python3.8/site-packages/airflow/example_dags/example_bash_operator.py for tasks to queue
[2024-03-13T06:41:51.439+0000] {logging_mixin.py:188} INFO - [2024-03-13T06:41:51.439+0000] {dagbag.py:540} INFO - Filling up the DagBag from /home/airflow/.local/lib/python3.8/site-packages/airflow/example_dags/example_bash_operator.py
[2024-03-13T06:41:51.448+0000] {processor.py:840} INFO - DAG(s) 'example_bash_operator' retrieved from /home/airflow/.local/lib/python3.8/site-packages/airflow/example_dags/example_bash_operator.py
[2024-03-13T06:41:51.473+0000] {logging_mixin.py:188} INFO - [2024-03-13T06:41:51.473+0000] {dag.py:3047} INFO - Sync 1 DAGs
[2024-03-13T06:41:51.491+0000] {logging_mixin.py:188} INFO - [2024-03-13T06:41:51.491+0000] {dag.py:3834} INFO - Setting next_dagrun for example_bash_operator to 2024-03-12 00:00:00+00:00, run_after=2024-03-13 00:00:00+00:00
[2024-03-13T06:41:51.509+0000] {processor.py:183} INFO - Processing /home/airflow/.local/lib/python3.8/site-packages/airflow/example_dags/example_bash_operator.py took 0.074 seconds
[2024-03-13T06:42:21.685+0000] {processor.py:161} INFO - Started process (PID=666) to work on /home/airflow/.local/lib/python3.8/site-packages/airflow/example_dags/example_bash_operator.py
[2024-03-13T06:42:21.686+0000] {processor.py:830} INFO - Processing file /home/airflow/.local/lib/python3.8/site-packages/airflow/example_dags/example_bash_operator.py for tasks to queue
[2024-03-13T06:42:21.687+0000] {logging_mixin.py:188} INFO - [2024-03-13T06:42:21.687+0000] {dagbag.py:540} INFO - Filling up the DagBag from /home/airflow/.local/lib/python3.8/site-packages/airflow/example_dags/example_bash_operator.py
[2024-03-13T06:42:21.696+0000] {processor.py:840} INFO - DAG(s) 'example_bash_operator' retrieved from /home/airflow/.local/lib/python3.8/site-packages/airflow/example_dags/example_bash_operator.py
[2024-03-13T06:42:21.720+0000] {logging_mixin.py:188} INFO - [2024-03-13T06:42:21.719+0000] {dag.py:3047} INFO - Sync 1 DAGs
[2024-03-13T06:42:21.739+0000] {logging_mixin.py:188} INFO - [2024-03-13T06:42:21.738+0000] {dag.py:3834} INFO - Setting next_dagrun for example_bash_operator to 2024-03-12 00:00:00+00:00, run_after=2024-03-13 00:00:00+00:00
[2024-03-13T06:42:21.755+0000] {processor.py:183} INFO - Processing /home/airflow/.local/lib/python3.8/site-packages/airflow/example_dags/example_bash_operator.py took 0.073 seconds
[2024-03-13T06:42:51.941+0000] {processor.py:161} INFO - Started process (PID=722) to work on /home/airflow/.local/lib/python3.8/site-packages/airflow/example_dags/example_bash_operator.py
[2024-03-13T06:42:51.942+0000] {processor.py:830} INFO - Processing file /home/airflow/.local/lib/python3.8/site-packages/airflow/example_dags/example_bash_operator.py for tasks to queue
[2024-03-13T06:42:51.942+0000] {logging_mixin.py:188} INFO - [2024-03-13T06:42:51.942+0000] {dagbag.py:540} INFO - Filling up the DagBag from /home/airflow/.local/lib/python3.8/site-packages/airflow/example_dags/example_bash_operator.py
[2024-03-13T06:42:51.951+0000] {processor.py:840} INFO - DAG(s) 'example_bash_operator' retrieved from /home/airflow/.local/lib/python3.8/site-packages/airflow/example_dags/example_bash_operator.py
[2024-03-13T06:42:51.974+0000] {logging_mixin.py:188} INFO - [2024-03-13T06:42:51.974+0000] {dag.py:3047} INFO - Sync 1 DAGs
[2024-03-13T06:42:51.992+0000] {logging_mixin.py:188} INFO - [2024-03-13T06:42:51.991+0000] {dag.py:3834} INFO - Setting next_dagrun for example_bash_operator to 2024-03-12 00:00:00+00:00, run_after=2024-03-13 00:00:00+00:00
[2024-03-13T06:42:52.007+0000] {processor.py:183} INFO - Processing /home/airflow/.local/lib/python3.8/site-packages/airflow/example_dags/example_bash_operator.py took 0.069 seconds
[2024-03-13T06:43:22.283+0000] {processor.py:161} INFO - Started process (PID=778) to work on /home/airflow/.local/lib/python3.8/site-packages/airflow/example_dags/example_bash_operator.py
[2024-03-13T06:43:22.284+0000] {processor.py:830} INFO - Processing file /home/airflow/.local/lib/python3.8/site-packages/airflow/example_dags/example_bash_operator.py for tasks to queue
[2024-03-13T06:43:22.285+0000] {logging_mixin.py:188} INFO - [2024-03-13T06:43:22.285+0000] {dagbag.py:540} INFO - Filling up the DagBag from /home/airflow/.local/lib/python3.8/site-packages/airflow/example_dags/example_bash_operator.py
[2024-03-13T06:43:22.294+0000] {processor.py:840} INFO - DAG(s) 'example_bash_operator' retrieved from /home/airflow/.local/lib/python3.8/site-packages/airflow/example_dags/example_bash_operator.py
[2024-03-13T06:43:22.316+0000] {logging_mixin.py:188} INFO - [2024-03-13T06:43:22.316+0000] {dag.py:3047} INFO - Sync 1 DAGs
[2024-03-13T06:43:22.334+0000] {logging_mixin.py:188} INFO - [2024-03-13T06:43:22.334+0000] {dag.py:3834} INFO - Setting next_dagrun for example_bash_operator to 2024-03-12 00:00:00+00:00, run_after=2024-03-13 00:00:00+00:00
[2024-03-13T06:43:22.351+0000] {processor.py:183} INFO - Processing /home/airflow/.local/lib/python3.8/site-packages/airflow/example_dags/example_bash_operator.py took 0.070 seconds
[2024-03-13T06:43:52.953+0000] {processor.py:161} INFO - Started process (PID=834) to work on /home/airflow/.local/lib/python3.8/site-packages/airflow/example_dags/example_bash_operator.py
[2024-03-13T06:43:52.954+0000] {processor.py:830} INFO - Processing file /home/airflow/.local/lib/python3.8/site-packages/airflow/example_dags/example_bash_operator.py for tasks to queue
[2024-03-13T06:43:52.955+0000] {logging_mixin.py:188} INFO - [2024-03-13T06:43:52.955+0000] {dagbag.py:540} INFO - Filling up the DagBag from /home/airflow/.local/lib/python3.8/site-packages/airflow/example_dags/example_bash_operator.py
[2024-03-13T06:43:52.965+0000] {processor.py:840} INFO - DAG(s) 'example_bash_operator' retrieved from /home/airflow/.local/lib/python3.8/site-packages/airflow/example_dags/example_bash_operator.py
[2024-03-13T06:43:52.988+0000] {logging_mixin.py:188} INFO - [2024-03-13T06:43:52.987+0000] {dag.py:3047} INFO - Sync 1 DAGs
[2024-03-13T06:43:53.006+0000] {logging_mixin.py:188} INFO - [2024-03-13T06:43:53.006+0000] {dag.py:3834} INFO - Setting next_dagrun for example_bash_operator to 2024-03-12 00:00:00+00:00, run_after=2024-03-13 00:00:00+00:00
[2024-03-13T06:43:53.026+0000] {processor.py:183} INFO - Processing /home/airflow/.local/lib/python3.8/site-packages/airflow/example_dags/example_bash_operator.py took 0.075 seconds
[2024-03-13T06:44:23.115+0000] {processor.py:161} INFO - Started process (PID=890) to work on /home/airflow/.local/lib/python3.8/site-packages/airflow/example_dags/example_bash_operator.py
[2024-03-13T06:44:23.116+0000] {processor.py:830} INFO - Processing file /home/airflow/.local/lib/python3.8/site-packages/airflow/example_dags/example_bash_operator.py for tasks to queue
[2024-03-13T06:44:23.117+0000] {logging_mixin.py:188} INFO - [2024-03-13T06:44:23.117+0000] {dagbag.py:540} INFO - Filling up the DagBag from /home/airflow/.local/lib/python3.8/site-packages/airflow/example_dags/example_bash_operator.py
[2024-03-13T06:44:23.127+0000] {processor.py:840} INFO - DAG(s) 'example_bash_operator' retrieved from /home/airflow/.local/lib/python3.8/site-packages/airflow/example_dags/example_bash_operator.py
[2024-03-13T06:44:23.149+0000] {logging_mixin.py:188} INFO - [2024-03-13T06:44:23.149+0000] {dag.py:3047} INFO - Sync 1 DAGs
[2024-03-13T06:44:23.167+0000] {logging_mixin.py:188} INFO - [2024-03-13T06:44:23.167+0000] {dag.py:3834} INFO - Setting next_dagrun for example_bash_operator to 2024-03-12 00:00:00+00:00, run_after=2024-03-13 00:00:00+00:00
[2024-03-13T06:44:23.182+0000] {processor.py:183} INFO - Processing /home/airflow/.local/lib/python3.8/site-packages/airflow/example_dags/example_bash_operator.py took 0.070 seconds
[2024-03-13T06:44:53.494+0000] {processor.py:161} INFO - Started process (PID=946) to work on /home/airflow/.local/lib/python3.8/site-packages/airflow/example_dags/example_bash_operator.py
[2024-03-13T06:44:53.495+0000] {processor.py:830} INFO - Processing file /home/airflow/.local/lib/python3.8/site-packages/airflow/example_dags/example_bash_operator.py for tasks to queue
[2024-03-13T06:44:53.496+0000] {logging_mixin.py:188} INFO - [2024-03-13T06:44:53.496+0000] {dagbag.py:540} INFO - Filling up the DagBag from /home/airflow/.local/lib/python3.8/site-packages/airflow/example_dags/example_bash_operator.py
[2024-03-13T06:44:53.511+0000] {processor.py:840} INFO - DAG(s) 'example_bash_operator' retrieved from /home/airflow/.local/lib/python3.8/site-packages/airflow/example_dags/example_bash_operator.py
[2024-03-13T06:44:53.538+0000] {logging_mixin.py:188} INFO - [2024-03-13T06:44:53.538+0000] {dag.py:3047} INFO - Sync 1 DAGs
[2024-03-13T06:44:53.563+0000] {logging_mixin.py:188} INFO - [2024-03-13T06:44:53.563+0000] {dag.py:3834} INFO - Setting next_dagrun for example_bash_operator to 2024-03-12 00:00:00+00:00, run_after=2024-03-13 00:00:00+00:00
[2024-03-13T06:44:53.585+0000] {processor.py:183} INFO - Processing /home/airflow/.local/lib/python3.8/site-packages/airflow/example_dags/example_bash_operator.py took 0.094 seconds
[2024-03-13T06:45:23.661+0000] {processor.py:161} INFO - Started process (PID=1003) to work on /home/airflow/.local/lib/python3.8/site-packages/airflow/example_dags/example_bash_operator.py
[2024-03-13T06:45:23.662+0000] {processor.py:830} INFO - Processing file /home/airflow/.local/lib/python3.8/site-packages/airflow/example_dags/example_bash_operator.py for tasks to queue
[2024-03-13T06:45:23.663+0000] {logging_mixin.py:188} INFO - [2024-03-13T06:45:23.663+0000] {dagbag.py:540} INFO - Filling up the DagBag from /home/airflow/.local/lib/python3.8/site-packages/airflow/example_dags/example_bash_operator.py
[2024-03-13T06:45:23.672+0000] {processor.py:840} INFO - DAG(s) 'example_bash_operator' retrieved from /home/airflow/.local/lib/python3.8/site-packages/airflow/example_dags/example_bash_operator.py
[2024-03-13T06:45:23.696+0000] {logging_mixin.py:188} INFO - [2024-03-13T06:45:23.696+0000] {dag.py:3047} INFO - Sync 1 DAGs
[2024-03-13T06:45:23.715+0000] {logging_mixin.py:188} INFO - [2024-03-13T06:45:23.714+0000] {dag.py:3834} INFO - Setting next_dagrun for example_bash_operator to 2024-03-12 00:00:00+00:00, run_after=2024-03-13 00:00:00+00:00
[2024-03-13T06:45:23.734+0000] {processor.py:183} INFO - Processing /home/airflow/.local/lib/python3.8/site-packages/airflow/example_dags/example_bash_operator.py took 0.075 seconds
[2024-03-13T06:45:54.126+0000] {processor.py:161} INFO - Started process (PID=1059) to work on /home/airflow/.local/lib/python3.8/site-packages/airflow/example_dags/example_bash_operator.py
[2024-03-13T06:45:54.127+0000] {processor.py:830} INFO - Processing file /home/airflow/.local/lib/python3.8/site-packages/airflow/example_dags/example_bash_operator.py for tasks to queue
[2024-03-13T06:45:54.128+0000] {logging_mixin.py:188} INFO - [2024-03-13T06:45:54.128+0000] {dagbag.py:540} INFO - Filling up the DagBag from /home/airflow/.local/lib/python3.8/site-packages/airflow/example_dags/example_bash_operator.py
[2024-03-13T06:45:54.138+0000] {processor.py:840} INFO - DAG(s) 'example_bash_operator' retrieved from /home/airflow/.local/lib/python3.8/site-packages/airflow/example_dags/example_bash_operator.py
[2024-03-13T06:45:54.163+0000] {logging_mixin.py:188} INFO - [2024-03-13T06:45:54.163+0000] {dag.py:3047} INFO - Sync 1 DAGs
[2024-03-13T06:45:54.182+0000] {logging_mixin.py:188} INFO - [2024-03-13T06:45:54.182+0000] {dag.py:3834} INFO - Setting next_dagrun for example_bash_operator to 2024-03-12 00:00:00+00:00, run_after=2024-03-13 00:00:00+00:00
[2024-03-13T06:45:54.199+0000] {processor.py:183} INFO - Processing /home/airflow/.local/lib/python3.8/site-packages/airflow/example_dags/example_bash_operator.py took 0.075 seconds
[2024-03-13T06:46:24.741+0000] {processor.py:161} INFO - Started process (PID=1115) to work on /home/airflow/.local/lib/python3.8/site-packages/airflow/example_dags/example_bash_operator.py
[2024-03-13T06:46:24.742+0000] {processor.py:830} INFO - Processing file /home/airflow/.local/lib/python3.8/site-packages/airflow/example_dags/example_bash_operator.py for tasks to queue
[2024-03-13T06:46:24.743+0000] {logging_mixin.py:188} INFO - [2024-03-13T06:46:24.743+0000] {dagbag.py:540} INFO - Filling up the DagBag from /home/airflow/.local/lib/python3.8/site-packages/airflow/example_dags/example_bash_operator.py
[2024-03-13T06:46:24.757+0000] {processor.py:840} INFO - DAG(s) 'example_bash_operator' retrieved from /home/airflow/.local/lib/python3.8/site-packages/airflow/example_dags/example_bash_operator.py
[2024-03-13T06:46:24.784+0000] {logging_mixin.py:188} INFO - [2024-03-13T06:46:24.784+0000] {dag.py:3047} INFO - Sync 1 DAGs
[2024-03-13T06:46:24.803+0000] {logging_mixin.py:188} INFO - [2024-03-13T06:46:24.803+0000] {dag.py:3834} INFO - Setting next_dagrun for example_bash_operator to 2024-03-12 00:00:00+00:00, run_after=2024-03-13 00:00:00+00:00
[2024-03-13T06:46:24.821+0000] {processor.py:183} INFO - Processing /home/airflow/.local/lib/python3.8/site-packages/airflow/example_dags/example_bash_operator.py took 0.083 seconds
[2024-03-13T06:46:55.117+0000] {processor.py:161} INFO - Started process (PID=1178) to work on /home/airflow/.local/lib/python3.8/site-packages/airflow/example_dags/example_bash_operator.py
[2024-03-13T06:46:55.119+0000] {processor.py:830} INFO - Processing file /home/airflow/.local/lib/python3.8/site-packages/airflow/example_dags/example_bash_operator.py for tasks to queue
[2024-03-13T06:46:55.120+0000] {logging_mixin.py:188} INFO - [2024-03-13T06:46:55.119+0000] {dagbag.py:540} INFO - Filling up the DagBag from /home/airflow/.local/lib/python3.8/site-packages/airflow/example_dags/example_bash_operator.py
[2024-03-13T06:46:55.131+0000] {processor.py:840} INFO - DAG(s) 'example_bash_operator' retrieved from /home/airflow/.local/lib/python3.8/site-packages/airflow/example_dags/example_bash_operator.py
[2024-03-13T06:46:55.154+0000] {logging_mixin.py:188} INFO - [2024-03-13T06:46:55.154+0000] {dag.py:3047} INFO - Sync 1 DAGs
[2024-03-13T06:46:55.172+0000] {logging_mixin.py:188} INFO - [2024-03-13T06:46:55.172+0000] {dag.py:3834} INFO - Setting next_dagrun for example_bash_operator to 2024-03-12 00:00:00+00:00, run_after=2024-03-13 00:00:00+00:00
[2024-03-13T06:46:55.189+0000] {processor.py:183} INFO - Processing /home/airflow/.local/lib/python3.8/site-packages/airflow/example_dags/example_bash_operator.py took 0.074 seconds
[2024-03-13T06:47:25.627+0000] {processor.py:161} INFO - Started process (PID=1234) to work on /home/airflow/.local/lib/python3.8/site-packages/airflow/example_dags/example_bash_operator.py
[2024-03-13T06:47:25.628+0000] {processor.py:830} INFO - Processing file /home/airflow/.local/lib/python3.8/site-packages/airflow/example_dags/example_bash_operator.py for tasks to queue
[2024-03-13T06:47:25.629+0000] {logging_mixin.py:188} INFO - [2024-03-13T06:47:25.629+0000] {dagbag.py:540} INFO - Filling up the DagBag from /home/airflow/.local/lib/python3.8/site-packages/airflow/example_dags/example_bash_operator.py
[2024-03-13T06:47:25.641+0000] {processor.py:840} INFO - DAG(s) 'example_bash_operator' retrieved from /home/airflow/.local/lib/python3.8/site-packages/airflow/example_dags/example_bash_operator.py
[2024-03-13T06:47:25.671+0000] {logging_mixin.py:188} INFO - [2024-03-13T06:47:25.671+0000] {dag.py:3047} INFO - Sync 1 DAGs
[2024-03-13T06:47:25.695+0000] {logging_mixin.py:188} INFO - [2024-03-13T06:47:25.695+0000] {dag.py:3834} INFO - Setting next_dagrun for example_bash_operator to 2024-03-12 00:00:00+00:00, run_after=2024-03-13 00:00:00+00:00
[2024-03-13T06:47:25.719+0000] {processor.py:183} INFO - Processing /home/airflow/.local/lib/python3.8/site-packages/airflow/example_dags/example_bash_operator.py took 0.095 seconds
[2024-03-13T06:47:56.612+0000] {processor.py:161} INFO - Started process (PID=1290) to work on /home/airflow/.local/lib/python3.8/site-packages/airflow/example_dags/example_bash_operator.py
[2024-03-13T06:47:56.613+0000] {processor.py:830} INFO - Processing file /home/airflow/.local/lib/python3.8/site-packages/airflow/example_dags/example_bash_operator.py for tasks to queue
[2024-03-13T06:47:56.614+0000] {logging_mixin.py:188} INFO - [2024-03-13T06:47:56.614+0000] {dagbag.py:540} INFO - Filling up the DagBag from /home/airflow/.local/lib/python3.8/site-packages/airflow/example_dags/example_bash_operator.py
[2024-03-13T06:47:56.625+0000] {processor.py:840} INFO - DAG(s) 'example_bash_operator' retrieved from /home/airflow/.local/lib/python3.8/site-packages/airflow/example_dags/example_bash_operator.py
[2024-03-13T06:47:56.648+0000] {logging_mixin.py:188} INFO - [2024-03-13T06:47:56.647+0000] {dag.py:3047} INFO - Sync 1 DAGs
[2024-03-13T06:47:56.668+0000] {logging_mixin.py:188} INFO - [2024-03-13T06:47:56.667+0000] {dag.py:3834} INFO - Setting next_dagrun for example_bash_operator to 2024-03-12 00:00:00+00:00, run_after=2024-03-13 00:00:00+00:00
[2024-03-13T06:47:56.684+0000] {processor.py:183} INFO - Processing /home/airflow/.local/lib/python3.8/site-packages/airflow/example_dags/example_bash_operator.py took 0.074 seconds
[2024-03-13T06:48:26.997+0000] {processor.py:161} INFO - Started process (PID=1346) to work on /home/airflow/.local/lib/python3.8/site-packages/airflow/example_dags/example_bash_operator.py
[2024-03-13T06:48:26.998+0000] {processor.py:830} INFO - Processing file /home/airflow/.local/lib/python3.8/site-packages/airflow/example_dags/example_bash_operator.py for tasks to queue
[2024-03-13T06:48:27.000+0000] {logging_mixin.py:188} INFO - [2024-03-13T06:48:26.999+0000] {dagbag.py:540} INFO - Filling up the DagBag from /home/airflow/.local/lib/python3.8/site-packages/airflow/example_dags/example_bash_operator.py
[2024-03-13T06:48:27.009+0000] {processor.py:840} INFO - DAG(s) 'example_bash_operator' retrieved from /home/airflow/.local/lib/python3.8/site-packages/airflow/example_dags/example_bash_operator.py
[2024-03-13T06:48:27.040+0000] {logging_mixin.py:188} INFO - [2024-03-13T06:48:27.040+0000] {dag.py:3047} INFO - Sync 1 DAGs
[2024-03-13T06:48:27.065+0000] {logging_mixin.py:188} INFO - [2024-03-13T06:48:27.064+0000] {dag.py:3834} INFO - Setting next_dagrun for example_bash_operator to 2024-03-12 00:00:00+00:00, run_after=2024-03-13 00:00:00+00:00
[2024-03-13T06:48:27.084+0000] {processor.py:183} INFO - Processing /home/airflow/.local/lib/python3.8/site-packages/airflow/example_dags/example_bash_operator.py took 0.089 seconds
[2024-03-13T06:48:57.282+0000] {processor.py:161} INFO - Started process (PID=1404) to work on /home/airflow/.local/lib/python3.8/site-packages/airflow/example_dags/example_bash_operator.py
[2024-03-13T06:48:57.284+0000] {processor.py:830} INFO - Processing file /home/airflow/.local/lib/python3.8/site-packages/airflow/example_dags/example_bash_operator.py for tasks to queue
[2024-03-13T06:48:57.285+0000] {logging_mixin.py:188} INFO - [2024-03-13T06:48:57.284+0000] {dagbag.py:540} INFO - Filling up the DagBag from /home/airflow/.local/lib/python3.8/site-packages/airflow/example_dags/example_bash_operator.py
[2024-03-13T06:48:57.294+0000] {processor.py:840} INFO - DAG(s) 'example_bash_operator' retrieved from /home/airflow/.local/lib/python3.8/site-packages/airflow/example_dags/example_bash_operator.py
[2024-03-13T06:48:57.319+0000] {logging_mixin.py:188} INFO - [2024-03-13T06:48:57.318+0000] {dag.py:3047} INFO - Sync 1 DAGs
[2024-03-13T06:48:57.337+0000] {logging_mixin.py:188} INFO - [2024-03-13T06:48:57.337+0000] {dag.py:3834} INFO - Setting next_dagrun for example_bash_operator to 2024-03-12 00:00:00+00:00, run_after=2024-03-13 00:00:00+00:00
[2024-03-13T06:48:57.354+0000] {processor.py:183} INFO - Processing /home/airflow/.local/lib/python3.8/site-packages/airflow/example_dags/example_bash_operator.py took 0.074 seconds
[2024-03-13T06:49:27.601+0000] {processor.py:161} INFO - Started process (PID=1461) to work on /home/airflow/.local/lib/python3.8/site-packages/airflow/example_dags/example_bash_operator.py
[2024-03-13T06:49:27.602+0000] {processor.py:830} INFO - Processing file /home/airflow/.local/lib/python3.8/site-packages/airflow/example_dags/example_bash_operator.py for tasks to queue
[2024-03-13T06:49:27.602+0000] {logging_mixin.py:188} INFO - [2024-03-13T06:49:27.602+0000] {dagbag.py:540} INFO - Filling up the DagBag from /home/airflow/.local/lib/python3.8/site-packages/airflow/example_dags/example_bash_operator.py
[2024-03-13T06:49:27.612+0000] {processor.py:840} INFO - DAG(s) 'example_bash_operator' retrieved from /home/airflow/.local/lib/python3.8/site-packages/airflow/example_dags/example_bash_operator.py
[2024-03-13T06:49:27.633+0000] {logging_mixin.py:188} INFO - [2024-03-13T06:49:27.633+0000] {dag.py:3047} INFO - Sync 1 DAGs
[2024-03-13T06:49:27.650+0000] {logging_mixin.py:188} INFO - [2024-03-13T06:49:27.650+0000] {dag.py:3834} INFO - Setting next_dagrun for example_bash_operator to 2024-03-12 00:00:00+00:00, run_after=2024-03-13 00:00:00+00:00
[2024-03-13T06:49:27.665+0000] {processor.py:183} INFO - Processing /home/airflow/.local/lib/python3.8/site-packages/airflow/example_dags/example_bash_operator.py took 0.067 seconds
[2024-03-13T06:49:57.743+0000] {processor.py:161} INFO - Started process (PID=1518) to work on /home/airflow/.local/lib/python3.8/site-packages/airflow/example_dags/example_bash_operator.py
[2024-03-13T06:49:57.744+0000] {processor.py:830} INFO - Processing file /home/airflow/.local/lib/python3.8/site-packages/airflow/example_dags/example_bash_operator.py for tasks to queue
[2024-03-13T06:49:57.745+0000] {logging_mixin.py:188} INFO - [2024-03-13T06:49:57.745+0000] {dagbag.py:540} INFO - Filling up the DagBag from /home/airflow/.local/lib/python3.8/site-packages/airflow/example_dags/example_bash_operator.py
[2024-03-13T06:49:57.754+0000] {processor.py:840} INFO - DAG(s) 'example_bash_operator' retrieved from /home/airflow/.local/lib/python3.8/site-packages/airflow/example_dags/example_bash_operator.py
[2024-03-13T06:49:57.776+0000] {logging_mixin.py:188} INFO - [2024-03-13T06:49:57.776+0000] {dag.py:3047} INFO - Sync 1 DAGs
[2024-03-13T06:49:57.793+0000] {logging_mixin.py:188} INFO - [2024-03-13T06:49:57.792+0000] {dag.py:3834} INFO - Setting next_dagrun for example_bash_operator to 2024-03-12 00:00:00+00:00, run_after=2024-03-13 00:00:00+00:00
[2024-03-13T06:49:57.809+0000] {processor.py:183} INFO - Processing /home/airflow/.local/lib/python3.8/site-packages/airflow/example_dags/example_bash_operator.py took 0.068 seconds
[2024-03-13T06:50:27.917+0000] {processor.py:161} INFO - Started process (PID=1574) to work on /home/airflow/.local/lib/python3.8/site-packages/airflow/example_dags/example_bash_operator.py
[2024-03-13T06:50:27.917+0000] {processor.py:830} INFO - Processing file /home/airflow/.local/lib/python3.8/site-packages/airflow/example_dags/example_bash_operator.py for tasks to queue
[2024-03-13T06:50:27.918+0000] {logging_mixin.py:188} INFO - [2024-03-13T06:50:27.918+0000] {dagbag.py:540} INFO - Filling up the DagBag from /home/airflow/.local/lib/python3.8/site-packages/airflow/example_dags/example_bash_operator.py
[2024-03-13T06:50:27.927+0000] {processor.py:840} INFO - DAG(s) 'example_bash_operator' retrieved from /home/airflow/.local/lib/python3.8/site-packages/airflow/example_dags/example_bash_operator.py
[2024-03-13T06:50:27.948+0000] {logging_mixin.py:188} INFO - [2024-03-13T06:50:27.948+0000] {dag.py:3047} INFO - Sync 1 DAGs
[2024-03-13T06:50:27.965+0000] {logging_mixin.py:188} INFO - [2024-03-13T06:50:27.965+0000] {dag.py:3834} INFO - Setting next_dagrun for example_bash_operator to 2024-03-12 00:00:00+00:00, run_after=2024-03-13 00:00:00+00:00
[2024-03-13T06:50:27.981+0000] {processor.py:183} INFO - Processing /home/airflow/.local/lib/python3.8/site-packages/airflow/example_dags/example_bash_operator.py took 0.067 seconds
[2024-03-13T06:50:58.116+0000] {processor.py:161} INFO - Started process (PID=1634) to work on /home/airflow/.local/lib/python3.8/site-packages/airflow/example_dags/example_bash_operator.py
[2024-03-13T06:50:58.117+0000] {processor.py:830} INFO - Processing file /home/airflow/.local/lib/python3.8/site-packages/airflow/example_dags/example_bash_operator.py for tasks to queue
[2024-03-13T06:50:58.118+0000] {logging_mixin.py:188} INFO - [2024-03-13T06:50:58.117+0000] {dagbag.py:540} INFO - Filling up the DagBag from /home/airflow/.local/lib/python3.8/site-packages/airflow/example_dags/example_bash_operator.py
[2024-03-13T06:50:58.127+0000] {processor.py:840} INFO - DAG(s) 'example_bash_operator' retrieved from /home/airflow/.local/lib/python3.8/site-packages/airflow/example_dags/example_bash_operator.py
[2024-03-13T06:50:58.148+0000] {logging_mixin.py:188} INFO - [2024-03-13T06:50:58.147+0000] {dag.py:3047} INFO - Sync 1 DAGs
[2024-03-13T06:50:58.165+0000] {logging_mixin.py:188} INFO - [2024-03-13T06:50:58.165+0000] {dag.py:3834} INFO - Setting next_dagrun for example_bash_operator to 2024-03-12 00:00:00+00:00, run_after=2024-03-13 00:00:00+00:00
[2024-03-13T06:50:58.181+0000] {processor.py:183} INFO - Processing /home/airflow/.local/lib/python3.8/site-packages/airflow/example_dags/example_bash_operator.py took 0.068 seconds
[2024-03-13T06:51:28.516+0000] {processor.py:161} INFO - Started process (PID=1693) to work on /home/airflow/.local/lib/python3.8/site-packages/airflow/example_dags/example_bash_operator.py
[2024-03-13T06:51:28.516+0000] {processor.py:830} INFO - Processing file /home/airflow/.local/lib/python3.8/site-packages/airflow/example_dags/example_bash_operator.py for tasks to queue
[2024-03-13T06:51:28.517+0000] {logging_mixin.py:188} INFO - [2024-03-13T06:51:28.517+0000] {dagbag.py:540} INFO - Filling up the DagBag from /home/airflow/.local/lib/python3.8/site-packages/airflow/example_dags/example_bash_operator.py
[2024-03-13T06:51:28.526+0000] {processor.py:840} INFO - DAG(s) 'example_bash_operator' retrieved from /home/airflow/.local/lib/python3.8/site-packages/airflow/example_dags/example_bash_operator.py
[2024-03-13T06:51:28.549+0000] {logging_mixin.py:188} INFO - [2024-03-13T06:51:28.549+0000] {dag.py:3047} INFO - Sync 1 DAGs
[2024-03-13T06:51:28.567+0000] {logging_mixin.py:188} INFO - [2024-03-13T06:51:28.566+0000] {dag.py:3834} INFO - Setting next_dagrun for example_bash_operator to 2024-03-12 00:00:00+00:00, run_after=2024-03-13 00:00:00+00:00
[2024-03-13T06:51:28.584+0000] {processor.py:183} INFO - Processing /home/airflow/.local/lib/python3.8/site-packages/airflow/example_dags/example_bash_operator.py took 0.070 seconds
[2024-03-13T06:52:18.799+0000] {processor.py:161} INFO - Started process (PID=50) to work on /home/airflow/.local/lib/python3.8/site-packages/airflow/example_dags/example_bash_operator.py
[2024-03-13T06:52:18.800+0000] {processor.py:830} INFO - Processing file /home/airflow/.local/lib/python3.8/site-packages/airflow/example_dags/example_bash_operator.py for tasks to queue
[2024-03-13T06:52:18.802+0000] {logging_mixin.py:188} INFO - [2024-03-13T06:52:18.801+0000] {dagbag.py:540} INFO - Filling up the DagBag from /home/airflow/.local/lib/python3.8/site-packages/airflow/example_dags/example_bash_operator.py
[2024-03-13T06:52:18.815+0000] {processor.py:840} INFO - DAG(s) 'example_bash_operator' retrieved from /home/airflow/.local/lib/python3.8/site-packages/airflow/example_dags/example_bash_operator.py
[2024-03-13T06:52:18.824+0000] {logging_mixin.py:188} INFO - [2024-03-13T06:52:18.824+0000] {dag.py:3047} INFO - Sync 1 DAGs
[2024-03-13T06:52:18.843+0000] {logging_mixin.py:188} INFO - [2024-03-13T06:52:18.842+0000] {dag.py:3834} INFO - Setting next_dagrun for example_bash_operator to 2024-03-12 00:00:00+00:00, run_after=2024-03-13 00:00:00+00:00
[2024-03-13T06:52:18.859+0000] {processor.py:183} INFO - Processing /home/airflow/.local/lib/python3.8/site-packages/airflow/example_dags/example_bash_operator.py took 0.063 seconds
[2024-03-13T06:52:49.447+0000] {processor.py:161} INFO - Started process (PID=106) to work on /home/airflow/.local/lib/python3.8/site-packages/airflow/example_dags/example_bash_operator.py
[2024-03-13T06:52:49.448+0000] {processor.py:830} INFO - Processing file /home/airflow/.local/lib/python3.8/site-packages/airflow/example_dags/example_bash_operator.py for tasks to queue
[2024-03-13T06:52:49.450+0000] {logging_mixin.py:188} INFO - [2024-03-13T06:52:49.450+0000] {dagbag.py:540} INFO - Filling up the DagBag from /home/airflow/.local/lib/python3.8/site-packages/airflow/example_dags/example_bash_operator.py
[2024-03-13T06:52:49.459+0000] {processor.py:840} INFO - DAG(s) 'example_bash_operator' retrieved from /home/airflow/.local/lib/python3.8/site-packages/airflow/example_dags/example_bash_operator.py
[2024-03-13T06:52:49.538+0000] {logging_mixin.py:188} INFO - [2024-03-13T06:52:49.538+0000] {dag.py:3047} INFO - Sync 1 DAGs
[2024-03-13T06:52:49.554+0000] {logging_mixin.py:188} INFO - [2024-03-13T06:52:49.553+0000] {dag.py:3834} INFO - Setting next_dagrun for example_bash_operator to 2024-03-12 00:00:00+00:00, run_after=2024-03-13 00:00:00+00:00
[2024-03-13T06:52:49.571+0000] {processor.py:183} INFO - Processing /home/airflow/.local/lib/python3.8/site-packages/airflow/example_dags/example_bash_operator.py took 0.126 seconds
[2024-03-13T06:53:19.912+0000] {processor.py:161} INFO - Started process (PID=162) to work on /home/airflow/.local/lib/python3.8/site-packages/airflow/example_dags/example_bash_operator.py
[2024-03-13T06:53:19.914+0000] {processor.py:830} INFO - Processing file /home/airflow/.local/lib/python3.8/site-packages/airflow/example_dags/example_bash_operator.py for tasks to queue
[2024-03-13T06:53:19.916+0000] {logging_mixin.py:188} INFO - [2024-03-13T06:53:19.915+0000] {dagbag.py:540} INFO - Filling up the DagBag from /home/airflow/.local/lib/python3.8/site-packages/airflow/example_dags/example_bash_operator.py
[2024-03-13T06:53:19.925+0000] {processor.py:840} INFO - DAG(s) 'example_bash_operator' retrieved from /home/airflow/.local/lib/python3.8/site-packages/airflow/example_dags/example_bash_operator.py
[2024-03-13T06:53:19.951+0000] {logging_mixin.py:188} INFO - [2024-03-13T06:53:19.951+0000] {dag.py:3047} INFO - Sync 1 DAGs
[2024-03-13T06:53:19.971+0000] {logging_mixin.py:188} INFO - [2024-03-13T06:53:19.971+0000] {dag.py:3834} INFO - Setting next_dagrun for example_bash_operator to 2024-03-12 00:00:00+00:00, run_after=2024-03-13 00:00:00+00:00
[2024-03-13T06:53:19.990+0000] {processor.py:183} INFO - Processing /home/airflow/.local/lib/python3.8/site-packages/airflow/example_dags/example_bash_operator.py took 0.080 seconds
[2024-03-13T06:53:50.348+0000] {processor.py:161} INFO - Started process (PID=218) to work on /home/airflow/.local/lib/python3.8/site-packages/airflow/example_dags/example_bash_operator.py
[2024-03-13T06:53:50.349+0000] {processor.py:830} INFO - Processing file /home/airflow/.local/lib/python3.8/site-packages/airflow/example_dags/example_bash_operator.py for tasks to queue
[2024-03-13T06:53:50.351+0000] {logging_mixin.py:188} INFO - [2024-03-13T06:53:50.350+0000] {dagbag.py:540} INFO - Filling up the DagBag from /home/airflow/.local/lib/python3.8/site-packages/airflow/example_dags/example_bash_operator.py
[2024-03-13T06:53:50.360+0000] {processor.py:840} INFO - DAG(s) 'example_bash_operator' retrieved from /home/airflow/.local/lib/python3.8/site-packages/airflow/example_dags/example_bash_operator.py
[2024-03-13T06:53:50.385+0000] {logging_mixin.py:188} INFO - [2024-03-13T06:53:50.384+0000] {dag.py:3047} INFO - Sync 1 DAGs
[2024-03-13T06:53:50.403+0000] {logging_mixin.py:188} INFO - [2024-03-13T06:53:50.403+0000] {dag.py:3834} INFO - Setting next_dagrun for example_bash_operator to 2024-03-12 00:00:00+00:00, run_after=2024-03-13 00:00:00+00:00
[2024-03-13T06:53:50.420+0000] {processor.py:183} INFO - Processing /home/airflow/.local/lib/python3.8/site-packages/airflow/example_dags/example_bash_operator.py took 0.075 seconds
[2024-03-13T06:54:20.813+0000] {processor.py:161} INFO - Started process (PID=273) to work on /home/airflow/.local/lib/python3.8/site-packages/airflow/example_dags/example_bash_operator.py
[2024-03-13T06:54:20.814+0000] {processor.py:830} INFO - Processing file /home/airflow/.local/lib/python3.8/site-packages/airflow/example_dags/example_bash_operator.py for tasks to queue
[2024-03-13T06:54:20.815+0000] {logging_mixin.py:188} INFO - [2024-03-13T06:54:20.815+0000] {dagbag.py:540} INFO - Filling up the DagBag from /home/airflow/.local/lib/python3.8/site-packages/airflow/example_dags/example_bash_operator.py
[2024-03-13T06:54:20.826+0000] {processor.py:840} INFO - DAG(s) 'example_bash_operator' retrieved from /home/airflow/.local/lib/python3.8/site-packages/airflow/example_dags/example_bash_operator.py
[2024-03-13T06:54:20.848+0000] {logging_mixin.py:188} INFO - [2024-03-13T06:54:20.848+0000] {dag.py:3047} INFO - Sync 1 DAGs
[2024-03-13T06:54:20.865+0000] {logging_mixin.py:188} INFO - [2024-03-13T06:54:20.865+0000] {dag.py:3834} INFO - Setting next_dagrun for example_bash_operator to 2024-03-12 00:00:00+00:00, run_after=2024-03-13 00:00:00+00:00
[2024-03-13T06:54:20.880+0000] {processor.py:183} INFO - Processing /home/airflow/.local/lib/python3.8/site-packages/airflow/example_dags/example_bash_operator.py took 0.069 seconds
[2024-03-13T06:54:51.079+0000] {processor.py:161} INFO - Started process (PID=329) to work on /home/airflow/.local/lib/python3.8/site-packages/airflow/example_dags/example_bash_operator.py
[2024-03-13T06:54:51.080+0000] {processor.py:830} INFO - Processing file /home/airflow/.local/lib/python3.8/site-packages/airflow/example_dags/example_bash_operator.py for tasks to queue
[2024-03-13T06:54:51.082+0000] {logging_mixin.py:188} INFO - [2024-03-13T06:54:51.082+0000] {dagbag.py:540} INFO - Filling up the DagBag from /home/airflow/.local/lib/python3.8/site-packages/airflow/example_dags/example_bash_operator.py
[2024-03-13T06:54:51.094+0000] {processor.py:840} INFO - DAG(s) 'example_bash_operator' retrieved from /home/airflow/.local/lib/python3.8/site-packages/airflow/example_dags/example_bash_operator.py
[2024-03-13T06:54:51.122+0000] {logging_mixin.py:188} INFO - [2024-03-13T06:54:51.122+0000] {dag.py:3047} INFO - Sync 1 DAGs
[2024-03-13T06:54:51.147+0000] {logging_mixin.py:188} INFO - [2024-03-13T06:54:51.146+0000] {dag.py:3834} INFO - Setting next_dagrun for example_bash_operator to 2024-03-12 00:00:00+00:00, run_after=2024-03-13 00:00:00+00:00
[2024-03-13T06:54:51.169+0000] {processor.py:183} INFO - Processing /home/airflow/.local/lib/python3.8/site-packages/airflow/example_dags/example_bash_operator.py took 0.093 seconds
[2024-03-13T06:55:21.940+0000] {processor.py:161} INFO - Started process (PID=385) to work on /home/airflow/.local/lib/python3.8/site-packages/airflow/example_dags/example_bash_operator.py
[2024-03-13T06:55:21.941+0000] {processor.py:830} INFO - Processing file /home/airflow/.local/lib/python3.8/site-packages/airflow/example_dags/example_bash_operator.py for tasks to queue
[2024-03-13T06:55:21.943+0000] {logging_mixin.py:188} INFO - [2024-03-13T06:55:21.942+0000] {dagbag.py:540} INFO - Filling up the DagBag from /home/airflow/.local/lib/python3.8/site-packages/airflow/example_dags/example_bash_operator.py
[2024-03-13T06:55:21.954+0000] {processor.py:840} INFO - DAG(s) 'example_bash_operator' retrieved from /home/airflow/.local/lib/python3.8/site-packages/airflow/example_dags/example_bash_operator.py
[2024-03-13T06:55:21.986+0000] {logging_mixin.py:188} INFO - [2024-03-13T06:55:21.985+0000] {dag.py:3047} INFO - Sync 1 DAGs
[2024-03-13T06:55:22.008+0000] {logging_mixin.py:188} INFO - [2024-03-13T06:55:22.008+0000] {dag.py:3834} INFO - Setting next_dagrun for example_bash_operator to 2024-03-12 00:00:00+00:00, run_after=2024-03-13 00:00:00+00:00
[2024-03-13T06:55:22.029+0000] {processor.py:183} INFO - Processing /home/airflow/.local/lib/python3.8/site-packages/airflow/example_dags/example_bash_operator.py took 0.093 seconds
[2024-03-13T06:55:52.946+0000] {processor.py:161} INFO - Started process (PID=442) to work on /home/airflow/.local/lib/python3.8/site-packages/airflow/example_dags/example_bash_operator.py
[2024-03-13T06:55:52.947+0000] {processor.py:830} INFO - Processing file /home/airflow/.local/lib/python3.8/site-packages/airflow/example_dags/example_bash_operator.py for tasks to queue
[2024-03-13T06:55:52.949+0000] {logging_mixin.py:188} INFO - [2024-03-13T06:55:52.949+0000] {dagbag.py:540} INFO - Filling up the DagBag from /home/airflow/.local/lib/python3.8/site-packages/airflow/example_dags/example_bash_operator.py
[2024-03-13T06:55:52.959+0000] {processor.py:840} INFO - DAG(s) 'example_bash_operator' retrieved from /home/airflow/.local/lib/python3.8/site-packages/airflow/example_dags/example_bash_operator.py
[2024-03-13T06:55:52.981+0000] {logging_mixin.py:188} INFO - [2024-03-13T06:55:52.981+0000] {dag.py:3047} INFO - Sync 1 DAGs
[2024-03-13T06:55:52.997+0000] {logging_mixin.py:188} INFO - [2024-03-13T06:55:52.997+0000] {dag.py:3834} INFO - Setting next_dagrun for example_bash_operator to 2024-03-12 00:00:00+00:00, run_after=2024-03-13 00:00:00+00:00
[2024-03-13T06:55:53.015+0000] {processor.py:183} INFO - Processing /home/airflow/.local/lib/python3.8/site-packages/airflow/example_dags/example_bash_operator.py took 0.071 seconds
[2024-03-13T06:56:23.801+0000] {processor.py:161} INFO - Started process (PID=499) to work on /home/airflow/.local/lib/python3.8/site-packages/airflow/example_dags/example_bash_operator.py
[2024-03-13T06:56:23.802+0000] {processor.py:830} INFO - Processing file /home/airflow/.local/lib/python3.8/site-packages/airflow/example_dags/example_bash_operator.py for tasks to queue
[2024-03-13T06:56:23.804+0000] {logging_mixin.py:188} INFO - [2024-03-13T06:56:23.804+0000] {dagbag.py:540} INFO - Filling up the DagBag from /home/airflow/.local/lib/python3.8/site-packages/airflow/example_dags/example_bash_operator.py
[2024-03-13T06:56:23.813+0000] {processor.py:840} INFO - DAG(s) 'example_bash_operator' retrieved from /home/airflow/.local/lib/python3.8/site-packages/airflow/example_dags/example_bash_operator.py
[2024-03-13T06:56:23.836+0000] {logging_mixin.py:188} INFO - [2024-03-13T06:56:23.836+0000] {dag.py:3047} INFO - Sync 1 DAGs
[2024-03-13T06:56:23.853+0000] {logging_mixin.py:188} INFO - [2024-03-13T06:56:23.853+0000] {dag.py:3834} INFO - Setting next_dagrun for example_bash_operator to 2024-03-12 00:00:00+00:00, run_after=2024-03-13 00:00:00+00:00
[2024-03-13T06:56:23.869+0000] {processor.py:183} INFO - Processing /home/airflow/.local/lib/python3.8/site-packages/airflow/example_dags/example_bash_operator.py took 0.071 seconds
[2024-03-13T07:02:12.055+0000] {processor.py:161} INFO - Started process (PID=50) to work on /home/airflow/.local/lib/python3.8/site-packages/airflow/example_dags/example_bash_operator.py
[2024-03-13T07:02:12.056+0000] {processor.py:830} INFO - Processing file /home/airflow/.local/lib/python3.8/site-packages/airflow/example_dags/example_bash_operator.py for tasks to queue
[2024-03-13T07:02:12.059+0000] {logging_mixin.py:188} INFO - [2024-03-13T07:02:12.058+0000] {dagbag.py:540} INFO - Filling up the DagBag from /home/airflow/.local/lib/python3.8/site-packages/airflow/example_dags/example_bash_operator.py
[2024-03-13T07:02:12.075+0000] {processor.py:840} INFO - DAG(s) 'example_bash_operator' retrieved from /home/airflow/.local/lib/python3.8/site-packages/airflow/example_dags/example_bash_operator.py
[2024-03-13T07:02:12.090+0000] {logging_mixin.py:188} INFO - [2024-03-13T07:02:12.090+0000] {dag.py:3047} INFO - Sync 1 DAGs
[2024-03-13T07:02:12.115+0000] {logging_mixin.py:188} INFO - [2024-03-13T07:02:12.115+0000] {dag.py:3834} INFO - Setting next_dagrun for example_bash_operator to 2024-03-12 00:00:00+00:00, run_after=2024-03-13 00:00:00+00:00
[2024-03-13T07:02:12.139+0000] {processor.py:183} INFO - Processing /home/airflow/.local/lib/python3.8/site-packages/airflow/example_dags/example_bash_operator.py took 0.088 seconds
[2024-03-13T07:02:43.069+0000] {processor.py:161} INFO - Started process (PID=107) to work on /home/airflow/.local/lib/python3.8/site-packages/airflow/example_dags/example_bash_operator.py
[2024-03-13T07:02:43.070+0000] {processor.py:830} INFO - Processing file /home/airflow/.local/lib/python3.8/site-packages/airflow/example_dags/example_bash_operator.py for tasks to queue
[2024-03-13T07:02:43.071+0000] {logging_mixin.py:188} INFO - [2024-03-13T07:02:43.071+0000] {dagbag.py:540} INFO - Filling up the DagBag from /home/airflow/.local/lib/python3.8/site-packages/airflow/example_dags/example_bash_operator.py
[2024-03-13T07:02:43.080+0000] {processor.py:840} INFO - DAG(s) 'example_bash_operator' retrieved from /home/airflow/.local/lib/python3.8/site-packages/airflow/example_dags/example_bash_operator.py
[2024-03-13T07:02:43.153+0000] {logging_mixin.py:188} INFO - [2024-03-13T07:02:43.153+0000] {dag.py:3047} INFO - Sync 1 DAGs
[2024-03-13T07:02:43.169+0000] {logging_mixin.py:188} INFO - [2024-03-13T07:02:43.168+0000] {dag.py:3834} INFO - Setting next_dagrun for example_bash_operator to 2024-03-12 00:00:00+00:00, run_after=2024-03-13 00:00:00+00:00
[2024-03-13T07:02:43.186+0000] {processor.py:183} INFO - Processing /home/airflow/.local/lib/python3.8/site-packages/airflow/example_dags/example_bash_operator.py took 0.119 seconds
[2024-03-13T07:03:13.463+0000] {processor.py:161} INFO - Started process (PID=163) to work on /home/airflow/.local/lib/python3.8/site-packages/airflow/example_dags/example_bash_operator.py
[2024-03-13T07:03:13.464+0000] {processor.py:830} INFO - Processing file /home/airflow/.local/lib/python3.8/site-packages/airflow/example_dags/example_bash_operator.py for tasks to queue
[2024-03-13T07:03:13.465+0000] {logging_mixin.py:188} INFO - [2024-03-13T07:03:13.465+0000] {dagbag.py:540} INFO - Filling up the DagBag from /home/airflow/.local/lib/python3.8/site-packages/airflow/example_dags/example_bash_operator.py
[2024-03-13T07:03:13.474+0000] {processor.py:840} INFO - DAG(s) 'example_bash_operator' retrieved from /home/airflow/.local/lib/python3.8/site-packages/airflow/example_dags/example_bash_operator.py
[2024-03-13T07:03:13.496+0000] {logging_mixin.py:188} INFO - [2024-03-13T07:03:13.496+0000] {dag.py:3047} INFO - Sync 1 DAGs
[2024-03-13T07:03:13.514+0000] {logging_mixin.py:188} INFO - [2024-03-13T07:03:13.514+0000] {dag.py:3834} INFO - Setting next_dagrun for example_bash_operator to 2024-03-12 00:00:00+00:00, run_after=2024-03-13 00:00:00+00:00
[2024-03-13T07:03:13.530+0000] {processor.py:183} INFO - Processing /home/airflow/.local/lib/python3.8/site-packages/airflow/example_dags/example_bash_operator.py took 0.069 seconds
[2024-03-13T07:03:43.857+0000] {processor.py:161} INFO - Started process (PID=219) to work on /home/airflow/.local/lib/python3.8/site-packages/airflow/example_dags/example_bash_operator.py
[2024-03-13T07:03:43.858+0000] {processor.py:830} INFO - Processing file /home/airflow/.local/lib/python3.8/site-packages/airflow/example_dags/example_bash_operator.py for tasks to queue
[2024-03-13T07:03:43.860+0000] {logging_mixin.py:188} INFO - [2024-03-13T07:03:43.859+0000] {dagbag.py:540} INFO - Filling up the DagBag from /home/airflow/.local/lib/python3.8/site-packages/airflow/example_dags/example_bash_operator.py
[2024-03-13T07:03:43.868+0000] {processor.py:840} INFO - DAG(s) 'example_bash_operator' retrieved from /home/airflow/.local/lib/python3.8/site-packages/airflow/example_dags/example_bash_operator.py
[2024-03-13T07:03:43.890+0000] {logging_mixin.py:188} INFO - [2024-03-13T07:03:43.890+0000] {dag.py:3047} INFO - Sync 1 DAGs
[2024-03-13T07:03:43.907+0000] {logging_mixin.py:188} INFO - [2024-03-13T07:03:43.907+0000] {dag.py:3834} INFO - Setting next_dagrun for example_bash_operator to 2024-03-12 00:00:00+00:00, run_after=2024-03-13 00:00:00+00:00
[2024-03-13T07:03:43.922+0000] {processor.py:183} INFO - Processing /home/airflow/.local/lib/python3.8/site-packages/airflow/example_dags/example_bash_operator.py took 0.067 seconds
[2024-03-13T07:04:14.304+0000] {processor.py:161} INFO - Started process (PID=275) to work on /home/airflow/.local/lib/python3.8/site-packages/airflow/example_dags/example_bash_operator.py
[2024-03-13T07:04:14.305+0000] {processor.py:830} INFO - Processing file /home/airflow/.local/lib/python3.8/site-packages/airflow/example_dags/example_bash_operator.py for tasks to queue
[2024-03-13T07:04:14.306+0000] {logging_mixin.py:188} INFO - [2024-03-13T07:04:14.306+0000] {dagbag.py:540} INFO - Filling up the DagBag from /home/airflow/.local/lib/python3.8/site-packages/airflow/example_dags/example_bash_operator.py
[2024-03-13T07:04:14.315+0000] {processor.py:840} INFO - DAG(s) 'example_bash_operator' retrieved from /home/airflow/.local/lib/python3.8/site-packages/airflow/example_dags/example_bash_operator.py
[2024-03-13T07:04:14.338+0000] {logging_mixin.py:188} INFO - [2024-03-13T07:04:14.338+0000] {dag.py:3047} INFO - Sync 1 DAGs
[2024-03-13T07:04:14.356+0000] {logging_mixin.py:188} INFO - [2024-03-13T07:04:14.356+0000] {dag.py:3834} INFO - Setting next_dagrun for example_bash_operator to 2024-03-12 00:00:00+00:00, run_after=2024-03-13 00:00:00+00:00
[2024-03-13T07:04:14.376+0000] {processor.py:183} INFO - Processing /home/airflow/.local/lib/python3.8/site-packages/airflow/example_dags/example_bash_operator.py took 0.075 seconds
[2024-03-13T07:04:44.936+0000] {processor.py:161} INFO - Started process (PID=331) to work on /home/airflow/.local/lib/python3.8/site-packages/airflow/example_dags/example_bash_operator.py
[2024-03-13T07:04:44.936+0000] {processor.py:830} INFO - Processing file /home/airflow/.local/lib/python3.8/site-packages/airflow/example_dags/example_bash_operator.py for tasks to queue
[2024-03-13T07:04:44.938+0000] {logging_mixin.py:188} INFO - [2024-03-13T07:04:44.938+0000] {dagbag.py:540} INFO - Filling up the DagBag from /home/airflow/.local/lib/python3.8/site-packages/airflow/example_dags/example_bash_operator.py
[2024-03-13T07:04:44.947+0000] {processor.py:840} INFO - DAG(s) 'example_bash_operator' retrieved from /home/airflow/.local/lib/python3.8/site-packages/airflow/example_dags/example_bash_operator.py
[2024-03-13T07:04:44.968+0000] {logging_mixin.py:188} INFO - [2024-03-13T07:04:44.968+0000] {dag.py:3047} INFO - Sync 1 DAGs
[2024-03-13T07:04:44.986+0000] {logging_mixin.py:188} INFO - [2024-03-13T07:04:44.986+0000] {dag.py:3834} INFO - Setting next_dagrun for example_bash_operator to 2024-03-12 00:00:00+00:00, run_after=2024-03-13 00:00:00+00:00
[2024-03-13T07:04:45.001+0000] {processor.py:183} INFO - Processing /home/airflow/.local/lib/python3.8/site-packages/airflow/example_dags/example_bash_operator.py took 0.068 seconds
[2024-03-13T07:05:15.251+0000] {processor.py:161} INFO - Started process (PID=387) to work on /home/airflow/.local/lib/python3.8/site-packages/airflow/example_dags/example_bash_operator.py
[2024-03-13T07:05:15.251+0000] {processor.py:830} INFO - Processing file /home/airflow/.local/lib/python3.8/site-packages/airflow/example_dags/example_bash_operator.py for tasks to queue
[2024-03-13T07:05:15.253+0000] {logging_mixin.py:188} INFO - [2024-03-13T07:05:15.253+0000] {dagbag.py:540} INFO - Filling up the DagBag from /home/airflow/.local/lib/python3.8/site-packages/airflow/example_dags/example_bash_operator.py
[2024-03-13T07:05:15.264+0000] {processor.py:840} INFO - DAG(s) 'example_bash_operator' retrieved from /home/airflow/.local/lib/python3.8/site-packages/airflow/example_dags/example_bash_operator.py
[2024-03-13T07:05:15.288+0000] {logging_mixin.py:188} INFO - [2024-03-13T07:05:15.288+0000] {dag.py:3047} INFO - Sync 1 DAGs
[2024-03-13T07:05:15.307+0000] {logging_mixin.py:188} INFO - [2024-03-13T07:05:15.306+0000] {dag.py:3834} INFO - Setting next_dagrun for example_bash_operator to 2024-03-12 00:00:00+00:00, run_after=2024-03-13 00:00:00+00:00
[2024-03-13T07:05:15.326+0000] {processor.py:183} INFO - Processing /home/airflow/.local/lib/python3.8/site-packages/airflow/example_dags/example_bash_operator.py took 0.078 seconds
[2024-03-13T07:05:45.584+0000] {processor.py:161} INFO - Started process (PID=443) to work on /home/airflow/.local/lib/python3.8/site-packages/airflow/example_dags/example_bash_operator.py
[2024-03-13T07:05:45.585+0000] {processor.py:830} INFO - Processing file /home/airflow/.local/lib/python3.8/site-packages/airflow/example_dags/example_bash_operator.py for tasks to queue
[2024-03-13T07:05:45.587+0000] {logging_mixin.py:188} INFO - [2024-03-13T07:05:45.586+0000] {dagbag.py:540} INFO - Filling up the DagBag from /home/airflow/.local/lib/python3.8/site-packages/airflow/example_dags/example_bash_operator.py
[2024-03-13T07:05:45.595+0000] {processor.py:840} INFO - DAG(s) 'example_bash_operator' retrieved from /home/airflow/.local/lib/python3.8/site-packages/airflow/example_dags/example_bash_operator.py
[2024-03-13T07:05:45.617+0000] {logging_mixin.py:188} INFO - [2024-03-13T07:05:45.617+0000] {dag.py:3047} INFO - Sync 1 DAGs
[2024-03-13T07:05:45.636+0000] {logging_mixin.py:188} INFO - [2024-03-13T07:05:45.635+0000] {dag.py:3834} INFO - Setting next_dagrun for example_bash_operator to 2024-03-12 00:00:00+00:00, run_after=2024-03-13 00:00:00+00:00
[2024-03-13T07:05:45.652+0000] {processor.py:183} INFO - Processing /home/airflow/.local/lib/python3.8/site-packages/airflow/example_dags/example_bash_operator.py took 0.070 seconds
[2024-03-13T07:06:15.928+0000] {processor.py:161} INFO - Started process (PID=499) to work on /home/airflow/.local/lib/python3.8/site-packages/airflow/example_dags/example_bash_operator.py
[2024-03-13T07:06:15.928+0000] {processor.py:830} INFO - Processing file /home/airflow/.local/lib/python3.8/site-packages/airflow/example_dags/example_bash_operator.py for tasks to queue
[2024-03-13T07:06:15.930+0000] {logging_mixin.py:188} INFO - [2024-03-13T07:06:15.930+0000] {dagbag.py:540} INFO - Filling up the DagBag from /home/airflow/.local/lib/python3.8/site-packages/airflow/example_dags/example_bash_operator.py
[2024-03-13T07:06:15.939+0000] {processor.py:840} INFO - DAG(s) 'example_bash_operator' retrieved from /home/airflow/.local/lib/python3.8/site-packages/airflow/example_dags/example_bash_operator.py
[2024-03-13T07:06:15.961+0000] {logging_mixin.py:188} INFO - [2024-03-13T07:06:15.960+0000] {dag.py:3047} INFO - Sync 1 DAGs
[2024-03-13T07:06:15.979+0000] {logging_mixin.py:188} INFO - [2024-03-13T07:06:15.979+0000] {dag.py:3834} INFO - Setting next_dagrun for example_bash_operator to 2024-03-12 00:00:00+00:00, run_after=2024-03-13 00:00:00+00:00
[2024-03-13T07:06:15.996+0000] {processor.py:183} INFO - Processing /home/airflow/.local/lib/python3.8/site-packages/airflow/example_dags/example_bash_operator.py took 0.070 seconds
[2024-03-13T07:06:46.372+0000] {processor.py:161} INFO - Started process (PID=555) to work on /home/airflow/.local/lib/python3.8/site-packages/airflow/example_dags/example_bash_operator.py
[2024-03-13T07:06:46.373+0000] {processor.py:830} INFO - Processing file /home/airflow/.local/lib/python3.8/site-packages/airflow/example_dags/example_bash_operator.py for tasks to queue
[2024-03-13T07:06:46.375+0000] {logging_mixin.py:188} INFO - [2024-03-13T07:06:46.375+0000] {dagbag.py:540} INFO - Filling up the DagBag from /home/airflow/.local/lib/python3.8/site-packages/airflow/example_dags/example_bash_operator.py
[2024-03-13T07:06:46.385+0000] {processor.py:840} INFO - DAG(s) 'example_bash_operator' retrieved from /home/airflow/.local/lib/python3.8/site-packages/airflow/example_dags/example_bash_operator.py
[2024-03-13T07:06:46.407+0000] {logging_mixin.py:188} INFO - [2024-03-13T07:06:46.407+0000] {dag.py:3047} INFO - Sync 1 DAGs
[2024-03-13T07:06:46.425+0000] {logging_mixin.py:188} INFO - [2024-03-13T07:06:46.425+0000] {dag.py:3834} INFO - Setting next_dagrun for example_bash_operator to 2024-03-12 00:00:00+00:00, run_after=2024-03-13 00:00:00+00:00
[2024-03-13T07:06:46.441+0000] {processor.py:183} INFO - Processing /home/airflow/.local/lib/python3.8/site-packages/airflow/example_dags/example_bash_operator.py took 0.071 seconds
[2024-03-13T07:07:16.797+0000] {processor.py:161} INFO - Started process (PID=611) to work on /home/airflow/.local/lib/python3.8/site-packages/airflow/example_dags/example_bash_operator.py
[2024-03-13T07:07:16.798+0000] {processor.py:830} INFO - Processing file /home/airflow/.local/lib/python3.8/site-packages/airflow/example_dags/example_bash_operator.py for tasks to queue
[2024-03-13T07:07:16.800+0000] {logging_mixin.py:188} INFO - [2024-03-13T07:07:16.800+0000] {dagbag.py:540} INFO - Filling up the DagBag from /home/airflow/.local/lib/python3.8/site-packages/airflow/example_dags/example_bash_operator.py
[2024-03-13T07:07:16.809+0000] {processor.py:840} INFO - DAG(s) 'example_bash_operator' retrieved from /home/airflow/.local/lib/python3.8/site-packages/airflow/example_dags/example_bash_operator.py
[2024-03-13T07:07:16.835+0000] {logging_mixin.py:188} INFO - [2024-03-13T07:07:16.834+0000] {dag.py:3047} INFO - Sync 1 DAGs
[2024-03-13T07:07:16.856+0000] {logging_mixin.py:188} INFO - [2024-03-13T07:07:16.855+0000] {dag.py:3834} INFO - Setting next_dagrun for example_bash_operator to 2024-03-12 00:00:00+00:00, run_after=2024-03-13 00:00:00+00:00
[2024-03-13T07:07:16.875+0000] {processor.py:183} INFO - Processing /home/airflow/.local/lib/python3.8/site-packages/airflow/example_dags/example_bash_operator.py took 0.080 seconds
[2024-03-13T07:09:29.644+0000] {processor.py:161} INFO - Started process (PID=51) to work on /home/airflow/.local/lib/python3.8/site-packages/airflow/example_dags/example_bash_operator.py
[2024-03-13T07:09:29.645+0000] {processor.py:830} INFO - Processing file /home/airflow/.local/lib/python3.8/site-packages/airflow/example_dags/example_bash_operator.py for tasks to queue
[2024-03-13T07:09:29.647+0000] {logging_mixin.py:188} INFO - [2024-03-13T07:09:29.647+0000] {dagbag.py:540} INFO - Filling up the DagBag from /home/airflow/.local/lib/python3.8/site-packages/airflow/example_dags/example_bash_operator.py
[2024-03-13T07:09:29.661+0000] {processor.py:840} INFO - DAG(s) 'example_bash_operator' retrieved from /home/airflow/.local/lib/python3.8/site-packages/airflow/example_dags/example_bash_operator.py
[2024-03-13T07:09:29.672+0000] {logging_mixin.py:188} INFO - [2024-03-13T07:09:29.672+0000] {dag.py:3047} INFO - Sync 1 DAGs
[2024-03-13T07:09:29.691+0000] {logging_mixin.py:188} INFO - [2024-03-13T07:09:29.691+0000] {dag.py:3834} INFO - Setting next_dagrun for example_bash_operator to 2024-03-12 00:00:00+00:00, run_after=2024-03-13 00:00:00+00:00
[2024-03-13T07:09:29.709+0000] {processor.py:183} INFO - Processing /home/airflow/.local/lib/python3.8/site-packages/airflow/example_dags/example_bash_operator.py took 0.068 seconds
[2024-03-13T07:10:00.082+0000] {processor.py:161} INFO - Started process (PID=107) to work on /home/airflow/.local/lib/python3.8/site-packages/airflow/example_dags/example_bash_operator.py
[2024-03-13T07:10:00.083+0000] {processor.py:830} INFO - Processing file /home/airflow/.local/lib/python3.8/site-packages/airflow/example_dags/example_bash_operator.py for tasks to queue
[2024-03-13T07:10:00.085+0000] {logging_mixin.py:188} INFO - [2024-03-13T07:10:00.084+0000] {dagbag.py:540} INFO - Filling up the DagBag from /home/airflow/.local/lib/python3.8/site-packages/airflow/example_dags/example_bash_operator.py
[2024-03-13T07:10:00.094+0000] {processor.py:840} INFO - DAG(s) 'example_bash_operator' retrieved from /home/airflow/.local/lib/python3.8/site-packages/airflow/example_dags/example_bash_operator.py
[2024-03-13T07:10:00.169+0000] {logging_mixin.py:188} INFO - [2024-03-13T07:10:00.169+0000] {dag.py:3047} INFO - Sync 1 DAGs
[2024-03-13T07:10:00.186+0000] {logging_mixin.py:188} INFO - [2024-03-13T07:10:00.186+0000] {dag.py:3834} INFO - Setting next_dagrun for example_bash_operator to 2024-03-12 00:00:00+00:00, run_after=2024-03-13 00:00:00+00:00
[2024-03-13T07:10:00.204+0000] {processor.py:183} INFO - Processing /home/airflow/.local/lib/python3.8/site-packages/airflow/example_dags/example_bash_operator.py took 0.124 seconds
[2024-03-13T07:10:30.900+0000] {processor.py:161} INFO - Started process (PID=163) to work on /home/airflow/.local/lib/python3.8/site-packages/airflow/example_dags/example_bash_operator.py
[2024-03-13T07:10:30.902+0000] {processor.py:830} INFO - Processing file /home/airflow/.local/lib/python3.8/site-packages/airflow/example_dags/example_bash_operator.py for tasks to queue
[2024-03-13T07:10:30.904+0000] {logging_mixin.py:188} INFO - [2024-03-13T07:10:30.903+0000] {dagbag.py:540} INFO - Filling up the DagBag from /home/airflow/.local/lib/python3.8/site-packages/airflow/example_dags/example_bash_operator.py
[2024-03-13T07:10:30.914+0000] {processor.py:840} INFO - DAG(s) 'example_bash_operator' retrieved from /home/airflow/.local/lib/python3.8/site-packages/airflow/example_dags/example_bash_operator.py
[2024-03-13T07:10:30.940+0000] {logging_mixin.py:188} INFO - [2024-03-13T07:10:30.940+0000] {dag.py:3047} INFO - Sync 1 DAGs
[2024-03-13T07:10:30.961+0000] {logging_mixin.py:188} INFO - [2024-03-13T07:10:30.960+0000] {dag.py:3834} INFO - Setting next_dagrun for example_bash_operator to 2024-03-12 00:00:00+00:00, run_after=2024-03-13 00:00:00+00:00
[2024-03-13T07:10:30.981+0000] {processor.py:183} INFO - Processing /home/airflow/.local/lib/python3.8/site-packages/airflow/example_dags/example_bash_operator.py took 0.083 seconds
[2024-03-13T07:11:01.191+0000] {processor.py:161} INFO - Started process (PID=219) to work on /home/airflow/.local/lib/python3.8/site-packages/airflow/example_dags/example_bash_operator.py
[2024-03-13T07:11:01.192+0000] {processor.py:830} INFO - Processing file /home/airflow/.local/lib/python3.8/site-packages/airflow/example_dags/example_bash_operator.py for tasks to queue
[2024-03-13T07:11:01.194+0000] {logging_mixin.py:188} INFO - [2024-03-13T07:11:01.193+0000] {dagbag.py:540} INFO - Filling up the DagBag from /home/airflow/.local/lib/python3.8/site-packages/airflow/example_dags/example_bash_operator.py
[2024-03-13T07:11:01.203+0000] {processor.py:840} INFO - DAG(s) 'example_bash_operator' retrieved from /home/airflow/.local/lib/python3.8/site-packages/airflow/example_dags/example_bash_operator.py
[2024-03-13T07:11:01.226+0000] {logging_mixin.py:188} INFO - [2024-03-13T07:11:01.226+0000] {dag.py:3047} INFO - Sync 1 DAGs
[2024-03-13T07:11:01.246+0000] {logging_mixin.py:188} INFO - [2024-03-13T07:11:01.246+0000] {dag.py:3834} INFO - Setting next_dagrun for example_bash_operator to 2024-03-12 00:00:00+00:00, run_after=2024-03-13 00:00:00+00:00
[2024-03-13T07:11:01.265+0000] {processor.py:183} INFO - Processing /home/airflow/.local/lib/python3.8/site-packages/airflow/example_dags/example_bash_operator.py took 0.076 seconds
[2024-03-13T07:11:31.529+0000] {processor.py:161} INFO - Started process (PID=276) to work on /home/airflow/.local/lib/python3.8/site-packages/airflow/example_dags/example_bash_operator.py
[2024-03-13T07:11:31.530+0000] {processor.py:830} INFO - Processing file /home/airflow/.local/lib/python3.8/site-packages/airflow/example_dags/example_bash_operator.py for tasks to queue
[2024-03-13T07:11:31.532+0000] {logging_mixin.py:188} INFO - [2024-03-13T07:11:31.531+0000] {dagbag.py:540} INFO - Filling up the DagBag from /home/airflow/.local/lib/python3.8/site-packages/airflow/example_dags/example_bash_operator.py
[2024-03-13T07:11:31.542+0000] {processor.py:840} INFO - DAG(s) 'example_bash_operator' retrieved from /home/airflow/.local/lib/python3.8/site-packages/airflow/example_dags/example_bash_operator.py
[2024-03-13T07:11:31.566+0000] {logging_mixin.py:188} INFO - [2024-03-13T07:11:31.566+0000] {dag.py:3047} INFO - Sync 1 DAGs
[2024-03-13T07:11:31.586+0000] {logging_mixin.py:188} INFO - [2024-03-13T07:11:31.586+0000] {dag.py:3834} INFO - Setting next_dagrun for example_bash_operator to 2024-03-12 00:00:00+00:00, run_after=2024-03-13 00:00:00+00:00
[2024-03-13T07:11:31.606+0000] {processor.py:183} INFO - Processing /home/airflow/.local/lib/python3.8/site-packages/airflow/example_dags/example_bash_operator.py took 0.079 seconds
