[2024-03-13T06:40:22.486+0000] {processor.py:161} INFO - Started process (PID=476) to work on /home/airflow/.local/lib/python3.8/site-packages/airflow/example_dags/example_task_group.py
[2024-03-13T06:40:22.487+0000] {processor.py:830} INFO - Processing file /home/airflow/.local/lib/python3.8/site-packages/airflow/example_dags/example_task_group.py for tasks to queue
[2024-03-13T06:40:22.488+0000] {logging_mixin.py:188} INFO - [2024-03-13T06:40:22.488+0000] {dagbag.py:540} INFO - Filling up the DagBag from /home/airflow/.local/lib/python3.8/site-packages/airflow/example_dags/example_task_group.py
[2024-03-13T06:40:22.496+0000] {processor.py:840} INFO - DAG(s) 'example_task_group' retrieved from /home/airflow/.local/lib/python3.8/site-packages/airflow/example_dags/example_task_group.py
[2024-03-13T06:40:22.513+0000] {logging_mixin.py:188} INFO - [2024-03-13T06:40:22.513+0000] {dag.py:3047} INFO - Sync 1 DAGs
[2024-03-13T06:40:22.533+0000] {logging_mixin.py:188} INFO - [2024-03-13T06:40:22.533+0000] {dag.py:3834} INFO - Setting next_dagrun for example_task_group to 2024-03-12 00:00:00+00:00, run_after=2024-03-13 00:00:00+00:00
[2024-03-13T06:40:22.552+0000] {processor.py:183} INFO - Processing /home/airflow/.local/lib/python3.8/site-packages/airflow/example_dags/example_task_group.py took 0.068 seconds
[2024-03-13T06:40:52.907+0000] {processor.py:161} INFO - Started process (PID=532) to work on /home/airflow/.local/lib/python3.8/site-packages/airflow/example_dags/example_task_group.py
[2024-03-13T06:40:52.908+0000] {processor.py:830} INFO - Processing file /home/airflow/.local/lib/python3.8/site-packages/airflow/example_dags/example_task_group.py for tasks to queue
[2024-03-13T06:40:52.909+0000] {logging_mixin.py:188} INFO - [2024-03-13T06:40:52.909+0000] {dagbag.py:540} INFO - Filling up the DagBag from /home/airflow/.local/lib/python3.8/site-packages/airflow/example_dags/example_task_group.py
[2024-03-13T06:40:52.916+0000] {processor.py:840} INFO - DAG(s) 'example_task_group' retrieved from /home/airflow/.local/lib/python3.8/site-packages/airflow/example_dags/example_task_group.py
[2024-03-13T06:40:52.934+0000] {logging_mixin.py:188} INFO - [2024-03-13T06:40:52.934+0000] {dag.py:3047} INFO - Sync 1 DAGs
[2024-03-13T06:40:52.954+0000] {logging_mixin.py:188} INFO - [2024-03-13T06:40:52.953+0000] {dag.py:3834} INFO - Setting next_dagrun for example_task_group to 2024-03-12 00:00:00+00:00, run_after=2024-03-13 00:00:00+00:00
[2024-03-13T06:40:52.969+0000] {processor.py:183} INFO - Processing /home/airflow/.local/lib/python3.8/site-packages/airflow/example_dags/example_task_group.py took 0.065 seconds
[2024-03-13T06:41:23.412+0000] {processor.py:161} INFO - Started process (PID=588) to work on /home/airflow/.local/lib/python3.8/site-packages/airflow/example_dags/example_task_group.py
[2024-03-13T06:41:23.413+0000] {processor.py:830} INFO - Processing file /home/airflow/.local/lib/python3.8/site-packages/airflow/example_dags/example_task_group.py for tasks to queue
[2024-03-13T06:41:23.414+0000] {logging_mixin.py:188} INFO - [2024-03-13T06:41:23.414+0000] {dagbag.py:540} INFO - Filling up the DagBag from /home/airflow/.local/lib/python3.8/site-packages/airflow/example_dags/example_task_group.py
[2024-03-13T06:41:23.420+0000] {processor.py:840} INFO - DAG(s) 'example_task_group' retrieved from /home/airflow/.local/lib/python3.8/site-packages/airflow/example_dags/example_task_group.py
[2024-03-13T06:41:23.437+0000] {logging_mixin.py:188} INFO - [2024-03-13T06:41:23.436+0000] {dag.py:3047} INFO - Sync 1 DAGs
[2024-03-13T06:41:23.453+0000] {logging_mixin.py:188} INFO - [2024-03-13T06:41:23.453+0000] {dag.py:3834} INFO - Setting next_dagrun for example_task_group to 2024-03-12 00:00:00+00:00, run_after=2024-03-13 00:00:00+00:00
[2024-03-13T06:41:23.469+0000] {processor.py:183} INFO - Processing /home/airflow/.local/lib/python3.8/site-packages/airflow/example_dags/example_task_group.py took 0.060 seconds
[2024-03-13T06:41:53.929+0000] {processor.py:161} INFO - Started process (PID=644) to work on /home/airflow/.local/lib/python3.8/site-packages/airflow/example_dags/example_task_group.py
[2024-03-13T06:41:53.930+0000] {processor.py:830} INFO - Processing file /home/airflow/.local/lib/python3.8/site-packages/airflow/example_dags/example_task_group.py for tasks to queue
[2024-03-13T06:41:53.931+0000] {logging_mixin.py:188} INFO - [2024-03-13T06:41:53.930+0000] {dagbag.py:540} INFO - Filling up the DagBag from /home/airflow/.local/lib/python3.8/site-packages/airflow/example_dags/example_task_group.py
[2024-03-13T06:41:53.938+0000] {processor.py:840} INFO - DAG(s) 'example_task_group' retrieved from /home/airflow/.local/lib/python3.8/site-packages/airflow/example_dags/example_task_group.py
[2024-03-13T06:41:53.960+0000] {logging_mixin.py:188} INFO - [2024-03-13T06:41:53.959+0000] {dag.py:3047} INFO - Sync 1 DAGs
[2024-03-13T06:41:53.979+0000] {logging_mixin.py:188} INFO - [2024-03-13T06:41:53.979+0000] {dag.py:3834} INFO - Setting next_dagrun for example_task_group to 2024-03-12 00:00:00+00:00, run_after=2024-03-13 00:00:00+00:00
[2024-03-13T06:41:53.998+0000] {processor.py:183} INFO - Processing /home/airflow/.local/lib/python3.8/site-packages/airflow/example_dags/example_task_group.py took 0.073 seconds
[2024-03-13T06:42:24.271+0000] {processor.py:161} INFO - Started process (PID=700) to work on /home/airflow/.local/lib/python3.8/site-packages/airflow/example_dags/example_task_group.py
[2024-03-13T06:42:24.272+0000] {processor.py:830} INFO - Processing file /home/airflow/.local/lib/python3.8/site-packages/airflow/example_dags/example_task_group.py for tasks to queue
[2024-03-13T06:42:24.274+0000] {logging_mixin.py:188} INFO - [2024-03-13T06:42:24.273+0000] {dagbag.py:540} INFO - Filling up the DagBag from /home/airflow/.local/lib/python3.8/site-packages/airflow/example_dags/example_task_group.py
[2024-03-13T06:42:24.282+0000] {processor.py:840} INFO - DAG(s) 'example_task_group' retrieved from /home/airflow/.local/lib/python3.8/site-packages/airflow/example_dags/example_task_group.py
[2024-03-13T06:42:24.300+0000] {logging_mixin.py:188} INFO - [2024-03-13T06:42:24.300+0000] {dag.py:3047} INFO - Sync 1 DAGs
[2024-03-13T06:42:24.317+0000] {logging_mixin.py:188} INFO - [2024-03-13T06:42:24.317+0000] {dag.py:3834} INFO - Setting next_dagrun for example_task_group to 2024-03-12 00:00:00+00:00, run_after=2024-03-13 00:00:00+00:00
[2024-03-13T06:42:24.333+0000] {processor.py:183} INFO - Processing /home/airflow/.local/lib/python3.8/site-packages/airflow/example_dags/example_task_group.py took 0.064 seconds
[2024-03-13T06:42:54.466+0000] {processor.py:161} INFO - Started process (PID=756) to work on /home/airflow/.local/lib/python3.8/site-packages/airflow/example_dags/example_task_group.py
[2024-03-13T06:42:54.467+0000] {processor.py:830} INFO - Processing file /home/airflow/.local/lib/python3.8/site-packages/airflow/example_dags/example_task_group.py for tasks to queue
[2024-03-13T06:42:54.469+0000] {logging_mixin.py:188} INFO - [2024-03-13T06:42:54.468+0000] {dagbag.py:540} INFO - Filling up the DagBag from /home/airflow/.local/lib/python3.8/site-packages/airflow/example_dags/example_task_group.py
[2024-03-13T06:42:54.475+0000] {processor.py:840} INFO - DAG(s) 'example_task_group' retrieved from /home/airflow/.local/lib/python3.8/site-packages/airflow/example_dags/example_task_group.py
[2024-03-13T06:42:54.498+0000] {logging_mixin.py:188} INFO - [2024-03-13T06:42:54.498+0000] {dag.py:3047} INFO - Sync 1 DAGs
[2024-03-13T06:42:54.522+0000] {logging_mixin.py:188} INFO - [2024-03-13T06:42:54.522+0000] {dag.py:3834} INFO - Setting next_dagrun for example_task_group to 2024-03-12 00:00:00+00:00, run_after=2024-03-13 00:00:00+00:00
[2024-03-13T06:42:54.541+0000] {processor.py:183} INFO - Processing /home/airflow/.local/lib/python3.8/site-packages/airflow/example_dags/example_task_group.py took 0.077 seconds
[2024-03-13T06:43:24.958+0000] {processor.py:161} INFO - Started process (PID=812) to work on /home/airflow/.local/lib/python3.8/site-packages/airflow/example_dags/example_task_group.py
[2024-03-13T06:43:24.959+0000] {processor.py:830} INFO - Processing file /home/airflow/.local/lib/python3.8/site-packages/airflow/example_dags/example_task_group.py for tasks to queue
[2024-03-13T06:43:24.960+0000] {logging_mixin.py:188} INFO - [2024-03-13T06:43:24.960+0000] {dagbag.py:540} INFO - Filling up the DagBag from /home/airflow/.local/lib/python3.8/site-packages/airflow/example_dags/example_task_group.py
[2024-03-13T06:43:24.966+0000] {processor.py:840} INFO - DAG(s) 'example_task_group' retrieved from /home/airflow/.local/lib/python3.8/site-packages/airflow/example_dags/example_task_group.py
[2024-03-13T06:43:24.983+0000] {logging_mixin.py:188} INFO - [2024-03-13T06:43:24.983+0000] {dag.py:3047} INFO - Sync 1 DAGs
[2024-03-13T06:43:25.001+0000] {logging_mixin.py:188} INFO - [2024-03-13T06:43:25.001+0000] {dag.py:3834} INFO - Setting next_dagrun for example_task_group to 2024-03-12 00:00:00+00:00, run_after=2024-03-13 00:00:00+00:00
[2024-03-13T06:43:25.018+0000] {processor.py:183} INFO - Processing /home/airflow/.local/lib/python3.8/site-packages/airflow/example_dags/example_task_group.py took 0.062 seconds
[2024-03-13T06:43:55.425+0000] {processor.py:161} INFO - Started process (PID=868) to work on /home/airflow/.local/lib/python3.8/site-packages/airflow/example_dags/example_task_group.py
[2024-03-13T06:43:55.426+0000] {processor.py:830} INFO - Processing file /home/airflow/.local/lib/python3.8/site-packages/airflow/example_dags/example_task_group.py for tasks to queue
[2024-03-13T06:43:55.427+0000] {logging_mixin.py:188} INFO - [2024-03-13T06:43:55.427+0000] {dagbag.py:540} INFO - Filling up the DagBag from /home/airflow/.local/lib/python3.8/site-packages/airflow/example_dags/example_task_group.py
[2024-03-13T06:43:55.434+0000] {processor.py:840} INFO - DAG(s) 'example_task_group' retrieved from /home/airflow/.local/lib/python3.8/site-packages/airflow/example_dags/example_task_group.py
[2024-03-13T06:43:55.450+0000] {logging_mixin.py:188} INFO - [2024-03-13T06:43:55.450+0000] {dag.py:3047} INFO - Sync 1 DAGs
[2024-03-13T06:43:55.466+0000] {logging_mixin.py:188} INFO - [2024-03-13T06:43:55.466+0000] {dag.py:3834} INFO - Setting next_dagrun for example_task_group to 2024-03-12 00:00:00+00:00, run_after=2024-03-13 00:00:00+00:00
[2024-03-13T06:43:55.482+0000] {processor.py:183} INFO - Processing /home/airflow/.local/lib/python3.8/site-packages/airflow/example_dags/example_task_group.py took 0.059 seconds
[2024-03-13T06:44:25.711+0000] {processor.py:161} INFO - Started process (PID=924) to work on /home/airflow/.local/lib/python3.8/site-packages/airflow/example_dags/example_task_group.py
[2024-03-13T06:44:25.712+0000] {processor.py:830} INFO - Processing file /home/airflow/.local/lib/python3.8/site-packages/airflow/example_dags/example_task_group.py for tasks to queue
[2024-03-13T06:44:25.713+0000] {logging_mixin.py:188} INFO - [2024-03-13T06:44:25.713+0000] {dagbag.py:540} INFO - Filling up the DagBag from /home/airflow/.local/lib/python3.8/site-packages/airflow/example_dags/example_task_group.py
[2024-03-13T06:44:25.719+0000] {processor.py:840} INFO - DAG(s) 'example_task_group' retrieved from /home/airflow/.local/lib/python3.8/site-packages/airflow/example_dags/example_task_group.py
[2024-03-13T06:44:25.736+0000] {logging_mixin.py:188} INFO - [2024-03-13T06:44:25.735+0000] {dag.py:3047} INFO - Sync 1 DAGs
[2024-03-13T06:44:25.753+0000] {logging_mixin.py:188} INFO - [2024-03-13T06:44:25.753+0000] {dag.py:3834} INFO - Setting next_dagrun for example_task_group to 2024-03-12 00:00:00+00:00, run_after=2024-03-13 00:00:00+00:00
[2024-03-13T06:44:25.768+0000] {processor.py:183} INFO - Processing /home/airflow/.local/lib/python3.8/site-packages/airflow/example_dags/example_task_group.py took 0.059 seconds
[2024-03-13T06:44:56.786+0000] {processor.py:161} INFO - Started process (PID=980) to work on /home/airflow/.local/lib/python3.8/site-packages/airflow/example_dags/example_task_group.py
[2024-03-13T06:44:56.788+0000] {processor.py:830} INFO - Processing file /home/airflow/.local/lib/python3.8/site-packages/airflow/example_dags/example_task_group.py for tasks to queue
[2024-03-13T06:44:56.788+0000] {logging_mixin.py:188} INFO - [2024-03-13T06:44:56.788+0000] {dagbag.py:540} INFO - Filling up the DagBag from /home/airflow/.local/lib/python3.8/site-packages/airflow/example_dags/example_task_group.py
[2024-03-13T06:44:56.798+0000] {processor.py:840} INFO - DAG(s) 'example_task_group' retrieved from /home/airflow/.local/lib/python3.8/site-packages/airflow/example_dags/example_task_group.py
[2024-03-13T06:44:56.823+0000] {logging_mixin.py:188} INFO - [2024-03-13T06:44:56.823+0000] {dag.py:3047} INFO - Sync 1 DAGs
[2024-03-13T06:44:56.850+0000] {logging_mixin.py:188} INFO - [2024-03-13T06:44:56.850+0000] {dag.py:3834} INFO - Setting next_dagrun for example_task_group to 2024-03-12 00:00:00+00:00, run_after=2024-03-13 00:00:00+00:00
[2024-03-13T06:44:56.873+0000] {processor.py:183} INFO - Processing /home/airflow/.local/lib/python3.8/site-packages/airflow/example_dags/example_task_group.py took 0.089 seconds
[2024-03-13T06:45:27.448+0000] {processor.py:161} INFO - Started process (PID=1037) to work on /home/airflow/.local/lib/python3.8/site-packages/airflow/example_dags/example_task_group.py
[2024-03-13T06:45:27.448+0000] {processor.py:830} INFO - Processing file /home/airflow/.local/lib/python3.8/site-packages/airflow/example_dags/example_task_group.py for tasks to queue
[2024-03-13T06:45:27.449+0000] {logging_mixin.py:188} INFO - [2024-03-13T06:45:27.449+0000] {dagbag.py:540} INFO - Filling up the DagBag from /home/airflow/.local/lib/python3.8/site-packages/airflow/example_dags/example_task_group.py
[2024-03-13T06:45:27.455+0000] {processor.py:840} INFO - DAG(s) 'example_task_group' retrieved from /home/airflow/.local/lib/python3.8/site-packages/airflow/example_dags/example_task_group.py
[2024-03-13T06:45:27.472+0000] {logging_mixin.py:188} INFO - [2024-03-13T06:45:27.472+0000] {dag.py:3047} INFO - Sync 1 DAGs
[2024-03-13T06:45:27.489+0000] {logging_mixin.py:188} INFO - [2024-03-13T06:45:27.489+0000] {dag.py:3834} INFO - Setting next_dagrun for example_task_group to 2024-03-12 00:00:00+00:00, run_after=2024-03-13 00:00:00+00:00
[2024-03-13T06:45:27.507+0000] {processor.py:183} INFO - Processing /home/airflow/.local/lib/python3.8/site-packages/airflow/example_dags/example_task_group.py took 0.062 seconds
[2024-03-13T06:45:57.985+0000] {processor.py:161} INFO - Started process (PID=1093) to work on /home/airflow/.local/lib/python3.8/site-packages/airflow/example_dags/example_task_group.py
[2024-03-13T06:45:57.986+0000] {processor.py:830} INFO - Processing file /home/airflow/.local/lib/python3.8/site-packages/airflow/example_dags/example_task_group.py for tasks to queue
[2024-03-13T06:45:57.988+0000] {logging_mixin.py:188} INFO - [2024-03-13T06:45:57.987+0000] {dagbag.py:540} INFO - Filling up the DagBag from /home/airflow/.local/lib/python3.8/site-packages/airflow/example_dags/example_task_group.py
[2024-03-13T06:45:57.994+0000] {processor.py:840} INFO - DAG(s) 'example_task_group' retrieved from /home/airflow/.local/lib/python3.8/site-packages/airflow/example_dags/example_task_group.py
[2024-03-13T06:45:58.012+0000] {logging_mixin.py:188} INFO - [2024-03-13T06:45:58.012+0000] {dag.py:3047} INFO - Sync 1 DAGs
[2024-03-13T06:45:58.030+0000] {logging_mixin.py:188} INFO - [2024-03-13T06:45:58.029+0000] {dag.py:3834} INFO - Setting next_dagrun for example_task_group to 2024-03-12 00:00:00+00:00, run_after=2024-03-13 00:00:00+00:00
[2024-03-13T06:45:58.046+0000] {processor.py:183} INFO - Processing /home/airflow/.local/lib/python3.8/site-packages/airflow/example_dags/example_task_group.py took 0.064 seconds
[2024-03-13T06:46:28.405+0000] {processor.py:161} INFO - Started process (PID=1149) to work on /home/airflow/.local/lib/python3.8/site-packages/airflow/example_dags/example_task_group.py
[2024-03-13T06:46:28.407+0000] {processor.py:830} INFO - Processing file /home/airflow/.local/lib/python3.8/site-packages/airflow/example_dags/example_task_group.py for tasks to queue
[2024-03-13T06:46:28.408+0000] {logging_mixin.py:188} INFO - [2024-03-13T06:46:28.407+0000] {dagbag.py:540} INFO - Filling up the DagBag from /home/airflow/.local/lib/python3.8/site-packages/airflow/example_dags/example_task_group.py
[2024-03-13T06:46:28.415+0000] {processor.py:840} INFO - DAG(s) 'example_task_group' retrieved from /home/airflow/.local/lib/python3.8/site-packages/airflow/example_dags/example_task_group.py
[2024-03-13T06:46:28.435+0000] {logging_mixin.py:188} INFO - [2024-03-13T06:46:28.434+0000] {dag.py:3047} INFO - Sync 1 DAGs
[2024-03-13T06:46:28.452+0000] {logging_mixin.py:188} INFO - [2024-03-13T06:46:28.452+0000] {dag.py:3834} INFO - Setting next_dagrun for example_task_group to 2024-03-12 00:00:00+00:00, run_after=2024-03-13 00:00:00+00:00
[2024-03-13T06:46:28.470+0000] {processor.py:183} INFO - Processing /home/airflow/.local/lib/python3.8/site-packages/airflow/example_dags/example_task_group.py took 0.067 seconds
[2024-03-13T06:46:58.693+0000] {processor.py:161} INFO - Started process (PID=1212) to work on /home/airflow/.local/lib/python3.8/site-packages/airflow/example_dags/example_task_group.py
[2024-03-13T06:46:58.694+0000] {processor.py:830} INFO - Processing file /home/airflow/.local/lib/python3.8/site-packages/airflow/example_dags/example_task_group.py for tasks to queue
[2024-03-13T06:46:58.695+0000] {logging_mixin.py:188} INFO - [2024-03-13T06:46:58.695+0000] {dagbag.py:540} INFO - Filling up the DagBag from /home/airflow/.local/lib/python3.8/site-packages/airflow/example_dags/example_task_group.py
[2024-03-13T06:46:58.701+0000] {processor.py:840} INFO - DAG(s) 'example_task_group' retrieved from /home/airflow/.local/lib/python3.8/site-packages/airflow/example_dags/example_task_group.py
[2024-03-13T06:46:58.718+0000] {logging_mixin.py:188} INFO - [2024-03-13T06:46:58.717+0000] {dag.py:3047} INFO - Sync 1 DAGs
[2024-03-13T06:46:58.736+0000] {logging_mixin.py:188} INFO - [2024-03-13T06:46:58.736+0000] {dag.py:3834} INFO - Setting next_dagrun for example_task_group to 2024-03-12 00:00:00+00:00, run_after=2024-03-13 00:00:00+00:00
[2024-03-13T06:46:58.752+0000] {processor.py:183} INFO - Processing /home/airflow/.local/lib/python3.8/site-packages/airflow/example_dags/example_task_group.py took 0.062 seconds
[2024-03-13T06:47:29.740+0000] {processor.py:161} INFO - Started process (PID=1268) to work on /home/airflow/.local/lib/python3.8/site-packages/airflow/example_dags/example_task_group.py
[2024-03-13T06:47:29.743+0000] {processor.py:830} INFO - Processing file /home/airflow/.local/lib/python3.8/site-packages/airflow/example_dags/example_task_group.py for tasks to queue
[2024-03-13T06:47:29.745+0000] {logging_mixin.py:188} INFO - [2024-03-13T06:47:29.744+0000] {dagbag.py:540} INFO - Filling up the DagBag from /home/airflow/.local/lib/python3.8/site-packages/airflow/example_dags/example_task_group.py
[2024-03-13T06:47:29.756+0000] {processor.py:840} INFO - DAG(s) 'example_task_group' retrieved from /home/airflow/.local/lib/python3.8/site-packages/airflow/example_dags/example_task_group.py
[2024-03-13T06:47:29.779+0000] {logging_mixin.py:188} INFO - [2024-03-13T06:47:29.778+0000] {dag.py:3047} INFO - Sync 1 DAGs
[2024-03-13T06:47:29.803+0000] {logging_mixin.py:188} INFO - [2024-03-13T06:47:29.803+0000] {dag.py:3834} INFO - Setting next_dagrun for example_task_group to 2024-03-12 00:00:00+00:00, run_after=2024-03-13 00:00:00+00:00
[2024-03-13T06:47:29.832+0000] {processor.py:183} INFO - Processing /home/airflow/.local/lib/python3.8/site-packages/airflow/example_dags/example_task_group.py took 0.095 seconds
[2024-03-13T06:48:00.211+0000] {processor.py:161} INFO - Started process (PID=1324) to work on /home/airflow/.local/lib/python3.8/site-packages/airflow/example_dags/example_task_group.py
[2024-03-13T06:48:00.212+0000] {processor.py:830} INFO - Processing file /home/airflow/.local/lib/python3.8/site-packages/airflow/example_dags/example_task_group.py for tasks to queue
[2024-03-13T06:48:00.214+0000] {logging_mixin.py:188} INFO - [2024-03-13T06:48:00.213+0000] {dagbag.py:540} INFO - Filling up the DagBag from /home/airflow/.local/lib/python3.8/site-packages/airflow/example_dags/example_task_group.py
[2024-03-13T06:48:00.221+0000] {processor.py:840} INFO - DAG(s) 'example_task_group' retrieved from /home/airflow/.local/lib/python3.8/site-packages/airflow/example_dags/example_task_group.py
[2024-03-13T06:48:00.239+0000] {logging_mixin.py:188} INFO - [2024-03-13T06:48:00.239+0000] {dag.py:3047} INFO - Sync 1 DAGs
[2024-03-13T06:48:00.258+0000] {logging_mixin.py:188} INFO - [2024-03-13T06:48:00.258+0000] {dag.py:3834} INFO - Setting next_dagrun for example_task_group to 2024-03-12 00:00:00+00:00, run_after=2024-03-13 00:00:00+00:00
[2024-03-13T06:48:00.276+0000] {processor.py:183} INFO - Processing /home/airflow/.local/lib/python3.8/site-packages/airflow/example_dags/example_task_group.py took 0.067 seconds
[2024-03-13T06:48:30.513+0000] {processor.py:161} INFO - Started process (PID=1381) to work on /home/airflow/.local/lib/python3.8/site-packages/airflow/example_dags/example_task_group.py
[2024-03-13T06:48:30.515+0000] {processor.py:830} INFO - Processing file /home/airflow/.local/lib/python3.8/site-packages/airflow/example_dags/example_task_group.py for tasks to queue
[2024-03-13T06:48:30.516+0000] {logging_mixin.py:188} INFO - [2024-03-13T06:48:30.516+0000] {dagbag.py:540} INFO - Filling up the DagBag from /home/airflow/.local/lib/python3.8/site-packages/airflow/example_dags/example_task_group.py
[2024-03-13T06:48:30.524+0000] {processor.py:840} INFO - DAG(s) 'example_task_group' retrieved from /home/airflow/.local/lib/python3.8/site-packages/airflow/example_dags/example_task_group.py
[2024-03-13T06:48:30.544+0000] {logging_mixin.py:188} INFO - [2024-03-13T06:48:30.543+0000] {dag.py:3047} INFO - Sync 1 DAGs
[2024-03-13T06:48:30.564+0000] {logging_mixin.py:188} INFO - [2024-03-13T06:48:30.564+0000] {dag.py:3834} INFO - Setting next_dagrun for example_task_group to 2024-03-12 00:00:00+00:00, run_after=2024-03-13 00:00:00+00:00
[2024-03-13T06:48:30.582+0000] {processor.py:183} INFO - Processing /home/airflow/.local/lib/python3.8/site-packages/airflow/example_dags/example_task_group.py took 0.072 seconds
[2024-03-13T06:49:00.722+0000] {processor.py:161} INFO - Started process (PID=1438) to work on /home/airflow/.local/lib/python3.8/site-packages/airflow/example_dags/example_task_group.py
[2024-03-13T06:49:00.723+0000] {processor.py:830} INFO - Processing file /home/airflow/.local/lib/python3.8/site-packages/airflow/example_dags/example_task_group.py for tasks to queue
[2024-03-13T06:49:00.724+0000] {logging_mixin.py:188} INFO - [2024-03-13T06:49:00.724+0000] {dagbag.py:540} INFO - Filling up the DagBag from /home/airflow/.local/lib/python3.8/site-packages/airflow/example_dags/example_task_group.py
[2024-03-13T06:49:00.732+0000] {processor.py:840} INFO - DAG(s) 'example_task_group' retrieved from /home/airflow/.local/lib/python3.8/site-packages/airflow/example_dags/example_task_group.py
[2024-03-13T06:49:00.751+0000] {logging_mixin.py:188} INFO - [2024-03-13T06:49:00.751+0000] {dag.py:3047} INFO - Sync 1 DAGs
[2024-03-13T06:49:00.768+0000] {logging_mixin.py:188} INFO - [2024-03-13T06:49:00.768+0000] {dag.py:3834} INFO - Setting next_dagrun for example_task_group to 2024-03-12 00:00:00+00:00, run_after=2024-03-13 00:00:00+00:00
[2024-03-13T06:49:00.787+0000] {processor.py:183} INFO - Processing /home/airflow/.local/lib/python3.8/site-packages/airflow/example_dags/example_task_group.py took 0.067 seconds
[2024-03-13T06:49:31.029+0000] {processor.py:161} INFO - Started process (PID=1494) to work on /home/airflow/.local/lib/python3.8/site-packages/airflow/example_dags/example_task_group.py
[2024-03-13T06:49:31.030+0000] {processor.py:830} INFO - Processing file /home/airflow/.local/lib/python3.8/site-packages/airflow/example_dags/example_task_group.py for tasks to queue
[2024-03-13T06:49:31.030+0000] {logging_mixin.py:188} INFO - [2024-03-13T06:49:31.030+0000] {dagbag.py:540} INFO - Filling up the DagBag from /home/airflow/.local/lib/python3.8/site-packages/airflow/example_dags/example_task_group.py
[2024-03-13T06:49:31.036+0000] {processor.py:840} INFO - DAG(s) 'example_task_group' retrieved from /home/airflow/.local/lib/python3.8/site-packages/airflow/example_dags/example_task_group.py
[2024-03-13T06:49:31.053+0000] {logging_mixin.py:188} INFO - [2024-03-13T06:49:31.052+0000] {dag.py:3047} INFO - Sync 1 DAGs
[2024-03-13T06:49:31.070+0000] {logging_mixin.py:188} INFO - [2024-03-13T06:49:31.070+0000] {dag.py:3834} INFO - Setting next_dagrun for example_task_group to 2024-03-12 00:00:00+00:00, run_after=2024-03-13 00:00:00+00:00
[2024-03-13T06:49:31.086+0000] {processor.py:183} INFO - Processing /home/airflow/.local/lib/python3.8/site-packages/airflow/example_dags/example_task_group.py took 0.060 seconds
[2024-03-13T06:50:01.206+0000] {processor.py:161} INFO - Started process (PID=1552) to work on /home/airflow/.local/lib/python3.8/site-packages/airflow/example_dags/example_task_group.py
[2024-03-13T06:50:01.207+0000] {processor.py:830} INFO - Processing file /home/airflow/.local/lib/python3.8/site-packages/airflow/example_dags/example_task_group.py for tasks to queue
[2024-03-13T06:50:01.208+0000] {logging_mixin.py:188} INFO - [2024-03-13T06:50:01.208+0000] {dagbag.py:540} INFO - Filling up the DagBag from /home/airflow/.local/lib/python3.8/site-packages/airflow/example_dags/example_task_group.py
[2024-03-13T06:50:01.214+0000] {processor.py:840} INFO - DAG(s) 'example_task_group' retrieved from /home/airflow/.local/lib/python3.8/site-packages/airflow/example_dags/example_task_group.py
[2024-03-13T06:50:01.232+0000] {logging_mixin.py:188} INFO - [2024-03-13T06:50:01.231+0000] {dag.py:3047} INFO - Sync 1 DAGs
[2024-03-13T06:50:01.249+0000] {logging_mixin.py:188} INFO - [2024-03-13T06:50:01.248+0000] {dag.py:3834} INFO - Setting next_dagrun for example_task_group to 2024-03-12 00:00:00+00:00, run_after=2024-03-13 00:00:00+00:00
[2024-03-13T06:50:01.266+0000] {processor.py:183} INFO - Processing /home/airflow/.local/lib/python3.8/site-packages/airflow/example_dags/example_task_group.py took 0.062 seconds
[2024-03-13T06:50:31.392+0000] {processor.py:161} INFO - Started process (PID=1609) to work on /home/airflow/.local/lib/python3.8/site-packages/airflow/example_dags/example_task_group.py
[2024-03-13T06:50:31.392+0000] {processor.py:830} INFO - Processing file /home/airflow/.local/lib/python3.8/site-packages/airflow/example_dags/example_task_group.py for tasks to queue
[2024-03-13T06:50:31.393+0000] {logging_mixin.py:188} INFO - [2024-03-13T06:50:31.393+0000] {dagbag.py:540} INFO - Filling up the DagBag from /home/airflow/.local/lib/python3.8/site-packages/airflow/example_dags/example_task_group.py
[2024-03-13T06:50:31.399+0000] {processor.py:840} INFO - DAG(s) 'example_task_group' retrieved from /home/airflow/.local/lib/python3.8/site-packages/airflow/example_dags/example_task_group.py
[2024-03-13T06:50:31.415+0000] {logging_mixin.py:188} INFO - [2024-03-13T06:50:31.414+0000] {dag.py:3047} INFO - Sync 1 DAGs
[2024-03-13T06:50:31.430+0000] {logging_mixin.py:188} INFO - [2024-03-13T06:50:31.430+0000] {dag.py:3834} INFO - Setting next_dagrun for example_task_group to 2024-03-12 00:00:00+00:00, run_after=2024-03-13 00:00:00+00:00
[2024-03-13T06:50:31.447+0000] {processor.py:183} INFO - Processing /home/airflow/.local/lib/python3.8/site-packages/airflow/example_dags/example_task_group.py took 0.057 seconds
[2024-03-13T06:51:01.700+0000] {processor.py:161} INFO - Started process (PID=1669) to work on /home/airflow/.local/lib/python3.8/site-packages/airflow/example_dags/example_task_group.py
[2024-03-13T06:51:01.701+0000] {processor.py:830} INFO - Processing file /home/airflow/.local/lib/python3.8/site-packages/airflow/example_dags/example_task_group.py for tasks to queue
[2024-03-13T06:51:01.702+0000] {logging_mixin.py:188} INFO - [2024-03-13T06:51:01.701+0000] {dagbag.py:540} INFO - Filling up the DagBag from /home/airflow/.local/lib/python3.8/site-packages/airflow/example_dags/example_task_group.py
[2024-03-13T06:51:01.708+0000] {processor.py:840} INFO - DAG(s) 'example_task_group' retrieved from /home/airflow/.local/lib/python3.8/site-packages/airflow/example_dags/example_task_group.py
[2024-03-13T06:51:01.724+0000] {logging_mixin.py:188} INFO - [2024-03-13T06:51:01.724+0000] {dag.py:3047} INFO - Sync 1 DAGs
[2024-03-13T06:51:01.739+0000] {logging_mixin.py:188} INFO - [2024-03-13T06:51:01.739+0000] {dag.py:3834} INFO - Setting next_dagrun for example_task_group to 2024-03-12 00:00:00+00:00, run_after=2024-03-13 00:00:00+00:00
[2024-03-13T06:51:01.754+0000] {processor.py:183} INFO - Processing /home/airflow/.local/lib/python3.8/site-packages/airflow/example_dags/example_task_group.py took 0.056 seconds
[2024-03-13T06:52:20.511+0000] {processor.py:161} INFO - Started process (PID=84) to work on /home/airflow/.local/lib/python3.8/site-packages/airflow/example_dags/example_task_group.py
[2024-03-13T06:52:20.513+0000] {processor.py:830} INFO - Processing file /home/airflow/.local/lib/python3.8/site-packages/airflow/example_dags/example_task_group.py for tasks to queue
[2024-03-13T06:52:20.515+0000] {logging_mixin.py:188} INFO - [2024-03-13T06:52:20.514+0000] {dagbag.py:540} INFO - Filling up the DagBag from /home/airflow/.local/lib/python3.8/site-packages/airflow/example_dags/example_task_group.py
[2024-03-13T06:52:20.522+0000] {processor.py:840} INFO - DAG(s) 'example_task_group' retrieved from /home/airflow/.local/lib/python3.8/site-packages/airflow/example_dags/example_task_group.py
[2024-03-13T06:52:20.535+0000] {logging_mixin.py:188} INFO - [2024-03-13T06:52:20.534+0000] {dag.py:3047} INFO - Sync 1 DAGs
[2024-03-13T06:52:20.562+0000] {logging_mixin.py:188} INFO - [2024-03-13T06:52:20.561+0000] {dag.py:3834} INFO - Setting next_dagrun for example_task_group to 2024-03-12 00:00:00+00:00, run_after=2024-03-13 00:00:00+00:00
[2024-03-13T06:52:20.590+0000] {processor.py:183} INFO - Processing /home/airflow/.local/lib/python3.8/site-packages/airflow/example_dags/example_task_group.py took 0.082 seconds
[2024-03-13T06:52:52.031+0000] {processor.py:161} INFO - Started process (PID=140) to work on /home/airflow/.local/lib/python3.8/site-packages/airflow/example_dags/example_task_group.py
[2024-03-13T06:52:52.031+0000] {processor.py:830} INFO - Processing file /home/airflow/.local/lib/python3.8/site-packages/airflow/example_dags/example_task_group.py for tasks to queue
[2024-03-13T06:52:52.033+0000] {logging_mixin.py:188} INFO - [2024-03-13T06:52:52.033+0000] {dagbag.py:540} INFO - Filling up the DagBag from /home/airflow/.local/lib/python3.8/site-packages/airflow/example_dags/example_task_group.py
[2024-03-13T06:52:52.038+0000] {processor.py:840} INFO - DAG(s) 'example_task_group' retrieved from /home/airflow/.local/lib/python3.8/site-packages/airflow/example_dags/example_task_group.py
[2024-03-13T06:52:52.110+0000] {logging_mixin.py:188} INFO - [2024-03-13T06:52:52.109+0000] {dag.py:3047} INFO - Sync 1 DAGs
[2024-03-13T06:52:52.124+0000] {logging_mixin.py:188} INFO - [2024-03-13T06:52:52.123+0000] {dag.py:3834} INFO - Setting next_dagrun for example_task_group to 2024-03-12 00:00:00+00:00, run_after=2024-03-13 00:00:00+00:00
[2024-03-13T06:52:52.141+0000] {processor.py:183} INFO - Processing /home/airflow/.local/lib/python3.8/site-packages/airflow/example_dags/example_task_group.py took 0.112 seconds
[2024-03-13T06:53:22.624+0000] {processor.py:161} INFO - Started process (PID=196) to work on /home/airflow/.local/lib/python3.8/site-packages/airflow/example_dags/example_task_group.py
[2024-03-13T06:53:22.625+0000] {processor.py:830} INFO - Processing file /home/airflow/.local/lib/python3.8/site-packages/airflow/example_dags/example_task_group.py for tasks to queue
[2024-03-13T06:53:22.627+0000] {logging_mixin.py:188} INFO - [2024-03-13T06:53:22.627+0000] {dagbag.py:540} INFO - Filling up the DagBag from /home/airflow/.local/lib/python3.8/site-packages/airflow/example_dags/example_task_group.py
[2024-03-13T06:53:22.633+0000] {processor.py:840} INFO - DAG(s) 'example_task_group' retrieved from /home/airflow/.local/lib/python3.8/site-packages/airflow/example_dags/example_task_group.py
[2024-03-13T06:53:22.650+0000] {logging_mixin.py:188} INFO - [2024-03-13T06:53:22.649+0000] {dag.py:3047} INFO - Sync 1 DAGs
[2024-03-13T06:53:22.666+0000] {logging_mixin.py:188} INFO - [2024-03-13T06:53:22.666+0000] {dag.py:3834} INFO - Setting next_dagrun for example_task_group to 2024-03-12 00:00:00+00:00, run_after=2024-03-13 00:00:00+00:00
[2024-03-13T06:53:22.682+0000] {processor.py:183} INFO - Processing /home/airflow/.local/lib/python3.8/site-packages/airflow/example_dags/example_task_group.py took 0.060 seconds
[2024-03-13T06:53:53.061+0000] {processor.py:161} INFO - Started process (PID=252) to work on /home/airflow/.local/lib/python3.8/site-packages/airflow/example_dags/example_task_group.py
[2024-03-13T06:53:53.062+0000] {processor.py:830} INFO - Processing file /home/airflow/.local/lib/python3.8/site-packages/airflow/example_dags/example_task_group.py for tasks to queue
[2024-03-13T06:53:53.064+0000] {logging_mixin.py:188} INFO - [2024-03-13T06:53:53.063+0000] {dagbag.py:540} INFO - Filling up the DagBag from /home/airflow/.local/lib/python3.8/site-packages/airflow/example_dags/example_task_group.py
[2024-03-13T06:53:53.070+0000] {processor.py:840} INFO - DAG(s) 'example_task_group' retrieved from /home/airflow/.local/lib/python3.8/site-packages/airflow/example_dags/example_task_group.py
[2024-03-13T06:53:53.087+0000] {logging_mixin.py:188} INFO - [2024-03-13T06:53:53.086+0000] {dag.py:3047} INFO - Sync 1 DAGs
[2024-03-13T06:53:53.103+0000] {logging_mixin.py:188} INFO - [2024-03-13T06:53:53.103+0000] {dag.py:3834} INFO - Setting next_dagrun for example_task_group to 2024-03-12 00:00:00+00:00, run_after=2024-03-13 00:00:00+00:00
[2024-03-13T06:53:53.120+0000] {processor.py:183} INFO - Processing /home/airflow/.local/lib/python3.8/site-packages/airflow/example_dags/example_task_group.py took 0.062 seconds
[2024-03-13T06:54:23.234+0000] {processor.py:161} INFO - Started process (PID=307) to work on /home/airflow/.local/lib/python3.8/site-packages/airflow/example_dags/example_task_group.py
[2024-03-13T06:54:23.235+0000] {processor.py:830} INFO - Processing file /home/airflow/.local/lib/python3.8/site-packages/airflow/example_dags/example_task_group.py for tasks to queue
[2024-03-13T06:54:23.237+0000] {logging_mixin.py:188} INFO - [2024-03-13T06:54:23.236+0000] {dagbag.py:540} INFO - Filling up the DagBag from /home/airflow/.local/lib/python3.8/site-packages/airflow/example_dags/example_task_group.py
[2024-03-13T06:54:23.243+0000] {processor.py:840} INFO - DAG(s) 'example_task_group' retrieved from /home/airflow/.local/lib/python3.8/site-packages/airflow/example_dags/example_task_group.py
[2024-03-13T06:54:23.258+0000] {logging_mixin.py:188} INFO - [2024-03-13T06:54:23.258+0000] {dag.py:3047} INFO - Sync 1 DAGs
[2024-03-13T06:54:23.274+0000] {logging_mixin.py:188} INFO - [2024-03-13T06:54:23.274+0000] {dag.py:3834} INFO - Setting next_dagrun for example_task_group to 2024-03-12 00:00:00+00:00, run_after=2024-03-13 00:00:00+00:00
[2024-03-13T06:54:23.291+0000] {processor.py:183} INFO - Processing /home/airflow/.local/lib/python3.8/site-packages/airflow/example_dags/example_task_group.py took 0.059 seconds
[2024-03-13T06:54:54.026+0000] {processor.py:161} INFO - Started process (PID=363) to work on /home/airflow/.local/lib/python3.8/site-packages/airflow/example_dags/example_task_group.py
[2024-03-13T06:54:54.027+0000] {processor.py:830} INFO - Processing file /home/airflow/.local/lib/python3.8/site-packages/airflow/example_dags/example_task_group.py for tasks to queue
[2024-03-13T06:54:54.029+0000] {logging_mixin.py:188} INFO - [2024-03-13T06:54:54.028+0000] {dagbag.py:540} INFO - Filling up the DagBag from /home/airflow/.local/lib/python3.8/site-packages/airflow/example_dags/example_task_group.py
[2024-03-13T06:54:54.035+0000] {processor.py:840} INFO - DAG(s) 'example_task_group' retrieved from /home/airflow/.local/lib/python3.8/site-packages/airflow/example_dags/example_task_group.py
[2024-03-13T06:54:54.058+0000] {logging_mixin.py:188} INFO - [2024-03-13T06:54:54.058+0000] {dag.py:3047} INFO - Sync 1 DAGs
[2024-03-13T06:54:54.081+0000] {logging_mixin.py:188} INFO - [2024-03-13T06:54:54.081+0000] {dag.py:3834} INFO - Setting next_dagrun for example_task_group to 2024-03-12 00:00:00+00:00, run_after=2024-03-13 00:00:00+00:00
[2024-03-13T06:54:54.109+0000] {processor.py:183} INFO - Processing /home/airflow/.local/lib/python3.8/site-packages/airflow/example_dags/example_task_group.py took 0.087 seconds
[2024-03-13T06:55:24.925+0000] {processor.py:161} INFO - Started process (PID=419) to work on /home/airflow/.local/lib/python3.8/site-packages/airflow/example_dags/example_task_group.py
[2024-03-13T06:55:24.926+0000] {processor.py:830} INFO - Processing file /home/airflow/.local/lib/python3.8/site-packages/airflow/example_dags/example_task_group.py for tasks to queue
[2024-03-13T06:55:24.927+0000] {logging_mixin.py:188} INFO - [2024-03-13T06:55:24.927+0000] {dagbag.py:540} INFO - Filling up the DagBag from /home/airflow/.local/lib/python3.8/site-packages/airflow/example_dags/example_task_group.py
[2024-03-13T06:55:24.934+0000] {processor.py:840} INFO - DAG(s) 'example_task_group' retrieved from /home/airflow/.local/lib/python3.8/site-packages/airflow/example_dags/example_task_group.py
[2024-03-13T06:55:24.954+0000] {logging_mixin.py:188} INFO - [2024-03-13T06:55:24.954+0000] {dag.py:3047} INFO - Sync 1 DAGs
[2024-03-13T06:55:24.976+0000] {logging_mixin.py:188} INFO - [2024-03-13T06:55:24.976+0000] {dag.py:3834} INFO - Setting next_dagrun for example_task_group to 2024-03-12 00:00:00+00:00, run_after=2024-03-13 00:00:00+00:00
[2024-03-13T06:55:25.005+0000] {processor.py:183} INFO - Processing /home/airflow/.local/lib/python3.8/site-packages/airflow/example_dags/example_task_group.py took 0.084 seconds
[2024-03-13T06:55:55.485+0000] {processor.py:161} INFO - Started process (PID=476) to work on /home/airflow/.local/lib/python3.8/site-packages/airflow/example_dags/example_task_group.py
[2024-03-13T06:55:55.486+0000] {processor.py:830} INFO - Processing file /home/airflow/.local/lib/python3.8/site-packages/airflow/example_dags/example_task_group.py for tasks to queue
[2024-03-13T06:55:55.487+0000] {logging_mixin.py:188} INFO - [2024-03-13T06:55:55.487+0000] {dagbag.py:540} INFO - Filling up the DagBag from /home/airflow/.local/lib/python3.8/site-packages/airflow/example_dags/example_task_group.py
[2024-03-13T06:55:55.492+0000] {processor.py:840} INFO - DAG(s) 'example_task_group' retrieved from /home/airflow/.local/lib/python3.8/site-packages/airflow/example_dags/example_task_group.py
[2024-03-13T06:55:55.508+0000] {logging_mixin.py:188} INFO - [2024-03-13T06:55:55.508+0000] {dag.py:3047} INFO - Sync 1 DAGs
[2024-03-13T06:55:55.524+0000] {logging_mixin.py:188} INFO - [2024-03-13T06:55:55.523+0000] {dag.py:3834} INFO - Setting next_dagrun for example_task_group to 2024-03-12 00:00:00+00:00, run_after=2024-03-13 00:00:00+00:00
[2024-03-13T06:55:55.539+0000] {processor.py:183} INFO - Processing /home/airflow/.local/lib/python3.8/site-packages/airflow/example_dags/example_task_group.py took 0.056 seconds
[2024-03-13T06:56:26.257+0000] {processor.py:161} INFO - Started process (PID=533) to work on /home/airflow/.local/lib/python3.8/site-packages/airflow/example_dags/example_task_group.py
[2024-03-13T06:56:26.258+0000] {processor.py:830} INFO - Processing file /home/airflow/.local/lib/python3.8/site-packages/airflow/example_dags/example_task_group.py for tasks to queue
[2024-03-13T06:56:26.260+0000] {logging_mixin.py:188} INFO - [2024-03-13T06:56:26.260+0000] {dagbag.py:540} INFO - Filling up the DagBag from /home/airflow/.local/lib/python3.8/site-packages/airflow/example_dags/example_task_group.py
[2024-03-13T06:56:26.266+0000] {processor.py:840} INFO - DAG(s) 'example_task_group' retrieved from /home/airflow/.local/lib/python3.8/site-packages/airflow/example_dags/example_task_group.py
[2024-03-13T06:56:26.283+0000] {logging_mixin.py:188} INFO - [2024-03-13T06:56:26.283+0000] {dag.py:3047} INFO - Sync 1 DAGs
[2024-03-13T06:56:26.300+0000] {logging_mixin.py:188} INFO - [2024-03-13T06:56:26.300+0000] {dag.py:3834} INFO - Setting next_dagrun for example_task_group to 2024-03-12 00:00:00+00:00, run_after=2024-03-13 00:00:00+00:00
[2024-03-13T06:56:26.316+0000] {processor.py:183} INFO - Processing /home/airflow/.local/lib/python3.8/site-packages/airflow/example_dags/example_task_group.py took 0.061 seconds
[2024-03-13T07:02:14.123+0000] {processor.py:161} INFO - Started process (PID=84) to work on /home/airflow/.local/lib/python3.8/site-packages/airflow/example_dags/example_task_group.py
[2024-03-13T07:02:14.123+0000] {processor.py:830} INFO - Processing file /home/airflow/.local/lib/python3.8/site-packages/airflow/example_dags/example_task_group.py for tasks to queue
[2024-03-13T07:02:14.125+0000] {logging_mixin.py:188} INFO - [2024-03-13T07:02:14.125+0000] {dagbag.py:540} INFO - Filling up the DagBag from /home/airflow/.local/lib/python3.8/site-packages/airflow/example_dags/example_task_group.py
[2024-03-13T07:02:14.131+0000] {processor.py:840} INFO - DAG(s) 'example_task_group' retrieved from /home/airflow/.local/lib/python3.8/site-packages/airflow/example_dags/example_task_group.py
[2024-03-13T07:02:14.144+0000] {logging_mixin.py:188} INFO - [2024-03-13T07:02:14.144+0000] {dag.py:3047} INFO - Sync 1 DAGs
[2024-03-13T07:02:14.166+0000] {logging_mixin.py:188} INFO - [2024-03-13T07:02:14.166+0000] {dag.py:3834} INFO - Setting next_dagrun for example_task_group to 2024-03-12 00:00:00+00:00, run_after=2024-03-13 00:00:00+00:00
[2024-03-13T07:02:14.188+0000] {processor.py:183} INFO - Processing /home/airflow/.local/lib/python3.8/site-packages/airflow/example_dags/example_task_group.py took 0.068 seconds
[2024-03-13T07:02:45.646+0000] {processor.py:161} INFO - Started process (PID=141) to work on /home/airflow/.local/lib/python3.8/site-packages/airflow/example_dags/example_task_group.py
[2024-03-13T07:02:45.647+0000] {processor.py:830} INFO - Processing file /home/airflow/.local/lib/python3.8/site-packages/airflow/example_dags/example_task_group.py for tasks to queue
[2024-03-13T07:02:45.648+0000] {logging_mixin.py:188} INFO - [2024-03-13T07:02:45.648+0000] {dagbag.py:540} INFO - Filling up the DagBag from /home/airflow/.local/lib/python3.8/site-packages/airflow/example_dags/example_task_group.py
[2024-03-13T07:02:45.654+0000] {processor.py:840} INFO - DAG(s) 'example_task_group' retrieved from /home/airflow/.local/lib/python3.8/site-packages/airflow/example_dags/example_task_group.py
[2024-03-13T07:02:45.731+0000] {logging_mixin.py:188} INFO - [2024-03-13T07:02:45.730+0000] {dag.py:3047} INFO - Sync 1 DAGs
[2024-03-13T07:02:45.745+0000] {logging_mixin.py:188} INFO - [2024-03-13T07:02:45.745+0000] {dag.py:3834} INFO - Setting next_dagrun for example_task_group to 2024-03-12 00:00:00+00:00, run_after=2024-03-13 00:00:00+00:00
[2024-03-13T07:02:45.765+0000] {processor.py:183} INFO - Processing /home/airflow/.local/lib/python3.8/site-packages/airflow/example_dags/example_task_group.py took 0.121 seconds
[2024-03-13T07:03:16.140+0000] {processor.py:161} INFO - Started process (PID=197) to work on /home/airflow/.local/lib/python3.8/site-packages/airflow/example_dags/example_task_group.py
[2024-03-13T07:03:16.141+0000] {processor.py:830} INFO - Processing file /home/airflow/.local/lib/python3.8/site-packages/airflow/example_dags/example_task_group.py for tasks to queue
[2024-03-13T07:03:16.143+0000] {logging_mixin.py:188} INFO - [2024-03-13T07:03:16.143+0000] {dagbag.py:540} INFO - Filling up the DagBag from /home/airflow/.local/lib/python3.8/site-packages/airflow/example_dags/example_task_group.py
[2024-03-13T07:03:16.149+0000] {processor.py:840} INFO - DAG(s) 'example_task_group' retrieved from /home/airflow/.local/lib/python3.8/site-packages/airflow/example_dags/example_task_group.py
[2024-03-13T07:03:16.166+0000] {logging_mixin.py:188} INFO - [2024-03-13T07:03:16.165+0000] {dag.py:3047} INFO - Sync 1 DAGs
[2024-03-13T07:03:16.184+0000] {logging_mixin.py:188} INFO - [2024-03-13T07:03:16.184+0000] {dag.py:3834} INFO - Setting next_dagrun for example_task_group to 2024-03-12 00:00:00+00:00, run_after=2024-03-13 00:00:00+00:00
[2024-03-13T07:03:16.201+0000] {processor.py:183} INFO - Processing /home/airflow/.local/lib/python3.8/site-packages/airflow/example_dags/example_task_group.py took 0.063 seconds
[2024-03-13T07:03:46.506+0000] {processor.py:161} INFO - Started process (PID=253) to work on /home/airflow/.local/lib/python3.8/site-packages/airflow/example_dags/example_task_group.py
[2024-03-13T07:03:46.507+0000] {processor.py:830} INFO - Processing file /home/airflow/.local/lib/python3.8/site-packages/airflow/example_dags/example_task_group.py for tasks to queue
[2024-03-13T07:03:46.509+0000] {logging_mixin.py:188} INFO - [2024-03-13T07:03:46.508+0000] {dagbag.py:540} INFO - Filling up the DagBag from /home/airflow/.local/lib/python3.8/site-packages/airflow/example_dags/example_task_group.py
[2024-03-13T07:03:46.515+0000] {processor.py:840} INFO - DAG(s) 'example_task_group' retrieved from /home/airflow/.local/lib/python3.8/site-packages/airflow/example_dags/example_task_group.py
[2024-03-13T07:03:46.531+0000] {logging_mixin.py:188} INFO - [2024-03-13T07:03:46.531+0000] {dag.py:3047} INFO - Sync 1 DAGs
[2024-03-13T07:03:46.548+0000] {logging_mixin.py:188} INFO - [2024-03-13T07:03:46.548+0000] {dag.py:3834} INFO - Setting next_dagrun for example_task_group to 2024-03-12 00:00:00+00:00, run_after=2024-03-13 00:00:00+00:00
[2024-03-13T07:03:46.566+0000] {processor.py:183} INFO - Processing /home/airflow/.local/lib/python3.8/site-packages/airflow/example_dags/example_task_group.py took 0.062 seconds
[2024-03-13T07:04:17.121+0000] {processor.py:161} INFO - Started process (PID=309) to work on /home/airflow/.local/lib/python3.8/site-packages/airflow/example_dags/example_task_group.py
[2024-03-13T07:04:17.122+0000] {processor.py:830} INFO - Processing file /home/airflow/.local/lib/python3.8/site-packages/airflow/example_dags/example_task_group.py for tasks to queue
[2024-03-13T07:04:17.124+0000] {logging_mixin.py:188} INFO - [2024-03-13T07:04:17.124+0000] {dagbag.py:540} INFO - Filling up the DagBag from /home/airflow/.local/lib/python3.8/site-packages/airflow/example_dags/example_task_group.py
[2024-03-13T07:04:17.130+0000] {processor.py:840} INFO - DAG(s) 'example_task_group' retrieved from /home/airflow/.local/lib/python3.8/site-packages/airflow/example_dags/example_task_group.py
[2024-03-13T07:04:17.146+0000] {logging_mixin.py:188} INFO - [2024-03-13T07:04:17.146+0000] {dag.py:3047} INFO - Sync 1 DAGs
[2024-03-13T07:04:17.163+0000] {logging_mixin.py:188} INFO - [2024-03-13T07:04:17.163+0000] {dag.py:3834} INFO - Setting next_dagrun for example_task_group to 2024-03-12 00:00:00+00:00, run_after=2024-03-13 00:00:00+00:00
[2024-03-13T07:04:17.180+0000] {processor.py:183} INFO - Processing /home/airflow/.local/lib/python3.8/site-packages/airflow/example_dags/example_task_group.py took 0.061 seconds
[2024-03-13T07:04:47.525+0000] {processor.py:161} INFO - Started process (PID=365) to work on /home/airflow/.local/lib/python3.8/site-packages/airflow/example_dags/example_task_group.py
[2024-03-13T07:04:47.526+0000] {processor.py:830} INFO - Processing file /home/airflow/.local/lib/python3.8/site-packages/airflow/example_dags/example_task_group.py for tasks to queue
[2024-03-13T07:04:47.528+0000] {logging_mixin.py:188} INFO - [2024-03-13T07:04:47.528+0000] {dagbag.py:540} INFO - Filling up the DagBag from /home/airflow/.local/lib/python3.8/site-packages/airflow/example_dags/example_task_group.py
[2024-03-13T07:04:47.533+0000] {processor.py:840} INFO - DAG(s) 'example_task_group' retrieved from /home/airflow/.local/lib/python3.8/site-packages/airflow/example_dags/example_task_group.py
[2024-03-13T07:04:47.550+0000] {logging_mixin.py:188} INFO - [2024-03-13T07:04:47.550+0000] {dag.py:3047} INFO - Sync 1 DAGs
[2024-03-13T07:04:47.567+0000] {logging_mixin.py:188} INFO - [2024-03-13T07:04:47.567+0000] {dag.py:3834} INFO - Setting next_dagrun for example_task_group to 2024-03-12 00:00:00+00:00, run_after=2024-03-13 00:00:00+00:00
[2024-03-13T07:04:47.584+0000] {processor.py:183} INFO - Processing /home/airflow/.local/lib/python3.8/site-packages/airflow/example_dags/example_task_group.py took 0.061 seconds
[2024-03-13T07:05:17.871+0000] {processor.py:161} INFO - Started process (PID=421) to work on /home/airflow/.local/lib/python3.8/site-packages/airflow/example_dags/example_task_group.py
[2024-03-13T07:05:17.872+0000] {processor.py:830} INFO - Processing file /home/airflow/.local/lib/python3.8/site-packages/airflow/example_dags/example_task_group.py for tasks to queue
[2024-03-13T07:05:17.873+0000] {logging_mixin.py:188} INFO - [2024-03-13T07:05:17.873+0000] {dagbag.py:540} INFO - Filling up the DagBag from /home/airflow/.local/lib/python3.8/site-packages/airflow/example_dags/example_task_group.py
[2024-03-13T07:05:17.879+0000] {processor.py:840} INFO - DAG(s) 'example_task_group' retrieved from /home/airflow/.local/lib/python3.8/site-packages/airflow/example_dags/example_task_group.py
[2024-03-13T07:05:17.898+0000] {logging_mixin.py:188} INFO - [2024-03-13T07:05:17.897+0000] {dag.py:3047} INFO - Sync 1 DAGs
[2024-03-13T07:05:17.914+0000] {logging_mixin.py:188} INFO - [2024-03-13T07:05:17.914+0000] {dag.py:3834} INFO - Setting next_dagrun for example_task_group to 2024-03-12 00:00:00+00:00, run_after=2024-03-13 00:00:00+00:00
[2024-03-13T07:05:17.929+0000] {processor.py:183} INFO - Processing /home/airflow/.local/lib/python3.8/site-packages/airflow/example_dags/example_task_group.py took 0.061 seconds
[2024-03-13T07:05:48.197+0000] {processor.py:161} INFO - Started process (PID=477) to work on /home/airflow/.local/lib/python3.8/site-packages/airflow/example_dags/example_task_group.py
[2024-03-13T07:05:48.198+0000] {processor.py:830} INFO - Processing file /home/airflow/.local/lib/python3.8/site-packages/airflow/example_dags/example_task_group.py for tasks to queue
[2024-03-13T07:05:48.200+0000] {logging_mixin.py:188} INFO - [2024-03-13T07:05:48.199+0000] {dagbag.py:540} INFO - Filling up the DagBag from /home/airflow/.local/lib/python3.8/site-packages/airflow/example_dags/example_task_group.py
[2024-03-13T07:05:48.205+0000] {processor.py:840} INFO - DAG(s) 'example_task_group' retrieved from /home/airflow/.local/lib/python3.8/site-packages/airflow/example_dags/example_task_group.py
[2024-03-13T07:05:48.222+0000] {logging_mixin.py:188} INFO - [2024-03-13T07:05:48.222+0000] {dag.py:3047} INFO - Sync 1 DAGs
[2024-03-13T07:05:48.240+0000] {logging_mixin.py:188} INFO - [2024-03-13T07:05:48.240+0000] {dag.py:3834} INFO - Setting next_dagrun for example_task_group to 2024-03-12 00:00:00+00:00, run_after=2024-03-13 00:00:00+00:00
[2024-03-13T07:05:48.258+0000] {processor.py:183} INFO - Processing /home/airflow/.local/lib/python3.8/site-packages/airflow/example_dags/example_task_group.py took 0.063 seconds
[2024-03-13T07:06:18.625+0000] {processor.py:161} INFO - Started process (PID=533) to work on /home/airflow/.local/lib/python3.8/site-packages/airflow/example_dags/example_task_group.py
[2024-03-13T07:06:18.626+0000] {processor.py:830} INFO - Processing file /home/airflow/.local/lib/python3.8/site-packages/airflow/example_dags/example_task_group.py for tasks to queue
[2024-03-13T07:06:18.628+0000] {logging_mixin.py:188} INFO - [2024-03-13T07:06:18.627+0000] {dagbag.py:540} INFO - Filling up the DagBag from /home/airflow/.local/lib/python3.8/site-packages/airflow/example_dags/example_task_group.py
[2024-03-13T07:06:18.633+0000] {processor.py:840} INFO - DAG(s) 'example_task_group' retrieved from /home/airflow/.local/lib/python3.8/site-packages/airflow/example_dags/example_task_group.py
[2024-03-13T07:06:18.650+0000] {logging_mixin.py:188} INFO - [2024-03-13T07:06:18.650+0000] {dag.py:3047} INFO - Sync 1 DAGs
[2024-03-13T07:06:18.667+0000] {logging_mixin.py:188} INFO - [2024-03-13T07:06:18.667+0000] {dag.py:3834} INFO - Setting next_dagrun for example_task_group to 2024-03-12 00:00:00+00:00, run_after=2024-03-13 00:00:00+00:00
[2024-03-13T07:06:18.685+0000] {processor.py:183} INFO - Processing /home/airflow/.local/lib/python3.8/site-packages/airflow/example_dags/example_task_group.py took 0.062 seconds
[2024-03-13T07:06:49.013+0000] {processor.py:161} INFO - Started process (PID=589) to work on /home/airflow/.local/lib/python3.8/site-packages/airflow/example_dags/example_task_group.py
[2024-03-13T07:06:49.014+0000] {processor.py:830} INFO - Processing file /home/airflow/.local/lib/python3.8/site-packages/airflow/example_dags/example_task_group.py for tasks to queue
[2024-03-13T07:06:49.016+0000] {logging_mixin.py:188} INFO - [2024-03-13T07:06:49.016+0000] {dagbag.py:540} INFO - Filling up the DagBag from /home/airflow/.local/lib/python3.8/site-packages/airflow/example_dags/example_task_group.py
[2024-03-13T07:06:49.022+0000] {processor.py:840} INFO - DAG(s) 'example_task_group' retrieved from /home/airflow/.local/lib/python3.8/site-packages/airflow/example_dags/example_task_group.py
[2024-03-13T07:06:49.041+0000] {logging_mixin.py:188} INFO - [2024-03-13T07:06:49.040+0000] {dag.py:3047} INFO - Sync 1 DAGs
[2024-03-13T07:06:49.060+0000] {logging_mixin.py:188} INFO - [2024-03-13T07:06:49.060+0000] {dag.py:3834} INFO - Setting next_dagrun for example_task_group to 2024-03-12 00:00:00+00:00, run_after=2024-03-13 00:00:00+00:00
[2024-03-13T07:06:49.080+0000] {processor.py:183} INFO - Processing /home/airflow/.local/lib/python3.8/site-packages/airflow/example_dags/example_task_group.py took 0.070 seconds
[2024-03-13T07:09:31.286+0000] {processor.py:161} INFO - Started process (PID=85) to work on /home/airflow/.local/lib/python3.8/site-packages/airflow/example_dags/example_task_group.py
[2024-03-13T07:09:31.288+0000] {processor.py:830} INFO - Processing file /home/airflow/.local/lib/python3.8/site-packages/airflow/example_dags/example_task_group.py for tasks to queue
[2024-03-13T07:09:31.289+0000] {logging_mixin.py:188} INFO - [2024-03-13T07:09:31.289+0000] {dagbag.py:540} INFO - Filling up the DagBag from /home/airflow/.local/lib/python3.8/site-packages/airflow/example_dags/example_task_group.py
[2024-03-13T07:09:31.295+0000] {processor.py:840} INFO - DAG(s) 'example_task_group' retrieved from /home/airflow/.local/lib/python3.8/site-packages/airflow/example_dags/example_task_group.py
[2024-03-13T07:09:31.305+0000] {logging_mixin.py:188} INFO - [2024-03-13T07:09:31.304+0000] {dag.py:3047} INFO - Sync 1 DAGs
[2024-03-13T07:09:31.322+0000] {logging_mixin.py:188} INFO - [2024-03-13T07:09:31.322+0000] {dag.py:3834} INFO - Setting next_dagrun for example_task_group to 2024-03-12 00:00:00+00:00, run_after=2024-03-13 00:00:00+00:00
[2024-03-13T07:09:31.340+0000] {processor.py:183} INFO - Processing /home/airflow/.local/lib/python3.8/site-packages/airflow/example_dags/example_task_group.py took 0.057 seconds
[2024-03-13T07:10:02.845+0000] {processor.py:161} INFO - Started process (PID=141) to work on /home/airflow/.local/lib/python3.8/site-packages/airflow/example_dags/example_task_group.py
[2024-03-13T07:10:02.846+0000] {processor.py:830} INFO - Processing file /home/airflow/.local/lib/python3.8/site-packages/airflow/example_dags/example_task_group.py for tasks to queue
[2024-03-13T07:10:02.847+0000] {logging_mixin.py:188} INFO - [2024-03-13T07:10:02.847+0000] {dagbag.py:540} INFO - Filling up the DagBag from /home/airflow/.local/lib/python3.8/site-packages/airflow/example_dags/example_task_group.py
[2024-03-13T07:10:02.853+0000] {processor.py:840} INFO - DAG(s) 'example_task_group' retrieved from /home/airflow/.local/lib/python3.8/site-packages/airflow/example_dags/example_task_group.py
[2024-03-13T07:10:02.921+0000] {logging_mixin.py:188} INFO - [2024-03-13T07:10:02.920+0000] {dag.py:3047} INFO - Sync 1 DAGs
[2024-03-13T07:10:02.936+0000] {logging_mixin.py:188} INFO - [2024-03-13T07:10:02.936+0000] {dag.py:3834} INFO - Setting next_dagrun for example_task_group to 2024-03-12 00:00:00+00:00, run_after=2024-03-13 00:00:00+00:00
[2024-03-13T07:10:02.952+0000] {processor.py:183} INFO - Processing /home/airflow/.local/lib/python3.8/site-packages/airflow/example_dags/example_task_group.py took 0.110 seconds
[2024-03-13T07:10:33.467+0000] {processor.py:161} INFO - Started process (PID=197) to work on /home/airflow/.local/lib/python3.8/site-packages/airflow/example_dags/example_task_group.py
[2024-03-13T07:10:33.468+0000] {processor.py:830} INFO - Processing file /home/airflow/.local/lib/python3.8/site-packages/airflow/example_dags/example_task_group.py for tasks to queue
[2024-03-13T07:10:33.470+0000] {logging_mixin.py:188} INFO - [2024-03-13T07:10:33.470+0000] {dagbag.py:540} INFO - Filling up the DagBag from /home/airflow/.local/lib/python3.8/site-packages/airflow/example_dags/example_task_group.py
[2024-03-13T07:10:33.476+0000] {processor.py:840} INFO - DAG(s) 'example_task_group' retrieved from /home/airflow/.local/lib/python3.8/site-packages/airflow/example_dags/example_task_group.py
[2024-03-13T07:10:33.493+0000] {logging_mixin.py:188} INFO - [2024-03-13T07:10:33.492+0000] {dag.py:3047} INFO - Sync 1 DAGs
[2024-03-13T07:10:33.509+0000] {logging_mixin.py:188} INFO - [2024-03-13T07:10:33.509+0000] {dag.py:3834} INFO - Setting next_dagrun for example_task_group to 2024-03-12 00:00:00+00:00, run_after=2024-03-13 00:00:00+00:00
[2024-03-13T07:10:33.525+0000] {processor.py:183} INFO - Processing /home/airflow/.local/lib/python3.8/site-packages/airflow/example_dags/example_task_group.py took 0.059 seconds
[2024-03-13T07:11:03.822+0000] {processor.py:161} INFO - Started process (PID=253) to work on /home/airflow/.local/lib/python3.8/site-packages/airflow/example_dags/example_task_group.py
[2024-03-13T07:11:03.823+0000] {processor.py:830} INFO - Processing file /home/airflow/.local/lib/python3.8/site-packages/airflow/example_dags/example_task_group.py for tasks to queue
[2024-03-13T07:11:03.825+0000] {logging_mixin.py:188} INFO - [2024-03-13T07:11:03.824+0000] {dagbag.py:540} INFO - Filling up the DagBag from /home/airflow/.local/lib/python3.8/site-packages/airflow/example_dags/example_task_group.py
[2024-03-13T07:11:03.830+0000] {processor.py:840} INFO - DAG(s) 'example_task_group' retrieved from /home/airflow/.local/lib/python3.8/site-packages/airflow/example_dags/example_task_group.py
[2024-03-13T07:11:03.847+0000] {logging_mixin.py:188} INFO - [2024-03-13T07:11:03.846+0000] {dag.py:3047} INFO - Sync 1 DAGs
[2024-03-13T07:11:03.862+0000] {logging_mixin.py:188} INFO - [2024-03-13T07:11:03.862+0000] {dag.py:3834} INFO - Setting next_dagrun for example_task_group to 2024-03-12 00:00:00+00:00, run_after=2024-03-13 00:00:00+00:00
[2024-03-13T07:11:03.877+0000] {processor.py:183} INFO - Processing /home/airflow/.local/lib/python3.8/site-packages/airflow/example_dags/example_task_group.py took 0.057 seconds
[2024-03-13T07:11:34.272+0000] {processor.py:161} INFO - Started process (PID=310) to work on /home/airflow/.local/lib/python3.8/site-packages/airflow/example_dags/example_task_group.py
[2024-03-13T07:11:34.273+0000] {processor.py:830} INFO - Processing file /home/airflow/.local/lib/python3.8/site-packages/airflow/example_dags/example_task_group.py for tasks to queue
[2024-03-13T07:11:34.275+0000] {logging_mixin.py:188} INFO - [2024-03-13T07:11:34.274+0000] {dagbag.py:540} INFO - Filling up the DagBag from /home/airflow/.local/lib/python3.8/site-packages/airflow/example_dags/example_task_group.py
[2024-03-13T07:11:34.280+0000] {processor.py:840} INFO - DAG(s) 'example_task_group' retrieved from /home/airflow/.local/lib/python3.8/site-packages/airflow/example_dags/example_task_group.py
[2024-03-13T07:11:34.296+0000] {logging_mixin.py:188} INFO - [2024-03-13T07:11:34.296+0000] {dag.py:3047} INFO - Sync 1 DAGs
[2024-03-13T07:11:34.312+0000] {logging_mixin.py:188} INFO - [2024-03-13T07:11:34.312+0000] {dag.py:3834} INFO - Setting next_dagrun for example_task_group to 2024-03-12 00:00:00+00:00, run_after=2024-03-13 00:00:00+00:00
[2024-03-13T07:11:34.327+0000] {processor.py:183} INFO - Processing /home/airflow/.local/lib/python3.8/site-packages/airflow/example_dags/example_task_group.py took 0.058 seconds
