[2024-03-13T06:40:22.135+0000] {processor.py:161} INFO - Started process (PID=469) to work on /home/airflow/.local/lib/python3.8/site-packages/airflow/example_dags/example_branch_operator_decorator.py
[2024-03-13T06:40:22.136+0000] {processor.py:830} INFO - Processing file /home/airflow/.local/lib/python3.8/site-packages/airflow/example_dags/example_branch_operator_decorator.py for tasks to queue
[2024-03-13T06:40:22.137+0000] {logging_mixin.py:188} INFO - [2024-03-13T06:40:22.137+0000] {dagbag.py:540} INFO - Filling up the DagBag from /home/airflow/.local/lib/python3.8/site-packages/airflow/example_dags/example_branch_operator_decorator.py
[2024-03-13T06:40:22.153+0000] {processor.py:840} INFO - DAG(s) 'example_branch_python_operator_decorator' retrieved from /home/airflow/.local/lib/python3.8/site-packages/airflow/example_dags/example_branch_operator_decorator.py
[2024-03-13T06:40:22.176+0000] {logging_mixin.py:188} INFO - [2024-03-13T06:40:22.176+0000] {dag.py:3047} INFO - Sync 1 DAGs
[2024-03-13T06:40:22.192+0000] {logging_mixin.py:188} INFO - [2024-03-13T06:40:22.192+0000] {dag.py:3834} INFO - Setting next_dagrun for example_branch_python_operator_decorator to 2024-03-12 00:00:00+00:00, run_after=2024-03-13 00:00:00+00:00
[2024-03-13T06:40:22.209+0000] {processor.py:183} INFO - Processing /home/airflow/.local/lib/python3.8/site-packages/airflow/example_dags/example_branch_operator_decorator.py took 0.077 seconds
[2024-03-13T06:40:52.473+0000] {processor.py:161} INFO - Started process (PID=525) to work on /home/airflow/.local/lib/python3.8/site-packages/airflow/example_dags/example_branch_operator_decorator.py
[2024-03-13T06:40:52.474+0000] {processor.py:830} INFO - Processing file /home/airflow/.local/lib/python3.8/site-packages/airflow/example_dags/example_branch_operator_decorator.py for tasks to queue
[2024-03-13T06:40:52.475+0000] {logging_mixin.py:188} INFO - [2024-03-13T06:40:52.475+0000] {dagbag.py:540} INFO - Filling up the DagBag from /home/airflow/.local/lib/python3.8/site-packages/airflow/example_dags/example_branch_operator_decorator.py
[2024-03-13T06:40:52.491+0000] {processor.py:840} INFO - DAG(s) 'example_branch_python_operator_decorator' retrieved from /home/airflow/.local/lib/python3.8/site-packages/airflow/example_dags/example_branch_operator_decorator.py
[2024-03-13T06:40:52.513+0000] {logging_mixin.py:188} INFO - [2024-03-13T06:40:52.513+0000] {dag.py:3047} INFO - Sync 1 DAGs
[2024-03-13T06:40:52.528+0000] {logging_mixin.py:188} INFO - [2024-03-13T06:40:52.528+0000] {dag.py:3834} INFO - Setting next_dagrun for example_branch_python_operator_decorator to 2024-03-12 00:00:00+00:00, run_after=2024-03-13 00:00:00+00:00
[2024-03-13T06:40:52.544+0000] {processor.py:183} INFO - Processing /home/airflow/.local/lib/python3.8/site-packages/airflow/example_dags/example_branch_operator_decorator.py took 0.073 seconds
[2024-03-13T06:41:23.081+0000] {processor.py:161} INFO - Started process (PID=581) to work on /home/airflow/.local/lib/python3.8/site-packages/airflow/example_dags/example_branch_operator_decorator.py
[2024-03-13T06:41:23.082+0000] {processor.py:830} INFO - Processing file /home/airflow/.local/lib/python3.8/site-packages/airflow/example_dags/example_branch_operator_decorator.py for tasks to queue
[2024-03-13T06:41:23.083+0000] {logging_mixin.py:188} INFO - [2024-03-13T06:41:23.083+0000] {dagbag.py:540} INFO - Filling up the DagBag from /home/airflow/.local/lib/python3.8/site-packages/airflow/example_dags/example_branch_operator_decorator.py
[2024-03-13T06:41:23.101+0000] {processor.py:840} INFO - DAG(s) 'example_branch_python_operator_decorator' retrieved from /home/airflow/.local/lib/python3.8/site-packages/airflow/example_dags/example_branch_operator_decorator.py
[2024-03-13T06:41:23.126+0000] {logging_mixin.py:188} INFO - [2024-03-13T06:41:23.126+0000] {dag.py:3047} INFO - Sync 1 DAGs
[2024-03-13T06:41:23.145+0000] {logging_mixin.py:188} INFO - [2024-03-13T06:41:23.145+0000] {dag.py:3834} INFO - Setting next_dagrun for example_branch_python_operator_decorator to 2024-03-12 00:00:00+00:00, run_after=2024-03-13 00:00:00+00:00
[2024-03-13T06:41:23.161+0000] {processor.py:183} INFO - Processing /home/airflow/.local/lib/python3.8/site-packages/airflow/example_dags/example_branch_operator_decorator.py took 0.084 seconds
[2024-03-13T06:41:53.634+0000] {processor.py:161} INFO - Started process (PID=637) to work on /home/airflow/.local/lib/python3.8/site-packages/airflow/example_dags/example_branch_operator_decorator.py
[2024-03-13T06:41:53.635+0000] {processor.py:830} INFO - Processing file /home/airflow/.local/lib/python3.8/site-packages/airflow/example_dags/example_branch_operator_decorator.py for tasks to queue
[2024-03-13T06:41:53.635+0000] {logging_mixin.py:188} INFO - [2024-03-13T06:41:53.635+0000] {dagbag.py:540} INFO - Filling up the DagBag from /home/airflow/.local/lib/python3.8/site-packages/airflow/example_dags/example_branch_operator_decorator.py
[2024-03-13T06:41:53.651+0000] {processor.py:840} INFO - DAG(s) 'example_branch_python_operator_decorator' retrieved from /home/airflow/.local/lib/python3.8/site-packages/airflow/example_dags/example_branch_operator_decorator.py
[2024-03-13T06:41:53.672+0000] {logging_mixin.py:188} INFO - [2024-03-13T06:41:53.672+0000] {dag.py:3047} INFO - Sync 1 DAGs
[2024-03-13T06:41:53.690+0000] {logging_mixin.py:188} INFO - [2024-03-13T06:41:53.689+0000] {dag.py:3834} INFO - Setting next_dagrun for example_branch_python_operator_decorator to 2024-03-12 00:00:00+00:00, run_after=2024-03-13 00:00:00+00:00
[2024-03-13T06:41:53.706+0000] {processor.py:183} INFO - Processing /home/airflow/.local/lib/python3.8/site-packages/airflow/example_dags/example_branch_operator_decorator.py took 0.075 seconds
[2024-03-13T06:42:23.962+0000] {processor.py:161} INFO - Started process (PID=693) to work on /home/airflow/.local/lib/python3.8/site-packages/airflow/example_dags/example_branch_operator_decorator.py
[2024-03-13T06:42:23.963+0000] {processor.py:830} INFO - Processing file /home/airflow/.local/lib/python3.8/site-packages/airflow/example_dags/example_branch_operator_decorator.py for tasks to queue
[2024-03-13T06:42:23.964+0000] {logging_mixin.py:188} INFO - [2024-03-13T06:42:23.964+0000] {dagbag.py:540} INFO - Filling up the DagBag from /home/airflow/.local/lib/python3.8/site-packages/airflow/example_dags/example_branch_operator_decorator.py
[2024-03-13T06:42:23.981+0000] {processor.py:840} INFO - DAG(s) 'example_branch_python_operator_decorator' retrieved from /home/airflow/.local/lib/python3.8/site-packages/airflow/example_dags/example_branch_operator_decorator.py
[2024-03-13T06:42:24.006+0000] {logging_mixin.py:188} INFO - [2024-03-13T06:42:24.006+0000] {dag.py:3047} INFO - Sync 1 DAGs
[2024-03-13T06:42:24.027+0000] {logging_mixin.py:188} INFO - [2024-03-13T06:42:24.027+0000] {dag.py:3834} INFO - Setting next_dagrun for example_branch_python_operator_decorator to 2024-03-12 00:00:00+00:00, run_after=2024-03-13 00:00:00+00:00
[2024-03-13T06:42:24.044+0000] {processor.py:183} INFO - Processing /home/airflow/.local/lib/python3.8/site-packages/airflow/example_dags/example_branch_operator_decorator.py took 0.085 seconds
[2024-03-13T06:42:54.139+0000] {processor.py:161} INFO - Started process (PID=749) to work on /home/airflow/.local/lib/python3.8/site-packages/airflow/example_dags/example_branch_operator_decorator.py
[2024-03-13T06:42:54.140+0000] {processor.py:830} INFO - Processing file /home/airflow/.local/lib/python3.8/site-packages/airflow/example_dags/example_branch_operator_decorator.py for tasks to queue
[2024-03-13T06:42:54.141+0000] {logging_mixin.py:188} INFO - [2024-03-13T06:42:54.141+0000] {dagbag.py:540} INFO - Filling up the DagBag from /home/airflow/.local/lib/python3.8/site-packages/airflow/example_dags/example_branch_operator_decorator.py
[2024-03-13T06:42:54.160+0000] {processor.py:840} INFO - DAG(s) 'example_branch_python_operator_decorator' retrieved from /home/airflow/.local/lib/python3.8/site-packages/airflow/example_dags/example_branch_operator_decorator.py
[2024-03-13T06:42:54.187+0000] {logging_mixin.py:188} INFO - [2024-03-13T06:42:54.186+0000] {dag.py:3047} INFO - Sync 1 DAGs
[2024-03-13T06:42:54.209+0000] {logging_mixin.py:188} INFO - [2024-03-13T06:42:54.209+0000] {dag.py:3834} INFO - Setting next_dagrun for example_branch_python_operator_decorator to 2024-03-12 00:00:00+00:00, run_after=2024-03-13 00:00:00+00:00
[2024-03-13T06:42:54.230+0000] {processor.py:183} INFO - Processing /home/airflow/.local/lib/python3.8/site-packages/airflow/example_dags/example_branch_operator_decorator.py took 0.094 seconds
[2024-03-13T06:43:24.629+0000] {processor.py:161} INFO - Started process (PID=805) to work on /home/airflow/.local/lib/python3.8/site-packages/airflow/example_dags/example_branch_operator_decorator.py
[2024-03-13T06:43:24.630+0000] {processor.py:830} INFO - Processing file /home/airflow/.local/lib/python3.8/site-packages/airflow/example_dags/example_branch_operator_decorator.py for tasks to queue
[2024-03-13T06:43:24.631+0000] {logging_mixin.py:188} INFO - [2024-03-13T06:43:24.630+0000] {dagbag.py:540} INFO - Filling up the DagBag from /home/airflow/.local/lib/python3.8/site-packages/airflow/example_dags/example_branch_operator_decorator.py
[2024-03-13T06:43:24.646+0000] {processor.py:840} INFO - DAG(s) 'example_branch_python_operator_decorator' retrieved from /home/airflow/.local/lib/python3.8/site-packages/airflow/example_dags/example_branch_operator_decorator.py
[2024-03-13T06:43:24.669+0000] {logging_mixin.py:188} INFO - [2024-03-13T06:43:24.668+0000] {dag.py:3047} INFO - Sync 1 DAGs
[2024-03-13T06:43:24.684+0000] {logging_mixin.py:188} INFO - [2024-03-13T06:43:24.684+0000] {dag.py:3834} INFO - Setting next_dagrun for example_branch_python_operator_decorator to 2024-03-12 00:00:00+00:00, run_after=2024-03-13 00:00:00+00:00
[2024-03-13T06:43:24.700+0000] {processor.py:183} INFO - Processing /home/airflow/.local/lib/python3.8/site-packages/airflow/example_dags/example_branch_operator_decorator.py took 0.074 seconds
[2024-03-13T06:43:55.117+0000] {processor.py:161} INFO - Started process (PID=861) to work on /home/airflow/.local/lib/python3.8/site-packages/airflow/example_dags/example_branch_operator_decorator.py
[2024-03-13T06:43:55.118+0000] {processor.py:830} INFO - Processing file /home/airflow/.local/lib/python3.8/site-packages/airflow/example_dags/example_branch_operator_decorator.py for tasks to queue
[2024-03-13T06:43:55.119+0000] {logging_mixin.py:188} INFO - [2024-03-13T06:43:55.118+0000] {dagbag.py:540} INFO - Filling up the DagBag from /home/airflow/.local/lib/python3.8/site-packages/airflow/example_dags/example_branch_operator_decorator.py
[2024-03-13T06:43:55.134+0000] {processor.py:840} INFO - DAG(s) 'example_branch_python_operator_decorator' retrieved from /home/airflow/.local/lib/python3.8/site-packages/airflow/example_dags/example_branch_operator_decorator.py
[2024-03-13T06:43:55.157+0000] {logging_mixin.py:188} INFO - [2024-03-13T06:43:55.157+0000] {dag.py:3047} INFO - Sync 1 DAGs
[2024-03-13T06:43:55.174+0000] {logging_mixin.py:188} INFO - [2024-03-13T06:43:55.174+0000] {dag.py:3834} INFO - Setting next_dagrun for example_branch_python_operator_decorator to 2024-03-12 00:00:00+00:00, run_after=2024-03-13 00:00:00+00:00
[2024-03-13T06:43:55.189+0000] {processor.py:183} INFO - Processing /home/airflow/.local/lib/python3.8/site-packages/airflow/example_dags/example_branch_operator_decorator.py took 0.075 seconds
[2024-03-13T06:44:25.422+0000] {processor.py:161} INFO - Started process (PID=917) to work on /home/airflow/.local/lib/python3.8/site-packages/airflow/example_dags/example_branch_operator_decorator.py
[2024-03-13T06:44:25.423+0000] {processor.py:830} INFO - Processing file /home/airflow/.local/lib/python3.8/site-packages/airflow/example_dags/example_branch_operator_decorator.py for tasks to queue
[2024-03-13T06:44:25.424+0000] {logging_mixin.py:188} INFO - [2024-03-13T06:44:25.424+0000] {dagbag.py:540} INFO - Filling up the DagBag from /home/airflow/.local/lib/python3.8/site-packages/airflow/example_dags/example_branch_operator_decorator.py
[2024-03-13T06:44:25.438+0000] {processor.py:840} INFO - DAG(s) 'example_branch_python_operator_decorator' retrieved from /home/airflow/.local/lib/python3.8/site-packages/airflow/example_dags/example_branch_operator_decorator.py
[2024-03-13T06:44:25.462+0000] {logging_mixin.py:188} INFO - [2024-03-13T06:44:25.461+0000] {dag.py:3047} INFO - Sync 1 DAGs
[2024-03-13T06:44:25.478+0000] {logging_mixin.py:188} INFO - [2024-03-13T06:44:25.478+0000] {dag.py:3834} INFO - Setting next_dagrun for example_branch_python_operator_decorator to 2024-03-12 00:00:00+00:00, run_after=2024-03-13 00:00:00+00:00
[2024-03-13T06:44:25.495+0000] {processor.py:183} INFO - Processing /home/airflow/.local/lib/python3.8/site-packages/airflow/example_dags/example_branch_operator_decorator.py took 0.075 seconds
[2024-03-13T06:44:56.301+0000] {processor.py:161} INFO - Started process (PID=973) to work on /home/airflow/.local/lib/python3.8/site-packages/airflow/example_dags/example_branch_operator_decorator.py
[2024-03-13T06:44:56.302+0000] {processor.py:830} INFO - Processing file /home/airflow/.local/lib/python3.8/site-packages/airflow/example_dags/example_branch_operator_decorator.py for tasks to queue
[2024-03-13T06:44:56.303+0000] {logging_mixin.py:188} INFO - [2024-03-13T06:44:56.303+0000] {dagbag.py:540} INFO - Filling up the DagBag from /home/airflow/.local/lib/python3.8/site-packages/airflow/example_dags/example_branch_operator_decorator.py
[2024-03-13T06:44:56.328+0000] {processor.py:840} INFO - DAG(s) 'example_branch_python_operator_decorator' retrieved from /home/airflow/.local/lib/python3.8/site-packages/airflow/example_dags/example_branch_operator_decorator.py
[2024-03-13T06:44:56.359+0000] {logging_mixin.py:188} INFO - [2024-03-13T06:44:56.359+0000] {dag.py:3047} INFO - Sync 1 DAGs
[2024-03-13T06:44:56.386+0000] {logging_mixin.py:188} INFO - [2024-03-13T06:44:56.386+0000] {dag.py:3834} INFO - Setting next_dagrun for example_branch_python_operator_decorator to 2024-03-12 00:00:00+00:00, run_after=2024-03-13 00:00:00+00:00
[2024-03-13T06:44:56.412+0000] {processor.py:183} INFO - Processing /home/airflow/.local/lib/python3.8/site-packages/airflow/example_dags/example_branch_operator_decorator.py took 0.114 seconds
[2024-03-13T06:45:27.098+0000] {processor.py:161} INFO - Started process (PID=1030) to work on /home/airflow/.local/lib/python3.8/site-packages/airflow/example_dags/example_branch_operator_decorator.py
[2024-03-13T06:45:27.099+0000] {processor.py:830} INFO - Processing file /home/airflow/.local/lib/python3.8/site-packages/airflow/example_dags/example_branch_operator_decorator.py for tasks to queue
[2024-03-13T06:45:27.100+0000] {logging_mixin.py:188} INFO - [2024-03-13T06:45:27.100+0000] {dagbag.py:540} INFO - Filling up the DagBag from /home/airflow/.local/lib/python3.8/site-packages/airflow/example_dags/example_branch_operator_decorator.py
[2024-03-13T06:45:27.117+0000] {processor.py:840} INFO - DAG(s) 'example_branch_python_operator_decorator' retrieved from /home/airflow/.local/lib/python3.8/site-packages/airflow/example_dags/example_branch_operator_decorator.py
[2024-03-13T06:45:27.140+0000] {logging_mixin.py:188} INFO - [2024-03-13T06:45:27.139+0000] {dag.py:3047} INFO - Sync 1 DAGs
[2024-03-13T06:45:27.158+0000] {logging_mixin.py:188} INFO - [2024-03-13T06:45:27.158+0000] {dag.py:3834} INFO - Setting next_dagrun for example_branch_python_operator_decorator to 2024-03-12 00:00:00+00:00, run_after=2024-03-13 00:00:00+00:00
[2024-03-13T06:45:27.176+0000] {processor.py:183} INFO - Processing /home/airflow/.local/lib/python3.8/site-packages/airflow/example_dags/example_branch_operator_decorator.py took 0.080 seconds
[2024-03-13T06:45:57.569+0000] {processor.py:161} INFO - Started process (PID=1086) to work on /home/airflow/.local/lib/python3.8/site-packages/airflow/example_dags/example_branch_operator_decorator.py
[2024-03-13T06:45:57.570+0000] {processor.py:830} INFO - Processing file /home/airflow/.local/lib/python3.8/site-packages/airflow/example_dags/example_branch_operator_decorator.py for tasks to queue
[2024-03-13T06:45:57.571+0000] {logging_mixin.py:188} INFO - [2024-03-13T06:45:57.571+0000] {dagbag.py:540} INFO - Filling up the DagBag from /home/airflow/.local/lib/python3.8/site-packages/airflow/example_dags/example_branch_operator_decorator.py
[2024-03-13T06:45:57.591+0000] {processor.py:840} INFO - DAG(s) 'example_branch_python_operator_decorator' retrieved from /home/airflow/.local/lib/python3.8/site-packages/airflow/example_dags/example_branch_operator_decorator.py
[2024-03-13T06:45:57.619+0000] {logging_mixin.py:188} INFO - [2024-03-13T06:45:57.619+0000] {dag.py:3047} INFO - Sync 1 DAGs
[2024-03-13T06:45:57.641+0000] {logging_mixin.py:188} INFO - [2024-03-13T06:45:57.641+0000] {dag.py:3834} INFO - Setting next_dagrun for example_branch_python_operator_decorator to 2024-03-12 00:00:00+00:00, run_after=2024-03-13 00:00:00+00:00
[2024-03-13T06:45:57.670+0000] {processor.py:183} INFO - Processing /home/airflow/.local/lib/python3.8/site-packages/airflow/example_dags/example_branch_operator_decorator.py took 0.105 seconds
[2024-03-13T06:46:28.034+0000] {processor.py:161} INFO - Started process (PID=1142) to work on /home/airflow/.local/lib/python3.8/site-packages/airflow/example_dags/example_branch_operator_decorator.py
[2024-03-13T06:46:28.035+0000] {processor.py:830} INFO - Processing file /home/airflow/.local/lib/python3.8/site-packages/airflow/example_dags/example_branch_operator_decorator.py for tasks to queue
[2024-03-13T06:46:28.036+0000] {logging_mixin.py:188} INFO - [2024-03-13T06:46:28.036+0000] {dagbag.py:540} INFO - Filling up the DagBag from /home/airflow/.local/lib/python3.8/site-packages/airflow/example_dags/example_branch_operator_decorator.py
[2024-03-13T06:46:28.053+0000] {processor.py:840} INFO - DAG(s) 'example_branch_python_operator_decorator' retrieved from /home/airflow/.local/lib/python3.8/site-packages/airflow/example_dags/example_branch_operator_decorator.py
[2024-03-13T06:46:28.079+0000] {logging_mixin.py:188} INFO - [2024-03-13T06:46:28.079+0000] {dag.py:3047} INFO - Sync 1 DAGs
[2024-03-13T06:46:28.100+0000] {logging_mixin.py:188} INFO - [2024-03-13T06:46:28.099+0000] {dag.py:3834} INFO - Setting next_dagrun for example_branch_python_operator_decorator to 2024-03-12 00:00:00+00:00, run_after=2024-03-13 00:00:00+00:00
[2024-03-13T06:46:28.120+0000] {processor.py:183} INFO - Processing /home/airflow/.local/lib/python3.8/site-packages/airflow/example_dags/example_branch_operator_decorator.py took 0.089 seconds
[2024-03-13T06:46:58.334+0000] {processor.py:161} INFO - Started process (PID=1205) to work on /home/airflow/.local/lib/python3.8/site-packages/airflow/example_dags/example_branch_operator_decorator.py
[2024-03-13T06:46:58.335+0000] {processor.py:830} INFO - Processing file /home/airflow/.local/lib/python3.8/site-packages/airflow/example_dags/example_branch_operator_decorator.py for tasks to queue
[2024-03-13T06:46:58.336+0000] {logging_mixin.py:188} INFO - [2024-03-13T06:46:58.336+0000] {dagbag.py:540} INFO - Filling up the DagBag from /home/airflow/.local/lib/python3.8/site-packages/airflow/example_dags/example_branch_operator_decorator.py
[2024-03-13T06:46:58.354+0000] {processor.py:840} INFO - DAG(s) 'example_branch_python_operator_decorator' retrieved from /home/airflow/.local/lib/python3.8/site-packages/airflow/example_dags/example_branch_operator_decorator.py
[2024-03-13T06:46:58.378+0000] {logging_mixin.py:188} INFO - [2024-03-13T06:46:58.377+0000] {dag.py:3047} INFO - Sync 1 DAGs
[2024-03-13T06:46:58.398+0000] {logging_mixin.py:188} INFO - [2024-03-13T06:46:58.398+0000] {dag.py:3834} INFO - Setting next_dagrun for example_branch_python_operator_decorator to 2024-03-12 00:00:00+00:00, run_after=2024-03-13 00:00:00+00:00
[2024-03-13T06:46:58.416+0000] {processor.py:183} INFO - Processing /home/airflow/.local/lib/python3.8/site-packages/airflow/example_dags/example_branch_operator_decorator.py took 0.085 seconds
[2024-03-13T06:47:29.208+0000] {processor.py:161} INFO - Started process (PID=1261) to work on /home/airflow/.local/lib/python3.8/site-packages/airflow/example_dags/example_branch_operator_decorator.py
[2024-03-13T06:47:29.210+0000] {processor.py:830} INFO - Processing file /home/airflow/.local/lib/python3.8/site-packages/airflow/example_dags/example_branch_operator_decorator.py for tasks to queue
[2024-03-13T06:47:29.211+0000] {logging_mixin.py:188} INFO - [2024-03-13T06:47:29.211+0000] {dagbag.py:540} INFO - Filling up the DagBag from /home/airflow/.local/lib/python3.8/site-packages/airflow/example_dags/example_branch_operator_decorator.py
[2024-03-13T06:47:29.249+0000] {processor.py:840} INFO - DAG(s) 'example_branch_python_operator_decorator' retrieved from /home/airflow/.local/lib/python3.8/site-packages/airflow/example_dags/example_branch_operator_decorator.py
[2024-03-13T06:47:29.301+0000] {logging_mixin.py:188} INFO - [2024-03-13T06:47:29.301+0000] {dag.py:3047} INFO - Sync 1 DAGs
[2024-03-13T06:47:29.347+0000] {logging_mixin.py:188} INFO - [2024-03-13T06:47:29.346+0000] {dag.py:3834} INFO - Setting next_dagrun for example_branch_python_operator_decorator to 2024-03-12 00:00:00+00:00, run_after=2024-03-13 00:00:00+00:00
[2024-03-13T06:47:29.381+0000] {processor.py:183} INFO - Processing /home/airflow/.local/lib/python3.8/site-packages/airflow/example_dags/example_branch_operator_decorator.py took 0.178 seconds
[2024-03-13T06:47:59.895+0000] {processor.py:161} INFO - Started process (PID=1317) to work on /home/airflow/.local/lib/python3.8/site-packages/airflow/example_dags/example_branch_operator_decorator.py
[2024-03-13T06:47:59.896+0000] {processor.py:830} INFO - Processing file /home/airflow/.local/lib/python3.8/site-packages/airflow/example_dags/example_branch_operator_decorator.py for tasks to queue
[2024-03-13T06:47:59.896+0000] {logging_mixin.py:188} INFO - [2024-03-13T06:47:59.896+0000] {dagbag.py:540} INFO - Filling up the DagBag from /home/airflow/.local/lib/python3.8/site-packages/airflow/example_dags/example_branch_operator_decorator.py
[2024-03-13T06:47:59.913+0000] {processor.py:840} INFO - DAG(s) 'example_branch_python_operator_decorator' retrieved from /home/airflow/.local/lib/python3.8/site-packages/airflow/example_dags/example_branch_operator_decorator.py
[2024-03-13T06:47:59.938+0000] {logging_mixin.py:188} INFO - [2024-03-13T06:47:59.938+0000] {dag.py:3047} INFO - Sync 1 DAGs
[2024-03-13T06:47:59.959+0000] {logging_mixin.py:188} INFO - [2024-03-13T06:47:59.959+0000] {dag.py:3834} INFO - Setting next_dagrun for example_branch_python_operator_decorator to 2024-03-12 00:00:00+00:00, run_after=2024-03-13 00:00:00+00:00
[2024-03-13T06:47:59.979+0000] {processor.py:183} INFO - Processing /home/airflow/.local/lib/python3.8/site-packages/airflow/example_dags/example_branch_operator_decorator.py took 0.086 seconds
[2024-03-13T06:48:30.191+0000] {processor.py:161} INFO - Started process (PID=1374) to work on /home/airflow/.local/lib/python3.8/site-packages/airflow/example_dags/example_branch_operator_decorator.py
[2024-03-13T06:48:30.192+0000] {processor.py:830} INFO - Processing file /home/airflow/.local/lib/python3.8/site-packages/airflow/example_dags/example_branch_operator_decorator.py for tasks to queue
[2024-03-13T06:48:30.194+0000] {logging_mixin.py:188} INFO - [2024-03-13T06:48:30.193+0000] {dagbag.py:540} INFO - Filling up the DagBag from /home/airflow/.local/lib/python3.8/site-packages/airflow/example_dags/example_branch_operator_decorator.py
[2024-03-13T06:48:30.216+0000] {processor.py:840} INFO - DAG(s) 'example_branch_python_operator_decorator' retrieved from /home/airflow/.local/lib/python3.8/site-packages/airflow/example_dags/example_branch_operator_decorator.py
[2024-03-13T06:48:30.243+0000] {logging_mixin.py:188} INFO - [2024-03-13T06:48:30.243+0000] {dag.py:3047} INFO - Sync 1 DAGs
[2024-03-13T06:48:30.265+0000] {logging_mixin.py:188} INFO - [2024-03-13T06:48:30.264+0000] {dag.py:3834} INFO - Setting next_dagrun for example_branch_python_operator_decorator to 2024-03-12 00:00:00+00:00, run_after=2024-03-13 00:00:00+00:00
[2024-03-13T06:48:30.286+0000] {processor.py:183} INFO - Processing /home/airflow/.local/lib/python3.8/site-packages/airflow/example_dags/example_branch_operator_decorator.py took 0.097 seconds
[2024-03-13T06:49:00.399+0000] {processor.py:161} INFO - Started process (PID=1431) to work on /home/airflow/.local/lib/python3.8/site-packages/airflow/example_dags/example_branch_operator_decorator.py
[2024-03-13T06:49:00.400+0000] {processor.py:830} INFO - Processing file /home/airflow/.local/lib/python3.8/site-packages/airflow/example_dags/example_branch_operator_decorator.py for tasks to queue
[2024-03-13T06:49:00.401+0000] {logging_mixin.py:188} INFO - [2024-03-13T06:49:00.400+0000] {dagbag.py:540} INFO - Filling up the DagBag from /home/airflow/.local/lib/python3.8/site-packages/airflow/example_dags/example_branch_operator_decorator.py
[2024-03-13T06:49:00.417+0000] {processor.py:840} INFO - DAG(s) 'example_branch_python_operator_decorator' retrieved from /home/airflow/.local/lib/python3.8/site-packages/airflow/example_dags/example_branch_operator_decorator.py
[2024-03-13T06:49:00.439+0000] {logging_mixin.py:188} INFO - [2024-03-13T06:49:00.439+0000] {dag.py:3047} INFO - Sync 1 DAGs
[2024-03-13T06:49:00.456+0000] {logging_mixin.py:188} INFO - [2024-03-13T06:49:00.456+0000] {dag.py:3834} INFO - Setting next_dagrun for example_branch_python_operator_decorator to 2024-03-12 00:00:00+00:00, run_after=2024-03-13 00:00:00+00:00
[2024-03-13T06:49:00.474+0000] {processor.py:183} INFO - Processing /home/airflow/.local/lib/python3.8/site-packages/airflow/example_dags/example_branch_operator_decorator.py took 0.077 seconds
[2024-03-13T06:49:30.678+0000] {processor.py:161} INFO - Started process (PID=1487) to work on /home/airflow/.local/lib/python3.8/site-packages/airflow/example_dags/example_branch_operator_decorator.py
[2024-03-13T06:49:30.679+0000] {processor.py:830} INFO - Processing file /home/airflow/.local/lib/python3.8/site-packages/airflow/example_dags/example_branch_operator_decorator.py for tasks to queue
[2024-03-13T06:49:30.680+0000] {logging_mixin.py:188} INFO - [2024-03-13T06:49:30.680+0000] {dagbag.py:540} INFO - Filling up the DagBag from /home/airflow/.local/lib/python3.8/site-packages/airflow/example_dags/example_branch_operator_decorator.py
[2024-03-13T06:49:30.698+0000] {processor.py:840} INFO - DAG(s) 'example_branch_python_operator_decorator' retrieved from /home/airflow/.local/lib/python3.8/site-packages/airflow/example_dags/example_branch_operator_decorator.py
[2024-03-13T06:49:30.721+0000] {logging_mixin.py:188} INFO - [2024-03-13T06:49:30.721+0000] {dag.py:3047} INFO - Sync 1 DAGs
[2024-03-13T06:49:30.739+0000] {logging_mixin.py:188} INFO - [2024-03-13T06:49:30.739+0000] {dag.py:3834} INFO - Setting next_dagrun for example_branch_python_operator_decorator to 2024-03-12 00:00:00+00:00, run_after=2024-03-13 00:00:00+00:00
[2024-03-13T06:49:30.755+0000] {processor.py:183} INFO - Processing /home/airflow/.local/lib/python3.8/site-packages/airflow/example_dags/example_branch_operator_decorator.py took 0.080 seconds
[2024-03-13T06:50:00.901+0000] {processor.py:161} INFO - Started process (PID=1545) to work on /home/airflow/.local/lib/python3.8/site-packages/airflow/example_dags/example_branch_operator_decorator.py
[2024-03-13T06:50:00.902+0000] {processor.py:830} INFO - Processing file /home/airflow/.local/lib/python3.8/site-packages/airflow/example_dags/example_branch_operator_decorator.py for tasks to queue
[2024-03-13T06:50:00.903+0000] {logging_mixin.py:188} INFO - [2024-03-13T06:50:00.902+0000] {dagbag.py:540} INFO - Filling up the DagBag from /home/airflow/.local/lib/python3.8/site-packages/airflow/example_dags/example_branch_operator_decorator.py
[2024-03-13T06:50:00.918+0000] {processor.py:840} INFO - DAG(s) 'example_branch_python_operator_decorator' retrieved from /home/airflow/.local/lib/python3.8/site-packages/airflow/example_dags/example_branch_operator_decorator.py
[2024-03-13T06:50:00.940+0000] {logging_mixin.py:188} INFO - [2024-03-13T06:50:00.939+0000] {dag.py:3047} INFO - Sync 1 DAGs
[2024-03-13T06:50:00.956+0000] {logging_mixin.py:188} INFO - [2024-03-13T06:50:00.956+0000] {dag.py:3834} INFO - Setting next_dagrun for example_branch_python_operator_decorator to 2024-03-12 00:00:00+00:00, run_after=2024-03-13 00:00:00+00:00
[2024-03-13T06:50:00.973+0000] {processor.py:183} INFO - Processing /home/airflow/.local/lib/python3.8/site-packages/airflow/example_dags/example_branch_operator_decorator.py took 0.074 seconds
[2024-03-13T06:50:31.074+0000] {processor.py:161} INFO - Started process (PID=1602) to work on /home/airflow/.local/lib/python3.8/site-packages/airflow/example_dags/example_branch_operator_decorator.py
[2024-03-13T06:50:31.075+0000] {processor.py:830} INFO - Processing file /home/airflow/.local/lib/python3.8/site-packages/airflow/example_dags/example_branch_operator_decorator.py for tasks to queue
[2024-03-13T06:50:31.076+0000] {logging_mixin.py:188} INFO - [2024-03-13T06:50:31.076+0000] {dagbag.py:540} INFO - Filling up the DagBag from /home/airflow/.local/lib/python3.8/site-packages/airflow/example_dags/example_branch_operator_decorator.py
[2024-03-13T06:50:31.093+0000] {processor.py:840} INFO - DAG(s) 'example_branch_python_operator_decorator' retrieved from /home/airflow/.local/lib/python3.8/site-packages/airflow/example_dags/example_branch_operator_decorator.py
[2024-03-13T06:50:31.114+0000] {logging_mixin.py:188} INFO - [2024-03-13T06:50:31.114+0000] {dag.py:3047} INFO - Sync 1 DAGs
[2024-03-13T06:50:31.132+0000] {logging_mixin.py:188} INFO - [2024-03-13T06:50:31.132+0000] {dag.py:3834} INFO - Setting next_dagrun for example_branch_python_operator_decorator to 2024-03-12 00:00:00+00:00, run_after=2024-03-13 00:00:00+00:00
[2024-03-13T06:50:31.148+0000] {processor.py:183} INFO - Processing /home/airflow/.local/lib/python3.8/site-packages/airflow/example_dags/example_branch_operator_decorator.py took 0.076 seconds
[2024-03-13T06:51:01.368+0000] {processor.py:161} INFO - Started process (PID=1662) to work on /home/airflow/.local/lib/python3.8/site-packages/airflow/example_dags/example_branch_operator_decorator.py
[2024-03-13T06:51:01.369+0000] {processor.py:830} INFO - Processing file /home/airflow/.local/lib/python3.8/site-packages/airflow/example_dags/example_branch_operator_decorator.py for tasks to queue
[2024-03-13T06:51:01.370+0000] {logging_mixin.py:188} INFO - [2024-03-13T06:51:01.369+0000] {dagbag.py:540} INFO - Filling up the DagBag from /home/airflow/.local/lib/python3.8/site-packages/airflow/example_dags/example_branch_operator_decorator.py
[2024-03-13T06:51:01.386+0000] {processor.py:840} INFO - DAG(s) 'example_branch_python_operator_decorator' retrieved from /home/airflow/.local/lib/python3.8/site-packages/airflow/example_dags/example_branch_operator_decorator.py
[2024-03-13T06:51:01.407+0000] {logging_mixin.py:188} INFO - [2024-03-13T06:51:01.407+0000] {dag.py:3047} INFO - Sync 1 DAGs
[2024-03-13T06:51:01.424+0000] {logging_mixin.py:188} INFO - [2024-03-13T06:51:01.424+0000] {dag.py:3834} INFO - Setting next_dagrun for example_branch_python_operator_decorator to 2024-03-12 00:00:00+00:00, run_after=2024-03-13 00:00:00+00:00
[2024-03-13T06:51:01.441+0000] {processor.py:183} INFO - Processing /home/airflow/.local/lib/python3.8/site-packages/airflow/example_dags/example_branch_operator_decorator.py took 0.076 seconds
[2024-03-13T06:52:20.004+0000] {processor.py:161} INFO - Started process (PID=77) to work on /home/airflow/.local/lib/python3.8/site-packages/airflow/example_dags/example_branch_operator_decorator.py
[2024-03-13T06:52:20.005+0000] {processor.py:830} INFO - Processing file /home/airflow/.local/lib/python3.8/site-packages/airflow/example_dags/example_branch_operator_decorator.py for tasks to queue
[2024-03-13T06:52:20.007+0000] {logging_mixin.py:188} INFO - [2024-03-13T06:52:20.007+0000] {dagbag.py:540} INFO - Filling up the DagBag from /home/airflow/.local/lib/python3.8/site-packages/airflow/example_dags/example_branch_operator_decorator.py
[2024-03-13T06:52:20.026+0000] {processor.py:840} INFO - DAG(s) 'example_branch_python_operator_decorator' retrieved from /home/airflow/.local/lib/python3.8/site-packages/airflow/example_dags/example_branch_operator_decorator.py
[2024-03-13T06:52:20.037+0000] {logging_mixin.py:188} INFO - [2024-03-13T06:52:20.037+0000] {dag.py:3047} INFO - Sync 1 DAGs
[2024-03-13T06:52:20.058+0000] {logging_mixin.py:188} INFO - [2024-03-13T06:52:20.058+0000] {dag.py:3834} INFO - Setting next_dagrun for example_branch_python_operator_decorator to 2024-03-12 00:00:00+00:00, run_after=2024-03-13 00:00:00+00:00
[2024-03-13T06:52:20.081+0000] {processor.py:183} INFO - Processing /home/airflow/.local/lib/python3.8/site-packages/airflow/example_dags/example_branch_operator_decorator.py took 0.081 seconds
[2024-03-13T06:52:51.471+0000] {processor.py:161} INFO - Started process (PID=133) to work on /home/airflow/.local/lib/python3.8/site-packages/airflow/example_dags/example_branch_operator_decorator.py
[2024-03-13T06:52:51.472+0000] {processor.py:830} INFO - Processing file /home/airflow/.local/lib/python3.8/site-packages/airflow/example_dags/example_branch_operator_decorator.py for tasks to queue
[2024-03-13T06:52:51.473+0000] {logging_mixin.py:188} INFO - [2024-03-13T06:52:51.473+0000] {dagbag.py:540} INFO - Filling up the DagBag from /home/airflow/.local/lib/python3.8/site-packages/airflow/example_dags/example_branch_operator_decorator.py
[2024-03-13T06:52:51.489+0000] {processor.py:840} INFO - DAG(s) 'example_branch_python_operator_decorator' retrieved from /home/airflow/.local/lib/python3.8/site-packages/airflow/example_dags/example_branch_operator_decorator.py
[2024-03-13T06:52:51.566+0000] {logging_mixin.py:188} INFO - [2024-03-13T06:52:51.565+0000] {dag.py:3047} INFO - Sync 1 DAGs
[2024-03-13T06:52:51.581+0000] {logging_mixin.py:188} INFO - [2024-03-13T06:52:51.581+0000] {dag.py:3834} INFO - Setting next_dagrun for example_branch_python_operator_decorator to 2024-03-12 00:00:00+00:00, run_after=2024-03-13 00:00:00+00:00
[2024-03-13T06:52:51.597+0000] {processor.py:183} INFO - Processing /home/airflow/.local/lib/python3.8/site-packages/airflow/example_dags/example_branch_operator_decorator.py took 0.129 seconds
[2024-03-13T06:53:22.326+0000] {processor.py:161} INFO - Started process (PID=189) to work on /home/airflow/.local/lib/python3.8/site-packages/airflow/example_dags/example_branch_operator_decorator.py
[2024-03-13T06:53:22.327+0000] {processor.py:830} INFO - Processing file /home/airflow/.local/lib/python3.8/site-packages/airflow/example_dags/example_branch_operator_decorator.py for tasks to queue
[2024-03-13T06:53:22.328+0000] {logging_mixin.py:188} INFO - [2024-03-13T06:53:22.328+0000] {dagbag.py:540} INFO - Filling up the DagBag from /home/airflow/.local/lib/python3.8/site-packages/airflow/example_dags/example_branch_operator_decorator.py
[2024-03-13T06:53:22.344+0000] {processor.py:840} INFO - DAG(s) 'example_branch_python_operator_decorator' retrieved from /home/airflow/.local/lib/python3.8/site-packages/airflow/example_dags/example_branch_operator_decorator.py
[2024-03-13T06:53:22.364+0000] {logging_mixin.py:188} INFO - [2024-03-13T06:53:22.364+0000] {dag.py:3047} INFO - Sync 1 DAGs
[2024-03-13T06:53:22.381+0000] {logging_mixin.py:188} INFO - [2024-03-13T06:53:22.381+0000] {dag.py:3834} INFO - Setting next_dagrun for example_branch_python_operator_decorator to 2024-03-12 00:00:00+00:00, run_after=2024-03-13 00:00:00+00:00
[2024-03-13T06:53:22.397+0000] {processor.py:183} INFO - Processing /home/airflow/.local/lib/python3.8/site-packages/airflow/example_dags/example_branch_operator_decorator.py took 0.073 seconds
[2024-03-13T06:53:52.736+0000] {processor.py:161} INFO - Started process (PID=245) to work on /home/airflow/.local/lib/python3.8/site-packages/airflow/example_dags/example_branch_operator_decorator.py
[2024-03-13T06:53:52.737+0000] {processor.py:830} INFO - Processing file /home/airflow/.local/lib/python3.8/site-packages/airflow/example_dags/example_branch_operator_decorator.py for tasks to queue
[2024-03-13T06:53:52.739+0000] {logging_mixin.py:188} INFO - [2024-03-13T06:53:52.738+0000] {dagbag.py:540} INFO - Filling up the DagBag from /home/airflow/.local/lib/python3.8/site-packages/airflow/example_dags/example_branch_operator_decorator.py
[2024-03-13T06:53:52.755+0000] {processor.py:840} INFO - DAG(s) 'example_branch_python_operator_decorator' retrieved from /home/airflow/.local/lib/python3.8/site-packages/airflow/example_dags/example_branch_operator_decorator.py
[2024-03-13T06:53:52.776+0000] {logging_mixin.py:188} INFO - [2024-03-13T06:53:52.776+0000] {dag.py:3047} INFO - Sync 1 DAGs
[2024-03-13T06:53:52.793+0000] {logging_mixin.py:188} INFO - [2024-03-13T06:53:52.793+0000] {dag.py:3834} INFO - Setting next_dagrun for example_branch_python_operator_decorator to 2024-03-12 00:00:00+00:00, run_after=2024-03-13 00:00:00+00:00
[2024-03-13T06:53:52.809+0000] {processor.py:183} INFO - Processing /home/airflow/.local/lib/python3.8/site-packages/airflow/example_dags/example_branch_operator_decorator.py took 0.075 seconds
[2024-03-13T06:54:22.970+0000] {processor.py:161} INFO - Started process (PID=300) to work on /home/airflow/.local/lib/python3.8/site-packages/airflow/example_dags/example_branch_operator_decorator.py
[2024-03-13T06:54:22.971+0000] {processor.py:830} INFO - Processing file /home/airflow/.local/lib/python3.8/site-packages/airflow/example_dags/example_branch_operator_decorator.py for tasks to queue
[2024-03-13T06:54:22.972+0000] {logging_mixin.py:188} INFO - [2024-03-13T06:54:22.972+0000] {dagbag.py:540} INFO - Filling up the DagBag from /home/airflow/.local/lib/python3.8/site-packages/airflow/example_dags/example_branch_operator_decorator.py
[2024-03-13T06:54:22.988+0000] {processor.py:840} INFO - DAG(s) 'example_branch_python_operator_decorator' retrieved from /home/airflow/.local/lib/python3.8/site-packages/airflow/example_dags/example_branch_operator_decorator.py
[2024-03-13T06:54:23.008+0000] {logging_mixin.py:188} INFO - [2024-03-13T06:54:23.008+0000] {dag.py:3047} INFO - Sync 1 DAGs
[2024-03-13T06:54:23.026+0000] {logging_mixin.py:188} INFO - [2024-03-13T06:54:23.025+0000] {dag.py:3834} INFO - Setting next_dagrun for example_branch_python_operator_decorator to 2024-03-12 00:00:00+00:00, run_after=2024-03-13 00:00:00+00:00
[2024-03-13T06:54:23.040+0000] {processor.py:183} INFO - Processing /home/airflow/.local/lib/python3.8/site-packages/airflow/example_dags/example_branch_operator_decorator.py took 0.072 seconds
[2024-03-13T06:54:53.641+0000] {processor.py:161} INFO - Started process (PID=356) to work on /home/airflow/.local/lib/python3.8/site-packages/airflow/example_dags/example_branch_operator_decorator.py
[2024-03-13T06:54:53.642+0000] {processor.py:830} INFO - Processing file /home/airflow/.local/lib/python3.8/site-packages/airflow/example_dags/example_branch_operator_decorator.py for tasks to queue
[2024-03-13T06:54:53.643+0000] {logging_mixin.py:188} INFO - [2024-03-13T06:54:53.643+0000] {dagbag.py:540} INFO - Filling up the DagBag from /home/airflow/.local/lib/python3.8/site-packages/airflow/example_dags/example_branch_operator_decorator.py
[2024-03-13T06:54:53.663+0000] {processor.py:840} INFO - DAG(s) 'example_branch_python_operator_decorator' retrieved from /home/airflow/.local/lib/python3.8/site-packages/airflow/example_dags/example_branch_operator_decorator.py
[2024-03-13T06:54:53.692+0000] {logging_mixin.py:188} INFO - [2024-03-13T06:54:53.691+0000] {dag.py:3047} INFO - Sync 1 DAGs
[2024-03-13T06:54:53.713+0000] {logging_mixin.py:188} INFO - [2024-03-13T06:54:53.713+0000] {dag.py:3834} INFO - Setting next_dagrun for example_branch_python_operator_decorator to 2024-03-12 00:00:00+00:00, run_after=2024-03-13 00:00:00+00:00
[2024-03-13T06:54:53.738+0000] {processor.py:183} INFO - Processing /home/airflow/.local/lib/python3.8/site-packages/airflow/example_dags/example_branch_operator_decorator.py took 0.100 seconds
[2024-03-13T06:55:24.553+0000] {processor.py:161} INFO - Started process (PID=412) to work on /home/airflow/.local/lib/python3.8/site-packages/airflow/example_dags/example_branch_operator_decorator.py
[2024-03-13T06:55:24.554+0000] {processor.py:830} INFO - Processing file /home/airflow/.local/lib/python3.8/site-packages/airflow/example_dags/example_branch_operator_decorator.py for tasks to queue
[2024-03-13T06:55:24.555+0000] {logging_mixin.py:188} INFO - [2024-03-13T06:55:24.555+0000] {dagbag.py:540} INFO - Filling up the DagBag from /home/airflow/.local/lib/python3.8/site-packages/airflow/example_dags/example_branch_operator_decorator.py
[2024-03-13T06:55:24.575+0000] {processor.py:840} INFO - DAG(s) 'example_branch_python_operator_decorator' retrieved from /home/airflow/.local/lib/python3.8/site-packages/airflow/example_dags/example_branch_operator_decorator.py
[2024-03-13T06:55:24.600+0000] {logging_mixin.py:188} INFO - [2024-03-13T06:55:24.600+0000] {dag.py:3047} INFO - Sync 1 DAGs
[2024-03-13T06:55:24.625+0000] {logging_mixin.py:188} INFO - [2024-03-13T06:55:24.624+0000] {dag.py:3834} INFO - Setting next_dagrun for example_branch_python_operator_decorator to 2024-03-12 00:00:00+00:00, run_after=2024-03-13 00:00:00+00:00
[2024-03-13T06:55:24.646+0000] {processor.py:183} INFO - Processing /home/airflow/.local/lib/python3.8/site-packages/airflow/example_dags/example_branch_operator_decorator.py took 0.096 seconds
[2024-03-13T06:55:55.147+0000] {processor.py:161} INFO - Started process (PID=469) to work on /home/airflow/.local/lib/python3.8/site-packages/airflow/example_dags/example_branch_operator_decorator.py
[2024-03-13T06:55:55.148+0000] {processor.py:830} INFO - Processing file /home/airflow/.local/lib/python3.8/site-packages/airflow/example_dags/example_branch_operator_decorator.py for tasks to queue
[2024-03-13T06:55:55.149+0000] {logging_mixin.py:188} INFO - [2024-03-13T06:55:55.149+0000] {dagbag.py:540} INFO - Filling up the DagBag from /home/airflow/.local/lib/python3.8/site-packages/airflow/example_dags/example_branch_operator_decorator.py
[2024-03-13T06:55:55.165+0000] {processor.py:840} INFO - DAG(s) 'example_branch_python_operator_decorator' retrieved from /home/airflow/.local/lib/python3.8/site-packages/airflow/example_dags/example_branch_operator_decorator.py
[2024-03-13T06:55:55.186+0000] {logging_mixin.py:188} INFO - [2024-03-13T06:55:55.186+0000] {dag.py:3047} INFO - Sync 1 DAGs
[2024-03-13T06:55:55.205+0000] {logging_mixin.py:188} INFO - [2024-03-13T06:55:55.204+0000] {dag.py:3834} INFO - Setting next_dagrun for example_branch_python_operator_decorator to 2024-03-12 00:00:00+00:00, run_after=2024-03-13 00:00:00+00:00
[2024-03-13T06:55:55.222+0000] {processor.py:183} INFO - Processing /home/airflow/.local/lib/python3.8/site-packages/airflow/example_dags/example_branch_operator_decorator.py took 0.078 seconds
[2024-03-13T06:56:25.956+0000] {processor.py:161} INFO - Started process (PID=526) to work on /home/airflow/.local/lib/python3.8/site-packages/airflow/example_dags/example_branch_operator_decorator.py
[2024-03-13T06:56:25.957+0000] {processor.py:830} INFO - Processing file /home/airflow/.local/lib/python3.8/site-packages/airflow/example_dags/example_branch_operator_decorator.py for tasks to queue
[2024-03-13T06:56:25.959+0000] {logging_mixin.py:188} INFO - [2024-03-13T06:56:25.958+0000] {dagbag.py:540} INFO - Filling up the DagBag from /home/airflow/.local/lib/python3.8/site-packages/airflow/example_dags/example_branch_operator_decorator.py
[2024-03-13T06:56:25.976+0000] {processor.py:840} INFO - DAG(s) 'example_branch_python_operator_decorator' retrieved from /home/airflow/.local/lib/python3.8/site-packages/airflow/example_dags/example_branch_operator_decorator.py
[2024-03-13T06:56:25.997+0000] {logging_mixin.py:188} INFO - [2024-03-13T06:56:25.997+0000] {dag.py:3047} INFO - Sync 1 DAGs
[2024-03-13T06:56:26.015+0000] {logging_mixin.py:188} INFO - [2024-03-13T06:56:26.014+0000] {dag.py:3834} INFO - Setting next_dagrun for example_branch_python_operator_decorator to 2024-03-12 00:00:00+00:00, run_after=2024-03-13 00:00:00+00:00
[2024-03-13T06:56:26.030+0000] {processor.py:183} INFO - Processing /home/airflow/.local/lib/python3.8/site-packages/airflow/example_dags/example_branch_operator_decorator.py took 0.077 seconds
[2024-03-13T07:02:13.676+0000] {processor.py:161} INFO - Started process (PID=77) to work on /home/airflow/.local/lib/python3.8/site-packages/airflow/example_dags/example_branch_operator_decorator.py
[2024-03-13T07:02:13.677+0000] {processor.py:830} INFO - Processing file /home/airflow/.local/lib/python3.8/site-packages/airflow/example_dags/example_branch_operator_decorator.py for tasks to queue
[2024-03-13T07:02:13.680+0000] {logging_mixin.py:188} INFO - [2024-03-13T07:02:13.679+0000] {dagbag.py:540} INFO - Filling up the DagBag from /home/airflow/.local/lib/python3.8/site-packages/airflow/example_dags/example_branch_operator_decorator.py
[2024-03-13T07:02:13.707+0000] {processor.py:840} INFO - DAG(s) 'example_branch_python_operator_decorator' retrieved from /home/airflow/.local/lib/python3.8/site-packages/airflow/example_dags/example_branch_operator_decorator.py
[2024-03-13T07:02:13.724+0000] {logging_mixin.py:188} INFO - [2024-03-13T07:02:13.723+0000] {dag.py:3047} INFO - Sync 1 DAGs
[2024-03-13T07:02:13.752+0000] {logging_mixin.py:188} INFO - [2024-03-13T07:02:13.752+0000] {dag.py:3834} INFO - Setting next_dagrun for example_branch_python_operator_decorator to 2024-03-12 00:00:00+00:00, run_after=2024-03-13 00:00:00+00:00
[2024-03-13T07:02:13.777+0000] {processor.py:183} INFO - Processing /home/airflow/.local/lib/python3.8/site-packages/airflow/example_dags/example_branch_operator_decorator.py took 0.103 seconds
[2024-03-13T07:02:45.085+0000] {processor.py:161} INFO - Started process (PID=134) to work on /home/airflow/.local/lib/python3.8/site-packages/airflow/example_dags/example_branch_operator_decorator.py
[2024-03-13T07:02:45.086+0000] {processor.py:830} INFO - Processing file /home/airflow/.local/lib/python3.8/site-packages/airflow/example_dags/example_branch_operator_decorator.py for tasks to queue
[2024-03-13T07:02:45.087+0000] {logging_mixin.py:188} INFO - [2024-03-13T07:02:45.087+0000] {dagbag.py:540} INFO - Filling up the DagBag from /home/airflow/.local/lib/python3.8/site-packages/airflow/example_dags/example_branch_operator_decorator.py
[2024-03-13T07:02:45.103+0000] {processor.py:840} INFO - DAG(s) 'example_branch_python_operator_decorator' retrieved from /home/airflow/.local/lib/python3.8/site-packages/airflow/example_dags/example_branch_operator_decorator.py
[2024-03-13T07:02:45.189+0000] {logging_mixin.py:188} INFO - [2024-03-13T07:02:45.188+0000] {dag.py:3047} INFO - Sync 1 DAGs
[2024-03-13T07:02:45.206+0000] {logging_mixin.py:188} INFO - [2024-03-13T07:02:45.205+0000] {dag.py:3834} INFO - Setting next_dagrun for example_branch_python_operator_decorator to 2024-03-12 00:00:00+00:00, run_after=2024-03-13 00:00:00+00:00
[2024-03-13T07:02:45.222+0000] {processor.py:183} INFO - Processing /home/airflow/.local/lib/python3.8/site-packages/airflow/example_dags/example_branch_operator_decorator.py took 0.140 seconds
[2024-03-13T07:03:15.818+0000] {processor.py:161} INFO - Started process (PID=190) to work on /home/airflow/.local/lib/python3.8/site-packages/airflow/example_dags/example_branch_operator_decorator.py
[2024-03-13T07:03:15.819+0000] {processor.py:830} INFO - Processing file /home/airflow/.local/lib/python3.8/site-packages/airflow/example_dags/example_branch_operator_decorator.py for tasks to queue
[2024-03-13T07:03:15.820+0000] {logging_mixin.py:188} INFO - [2024-03-13T07:03:15.820+0000] {dagbag.py:540} INFO - Filling up the DagBag from /home/airflow/.local/lib/python3.8/site-packages/airflow/example_dags/example_branch_operator_decorator.py
[2024-03-13T07:03:15.837+0000] {processor.py:840} INFO - DAG(s) 'example_branch_python_operator_decorator' retrieved from /home/airflow/.local/lib/python3.8/site-packages/airflow/example_dags/example_branch_operator_decorator.py
[2024-03-13T07:03:15.858+0000] {logging_mixin.py:188} INFO - [2024-03-13T07:03:15.858+0000] {dag.py:3047} INFO - Sync 1 DAGs
[2024-03-13T07:03:15.876+0000] {logging_mixin.py:188} INFO - [2024-03-13T07:03:15.875+0000] {dag.py:3834} INFO - Setting next_dagrun for example_branch_python_operator_decorator to 2024-03-12 00:00:00+00:00, run_after=2024-03-13 00:00:00+00:00
[2024-03-13T07:03:15.891+0000] {processor.py:183} INFO - Processing /home/airflow/.local/lib/python3.8/site-packages/airflow/example_dags/example_branch_operator_decorator.py took 0.076 seconds
[2024-03-13T07:03:46.172+0000] {processor.py:161} INFO - Started process (PID=246) to work on /home/airflow/.local/lib/python3.8/site-packages/airflow/example_dags/example_branch_operator_decorator.py
[2024-03-13T07:03:46.173+0000] {processor.py:830} INFO - Processing file /home/airflow/.local/lib/python3.8/site-packages/airflow/example_dags/example_branch_operator_decorator.py for tasks to queue
[2024-03-13T07:03:46.174+0000] {logging_mixin.py:188} INFO - [2024-03-13T07:03:46.174+0000] {dagbag.py:540} INFO - Filling up the DagBag from /home/airflow/.local/lib/python3.8/site-packages/airflow/example_dags/example_branch_operator_decorator.py
[2024-03-13T07:03:46.189+0000] {processor.py:840} INFO - DAG(s) 'example_branch_python_operator_decorator' retrieved from /home/airflow/.local/lib/python3.8/site-packages/airflow/example_dags/example_branch_operator_decorator.py
[2024-03-13T07:03:46.211+0000] {logging_mixin.py:188} INFO - [2024-03-13T07:03:46.210+0000] {dag.py:3047} INFO - Sync 1 DAGs
[2024-03-13T07:03:46.227+0000] {logging_mixin.py:188} INFO - [2024-03-13T07:03:46.227+0000] {dag.py:3834} INFO - Setting next_dagrun for example_branch_python_operator_decorator to 2024-03-12 00:00:00+00:00, run_after=2024-03-13 00:00:00+00:00
[2024-03-13T07:03:46.244+0000] {processor.py:183} INFO - Processing /home/airflow/.local/lib/python3.8/site-packages/airflow/example_dags/example_branch_operator_decorator.py took 0.075 seconds
[2024-03-13T07:04:16.724+0000] {processor.py:161} INFO - Started process (PID=302) to work on /home/airflow/.local/lib/python3.8/site-packages/airflow/example_dags/example_branch_operator_decorator.py
[2024-03-13T07:04:16.725+0000] {processor.py:830} INFO - Processing file /home/airflow/.local/lib/python3.8/site-packages/airflow/example_dags/example_branch_operator_decorator.py for tasks to queue
[2024-03-13T07:04:16.727+0000] {logging_mixin.py:188} INFO - [2024-03-13T07:04:16.726+0000] {dagbag.py:540} INFO - Filling up the DagBag from /home/airflow/.local/lib/python3.8/site-packages/airflow/example_dags/example_branch_operator_decorator.py
[2024-03-13T07:04:16.742+0000] {processor.py:840} INFO - DAG(s) 'example_branch_python_operator_decorator' retrieved from /home/airflow/.local/lib/python3.8/site-packages/airflow/example_dags/example_branch_operator_decorator.py
[2024-03-13T07:04:16.763+0000] {logging_mixin.py:188} INFO - [2024-03-13T07:04:16.763+0000] {dag.py:3047} INFO - Sync 1 DAGs
[2024-03-13T07:04:16.781+0000] {logging_mixin.py:188} INFO - [2024-03-13T07:04:16.781+0000] {dag.py:3834} INFO - Setting next_dagrun for example_branch_python_operator_decorator to 2024-03-12 00:00:00+00:00, run_after=2024-03-13 00:00:00+00:00
[2024-03-13T07:04:16.798+0000] {processor.py:183} INFO - Processing /home/airflow/.local/lib/python3.8/site-packages/airflow/example_dags/example_branch_operator_decorator.py took 0.076 seconds
[2024-03-13T07:04:47.204+0000] {processor.py:161} INFO - Started process (PID=358) to work on /home/airflow/.local/lib/python3.8/site-packages/airflow/example_dags/example_branch_operator_decorator.py
[2024-03-13T07:04:47.205+0000] {processor.py:830} INFO - Processing file /home/airflow/.local/lib/python3.8/site-packages/airflow/example_dags/example_branch_operator_decorator.py for tasks to queue
[2024-03-13T07:04:47.206+0000] {logging_mixin.py:188} INFO - [2024-03-13T07:04:47.206+0000] {dagbag.py:540} INFO - Filling up the DagBag from /home/airflow/.local/lib/python3.8/site-packages/airflow/example_dags/example_branch_operator_decorator.py
[2024-03-13T07:04:47.222+0000] {processor.py:840} INFO - DAG(s) 'example_branch_python_operator_decorator' retrieved from /home/airflow/.local/lib/python3.8/site-packages/airflow/example_dags/example_branch_operator_decorator.py
[2024-03-13T07:04:47.243+0000] {logging_mixin.py:188} INFO - [2024-03-13T07:04:47.243+0000] {dag.py:3047} INFO - Sync 1 DAGs
[2024-03-13T07:04:47.260+0000] {logging_mixin.py:188} INFO - [2024-03-13T07:04:47.260+0000] {dag.py:3834} INFO - Setting next_dagrun for example_branch_python_operator_decorator to 2024-03-12 00:00:00+00:00, run_after=2024-03-13 00:00:00+00:00
[2024-03-13T07:04:47.276+0000] {processor.py:183} INFO - Processing /home/airflow/.local/lib/python3.8/site-packages/airflow/example_dags/example_branch_operator_decorator.py took 0.074 seconds
[2024-03-13T07:05:17.587+0000] {processor.py:161} INFO - Started process (PID=414) to work on /home/airflow/.local/lib/python3.8/site-packages/airflow/example_dags/example_branch_operator_decorator.py
[2024-03-13T07:05:17.587+0000] {processor.py:830} INFO - Processing file /home/airflow/.local/lib/python3.8/site-packages/airflow/example_dags/example_branch_operator_decorator.py for tasks to queue
[2024-03-13T07:05:17.589+0000] {logging_mixin.py:188} INFO - [2024-03-13T07:05:17.589+0000] {dagbag.py:540} INFO - Filling up the DagBag from /home/airflow/.local/lib/python3.8/site-packages/airflow/example_dags/example_branch_operator_decorator.py
[2024-03-13T07:05:17.605+0000] {processor.py:840} INFO - DAG(s) 'example_branch_python_operator_decorator' retrieved from /home/airflow/.local/lib/python3.8/site-packages/airflow/example_dags/example_branch_operator_decorator.py
[2024-03-13T07:05:17.626+0000] {logging_mixin.py:188} INFO - [2024-03-13T07:05:17.626+0000] {dag.py:3047} INFO - Sync 1 DAGs
[2024-03-13T07:05:17.642+0000] {logging_mixin.py:188} INFO - [2024-03-13T07:05:17.642+0000] {dag.py:3834} INFO - Setting next_dagrun for example_branch_python_operator_decorator to 2024-03-12 00:00:00+00:00, run_after=2024-03-13 00:00:00+00:00
[2024-03-13T07:05:17.658+0000] {processor.py:183} INFO - Processing /home/airflow/.local/lib/python3.8/site-packages/airflow/example_dags/example_branch_operator_decorator.py took 0.074 seconds
[2024-03-13T07:05:47.756+0000] {processor.py:161} INFO - Started process (PID=470) to work on /home/airflow/.local/lib/python3.8/site-packages/airflow/example_dags/example_branch_operator_decorator.py
[2024-03-13T07:05:47.757+0000] {processor.py:830} INFO - Processing file /home/airflow/.local/lib/python3.8/site-packages/airflow/example_dags/example_branch_operator_decorator.py for tasks to queue
[2024-03-13T07:05:47.758+0000] {logging_mixin.py:188} INFO - [2024-03-13T07:05:47.758+0000] {dagbag.py:540} INFO - Filling up the DagBag from /home/airflow/.local/lib/python3.8/site-packages/airflow/example_dags/example_branch_operator_decorator.py
[2024-03-13T07:05:47.774+0000] {processor.py:840} INFO - DAG(s) 'example_branch_python_operator_decorator' retrieved from /home/airflow/.local/lib/python3.8/site-packages/airflow/example_dags/example_branch_operator_decorator.py
[2024-03-13T07:05:47.793+0000] {logging_mixin.py:188} INFO - [2024-03-13T07:05:47.793+0000] {dag.py:3047} INFO - Sync 1 DAGs
[2024-03-13T07:05:47.810+0000] {logging_mixin.py:188} INFO - [2024-03-13T07:05:47.810+0000] {dag.py:3834} INFO - Setting next_dagrun for example_branch_python_operator_decorator to 2024-03-12 00:00:00+00:00, run_after=2024-03-13 00:00:00+00:00
[2024-03-13T07:05:47.826+0000] {processor.py:183} INFO - Processing /home/airflow/.local/lib/python3.8/site-packages/airflow/example_dags/example_branch_operator_decorator.py took 0.073 seconds
[2024-03-13T07:06:18.251+0000] {processor.py:161} INFO - Started process (PID=526) to work on /home/airflow/.local/lib/python3.8/site-packages/airflow/example_dags/example_branch_operator_decorator.py
[2024-03-13T07:06:18.251+0000] {processor.py:830} INFO - Processing file /home/airflow/.local/lib/python3.8/site-packages/airflow/example_dags/example_branch_operator_decorator.py for tasks to queue
[2024-03-13T07:06:18.253+0000] {logging_mixin.py:188} INFO - [2024-03-13T07:06:18.253+0000] {dagbag.py:540} INFO - Filling up the DagBag from /home/airflow/.local/lib/python3.8/site-packages/airflow/example_dags/example_branch_operator_decorator.py
[2024-03-13T07:06:18.269+0000] {processor.py:840} INFO - DAG(s) 'example_branch_python_operator_decorator' retrieved from /home/airflow/.local/lib/python3.8/site-packages/airflow/example_dags/example_branch_operator_decorator.py
[2024-03-13T07:06:18.289+0000] {logging_mixin.py:188} INFO - [2024-03-13T07:06:18.289+0000] {dag.py:3047} INFO - Sync 1 DAGs
[2024-03-13T07:06:18.304+0000] {logging_mixin.py:188} INFO - [2024-03-13T07:06:18.304+0000] {dag.py:3834} INFO - Setting next_dagrun for example_branch_python_operator_decorator to 2024-03-12 00:00:00+00:00, run_after=2024-03-13 00:00:00+00:00
[2024-03-13T07:06:18.319+0000] {processor.py:183} INFO - Processing /home/airflow/.local/lib/python3.8/site-packages/airflow/example_dags/example_branch_operator_decorator.py took 0.071 seconds
[2024-03-13T07:06:48.662+0000] {processor.py:161} INFO - Started process (PID=582) to work on /home/airflow/.local/lib/python3.8/site-packages/airflow/example_dags/example_branch_operator_decorator.py
[2024-03-13T07:06:48.663+0000] {processor.py:830} INFO - Processing file /home/airflow/.local/lib/python3.8/site-packages/airflow/example_dags/example_branch_operator_decorator.py for tasks to queue
[2024-03-13T07:06:48.665+0000] {logging_mixin.py:188} INFO - [2024-03-13T07:06:48.665+0000] {dagbag.py:540} INFO - Filling up the DagBag from /home/airflow/.local/lib/python3.8/site-packages/airflow/example_dags/example_branch_operator_decorator.py
[2024-03-13T07:06:48.681+0000] {processor.py:840} INFO - DAG(s) 'example_branch_python_operator_decorator' retrieved from /home/airflow/.local/lib/python3.8/site-packages/airflow/example_dags/example_branch_operator_decorator.py
[2024-03-13T07:06:48.702+0000] {logging_mixin.py:188} INFO - [2024-03-13T07:06:48.702+0000] {dag.py:3047} INFO - Sync 1 DAGs
[2024-03-13T07:06:48.719+0000] {logging_mixin.py:188} INFO - [2024-03-13T07:06:48.719+0000] {dag.py:3834} INFO - Setting next_dagrun for example_branch_python_operator_decorator to 2024-03-12 00:00:00+00:00, run_after=2024-03-13 00:00:00+00:00
[2024-03-13T07:06:48.733+0000] {processor.py:183} INFO - Processing /home/airflow/.local/lib/python3.8/site-packages/airflow/example_dags/example_branch_operator_decorator.py took 0.073 seconds
[2024-03-13T07:09:30.861+0000] {processor.py:161} INFO - Started process (PID=78) to work on /home/airflow/.local/lib/python3.8/site-packages/airflow/example_dags/example_branch_operator_decorator.py
[2024-03-13T07:09:30.862+0000] {processor.py:830} INFO - Processing file /home/airflow/.local/lib/python3.8/site-packages/airflow/example_dags/example_branch_operator_decorator.py for tasks to queue
[2024-03-13T07:09:30.863+0000] {logging_mixin.py:188} INFO - [2024-03-13T07:09:30.863+0000] {dagbag.py:540} INFO - Filling up the DagBag from /home/airflow/.local/lib/python3.8/site-packages/airflow/example_dags/example_branch_operator_decorator.py
[2024-03-13T07:09:30.882+0000] {processor.py:840} INFO - DAG(s) 'example_branch_python_operator_decorator' retrieved from /home/airflow/.local/lib/python3.8/site-packages/airflow/example_dags/example_branch_operator_decorator.py
[2024-03-13T07:09:30.893+0000] {logging_mixin.py:188} INFO - [2024-03-13T07:09:30.893+0000] {dag.py:3047} INFO - Sync 1 DAGs
[2024-03-13T07:09:30.914+0000] {logging_mixin.py:188} INFO - [2024-03-13T07:09:30.914+0000] {dag.py:3834} INFO - Setting next_dagrun for example_branch_python_operator_decorator to 2024-03-12 00:00:00+00:00, run_after=2024-03-13 00:00:00+00:00
[2024-03-13T07:09:30.932+0000] {processor.py:183} INFO - Processing /home/airflow/.local/lib/python3.8/site-packages/airflow/example_dags/example_branch_operator_decorator.py took 0.074 seconds
[2024-03-13T07:10:02.323+0000] {processor.py:161} INFO - Started process (PID=134) to work on /home/airflow/.local/lib/python3.8/site-packages/airflow/example_dags/example_branch_operator_decorator.py
[2024-03-13T07:10:02.324+0000] {processor.py:830} INFO - Processing file /home/airflow/.local/lib/python3.8/site-packages/airflow/example_dags/example_branch_operator_decorator.py for tasks to queue
[2024-03-13T07:10:02.326+0000] {logging_mixin.py:188} INFO - [2024-03-13T07:10:02.326+0000] {dagbag.py:540} INFO - Filling up the DagBag from /home/airflow/.local/lib/python3.8/site-packages/airflow/example_dags/example_branch_operator_decorator.py
[2024-03-13T07:10:02.342+0000] {processor.py:840} INFO - DAG(s) 'example_branch_python_operator_decorator' retrieved from /home/airflow/.local/lib/python3.8/site-packages/airflow/example_dags/example_branch_operator_decorator.py
[2024-03-13T07:10:02.416+0000] {logging_mixin.py:188} INFO - [2024-03-13T07:10:02.416+0000] {dag.py:3047} INFO - Sync 1 DAGs
[2024-03-13T07:10:02.431+0000] {logging_mixin.py:188} INFO - [2024-03-13T07:10:02.431+0000] {dag.py:3834} INFO - Setting next_dagrun for example_branch_python_operator_decorator to 2024-03-12 00:00:00+00:00, run_after=2024-03-13 00:00:00+00:00
[2024-03-13T07:10:02.448+0000] {processor.py:183} INFO - Processing /home/airflow/.local/lib/python3.8/site-packages/airflow/example_dags/example_branch_operator_decorator.py took 0.127 seconds
[2024-03-13T07:10:33.169+0000] {processor.py:161} INFO - Started process (PID=190) to work on /home/airflow/.local/lib/python3.8/site-packages/airflow/example_dags/example_branch_operator_decorator.py
[2024-03-13T07:10:33.170+0000] {processor.py:830} INFO - Processing file /home/airflow/.local/lib/python3.8/site-packages/airflow/example_dags/example_branch_operator_decorator.py for tasks to queue
[2024-03-13T07:10:33.172+0000] {logging_mixin.py:188} INFO - [2024-03-13T07:10:33.171+0000] {dagbag.py:540} INFO - Filling up the DagBag from /home/airflow/.local/lib/python3.8/site-packages/airflow/example_dags/example_branch_operator_decorator.py
[2024-03-13T07:10:33.189+0000] {processor.py:840} INFO - DAG(s) 'example_branch_python_operator_decorator' retrieved from /home/airflow/.local/lib/python3.8/site-packages/airflow/example_dags/example_branch_operator_decorator.py
[2024-03-13T07:10:33.211+0000] {logging_mixin.py:188} INFO - [2024-03-13T07:10:33.211+0000] {dag.py:3047} INFO - Sync 1 DAGs
[2024-03-13T07:10:33.228+0000] {logging_mixin.py:188} INFO - [2024-03-13T07:10:33.228+0000] {dag.py:3834} INFO - Setting next_dagrun for example_branch_python_operator_decorator to 2024-03-12 00:00:00+00:00, run_after=2024-03-13 00:00:00+00:00
[2024-03-13T07:10:33.245+0000] {processor.py:183} INFO - Processing /home/airflow/.local/lib/python3.8/site-packages/airflow/example_dags/example_branch_operator_decorator.py took 0.078 seconds
[2024-03-13T07:11:03.525+0000] {processor.py:161} INFO - Started process (PID=246) to work on /home/airflow/.local/lib/python3.8/site-packages/airflow/example_dags/example_branch_operator_decorator.py
[2024-03-13T07:11:03.526+0000] {processor.py:830} INFO - Processing file /home/airflow/.local/lib/python3.8/site-packages/airflow/example_dags/example_branch_operator_decorator.py for tasks to queue
[2024-03-13T07:11:03.527+0000] {logging_mixin.py:188} INFO - [2024-03-13T07:11:03.527+0000] {dagbag.py:540} INFO - Filling up the DagBag from /home/airflow/.local/lib/python3.8/site-packages/airflow/example_dags/example_branch_operator_decorator.py
[2024-03-13T07:11:03.543+0000] {processor.py:840} INFO - DAG(s) 'example_branch_python_operator_decorator' retrieved from /home/airflow/.local/lib/python3.8/site-packages/airflow/example_dags/example_branch_operator_decorator.py
[2024-03-13T07:11:03.564+0000] {logging_mixin.py:188} INFO - [2024-03-13T07:11:03.563+0000] {dag.py:3047} INFO - Sync 1 DAGs
[2024-03-13T07:11:03.580+0000] {logging_mixin.py:188} INFO - [2024-03-13T07:11:03.580+0000] {dag.py:3834} INFO - Setting next_dagrun for example_branch_python_operator_decorator to 2024-03-12 00:00:00+00:00, run_after=2024-03-13 00:00:00+00:00
[2024-03-13T07:11:03.596+0000] {processor.py:183} INFO - Processing /home/airflow/.local/lib/python3.8/site-packages/airflow/example_dags/example_branch_operator_decorator.py took 0.073 seconds
[2024-03-13T07:11:33.939+0000] {processor.py:161} INFO - Started process (PID=303) to work on /home/airflow/.local/lib/python3.8/site-packages/airflow/example_dags/example_branch_operator_decorator.py
[2024-03-13T07:11:33.940+0000] {processor.py:830} INFO - Processing file /home/airflow/.local/lib/python3.8/site-packages/airflow/example_dags/example_branch_operator_decorator.py for tasks to queue
[2024-03-13T07:11:33.941+0000] {logging_mixin.py:188} INFO - [2024-03-13T07:11:33.941+0000] {dagbag.py:540} INFO - Filling up the DagBag from /home/airflow/.local/lib/python3.8/site-packages/airflow/example_dags/example_branch_operator_decorator.py
[2024-03-13T07:11:33.957+0000] {processor.py:840} INFO - DAG(s) 'example_branch_python_operator_decorator' retrieved from /home/airflow/.local/lib/python3.8/site-packages/airflow/example_dags/example_branch_operator_decorator.py
[2024-03-13T07:11:33.980+0000] {logging_mixin.py:188} INFO - [2024-03-13T07:11:33.980+0000] {dag.py:3047} INFO - Sync 1 DAGs
[2024-03-13T07:11:33.998+0000] {logging_mixin.py:188} INFO - [2024-03-13T07:11:33.998+0000] {dag.py:3834} INFO - Setting next_dagrun for example_branch_python_operator_decorator to 2024-03-12 00:00:00+00:00, run_after=2024-03-13 00:00:00+00:00
[2024-03-13T07:11:34.016+0000] {processor.py:183} INFO - Processing /home/airflow/.local/lib/python3.8/site-packages/airflow/example_dags/example_branch_operator_decorator.py took 0.079 seconds
