[2024-03-13T06:40:20.097+0000] {processor.py:161} INFO - Started process (PID=448) to work on /home/airflow/.local/lib/python3.8/site-packages/airflow/example_dags/tutorial.py
[2024-03-13T06:40:20.098+0000] {processor.py:830} INFO - Processing file /home/airflow/.local/lib/python3.8/site-packages/airflow/example_dags/tutorial.py for tasks to queue
[2024-03-13T06:40:20.099+0000] {logging_mixin.py:188} INFO - [2024-03-13T06:40:20.099+0000] {dagbag.py:540} INFO - Filling up the DagBag from /home/airflow/.local/lib/python3.8/site-packages/airflow/example_dags/tutorial.py
[2024-03-13T06:40:20.105+0000] {processor.py:840} INFO - DAG(s) 'tutorial' retrieved from /home/airflow/.local/lib/python3.8/site-packages/airflow/example_dags/tutorial.py
[2024-03-13T06:40:20.122+0000] {logging_mixin.py:188} INFO - [2024-03-13T06:40:20.122+0000] {dag.py:3047} INFO - Sync 1 DAGs
[2024-03-13T06:40:20.140+0000] {logging_mixin.py:188} INFO - [2024-03-13T06:40:20.140+0000] {dag.py:3834} INFO - Setting next_dagrun for tutorial to 2024-03-12 00:00:00+00:00, run_after=2024-03-13 00:00:00+00:00
[2024-03-13T06:40:20.156+0000] {processor.py:183} INFO - Processing /home/airflow/.local/lib/python3.8/site-packages/airflow/example_dags/tutorial.py took 0.061 seconds
[2024-03-13T06:40:50.459+0000] {processor.py:161} INFO - Started process (PID=504) to work on /home/airflow/.local/lib/python3.8/site-packages/airflow/example_dags/tutorial.py
[2024-03-13T06:40:50.460+0000] {processor.py:830} INFO - Processing file /home/airflow/.local/lib/python3.8/site-packages/airflow/example_dags/tutorial.py for tasks to queue
[2024-03-13T06:40:50.461+0000] {logging_mixin.py:188} INFO - [2024-03-13T06:40:50.461+0000] {dagbag.py:540} INFO - Filling up the DagBag from /home/airflow/.local/lib/python3.8/site-packages/airflow/example_dags/tutorial.py
[2024-03-13T06:40:50.466+0000] {processor.py:840} INFO - DAG(s) 'tutorial' retrieved from /home/airflow/.local/lib/python3.8/site-packages/airflow/example_dags/tutorial.py
[2024-03-13T06:40:50.480+0000] {logging_mixin.py:188} INFO - [2024-03-13T06:40:50.480+0000] {dag.py:3047} INFO - Sync 1 DAGs
[2024-03-13T06:40:50.497+0000] {logging_mixin.py:188} INFO - [2024-03-13T06:40:50.496+0000] {dag.py:3834} INFO - Setting next_dagrun for tutorial to 2024-03-12 00:00:00+00:00, run_after=2024-03-13 00:00:00+00:00
[2024-03-13T06:40:50.513+0000] {processor.py:183} INFO - Processing /home/airflow/.local/lib/python3.8/site-packages/airflow/example_dags/tutorial.py took 0.056 seconds
[2024-03-13T06:41:21.056+0000] {processor.py:161} INFO - Started process (PID=560) to work on /home/airflow/.local/lib/python3.8/site-packages/airflow/example_dags/tutorial.py
[2024-03-13T06:41:21.057+0000] {processor.py:830} INFO - Processing file /home/airflow/.local/lib/python3.8/site-packages/airflow/example_dags/tutorial.py for tasks to queue
[2024-03-13T06:41:21.058+0000] {logging_mixin.py:188} INFO - [2024-03-13T06:41:21.058+0000] {dagbag.py:540} INFO - Filling up the DagBag from /home/airflow/.local/lib/python3.8/site-packages/airflow/example_dags/tutorial.py
[2024-03-13T06:41:21.063+0000] {processor.py:840} INFO - DAG(s) 'tutorial' retrieved from /home/airflow/.local/lib/python3.8/site-packages/airflow/example_dags/tutorial.py
[2024-03-13T06:41:21.078+0000] {logging_mixin.py:188} INFO - [2024-03-13T06:41:21.078+0000] {dag.py:3047} INFO - Sync 1 DAGs
[2024-03-13T06:41:21.096+0000] {logging_mixin.py:188} INFO - [2024-03-13T06:41:21.096+0000] {dag.py:3834} INFO - Setting next_dagrun for tutorial to 2024-03-12 00:00:00+00:00, run_after=2024-03-13 00:00:00+00:00
[2024-03-13T06:41:21.114+0000] {processor.py:183} INFO - Processing /home/airflow/.local/lib/python3.8/site-packages/airflow/example_dags/tutorial.py took 0.060 seconds
[2024-03-13T06:41:51.685+0000] {processor.py:161} INFO - Started process (PID=616) to work on /home/airflow/.local/lib/python3.8/site-packages/airflow/example_dags/tutorial.py
[2024-03-13T06:41:51.686+0000] {processor.py:830} INFO - Processing file /home/airflow/.local/lib/python3.8/site-packages/airflow/example_dags/tutorial.py for tasks to queue
[2024-03-13T06:41:51.687+0000] {logging_mixin.py:188} INFO - [2024-03-13T06:41:51.687+0000] {dagbag.py:540} INFO - Filling up the DagBag from /home/airflow/.local/lib/python3.8/site-packages/airflow/example_dags/tutorial.py
[2024-03-13T06:41:51.692+0000] {processor.py:840} INFO - DAG(s) 'tutorial' retrieved from /home/airflow/.local/lib/python3.8/site-packages/airflow/example_dags/tutorial.py
[2024-03-13T06:41:51.708+0000] {logging_mixin.py:188} INFO - [2024-03-13T06:41:51.708+0000] {dag.py:3047} INFO - Sync 1 DAGs
[2024-03-13T06:41:51.725+0000] {logging_mixin.py:188} INFO - [2024-03-13T06:41:51.724+0000] {dag.py:3834} INFO - Setting next_dagrun for tutorial to 2024-03-12 00:00:00+00:00, run_after=2024-03-13 00:00:00+00:00
[2024-03-13T06:41:51.742+0000] {processor.py:183} INFO - Processing /home/airflow/.local/lib/python3.8/site-packages/airflow/example_dags/tutorial.py took 0.061 seconds
[2024-03-13T06:42:21.942+0000] {processor.py:161} INFO - Started process (PID=672) to work on /home/airflow/.local/lib/python3.8/site-packages/airflow/example_dags/tutorial.py
[2024-03-13T06:42:21.943+0000] {processor.py:830} INFO - Processing file /home/airflow/.local/lib/python3.8/site-packages/airflow/example_dags/tutorial.py for tasks to queue
[2024-03-13T06:42:21.944+0000] {logging_mixin.py:188} INFO - [2024-03-13T06:42:21.944+0000] {dagbag.py:540} INFO - Filling up the DagBag from /home/airflow/.local/lib/python3.8/site-packages/airflow/example_dags/tutorial.py
[2024-03-13T06:42:21.949+0000] {processor.py:840} INFO - DAG(s) 'tutorial' retrieved from /home/airflow/.local/lib/python3.8/site-packages/airflow/example_dags/tutorial.py
[2024-03-13T06:42:21.964+0000] {logging_mixin.py:188} INFO - [2024-03-13T06:42:21.964+0000] {dag.py:3047} INFO - Sync 1 DAGs
[2024-03-13T06:42:21.982+0000] {logging_mixin.py:188} INFO - [2024-03-13T06:42:21.982+0000] {dag.py:3834} INFO - Setting next_dagrun for tutorial to 2024-03-12 00:00:00+00:00, run_after=2024-03-13 00:00:00+00:00
[2024-03-13T06:42:22.000+0000] {processor.py:183} INFO - Processing /home/airflow/.local/lib/python3.8/site-packages/airflow/example_dags/tutorial.py took 0.061 seconds
[2024-03-13T06:42:52.193+0000] {processor.py:161} INFO - Started process (PID=728) to work on /home/airflow/.local/lib/python3.8/site-packages/airflow/example_dags/tutorial.py
[2024-03-13T06:42:52.194+0000] {processor.py:830} INFO - Processing file /home/airflow/.local/lib/python3.8/site-packages/airflow/example_dags/tutorial.py for tasks to queue
[2024-03-13T06:42:52.195+0000] {logging_mixin.py:188} INFO - [2024-03-13T06:42:52.195+0000] {dagbag.py:540} INFO - Filling up the DagBag from /home/airflow/.local/lib/python3.8/site-packages/airflow/example_dags/tutorial.py
[2024-03-13T06:42:52.199+0000] {processor.py:840} INFO - DAG(s) 'tutorial' retrieved from /home/airflow/.local/lib/python3.8/site-packages/airflow/example_dags/tutorial.py
[2024-03-13T06:42:52.218+0000] {logging_mixin.py:188} INFO - [2024-03-13T06:42:52.217+0000] {dag.py:3047} INFO - Sync 1 DAGs
[2024-03-13T06:42:52.240+0000] {logging_mixin.py:188} INFO - [2024-03-13T06:42:52.239+0000] {dag.py:3834} INFO - Setting next_dagrun for tutorial to 2024-03-12 00:00:00+00:00, run_after=2024-03-13 00:00:00+00:00
[2024-03-13T06:42:52.257+0000] {processor.py:183} INFO - Processing /home/airflow/.local/lib/python3.8/site-packages/airflow/example_dags/tutorial.py took 0.066 seconds
[2024-03-13T06:43:22.604+0000] {processor.py:161} INFO - Started process (PID=784) to work on /home/airflow/.local/lib/python3.8/site-packages/airflow/example_dags/tutorial.py
[2024-03-13T06:43:22.605+0000] {processor.py:830} INFO - Processing file /home/airflow/.local/lib/python3.8/site-packages/airflow/example_dags/tutorial.py for tasks to queue
[2024-03-13T06:43:22.606+0000] {logging_mixin.py:188} INFO - [2024-03-13T06:43:22.606+0000] {dagbag.py:540} INFO - Filling up the DagBag from /home/airflow/.local/lib/python3.8/site-packages/airflow/example_dags/tutorial.py
[2024-03-13T06:43:22.610+0000] {processor.py:840} INFO - DAG(s) 'tutorial' retrieved from /home/airflow/.local/lib/python3.8/site-packages/airflow/example_dags/tutorial.py
[2024-03-13T06:43:22.627+0000] {logging_mixin.py:188} INFO - [2024-03-13T06:43:22.627+0000] {dag.py:3047} INFO - Sync 1 DAGs
[2024-03-13T06:43:22.644+0000] {logging_mixin.py:188} INFO - [2024-03-13T06:43:22.644+0000] {dag.py:3834} INFO - Setting next_dagrun for tutorial to 2024-03-12 00:00:00+00:00, run_after=2024-03-13 00:00:00+00:00
[2024-03-13T06:43:22.661+0000] {processor.py:183} INFO - Processing /home/airflow/.local/lib/python3.8/site-packages/airflow/example_dags/tutorial.py took 0.059 seconds
[2024-03-13T06:43:53.219+0000] {processor.py:161} INFO - Started process (PID=840) to work on /home/airflow/.local/lib/python3.8/site-packages/airflow/example_dags/tutorial.py
[2024-03-13T06:43:53.220+0000] {processor.py:830} INFO - Processing file /home/airflow/.local/lib/python3.8/site-packages/airflow/example_dags/tutorial.py for tasks to queue
[2024-03-13T06:43:53.221+0000] {logging_mixin.py:188} INFO - [2024-03-13T06:43:53.221+0000] {dagbag.py:540} INFO - Filling up the DagBag from /home/airflow/.local/lib/python3.8/site-packages/airflow/example_dags/tutorial.py
[2024-03-13T06:43:53.226+0000] {processor.py:840} INFO - DAG(s) 'tutorial' retrieved from /home/airflow/.local/lib/python3.8/site-packages/airflow/example_dags/tutorial.py
[2024-03-13T06:43:53.240+0000] {logging_mixin.py:188} INFO - [2024-03-13T06:43:53.240+0000] {dag.py:3047} INFO - Sync 1 DAGs
[2024-03-13T06:43:53.256+0000] {logging_mixin.py:188} INFO - [2024-03-13T06:43:53.255+0000] {dag.py:3834} INFO - Setting next_dagrun for tutorial to 2024-03-12 00:00:00+00:00, run_after=2024-03-13 00:00:00+00:00
[2024-03-13T06:43:53.271+0000] {processor.py:183} INFO - Processing /home/airflow/.local/lib/python3.8/site-packages/airflow/example_dags/tutorial.py took 0.054 seconds
[2024-03-13T06:44:23.368+0000] {processor.py:161} INFO - Started process (PID=896) to work on /home/airflow/.local/lib/python3.8/site-packages/airflow/example_dags/tutorial.py
[2024-03-13T06:44:23.369+0000] {processor.py:830} INFO - Processing file /home/airflow/.local/lib/python3.8/site-packages/airflow/example_dags/tutorial.py for tasks to queue
[2024-03-13T06:44:23.370+0000] {logging_mixin.py:188} INFO - [2024-03-13T06:44:23.369+0000] {dagbag.py:540} INFO - Filling up the DagBag from /home/airflow/.local/lib/python3.8/site-packages/airflow/example_dags/tutorial.py
[2024-03-13T06:44:23.375+0000] {processor.py:840} INFO - DAG(s) 'tutorial' retrieved from /home/airflow/.local/lib/python3.8/site-packages/airflow/example_dags/tutorial.py
[2024-03-13T06:44:23.389+0000] {logging_mixin.py:188} INFO - [2024-03-13T06:44:23.389+0000] {dag.py:3047} INFO - Sync 1 DAGs
[2024-03-13T06:44:23.405+0000] {logging_mixin.py:188} INFO - [2024-03-13T06:44:23.405+0000] {dag.py:3834} INFO - Setting next_dagrun for tutorial to 2024-03-12 00:00:00+00:00, run_after=2024-03-13 00:00:00+00:00
[2024-03-13T06:44:23.420+0000] {processor.py:183} INFO - Processing /home/airflow/.local/lib/python3.8/site-packages/airflow/example_dags/tutorial.py took 0.055 seconds
[2024-03-13T06:44:53.829+0000] {processor.py:161} INFO - Started process (PID=952) to work on /home/airflow/.local/lib/python3.8/site-packages/airflow/example_dags/tutorial.py
[2024-03-13T06:44:53.830+0000] {processor.py:830} INFO - Processing file /home/airflow/.local/lib/python3.8/site-packages/airflow/example_dags/tutorial.py for tasks to queue
[2024-03-13T06:44:53.831+0000] {logging_mixin.py:188} INFO - [2024-03-13T06:44:53.831+0000] {dagbag.py:540} INFO - Filling up the DagBag from /home/airflow/.local/lib/python3.8/site-packages/airflow/example_dags/tutorial.py
[2024-03-13T06:44:53.839+0000] {processor.py:840} INFO - DAG(s) 'tutorial' retrieved from /home/airflow/.local/lib/python3.8/site-packages/airflow/example_dags/tutorial.py
[2024-03-13T06:44:53.863+0000] {logging_mixin.py:188} INFO - [2024-03-13T06:44:53.863+0000] {dag.py:3047} INFO - Sync 1 DAGs
[2024-03-13T06:44:53.891+0000] {logging_mixin.py:188} INFO - [2024-03-13T06:44:53.891+0000] {dag.py:3834} INFO - Setting next_dagrun for tutorial to 2024-03-12 00:00:00+00:00, run_after=2024-03-13 00:00:00+00:00
[2024-03-13T06:44:53.923+0000] {processor.py:183} INFO - Processing /home/airflow/.local/lib/python3.8/site-packages/airflow/example_dags/tutorial.py took 0.098 seconds
[2024-03-13T06:45:24.024+0000] {processor.py:161} INFO - Started process (PID=1009) to work on /home/airflow/.local/lib/python3.8/site-packages/airflow/example_dags/tutorial.py
[2024-03-13T06:45:24.027+0000] {processor.py:830} INFO - Processing file /home/airflow/.local/lib/python3.8/site-packages/airflow/example_dags/tutorial.py for tasks to queue
[2024-03-13T06:45:24.027+0000] {logging_mixin.py:188} INFO - [2024-03-13T06:45:24.027+0000] {dagbag.py:540} INFO - Filling up the DagBag from /home/airflow/.local/lib/python3.8/site-packages/airflow/example_dags/tutorial.py
[2024-03-13T06:45:24.034+0000] {processor.py:840} INFO - DAG(s) 'tutorial' retrieved from /home/airflow/.local/lib/python3.8/site-packages/airflow/example_dags/tutorial.py
[2024-03-13T06:45:24.051+0000] {logging_mixin.py:188} INFO - [2024-03-13T06:45:24.051+0000] {dag.py:3047} INFO - Sync 1 DAGs
[2024-03-13T06:45:24.069+0000] {logging_mixin.py:188} INFO - [2024-03-13T06:45:24.069+0000] {dag.py:3834} INFO - Setting next_dagrun for tutorial to 2024-03-12 00:00:00+00:00, run_after=2024-03-13 00:00:00+00:00
[2024-03-13T06:45:24.089+0000] {processor.py:183} INFO - Processing /home/airflow/.local/lib/python3.8/site-packages/airflow/example_dags/tutorial.py took 0.068 seconds
[2024-03-13T06:45:54.397+0000] {processor.py:161} INFO - Started process (PID=1065) to work on /home/airflow/.local/lib/python3.8/site-packages/airflow/example_dags/tutorial.py
[2024-03-13T06:45:54.398+0000] {processor.py:830} INFO - Processing file /home/airflow/.local/lib/python3.8/site-packages/airflow/example_dags/tutorial.py for tasks to queue
[2024-03-13T06:45:54.399+0000] {logging_mixin.py:188} INFO - [2024-03-13T06:45:54.399+0000] {dagbag.py:540} INFO - Filling up the DagBag from /home/airflow/.local/lib/python3.8/site-packages/airflow/example_dags/tutorial.py
[2024-03-13T06:45:54.405+0000] {processor.py:840} INFO - DAG(s) 'tutorial' retrieved from /home/airflow/.local/lib/python3.8/site-packages/airflow/example_dags/tutorial.py
[2024-03-13T06:45:54.421+0000] {logging_mixin.py:188} INFO - [2024-03-13T06:45:54.420+0000] {dag.py:3047} INFO - Sync 1 DAGs
[2024-03-13T06:45:54.439+0000] {logging_mixin.py:188} INFO - [2024-03-13T06:45:54.439+0000] {dag.py:3834} INFO - Setting next_dagrun for tutorial to 2024-03-12 00:00:00+00:00, run_after=2024-03-13 00:00:00+00:00
[2024-03-13T06:45:54.455+0000] {processor.py:183} INFO - Processing /home/airflow/.local/lib/python3.8/site-packages/airflow/example_dags/tutorial.py took 0.060 seconds
[2024-03-13T06:46:25.034+0000] {processor.py:161} INFO - Started process (PID=1121) to work on /home/airflow/.local/lib/python3.8/site-packages/airflow/example_dags/tutorial.py
[2024-03-13T06:46:25.035+0000] {processor.py:830} INFO - Processing file /home/airflow/.local/lib/python3.8/site-packages/airflow/example_dags/tutorial.py for tasks to queue
[2024-03-13T06:46:25.036+0000] {logging_mixin.py:188} INFO - [2024-03-13T06:46:25.035+0000] {dagbag.py:540} INFO - Filling up the DagBag from /home/airflow/.local/lib/python3.8/site-packages/airflow/example_dags/tutorial.py
[2024-03-13T06:46:25.042+0000] {processor.py:840} INFO - DAG(s) 'tutorial' retrieved from /home/airflow/.local/lib/python3.8/site-packages/airflow/example_dags/tutorial.py
[2024-03-13T06:46:25.060+0000] {logging_mixin.py:188} INFO - [2024-03-13T06:46:25.059+0000] {dag.py:3047} INFO - Sync 1 DAGs
[2024-03-13T06:46:25.077+0000] {logging_mixin.py:188} INFO - [2024-03-13T06:46:25.077+0000] {dag.py:3834} INFO - Setting next_dagrun for tutorial to 2024-03-12 00:00:00+00:00, run_after=2024-03-13 00:00:00+00:00
[2024-03-13T06:46:25.096+0000] {processor.py:183} INFO - Processing /home/airflow/.local/lib/python3.8/site-packages/airflow/example_dags/tutorial.py took 0.065 seconds
[2024-03-13T06:46:55.389+0000] {processor.py:161} INFO - Started process (PID=1184) to work on /home/airflow/.local/lib/python3.8/site-packages/airflow/example_dags/tutorial.py
[2024-03-13T06:46:55.390+0000] {processor.py:830} INFO - Processing file /home/airflow/.local/lib/python3.8/site-packages/airflow/example_dags/tutorial.py for tasks to queue
[2024-03-13T06:46:55.391+0000] {logging_mixin.py:188} INFO - [2024-03-13T06:46:55.390+0000] {dagbag.py:540} INFO - Filling up the DagBag from /home/airflow/.local/lib/python3.8/site-packages/airflow/example_dags/tutorial.py
[2024-03-13T06:46:55.396+0000] {processor.py:840} INFO - DAG(s) 'tutorial' retrieved from /home/airflow/.local/lib/python3.8/site-packages/airflow/example_dags/tutorial.py
[2024-03-13T06:46:55.412+0000] {logging_mixin.py:188} INFO - [2024-03-13T06:46:55.412+0000] {dag.py:3047} INFO - Sync 1 DAGs
[2024-03-13T06:46:55.430+0000] {logging_mixin.py:188} INFO - [2024-03-13T06:46:55.430+0000] {dag.py:3834} INFO - Setting next_dagrun for tutorial to 2024-03-12 00:00:00+00:00, run_after=2024-03-13 00:00:00+00:00
[2024-03-13T06:46:55.448+0000] {processor.py:183} INFO - Processing /home/airflow/.local/lib/python3.8/site-packages/airflow/example_dags/tutorial.py took 0.061 seconds
[2024-03-13T06:47:25.960+0000] {processor.py:161} INFO - Started process (PID=1240) to work on /home/airflow/.local/lib/python3.8/site-packages/airflow/example_dags/tutorial.py
[2024-03-13T06:47:25.961+0000] {processor.py:830} INFO - Processing file /home/airflow/.local/lib/python3.8/site-packages/airflow/example_dags/tutorial.py for tasks to queue
[2024-03-13T06:47:25.963+0000] {logging_mixin.py:188} INFO - [2024-03-13T06:47:25.962+0000] {dagbag.py:540} INFO - Filling up the DagBag from /home/airflow/.local/lib/python3.8/site-packages/airflow/example_dags/tutorial.py
[2024-03-13T06:47:25.969+0000] {processor.py:840} INFO - DAG(s) 'tutorial' retrieved from /home/airflow/.local/lib/python3.8/site-packages/airflow/example_dags/tutorial.py
[2024-03-13T06:47:25.992+0000] {logging_mixin.py:188} INFO - [2024-03-13T06:47:25.991+0000] {dag.py:3047} INFO - Sync 1 DAGs
[2024-03-13T06:47:26.018+0000] {logging_mixin.py:188} INFO - [2024-03-13T06:47:26.018+0000] {dag.py:3834} INFO - Setting next_dagrun for tutorial to 2024-03-12 00:00:00+00:00, run_after=2024-03-13 00:00:00+00:00
[2024-03-13T06:47:26.045+0000] {processor.py:183} INFO - Processing /home/airflow/.local/lib/python3.8/site-packages/airflow/example_dags/tutorial.py took 0.089 seconds
[2024-03-13T06:47:56.866+0000] {processor.py:161} INFO - Started process (PID=1296) to work on /home/airflow/.local/lib/python3.8/site-packages/airflow/example_dags/tutorial.py
[2024-03-13T06:47:56.866+0000] {processor.py:830} INFO - Processing file /home/airflow/.local/lib/python3.8/site-packages/airflow/example_dags/tutorial.py for tasks to queue
[2024-03-13T06:47:56.868+0000] {logging_mixin.py:188} INFO - [2024-03-13T06:47:56.867+0000] {dagbag.py:540} INFO - Filling up the DagBag from /home/airflow/.local/lib/python3.8/site-packages/airflow/example_dags/tutorial.py
[2024-03-13T06:47:56.874+0000] {processor.py:840} INFO - DAG(s) 'tutorial' retrieved from /home/airflow/.local/lib/python3.8/site-packages/airflow/example_dags/tutorial.py
[2024-03-13T06:47:56.891+0000] {logging_mixin.py:188} INFO - [2024-03-13T06:47:56.890+0000] {dag.py:3047} INFO - Sync 1 DAGs
[2024-03-13T06:47:56.915+0000] {logging_mixin.py:188} INFO - [2024-03-13T06:47:56.915+0000] {dag.py:3834} INFO - Setting next_dagrun for tutorial to 2024-03-12 00:00:00+00:00, run_after=2024-03-13 00:00:00+00:00
[2024-03-13T06:47:56.940+0000] {processor.py:183} INFO - Processing /home/airflow/.local/lib/python3.8/site-packages/airflow/example_dags/tutorial.py took 0.076 seconds
[2024-03-13T06:48:27.278+0000] {processor.py:161} INFO - Started process (PID=1352) to work on /home/airflow/.local/lib/python3.8/site-packages/airflow/example_dags/tutorial.py
[2024-03-13T06:48:27.279+0000] {processor.py:830} INFO - Processing file /home/airflow/.local/lib/python3.8/site-packages/airflow/example_dags/tutorial.py for tasks to queue
[2024-03-13T06:48:27.280+0000] {logging_mixin.py:188} INFO - [2024-03-13T06:48:27.280+0000] {dagbag.py:540} INFO - Filling up the DagBag from /home/airflow/.local/lib/python3.8/site-packages/airflow/example_dags/tutorial.py
[2024-03-13T06:48:27.286+0000] {processor.py:840} INFO - DAG(s) 'tutorial' retrieved from /home/airflow/.local/lib/python3.8/site-packages/airflow/example_dags/tutorial.py
[2024-03-13T06:48:27.303+0000] {logging_mixin.py:188} INFO - [2024-03-13T06:48:27.302+0000] {dag.py:3047} INFO - Sync 1 DAGs
[2024-03-13T06:48:27.320+0000] {logging_mixin.py:188} INFO - [2024-03-13T06:48:27.320+0000] {dag.py:3834} INFO - Setting next_dagrun for tutorial to 2024-03-12 00:00:00+00:00, run_after=2024-03-13 00:00:00+00:00
[2024-03-13T06:48:27.337+0000] {processor.py:183} INFO - Processing /home/airflow/.local/lib/python3.8/site-packages/airflow/example_dags/tutorial.py took 0.061 seconds
[2024-03-13T06:48:57.529+0000] {processor.py:161} INFO - Started process (PID=1410) to work on /home/airflow/.local/lib/python3.8/site-packages/airflow/example_dags/tutorial.py
[2024-03-13T06:48:57.530+0000] {processor.py:830} INFO - Processing file /home/airflow/.local/lib/python3.8/site-packages/airflow/example_dags/tutorial.py for tasks to queue
[2024-03-13T06:48:57.531+0000] {logging_mixin.py:188} INFO - [2024-03-13T06:48:57.531+0000] {dagbag.py:540} INFO - Filling up the DagBag from /home/airflow/.local/lib/python3.8/site-packages/airflow/example_dags/tutorial.py
[2024-03-13T06:48:57.536+0000] {processor.py:840} INFO - DAG(s) 'tutorial' retrieved from /home/airflow/.local/lib/python3.8/site-packages/airflow/example_dags/tutorial.py
[2024-03-13T06:48:57.551+0000] {logging_mixin.py:188} INFO - [2024-03-13T06:48:57.551+0000] {dag.py:3047} INFO - Sync 1 DAGs
[2024-03-13T06:48:57.566+0000] {logging_mixin.py:188} INFO - [2024-03-13T06:48:57.566+0000] {dag.py:3834} INFO - Setting next_dagrun for tutorial to 2024-03-12 00:00:00+00:00, run_after=2024-03-13 00:00:00+00:00
[2024-03-13T06:48:57.583+0000] {processor.py:183} INFO - Processing /home/airflow/.local/lib/python3.8/site-packages/airflow/example_dags/tutorial.py took 0.056 seconds
[2024-03-13T06:49:27.841+0000] {processor.py:161} INFO - Started process (PID=1466) to work on /home/airflow/.local/lib/python3.8/site-packages/airflow/example_dags/tutorial.py
[2024-03-13T06:49:27.842+0000] {processor.py:830} INFO - Processing file /home/airflow/.local/lib/python3.8/site-packages/airflow/example_dags/tutorial.py for tasks to queue
[2024-03-13T06:49:27.843+0000] {logging_mixin.py:188} INFO - [2024-03-13T06:49:27.843+0000] {dagbag.py:540} INFO - Filling up the DagBag from /home/airflow/.local/lib/python3.8/site-packages/airflow/example_dags/tutorial.py
[2024-03-13T06:49:27.848+0000] {processor.py:840} INFO - DAG(s) 'tutorial' retrieved from /home/airflow/.local/lib/python3.8/site-packages/airflow/example_dags/tutorial.py
[2024-03-13T06:49:27.863+0000] {logging_mixin.py:188} INFO - [2024-03-13T06:49:27.863+0000] {dag.py:3047} INFO - Sync 1 DAGs
[2024-03-13T06:49:27.884+0000] {logging_mixin.py:188} INFO - [2024-03-13T06:49:27.884+0000] {dag.py:3834} INFO - Setting next_dagrun for tutorial to 2024-03-12 00:00:00+00:00, run_after=2024-03-13 00:00:00+00:00
[2024-03-13T06:49:27.900+0000] {processor.py:183} INFO - Processing /home/airflow/.local/lib/python3.8/site-packages/airflow/example_dags/tutorial.py took 0.062 seconds
[2024-03-13T06:49:57.978+0000] {processor.py:161} INFO - Started process (PID=1524) to work on /home/airflow/.local/lib/python3.8/site-packages/airflow/example_dags/tutorial.py
[2024-03-13T06:49:57.979+0000] {processor.py:830} INFO - Processing file /home/airflow/.local/lib/python3.8/site-packages/airflow/example_dags/tutorial.py for tasks to queue
[2024-03-13T06:49:57.980+0000] {logging_mixin.py:188} INFO - [2024-03-13T06:49:57.980+0000] {dagbag.py:540} INFO - Filling up the DagBag from /home/airflow/.local/lib/python3.8/site-packages/airflow/example_dags/tutorial.py
[2024-03-13T06:49:57.985+0000] {processor.py:840} INFO - DAG(s) 'tutorial' retrieved from /home/airflow/.local/lib/python3.8/site-packages/airflow/example_dags/tutorial.py
[2024-03-13T06:49:57.999+0000] {logging_mixin.py:188} INFO - [2024-03-13T06:49:57.999+0000] {dag.py:3047} INFO - Sync 1 DAGs
[2024-03-13T06:49:58.013+0000] {logging_mixin.py:188} INFO - [2024-03-13T06:49:58.013+0000] {dag.py:3834} INFO - Setting next_dagrun for tutorial to 2024-03-12 00:00:00+00:00, run_after=2024-03-13 00:00:00+00:00
[2024-03-13T06:49:58.030+0000] {processor.py:183} INFO - Processing /home/airflow/.local/lib/python3.8/site-packages/airflow/example_dags/tutorial.py took 0.054 seconds
[2024-03-13T06:50:28.142+0000] {processor.py:161} INFO - Started process (PID=1580) to work on /home/airflow/.local/lib/python3.8/site-packages/airflow/example_dags/tutorial.py
[2024-03-13T06:50:28.143+0000] {processor.py:830} INFO - Processing file /home/airflow/.local/lib/python3.8/site-packages/airflow/example_dags/tutorial.py for tasks to queue
[2024-03-13T06:50:28.144+0000] {logging_mixin.py:188} INFO - [2024-03-13T06:50:28.144+0000] {dagbag.py:540} INFO - Filling up the DagBag from /home/airflow/.local/lib/python3.8/site-packages/airflow/example_dags/tutorial.py
[2024-03-13T06:50:28.149+0000] {processor.py:840} INFO - DAG(s) 'tutorial' retrieved from /home/airflow/.local/lib/python3.8/site-packages/airflow/example_dags/tutorial.py
[2024-03-13T06:50:28.164+0000] {logging_mixin.py:188} INFO - [2024-03-13T06:50:28.164+0000] {dag.py:3047} INFO - Sync 1 DAGs
[2024-03-13T06:50:28.181+0000] {logging_mixin.py:188} INFO - [2024-03-13T06:50:28.180+0000] {dag.py:3834} INFO - Setting next_dagrun for tutorial to 2024-03-12 00:00:00+00:00, run_after=2024-03-13 00:00:00+00:00
[2024-03-13T06:50:28.197+0000] {processor.py:183} INFO - Processing /home/airflow/.local/lib/python3.8/site-packages/airflow/example_dags/tutorial.py took 0.057 seconds
[2024-03-13T06:50:58.350+0000] {processor.py:161} INFO - Started process (PID=1640) to work on /home/airflow/.local/lib/python3.8/site-packages/airflow/example_dags/tutorial.py
[2024-03-13T06:50:58.351+0000] {processor.py:830} INFO - Processing file /home/airflow/.local/lib/python3.8/site-packages/airflow/example_dags/tutorial.py for tasks to queue
[2024-03-13T06:50:58.352+0000] {logging_mixin.py:188} INFO - [2024-03-13T06:50:58.351+0000] {dagbag.py:540} INFO - Filling up the DagBag from /home/airflow/.local/lib/python3.8/site-packages/airflow/example_dags/tutorial.py
[2024-03-13T06:50:58.357+0000] {processor.py:840} INFO - DAG(s) 'tutorial' retrieved from /home/airflow/.local/lib/python3.8/site-packages/airflow/example_dags/tutorial.py
[2024-03-13T06:50:58.371+0000] {logging_mixin.py:188} INFO - [2024-03-13T06:50:58.371+0000] {dag.py:3047} INFO - Sync 1 DAGs
[2024-03-13T06:50:58.387+0000] {logging_mixin.py:188} INFO - [2024-03-13T06:50:58.387+0000] {dag.py:3834} INFO - Setting next_dagrun for tutorial to 2024-03-12 00:00:00+00:00, run_after=2024-03-13 00:00:00+00:00
[2024-03-13T06:50:58.403+0000] {processor.py:183} INFO - Processing /home/airflow/.local/lib/python3.8/site-packages/airflow/example_dags/tutorial.py took 0.056 seconds
[2024-03-13T06:51:28.765+0000] {processor.py:161} INFO - Started process (PID=1699) to work on /home/airflow/.local/lib/python3.8/site-packages/airflow/example_dags/tutorial.py
[2024-03-13T06:51:28.765+0000] {processor.py:830} INFO - Processing file /home/airflow/.local/lib/python3.8/site-packages/airflow/example_dags/tutorial.py for tasks to queue
[2024-03-13T06:51:28.766+0000] {logging_mixin.py:188} INFO - [2024-03-13T06:51:28.766+0000] {dagbag.py:540} INFO - Filling up the DagBag from /home/airflow/.local/lib/python3.8/site-packages/airflow/example_dags/tutorial.py
[2024-03-13T06:51:28.771+0000] {processor.py:840} INFO - DAG(s) 'tutorial' retrieved from /home/airflow/.local/lib/python3.8/site-packages/airflow/example_dags/tutorial.py
[2024-03-13T06:51:28.788+0000] {logging_mixin.py:188} INFO - [2024-03-13T06:51:28.787+0000] {dag.py:3047} INFO - Sync 1 DAGs
[2024-03-13T06:51:28.805+0000] {logging_mixin.py:188} INFO - [2024-03-13T06:51:28.805+0000] {dag.py:3834} INFO - Setting next_dagrun for tutorial to 2024-03-12 00:00:00+00:00, run_after=2024-03-13 00:00:00+00:00
[2024-03-13T06:51:28.823+0000] {processor.py:183} INFO - Processing /home/airflow/.local/lib/python3.8/site-packages/airflow/example_dags/tutorial.py took 0.061 seconds
[2024-03-13T06:52:19.055+0000] {processor.py:161} INFO - Started process (PID=56) to work on /home/airflow/.local/lib/python3.8/site-packages/airflow/example_dags/tutorial.py
[2024-03-13T06:52:19.056+0000] {processor.py:830} INFO - Processing file /home/airflow/.local/lib/python3.8/site-packages/airflow/example_dags/tutorial.py for tasks to queue
[2024-03-13T06:52:19.058+0000] {logging_mixin.py:188} INFO - [2024-03-13T06:52:19.057+0000] {dagbag.py:540} INFO - Filling up the DagBag from /home/airflow/.local/lib/python3.8/site-packages/airflow/example_dags/tutorial.py
[2024-03-13T06:52:19.064+0000] {processor.py:840} INFO - DAG(s) 'tutorial' retrieved from /home/airflow/.local/lib/python3.8/site-packages/airflow/example_dags/tutorial.py
[2024-03-13T06:52:19.075+0000] {logging_mixin.py:188} INFO - [2024-03-13T06:52:19.075+0000] {dag.py:3047} INFO - Sync 1 DAGs
[2024-03-13T06:52:19.096+0000] {logging_mixin.py:188} INFO - [2024-03-13T06:52:19.095+0000] {dag.py:3834} INFO - Setting next_dagrun for tutorial to 2024-03-12 00:00:00+00:00, run_after=2024-03-13 00:00:00+00:00
[2024-03-13T06:52:19.118+0000] {processor.py:183} INFO - Processing /home/airflow/.local/lib/python3.8/site-packages/airflow/example_dags/tutorial.py took 0.066 seconds
[2024-03-13T06:52:50.004+0000] {processor.py:161} INFO - Started process (PID=112) to work on /home/airflow/.local/lib/python3.8/site-packages/airflow/example_dags/tutorial.py
[2024-03-13T06:52:50.005+0000] {processor.py:830} INFO - Processing file /home/airflow/.local/lib/python3.8/site-packages/airflow/example_dags/tutorial.py for tasks to queue
[2024-03-13T06:52:50.007+0000] {logging_mixin.py:188} INFO - [2024-03-13T06:52:50.006+0000] {dagbag.py:540} INFO - Filling up the DagBag from /home/airflow/.local/lib/python3.8/site-packages/airflow/example_dags/tutorial.py
[2024-03-13T06:52:50.011+0000] {processor.py:840} INFO - DAG(s) 'tutorial' retrieved from /home/airflow/.local/lib/python3.8/site-packages/airflow/example_dags/tutorial.py
[2024-03-13T06:52:50.084+0000] {logging_mixin.py:188} INFO - [2024-03-13T06:52:50.083+0000] {dag.py:3047} INFO - Sync 1 DAGs
[2024-03-13T06:52:50.099+0000] {logging_mixin.py:188} INFO - [2024-03-13T06:52:50.099+0000] {dag.py:3834} INFO - Setting next_dagrun for tutorial to 2024-03-12 00:00:00+00:00, run_after=2024-03-13 00:00:00+00:00
[2024-03-13T06:52:50.117+0000] {processor.py:183} INFO - Processing /home/airflow/.local/lib/python3.8/site-packages/airflow/example_dags/tutorial.py took 0.115 seconds
[2024-03-13T06:53:20.208+0000] {processor.py:161} INFO - Started process (PID=168) to work on /home/airflow/.local/lib/python3.8/site-packages/airflow/example_dags/tutorial.py
[2024-03-13T06:53:20.209+0000] {processor.py:830} INFO - Processing file /home/airflow/.local/lib/python3.8/site-packages/airflow/example_dags/tutorial.py for tasks to queue
[2024-03-13T06:53:20.211+0000] {logging_mixin.py:188} INFO - [2024-03-13T06:53:20.211+0000] {dagbag.py:540} INFO - Filling up the DagBag from /home/airflow/.local/lib/python3.8/site-packages/airflow/example_dags/tutorial.py
[2024-03-13T06:53:20.216+0000] {processor.py:840} INFO - DAG(s) 'tutorial' retrieved from /home/airflow/.local/lib/python3.8/site-packages/airflow/example_dags/tutorial.py
[2024-03-13T06:53:20.233+0000] {logging_mixin.py:188} INFO - [2024-03-13T06:53:20.233+0000] {dag.py:3047} INFO - Sync 1 DAGs
[2024-03-13T06:53:20.252+0000] {logging_mixin.py:188} INFO - [2024-03-13T06:53:20.252+0000] {dag.py:3834} INFO - Setting next_dagrun for tutorial to 2024-03-12 00:00:00+00:00, run_after=2024-03-13 00:00:00+00:00
[2024-03-13T06:53:20.271+0000] {processor.py:183} INFO - Processing /home/airflow/.local/lib/python3.8/site-packages/airflow/example_dags/tutorial.py took 0.065 seconds
[2024-03-13T06:53:50.623+0000] {processor.py:161} INFO - Started process (PID=224) to work on /home/airflow/.local/lib/python3.8/site-packages/airflow/example_dags/tutorial.py
[2024-03-13T06:53:50.624+0000] {processor.py:830} INFO - Processing file /home/airflow/.local/lib/python3.8/site-packages/airflow/example_dags/tutorial.py for tasks to queue
[2024-03-13T06:53:50.626+0000] {logging_mixin.py:188} INFO - [2024-03-13T06:53:50.626+0000] {dagbag.py:540} INFO - Filling up the DagBag from /home/airflow/.local/lib/python3.8/site-packages/airflow/example_dags/tutorial.py
[2024-03-13T06:53:50.631+0000] {processor.py:840} INFO - DAG(s) 'tutorial' retrieved from /home/airflow/.local/lib/python3.8/site-packages/airflow/example_dags/tutorial.py
[2024-03-13T06:53:50.648+0000] {logging_mixin.py:188} INFO - [2024-03-13T06:53:50.647+0000] {dag.py:3047} INFO - Sync 1 DAGs
[2024-03-13T06:53:50.665+0000] {logging_mixin.py:188} INFO - [2024-03-13T06:53:50.664+0000] {dag.py:3834} INFO - Setting next_dagrun for tutorial to 2024-03-12 00:00:00+00:00, run_after=2024-03-13 00:00:00+00:00
[2024-03-13T06:53:50.683+0000] {processor.py:183} INFO - Processing /home/airflow/.local/lib/python3.8/site-packages/airflow/example_dags/tutorial.py took 0.063 seconds
[2024-03-13T06:54:21.068+0000] {processor.py:161} INFO - Started process (PID=279) to work on /home/airflow/.local/lib/python3.8/site-packages/airflow/example_dags/tutorial.py
[2024-03-13T06:54:21.069+0000] {processor.py:830} INFO - Processing file /home/airflow/.local/lib/python3.8/site-packages/airflow/example_dags/tutorial.py for tasks to queue
[2024-03-13T06:54:21.071+0000] {logging_mixin.py:188} INFO - [2024-03-13T06:54:21.070+0000] {dagbag.py:540} INFO - Filling up the DagBag from /home/airflow/.local/lib/python3.8/site-packages/airflow/example_dags/tutorial.py
[2024-03-13T06:54:21.075+0000] {processor.py:840} INFO - DAG(s) 'tutorial' retrieved from /home/airflow/.local/lib/python3.8/site-packages/airflow/example_dags/tutorial.py
[2024-03-13T06:54:21.090+0000] {logging_mixin.py:188} INFO - [2024-03-13T06:54:21.090+0000] {dag.py:3047} INFO - Sync 1 DAGs
[2024-03-13T06:54:21.106+0000] {logging_mixin.py:188} INFO - [2024-03-13T06:54:21.106+0000] {dag.py:3834} INFO - Setting next_dagrun for tutorial to 2024-03-12 00:00:00+00:00, run_after=2024-03-13 00:00:00+00:00
[2024-03-13T06:54:21.123+0000] {processor.py:183} INFO - Processing /home/airflow/.local/lib/python3.8/site-packages/airflow/example_dags/tutorial.py took 0.057 seconds
[2024-03-13T06:54:51.400+0000] {processor.py:161} INFO - Started process (PID=335) to work on /home/airflow/.local/lib/python3.8/site-packages/airflow/example_dags/tutorial.py
[2024-03-13T06:54:51.401+0000] {processor.py:830} INFO - Processing file /home/airflow/.local/lib/python3.8/site-packages/airflow/example_dags/tutorial.py for tasks to queue
[2024-03-13T06:54:51.403+0000] {logging_mixin.py:188} INFO - [2024-03-13T06:54:51.403+0000] {dagbag.py:540} INFO - Filling up the DagBag from /home/airflow/.local/lib/python3.8/site-packages/airflow/example_dags/tutorial.py
[2024-03-13T06:54:51.409+0000] {processor.py:840} INFO - DAG(s) 'tutorial' retrieved from /home/airflow/.local/lib/python3.8/site-packages/airflow/example_dags/tutorial.py
[2024-03-13T06:54:51.432+0000] {logging_mixin.py:188} INFO - [2024-03-13T06:54:51.432+0000] {dag.py:3047} INFO - Sync 1 DAGs
[2024-03-13T06:54:51.458+0000] {logging_mixin.py:188} INFO - [2024-03-13T06:54:51.458+0000] {dag.py:3834} INFO - Setting next_dagrun for tutorial to 2024-03-12 00:00:00+00:00, run_after=2024-03-13 00:00:00+00:00
[2024-03-13T06:54:51.482+0000] {processor.py:183} INFO - Processing /home/airflow/.local/lib/python3.8/site-packages/airflow/example_dags/tutorial.py took 0.084 seconds
[2024-03-13T06:55:22.298+0000] {processor.py:161} INFO - Started process (PID=391) to work on /home/airflow/.local/lib/python3.8/site-packages/airflow/example_dags/tutorial.py
[2024-03-13T06:55:22.299+0000] {processor.py:830} INFO - Processing file /home/airflow/.local/lib/python3.8/site-packages/airflow/example_dags/tutorial.py for tasks to queue
[2024-03-13T06:55:22.301+0000] {logging_mixin.py:188} INFO - [2024-03-13T06:55:22.301+0000] {dagbag.py:540} INFO - Filling up the DagBag from /home/airflow/.local/lib/python3.8/site-packages/airflow/example_dags/tutorial.py
[2024-03-13T06:55:22.307+0000] {processor.py:840} INFO - DAG(s) 'tutorial' retrieved from /home/airflow/.local/lib/python3.8/site-packages/airflow/example_dags/tutorial.py
[2024-03-13T06:55:22.326+0000] {logging_mixin.py:188} INFO - [2024-03-13T06:55:22.326+0000] {dag.py:3047} INFO - Sync 1 DAGs
[2024-03-13T06:55:22.348+0000] {logging_mixin.py:188} INFO - [2024-03-13T06:55:22.348+0000] {dag.py:3834} INFO - Setting next_dagrun for tutorial to 2024-03-12 00:00:00+00:00, run_after=2024-03-13 00:00:00+00:00
[2024-03-13T06:55:22.380+0000] {processor.py:183} INFO - Processing /home/airflow/.local/lib/python3.8/site-packages/airflow/example_dags/tutorial.py took 0.084 seconds
[2024-03-13T06:55:53.186+0000] {processor.py:161} INFO - Started process (PID=448) to work on /home/airflow/.local/lib/python3.8/site-packages/airflow/example_dags/tutorial.py
[2024-03-13T06:55:53.187+0000] {processor.py:830} INFO - Processing file /home/airflow/.local/lib/python3.8/site-packages/airflow/example_dags/tutorial.py for tasks to queue
[2024-03-13T06:55:53.188+0000] {logging_mixin.py:188} INFO - [2024-03-13T06:55:53.188+0000] {dagbag.py:540} INFO - Filling up the DagBag from /home/airflow/.local/lib/python3.8/site-packages/airflow/example_dags/tutorial.py
[2024-03-13T06:55:53.193+0000] {processor.py:840} INFO - DAG(s) 'tutorial' retrieved from /home/airflow/.local/lib/python3.8/site-packages/airflow/example_dags/tutorial.py
[2024-03-13T06:55:53.207+0000] {logging_mixin.py:188} INFO - [2024-03-13T06:55:53.207+0000] {dag.py:3047} INFO - Sync 1 DAGs
[2024-03-13T06:55:53.222+0000] {logging_mixin.py:188} INFO - [2024-03-13T06:55:53.222+0000] {dag.py:3834} INFO - Setting next_dagrun for tutorial to 2024-03-12 00:00:00+00:00, run_after=2024-03-13 00:00:00+00:00
[2024-03-13T06:55:53.238+0000] {processor.py:183} INFO - Processing /home/airflow/.local/lib/python3.8/site-packages/airflow/example_dags/tutorial.py took 0.054 seconds
[2024-03-13T06:56:24.043+0000] {processor.py:161} INFO - Started process (PID=505) to work on /home/airflow/.local/lib/python3.8/site-packages/airflow/example_dags/tutorial.py
[2024-03-13T06:56:24.044+0000] {processor.py:830} INFO - Processing file /home/airflow/.local/lib/python3.8/site-packages/airflow/example_dags/tutorial.py for tasks to queue
[2024-03-13T06:56:24.046+0000] {logging_mixin.py:188} INFO - [2024-03-13T06:56:24.046+0000] {dagbag.py:540} INFO - Filling up the DagBag from /home/airflow/.local/lib/python3.8/site-packages/airflow/example_dags/tutorial.py
[2024-03-13T06:56:24.050+0000] {processor.py:840} INFO - DAG(s) 'tutorial' retrieved from /home/airflow/.local/lib/python3.8/site-packages/airflow/example_dags/tutorial.py
[2024-03-13T06:56:24.065+0000] {logging_mixin.py:188} INFO - [2024-03-13T06:56:24.065+0000] {dag.py:3047} INFO - Sync 1 DAGs
[2024-03-13T06:56:24.082+0000] {logging_mixin.py:188} INFO - [2024-03-13T06:56:24.082+0000] {dag.py:3834} INFO - Setting next_dagrun for tutorial to 2024-03-12 00:00:00+00:00, run_after=2024-03-13 00:00:00+00:00
[2024-03-13T06:56:24.099+0000] {processor.py:183} INFO - Processing /home/airflow/.local/lib/python3.8/site-packages/airflow/example_dags/tutorial.py took 0.057 seconds
[2024-03-13T07:02:12.406+0000] {processor.py:161} INFO - Started process (PID=56) to work on /home/airflow/.local/lib/python3.8/site-packages/airflow/example_dags/tutorial.py
[2024-03-13T07:02:12.408+0000] {processor.py:830} INFO - Processing file /home/airflow/.local/lib/python3.8/site-packages/airflow/example_dags/tutorial.py for tasks to queue
[2024-03-13T07:02:12.410+0000] {logging_mixin.py:188} INFO - [2024-03-13T07:02:12.410+0000] {dagbag.py:540} INFO - Filling up the DagBag from /home/airflow/.local/lib/python3.8/site-packages/airflow/example_dags/tutorial.py
[2024-03-13T07:02:12.420+0000] {processor.py:840} INFO - DAG(s) 'tutorial' retrieved from /home/airflow/.local/lib/python3.8/site-packages/airflow/example_dags/tutorial.py
[2024-03-13T07:02:12.435+0000] {logging_mixin.py:188} INFO - [2024-03-13T07:02:12.435+0000] {dag.py:3047} INFO - Sync 1 DAGs
[2024-03-13T07:02:12.462+0000] {logging_mixin.py:188} INFO - [2024-03-13T07:02:12.462+0000] {dag.py:3834} INFO - Setting next_dagrun for tutorial to 2024-03-12 00:00:00+00:00, run_after=2024-03-13 00:00:00+00:00
[2024-03-13T07:02:12.490+0000] {processor.py:183} INFO - Processing /home/airflow/.local/lib/python3.8/site-packages/airflow/example_dags/tutorial.py took 0.089 seconds
[2024-03-13T07:02:43.507+0000] {processor.py:161} INFO - Started process (PID=113) to work on /home/airflow/.local/lib/python3.8/site-packages/airflow/example_dags/tutorial.py
[2024-03-13T07:02:43.508+0000] {processor.py:830} INFO - Processing file /home/airflow/.local/lib/python3.8/site-packages/airflow/example_dags/tutorial.py for tasks to queue
[2024-03-13T07:02:43.510+0000] {logging_mixin.py:188} INFO - [2024-03-13T07:02:43.510+0000] {dagbag.py:540} INFO - Filling up the DagBag from /home/airflow/.local/lib/python3.8/site-packages/airflow/example_dags/tutorial.py
[2024-03-13T07:02:43.517+0000] {processor.py:840} INFO - DAG(s) 'tutorial' retrieved from /home/airflow/.local/lib/python3.8/site-packages/airflow/example_dags/tutorial.py
[2024-03-13T07:02:43.594+0000] {logging_mixin.py:188} INFO - [2024-03-13T07:02:43.594+0000] {dag.py:3047} INFO - Sync 1 DAGs
[2024-03-13T07:02:43.610+0000] {logging_mixin.py:188} INFO - [2024-03-13T07:02:43.610+0000] {dag.py:3834} INFO - Setting next_dagrun for tutorial to 2024-03-12 00:00:00+00:00, run_after=2024-03-13 00:00:00+00:00
[2024-03-13T07:02:43.625+0000] {processor.py:183} INFO - Processing /home/airflow/.local/lib/python3.8/site-packages/airflow/example_dags/tutorial.py took 0.121 seconds
[2024-03-13T07:03:13.816+0000] {processor.py:161} INFO - Started process (PID=169) to work on /home/airflow/.local/lib/python3.8/site-packages/airflow/example_dags/tutorial.py
[2024-03-13T07:03:13.817+0000] {processor.py:830} INFO - Processing file /home/airflow/.local/lib/python3.8/site-packages/airflow/example_dags/tutorial.py for tasks to queue
[2024-03-13T07:03:13.818+0000] {logging_mixin.py:188} INFO - [2024-03-13T07:03:13.818+0000] {dagbag.py:540} INFO - Filling up the DagBag from /home/airflow/.local/lib/python3.8/site-packages/airflow/example_dags/tutorial.py
[2024-03-13T07:03:13.823+0000] {processor.py:840} INFO - DAG(s) 'tutorial' retrieved from /home/airflow/.local/lib/python3.8/site-packages/airflow/example_dags/tutorial.py
[2024-03-13T07:03:13.838+0000] {logging_mixin.py:188} INFO - [2024-03-13T07:03:13.838+0000] {dag.py:3047} INFO - Sync 1 DAGs
[2024-03-13T07:03:13.855+0000] {logging_mixin.py:188} INFO - [2024-03-13T07:03:13.855+0000] {dag.py:3834} INFO - Setting next_dagrun for tutorial to 2024-03-12 00:00:00+00:00, run_after=2024-03-13 00:00:00+00:00
[2024-03-13T07:03:13.871+0000] {processor.py:183} INFO - Processing /home/airflow/.local/lib/python3.8/site-packages/airflow/example_dags/tutorial.py took 0.057 seconds
[2024-03-13T07:03:44.100+0000] {processor.py:161} INFO - Started process (PID=225) to work on /home/airflow/.local/lib/python3.8/site-packages/airflow/example_dags/tutorial.py
[2024-03-13T07:03:44.101+0000] {processor.py:830} INFO - Processing file /home/airflow/.local/lib/python3.8/site-packages/airflow/example_dags/tutorial.py for tasks to queue
[2024-03-13T07:03:44.103+0000] {logging_mixin.py:188} INFO - [2024-03-13T07:03:44.102+0000] {dagbag.py:540} INFO - Filling up the DagBag from /home/airflow/.local/lib/python3.8/site-packages/airflow/example_dags/tutorial.py
[2024-03-13T07:03:44.107+0000] {processor.py:840} INFO - DAG(s) 'tutorial' retrieved from /home/airflow/.local/lib/python3.8/site-packages/airflow/example_dags/tutorial.py
[2024-03-13T07:03:44.122+0000] {logging_mixin.py:188} INFO - [2024-03-13T07:03:44.122+0000] {dag.py:3047} INFO - Sync 1 DAGs
[2024-03-13T07:03:44.138+0000] {logging_mixin.py:188} INFO - [2024-03-13T07:03:44.138+0000] {dag.py:3834} INFO - Setting next_dagrun for tutorial to 2024-03-12 00:00:00+00:00, run_after=2024-03-13 00:00:00+00:00
[2024-03-13T07:03:44.154+0000] {processor.py:183} INFO - Processing /home/airflow/.local/lib/python3.8/site-packages/airflow/example_dags/tutorial.py took 0.057 seconds
[2024-03-13T07:04:14.617+0000] {processor.py:161} INFO - Started process (PID=281) to work on /home/airflow/.local/lib/python3.8/site-packages/airflow/example_dags/tutorial.py
[2024-03-13T07:04:14.618+0000] {processor.py:830} INFO - Processing file /home/airflow/.local/lib/python3.8/site-packages/airflow/example_dags/tutorial.py for tasks to queue
[2024-03-13T07:04:14.620+0000] {logging_mixin.py:188} INFO - [2024-03-13T07:04:14.620+0000] {dagbag.py:540} INFO - Filling up the DagBag from /home/airflow/.local/lib/python3.8/site-packages/airflow/example_dags/tutorial.py
[2024-03-13T07:04:14.624+0000] {processor.py:840} INFO - DAG(s) 'tutorial' retrieved from /home/airflow/.local/lib/python3.8/site-packages/airflow/example_dags/tutorial.py
[2024-03-13T07:04:14.638+0000] {logging_mixin.py:188} INFO - [2024-03-13T07:04:14.637+0000] {dag.py:3047} INFO - Sync 1 DAGs
[2024-03-13T07:04:14.653+0000] {logging_mixin.py:188} INFO - [2024-03-13T07:04:14.653+0000] {dag.py:3834} INFO - Setting next_dagrun for tutorial to 2024-03-12 00:00:00+00:00, run_after=2024-03-13 00:00:00+00:00
[2024-03-13T07:04:14.670+0000] {processor.py:183} INFO - Processing /home/airflow/.local/lib/python3.8/site-packages/airflow/example_dags/tutorial.py took 0.055 seconds
[2024-03-13T07:04:45.177+0000] {processor.py:161} INFO - Started process (PID=337) to work on /home/airflow/.local/lib/python3.8/site-packages/airflow/example_dags/tutorial.py
[2024-03-13T07:04:45.178+0000] {processor.py:830} INFO - Processing file /home/airflow/.local/lib/python3.8/site-packages/airflow/example_dags/tutorial.py for tasks to queue
[2024-03-13T07:04:45.180+0000] {logging_mixin.py:188} INFO - [2024-03-13T07:04:45.179+0000] {dagbag.py:540} INFO - Filling up the DagBag from /home/airflow/.local/lib/python3.8/site-packages/airflow/example_dags/tutorial.py
[2024-03-13T07:04:45.184+0000] {processor.py:840} INFO - DAG(s) 'tutorial' retrieved from /home/airflow/.local/lib/python3.8/site-packages/airflow/example_dags/tutorial.py
[2024-03-13T07:04:45.198+0000] {logging_mixin.py:188} INFO - [2024-03-13T07:04:45.198+0000] {dag.py:3047} INFO - Sync 1 DAGs
[2024-03-13T07:04:45.215+0000] {logging_mixin.py:188} INFO - [2024-03-13T07:04:45.215+0000] {dag.py:3834} INFO - Setting next_dagrun for tutorial to 2024-03-12 00:00:00+00:00, run_after=2024-03-13 00:00:00+00:00
[2024-03-13T07:04:45.232+0000] {processor.py:183} INFO - Processing /home/airflow/.local/lib/python3.8/site-packages/airflow/example_dags/tutorial.py took 0.057 seconds
[2024-03-13T07:05:15.516+0000] {processor.py:161} INFO - Started process (PID=393) to work on /home/airflow/.local/lib/python3.8/site-packages/airflow/example_dags/tutorial.py
[2024-03-13T07:05:15.517+0000] {processor.py:830} INFO - Processing file /home/airflow/.local/lib/python3.8/site-packages/airflow/example_dags/tutorial.py for tasks to queue
[2024-03-13T07:05:15.519+0000] {logging_mixin.py:188} INFO - [2024-03-13T07:05:15.519+0000] {dagbag.py:540} INFO - Filling up the DagBag from /home/airflow/.local/lib/python3.8/site-packages/airflow/example_dags/tutorial.py
[2024-03-13T07:05:15.524+0000] {processor.py:840} INFO - DAG(s) 'tutorial' retrieved from /home/airflow/.local/lib/python3.8/site-packages/airflow/example_dags/tutorial.py
[2024-03-13T07:05:15.540+0000] {logging_mixin.py:188} INFO - [2024-03-13T07:05:15.540+0000] {dag.py:3047} INFO - Sync 1 DAGs
[2024-03-13T07:05:15.556+0000] {logging_mixin.py:188} INFO - [2024-03-13T07:05:15.555+0000] {dag.py:3834} INFO - Setting next_dagrun for tutorial to 2024-03-12 00:00:00+00:00, run_after=2024-03-13 00:00:00+00:00
[2024-03-13T07:05:15.573+0000] {processor.py:183} INFO - Processing /home/airflow/.local/lib/python3.8/site-packages/airflow/example_dags/tutorial.py took 0.059 seconds
[2024-03-13T07:05:45.829+0000] {processor.py:161} INFO - Started process (PID=449) to work on /home/airflow/.local/lib/python3.8/site-packages/airflow/example_dags/tutorial.py
[2024-03-13T07:05:45.830+0000] {processor.py:830} INFO - Processing file /home/airflow/.local/lib/python3.8/site-packages/airflow/example_dags/tutorial.py for tasks to queue
[2024-03-13T07:05:45.831+0000] {logging_mixin.py:188} INFO - [2024-03-13T07:05:45.831+0000] {dagbag.py:540} INFO - Filling up the DagBag from /home/airflow/.local/lib/python3.8/site-packages/airflow/example_dags/tutorial.py
[2024-03-13T07:05:45.836+0000] {processor.py:840} INFO - DAG(s) 'tutorial' retrieved from /home/airflow/.local/lib/python3.8/site-packages/airflow/example_dags/tutorial.py
[2024-03-13T07:05:45.850+0000] {logging_mixin.py:188} INFO - [2024-03-13T07:05:45.850+0000] {dag.py:3047} INFO - Sync 1 DAGs
[2024-03-13T07:05:45.866+0000] {logging_mixin.py:188} INFO - [2024-03-13T07:05:45.866+0000] {dag.py:3834} INFO - Setting next_dagrun for tutorial to 2024-03-12 00:00:00+00:00, run_after=2024-03-13 00:00:00+00:00
[2024-03-13T07:05:45.881+0000] {processor.py:183} INFO - Processing /home/airflow/.local/lib/python3.8/site-packages/airflow/example_dags/tutorial.py took 0.055 seconds
[2024-03-13T07:06:16.187+0000] {processor.py:161} INFO - Started process (PID=505) to work on /home/airflow/.local/lib/python3.8/site-packages/airflow/example_dags/tutorial.py
[2024-03-13T07:06:16.188+0000] {processor.py:830} INFO - Processing file /home/airflow/.local/lib/python3.8/site-packages/airflow/example_dags/tutorial.py for tasks to queue
[2024-03-13T07:06:16.190+0000] {logging_mixin.py:188} INFO - [2024-03-13T07:06:16.189+0000] {dagbag.py:540} INFO - Filling up the DagBag from /home/airflow/.local/lib/python3.8/site-packages/airflow/example_dags/tutorial.py
[2024-03-13T07:06:16.194+0000] {processor.py:840} INFO - DAG(s) 'tutorial' retrieved from /home/airflow/.local/lib/python3.8/site-packages/airflow/example_dags/tutorial.py
[2024-03-13T07:06:16.209+0000] {logging_mixin.py:188} INFO - [2024-03-13T07:06:16.209+0000] {dag.py:3047} INFO - Sync 1 DAGs
[2024-03-13T07:06:16.225+0000] {logging_mixin.py:188} INFO - [2024-03-13T07:06:16.225+0000] {dag.py:3834} INFO - Setting next_dagrun for tutorial to 2024-03-12 00:00:00+00:00, run_after=2024-03-13 00:00:00+00:00
[2024-03-13T07:06:16.243+0000] {processor.py:183} INFO - Processing /home/airflow/.local/lib/python3.8/site-packages/airflow/example_dags/tutorial.py took 0.058 seconds
[2024-03-13T07:06:46.629+0000] {processor.py:161} INFO - Started process (PID=561) to work on /home/airflow/.local/lib/python3.8/site-packages/airflow/example_dags/tutorial.py
[2024-03-13T07:06:46.630+0000] {processor.py:830} INFO - Processing file /home/airflow/.local/lib/python3.8/site-packages/airflow/example_dags/tutorial.py for tasks to queue
[2024-03-13T07:06:46.632+0000] {logging_mixin.py:188} INFO - [2024-03-13T07:06:46.631+0000] {dagbag.py:540} INFO - Filling up the DagBag from /home/airflow/.local/lib/python3.8/site-packages/airflow/example_dags/tutorial.py
[2024-03-13T07:06:46.636+0000] {processor.py:840} INFO - DAG(s) 'tutorial' retrieved from /home/airflow/.local/lib/python3.8/site-packages/airflow/example_dags/tutorial.py
[2024-03-13T07:06:46.650+0000] {logging_mixin.py:188} INFO - [2024-03-13T07:06:46.650+0000] {dag.py:3047} INFO - Sync 1 DAGs
[2024-03-13T07:06:46.667+0000] {logging_mixin.py:188} INFO - [2024-03-13T07:06:46.667+0000] {dag.py:3834} INFO - Setting next_dagrun for tutorial to 2024-03-12 00:00:00+00:00, run_after=2024-03-13 00:00:00+00:00
[2024-03-13T07:06:46.683+0000] {processor.py:183} INFO - Processing /home/airflow/.local/lib/python3.8/site-packages/airflow/example_dags/tutorial.py took 0.056 seconds
[2024-03-13T07:07:17.146+0000] {processor.py:161} INFO - Started process (PID=617) to work on /home/airflow/.local/lib/python3.8/site-packages/airflow/example_dags/tutorial.py
[2024-03-13T07:07:17.147+0000] {processor.py:830} INFO - Processing file /home/airflow/.local/lib/python3.8/site-packages/airflow/example_dags/tutorial.py for tasks to queue
[2024-03-13T07:07:17.150+0000] {logging_mixin.py:188} INFO - [2024-03-13T07:07:17.150+0000] {dagbag.py:540} INFO - Filling up the DagBag from /home/airflow/.local/lib/python3.8/site-packages/airflow/example_dags/tutorial.py
[2024-03-13T07:07:17.157+0000] {processor.py:840} INFO - DAG(s) 'tutorial' retrieved from /home/airflow/.local/lib/python3.8/site-packages/airflow/example_dags/tutorial.py
[2024-03-13T07:07:17.190+0000] {logging_mixin.py:188} INFO - [2024-03-13T07:07:17.189+0000] {dag.py:3047} INFO - Sync 1 DAGs
[2024-03-13T07:07:17.224+0000] {logging_mixin.py:188} INFO - [2024-03-13T07:07:17.224+0000] {dag.py:3834} INFO - Setting next_dagrun for tutorial to 2024-03-12 00:00:00+00:00, run_after=2024-03-13 00:00:00+00:00
[2024-03-13T07:07:17.255+0000] {processor.py:183} INFO - Processing /home/airflow/.local/lib/python3.8/site-packages/airflow/example_dags/tutorial.py took 0.113 seconds
[2024-03-13T07:09:29.920+0000] {processor.py:161} INFO - Started process (PID=57) to work on /home/airflow/.local/lib/python3.8/site-packages/airflow/example_dags/tutorial.py
[2024-03-13T07:09:29.921+0000] {processor.py:830} INFO - Processing file /home/airflow/.local/lib/python3.8/site-packages/airflow/example_dags/tutorial.py for tasks to queue
[2024-03-13T07:09:29.923+0000] {logging_mixin.py:188} INFO - [2024-03-13T07:09:29.923+0000] {dagbag.py:540} INFO - Filling up the DagBag from /home/airflow/.local/lib/python3.8/site-packages/airflow/example_dags/tutorial.py
[2024-03-13T07:09:29.930+0000] {processor.py:840} INFO - DAG(s) 'tutorial' retrieved from /home/airflow/.local/lib/python3.8/site-packages/airflow/example_dags/tutorial.py
[2024-03-13T07:09:29.940+0000] {logging_mixin.py:188} INFO - [2024-03-13T07:09:29.940+0000] {dag.py:3047} INFO - Sync 1 DAGs
[2024-03-13T07:09:29.959+0000] {logging_mixin.py:188} INFO - [2024-03-13T07:09:29.959+0000] {dag.py:3834} INFO - Setting next_dagrun for tutorial to 2024-03-12 00:00:00+00:00, run_after=2024-03-13 00:00:00+00:00
[2024-03-13T07:09:29.979+0000] {processor.py:183} INFO - Processing /home/airflow/.local/lib/python3.8/site-packages/airflow/example_dags/tutorial.py took 0.061 seconds
[2024-03-13T07:10:00.520+0000] {processor.py:161} INFO - Started process (PID=113) to work on /home/airflow/.local/lib/python3.8/site-packages/airflow/example_dags/tutorial.py
[2024-03-13T07:10:00.521+0000] {processor.py:830} INFO - Processing file /home/airflow/.local/lib/python3.8/site-packages/airflow/example_dags/tutorial.py for tasks to queue
[2024-03-13T07:10:00.523+0000] {logging_mixin.py:188} INFO - [2024-03-13T07:10:00.523+0000] {dagbag.py:540} INFO - Filling up the DagBag from /home/airflow/.local/lib/python3.8/site-packages/airflow/example_dags/tutorial.py
[2024-03-13T07:10:00.528+0000] {processor.py:840} INFO - DAG(s) 'tutorial' retrieved from /home/airflow/.local/lib/python3.8/site-packages/airflow/example_dags/tutorial.py
[2024-03-13T07:10:00.603+0000] {logging_mixin.py:188} INFO - [2024-03-13T07:10:00.603+0000] {dag.py:3047} INFO - Sync 1 DAGs
[2024-03-13T07:10:00.619+0000] {logging_mixin.py:188} INFO - [2024-03-13T07:10:00.619+0000] {dag.py:3834} INFO - Setting next_dagrun for tutorial to 2024-03-12 00:00:00+00:00, run_after=2024-03-13 00:00:00+00:00
[2024-03-13T07:10:00.635+0000] {processor.py:183} INFO - Processing /home/airflow/.local/lib/python3.8/site-packages/airflow/example_dags/tutorial.py took 0.117 seconds
[2024-03-13T07:10:31.206+0000] {processor.py:161} INFO - Started process (PID=169) to work on /home/airflow/.local/lib/python3.8/site-packages/airflow/example_dags/tutorial.py
[2024-03-13T07:10:31.207+0000] {processor.py:830} INFO - Processing file /home/airflow/.local/lib/python3.8/site-packages/airflow/example_dags/tutorial.py for tasks to queue
[2024-03-13T07:10:31.209+0000] {logging_mixin.py:188} INFO - [2024-03-13T07:10:31.209+0000] {dagbag.py:540} INFO - Filling up the DagBag from /home/airflow/.local/lib/python3.8/site-packages/airflow/example_dags/tutorial.py
[2024-03-13T07:10:31.214+0000] {processor.py:840} INFO - DAG(s) 'tutorial' retrieved from /home/airflow/.local/lib/python3.8/site-packages/airflow/example_dags/tutorial.py
[2024-03-13T07:10:31.232+0000] {logging_mixin.py:188} INFO - [2024-03-13T07:10:31.231+0000] {dag.py:3047} INFO - Sync 1 DAGs
[2024-03-13T07:10:31.251+0000] {logging_mixin.py:188} INFO - [2024-03-13T07:10:31.251+0000] {dag.py:3834} INFO - Setting next_dagrun for tutorial to 2024-03-12 00:00:00+00:00, run_after=2024-03-13 00:00:00+00:00
[2024-03-13T07:10:31.271+0000] {processor.py:183} INFO - Processing /home/airflow/.local/lib/python3.8/site-packages/airflow/example_dags/tutorial.py took 0.069 seconds
[2024-03-13T07:11:01.476+0000] {processor.py:161} INFO - Started process (PID=225) to work on /home/airflow/.local/lib/python3.8/site-packages/airflow/example_dags/tutorial.py
[2024-03-13T07:11:01.477+0000] {processor.py:830} INFO - Processing file /home/airflow/.local/lib/python3.8/site-packages/airflow/example_dags/tutorial.py for tasks to queue
[2024-03-13T07:11:01.479+0000] {logging_mixin.py:188} INFO - [2024-03-13T07:11:01.478+0000] {dagbag.py:540} INFO - Filling up the DagBag from /home/airflow/.local/lib/python3.8/site-packages/airflow/example_dags/tutorial.py
[2024-03-13T07:11:01.484+0000] {processor.py:840} INFO - DAG(s) 'tutorial' retrieved from /home/airflow/.local/lib/python3.8/site-packages/airflow/example_dags/tutorial.py
[2024-03-13T07:11:01.501+0000] {logging_mixin.py:188} INFO - [2024-03-13T07:11:01.501+0000] {dag.py:3047} INFO - Sync 1 DAGs
[2024-03-13T07:11:01.522+0000] {logging_mixin.py:188} INFO - [2024-03-13T07:11:01.522+0000] {dag.py:3834} INFO - Setting next_dagrun for tutorial to 2024-03-12 00:00:00+00:00, run_after=2024-03-13 00:00:00+00:00
[2024-03-13T07:11:01.539+0000] {processor.py:183} INFO - Processing /home/airflow/.local/lib/python3.8/site-packages/airflow/example_dags/tutorial.py took 0.066 seconds
[2024-03-13T07:11:31.895+0000] {processor.py:161} INFO - Started process (PID=282) to work on /home/airflow/.local/lib/python3.8/site-packages/airflow/example_dags/tutorial.py
[2024-03-13T07:11:31.896+0000] {processor.py:830} INFO - Processing file /home/airflow/.local/lib/python3.8/site-packages/airflow/example_dags/tutorial.py for tasks to queue
[2024-03-13T07:11:31.898+0000] {logging_mixin.py:188} INFO - [2024-03-13T07:11:31.897+0000] {dagbag.py:540} INFO - Filling up the DagBag from /home/airflow/.local/lib/python3.8/site-packages/airflow/example_dags/tutorial.py
[2024-03-13T07:11:31.902+0000] {processor.py:840} INFO - DAG(s) 'tutorial' retrieved from /home/airflow/.local/lib/python3.8/site-packages/airflow/example_dags/tutorial.py
[2024-03-13T07:11:31.917+0000] {logging_mixin.py:188} INFO - [2024-03-13T07:11:31.917+0000] {dag.py:3047} INFO - Sync 1 DAGs
[2024-03-13T07:11:31.934+0000] {logging_mixin.py:188} INFO - [2024-03-13T07:11:31.934+0000] {dag.py:3834} INFO - Setting next_dagrun for tutorial to 2024-03-12 00:00:00+00:00, run_after=2024-03-13 00:00:00+00:00
[2024-03-13T07:11:31.952+0000] {processor.py:183} INFO - Processing /home/airflow/.local/lib/python3.8/site-packages/airflow/example_dags/tutorial.py took 0.059 seconds
