[2024-03-13T06:40:22.061+0000] {processor.py:161} INFO - Started process (PID=467) to work on /home/airflow/.local/lib/python3.8/site-packages/airflow/example_dags/tutorial_dag.py
[2024-03-13T06:40:22.062+0000] {processor.py:830} INFO - Processing file /home/airflow/.local/lib/python3.8/site-packages/airflow/example_dags/tutorial_dag.py for tasks to queue
[2024-03-13T06:40:22.063+0000] {logging_mixin.py:188} INFO - [2024-03-13T06:40:22.063+0000] {dagbag.py:540} INFO - Filling up the DagBag from /home/airflow/.local/lib/python3.8/site-packages/airflow/example_dags/tutorial_dag.py
[2024-03-13T06:40:22.067+0000] {processor.py:840} INFO - DAG(s) 'tutorial_dag' retrieved from /home/airflow/.local/lib/python3.8/site-packages/airflow/example_dags/tutorial_dag.py
[2024-03-13T06:40:22.082+0000] {logging_mixin.py:188} INFO - [2024-03-13T06:40:22.082+0000] {dag.py:3047} INFO - Sync 1 DAGs
[2024-03-13T06:40:22.091+0000] {logging_mixin.py:188} INFO - [2024-03-13T06:40:22.091+0000] {dag.py:3834} INFO - Setting next_dagrun for tutorial_dag to None, run_after=None
[2024-03-13T06:40:22.108+0000] {processor.py:183} INFO - Processing /home/airflow/.local/lib/python3.8/site-packages/airflow/example_dags/tutorial_dag.py took 0.050 seconds
[2024-03-13T06:40:52.403+0000] {processor.py:161} INFO - Started process (PID=523) to work on /home/airflow/.local/lib/python3.8/site-packages/airflow/example_dags/tutorial_dag.py
[2024-03-13T06:40:52.404+0000] {processor.py:830} INFO - Processing file /home/airflow/.local/lib/python3.8/site-packages/airflow/example_dags/tutorial_dag.py for tasks to queue
[2024-03-13T06:40:52.405+0000] {logging_mixin.py:188} INFO - [2024-03-13T06:40:52.405+0000] {dagbag.py:540} INFO - Filling up the DagBag from /home/airflow/.local/lib/python3.8/site-packages/airflow/example_dags/tutorial_dag.py
[2024-03-13T06:40:52.408+0000] {processor.py:840} INFO - DAG(s) 'tutorial_dag' retrieved from /home/airflow/.local/lib/python3.8/site-packages/airflow/example_dags/tutorial_dag.py
[2024-03-13T06:40:52.425+0000] {logging_mixin.py:188} INFO - [2024-03-13T06:40:52.425+0000] {dag.py:3047} INFO - Sync 1 DAGs
[2024-03-13T06:40:52.435+0000] {logging_mixin.py:188} INFO - [2024-03-13T06:40:52.434+0000] {dag.py:3834} INFO - Setting next_dagrun for tutorial_dag to None, run_after=None
[2024-03-13T06:40:52.452+0000] {processor.py:183} INFO - Processing /home/airflow/.local/lib/python3.8/site-packages/airflow/example_dags/tutorial_dag.py took 0.051 seconds
[2024-03-13T06:41:23.005+0000] {processor.py:161} INFO - Started process (PID=579) to work on /home/airflow/.local/lib/python3.8/site-packages/airflow/example_dags/tutorial_dag.py
[2024-03-13T06:41:23.006+0000] {processor.py:830} INFO - Processing file /home/airflow/.local/lib/python3.8/site-packages/airflow/example_dags/tutorial_dag.py for tasks to queue
[2024-03-13T06:41:23.007+0000] {logging_mixin.py:188} INFO - [2024-03-13T06:41:23.007+0000] {dagbag.py:540} INFO - Filling up the DagBag from /home/airflow/.local/lib/python3.8/site-packages/airflow/example_dags/tutorial_dag.py
[2024-03-13T06:41:23.011+0000] {processor.py:840} INFO - DAG(s) 'tutorial_dag' retrieved from /home/airflow/.local/lib/python3.8/site-packages/airflow/example_dags/tutorial_dag.py
[2024-03-13T06:41:23.026+0000] {logging_mixin.py:188} INFO - [2024-03-13T06:41:23.026+0000] {dag.py:3047} INFO - Sync 1 DAGs
[2024-03-13T06:41:23.037+0000] {logging_mixin.py:188} INFO - [2024-03-13T06:41:23.037+0000] {dag.py:3834} INFO - Setting next_dagrun for tutorial_dag to None, run_after=None
[2024-03-13T06:41:23.055+0000] {processor.py:183} INFO - Processing /home/airflow/.local/lib/python3.8/site-packages/airflow/example_dags/tutorial_dag.py took 0.053 seconds
[2024-03-13T06:41:53.563+0000] {processor.py:161} INFO - Started process (PID=635) to work on /home/airflow/.local/lib/python3.8/site-packages/airflow/example_dags/tutorial_dag.py
[2024-03-13T06:41:53.564+0000] {processor.py:830} INFO - Processing file /home/airflow/.local/lib/python3.8/site-packages/airflow/example_dags/tutorial_dag.py for tasks to queue
[2024-03-13T06:41:53.565+0000] {logging_mixin.py:188} INFO - [2024-03-13T06:41:53.565+0000] {dagbag.py:540} INFO - Filling up the DagBag from /home/airflow/.local/lib/python3.8/site-packages/airflow/example_dags/tutorial_dag.py
[2024-03-13T06:41:53.570+0000] {processor.py:840} INFO - DAG(s) 'tutorial_dag' retrieved from /home/airflow/.local/lib/python3.8/site-packages/airflow/example_dags/tutorial_dag.py
[2024-03-13T06:41:53.585+0000] {logging_mixin.py:188} INFO - [2024-03-13T06:41:53.585+0000] {dag.py:3047} INFO - Sync 1 DAGs
[2024-03-13T06:41:53.593+0000] {logging_mixin.py:188} INFO - [2024-03-13T06:41:53.593+0000] {dag.py:3834} INFO - Setting next_dagrun for tutorial_dag to None, run_after=None
[2024-03-13T06:41:53.611+0000] {processor.py:183} INFO - Processing /home/airflow/.local/lib/python3.8/site-packages/airflow/example_dags/tutorial_dag.py took 0.050 seconds
[2024-03-13T06:42:23.884+0000] {processor.py:161} INFO - Started process (PID=691) to work on /home/airflow/.local/lib/python3.8/site-packages/airflow/example_dags/tutorial_dag.py
[2024-03-13T06:42:23.885+0000] {processor.py:830} INFO - Processing file /home/airflow/.local/lib/python3.8/site-packages/airflow/example_dags/tutorial_dag.py for tasks to queue
[2024-03-13T06:42:23.886+0000] {logging_mixin.py:188} INFO - [2024-03-13T06:42:23.886+0000] {dagbag.py:540} INFO - Filling up the DagBag from /home/airflow/.local/lib/python3.8/site-packages/airflow/example_dags/tutorial_dag.py
[2024-03-13T06:42:23.890+0000] {processor.py:840} INFO - DAG(s) 'tutorial_dag' retrieved from /home/airflow/.local/lib/python3.8/site-packages/airflow/example_dags/tutorial_dag.py
[2024-03-13T06:42:23.905+0000] {logging_mixin.py:188} INFO - [2024-03-13T06:42:23.905+0000] {dag.py:3047} INFO - Sync 1 DAGs
[2024-03-13T06:42:23.915+0000] {logging_mixin.py:188} INFO - [2024-03-13T06:42:23.915+0000] {dag.py:3834} INFO - Setting next_dagrun for tutorial_dag to None, run_after=None
[2024-03-13T06:42:23.936+0000] {processor.py:183} INFO - Processing /home/airflow/.local/lib/python3.8/site-packages/airflow/example_dags/tutorial_dag.py took 0.054 seconds
[2024-03-13T06:42:54.052+0000] {processor.py:161} INFO - Started process (PID=747) to work on /home/airflow/.local/lib/python3.8/site-packages/airflow/example_dags/tutorial_dag.py
[2024-03-13T06:42:54.054+0000] {processor.py:830} INFO - Processing file /home/airflow/.local/lib/python3.8/site-packages/airflow/example_dags/tutorial_dag.py for tasks to queue
[2024-03-13T06:42:54.055+0000] {logging_mixin.py:188} INFO - [2024-03-13T06:42:54.055+0000] {dagbag.py:540} INFO - Filling up the DagBag from /home/airflow/.local/lib/python3.8/site-packages/airflow/example_dags/tutorial_dag.py
[2024-03-13T06:42:54.061+0000] {processor.py:840} INFO - DAG(s) 'tutorial_dag' retrieved from /home/airflow/.local/lib/python3.8/site-packages/airflow/example_dags/tutorial_dag.py
[2024-03-13T06:42:54.083+0000] {logging_mixin.py:188} INFO - [2024-03-13T06:42:54.083+0000] {dag.py:3047} INFO - Sync 1 DAGs
[2024-03-13T06:42:54.094+0000] {logging_mixin.py:188} INFO - [2024-03-13T06:42:54.093+0000] {dag.py:3834} INFO - Setting next_dagrun for tutorial_dag to None, run_after=None
[2024-03-13T06:42:54.116+0000] {processor.py:183} INFO - Processing /home/airflow/.local/lib/python3.8/site-packages/airflow/example_dags/tutorial_dag.py took 0.068 seconds
[2024-03-13T06:43:24.473+0000] {processor.py:161} INFO - Started process (PID=803) to work on /home/airflow/.local/lib/python3.8/site-packages/airflow/example_dags/tutorial_dag.py
[2024-03-13T06:43:24.474+0000] {processor.py:830} INFO - Processing file /home/airflow/.local/lib/python3.8/site-packages/airflow/example_dags/tutorial_dag.py for tasks to queue
[2024-03-13T06:43:24.474+0000] {logging_mixin.py:188} INFO - [2024-03-13T06:43:24.474+0000] {dagbag.py:540} INFO - Filling up the DagBag from /home/airflow/.local/lib/python3.8/site-packages/airflow/example_dags/tutorial_dag.py
[2024-03-13T06:43:24.478+0000] {processor.py:840} INFO - DAG(s) 'tutorial_dag' retrieved from /home/airflow/.local/lib/python3.8/site-packages/airflow/example_dags/tutorial_dag.py
[2024-03-13T06:43:24.494+0000] {logging_mixin.py:188} INFO - [2024-03-13T06:43:24.494+0000] {dag.py:3047} INFO - Sync 1 DAGs
[2024-03-13T06:43:24.503+0000] {logging_mixin.py:188} INFO - [2024-03-13T06:43:24.503+0000] {dag.py:3834} INFO - Setting next_dagrun for tutorial_dag to None, run_after=None
[2024-03-13T06:43:24.519+0000] {processor.py:183} INFO - Processing /home/airflow/.local/lib/python3.8/site-packages/airflow/example_dags/tutorial_dag.py took 0.048 seconds
[2024-03-13T06:43:55.054+0000] {processor.py:161} INFO - Started process (PID=859) to work on /home/airflow/.local/lib/python3.8/site-packages/airflow/example_dags/tutorial_dag.py
[2024-03-13T06:43:55.055+0000] {processor.py:830} INFO - Processing file /home/airflow/.local/lib/python3.8/site-packages/airflow/example_dags/tutorial_dag.py for tasks to queue
[2024-03-13T06:43:55.055+0000] {logging_mixin.py:188} INFO - [2024-03-13T06:43:55.055+0000] {dagbag.py:540} INFO - Filling up the DagBag from /home/airflow/.local/lib/python3.8/site-packages/airflow/example_dags/tutorial_dag.py
[2024-03-13T06:43:55.059+0000] {processor.py:840} INFO - DAG(s) 'tutorial_dag' retrieved from /home/airflow/.local/lib/python3.8/site-packages/airflow/example_dags/tutorial_dag.py
[2024-03-13T06:43:55.074+0000] {logging_mixin.py:188} INFO - [2024-03-13T06:43:55.074+0000] {dag.py:3047} INFO - Sync 1 DAGs
[2024-03-13T06:43:55.082+0000] {logging_mixin.py:188} INFO - [2024-03-13T06:43:55.082+0000] {dag.py:3834} INFO - Setting next_dagrun for tutorial_dag to None, run_after=None
[2024-03-13T06:43:55.096+0000] {processor.py:183} INFO - Processing /home/airflow/.local/lib/python3.8/site-packages/airflow/example_dags/tutorial_dag.py took 0.045 seconds
[2024-03-13T06:44:25.356+0000] {processor.py:161} INFO - Started process (PID=915) to work on /home/airflow/.local/lib/python3.8/site-packages/airflow/example_dags/tutorial_dag.py
[2024-03-13T06:44:25.357+0000] {processor.py:830} INFO - Processing file /home/airflow/.local/lib/python3.8/site-packages/airflow/example_dags/tutorial_dag.py for tasks to queue
[2024-03-13T06:44:25.358+0000] {logging_mixin.py:188} INFO - [2024-03-13T06:44:25.358+0000] {dagbag.py:540} INFO - Filling up the DagBag from /home/airflow/.local/lib/python3.8/site-packages/airflow/example_dags/tutorial_dag.py
[2024-03-13T06:44:25.362+0000] {processor.py:840} INFO - DAG(s) 'tutorial_dag' retrieved from /home/airflow/.local/lib/python3.8/site-packages/airflow/example_dags/tutorial_dag.py
[2024-03-13T06:44:25.376+0000] {logging_mixin.py:188} INFO - [2024-03-13T06:44:25.376+0000] {dag.py:3047} INFO - Sync 1 DAGs
[2024-03-13T06:44:25.385+0000] {logging_mixin.py:188} INFO - [2024-03-13T06:44:25.384+0000] {dag.py:3834} INFO - Setting next_dagrun for tutorial_dag to None, run_after=None
[2024-03-13T06:44:25.400+0000] {processor.py:183} INFO - Processing /home/airflow/.local/lib/python3.8/site-packages/airflow/example_dags/tutorial_dag.py took 0.045 seconds
[2024-03-13T06:44:56.206+0000] {processor.py:161} INFO - Started process (PID=971) to work on /home/airflow/.local/lib/python3.8/site-packages/airflow/example_dags/tutorial_dag.py
[2024-03-13T06:44:56.207+0000] {processor.py:830} INFO - Processing file /home/airflow/.local/lib/python3.8/site-packages/airflow/example_dags/tutorial_dag.py for tasks to queue
[2024-03-13T06:44:56.209+0000] {logging_mixin.py:188} INFO - [2024-03-13T06:44:56.208+0000] {dagbag.py:540} INFO - Filling up the DagBag from /home/airflow/.local/lib/python3.8/site-packages/airflow/example_dags/tutorial_dag.py
[2024-03-13T06:44:56.216+0000] {processor.py:840} INFO - DAG(s) 'tutorial_dag' retrieved from /home/airflow/.local/lib/python3.8/site-packages/airflow/example_dags/tutorial_dag.py
[2024-03-13T06:44:56.237+0000] {logging_mixin.py:188} INFO - [2024-03-13T06:44:56.237+0000] {dag.py:3047} INFO - Sync 1 DAGs
[2024-03-13T06:44:56.250+0000] {logging_mixin.py:188} INFO - [2024-03-13T06:44:56.250+0000] {dag.py:3834} INFO - Setting next_dagrun for tutorial_dag to None, run_after=None
[2024-03-13T06:44:56.273+0000] {processor.py:183} INFO - Processing /home/airflow/.local/lib/python3.8/site-packages/airflow/example_dags/tutorial_dag.py took 0.070 seconds
[2024-03-13T06:45:27.028+0000] {processor.py:161} INFO - Started process (PID=1028) to work on /home/airflow/.local/lib/python3.8/site-packages/airflow/example_dags/tutorial_dag.py
[2024-03-13T06:45:27.029+0000] {processor.py:830} INFO - Processing file /home/airflow/.local/lib/python3.8/site-packages/airflow/example_dags/tutorial_dag.py for tasks to queue
[2024-03-13T06:45:27.030+0000] {logging_mixin.py:188} INFO - [2024-03-13T06:45:27.030+0000] {dagbag.py:540} INFO - Filling up the DagBag from /home/airflow/.local/lib/python3.8/site-packages/airflow/example_dags/tutorial_dag.py
[2024-03-13T06:45:27.034+0000] {processor.py:840} INFO - DAG(s) 'tutorial_dag' retrieved from /home/airflow/.local/lib/python3.8/site-packages/airflow/example_dags/tutorial_dag.py
[2024-03-13T06:45:27.051+0000] {logging_mixin.py:188} INFO - [2024-03-13T06:45:27.051+0000] {dag.py:3047} INFO - Sync 1 DAGs
[2024-03-13T06:45:27.061+0000] {logging_mixin.py:188} INFO - [2024-03-13T06:45:27.061+0000] {dag.py:3834} INFO - Setting next_dagrun for tutorial_dag to None, run_after=None
[2024-03-13T06:45:27.077+0000] {processor.py:183} INFO - Processing /home/airflow/.local/lib/python3.8/site-packages/airflow/example_dags/tutorial_dag.py took 0.051 seconds
[2024-03-13T06:45:57.484+0000] {processor.py:161} INFO - Started process (PID=1084) to work on /home/airflow/.local/lib/python3.8/site-packages/airflow/example_dags/tutorial_dag.py
[2024-03-13T06:45:57.486+0000] {processor.py:830} INFO - Processing file /home/airflow/.local/lib/python3.8/site-packages/airflow/example_dags/tutorial_dag.py for tasks to queue
[2024-03-13T06:45:57.488+0000] {logging_mixin.py:188} INFO - [2024-03-13T06:45:57.487+0000] {dagbag.py:540} INFO - Filling up the DagBag from /home/airflow/.local/lib/python3.8/site-packages/airflow/example_dags/tutorial_dag.py
[2024-03-13T06:45:57.492+0000] {processor.py:840} INFO - DAG(s) 'tutorial_dag' retrieved from /home/airflow/.local/lib/python3.8/site-packages/airflow/example_dags/tutorial_dag.py
[2024-03-13T06:45:57.510+0000] {logging_mixin.py:188} INFO - [2024-03-13T06:45:57.510+0000] {dag.py:3047} INFO - Sync 1 DAGs
[2024-03-13T06:45:57.524+0000] {logging_mixin.py:188} INFO - [2024-03-13T06:45:57.524+0000] {dag.py:3834} INFO - Setting next_dagrun for tutorial_dag to None, run_after=None
[2024-03-13T06:45:57.544+0000] {processor.py:183} INFO - Processing /home/airflow/.local/lib/python3.8/site-packages/airflow/example_dags/tutorial_dag.py took 0.063 seconds
[2024-03-13T06:46:27.957+0000] {processor.py:161} INFO - Started process (PID=1140) to work on /home/airflow/.local/lib/python3.8/site-packages/airflow/example_dags/tutorial_dag.py
[2024-03-13T06:46:27.958+0000] {processor.py:830} INFO - Processing file /home/airflow/.local/lib/python3.8/site-packages/airflow/example_dags/tutorial_dag.py for tasks to queue
[2024-03-13T06:46:27.959+0000] {logging_mixin.py:188} INFO - [2024-03-13T06:46:27.959+0000] {dagbag.py:540} INFO - Filling up the DagBag from /home/airflow/.local/lib/python3.8/site-packages/airflow/example_dags/tutorial_dag.py
[2024-03-13T06:46:27.963+0000] {processor.py:840} INFO - DAG(s) 'tutorial_dag' retrieved from /home/airflow/.local/lib/python3.8/site-packages/airflow/example_dags/tutorial_dag.py
[2024-03-13T06:46:27.980+0000] {logging_mixin.py:188} INFO - [2024-03-13T06:46:27.979+0000] {dag.py:3047} INFO - Sync 1 DAGs
[2024-03-13T06:46:27.990+0000] {logging_mixin.py:188} INFO - [2024-03-13T06:46:27.990+0000] {dag.py:3834} INFO - Setting next_dagrun for tutorial_dag to None, run_after=None
[2024-03-13T06:46:28.010+0000] {processor.py:183} INFO - Processing /home/airflow/.local/lib/python3.8/site-packages/airflow/example_dags/tutorial_dag.py took 0.056 seconds
[2024-03-13T06:46:58.257+0000] {processor.py:161} INFO - Started process (PID=1203) to work on /home/airflow/.local/lib/python3.8/site-packages/airflow/example_dags/tutorial_dag.py
[2024-03-13T06:46:58.258+0000] {processor.py:830} INFO - Processing file /home/airflow/.local/lib/python3.8/site-packages/airflow/example_dags/tutorial_dag.py for tasks to queue
[2024-03-13T06:46:58.260+0000] {logging_mixin.py:188} INFO - [2024-03-13T06:46:58.259+0000] {dagbag.py:540} INFO - Filling up the DagBag from /home/airflow/.local/lib/python3.8/site-packages/airflow/example_dags/tutorial_dag.py
[2024-03-13T06:46:58.265+0000] {processor.py:840} INFO - DAG(s) 'tutorial_dag' retrieved from /home/airflow/.local/lib/python3.8/site-packages/airflow/example_dags/tutorial_dag.py
[2024-03-13T06:46:58.282+0000] {logging_mixin.py:188} INFO - [2024-03-13T06:46:58.282+0000] {dag.py:3047} INFO - Sync 1 DAGs
[2024-03-13T06:46:58.293+0000] {logging_mixin.py:188} INFO - [2024-03-13T06:46:58.292+0000] {dag.py:3834} INFO - Setting next_dagrun for tutorial_dag to None, run_after=None
[2024-03-13T06:46:58.310+0000] {processor.py:183} INFO - Processing /home/airflow/.local/lib/python3.8/site-packages/airflow/example_dags/tutorial_dag.py took 0.055 seconds
[2024-03-13T06:47:29.112+0000] {processor.py:161} INFO - Started process (PID=1259) to work on /home/airflow/.local/lib/python3.8/site-packages/airflow/example_dags/tutorial_dag.py
[2024-03-13T06:47:29.114+0000] {processor.py:830} INFO - Processing file /home/airflow/.local/lib/python3.8/site-packages/airflow/example_dags/tutorial_dag.py for tasks to queue
[2024-03-13T06:47:29.115+0000] {logging_mixin.py:188} INFO - [2024-03-13T06:47:29.115+0000] {dagbag.py:540} INFO - Filling up the DagBag from /home/airflow/.local/lib/python3.8/site-packages/airflow/example_dags/tutorial_dag.py
[2024-03-13T06:47:29.120+0000] {processor.py:840} INFO - DAG(s) 'tutorial_dag' retrieved from /home/airflow/.local/lib/python3.8/site-packages/airflow/example_dags/tutorial_dag.py
[2024-03-13T06:47:29.141+0000] {logging_mixin.py:188} INFO - [2024-03-13T06:47:29.141+0000] {dag.py:3047} INFO - Sync 1 DAGs
[2024-03-13T06:47:29.154+0000] {logging_mixin.py:188} INFO - [2024-03-13T06:47:29.154+0000] {dag.py:3834} INFO - Setting next_dagrun for tutorial_dag to None, run_after=None
[2024-03-13T06:47:29.178+0000] {processor.py:183} INFO - Processing /home/airflow/.local/lib/python3.8/site-packages/airflow/example_dags/tutorial_dag.py took 0.068 seconds
[2024-03-13T06:47:59.813+0000] {processor.py:161} INFO - Started process (PID=1315) to work on /home/airflow/.local/lib/python3.8/site-packages/airflow/example_dags/tutorial_dag.py
[2024-03-13T06:47:59.814+0000] {processor.py:830} INFO - Processing file /home/airflow/.local/lib/python3.8/site-packages/airflow/example_dags/tutorial_dag.py for tasks to queue
[2024-03-13T06:47:59.815+0000] {logging_mixin.py:188} INFO - [2024-03-13T06:47:59.815+0000] {dagbag.py:540} INFO - Filling up the DagBag from /home/airflow/.local/lib/python3.8/site-packages/airflow/example_dags/tutorial_dag.py
[2024-03-13T06:47:59.821+0000] {processor.py:840} INFO - DAG(s) 'tutorial_dag' retrieved from /home/airflow/.local/lib/python3.8/site-packages/airflow/example_dags/tutorial_dag.py
[2024-03-13T06:47:59.839+0000] {logging_mixin.py:188} INFO - [2024-03-13T06:47:59.839+0000] {dag.py:3047} INFO - Sync 1 DAGs
[2024-03-13T06:47:59.848+0000] {logging_mixin.py:188} INFO - [2024-03-13T06:47:59.848+0000] {dag.py:3834} INFO - Setting next_dagrun for tutorial_dag to None, run_after=None
[2024-03-13T06:47:59.868+0000] {processor.py:183} INFO - Processing /home/airflow/.local/lib/python3.8/site-packages/airflow/example_dags/tutorial_dag.py took 0.057 seconds
[2024-03-13T06:48:30.116+0000] {processor.py:161} INFO - Started process (PID=1372) to work on /home/airflow/.local/lib/python3.8/site-packages/airflow/example_dags/tutorial_dag.py
[2024-03-13T06:48:30.118+0000] {processor.py:830} INFO - Processing file /home/airflow/.local/lib/python3.8/site-packages/airflow/example_dags/tutorial_dag.py for tasks to queue
[2024-03-13T06:48:30.119+0000] {logging_mixin.py:188} INFO - [2024-03-13T06:48:30.119+0000] {dagbag.py:540} INFO - Filling up the DagBag from /home/airflow/.local/lib/python3.8/site-packages/airflow/example_dags/tutorial_dag.py
[2024-03-13T06:48:30.123+0000] {processor.py:840} INFO - DAG(s) 'tutorial_dag' retrieved from /home/airflow/.local/lib/python3.8/site-packages/airflow/example_dags/tutorial_dag.py
[2024-03-13T06:48:30.139+0000] {logging_mixin.py:188} INFO - [2024-03-13T06:48:30.139+0000] {dag.py:3047} INFO - Sync 1 DAGs
[2024-03-13T06:48:30.149+0000] {logging_mixin.py:188} INFO - [2024-03-13T06:48:30.149+0000] {dag.py:3834} INFO - Setting next_dagrun for tutorial_dag to None, run_after=None
[2024-03-13T06:48:30.167+0000] {processor.py:183} INFO - Processing /home/airflow/.local/lib/python3.8/site-packages/airflow/example_dags/tutorial_dag.py took 0.054 seconds
[2024-03-13T06:49:00.325+0000] {processor.py:161} INFO - Started process (PID=1429) to work on /home/airflow/.local/lib/python3.8/site-packages/airflow/example_dags/tutorial_dag.py
[2024-03-13T06:49:00.326+0000] {processor.py:830} INFO - Processing file /home/airflow/.local/lib/python3.8/site-packages/airflow/example_dags/tutorial_dag.py for tasks to queue
[2024-03-13T06:49:00.327+0000] {logging_mixin.py:188} INFO - [2024-03-13T06:49:00.327+0000] {dagbag.py:540} INFO - Filling up the DagBag from /home/airflow/.local/lib/python3.8/site-packages/airflow/example_dags/tutorial_dag.py
[2024-03-13T06:49:00.331+0000] {processor.py:840} INFO - DAG(s) 'tutorial_dag' retrieved from /home/airflow/.local/lib/python3.8/site-packages/airflow/example_dags/tutorial_dag.py
[2024-03-13T06:49:00.346+0000] {logging_mixin.py:188} INFO - [2024-03-13T06:49:00.346+0000] {dag.py:3047} INFO - Sync 1 DAGs
[2024-03-13T06:49:00.356+0000] {logging_mixin.py:188} INFO - [2024-03-13T06:49:00.356+0000] {dag.py:3834} INFO - Setting next_dagrun for tutorial_dag to None, run_after=None
[2024-03-13T06:49:00.372+0000] {processor.py:183} INFO - Processing /home/airflow/.local/lib/python3.8/site-packages/airflow/example_dags/tutorial_dag.py took 0.049 seconds
[2024-03-13T06:49:30.612+0000] {processor.py:161} INFO - Started process (PID=1485) to work on /home/airflow/.local/lib/python3.8/site-packages/airflow/example_dags/tutorial_dag.py
[2024-03-13T06:49:30.613+0000] {processor.py:830} INFO - Processing file /home/airflow/.local/lib/python3.8/site-packages/airflow/example_dags/tutorial_dag.py for tasks to queue
[2024-03-13T06:49:30.614+0000] {logging_mixin.py:188} INFO - [2024-03-13T06:49:30.614+0000] {dagbag.py:540} INFO - Filling up the DagBag from /home/airflow/.local/lib/python3.8/site-packages/airflow/example_dags/tutorial_dag.py
[2024-03-13T06:49:30.618+0000] {processor.py:840} INFO - DAG(s) 'tutorial_dag' retrieved from /home/airflow/.local/lib/python3.8/site-packages/airflow/example_dags/tutorial_dag.py
[2024-03-13T06:49:30.634+0000] {logging_mixin.py:188} INFO - [2024-03-13T06:49:30.634+0000] {dag.py:3047} INFO - Sync 1 DAGs
[2024-03-13T06:49:30.644+0000] {logging_mixin.py:188} INFO - [2024-03-13T06:49:30.644+0000] {dag.py:3834} INFO - Setting next_dagrun for tutorial_dag to None, run_after=None
[2024-03-13T06:49:30.659+0000] {processor.py:183} INFO - Processing /home/airflow/.local/lib/python3.8/site-packages/airflow/example_dags/tutorial_dag.py took 0.049 seconds
[2024-03-13T06:50:00.830+0000] {processor.py:161} INFO - Started process (PID=1543) to work on /home/airflow/.local/lib/python3.8/site-packages/airflow/example_dags/tutorial_dag.py
[2024-03-13T06:50:00.830+0000] {processor.py:830} INFO - Processing file /home/airflow/.local/lib/python3.8/site-packages/airflow/example_dags/tutorial_dag.py for tasks to queue
[2024-03-13T06:50:00.831+0000] {logging_mixin.py:188} INFO - [2024-03-13T06:50:00.831+0000] {dagbag.py:540} INFO - Filling up the DagBag from /home/airflow/.local/lib/python3.8/site-packages/airflow/example_dags/tutorial_dag.py
[2024-03-13T06:50:00.835+0000] {processor.py:840} INFO - DAG(s) 'tutorial_dag' retrieved from /home/airflow/.local/lib/python3.8/site-packages/airflow/example_dags/tutorial_dag.py
[2024-03-13T06:50:00.850+0000] {logging_mixin.py:188} INFO - [2024-03-13T06:50:00.850+0000] {dag.py:3047} INFO - Sync 1 DAGs
[2024-03-13T06:50:00.859+0000] {logging_mixin.py:188} INFO - [2024-03-13T06:50:00.859+0000] {dag.py:3834} INFO - Setting next_dagrun for tutorial_dag to None, run_after=None
[2024-03-13T06:50:00.876+0000] {processor.py:183} INFO - Processing /home/airflow/.local/lib/python3.8/site-packages/airflow/example_dags/tutorial_dag.py took 0.049 seconds
[2024-03-13T06:50:31.007+0000] {processor.py:161} INFO - Started process (PID=1600) to work on /home/airflow/.local/lib/python3.8/site-packages/airflow/example_dags/tutorial_dag.py
[2024-03-13T06:50:31.008+0000] {processor.py:830} INFO - Processing file /home/airflow/.local/lib/python3.8/site-packages/airflow/example_dags/tutorial_dag.py for tasks to queue
[2024-03-13T06:50:31.009+0000] {logging_mixin.py:188} INFO - [2024-03-13T06:50:31.009+0000] {dagbag.py:540} INFO - Filling up the DagBag from /home/airflow/.local/lib/python3.8/site-packages/airflow/example_dags/tutorial_dag.py
[2024-03-13T06:50:31.013+0000] {processor.py:840} INFO - DAG(s) 'tutorial_dag' retrieved from /home/airflow/.local/lib/python3.8/site-packages/airflow/example_dags/tutorial_dag.py
[2024-03-13T06:50:31.029+0000] {logging_mixin.py:188} INFO - [2024-03-13T06:50:31.029+0000] {dag.py:3047} INFO - Sync 1 DAGs
[2024-03-13T06:50:31.038+0000] {logging_mixin.py:188} INFO - [2024-03-13T06:50:31.038+0000] {dag.py:3834} INFO - Setting next_dagrun for tutorial_dag to None, run_after=None
[2024-03-13T06:50:31.054+0000] {processor.py:183} INFO - Processing /home/airflow/.local/lib/python3.8/site-packages/airflow/example_dags/tutorial_dag.py took 0.049 seconds
[2024-03-13T06:51:01.305+0000] {processor.py:161} INFO - Started process (PID=1660) to work on /home/airflow/.local/lib/python3.8/site-packages/airflow/example_dags/tutorial_dag.py
[2024-03-13T06:51:01.306+0000] {processor.py:830} INFO - Processing file /home/airflow/.local/lib/python3.8/site-packages/airflow/example_dags/tutorial_dag.py for tasks to queue
[2024-03-13T06:51:01.307+0000] {logging_mixin.py:188} INFO - [2024-03-13T06:51:01.306+0000] {dagbag.py:540} INFO - Filling up the DagBag from /home/airflow/.local/lib/python3.8/site-packages/airflow/example_dags/tutorial_dag.py
[2024-03-13T06:51:01.311+0000] {processor.py:840} INFO - DAG(s) 'tutorial_dag' retrieved from /home/airflow/.local/lib/python3.8/site-packages/airflow/example_dags/tutorial_dag.py
[2024-03-13T06:51:01.327+0000] {logging_mixin.py:188} INFO - [2024-03-13T06:51:01.326+0000] {dag.py:3047} INFO - Sync 1 DAGs
[2024-03-13T06:51:01.336+0000] {logging_mixin.py:188} INFO - [2024-03-13T06:51:01.336+0000] {dag.py:3834} INFO - Setting next_dagrun for tutorial_dag to None, run_after=None
[2024-03-13T06:51:01.350+0000] {processor.py:183} INFO - Processing /home/airflow/.local/lib/python3.8/site-packages/airflow/example_dags/tutorial_dag.py took 0.049 seconds
[2024-03-13T06:52:19.923+0000] {processor.py:161} INFO - Started process (PID=75) to work on /home/airflow/.local/lib/python3.8/site-packages/airflow/example_dags/tutorial_dag.py
[2024-03-13T06:52:19.925+0000] {processor.py:830} INFO - Processing file /home/airflow/.local/lib/python3.8/site-packages/airflow/example_dags/tutorial_dag.py for tasks to queue
[2024-03-13T06:52:19.927+0000] {logging_mixin.py:188} INFO - [2024-03-13T06:52:19.926+0000] {dagbag.py:540} INFO - Filling up the DagBag from /home/airflow/.local/lib/python3.8/site-packages/airflow/example_dags/tutorial_dag.py
[2024-03-13T06:52:19.932+0000] {processor.py:840} INFO - DAG(s) 'tutorial_dag' retrieved from /home/airflow/.local/lib/python3.8/site-packages/airflow/example_dags/tutorial_dag.py
[2024-03-13T06:52:19.944+0000] {logging_mixin.py:188} INFO - [2024-03-13T06:52:19.944+0000] {dag.py:3047} INFO - Sync 1 DAGs
[2024-03-13T06:52:19.956+0000] {logging_mixin.py:188} INFO - [2024-03-13T06:52:19.956+0000] {dag.py:3834} INFO - Setting next_dagrun for tutorial_dag to None, run_after=None
[2024-03-13T06:52:19.979+0000] {processor.py:183} INFO - Processing /home/airflow/.local/lib/python3.8/site-packages/airflow/example_dags/tutorial_dag.py took 0.059 seconds
[2024-03-13T06:52:51.339+0000] {processor.py:161} INFO - Started process (PID=131) to work on /home/airflow/.local/lib/python3.8/site-packages/airflow/example_dags/tutorial_dag.py
[2024-03-13T06:52:51.347+0000] {processor.py:830} INFO - Processing file /home/airflow/.local/lib/python3.8/site-packages/airflow/example_dags/tutorial_dag.py for tasks to queue
[2024-03-13T06:52:51.349+0000] {logging_mixin.py:188} INFO - [2024-03-13T06:52:51.349+0000] {dagbag.py:540} INFO - Filling up the DagBag from /home/airflow/.local/lib/python3.8/site-packages/airflow/example_dags/tutorial_dag.py
[2024-03-13T06:52:51.353+0000] {processor.py:840} INFO - DAG(s) 'tutorial_dag' retrieved from /home/airflow/.local/lib/python3.8/site-packages/airflow/example_dags/tutorial_dag.py
[2024-03-13T06:52:51.425+0000] {logging_mixin.py:188} INFO - [2024-03-13T06:52:51.425+0000] {dag.py:3047} INFO - Sync 1 DAGs
[2024-03-13T06:52:51.433+0000] {logging_mixin.py:188} INFO - [2024-03-13T06:52:51.433+0000] {dag.py:3834} INFO - Setting next_dagrun for tutorial_dag to None, run_after=None
[2024-03-13T06:52:51.452+0000] {processor.py:183} INFO - Processing /home/airflow/.local/lib/python3.8/site-packages/airflow/example_dags/tutorial_dag.py took 0.115 seconds
[2024-03-13T06:53:22.256+0000] {processor.py:161} INFO - Started process (PID=187) to work on /home/airflow/.local/lib/python3.8/site-packages/airflow/example_dags/tutorial_dag.py
[2024-03-13T06:53:22.257+0000] {processor.py:830} INFO - Processing file /home/airflow/.local/lib/python3.8/site-packages/airflow/example_dags/tutorial_dag.py for tasks to queue
[2024-03-13T06:53:22.258+0000] {logging_mixin.py:188} INFO - [2024-03-13T06:53:22.258+0000] {dagbag.py:540} INFO - Filling up the DagBag from /home/airflow/.local/lib/python3.8/site-packages/airflow/example_dags/tutorial_dag.py
[2024-03-13T06:53:22.263+0000] {processor.py:840} INFO - DAG(s) 'tutorial_dag' retrieved from /home/airflow/.local/lib/python3.8/site-packages/airflow/example_dags/tutorial_dag.py
[2024-03-13T06:53:22.278+0000] {logging_mixin.py:188} INFO - [2024-03-13T06:53:22.277+0000] {dag.py:3047} INFO - Sync 1 DAGs
[2024-03-13T06:53:22.287+0000] {logging_mixin.py:188} INFO - [2024-03-13T06:53:22.287+0000] {dag.py:3834} INFO - Setting next_dagrun for tutorial_dag to None, run_after=None
[2024-03-13T06:53:22.303+0000] {processor.py:183} INFO - Processing /home/airflow/.local/lib/python3.8/site-packages/airflow/example_dags/tutorial_dag.py took 0.050 seconds
[2024-03-13T06:53:52.587+0000] {processor.py:161} INFO - Started process (PID=243) to work on /home/airflow/.local/lib/python3.8/site-packages/airflow/example_dags/tutorial_dag.py
[2024-03-13T06:53:52.588+0000] {processor.py:830} INFO - Processing file /home/airflow/.local/lib/python3.8/site-packages/airflow/example_dags/tutorial_dag.py for tasks to queue
[2024-03-13T06:53:52.589+0000] {logging_mixin.py:188} INFO - [2024-03-13T06:53:52.589+0000] {dagbag.py:540} INFO - Filling up the DagBag from /home/airflow/.local/lib/python3.8/site-packages/airflow/example_dags/tutorial_dag.py
[2024-03-13T06:53:52.594+0000] {processor.py:840} INFO - DAG(s) 'tutorial_dag' retrieved from /home/airflow/.local/lib/python3.8/site-packages/airflow/example_dags/tutorial_dag.py
[2024-03-13T06:53:52.610+0000] {logging_mixin.py:188} INFO - [2024-03-13T06:53:52.610+0000] {dag.py:3047} INFO - Sync 1 DAGs
[2024-03-13T06:53:52.620+0000] {logging_mixin.py:188} INFO - [2024-03-13T06:53:52.620+0000] {dag.py:3834} INFO - Setting next_dagrun for tutorial_dag to None, run_after=None
[2024-03-13T06:53:52.637+0000] {processor.py:183} INFO - Processing /home/airflow/.local/lib/python3.8/site-packages/airflow/example_dags/tutorial_dag.py took 0.052 seconds
[2024-03-13T06:54:22.904+0000] {processor.py:161} INFO - Started process (PID=298) to work on /home/airflow/.local/lib/python3.8/site-packages/airflow/example_dags/tutorial_dag.py
[2024-03-13T06:54:22.905+0000] {processor.py:830} INFO - Processing file /home/airflow/.local/lib/python3.8/site-packages/airflow/example_dags/tutorial_dag.py for tasks to queue
[2024-03-13T06:54:22.906+0000] {logging_mixin.py:188} INFO - [2024-03-13T06:54:22.906+0000] {dagbag.py:540} INFO - Filling up the DagBag from /home/airflow/.local/lib/python3.8/site-packages/airflow/example_dags/tutorial_dag.py
[2024-03-13T06:54:22.911+0000] {processor.py:840} INFO - DAG(s) 'tutorial_dag' retrieved from /home/airflow/.local/lib/python3.8/site-packages/airflow/example_dags/tutorial_dag.py
[2024-03-13T06:54:22.925+0000] {logging_mixin.py:188} INFO - [2024-03-13T06:54:22.925+0000] {dag.py:3047} INFO - Sync 1 DAGs
[2024-03-13T06:54:22.934+0000] {logging_mixin.py:188} INFO - [2024-03-13T06:54:22.934+0000] {dag.py:3834} INFO - Setting next_dagrun for tutorial_dag to None, run_after=None
[2024-03-13T06:54:22.950+0000] {processor.py:183} INFO - Processing /home/airflow/.local/lib/python3.8/site-packages/airflow/example_dags/tutorial_dag.py took 0.048 seconds
[2024-03-13T06:54:53.533+0000] {processor.py:161} INFO - Started process (PID=354) to work on /home/airflow/.local/lib/python3.8/site-packages/airflow/example_dags/tutorial_dag.py
[2024-03-13T06:54:53.535+0000] {processor.py:830} INFO - Processing file /home/airflow/.local/lib/python3.8/site-packages/airflow/example_dags/tutorial_dag.py for tasks to queue
[2024-03-13T06:54:53.537+0000] {logging_mixin.py:188} INFO - [2024-03-13T06:54:53.537+0000] {dagbag.py:540} INFO - Filling up the DagBag from /home/airflow/.local/lib/python3.8/site-packages/airflow/example_dags/tutorial_dag.py
[2024-03-13T06:54:53.544+0000] {processor.py:840} INFO - DAG(s) 'tutorial_dag' retrieved from /home/airflow/.local/lib/python3.8/site-packages/airflow/example_dags/tutorial_dag.py
[2024-03-13T06:54:53.569+0000] {logging_mixin.py:188} INFO - [2024-03-13T06:54:53.569+0000] {dag.py:3047} INFO - Sync 1 DAGs
[2024-03-13T06:54:53.587+0000] {logging_mixin.py:188} INFO - [2024-03-13T06:54:53.586+0000] {dag.py:3834} INFO - Setting next_dagrun for tutorial_dag to None, run_after=None
[2024-03-13T06:54:53.617+0000] {processor.py:183} INFO - Processing /home/airflow/.local/lib/python3.8/site-packages/airflow/example_dags/tutorial_dag.py took 0.088 seconds
[2024-03-13T06:55:24.472+0000] {processor.py:161} INFO - Started process (PID=410) to work on /home/airflow/.local/lib/python3.8/site-packages/airflow/example_dags/tutorial_dag.py
[2024-03-13T06:55:24.473+0000] {processor.py:830} INFO - Processing file /home/airflow/.local/lib/python3.8/site-packages/airflow/example_dags/tutorial_dag.py for tasks to queue
[2024-03-13T06:55:24.475+0000] {logging_mixin.py:188} INFO - [2024-03-13T06:55:24.475+0000] {dagbag.py:540} INFO - Filling up the DagBag from /home/airflow/.local/lib/python3.8/site-packages/airflow/example_dags/tutorial_dag.py
[2024-03-13T06:55:24.479+0000] {processor.py:840} INFO - DAG(s) 'tutorial_dag' retrieved from /home/airflow/.local/lib/python3.8/site-packages/airflow/example_dags/tutorial_dag.py
[2024-03-13T06:55:24.496+0000] {logging_mixin.py:188} INFO - [2024-03-13T06:55:24.496+0000] {dag.py:3047} INFO - Sync 1 DAGs
[2024-03-13T06:55:24.506+0000] {logging_mixin.py:188} INFO - [2024-03-13T06:55:24.506+0000] {dag.py:3834} INFO - Setting next_dagrun for tutorial_dag to None, run_after=None
[2024-03-13T06:55:24.526+0000] {processor.py:183} INFO - Processing /home/airflow/.local/lib/python3.8/site-packages/airflow/example_dags/tutorial_dag.py took 0.056 seconds
[2024-03-13T06:55:55.080+0000] {processor.py:161} INFO - Started process (PID=467) to work on /home/airflow/.local/lib/python3.8/site-packages/airflow/example_dags/tutorial_dag.py
[2024-03-13T06:55:55.081+0000] {processor.py:830} INFO - Processing file /home/airflow/.local/lib/python3.8/site-packages/airflow/example_dags/tutorial_dag.py for tasks to queue
[2024-03-13T06:55:55.082+0000] {logging_mixin.py:188} INFO - [2024-03-13T06:55:55.082+0000] {dagbag.py:540} INFO - Filling up the DagBag from /home/airflow/.local/lib/python3.8/site-packages/airflow/example_dags/tutorial_dag.py
[2024-03-13T06:55:55.086+0000] {processor.py:840} INFO - DAG(s) 'tutorial_dag' retrieved from /home/airflow/.local/lib/python3.8/site-packages/airflow/example_dags/tutorial_dag.py
[2024-03-13T06:55:55.101+0000] {logging_mixin.py:188} INFO - [2024-03-13T06:55:55.101+0000] {dag.py:3047} INFO - Sync 1 DAGs
[2024-03-13T06:55:55.110+0000] {logging_mixin.py:188} INFO - [2024-03-13T06:55:55.110+0000] {dag.py:3834} INFO - Setting next_dagrun for tutorial_dag to None, run_after=None
[2024-03-13T06:55:55.126+0000] {processor.py:183} INFO - Processing /home/airflow/.local/lib/python3.8/site-packages/airflow/example_dags/tutorial_dag.py took 0.049 seconds
[2024-03-13T06:56:25.883+0000] {processor.py:161} INFO - Started process (PID=524) to work on /home/airflow/.local/lib/python3.8/site-packages/airflow/example_dags/tutorial_dag.py
[2024-03-13T06:56:25.884+0000] {processor.py:830} INFO - Processing file /home/airflow/.local/lib/python3.8/site-packages/airflow/example_dags/tutorial_dag.py for tasks to queue
[2024-03-13T06:56:25.886+0000] {logging_mixin.py:188} INFO - [2024-03-13T06:56:25.886+0000] {dagbag.py:540} INFO - Filling up the DagBag from /home/airflow/.local/lib/python3.8/site-packages/airflow/example_dags/tutorial_dag.py
[2024-03-13T06:56:25.891+0000] {processor.py:840} INFO - DAG(s) 'tutorial_dag' retrieved from /home/airflow/.local/lib/python3.8/site-packages/airflow/example_dags/tutorial_dag.py
[2024-03-13T06:56:25.909+0000] {logging_mixin.py:188} INFO - [2024-03-13T06:56:25.909+0000] {dag.py:3047} INFO - Sync 1 DAGs
[2024-03-13T06:56:25.919+0000] {logging_mixin.py:188} INFO - [2024-03-13T06:56:25.918+0000] {dag.py:3834} INFO - Setting next_dagrun for tutorial_dag to None, run_after=None
[2024-03-13T06:56:25.935+0000] {processor.py:183} INFO - Processing /home/airflow/.local/lib/python3.8/site-packages/airflow/example_dags/tutorial_dag.py took 0.054 seconds
[2024-03-13T07:02:13.572+0000] {processor.py:161} INFO - Started process (PID=75) to work on /home/airflow/.local/lib/python3.8/site-packages/airflow/example_dags/tutorial_dag.py
[2024-03-13T07:02:13.574+0000] {processor.py:830} INFO - Processing file /home/airflow/.local/lib/python3.8/site-packages/airflow/example_dags/tutorial_dag.py for tasks to queue
[2024-03-13T07:02:13.577+0000] {logging_mixin.py:188} INFO - [2024-03-13T07:02:13.576+0000] {dagbag.py:540} INFO - Filling up the DagBag from /home/airflow/.local/lib/python3.8/site-packages/airflow/example_dags/tutorial_dag.py
[2024-03-13T07:02:13.589+0000] {processor.py:840} INFO - DAG(s) 'tutorial_dag' retrieved from /home/airflow/.local/lib/python3.8/site-packages/airflow/example_dags/tutorial_dag.py
[2024-03-13T07:02:13.606+0000] {logging_mixin.py:188} INFO - [2024-03-13T07:02:13.606+0000] {dag.py:3047} INFO - Sync 1 DAGs
[2024-03-13T07:02:13.621+0000] {logging_mixin.py:188} INFO - [2024-03-13T07:02:13.620+0000] {dag.py:3834} INFO - Setting next_dagrun for tutorial_dag to None, run_after=None
[2024-03-13T07:02:13.645+0000] {processor.py:183} INFO - Processing /home/airflow/.local/lib/python3.8/site-packages/airflow/example_dags/tutorial_dag.py took 0.078 seconds
[2024-03-13T07:02:44.959+0000] {processor.py:161} INFO - Started process (PID=132) to work on /home/airflow/.local/lib/python3.8/site-packages/airflow/example_dags/tutorial_dag.py
[2024-03-13T07:02:44.960+0000] {processor.py:830} INFO - Processing file /home/airflow/.local/lib/python3.8/site-packages/airflow/example_dags/tutorial_dag.py for tasks to queue
[2024-03-13T07:02:44.963+0000] {logging_mixin.py:188} INFO - [2024-03-13T07:02:44.963+0000] {dagbag.py:540} INFO - Filling up the DagBag from /home/airflow/.local/lib/python3.8/site-packages/airflow/example_dags/tutorial_dag.py
[2024-03-13T07:02:44.967+0000] {processor.py:840} INFO - DAG(s) 'tutorial_dag' retrieved from /home/airflow/.local/lib/python3.8/site-packages/airflow/example_dags/tutorial_dag.py
[2024-03-13T07:02:45.042+0000] {logging_mixin.py:188} INFO - [2024-03-13T07:02:45.042+0000] {dag.py:3047} INFO - Sync 1 DAGs
[2024-03-13T07:02:45.050+0000] {logging_mixin.py:188} INFO - [2024-03-13T07:02:45.050+0000] {dag.py:3834} INFO - Setting next_dagrun for tutorial_dag to None, run_after=None
[2024-03-13T07:02:45.067+0000] {processor.py:183} INFO - Processing /home/airflow/.local/lib/python3.8/site-packages/airflow/example_dags/tutorial_dag.py took 0.111 seconds
[2024-03-13T07:03:15.749+0000] {processor.py:161} INFO - Started process (PID=188) to work on /home/airflow/.local/lib/python3.8/site-packages/airflow/example_dags/tutorial_dag.py
[2024-03-13T07:03:15.750+0000] {processor.py:830} INFO - Processing file /home/airflow/.local/lib/python3.8/site-packages/airflow/example_dags/tutorial_dag.py for tasks to queue
[2024-03-13T07:03:15.751+0000] {logging_mixin.py:188} INFO - [2024-03-13T07:03:15.751+0000] {dagbag.py:540} INFO - Filling up the DagBag from /home/airflow/.local/lib/python3.8/site-packages/airflow/example_dags/tutorial_dag.py
[2024-03-13T07:03:15.755+0000] {processor.py:840} INFO - DAG(s) 'tutorial_dag' retrieved from /home/airflow/.local/lib/python3.8/site-packages/airflow/example_dags/tutorial_dag.py
[2024-03-13T07:03:15.771+0000] {logging_mixin.py:188} INFO - [2024-03-13T07:03:15.771+0000] {dag.py:3047} INFO - Sync 1 DAGs
[2024-03-13T07:03:15.781+0000] {logging_mixin.py:188} INFO - [2024-03-13T07:03:15.780+0000] {dag.py:3834} INFO - Setting next_dagrun for tutorial_dag to None, run_after=None
[2024-03-13T07:03:15.798+0000] {processor.py:183} INFO - Processing /home/airflow/.local/lib/python3.8/site-packages/airflow/example_dags/tutorial_dag.py took 0.051 seconds
[2024-03-13T07:03:46.024+0000] {processor.py:161} INFO - Started process (PID=244) to work on /home/airflow/.local/lib/python3.8/site-packages/airflow/example_dags/tutorial_dag.py
[2024-03-13T07:03:46.025+0000] {processor.py:830} INFO - Processing file /home/airflow/.local/lib/python3.8/site-packages/airflow/example_dags/tutorial_dag.py for tasks to queue
[2024-03-13T07:03:46.026+0000] {logging_mixin.py:188} INFO - [2024-03-13T07:03:46.026+0000] {dagbag.py:540} INFO - Filling up the DagBag from /home/airflow/.local/lib/python3.8/site-packages/airflow/example_dags/tutorial_dag.py
[2024-03-13T07:03:46.031+0000] {processor.py:840} INFO - DAG(s) 'tutorial_dag' retrieved from /home/airflow/.local/lib/python3.8/site-packages/airflow/example_dags/tutorial_dag.py
[2024-03-13T07:03:46.046+0000] {logging_mixin.py:188} INFO - [2024-03-13T07:03:46.046+0000] {dag.py:3047} INFO - Sync 1 DAGs
[2024-03-13T07:03:46.055+0000] {logging_mixin.py:188} INFO - [2024-03-13T07:03:46.055+0000] {dag.py:3834} INFO - Setting next_dagrun for tutorial_dag to None, run_after=None
[2024-03-13T07:03:46.072+0000] {processor.py:183} INFO - Processing /home/airflow/.local/lib/python3.8/site-packages/airflow/example_dags/tutorial_dag.py took 0.051 seconds
[2024-03-13T07:04:16.652+0000] {processor.py:161} INFO - Started process (PID=300) to work on /home/airflow/.local/lib/python3.8/site-packages/airflow/example_dags/tutorial_dag.py
[2024-03-13T07:04:16.653+0000] {processor.py:830} INFO - Processing file /home/airflow/.local/lib/python3.8/site-packages/airflow/example_dags/tutorial_dag.py for tasks to queue
[2024-03-13T07:04:16.655+0000] {logging_mixin.py:188} INFO - [2024-03-13T07:04:16.654+0000] {dagbag.py:540} INFO - Filling up the DagBag from /home/airflow/.local/lib/python3.8/site-packages/airflow/example_dags/tutorial_dag.py
[2024-03-13T07:04:16.659+0000] {processor.py:840} INFO - DAG(s) 'tutorial_dag' retrieved from /home/airflow/.local/lib/python3.8/site-packages/airflow/example_dags/tutorial_dag.py
[2024-03-13T07:04:16.674+0000] {logging_mixin.py:188} INFO - [2024-03-13T07:04:16.674+0000] {dag.py:3047} INFO - Sync 1 DAGs
[2024-03-13T07:04:16.684+0000] {logging_mixin.py:188} INFO - [2024-03-13T07:04:16.683+0000] {dag.py:3834} INFO - Setting next_dagrun for tutorial_dag to None, run_after=None
[2024-03-13T07:04:16.702+0000] {processor.py:183} INFO - Processing /home/airflow/.local/lib/python3.8/site-packages/airflow/example_dags/tutorial_dag.py took 0.052 seconds
[2024-03-13T07:04:47.050+0000] {processor.py:161} INFO - Started process (PID=356) to work on /home/airflow/.local/lib/python3.8/site-packages/airflow/example_dags/tutorial_dag.py
[2024-03-13T07:04:47.051+0000] {processor.py:830} INFO - Processing file /home/airflow/.local/lib/python3.8/site-packages/airflow/example_dags/tutorial_dag.py for tasks to queue
[2024-03-13T07:04:47.053+0000] {logging_mixin.py:188} INFO - [2024-03-13T07:04:47.052+0000] {dagbag.py:540} INFO - Filling up the DagBag from /home/airflow/.local/lib/python3.8/site-packages/airflow/example_dags/tutorial_dag.py
[2024-03-13T07:04:47.057+0000] {processor.py:840} INFO - DAG(s) 'tutorial_dag' retrieved from /home/airflow/.local/lib/python3.8/site-packages/airflow/example_dags/tutorial_dag.py
[2024-03-13T07:04:47.073+0000] {logging_mixin.py:188} INFO - [2024-03-13T07:04:47.073+0000] {dag.py:3047} INFO - Sync 1 DAGs
[2024-03-13T07:04:47.082+0000] {logging_mixin.py:188} INFO - [2024-03-13T07:04:47.082+0000] {dag.py:3834} INFO - Setting next_dagrun for tutorial_dag to None, run_after=None
[2024-03-13T07:04:47.099+0000] {processor.py:183} INFO - Processing /home/airflow/.local/lib/python3.8/site-packages/airflow/example_dags/tutorial_dag.py took 0.053 seconds
[2024-03-13T07:05:17.519+0000] {processor.py:161} INFO - Started process (PID=412) to work on /home/airflow/.local/lib/python3.8/site-packages/airflow/example_dags/tutorial_dag.py
[2024-03-13T07:05:17.519+0000] {processor.py:830} INFO - Processing file /home/airflow/.local/lib/python3.8/site-packages/airflow/example_dags/tutorial_dag.py for tasks to queue
[2024-03-13T07:05:17.521+0000] {logging_mixin.py:188} INFO - [2024-03-13T07:05:17.521+0000] {dagbag.py:540} INFO - Filling up the DagBag from /home/airflow/.local/lib/python3.8/site-packages/airflow/example_dags/tutorial_dag.py
[2024-03-13T07:05:17.526+0000] {processor.py:840} INFO - DAG(s) 'tutorial_dag' retrieved from /home/airflow/.local/lib/python3.8/site-packages/airflow/example_dags/tutorial_dag.py
[2024-03-13T07:05:17.541+0000] {logging_mixin.py:188} INFO - [2024-03-13T07:05:17.541+0000] {dag.py:3047} INFO - Sync 1 DAGs
[2024-03-13T07:05:17.549+0000] {logging_mixin.py:188} INFO - [2024-03-13T07:05:17.549+0000] {dag.py:3834} INFO - Setting next_dagrun for tutorial_dag to None, run_after=None
[2024-03-13T07:05:17.565+0000] {processor.py:183} INFO - Processing /home/airflow/.local/lib/python3.8/site-packages/airflow/example_dags/tutorial_dag.py took 0.049 seconds
[2024-03-13T07:05:47.622+0000] {processor.py:161} INFO - Started process (PID=468) to work on /home/airflow/.local/lib/python3.8/site-packages/airflow/example_dags/tutorial_dag.py
[2024-03-13T07:05:47.623+0000] {processor.py:830} INFO - Processing file /home/airflow/.local/lib/python3.8/site-packages/airflow/example_dags/tutorial_dag.py for tasks to queue
[2024-03-13T07:05:47.625+0000] {logging_mixin.py:188} INFO - [2024-03-13T07:05:47.625+0000] {dagbag.py:540} INFO - Filling up the DagBag from /home/airflow/.local/lib/python3.8/site-packages/airflow/example_dags/tutorial_dag.py
[2024-03-13T07:05:47.629+0000] {processor.py:840} INFO - DAG(s) 'tutorial_dag' retrieved from /home/airflow/.local/lib/python3.8/site-packages/airflow/example_dags/tutorial_dag.py
[2024-03-13T07:05:47.644+0000] {logging_mixin.py:188} INFO - [2024-03-13T07:05:47.644+0000] {dag.py:3047} INFO - Sync 1 DAGs
[2024-03-13T07:05:47.654+0000] {logging_mixin.py:188} INFO - [2024-03-13T07:05:47.654+0000] {dag.py:3834} INFO - Setting next_dagrun for tutorial_dag to None, run_after=None
[2024-03-13T07:05:47.669+0000] {processor.py:183} INFO - Processing /home/airflow/.local/lib/python3.8/site-packages/airflow/example_dags/tutorial_dag.py took 0.049 seconds
[2024-03-13T07:06:18.182+0000] {processor.py:161} INFO - Started process (PID=524) to work on /home/airflow/.local/lib/python3.8/site-packages/airflow/example_dags/tutorial_dag.py
[2024-03-13T07:06:18.183+0000] {processor.py:830} INFO - Processing file /home/airflow/.local/lib/python3.8/site-packages/airflow/example_dags/tutorial_dag.py for tasks to queue
[2024-03-13T07:06:18.184+0000] {logging_mixin.py:188} INFO - [2024-03-13T07:06:18.184+0000] {dagbag.py:540} INFO - Filling up the DagBag from /home/airflow/.local/lib/python3.8/site-packages/airflow/example_dags/tutorial_dag.py
[2024-03-13T07:06:18.188+0000] {processor.py:840} INFO - DAG(s) 'tutorial_dag' retrieved from /home/airflow/.local/lib/python3.8/site-packages/airflow/example_dags/tutorial_dag.py
[2024-03-13T07:06:18.203+0000] {logging_mixin.py:188} INFO - [2024-03-13T07:06:18.203+0000] {dag.py:3047} INFO - Sync 1 DAGs
[2024-03-13T07:06:18.212+0000] {logging_mixin.py:188} INFO - [2024-03-13T07:06:18.212+0000] {dag.py:3834} INFO - Setting next_dagrun for tutorial_dag to None, run_after=None
[2024-03-13T07:06:18.229+0000] {processor.py:183} INFO - Processing /home/airflow/.local/lib/python3.8/site-packages/airflow/example_dags/tutorial_dag.py took 0.050 seconds
[2024-03-13T07:06:48.595+0000] {processor.py:161} INFO - Started process (PID=580) to work on /home/airflow/.local/lib/python3.8/site-packages/airflow/example_dags/tutorial_dag.py
[2024-03-13T07:06:48.596+0000] {processor.py:830} INFO - Processing file /home/airflow/.local/lib/python3.8/site-packages/airflow/example_dags/tutorial_dag.py for tasks to queue
[2024-03-13T07:06:48.598+0000] {logging_mixin.py:188} INFO - [2024-03-13T07:06:48.598+0000] {dagbag.py:540} INFO - Filling up the DagBag from /home/airflow/.local/lib/python3.8/site-packages/airflow/example_dags/tutorial_dag.py
[2024-03-13T07:06:48.602+0000] {processor.py:840} INFO - DAG(s) 'tutorial_dag' retrieved from /home/airflow/.local/lib/python3.8/site-packages/airflow/example_dags/tutorial_dag.py
[2024-03-13T07:06:48.617+0000] {logging_mixin.py:188} INFO - [2024-03-13T07:06:48.617+0000] {dag.py:3047} INFO - Sync 1 DAGs
[2024-03-13T07:06:48.627+0000] {logging_mixin.py:188} INFO - [2024-03-13T07:06:48.627+0000] {dag.py:3834} INFO - Setting next_dagrun for tutorial_dag to None, run_after=None
[2024-03-13T07:06:48.644+0000] {processor.py:183} INFO - Processing /home/airflow/.local/lib/python3.8/site-packages/airflow/example_dags/tutorial_dag.py took 0.051 seconds
[2024-03-13T07:09:30.792+0000] {processor.py:161} INFO - Started process (PID=76) to work on /home/airflow/.local/lib/python3.8/site-packages/airflow/example_dags/tutorial_dag.py
[2024-03-13T07:09:30.794+0000] {processor.py:830} INFO - Processing file /home/airflow/.local/lib/python3.8/site-packages/airflow/example_dags/tutorial_dag.py for tasks to queue
[2024-03-13T07:09:30.795+0000] {logging_mixin.py:188} INFO - [2024-03-13T07:09:30.795+0000] {dagbag.py:540} INFO - Filling up the DagBag from /home/airflow/.local/lib/python3.8/site-packages/airflow/example_dags/tutorial_dag.py
[2024-03-13T07:09:30.801+0000] {processor.py:840} INFO - DAG(s) 'tutorial_dag' retrieved from /home/airflow/.local/lib/python3.8/site-packages/airflow/example_dags/tutorial_dag.py
[2024-03-13T07:09:30.811+0000] {logging_mixin.py:188} INFO - [2024-03-13T07:09:30.810+0000] {dag.py:3047} INFO - Sync 1 DAGs
[2024-03-13T07:09:30.822+0000] {logging_mixin.py:188} INFO - [2024-03-13T07:09:30.822+0000] {dag.py:3834} INFO - Setting next_dagrun for tutorial_dag to None, run_after=None
[2024-03-13T07:09:30.840+0000] {processor.py:183} INFO - Processing /home/airflow/.local/lib/python3.8/site-packages/airflow/example_dags/tutorial_dag.py took 0.051 seconds
[2024-03-13T07:10:02.055+0000] {processor.py:161} INFO - Started process (PID=132) to work on /home/airflow/.local/lib/python3.8/site-packages/airflow/example_dags/tutorial_dag.py
[2024-03-13T07:10:02.056+0000] {processor.py:830} INFO - Processing file /home/airflow/.local/lib/python3.8/site-packages/airflow/example_dags/tutorial_dag.py for tasks to queue
[2024-03-13T07:10:02.058+0000] {logging_mixin.py:188} INFO - [2024-03-13T07:10:02.057+0000] {dagbag.py:540} INFO - Filling up the DagBag from /home/airflow/.local/lib/python3.8/site-packages/airflow/example_dags/tutorial_dag.py
[2024-03-13T07:10:02.062+0000] {processor.py:840} INFO - DAG(s) 'tutorial_dag' retrieved from /home/airflow/.local/lib/python3.8/site-packages/airflow/example_dags/tutorial_dag.py
[2024-03-13T07:10:02.131+0000] {logging_mixin.py:188} INFO - [2024-03-13T07:10:02.131+0000] {dag.py:3047} INFO - Sync 1 DAGs
[2024-03-13T07:10:02.140+0000] {logging_mixin.py:188} INFO - [2024-03-13T07:10:02.139+0000] {dag.py:3834} INFO - Setting next_dagrun for tutorial_dag to None, run_after=None
[2024-03-13T07:10:02.157+0000] {processor.py:183} INFO - Processing /home/airflow/.local/lib/python3.8/site-packages/airflow/example_dags/tutorial_dag.py took 0.104 seconds
[2024-03-13T07:10:33.093+0000] {processor.py:161} INFO - Started process (PID=188) to work on /home/airflow/.local/lib/python3.8/site-packages/airflow/example_dags/tutorial_dag.py
[2024-03-13T07:10:33.094+0000] {processor.py:830} INFO - Processing file /home/airflow/.local/lib/python3.8/site-packages/airflow/example_dags/tutorial_dag.py for tasks to queue
[2024-03-13T07:10:33.095+0000] {logging_mixin.py:188} INFO - [2024-03-13T07:10:33.095+0000] {dagbag.py:540} INFO - Filling up the DagBag from /home/airflow/.local/lib/python3.8/site-packages/airflow/example_dags/tutorial_dag.py
[2024-03-13T07:10:33.100+0000] {processor.py:840} INFO - DAG(s) 'tutorial_dag' retrieved from /home/airflow/.local/lib/python3.8/site-packages/airflow/example_dags/tutorial_dag.py
[2024-03-13T07:10:33.116+0000] {logging_mixin.py:188} INFO - [2024-03-13T07:10:33.116+0000] {dag.py:3047} INFO - Sync 1 DAGs
[2024-03-13T07:10:33.126+0000] {logging_mixin.py:188} INFO - [2024-03-13T07:10:33.126+0000] {dag.py:3834} INFO - Setting next_dagrun for tutorial_dag to None, run_after=None
[2024-03-13T07:10:33.145+0000] {processor.py:183} INFO - Processing /home/airflow/.local/lib/python3.8/site-packages/airflow/example_dags/tutorial_dag.py took 0.054 seconds
[2024-03-13T07:11:03.453+0000] {processor.py:161} INFO - Started process (PID=244) to work on /home/airflow/.local/lib/python3.8/site-packages/airflow/example_dags/tutorial_dag.py
[2024-03-13T07:11:03.455+0000] {processor.py:830} INFO - Processing file /home/airflow/.local/lib/python3.8/site-packages/airflow/example_dags/tutorial_dag.py for tasks to queue
[2024-03-13T07:11:03.457+0000] {logging_mixin.py:188} INFO - [2024-03-13T07:11:03.456+0000] {dagbag.py:540} INFO - Filling up the DagBag from /home/airflow/.local/lib/python3.8/site-packages/airflow/example_dags/tutorial_dag.py
[2024-03-13T07:11:03.460+0000] {processor.py:840} INFO - DAG(s) 'tutorial_dag' retrieved from /home/airflow/.local/lib/python3.8/site-packages/airflow/example_dags/tutorial_dag.py
[2024-03-13T07:11:03.475+0000] {logging_mixin.py:188} INFO - [2024-03-13T07:11:03.475+0000] {dag.py:3047} INFO - Sync 1 DAGs
[2024-03-13T07:11:03.485+0000] {logging_mixin.py:188} INFO - [2024-03-13T07:11:03.485+0000] {dag.py:3834} INFO - Setting next_dagrun for tutorial_dag to None, run_after=None
[2024-03-13T07:11:03.503+0000] {processor.py:183} INFO - Processing /home/airflow/.local/lib/python3.8/site-packages/airflow/example_dags/tutorial_dag.py took 0.052 seconds
[2024-03-13T07:11:33.764+0000] {processor.py:161} INFO - Started process (PID=301) to work on /home/airflow/.local/lib/python3.8/site-packages/airflow/example_dags/tutorial_dag.py
[2024-03-13T07:11:33.765+0000] {processor.py:830} INFO - Processing file /home/airflow/.local/lib/python3.8/site-packages/airflow/example_dags/tutorial_dag.py for tasks to queue
[2024-03-13T07:11:33.767+0000] {logging_mixin.py:188} INFO - [2024-03-13T07:11:33.767+0000] {dagbag.py:540} INFO - Filling up the DagBag from /home/airflow/.local/lib/python3.8/site-packages/airflow/example_dags/tutorial_dag.py
[2024-03-13T07:11:33.772+0000] {processor.py:840} INFO - DAG(s) 'tutorial_dag' retrieved from /home/airflow/.local/lib/python3.8/site-packages/airflow/example_dags/tutorial_dag.py
[2024-03-13T07:11:33.790+0000] {logging_mixin.py:188} INFO - [2024-03-13T07:11:33.789+0000] {dag.py:3047} INFO - Sync 1 DAGs
[2024-03-13T07:11:33.799+0000] {logging_mixin.py:188} INFO - [2024-03-13T07:11:33.799+0000] {dag.py:3834} INFO - Setting next_dagrun for tutorial_dag to None, run_after=None
[2024-03-13T07:11:33.820+0000] {processor.py:183} INFO - Processing /home/airflow/.local/lib/python3.8/site-packages/airflow/example_dags/tutorial_dag.py took 0.058 seconds
